2025-11-29 11:17:02,528 : INFO : root : Loading config.
2025-11-29 11:17:02,529 : INFO : YamlMultifileConfigLoader : Machine config file #1: config.yaml
2025-11-29 11:17:02,529 : INFO : ConfigProcessor : Loading config from cache: /var/folders/k0/j_dpx55x4kndbs36pl2nt9l00000gn/T/92f7f295141fbdde09e201e7fd0f1349.mpf_cache
2025-11-29 11:17:02,555 : INFO : ConfigProcessor : Loading config from cache: /var/folders/k0/j_dpx55x4kndbs36pl2nt9l00000gn/T/7b77bdcd1da4c54cc720d492bab55a0d.mpf_cache
2025-11-29 11:17:02,555 : INFO : ConfigProcessor : Loading config from cache: /var/folders/k0/j_dpx55x4kndbs36pl2nt9l00000gn/T/501e18c1625d42f1ba9bf53b020c49c5.mpf_cache
2025-11-29 11:17:02,556 : INFO : ConfigProcessor : Loading config from cache: /var/folders/k0/j_dpx55x4kndbs36pl2nt9l00000gn/T/7b77bdcd1da4c54cc720d492bab55a0d.mpf_cache
2025-11-29 11:17:02,556 : INFO : ConfigProcessor : Loading config from cache: /var/folders/k0/j_dpx55x4kndbs36pl2nt9l00000gn/T/dda6f4da00898f9f0a4796a41d9a2ef0.mpf_cache
2025-11-29 11:17:02,557 : INFO : ConfigProcessor : Loading config from cache: /var/folders/k0/j_dpx55x4kndbs36pl2nt9l00000gn/T/522fc819f659907ecbd91e12554f307a.mpf_cache
2025-11-29 11:17:02,557 : INFO : ConfigProcessor : Loading config from cache: /var/folders/k0/j_dpx55x4kndbs36pl2nt9l00000gn/T/05e9cee2d62266bbcd3eb3df28f11ba0.mpf_cache
2025-11-29 11:17:02,557 : INFO : ConfigProcessor : Loading config from cache: /var/folders/k0/j_dpx55x4kndbs36pl2nt9l00000gn/T/a751b7622f38b4d73d2da25b66d734b1.mpf_cache
2025-11-29 11:17:02,558 : INFO : ConfigProcessor : Loading config from cache: /var/folders/k0/j_dpx55x4kndbs36pl2nt9l00000gn/T/515d12d22bfc89771946156b9f4733e7.mpf_cache
2025-11-29 11:17:02,558 : INFO : ConfigProcessor : Loading config from cache: /var/folders/k0/j_dpx55x4kndbs36pl2nt9l00000gn/T/3db5df4db04e3e0d951f803bb6fa84e6.mpf_cache
2025-11-29 11:17:02,559 : INFO : ConfigProcessor : Loading config from cache: /var/folders/k0/j_dpx55x4kndbs36pl2nt9l00000gn/T/3572cafb19834c572118c1dfbec55588.mpf_cache
2025-11-29 11:17:02,559 : INFO : ConfigProcessor : Loading config from cache: /var/folders/k0/j_dpx55x4kndbs36pl2nt9l00000gn/T/39b20d9bce0c2f44f75a85f57a0d45f4.mpf_cache
2025-11-29 11:17:02,559 : INFO : ConfigProcessor : Loading config from cache: /var/folders/k0/j_dpx55x4kndbs36pl2nt9l00000gn/T/189edcb2679eb1788c8ca3be3e29f2f1.mpf_cache
2025-11-29 11:17:02,559 : INFO : ConfigProcessor : Loading config from cache: /var/folders/k0/j_dpx55x4kndbs36pl2nt9l00000gn/T/f00019ffccce993d2850c9d82b9dc44e.mpf_cache
2025-11-29 11:17:02,559 : INFO : ConfigProcessor : Loading config from cache: /var/folders/k0/j_dpx55x4kndbs36pl2nt9l00000gn/T/14560612c17bb039b05632d29f192033.mpf_cache
2025-11-29 11:17:02,560 : INFO : ConfigProcessor : Loading config from cache: /var/folders/k0/j_dpx55x4kndbs36pl2nt9l00000gn/T/1b88d79160cc8850354d058f9a270569.mpf_cache
2025-11-29 11:17:02,560 : INFO : ConfigProcessor : Loading config from cache: /var/folders/k0/j_dpx55x4kndbs36pl2nt9l00000gn/T/db143814423fb474166c86cac053d40c.mpf_cache
2025-11-29 11:17:02,561 : INFO : ConfigProcessor : Loading config from cache: /var/folders/k0/j_dpx55x4kndbs36pl2nt9l00000gn/T/77ecd758607ea296c19f456a8642983d.mpf_cache
2025-11-29 11:17:02,561 : INFO : ConfigProcessor : Loading config from cache: /var/folders/k0/j_dpx55x4kndbs36pl2nt9l00000gn/T/7c3641fae2b7003d26f031771405f733.mpf_cache
2025-11-29 11:17:02,561 : INFO : ConfigProcessor : Loading config from cache: /var/folders/k0/j_dpx55x4kndbs36pl2nt9l00000gn/T/fb7f263f29c0f8af46e6dfce6099ce86.mpf_cache
2025-11-29 11:17:02,561 : INFO : Machine : Mission Pinball Framework Core Engine v0.80.0.dev11
2025-11-29 11:17:02,561 : INFO : Machine : Command line arguments: {'no_load_cache': False, 'create_config_cache': True, 'bcp': True, 'configfile': ['config.yaml'], 'force_assets_load': False, 'platform_integration_test': False, 'jsonlogging': False, 'logfile': 'logs/2025-11-29-11-17-02-mpf-Mac.lan.log', 'pause': False, 'production': False, 'text_ui': True, 'loglevel': 15, 'consoleloglevel': 20, 'force_platform': 'smart_virtual', 'syslog_address': None, 'full_logfile_path': '/Users/samhughes/Desktop/Hollow-Knight-Pinball/logs/2025-11-29-11-17-02-mpf-Mac.lan.log'}
2025-11-29 11:17:02,561 : INFO : Machine : MPF path: /Users/samhughes/mpf/lib/python3.13/site-packages/mpf
2025-11-29 11:17:02,561 : INFO : Machine : Machine path: /Users/samhughes/Desktop/Hollow-Knight-Pinball
2025-11-29 11:17:02,561 : INFO : Machine : Platform: darwin
2025-11-29 11:17:02,561 : INFO : Machine : Python executable location: /Users/samhughes/mpf/bin/python3.13
2025-11-29 11:17:02,561 : INFO : Machine : Python version: 3.13.2 (64-bit)
2025-11-29 11:17:02,561 : INFO : Machine : Initializing MPF...
2025-11-29 11:17:02,588 : INFO : EventManager : Event: ======'machine_var_credits_string'====== Args={'value': 'FREE PLAY', 'prev_value': None, 'change': True}
2025-11-29 11:17:02,593 : INFO : EventManager : Event: ======'machine_var_master_volume'====== Args={'value': 0.5, 'prev_value': None, 'change': True}
2025-11-29 11:17:02,593 : INFO : EventManager : Event: ======'machine_var_player1_score'====== Args={'value': 81940, 'prev_value': None, 'change': True}
2025-11-29 11:17:02,593 : INFO : EventManager : Event: ======'machine_var_mpf_version'====== Args={'value': 'Mission Pinball Framework v0.80.0.dev11', 'prev_value': None, 'change': True}
2025-11-29 11:17:02,593 : INFO : EventManager : Event: ======'machine_var_mpf_extended_version'====== Args={'value': 'Mission Pinball Framework v0.80.0.dev11, Config version:6, Show version: 6, BCP version:1.1', 'prev_value': None, 'change': True}
2025-11-29 11:17:02,594 : INFO : EventManager : Event: ======'machine_var_python_version'====== Args={'value': '3.13.2', 'prev_value': None, 'change': True}
2025-11-29 11:17:02,600 : INFO : EventManager : Event: ======'machine_var_platform'====== Args={'value': 'macOS-15.6.1-arm64-arm-64bit-Mach-O', 'prev_value': None, 'change': True}
2025-11-29 11:17:02,600 : INFO : EventManager : Event: ======'machine_var_platform_system'====== Args={'value': 'Darwin', 'prev_value': None, 'change': True}
2025-11-29 11:17:02,600 : INFO : EventManager : Event: ======'machine_var_platform_release'====== Args={'value': '24.6.0', 'prev_value': None, 'change': True}
2025-11-29 11:17:02,600 : INFO : EventManager : Event: ======'machine_var_platform_version'====== Args={'value': 'Darwin Kernel Version 24.6.0: Mon Jul 14 11:29:54 PDT 2025; root:xnu-11417.140.69~1/RELEASE_ARM64_T8122', 'prev_value': None, 'change': True}
2025-11-29 11:17:02,600 : INFO : EventManager : Event: ======'machine_var_platform_machine'====== Args={'value': 'arm64', 'prev_value': None, 'change': True}
2025-11-29 11:17:02,600 : INFO : EventManager : Event: ======'machine_var_log_file_path'====== Args={'value': '/Users/samhughes/Desktop/Hollow-Knight-Pinball/logs/2025-11-29-11-17-02-mpf-Mac.lan.log', 'prev_value': None, 'change': True}
2025-11-29 11:17:02,600 : INFO : EventManager : Event: ======'init_phase_1'====== Args={}
2025-11-29 11:17:02,608 : INFO : EventManager : Event: ======'init_phase_2'====== Args={}
2025-11-29 11:17:02,608 : INFO : SwitchController : Found active switch: (1002, <Platform.SmartVirtual>) <switch.s_trough_1>
2025-11-29 11:17:02,608 : INFO : SwitchController : Found active switch: (1003, <Platform.SmartVirtual>) <switch.s_trough_2>
2025-11-29 11:17:02,608 : INFO : SwitchController : Found active switch: (1004, <Platform.SmartVirtual>) <switch.s_trough_3>
2025-11-29 11:17:02,610 : INFO : EventManager : Event: ======'bcp_connection_attempt'====== Args={'name': 'local_display', 'host': 'localhost', 'port': 5050}
2025-11-29 11:17:02,610 : INFO : BCPClientSocket : Connecting BCP to 'local_display' at localhost:5050...
2025-11-29 11:17:13,908 : INFO : BCPClientSocket : Connected BCP to 'local_display' localhost:5050
2025-11-29 11:17:13,909 : INFO : EventManager : Event: ======'bcp_clients_connected'====== Args={}
2025-11-29 11:17:13,911 : INFO : ball_device.bd_trough : BCH: Initial count: 3
2025-11-29 11:17:13,911 : INFO : ball_device.bd_trough : State: idle
2025-11-29 11:17:13,912 : INFO : ball_device.bd_plunger : BCH: Initial count: 0
2025-11-29 11:17:13,912 : INFO : ball_device.bd_plunger : State: idle
2025-11-29 11:17:13,932 : INFO : EventManager : Event: ======'init_phase_3'====== Args={}
2025-11-29 11:17:13,934 : INFO : EventManager : Event: ======'init_phase_4'====== Args={}
2025-11-29 11:17:13,934 : INFO : BallController : Initial balls found: 3
2025-11-29 11:17:13,935 : INFO : EventManager : Event: ======'machine_var_audits_events_game_ended'====== Args={'value': 6, 'prev_value': None, 'change': True}
2025-11-29 11:17:13,935 : INFO : EventManager : Event: ======'machine_var_audits_events_game_started'====== Args={'value': 140, 'prev_value': None, 'change': True}
2025-11-29 11:17:13,935 : INFO : EventManager : Event: ======'machine_var_audits_missing_switches_s_back_left_target'====== Args={'value': 12, 'prev_value': None, 'change': True}
2025-11-29 11:17:13,935 : INFO : EventManager : Event: ======'machine_var_audits_missing_switches_s_back_middle_left_target'====== Args={'value': 102, 'prev_value': None, 'change': True}
2025-11-29 11:17:13,935 : INFO : EventManager : Event: ======'machine_var_audits_missing_switches_s_back_middle_right_target'====== Args={'value': 101, 'prev_value': None, 'change': True}
2025-11-29 11:17:13,935 : INFO : EventManager : Event: ======'machine_var_audits_missing_switches_s_back_right_target'====== Args={'value': 102, 'prev_value': None, 'change': True}
2025-11-29 11:17:13,935 : INFO : EventManager : Event: ======'machine_var_audits_missing_switches_s_bottom_left_slingshot'====== Args={'value': 97, 'prev_value': None, 'change': True}
2025-11-29 11:17:13,935 : INFO : EventManager : Event: ======'machine_var_audits_missing_switches_s_bottom_right_slingshot'====== Args={'value': 99, 'prev_value': None, 'change': True}
2025-11-29 11:17:13,935 : INFO : EventManager : Event: ======'machine_var_audits_missing_switches_s_front_left_target'====== Args={'value': 109, 'prev_value': None, 'change': True}
2025-11-29 11:17:13,935 : INFO : EventManager : Event: ======'machine_var_audits_missing_switches_s_front_middle_target'====== Args={'value': 12, 'prev_value': None, 'change': True}
2025-11-29 11:17:13,935 : INFO : EventManager : Event: ======'machine_var_audits_missing_switches_s_front_right_target'====== Args={'value': 109, 'prev_value': None, 'change': True}
2025-11-29 11:17:13,935 : INFO : EventManager : Event: ======'machine_var_audits_missing_switches_s_lane_to_pop'====== Args={'value': 39, 'prev_value': None, 'change': True}
2025-11-29 11:17:13,935 : INFO : EventManager : Event: ======'machine_var_audits_missing_switches_s_left_inlane'====== Args={'value': 97, 'prev_value': None, 'change': True}
2025-11-29 11:17:13,935 : INFO : EventManager : Event: ======'machine_var_audits_missing_switches_s_left_orbit'====== Args={'value': 12, 'prev_value': None, 'change': True}
2025-11-29 11:17:13,935 : INFO : EventManager : Event: ======'machine_var_audits_missing_switches_s_left_outlane'====== Args={'value': 109, 'prev_value': None, 'change': True}
2025-11-29 11:17:13,936 : INFO : EventManager : Event: ======'machine_var_audits_missing_switches_s_pop_bumper'====== Args={'value': 97, 'prev_value': None, 'change': True}
2025-11-29 11:17:13,936 : INFO : EventManager : Event: ======'machine_var_audits_missing_switches_s_ramp'====== Args={'value': 14, 'prev_value': None, 'change': True}
2025-11-29 11:17:13,936 : INFO : EventManager : Event: ======'machine_var_audits_missing_switches_s_right_inlane'====== Args={'value': 61, 'prev_value': None, 'change': True}
2025-11-29 11:17:13,936 : INFO : EventManager : Event: ======'machine_var_audits_missing_switches_s_right_orbit'====== Args={'value': 12, 'prev_value': None, 'change': True}
2025-11-29 11:17:13,936 : INFO : EventManager : Event: ======'machine_var_audits_missing_switches_s_right_outlane'====== Args={'value': 109, 'prev_value': None, 'change': True}
2025-11-29 11:17:13,936 : INFO : EventManager : Event: ======'machine_var_audits_missing_switches_s_saucer'====== Args={'value': 12, 'prev_value': None, 'change': True}
2025-11-29 11:17:13,936 : INFO : EventManager : Event: ======'machine_var_audits_missing_switches_s_start'====== Args={'value': 8, 'prev_value': None, 'change': True}
2025-11-29 11:17:13,936 : INFO : EventManager : Event: ======'machine_var_audits_missing_switches_s_top_left_slingshot'====== Args={'value': 95, 'prev_value': None, 'change': True}
2025-11-29 11:17:13,936 : INFO : EventManager : Event: ======'machine_var_audits_missing_switches_s_top_right_slingshot'====== Args={'value': 97, 'prev_value': None, 'change': True}
2025-11-29 11:17:13,936 : INFO : EventManager : Event: ======'machine_var_audits_missing_switches_s_trough_1'====== Args={'value': 103, 'prev_value': None, 'change': True}
2025-11-29 11:17:13,936 : INFO : EventManager : Event: ======'machine_var_audits_missing_switches_s_trough_2'====== Args={'value': 127, 'prev_value': None, 'change': True}
2025-11-29 11:17:13,936 : INFO : EventManager : Event: ======'machine_var_audits_missing_switches_s_trough_3'====== Args={'value': 125, 'prev_value': None, 'change': True}
2025-11-29 11:17:13,936 : INFO : EventManager : Event: ======'machine_var_audits_player_score'====== Args={'value': {'average': 36284, 'top': [173500, 81940, 45000, 15000, 15000, 15000, 15000, 15000, 15000, 15000], 'total': 12}, 'prev_value': None, 'change': True}
2025-11-29 11:17:13,936 : INFO : EventManager : Event: ======'machine_var_audits_shots_back_left_target'====== Args={'value': 7, 'prev_value': None, 'change': True}
2025-11-29 11:17:13,936 : INFO : EventManager : Event: ======'machine_var_audits_shots_back_middle_right_target'====== Args={'value': 4, 'prev_value': None, 'change': True}
2025-11-29 11:17:13,936 : INFO : EventManager : Event: ======'machine_var_audits_shots_back_right_target'====== Args={'value': 2, 'prev_value': None, 'change': True}
2025-11-29 11:17:13,936 : INFO : EventManager : Event: ======'machine_var_audits_shots_bakc_middle_left_target'====== Args={'value': 3, 'prev_value': None, 'change': True}
2025-11-29 11:17:13,936 : INFO : EventManager : Event: ======'machine_var_audits_shots_bottom_left_slingshot'====== Args={'value': 1, 'prev_value': None, 'change': True}
2025-11-29 11:17:13,936 : INFO : EventManager : Event: ======'machine_var_audits_shots_front_left_target'====== Args={'value': 6, 'prev_value': None, 'change': True}
2025-11-29 11:17:13,936 : INFO : EventManager : Event: ======'machine_var_audits_shots_front_middle_target'====== Args={'value': 8, 'prev_value': None, 'change': True}
2025-11-29 11:17:13,936 : INFO : EventManager : Event: ======'machine_var_audits_shots_front_right_target'====== Args={'value': 6, 'prev_value': None, 'change': True}
2025-11-29 11:17:13,936 : INFO : EventManager : Event: ======'machine_var_audits_shots_lane_to_pop'====== Args={'value': 89, 'prev_value': None, 'change': True}
2025-11-29 11:17:13,936 : INFO : EventManager : Event: ======'machine_var_audits_shots_left_inlane'====== Args={'value': 7, 'prev_value': None, 'change': True}
2025-11-29 11:17:13,936 : INFO : EventManager : Event: ======'machine_var_audits_shots_left_orbit'====== Args={'value': 118, 'prev_value': None, 'change': True}
2025-11-29 11:17:13,936 : INFO : EventManager : Event: ======'machine_var_audits_shots_left_orbit_travel_dirtmouth_to_frogotten_crossroads'====== Args={'value': 31, 'prev_value': None, 'change': True}
2025-11-29 11:17:13,936 : INFO : EventManager : Event: ======'machine_var_audits_shots_left_outlane'====== Args={'value': 5, 'prev_value': None, 'change': True}
2025-11-29 11:17:13,936 : INFO : EventManager : Event: ======'machine_var_audits_shots_pop_bumper'====== Args={'value': 23, 'prev_value': None, 'change': True}
2025-11-29 11:17:13,936 : INFO : EventManager : Event: ======'machine_var_audits_shots_ramp'====== Args={'value': 77, 'prev_value': None, 'change': True}
2025-11-29 11:17:13,936 : INFO : EventManager : Event: ======'machine_var_audits_shots_ramp_travel_dirtmouth_to_frogotten_crossroads'====== Args={'value': 7, 'prev_value': None, 'change': True}
2025-11-29 11:17:13,936 : INFO : EventManager : Event: ======'machine_var_audits_shots_right_inlane'====== Args={'value': 14, 'prev_value': None, 'change': True}
2025-11-29 11:17:13,936 : INFO : EventManager : Event: ======'machine_var_audits_shots_right_orbit'====== Args={'value': 258, 'prev_value': None, 'change': True}
2025-11-29 11:17:13,936 : INFO : EventManager : Event: ======'machine_var_audits_shots_right_orbit_travel_dirtmouth_to_frogotten_crossroads'====== Args={'value': 38, 'prev_value': None, 'change': True}
2025-11-29 11:17:13,936 : INFO : EventManager : Event: ======'machine_var_audits_shots_right_outlane'====== Args={'value': 12, 'prev_value': None, 'change': True}
2025-11-29 11:17:13,936 : INFO : EventManager : Event: ======'machine_var_audits_shots_saucer'====== Args={'value': 33, 'prev_value': None, 'change': True}
2025-11-29 11:17:13,936 : INFO : EventManager : Event: ======'machine_var_audits_shots_saucer_dirtmouth'====== Args={'value': 18, 'prev_value': None, 'change': True}
2025-11-29 11:17:13,936 : INFO : EventManager : Event: ======'machine_var_audits_shots_top_left_slingshot'====== Args={'value': 1, 'prev_value': None, 'change': True}
2025-11-29 11:17:13,936 : INFO : EventManager : Event: ======'machine_var_audits_shots_top_right_slingshot'====== Args={'value': 6, 'prev_value': None, 'change': True}
2025-11-29 11:17:13,936 : INFO : EventManager : Event: ======'machine_var_audits_shots_vuk'====== Args={'value': 245, 'prev_value': None, 'change': True}
2025-11-29 11:17:13,936 : INFO : EventManager : Event: ======'machine_var_audits_shots_vuk_dirtmouth'====== Args={'value': 165, 'prev_value': None, 'change': True}
2025-11-29 11:17:13,936 : INFO : EventManager : Event: ======'machine_var_audits_switches_s_back_left_target'====== Args={'value': 7, 'prev_value': None, 'change': True}
2025-11-29 11:17:13,936 : INFO : EventManager : Event: ======'machine_var_audits_switches_s_back_middle_left_target'====== Args={'value': 4, 'prev_value': None, 'change': True}
2025-11-29 11:17:13,936 : INFO : EventManager : Event: ======'machine_var_audits_switches_s_back_middle_right_target'====== Args={'value': 5, 'prev_value': None, 'change': True}
2025-11-29 11:17:13,936 : INFO : EventManager : Event: ======'machine_var_audits_switches_s_back_right_target'====== Args={'value': 3, 'prev_value': None, 'change': True}
2025-11-29 11:17:13,936 : INFO : EventManager : Event: ======'machine_var_audits_switches_s_bottom_left_slingshot'====== Args={'value': 27, 'prev_value': None, 'change': True}
2025-11-29 11:17:13,936 : INFO : EventManager : Event: ======'machine_var_audits_switches_s_bottom_right_slingshot'====== Args={'value': 26, 'prev_value': None, 'change': True}
2025-11-29 11:17:13,936 : INFO : EventManager : Event: ======'machine_var_audits_switches_s_front_left_target'====== Args={'value': 6, 'prev_value': None, 'change': True}
2025-11-29 11:17:13,936 : INFO : EventManager : Event: ======'machine_var_audits_switches_s_front_middle_target'====== Args={'value': 9, 'prev_value': None, 'change': True}
2025-11-29 11:17:13,936 : INFO : EventManager : Event: ======'machine_var_audits_switches_s_front_right_target'====== Args={'value': 7, 'prev_value': None, 'change': True}
2025-11-29 11:17:13,936 : INFO : EventManager : Event: ======'machine_var_audits_switches_s_lane_to_pop'====== Args={'value': 91, 'prev_value': None, 'change': True}
2025-11-29 11:17:13,936 : INFO : EventManager : Event: ======'machine_var_audits_switches_s_left_flipper'====== Args={'value': 74, 'prev_value': None, 'change': True}
2025-11-29 11:17:13,936 : INFO : EventManager : Event: ======'machine_var_audits_switches_s_left_inlane'====== Args={'value': 8, 'prev_value': None, 'change': True}
2025-11-29 11:17:13,936 : INFO : EventManager : Event: ======'machine_var_audits_switches_s_left_orbit'====== Args={'value': 120, 'prev_value': None, 'change': True}
2025-11-29 11:17:13,936 : INFO : EventManager : Event: ======'machine_var_audits_switches_s_left_outlane'====== Args={'value': 6, 'prev_value': None, 'change': True}
2025-11-29 11:17:13,936 : INFO : EventManager : Event: ======'machine_var_audits_switches_s_plunger_lane'====== Args={'value': 317, 'prev_value': None, 'change': True}
2025-11-29 11:17:13,936 : INFO : EventManager : Event: ======'machine_var_audits_switches_s_pop_bumper'====== Args={'value': 23, 'prev_value': None, 'change': True}
2025-11-29 11:17:13,936 : INFO : EventManager : Event: ======'machine_var_audits_switches_s_ramp'====== Args={'value': 79, 'prev_value': None, 'change': True}
2025-11-29 11:17:13,937 : INFO : EventManager : Event: ======'machine_var_audits_switches_s_right_flipper'====== Args={'value': 88, 'prev_value': None, 'change': True}
2025-11-29 11:17:13,937 : INFO : EventManager : Event: ======'machine_var_audits_switches_s_right_inlane'====== Args={'value': 15, 'prev_value': None, 'change': True}
2025-11-29 11:17:13,937 : INFO : EventManager : Event: ======'machine_var_audits_switches_s_right_orbit'====== Args={'value': 292, 'prev_value': None, 'change': True}
2025-11-29 11:17:13,937 : INFO : EventManager : Event: ======'machine_var_audits_switches_s_right_outlane'====== Args={'value': 13, 'prev_value': None, 'change': True}
2025-11-29 11:17:13,937 : INFO : EventManager : Event: ======'machine_var_audits_switches_s_saucer'====== Args={'value': 40, 'prev_value': None, 'change': True}
2025-11-29 11:17:13,937 : INFO : EventManager : Event: ======'machine_var_audits_switches_s_start'====== Args={'value': 57, 'prev_value': None, 'change': True}
2025-11-29 11:17:13,937 : INFO : EventManager : Event: ======'machine_var_audits_switches_s_top_left_slingshot'====== Args={'value': 22, 'prev_value': None, 'change': True}
2025-11-29 11:17:13,937 : INFO : EventManager : Event: ======'machine_var_audits_switches_s_top_right_slingshot'====== Args={'value': 25, 'prev_value': None, 'change': True}
2025-11-29 11:17:13,937 : INFO : EventManager : Event: ======'machine_var_audits_switches_s_trough_1'====== Args={'value': 68, 'prev_value': None, 'change': True}
2025-11-29 11:17:13,937 : INFO : EventManager : Event: ======'machine_var_audits_switches_s_trough_2'====== Args={'value': 9, 'prev_value': None, 'change': True}
2025-11-29 11:17:13,937 : INFO : EventManager : Event: ======'machine_var_audits_switches_s_trough_3'====== Args={'value': 52, 'prev_value': None, 'change': True}
2025-11-29 11:17:13,937 : INFO : EventManager : Event: ======'machine_var_audits_switches_s_vuk'====== Args={'value': 265, 'prev_value': None, 'change': True}
2025-11-29 11:17:13,937 : INFO : EventManager : Event: ======'init_phase_5'====== Args={}
2025-11-29 11:17:13,937 : INFO : EventManager : Event: ======'init_done'====== Args={}
2025-11-29 11:17:13,937 : INFO : EventManager : Event: ======'machine_reset_phase_1'====== Args={}
2025-11-29 11:17:13,950 : INFO : EventManager : Event: ======'machine_reset_phase_2'====== Args={}
2025-11-29 11:17:13,950 : INFO : EventManager : Event: ======'machine_reset_phase_3'====== Args={}
2025-11-29 11:17:13,950 : INFO : EventManager : Event: ======'reset_complete'====== Args={}
2025-11-29 11:17:13,951 : INFO : EventManager : Event: ======'mode_attract_will_start'====== Args={}
2025-11-29 11:17:13,951 : INFO : Timer.attract_carousel_timer : Starting Timer.
2025-11-29 11:17:13,951 : INFO : EventManager : Event: ======'timer_attract_carousel_timer_started'====== Args={'ticks': 0, 'ticks_remaining': 1}
2025-11-29 11:17:13,951 : INFO : EventManager : Event: ======'timer_attract_carousel_timer_tick'====== Args={'ticks': 0, 'ticks_remaining': 1}
2025-11-29 11:17:13,951 : INFO : EventManager : Event: ======'mode_attract_starting'====== Args={}
2025-11-29 11:17:13,951 : INFO : Mode.attract : Started. Priority: 10
2025-11-29 11:17:13,951 : INFO : EventManager : Event: ======'modes_active_modes_changed'====== Args={}
2025-11-29 11:17:13,951 : INFO : EventManager : Event: ======'mode_attract_started'====== Args={}
2025-11-29 11:17:13,952 : INFO : EventManager : Event: ======'collecting_balls_complete'====== Args={}
2025-11-29 11:17:13,952 : INFO : EventManager : Event: ======'carousel_item_highlighted'====== Args={'carousel': 'attract', 'direction': None, 'item': 'title'}
2025-11-29 11:17:13,952 : INFO : Machine : Starting the main run loop with active modes: [<Mode.attract>]
2025-11-29 11:17:14,073 : INFO : EventManager : Event: ======'slide_attract_created'====== Args={'_from_bcp': True}
2025-11-29 11:17:14,074 : INFO : EventManager : Event: ======'slide__removed'====== Args={'_from_bcp': True}
2025-11-29 11:17:14,074 : INFO : EventManager : Event: ======'slide_attract_active'====== Args={'original_context': 'attract', 'original_calling_context': 'mode_attract_started', 'priority': 10.0, 'cmd': 'slides_play', '_from_bcp': True}
2025-11-29 11:17:14,187 : INFO : BcpServer : New client connected.
2025-11-29 11:17:17,989 : INFO : SwitchController : <<<<<<< 's_start' active >>>>>>>
2025-11-29 11:17:18,089 : INFO : SwitchController : <<<<<<< 's_start' inactive >>>>>>>
2025-11-29 11:17:18,089 : INFO : EventManager : Event: ======'request_to_start_game'====== Args={}
2025-11-29 11:17:18,090 : INFO : EventManager : Event: ======'game_start'====== Args={'buttons': [], 'hold_time': 0.09924733300431399}
2025-11-29 11:17:18,090 : INFO : EventManager : Event: ======'mode_game_will_start'====== Args={'buttons': [], 'hold_time': 0.09924733300431399}
2025-11-29 11:17:18,092 : INFO : EventManager : Event: ======'mode_game_starting'====== Args={'buttons': [], 'hold_time': 0.09924733300431399}
2025-11-29 11:17:18,092 : INFO : EventManager : Event: ======'mode_attract_will_stop'====== Args={}
2025-11-29 11:17:18,093 : INFO : EventManager : Event: ======'mode_attract_stopping'====== Args={}
2025-11-29 11:17:18,093 : INFO : Mode.attract : Stopped.
2025-11-29 11:17:18,093 : INFO : EventManager : Event: ======'modes_active_modes_changed'====== Args={}
2025-11-29 11:17:18,094 : INFO : EventManager : Event: ======'mode_attract_stopped'====== Args={}
2025-11-29 11:17:18,095 : INFO : EventManager : Event: ======'clear'====== Args={'key': 'attract'}
2025-11-29 11:17:18,095 : INFO : Timer.attract_carousel_timer : Stopping Timer
2025-11-29 11:17:18,096 : INFO : EventManager : Event: ======'timer_attract_carousel_timer_stopped'====== Args={'ticks': 0, 'ticks_remaining': 1}
2025-11-29 11:17:18,096 : INFO : Mode.game : Started. Priority: 20
2025-11-29 11:17:18,096 : INFO : EventManager : Event: ======'modes_active_modes_changed'====== Args={}
2025-11-29 11:17:18,097 : INFO : EventManager : Event: ======'mode_game_started'====== Args={'buttons': [], 'hold_time': 0.09924733300431399}
2025-11-29 11:17:18,098 : INFO : EventManager : Event: ======'game_will_start'====== Args={}
2025-11-29 11:17:18,098 : INFO : EventManager : Event: ======'game_starting'====== Args={'game': <Mode.game>}
2025-11-29 11:17:18,099 : INFO : EventManager : Unordered handler for class <Auditor> on event game_ended with priority 1. Handlers: [RegisteredHandler(callback=<bound method Auditor.disable of <Auditor>>, priority=1, kwargs={}, key=UUID('0bc60cf1-8c73-4774-b443-6de97b04ba14'), condition=None, blocking_facility=None), RegisteredHandler(callback=<bound method Auditor._save_audits of <Auditor>>, priority=1, kwargs={}, key=UUID('0156476a-5404-4984-907f-dbf38ab21716'), condition=None, blocking_facility=None)]. The order of those handlers is not defined and they will be executed in random order. This might lead to race conditions and potential bugs.
2025-11-29 11:17:18,100 : INFO : EventManager : Event: ======'player_add_request'====== Args={}
2025-11-29 11:17:18,103 : INFO : EventManager : Event: ======'player_will_add'====== Args={'number': 1}
2025-11-29 11:17:18,106 : INFO : EventManager : Event: ======'player_adding'====== Args={'player': <Player 1>, 'number': 1}
2025-11-29 11:17:18,106 : INFO : EventManager : Event: ======'player_added'====== Args={'player': <Player 1>, 'num': 1}
2025-11-29 11:17:18,106 : INFO : Mode.game : Player added successfully. Total players: 1
2025-11-29 11:17:18,107 : INFO : EventManager : Event: ======'player_index'====== Args={'value': 0, 'prev_value': 0, 'change': 0, 'player_num': 1}
2025-11-29 11:17:18,107 : INFO : EventManager : Event: ======'player_number'====== Args={'value': 1, 'prev_value': 1, 'change': 0, 'player_num': 1}
2025-11-29 11:17:18,107 : INFO : EventManager : Event: ======'player_dirtmouth_active'====== Args={'value': 0, 'prev_value': 0, 'change': 0, 'player_num': 1}
2025-11-29 11:17:18,108 : INFO : EventManager : Event: ======'player_mode_active'====== Args={'value': 0, 'prev_value': 0, 'change': 0, 'player_num': 1}
2025-11-29 11:17:18,108 : INFO : EventManager : Event: ======'player_lane_to_pop_active'====== Args={'value': 0, 'prev_value': 0, 'change': 0, 'player_num': 1}
2025-11-29 11:17:18,108 : INFO : EventManager : Event: ======'player_lanes_active'====== Args={'value': 0, 'prev_value': 0, 'change': 0, 'player_num': 1}
2025-11-29 11:17:18,108 : INFO : EventManager : Event: ======'player_left_orbit_active'====== Args={'value': 0, 'prev_value': 0, 'change': 0, 'player_num': 1}
2025-11-29 11:17:18,109 : INFO : EventManager : Event: ======'player_pop_bumper_active'====== Args={'value': 0, 'prev_value': 0, 'change': 0, 'player_num': 1}
2025-11-29 11:17:18,109 : INFO : EventManager : Event: ======'player_ramp_active'====== Args={'value': 0, 'prev_value': 0, 'change': 0, 'player_num': 1}
2025-11-29 11:17:18,109 : INFO : EventManager : Event: ======'player_right_orbit_active'====== Args={'value': 0, 'prev_value': 0, 'change': 0, 'player_num': 1}
2025-11-29 11:17:18,109 : INFO : EventManager : Event: ======'player_saucer_active'====== Args={'value': 0, 'prev_value': 0, 'change': 0, 'player_num': 1}
2025-11-29 11:17:18,109 : INFO : EventManager : Event: ======'player_slingshots_active'====== Args={'value': 0, 'prev_value': 0, 'change': 0, 'player_num': 1}
2025-11-29 11:17:18,110 : INFO : EventManager : Event: ======'player_targets_active'====== Args={'value': 0, 'prev_value': 0, 'change': 0, 'player_num': 1}
2025-11-29 11:17:18,110 : INFO : EventManager : Event: ======'player_vuk_active'====== Args={'value': 0, 'prev_value': 0, 'change': 0, 'player_num': 1}
2025-11-29 11:17:18,110 : INFO : EventManager : Event: ======'player_travel_progress'====== Args={'value': 0, 'prev_value': 0, 'change': 0, 'player_num': 1}
2025-11-29 11:17:18,110 : INFO : EventManager : Event: ======'player_travel_time_remaining_travel_dirtmouth_to_frogotten_crossroads'====== Args={'value': 40.0, 'prev_value': 40.0, 'change': 0, 'player_num': 1}
2025-11-29 11:17:18,110 : INFO : EventManager : Event: ======'player_travel_shots_remaining_travel_dirtmouth_to_frogotten_crossroads'====== Args={'value': 2, 'prev_value': 2, 'change': 0, 'player_num': 1}
2025-11-29 11:17:18,111 : INFO : EventManager : Event: ======'player_frogotten_crossroads_active'====== Args={'value': 0, 'prev_value': 0, 'change': 0, 'player_num': 1}
2025-11-29 11:17:18,111 : INFO : EventManager : Event: ======'player_score'====== Args={'value': 0, 'prev_value': 0, 'change': 0, 'player_num': 1}
2025-11-29 11:17:18,119 : INFO : EventManager : Event: ======'game_started'====== Args={}
2025-11-29 11:17:18,120 : INFO : EventManager : Event: ======'player_turn_will_start'====== Args={'player': <Player 1>, 'number': 1}
2025-11-29 11:17:18,126 : INFO : EventManager : Event: ======'player_turn_starting'====== Args={'player': <Player 1>, 'number': 1}
2025-11-29 11:17:18,128 : INFO : EventManager : Event: ======'player_ball'====== Args={'value': 1, 'prev_value': 0, 'change': 1, 'player_num': 1}
2025-11-29 11:17:18,128 : INFO : EventManager : Event: ======'player_turn_started'====== Args={'player': <Player 1>, 'number': 1}
2025-11-29 11:17:18,129 : INFO : EventManager : Event: ======'ball_will_start'====== Args={'player': 1, 'ball': 1, 'balls_remaining': 2, 'is_extra_ball': False}
2025-11-29 11:17:18,129 : INFO : EventManager : Event: ======'ball_starting'====== Args={'player': 1, 'ball': 1, 'balls_remaining': 2, 'is_extra_ball': False}
2025-11-29 11:17:18,129 : INFO : EventManager : Event: ======'mode_base_will_start'====== Args={'queue': <QueuedEvent>, 'player': 1, 'ball': 1, 'balls_remaining': 2, 'is_extra_ball': False}
2025-11-29 11:17:18,130 : INFO : EventManager : Event: ======'mode_base_starting'====== Args={'queue': <QueuedEvent>, 'player': 1, 'ball': 1, 'balls_remaining': 2, 'is_extra_ball': False}
2025-11-29 11:17:18,130 : INFO : Mode.base : Started. Priority: 100
2025-11-29 11:17:18,130 : INFO : EventManager : Event: ======'modes_active_modes_changed'====== Args={}
2025-11-29 11:17:18,130 : INFO : EventManager : Event: ======'mode_base_started'====== Args={'queue': <QueuedEvent>, 'player': 1, 'ball': 1, 'balls_remaining': 2, 'is_extra_ball': False}
2025-11-29 11:17:18,130 : INFO : EventManager : Event: ======'start_mode_right_orbit'====== Args={'priority': 0}
2025-11-29 11:17:18,130 : INFO : EventManager : Event: ======'start_mode_slingshots'====== Args={'priority': 0}
2025-11-29 11:17:18,130 : INFO : EventManager : Event: ======'start_mode_lanes'====== Args={'priority': 0}
2025-11-29 11:17:18,130 : INFO : EventManager : Event: ======'start_mode_vuk'====== Args={'priority': 0}
2025-11-29 11:17:18,130 : INFO : EventManager : Event: ======'start_mode_ramp'====== Args={'priority': 0}
2025-11-29 11:17:18,130 : INFO : EventManager : Event: ======'start_mode_left_orbit'====== Args={'priority': 0}
2025-11-29 11:17:18,130 : INFO : EventManager : Event: ======'start_mode_lane_to_pop'====== Args={'priority': 0}
2025-11-29 11:17:18,131 : INFO : EventManager : Event: ======'start_mode_saucer'====== Args={'priority': 0}
2025-11-29 11:17:18,131 : INFO : EventManager : Event: ======'start_mode_targets'====== Args={'priority': 0}
2025-11-29 11:17:18,131 : INFO : EventManager : Event: ======'start_mode_pop_bumper'====== Args={'priority': 0}
2025-11-29 11:17:18,131 : INFO : EventManager : Event: ======'start_mode_dirtmouth'====== Args={'priority': 0}
2025-11-29 11:17:18,131 : INFO : EventManager : Event: ======'mode_right_orbit_will_start'====== Args={'priority': 0}
2025-11-29 11:17:18,131 : INFO : EventManager : Event: ======'player_shot_right_orbit_enabled'====== Args={'value': True, 'prev_value': 0, 'change': 1, 'player_num': 1}
2025-11-29 11:17:18,131 : INFO : EventManager : Event: ======'mode_right_orbit_starting'====== Args={'priority': 0}
2025-11-29 11:17:18,132 : INFO : EventManager : Event: ======'mode_slingshots_will_start'====== Args={'priority': 0}
2025-11-29 11:17:18,132 : INFO : EventManager : Event: ======'player_shot_top_left_slingshot_enabled'====== Args={'value': True, 'prev_value': 0, 'change': 1, 'player_num': 1}
2025-11-29 11:17:18,132 : INFO : EventManager : Event: ======'player_shot_bottom_left_slingshot_enabled'====== Args={'value': True, 'prev_value': 0, 'change': 1, 'player_num': 1}
2025-11-29 11:17:18,132 : INFO : EventManager : Event: ======'player_shot_top_right_slingshot_enabled'====== Args={'value': True, 'prev_value': 0, 'change': 1, 'player_num': 1}
2025-11-29 11:17:18,132 : INFO : EventManager : Event: ======'player_shot_bottom_right_slingshot_enabled'====== Args={'value': True, 'prev_value': 0, 'change': 1, 'player_num': 1}
2025-11-29 11:17:18,133 : INFO : EventManager : Event: ======'slingshots_complete'====== Args={'state': 'unlit'}
2025-11-29 11:17:18,133 : INFO : EventManager : Event: ======'slingshots_unlit_complete'====== Args={}
2025-11-29 11:17:18,133 : INFO : EventManager : Event: ======'mode_slingshots_starting'====== Args={'priority': 0}
2025-11-29 11:17:18,133 : INFO : EventManager : Event: ======'mode_lanes_will_start'====== Args={'priority': 0}
2025-11-29 11:17:18,133 : INFO : EventManager : Event: ======'player_shot_left_outlane_enabled'====== Args={'value': True, 'prev_value': 0, 'change': 1, 'player_num': 1}
2025-11-29 11:17:18,134 : INFO : EventManager : Event: ======'player_shot_left_inlane_enabled'====== Args={'value': True, 'prev_value': 0, 'change': 1, 'player_num': 1}
2025-11-29 11:17:18,134 : INFO : EventManager : Event: ======'player_shot_right_inlane_enabled'====== Args={'value': True, 'prev_value': 0, 'change': 1, 'player_num': 1}
2025-11-29 11:17:18,134 : INFO : EventManager : Event: ======'player_shot_right_outlane_enabled'====== Args={'value': True, 'prev_value': 0, 'change': 1, 'player_num': 1}
2025-11-29 11:17:18,134 : INFO : EventManager : Event: ======'lanes_complete'====== Args={'state': 'unlit'}
2025-11-29 11:17:18,134 : INFO : EventManager : Event: ======'lanes_unlit_complete'====== Args={}
2025-11-29 11:17:18,134 : INFO : EventManager : Event: ======'mode_lanes_starting'====== Args={'priority': 0}
2025-11-29 11:17:18,135 : INFO : EventManager : Event: ======'mode_vuk_will_start'====== Args={'priority': 0}
2025-11-29 11:17:18,135 : INFO : EventManager : Event: ======'player_shot_vuk_enabled'====== Args={'value': True, 'prev_value': 0, 'change': 1, 'player_num': 1}
2025-11-29 11:17:18,135 : INFO : EventManager : Event: ======'mode_vuk_starting'====== Args={'priority': 0}
2025-11-29 11:17:18,135 : INFO : EventManager : Event: ======'mode_ramp_will_start'====== Args={'priority': 0}
2025-11-29 11:17:18,135 : INFO : EventManager : Event: ======'player_shot_ramp_enabled'====== Args={'value': True, 'prev_value': 0, 'change': 1, 'player_num': 1}
2025-11-29 11:17:18,135 : INFO : EventManager : Event: ======'mode_ramp_starting'====== Args={'priority': 0}
2025-11-29 11:17:18,135 : INFO : EventManager : Event: ======'mode_left_orbit_will_start'====== Args={'priority': 0}
2025-11-29 11:17:18,136 : INFO : EventManager : Event: ======'player_shot_left_orbit_enabled'====== Args={'value': True, 'prev_value': 0, 'change': 1, 'player_num': 1}
2025-11-29 11:17:18,136 : INFO : EventManager : Event: ======'mode_left_orbit_starting'====== Args={'priority': 0}
2025-11-29 11:17:18,136 : INFO : EventManager : Event: ======'mode_lane_to_pop_will_start'====== Args={'priority': 0}
2025-11-29 11:17:18,136 : INFO : EventManager : Event: ======'player_shot_lane_to_pop_enabled'====== Args={'value': True, 'prev_value': 0, 'change': 1, 'player_num': 1}
2025-11-29 11:17:18,136 : INFO : EventManager : Event: ======'mode_lane_to_pop_starting'====== Args={'priority': 0}
2025-11-29 11:17:18,136 : INFO : EventManager : Event: ======'mode_saucer_will_start'====== Args={'priority': 0}
2025-11-29 11:17:18,136 : INFO : EventManager : Event: ======'player_shot_saucer_enabled'====== Args={'value': True, 'prev_value': 0, 'change': 1, 'player_num': 1}
2025-11-29 11:17:18,137 : INFO : EventManager : Event: ======'mode_saucer_starting'====== Args={'priority': 0}
2025-11-29 11:17:18,137 : INFO : EventManager : Event: ======'mode_targets_will_start'====== Args={'priority': 0}
2025-11-29 11:17:18,137 : INFO : EventManager : Event: ======'player_shot_front_left_target_enabled'====== Args={'value': True, 'prev_value': 0, 'change': 1, 'player_num': 1}
2025-11-29 11:17:18,137 : INFO : EventManager : Event: ======'player_shot_front_middle_target_enabled'====== Args={'value': True, 'prev_value': 0, 'change': 1, 'player_num': 1}
2025-11-29 11:17:18,137 : INFO : EventManager : Event: ======'player_shot_front_right_target_enabled'====== Args={'value': True, 'prev_value': 0, 'change': 1, 'player_num': 1}
2025-11-29 11:17:18,138 : INFO : EventManager : Event: ======'player_shot_back_left_target_enabled'====== Args={'value': True, 'prev_value': 0, 'change': 1, 'player_num': 1}
2025-11-29 11:17:18,138 : INFO : EventManager : Event: ======'player_shot_bakc_middle_left_target_enabled'====== Args={'value': True, 'prev_value': 0, 'change': 1, 'player_num': 1}
2025-11-29 11:17:18,138 : INFO : EventManager : Event: ======'player_shot_back_middle_right_target_enabled'====== Args={'value': True, 'prev_value': 0, 'change': 1, 'player_num': 1}
2025-11-29 11:17:18,138 : INFO : EventManager : Event: ======'player_shot_back_right_target_enabled'====== Args={'value': True, 'prev_value': 0, 'change': 1, 'player_num': 1}
2025-11-29 11:17:18,138 : INFO : EventManager : Event: ======'targets_complete'====== Args={'state': 'unlit'}
2025-11-29 11:17:18,138 : INFO : EventManager : Event: ======'targets_unlit_complete'====== Args={}
2025-11-29 11:17:18,139 : INFO : EventManager : Event: ======'mode_targets_starting'====== Args={'priority': 0}
2025-11-29 11:17:18,139 : INFO : EventManager : Event: ======'mode_pop_bumper_will_start'====== Args={'priority': 0}
2025-11-29 11:17:18,139 : INFO : EventManager : Event: ======'player_shot_pop_bumper_enabled'====== Args={'value': True, 'prev_value': 0, 'change': 1, 'player_num': 1}
2025-11-29 11:17:18,139 : INFO : EventManager : Event: ======'mode_pop_bumper_starting'====== Args={'priority': 0}
2025-11-29 11:17:18,139 : INFO : EventManager : Event: ======'mode_dirtmouth_will_start'====== Args={'priority': 0}
2025-11-29 11:17:18,139 : INFO : EventManager : Event: ======'player_shot_vuk_dirtmouth_enabled'====== Args={'value': True, 'prev_value': 0, 'change': 1, 'player_num': 1}
2025-11-29 11:17:18,140 : INFO : EventManager : Event: ======'player_shot_saucer_dirtmouth_enabled'====== Args={'value': True, 'prev_value': 0, 'change': 1, 'player_num': 1}
2025-11-29 11:17:18,140 : INFO : EventManager : Event: ======'locks_dirtmouth_complete'====== Args={'state': 'unlit'}
2025-11-29 11:17:18,140 : INFO : EventManager : Event: ======'locks_dirtmouth_unlit_complete'====== Args={}
2025-11-29 11:17:18,140 : INFO : EventManager : Event: ======'mode_dirtmouth_starting'====== Args={'priority': 0}
2025-11-29 11:17:18,140 : INFO : Mode.dirtmouth : Started. Priority: 250
2025-11-29 11:17:18,140 : INFO : EventManager : Event: ======'modes_active_modes_changed'====== Args={}
2025-11-29 11:17:18,140 : INFO : EventManager : Event: ======'mode_dirtmouth_started'====== Args={'priority': 0}
2025-11-29 11:17:18,141 : INFO : EventManager : Event: ======'player_dirtmouth_active'====== Args={'value': 1, 'prev_value': 0, 'change': 1, 'player_num': 1, 'source': 'dirtmouth'}
2025-11-29 11:17:18,142 : INFO : Mode.pop_bumper : Started. Priority: 150
2025-11-29 11:17:18,142 : INFO : EventManager : Event: ======'modes_active_modes_changed'====== Args={}
2025-11-29 11:17:18,142 : INFO : EventManager : Event: ======'mode_pop_bumper_started'====== Args={'priority': 0}
2025-11-29 11:17:18,142 : INFO : EventManager : Event: ======'player_pop_bumper_active'====== Args={'value': 1, 'prev_value': 0, 'change': 1, 'player_num': 1, 'source': 'pop_bumper'}
2025-11-29 11:17:18,143 : INFO : Mode.targets : Started. Priority: 175
2025-11-29 11:17:18,143 : INFO : EventManager : Event: ======'modes_active_modes_changed'====== Args={}
2025-11-29 11:17:18,143 : INFO : EventManager : Event: ======'mode_targets_started'====== Args={'priority': 0}
2025-11-29 11:17:18,143 : INFO : EventManager : Event: ======'player_targets_active'====== Args={'value': 1, 'prev_value': 0, 'change': 1, 'player_num': 1, 'source': 'targets'}
2025-11-29 11:17:18,144 : INFO : Mode.saucer : Started. Priority: 200
2025-11-29 11:17:18,144 : INFO : EventManager : Event: ======'modes_active_modes_changed'====== Args={}
2025-11-29 11:17:18,144 : INFO : EventManager : Event: ======'mode_saucer_started'====== Args={'priority': 0}
2025-11-29 11:17:18,144 : INFO : EventManager : Event: ======'player_saucer_active'====== Args={'value': 1, 'prev_value': 0, 'change': 1, 'player_num': 1, 'source': 'saucer'}
2025-11-29 11:17:18,144 : INFO : Mode.lane_to_pop : Started. Priority: 200
2025-11-29 11:17:18,145 : INFO : EventManager : Event: ======'modes_active_modes_changed'====== Args={}
2025-11-29 11:17:18,145 : INFO : EventManager : Event: ======'mode_lane_to_pop_started'====== Args={'priority': 0}
2025-11-29 11:17:18,145 : INFO : EventManager : Event: ======'player_lane_to_pop_active'====== Args={'value': 1, 'prev_value': 0, 'change': 1, 'player_num': 1, 'source': 'lane_to_pop'}
2025-11-29 11:17:18,146 : INFO : Mode.left_orbit : Started. Priority: 200
2025-11-29 11:17:18,146 : INFO : EventManager : Event: ======'modes_active_modes_changed'====== Args={}
2025-11-29 11:17:18,146 : INFO : EventManager : Event: ======'mode_left_orbit_started'====== Args={'priority': 0}
2025-11-29 11:17:18,146 : INFO : EventManager : Event: ======'player_left_orbit_active'====== Args={'value': 1, 'prev_value': 0, 'change': 1, 'player_num': 1, 'source': 'left_orbit'}
2025-11-29 11:17:18,146 : INFO : Mode.ramp : Started. Priority: 200
2025-11-29 11:17:18,146 : INFO : EventManager : Event: ======'modes_active_modes_changed'====== Args={}
2025-11-29 11:17:18,146 : INFO : EventManager : Event: ======'mode_ramp_started'====== Args={'priority': 0}
2025-11-29 11:17:18,147 : INFO : EventManager : Event: ======'player_ramp_active'====== Args={'value': 1, 'prev_value': 0, 'change': 1, 'player_num': 1, 'source': 'ramp'}
2025-11-29 11:17:18,147 : INFO : Mode.vuk : Started. Priority: 200
2025-11-29 11:17:18,147 : INFO : EventManager : Event: ======'modes_active_modes_changed'====== Args={}
2025-11-29 11:17:18,147 : INFO : EventManager : Event: ======'mode_vuk_started'====== Args={'priority': 0}
2025-11-29 11:17:18,147 : INFO : EventManager : Event: ======'player_vuk_active'====== Args={'value': 1, 'prev_value': 0, 'change': 1, 'player_num': 1, 'source': 'vuk'}
2025-11-29 11:17:18,148 : INFO : Mode.lanes : Started. Priority: 150
2025-11-29 11:17:18,148 : INFO : EventManager : Event: ======'modes_active_modes_changed'====== Args={}
2025-11-29 11:17:18,148 : INFO : EventManager : Event: ======'mode_lanes_started'====== Args={'priority': 0}
2025-11-29 11:17:18,148 : INFO : EventManager : Event: ======'player_lanes_active'====== Args={'value': 1, 'prev_value': 0, 'change': 1, 'player_num': 1, 'source': 'lanes'}
2025-11-29 11:17:18,149 : INFO : Mode.slingshots : Started. Priority: 150
2025-11-29 11:17:18,149 : INFO : EventManager : Event: ======'modes_active_modes_changed'====== Args={}
2025-11-29 11:17:18,149 : INFO : EventManager : Event: ======'mode_slingshots_started'====== Args={'priority': 0}
2025-11-29 11:17:18,150 : INFO : EventManager : Event: ======'player_slingshots_active'====== Args={'value': 1, 'prev_value': 0, 'change': 1, 'player_num': 1, 'source': 'slingshots'}
2025-11-29 11:17:18,150 : INFO : Mode.right_orbit : Started. Priority: 200
2025-11-29 11:17:18,150 : INFO : EventManager : Event: ======'modes_active_modes_changed'====== Args={}
2025-11-29 11:17:18,150 : INFO : EventManager : Event: ======'mode_right_orbit_started'====== Args={'priority': 0}
2025-11-29 11:17:18,150 : INFO : EventManager : Event: ======'player_right_orbit_active'====== Args={'value': 1, 'prev_value': 0, 'change': 1, 'player_num': 1, 'source': 'right_orbit'}
2025-11-29 11:17:18,151 : INFO : EventManager : Event: ======'balls_in_play'====== Args={'balls': 1}
2025-11-29 11:17:18,151 : INFO : EventManager : Event: ======'ball_started'====== Args={'player': 1, 'ball': 1, 'balls_remaining': 2, 'is_extra_ball': False}
2025-11-29 11:17:18,153 : INFO : EventManager : Event: ======'single_player_ball_started'====== Args={}
2025-11-29 11:17:18,153 : INFO : EventManager : Event: ======'ball_start_target'====== Args={'target': 'playfield'}
2025-11-29 11:17:18,153 : INFO : ball_device.bd_trough : Setting up player-controlled eject. Balls: 1, Target: <playfield.playfield>, player_controlled_eject_event: None
2025-11-29 11:17:18,153 : INFO : ball_device.bd_trough : Adding 1 ball(s) to the eject_queue with target <playfield.playfield>.
2025-11-29 11:17:18,153 : INFO : EventManager : Event: ======'balldevice_balls_available'====== Args={}
2025-11-29 11:17:18,154 : INFO : ball_device.bd_trough : State: waiting_for_target_ready
2025-11-29 11:17:18,154 : INFO : EventManager : Event: ======'balldevice_bd_trough_ball_eject_attempt'====== Args={'balls': 1, 'target': <ball_device.bd_plunger>, 'source': <ball_device.bd_trough>, 'mechanical_eject': False, 'num_attempts': 0}
2025-11-29 11:17:18,154 : INFO : ball_device.bd_plunger : State: waiting_for_ball
2025-11-29 11:17:18,154 : INFO : ball_device.bd_trough : State: ejecting
2025-11-29 11:17:18,154 : INFO : ball_device.bd_trough : Ejecting ball to <ball_device.bd_plunger>
2025-11-29 11:17:18,154 : INFO : EventManager : Event: ======'balldevice_bd_trough_ejecting_ball'====== Args={'balls': 1, 'target': <ball_device.bd_plunger>, 'source': <ball_device.bd_trough>, 'mechanical_eject': False, 'num_attempts': 0}
2025-11-29 11:17:18,154 : INFO : ball_device.bd_trough : Wait for ball to leave device
2025-11-29 11:17:18,154 : INFO : coil.c_trough_eject : Pulsing Driver for 10ms (1.0 pulse_power)
2025-11-29 11:17:18,155 : INFO : SwitchController : <<<<<<< 's_trough_1' inactive >>>>>>>
2025-11-29 11:17:18,155 : INFO : ball_device.bd_trough : State: ball_left
2025-11-29 11:17:18,155 : INFO : ball_device.bd_trough : Ball left
2025-11-29 11:17:18,155 : INFO : ball_device.bd_trough : Wait for confirm with timeout 10.0
2025-11-29 11:17:18,174 : INFO : EventManager : Event: ======'slide_base_created'====== Args={'_from_bcp': True}
2025-11-29 11:17:18,174 : INFO : EventManager : Event: ======'slide_attract_inactive'====== Args={'is_removing': True, '_from_bcp': True}
2025-11-29 11:17:18,174 : INFO : EventManager : Event: ======'slide_base_active'====== Args={'original_context': 'base', 'original_calling_context': 'mode_base_started', 'priority': 100.0, 'queue': '<QueuedEvent>', 'player': 1.0, 'ball': 1.0, 'balls_remaining': 2.0, 'is_extra_ball': False, 'cmd': 'slides_play', '_from_bcp': True}
2025-11-29 11:17:18,174 : INFO : EventManager : Event: ======'slide_attract_removed'====== Args={'_from_bcp': True}
2025-11-29 11:17:18,196 : INFO : EventManager : Event: ======'slide_dirtmouth_created'====== Args={'_from_bcp': True}
2025-11-29 11:17:18,196 : INFO : EventManager : Event: ======'slide_base_inactive'====== Args={'is_removing': False, '_from_bcp': True}
2025-11-29 11:17:18,196 : INFO : EventManager : Event: ======'slide_dirtmouth_active'====== Args={'original_context': 'dirtmouth', 'original_calling_context': 'mode_dirtmouth_started', 'priority': 250.0, 'cmd': 'slides_play', '_from_bcp': True}
2025-11-29 11:17:18,256 : INFO : SwitchController : <<<<<<< 's_plunger_lane' active >>>>>>>
2025-11-29 11:17:18,256 : INFO : EventManager : Event: ======'machine_var_audits_switches_s_plunger_lane'====== Args={'value': 318, 'prev_value': 317, 'change': 1}
2025-11-29 11:17:18,757 : INFO : ball_device.bd_plunger : Received ball from <ball_device.bd_trough>
2025-11-29 11:17:18,758 : INFO : EventManager : Event: ======'balldevice_bd_plunger_ball_enter'====== Args={'new_balls': 1, 'unclaimed_balls': 0, 'new_available_balls': 0, 'device': <ball_device.bd_plunger>}
2025-11-29 11:17:18,759 : INFO : EventManager : Event: ======'balldevice_bd_plunger_ball_entered'====== Args={'new_balls': 0, 'device': <ball_device.bd_plunger>}
2025-11-29 11:17:18,760 : INFO : EventManager : Event: ======'balldevice_bd_plunger_ball_count_changed'====== Args={'balls': 1}
2025-11-29 11:17:18,760 : INFO : ball_device.bd_trough : Got eject confirm
2025-11-29 11:17:18,760 : INFO : ball_device.bd_trough : Eject successful
2025-11-29 11:17:18,760 : INFO : EventManager : Event: ======'balldevice_bd_trough_ball_eject_success'====== Args={'balls': 1, 'target': <ball_device.bd_plunger>}
2025-11-29 11:17:18,761 : INFO : EventManager : Event: ======'balldevice_bd_trough_ball_count_changed'====== Args={'balls': 2}
2025-11-29 11:17:18,761 : INFO : ball_device.bd_trough : State: idle
2025-11-29 11:17:18,762 : INFO : ball_device.bd_plunger : State: waiting_for_target_ready
2025-11-29 11:17:18,762 : INFO : EventManager : Event: ======'balldevice_bd_plunger_ball_eject_attempt'====== Args={'balls': 1, 'target': <playfield.playfield>, 'source': <ball_device.bd_plunger>, 'mechanical_eject': False, 'num_attempts': 0}
2025-11-29 11:17:18,763 : INFO : ball_device.bd_plunger : State: ejecting
2025-11-29 11:17:18,763 : INFO : ball_device.bd_plunger : Ejecting ball to <playfield.playfield>
2025-11-29 11:17:18,763 : INFO : EventManager : Event: ======'balldevice_bd_plunger_ejecting_ball'====== Args={'balls': 1, 'target': <playfield.playfield>, 'source': <ball_device.bd_plunger>, 'mechanical_eject': False, 'num_attempts': 0}
2025-11-29 11:17:18,765 : INFO : ball_device.bd_plunger : Wait for ball to leave device
2025-11-29 11:17:23,055 : WARNING : SwitchController : Received duplicate switch state 1 for switch s_plunger_lane from the platform interface. Log Code: Log-SwitchController-1 (https://missionpinball.org/logs)
2025-11-29 11:17:23,139 : INFO : SwitchController : <<<<<<< 's_plunger_lane' inactive >>>>>>>
2025-11-29 11:17:23,141 : INFO : ball_device.bd_plunger : State: ball_left
2025-11-29 11:17:23,141 : INFO : ball_device.bd_plunger : Ball left
2025-11-29 11:17:23,141 : INFO : ball_device.bd_plunger : Wait for confirm with timeout 10.0
2025-11-29 11:17:24,872 : INFO : SwitchController : <<<<<<< 's_vuk' active >>>>>>>
2025-11-29 11:17:24,872 : INFO : EventManager : Event: ======'playfield_active'====== Args={'source': 'vuk_frogotten_crossroads'}
2025-11-29 11:17:24,873 : INFO : EventManager : Event: ======'playfield_active'====== Args={'source': 'vuk_dirtmouth'}
2025-11-29 11:17:24,873 : INFO : EventManager : Event: ======'playfield_active'====== Args={'source': 'vuk'}
2025-11-29 11:17:24,874 : INFO : EventManager : Event: ======'s_vuk_active'====== Args={}
2025-11-29 11:17:24,874 : INFO : EventManager : Event: ======'machine_var_audits_switches_s_vuk'====== Args={'value': 266, 'prev_value': 265, 'change': 1}
2025-11-29 11:17:24,876 : INFO : EventManager : Event: ======'player_shot_vuk_dirtmouth'====== Args={'value': 1, 'prev_value': 0, 'change': 1, 'player_num': 1}
2025-11-29 11:17:24,892 : INFO : EventManager : Event: ======'machine_var_audits_shots_vuk_dirtmouth'====== Args={'value': 166, 'prev_value': 165, 'change': 1}
2025-11-29 11:17:24,893 : INFO : EventManager : Event: ======'vuk_dirtmouth_hit'====== Args={'profile': 'default', 'state': 'unlit', 'advancing': True}
2025-11-29 11:17:24,893 : INFO : EventManager : Event: ======'vuk_dirtmouth_default_hit'====== Args={'profile': 'default', 'state': 'unlit', 'advancing': True}
2025-11-29 11:17:24,893 : INFO : EventManager : Event: ======'vuk_dirtmouth_default_unlit_hit'====== Args={'profile': 'default', 'state': 'unlit', 'advancing': True}
2025-11-29 11:17:24,894 : INFO : EventManager : Event: ======'vuk_dirtmouth_unlit_hit'====== Args={'profile': 'default', 'state': 'unlit', 'advancing': True}
2025-11-29 11:17:24,894 : INFO : EventManager : Event: ======'player_shot_vuk'====== Args={'value': 1, 'prev_value': 0, 'change': 1, 'player_num': 1}
2025-11-29 11:17:24,895 : INFO : EventManager : Event: ======'machine_var_audits_shots_vuk'====== Args={'value': 246, 'prev_value': 245, 'change': 1}
2025-11-29 11:17:24,895 : INFO : EventManager : Event: ======'vuk_hit'====== Args={'profile': 'default', 'state': 'unlit', 'advancing': True}
2025-11-29 11:17:24,895 : INFO : EventManager : Event: ======'vuk_default_hit'====== Args={'profile': 'default', 'state': 'unlit', 'advancing': True}
2025-11-29 11:17:24,895 : INFO : EventManager : Event: ======'vuk_default_unlit_hit'====== Args={'profile': 'default', 'state': 'unlit', 'advancing': True}
2025-11-29 11:17:24,895 : INFO : EventManager : Event: ======'vuk_unlit_hit'====== Args={'profile': 'default', 'state': 'unlit', 'advancing': True}
2025-11-29 11:17:24,896 : INFO : EventManager : Event: ======'locks_dirtmouth_hit'====== Args={'shot': 'vuk_dirtmouth'}
2025-11-29 11:17:24,896 : INFO : EventManager : Event: ======'locks_dirtmouth_unlit_hit'====== Args={'shot': 'vuk_dirtmouth'}
2025-11-29 11:17:24,896 : INFO : EventManager : Event: ======'start_mode_carousel_mode_select'====== Args={'priority': 0}
2025-11-29 11:17:24,897 : INFO : EventManager : Event: ======'mode_carousel_mode_select_will_start'====== Args={'priority': 0}
2025-11-29 11:17:24,897 : INFO : EventManager : Event: ======'mode_carousel_mode_select_starting'====== Args={'priority': 0}
2025-11-29 11:17:24,897 : INFO : EventManager : Event: ======'player_score'====== Args={'value': 5000, 'prev_value': 0, 'change': 5000, 'player_num': 1, 'source': 'vuk'}
2025-11-29 11:17:24,899 : INFO : Mode.carousel_mode_select : Started. Priority: 500
2025-11-29 11:17:24,899 : INFO : EventManager : Event: ======'modes_active_modes_changed'====== Args={}
2025-11-29 11:17:24,899 : INFO : EventManager : Event: ======'mode_carousel_mode_select_started'====== Args={'priority': 0}
2025-11-29 11:17:24,900 : INFO : EventManager : Event: ======'carousel_item_highlighted'====== Args={'carousel': 'carousel_mode_select', 'direction': None, 'item': 'travel_dirtmouth_to_frogotten_crossroads'}
2025-11-29 11:17:24,902 : INFO : ball_device.bd_plunger : Got eject confirm
2025-11-29 11:17:24,902 : INFO : ball_device.bd_plunger : Eject successful
2025-11-29 11:17:24,902 : INFO : EventManager : Event: ======'balldevice_bd_plunger_ball_eject_success'====== Args={'balls': 1, 'target': <playfield.playfield>}
2025-11-29 11:17:24,902 : INFO : EventManager : Event: ======'balldevice_playfield_ball_enter'====== Args={'new_balls': 1, 'unclaimed_balls': 1, 'device': <playfield.playfield>}
2025-11-29 11:17:24,903 : INFO : EventManager : Event: ======'playfield_ball_count_change'====== Args={'balls': 1, 'change': 1}
2025-11-29 11:17:24,903 : INFO : EventManager : Event: ======'balldevice_bd_plunger_ball_count_changed'====== Args={'balls': 0}
2025-11-29 11:17:24,903 : INFO : ball_device.bd_plunger : State: idle
2025-11-29 11:17:24,964 : INFO : EventManager : Event: ======'slide_carousel_mode_select_created'====== Args={'_from_bcp': True}
2025-11-29 11:17:24,964 : INFO : EventManager : Event: ======'slide_dirtmouth_inactive'====== Args={'is_removing': False, '_from_bcp': True}
2025-11-29 11:17:24,964 : INFO : EventManager : Event: ======'slide_carousel_mode_select_active'====== Args={'original_context': 'carousel_mode_select', 'original_calling_context': 'mode_carousel_mode_select_started', 'priority': 500.0, 'cmd': 'slides_play', '_from_bcp': True}
2025-11-29 11:17:25,003 : INFO : SwitchController : <<<<<<< 's_vuk' inactive >>>>>>>
2025-11-29 11:17:27,088 : INFO : SwitchController : <<<<<<< 's_right_flipper' active >>>>>>>
2025-11-29 11:17:27,089 : INFO : EventManager : Event: ======'s_right_flipper_active'====== Args={}
2025-11-29 11:17:27,090 : INFO : EventManager : Event: ======'machine_var_audits_switches_s_right_flipper'====== Args={'value': 89, 'prev_value': 88, 'change': 1}
2025-11-29 11:17:27,091 : INFO : EventManager : Event: ======'carousel_item_highlighted'====== Args={'carousel': 'carousel_mode_select', 'direction': 'forwards', 'item': 'false_knight_controller'}
2025-11-29 11:17:27,154 : INFO : SwitchController : <<<<<<< 's_right_flipper' inactive >>>>>>>
2025-11-29 11:17:27,422 : INFO : SwitchController : <<<<<<< 's_right_flipper' active >>>>>>>
2025-11-29 11:17:27,422 : INFO : EventManager : Event: ======'s_right_flipper_active'====== Args={}
2025-11-29 11:17:27,423 : INFO : EventManager : Event: ======'machine_var_audits_switches_s_right_flipper'====== Args={'value': 90, 'prev_value': 89, 'change': 1}
2025-11-29 11:17:27,424 : INFO : EventManager : Event: ======'carousel_item_highlighted'====== Args={'carousel': 'carousel_mode_select', 'direction': 'forwards', 'item': 'leave'}
2025-11-29 11:17:27,537 : INFO : SwitchController : <<<<<<< 's_right_flipper' inactive >>>>>>>
2025-11-29 11:17:27,789 : INFO : SwitchController : <<<<<<< 's_right_flipper' active >>>>>>>
2025-11-29 11:17:27,789 : INFO : EventManager : Event: ======'s_right_flipper_active'====== Args={}
2025-11-29 11:17:27,790 : INFO : EventManager : Event: ======'machine_var_audits_switches_s_right_flipper'====== Args={'value': 91, 'prev_value': 90, 'change': 1}
2025-11-29 11:17:27,791 : INFO : EventManager : Event: ======'carousel_item_highlighted'====== Args={'carousel': 'carousel_mode_select', 'direction': 'forwards', 'item': 'travel_dirtmouth_to_frogotten_crossroads'}
2025-11-29 11:17:27,922 : INFO : SwitchController : <<<<<<< 's_right_flipper' inactive >>>>>>>
2025-11-29 11:17:28,173 : INFO : SwitchController : <<<<<<< 's_right_flipper' active >>>>>>>
2025-11-29 11:17:28,173 : INFO : EventManager : Event: ======'s_right_flipper_active'====== Args={}
2025-11-29 11:17:28,174 : INFO : EventManager : Event: ======'machine_var_audits_switches_s_right_flipper'====== Args={'value': 92, 'prev_value': 91, 'change': 1}
2025-11-29 11:17:28,175 : INFO : EventManager : Event: ======'carousel_item_highlighted'====== Args={'carousel': 'carousel_mode_select', 'direction': 'forwards', 'item': 'false_knight_controller'}
2025-11-29 11:17:28,304 : INFO : SwitchController : <<<<<<< 's_right_flipper' inactive >>>>>>>
2025-11-29 11:17:29,105 : INFO : SwitchController : <<<<<<< 's_left_flipper' active >>>>>>>
2025-11-29 11:17:29,106 : INFO : EventManager : Event: ======'s_left_flipper_active'====== Args={}
2025-11-29 11:17:29,107 : INFO : EventManager : Event: ======'machine_var_audits_switches_s_left_flipper'====== Args={'value': 75, 'prev_value': 74, 'change': 1}
2025-11-29 11:17:29,108 : INFO : EventManager : Event: ======'carousel_item_highlighted'====== Args={'carousel': 'carousel_mode_select', 'direction': 'backwards', 'item': 'travel_dirtmouth_to_frogotten_crossroads'}
2025-11-29 11:17:29,255 : INFO : SwitchController : <<<<<<< 's_left_flipper' inactive >>>>>>>
2025-11-29 11:17:30,089 : INFO : SwitchController : <<<<<<< 's_left_flipper' active >>>>>>>
2025-11-29 11:17:30,089 : INFO : EventManager : Event: ======'s_left_flipper_active'====== Args={}
2025-11-29 11:17:30,090 : INFO : EventManager : Event: ======'machine_var_audits_switches_s_left_flipper'====== Args={'value': 76, 'prev_value': 75, 'change': 1}
2025-11-29 11:17:30,091 : INFO : EventManager : Event: ======'carousel_item_highlighted'====== Args={'carousel': 'carousel_mode_select', 'direction': 'backwards', 'item': 'leave'}
2025-11-29 11:17:30,254 : INFO : SwitchController : <<<<<<< 's_left_flipper' inactive >>>>>>>
2025-11-29 11:17:30,656 : INFO : SwitchController : <<<<<<< 's_right_flipper' active >>>>>>>
2025-11-29 11:17:30,656 : INFO : EventManager : Event: ======'s_right_flipper_active'====== Args={}
2025-11-29 11:17:30,657 : INFO : EventManager : Event: ======'machine_var_audits_switches_s_right_flipper'====== Args={'value': 93, 'prev_value': 92, 'change': 1}
2025-11-29 11:17:30,658 : INFO : EventManager : Event: ======'carousel_item_highlighted'====== Args={'carousel': 'carousel_mode_select', 'direction': 'forwards', 'item': 'travel_dirtmouth_to_frogotten_crossroads'}
2025-11-29 11:17:30,788 : INFO : SwitchController : <<<<<<< 's_right_flipper' inactive >>>>>>>
2025-11-29 11:17:33,357 : INFO : SwitchController : <<<<<<< 's_right_flipper' active >>>>>>>
2025-11-29 11:17:33,357 : INFO : EventManager : Event: ======'s_right_flipper_active'====== Args={}
2025-11-29 11:17:33,358 : INFO : EventManager : Event: ======'machine_var_audits_switches_s_right_flipper'====== Args={'value': 94, 'prev_value': 93, 'change': 1}
2025-11-29 11:17:33,360 : INFO : EventManager : Event: ======'carousel_item_highlighted'====== Args={'carousel': 'carousel_mode_select', 'direction': 'forwards', 'item': 'false_knight_controller'}
2025-11-29 11:17:33,388 : INFO : SwitchController : <<<<<<< 's_left_flipper' active >>>>>>>
2025-11-29 11:17:33,388 : INFO : EventManager : Event: ======'s_left_flipper_active'====== Args={}
2025-11-29 11:17:33,388 : INFO : EventManager : Event: ======'flipper_cancel'====== Args={'triggering_group': 1, 'triggering_switch': 's_left_flipper'}
2025-11-29 11:17:33,388 : INFO : EventManager : Event: ======'machine_var_audits_switches_s_left_flipper'====== Args={'value': 77, 'prev_value': 76, 'change': 1}
2025-11-29 11:17:33,389 : INFO : EventManager : Event: ======'carousel_item_highlighted'====== Args={'carousel': 'carousel_mode_select', 'direction': 'backwards', 'item': 'travel_dirtmouth_to_frogotten_crossroads'}
2025-11-29 11:17:33,389 : INFO : EventManager : Event: ======'carousel_item_selected'====== Args={'carousel': 'carousel_mode_select', 'item': 'travel_dirtmouth_to_frogotten_crossroads'}
2025-11-29 11:17:33,504 : INFO : SwitchController : <<<<<<< 's_left_flipper' inactive >>>>>>>
2025-11-29 11:17:33,504 : INFO : EventManager : Event: ======'both_flippers_one'====== Args={'triggering_group': 1, 'triggering_switch': 's_left_flipper'}
2025-11-29 11:17:33,537 : INFO : SwitchController : <<<<<<< 's_right_flipper' inactive >>>>>>>
2025-11-29 11:17:33,537 : INFO : EventManager : Event: ======'both_flippers_inactive'====== Args={'triggering_group': 2, 'triggering_switch': 's_right_flipper'}
2025-11-29 11:17:36,488 : INFO : SwitchController : <<<<<<< 's_right_flipper' active >>>>>>>
2025-11-29 11:17:36,489 : INFO : EventManager : Event: ======'s_right_flipper_active'====== Args={}
2025-11-29 11:17:36,490 : INFO : EventManager : Event: ======'machine_var_audits_switches_s_right_flipper'====== Args={'value': 95, 'prev_value': 94, 'change': 1}
2025-11-29 11:17:36,638 : INFO : SwitchController : <<<<<<< 's_right_flipper' inactive >>>>>>>
2025-11-29 11:17:37,438 : INFO : SwitchController : <<<<<<< 's_left_flipper' active >>>>>>>
2025-11-29 11:17:37,439 : INFO : EventManager : Event: ======'s_left_flipper_active'====== Args={}
2025-11-29 11:17:37,440 : INFO : EventManager : Event: ======'machine_var_audits_switches_s_left_flipper'====== Args={'value': 78, 'prev_value': 77, 'change': 1}
2025-11-29 11:17:37,571 : INFO : SwitchController : <<<<<<< 's_left_flipper' inactive >>>>>>>
2025-11-29 11:17:38,405 : INFO : SwitchController : <<<<<<< 's_right_flipper' active >>>>>>>
2025-11-29 11:17:38,405 : INFO : EventManager : Event: ======'s_right_flipper_active'====== Args={}
2025-11-29 11:17:38,406 : INFO : EventManager : Event: ======'machine_var_audits_switches_s_right_flipper'====== Args={'value': 96, 'prev_value': 95, 'change': 1}
2025-11-29 11:17:38,572 : INFO : SwitchController : <<<<<<< 's_right_flipper' inactive >>>>>>>
2025-11-29 11:17:39,021 : INFO : SwitchController : <<<<<<< 's_left_flipper' active >>>>>>>
2025-11-29 11:17:39,022 : INFO : EventManager : Event: ======'s_left_flipper_active'====== Args={}
2025-11-29 11:17:39,023 : INFO : EventManager : Event: ======'machine_var_audits_switches_s_left_flipper'====== Args={'value': 79, 'prev_value': 78, 'change': 1}
2025-11-29 11:17:39,155 : INFO : SwitchController : <<<<<<< 's_left_flipper' inactive >>>>>>>
2025-11-29 11:19:50,664 : INFO : Machine : Shutting down...
2025-11-29 11:19:50,665 : INFO : EventManager : Event: ======'shutdown'====== Args={}
2025-11-29 11:19:50,667 : INFO : EventManager : Event: ======'mode_game_will_stop'====== Args={}
2025-11-29 11:19:50,668 : INFO : EventManager : Event: ======'mode_game_stopping'====== Args={}
2025-11-29 11:19:50,668 : INFO : EventManager : Event: ======'mode_pop_bumper_will_stop'====== Args={}
2025-11-29 11:19:50,669 : INFO : EventManager : Event: ======'mode_pop_bumper_stopping'====== Args={}
2025-11-29 11:19:50,669 : INFO : EventManager : Event: ======'mode_left_orbit_will_stop'====== Args={}
2025-11-29 11:19:50,669 : INFO : EventManager : Event: ======'mode_left_orbit_stopping'====== Args={}
2025-11-29 11:19:50,669 : INFO : EventManager : Event: ======'mode_base_will_stop'====== Args={}
2025-11-29 11:19:50,669 : INFO : EventManager : Event: ======'mode_base_stopping'====== Args={}
2025-11-29 11:19:50,669 : INFO : EventManager : Event: ======'mode_lanes_will_stop'====== Args={}
2025-11-29 11:19:50,669 : INFO : EventManager : Event: ======'mode_lanes_stopping'====== Args={}
2025-11-29 11:19:50,669 : INFO : EventManager : Event: ======'mode_dirtmouth_will_stop'====== Args={}
2025-11-29 11:19:50,670 : INFO : EventManager : Event: ======'mode_dirtmouth_stopping'====== Args={}
2025-11-29 11:19:50,670 : INFO : EventManager : Event: ======'mode_targets_will_stop'====== Args={}
2025-11-29 11:19:50,670 : INFO : EventManager : Event: ======'mode_targets_stopping'====== Args={}
2025-11-29 11:19:50,670 : INFO : EventManager : Event: ======'mode_carousel_mode_select_will_stop'====== Args={}
2025-11-29 11:19:50,671 : INFO : EventManager : Event: ======'mode_carousel_mode_select_stopping'====== Args={}
2025-11-29 11:19:50,671 : INFO : EventManager : Event: ======'mode_slingshots_will_stop'====== Args={}
2025-11-29 11:19:50,671 : INFO : EventManager : Event: ======'mode_slingshots_stopping'====== Args={}
2025-11-29 11:19:50,671 : INFO : EventManager : Event: ======'mode_right_orbit_will_stop'====== Args={}
2025-11-29 11:19:50,671 : INFO : EventManager : Event: ======'mode_right_orbit_stopping'====== Args={}
2025-11-29 11:19:50,672 : INFO : EventManager : Event: ======'mode_vuk_will_stop'====== Args={}
2025-11-29 11:19:50,672 : INFO : EventManager : Event: ======'mode_vuk_stopping'====== Args={}
2025-11-29 11:19:50,672 : INFO : EventManager : Event: ======'mode_lane_to_pop_will_stop'====== Args={}
2025-11-29 11:19:50,672 : INFO : EventManager : Event: ======'mode_lane_to_pop_stopping'====== Args={}
2025-11-29 11:19:50,672 : INFO : EventManager : Event: ======'mode_ramp_will_stop'====== Args={}
2025-11-29 11:19:50,672 : INFO : EventManager : Event: ======'mode_ramp_stopping'====== Args={}
2025-11-29 11:19:50,672 : INFO : EventManager : Event: ======'mode_saucer_will_stop'====== Args={}
2025-11-29 11:19:50,672 : INFO : EventManager : Event: ======'mode_saucer_stopping'====== Args={}
2025-11-29 11:19:50,673 : INFO : EventManager : Event: ======'stop_mode_right_orbit'====== Args={'priority': 0}
2025-11-29 11:19:50,673 : INFO : EventManager : Event: ======'stop_mode_slingshots'====== Args={'priority': 0}
2025-11-29 11:19:50,673 : INFO : EventManager : Event: ======'stop_mode_lanes'====== Args={'priority': 0}
2025-11-29 11:19:50,673 : INFO : EventManager : Event: ======'stop_mode_vuk'====== Args={'priority': 0}
2025-11-29 11:19:50,673 : INFO : EventManager : Event: ======'stop_mode_ramp'====== Args={'priority': 0}
2025-11-29 11:19:50,673 : INFO : EventManager : Event: ======'stop_mode_left_orbit'====== Args={'priority': 0}
2025-11-29 11:19:50,673 : INFO : EventManager : Event: ======'stop_mode_lane_to_pop'====== Args={'priority': 0}
2025-11-29 11:19:50,673 : INFO : EventManager : Event: ======'stop_mode_saucer'====== Args={'priority': 0}
2025-11-29 11:19:50,673 : INFO : EventManager : Event: ======'stop_mode_targets'====== Args={'priority': 0}
2025-11-29 11:19:50,673 : INFO : EventManager : Event: ======'stop_mode_pop_bumper'====== Args={'priority': 0}
2025-11-29 11:19:50,673 : INFO : EventManager : Event: ======'stop_mode_dirtmouth'====== Args={'priority': 0}
2025-11-29 11:19:50,673 : INFO : EventManager : Event: ======'stop_mode_false_knight_controller'====== Args={'priority': 0}
2025-11-29 11:19:50,673 : INFO : EventManager : Event: ======'stop_mode_frogotten_crossroads'====== Args={'priority': 0}
2025-11-29 11:19:50,673 : INFO : EventManager : Event: ======'stop_mode_travel_dirtmouth_to_frogotten_crossroads'====== Args={'priority': 0}
2025-11-29 11:19:50,673 : INFO : EventManager : Event: ======'stop_mode_carousel_mode_select'====== Args={'priority': 0}
2025-11-29 11:19:50,673 : INFO : Mode.saucer : Stopped.
2025-11-29 11:19:50,674 : INFO : EventManager : Event: ======'modes_active_modes_changed'====== Args={}
2025-11-29 11:19:50,674 : INFO : EventManager : Event: ======'mode_saucer_stopped'====== Args={}
2025-11-29 11:19:50,674 : INFO : EventManager : Event: ======'clear'====== Args={'key': 'saucer'}
2025-11-29 11:19:50,674 : INFO : Mode.ramp : Stopped.
2025-11-29 11:19:50,674 : INFO : EventManager : Event: ======'modes_active_modes_changed'====== Args={}
2025-11-29 11:19:50,674 : INFO : EventManager : Event: ======'mode_ramp_stopped'====== Args={}
2025-11-29 11:19:50,674 : INFO : EventManager : Event: ======'clear'====== Args={'key': 'ramp'}
2025-11-29 11:19:50,674 : INFO : Mode.lane_to_pop : Stopped.
2025-11-29 11:19:50,674 : INFO : EventManager : Event: ======'modes_active_modes_changed'====== Args={}
2025-11-29 11:19:50,675 : INFO : EventManager : Event: ======'mode_lane_to_pop_stopped'====== Args={}
2025-11-29 11:19:50,675 : INFO : EventManager : Event: ======'clear'====== Args={'key': 'lane_to_pop'}
2025-11-29 11:19:50,675 : INFO : Mode.vuk : Stopped.
2025-11-29 11:19:50,675 : INFO : EventManager : Event: ======'modes_active_modes_changed'====== Args={}
2025-11-29 11:19:50,675 : INFO : EventManager : Event: ======'mode_vuk_stopped'====== Args={}
2025-11-29 11:19:50,675 : INFO : EventManager : Event: ======'clear'====== Args={'key': 'vuk'}
2025-11-29 11:19:50,675 : INFO : Mode.right_orbit : Stopped.
2025-11-29 11:19:50,675 : INFO : EventManager : Event: ======'modes_active_modes_changed'====== Args={}
2025-11-29 11:19:50,675 : INFO : EventManager : Event: ======'mode_right_orbit_stopped'====== Args={}
2025-11-29 11:19:50,675 : INFO : EventManager : Event: ======'clear'====== Args={'key': 'right_orbit'}
2025-11-29 11:19:50,675 : INFO : Mode.slingshots : Stopped.
2025-11-29 11:19:50,675 : INFO : EventManager : Event: ======'modes_active_modes_changed'====== Args={}
2025-11-29 11:19:50,675 : INFO : EventManager : Event: ======'mode_slingshots_stopped'====== Args={}
2025-11-29 11:19:50,675 : INFO : EventManager : Event: ======'clear'====== Args={'key': 'slingshots'}
2025-11-29 11:19:50,676 : INFO : Mode.carousel_mode_select : Stopped.
2025-11-29 11:19:50,676 : INFO : EventManager : Event: ======'modes_active_modes_changed'====== Args={}
2025-11-29 11:19:50,676 : INFO : EventManager : Event: ======'mode_carousel_mode_select_stopped'====== Args={}
2025-11-29 11:19:50,676 : INFO : EventManager : Event: ======'clear'====== Args={'key': 'carousel_mode_select'}
2025-11-29 11:19:50,676 : INFO : Mode.targets : Stopped.
2025-11-29 11:19:50,676 : INFO : EventManager : Event: ======'modes_active_modes_changed'====== Args={}
2025-11-29 11:19:50,676 : INFO : EventManager : Event: ======'mode_targets_stopped'====== Args={}
2025-11-29 11:19:50,677 : INFO : EventManager : Event: ======'clear'====== Args={'key': 'targets'}
2025-11-29 11:19:50,677 : INFO : Mode.dirtmouth : Stopped.
2025-11-29 11:19:50,677 : INFO : EventManager : Event: ======'modes_active_modes_changed'====== Args={}
2025-11-29 11:19:50,677 : INFO : EventManager : Event: ======'mode_dirtmouth_stopped'====== Args={}
2025-11-29 11:19:50,677 : INFO : EventManager : Event: ======'clear'====== Args={'key': 'dirtmouth'}
2025-11-29 11:19:50,678 : INFO : Mode.lanes : Stopped.
2025-11-29 11:19:50,678 : INFO : EventManager : Event: ======'modes_active_modes_changed'====== Args={}
2025-11-29 11:19:50,678 : INFO : EventManager : Event: ======'mode_lanes_stopped'====== Args={}
2025-11-29 11:19:50,678 : INFO : EventManager : Event: ======'clear'====== Args={'key': 'lanes'}
2025-11-29 11:19:50,678 : INFO : Mode.base : Stopped.
2025-11-29 11:19:50,678 : INFO : EventManager : Event: ======'modes_active_modes_changed'====== Args={}
2025-11-29 11:19:50,678 : INFO : EventManager : Event: ======'mode_base_stopped'====== Args={}
2025-11-29 11:19:50,678 : INFO : EventManager : Event: ======'clear'====== Args={'key': 'base'}
2025-11-29 11:19:50,678 : INFO : Mode.left_orbit : Stopped.
2025-11-29 11:19:50,678 : INFO : EventManager : Event: ======'modes_active_modes_changed'====== Args={}
2025-11-29 11:19:50,678 : INFO : EventManager : Event: ======'mode_left_orbit_stopped'====== Args={}
2025-11-29 11:19:50,678 : INFO : EventManager : Event: ======'clear'====== Args={'key': 'left_orbit'}
2025-11-29 11:19:50,679 : INFO : Mode.pop_bumper : Stopped.
2025-11-29 11:19:50,679 : INFO : EventManager : Event: ======'modes_active_modes_changed'====== Args={}
2025-11-29 11:19:50,679 : INFO : EventManager : Event: ======'mode_pop_bumper_stopped'====== Args={}
2025-11-29 11:19:50,679 : INFO : EventManager : Event: ======'clear'====== Args={'key': 'pop_bumper'}
2025-11-29 11:19:50,679 : INFO : Mode.game : Stopped.
2025-11-29 11:19:50,679 : INFO : EventManager : Event: ======'modes_active_modes_changed'====== Args={}
2025-11-29 11:19:50,679 : INFO : EventManager : Event: ======'mode_game_stopped'====== Args={}
2025-11-29 11:19:50,679 : INFO : EventManager : Event: ======'clear'====== Args={'key': 'game'}
2025-11-29 11:19:50,686 : INFO : root : MPF run loop ended.
