2025-11-24 20:56:05,355 : INFO : root : Loading config.
2025-11-24 20:56:05,357 : INFO : YamlMultifileConfigLoader : Machine config file #1: config.yaml
2025-11-24 20:56:05,357 : INFO : ConfigProcessor : Loading config from cache: /var/folders/k0/j_dpx55x4kndbs36pl2nt9l00000gn/T/92f7f295141fbdde09e201e7fd0f1349.mpf_cache
2025-11-24 20:56:05,382 : INFO : ConfigProcessor : Loading config from cache: /var/folders/k0/j_dpx55x4kndbs36pl2nt9l00000gn/T/7b77bdcd1da4c54cc720d492bab55a0d.mpf_cache
2025-11-24 20:56:05,382 : INFO : ConfigProcessor : Loading config from cache: /var/folders/k0/j_dpx55x4kndbs36pl2nt9l00000gn/T/501e18c1625d42f1ba9bf53b020c49c5.mpf_cache
2025-11-24 20:56:05,382 : INFO : ConfigProcessor : Loading config from cache: /var/folders/k0/j_dpx55x4kndbs36pl2nt9l00000gn/T/7b77bdcd1da4c54cc720d492bab55a0d.mpf_cache
2025-11-24 20:56:05,382 : INFO : ConfigProcessor : Loading config from cache: /var/folders/k0/j_dpx55x4kndbs36pl2nt9l00000gn/T/dda6f4da00898f9f0a4796a41d9a2ef0.mpf_cache
2025-11-24 20:56:05,383 : INFO : ConfigProcessor : Loading config from cache: /var/folders/k0/j_dpx55x4kndbs36pl2nt9l00000gn/T/522fc819f659907ecbd91e12554f307a.mpf_cache
2025-11-24 20:56:05,383 : INFO : Machine : Mission Pinball Framework Core Engine v0.80.0.dev11
2025-11-24 20:56:05,383 : INFO : Machine : Command line arguments: {'no_load_cache': False, 'create_config_cache': True, 'bcp': True, 'configfile': ['config.yaml'], 'force_assets_load': False, 'platform_integration_test': False, 'jsonlogging': False, 'logfile': 'logs/2025-11-24-20-56-05-mpf-Sams-MacBook-Air-2.local.log', 'pause': False, 'production': False, 'text_ui': False, 'loglevel': 15, 'consoleloglevel': 20, 'force_platform': 'virtual', 'syslog_address': None, 'full_logfile_path': '/Users/samhughes/Desktop/Hollow-Knight-Pinball/logs/2025-11-24-20-56-05-mpf-Sams-MacBook-Air-2.local.log'}
2025-11-24 20:56:05,383 : INFO : Machine : MPF path: /Users/samhughes/mpf/lib/python3.13/site-packages/mpf
2025-11-24 20:56:05,383 : INFO : Machine : Machine path: /Users/samhughes/Desktop/Hollow-Knight-Pinball
2025-11-24 20:56:05,383 : INFO : Machine : Platform: darwin
2025-11-24 20:56:05,383 : INFO : Machine : Python executable location: /Users/samhughes/mpf/bin/python3.13
2025-11-24 20:56:05,383 : INFO : Machine : Python version: 3.13.2 (64-bit)
2025-11-24 20:56:05,383 : INFO : Machine : Initializing MPF...
2025-11-24 20:56:05,412 : INFO : EventManager : Event: ======'machine_var_credits_string'====== Args={'value': 'FREE PLAY', 'prev_value': None, 'change': True}
2025-11-24 20:56:05,417 : INFO : EventManager : Event: ======'machine_var_master_volume'====== Args={'value': 0.5, 'prev_value': None, 'change': True}
2025-11-24 20:56:05,417 : INFO : EventManager : Event: ======'machine_var_mpf_version'====== Args={'value': 'Mission Pinball Framework v0.80.0.dev11', 'prev_value': None, 'change': True}
2025-11-24 20:56:05,417 : INFO : EventManager : Event: ======'machine_var_mpf_extended_version'====== Args={'value': 'Mission Pinball Framework v0.80.0.dev11, Config version:6, Show version: 6, BCP version:1.1', 'prev_value': None, 'change': True}
2025-11-24 20:56:05,417 : INFO : EventManager : Event: ======'machine_var_python_version'====== Args={'value': '3.13.2', 'prev_value': None, 'change': True}
2025-11-24 20:56:05,425 : INFO : EventManager : Event: ======'machine_var_platform'====== Args={'value': 'macOS-15.6.1-arm64-arm-64bit-Mach-O', 'prev_value': None, 'change': True}
2025-11-24 20:56:05,426 : INFO : EventManager : Event: ======'machine_var_platform_system'====== Args={'value': 'Darwin', 'prev_value': None, 'change': True}
2025-11-24 20:56:05,426 : INFO : EventManager : Event: ======'machine_var_platform_release'====== Args={'value': '24.6.0', 'prev_value': None, 'change': True}
2025-11-24 20:56:05,426 : INFO : EventManager : Event: ======'machine_var_platform_version'====== Args={'value': 'Darwin Kernel Version 24.6.0: Mon Jul 14 11:29:54 PDT 2025; root:xnu-11417.140.69~1/RELEASE_ARM64_T8122', 'prev_value': None, 'change': True}
2025-11-24 20:56:05,426 : INFO : EventManager : Event: ======'machine_var_platform_machine'====== Args={'value': 'arm64', 'prev_value': None, 'change': True}
2025-11-24 20:56:05,426 : INFO : EventManager : Event: ======'machine_var_log_file_path'====== Args={'value': '/Users/samhughes/Desktop/Hollow-Knight-Pinball/logs/2025-11-24-20-56-05-mpf-Sams-MacBook-Air-2.local.log', 'prev_value': None, 'change': True}
2025-11-24 20:56:05,426 : INFO : EventManager : Event: ======'init_phase_1'====== Args={}
2025-11-24 20:56:05,432 : INFO : EventManager : Event: ======'init_phase_2'====== Args={}
2025-11-24 20:56:05,432 : INFO : SwitchController : Found active switch: (1002, <Platform.Virtual>) <switch.s_trough_1>
2025-11-24 20:56:05,432 : INFO : SwitchController : Found active switch: (1003, <Platform.Virtual>) <switch.s_trough_2>
2025-11-24 20:56:05,432 : INFO : SwitchController : Found active switch: (1004, <Platform.Virtual>) <switch.s_trough_3>
2025-11-24 20:56:05,433 : INFO : EventManager : Event: ======'bcp_connection_attempt'====== Args={'name': 'local_display', 'host': 'localhost', 'port': 5050}
2025-11-24 20:56:05,434 : INFO : BCPClientSocket : Connecting BCP to 'local_display' at localhost:5050...
2025-11-24 20:56:05,437 : INFO : BCPClientSocket : Connected BCP to 'local_display' localhost:5050
2025-11-24 20:56:05,437 : INFO : EventManager : Event: ======'bcp_clients_connected'====== Args={}
2025-11-24 20:56:05,437 : INFO : ball_device.bd_trough : BCH: Initial count: 3
2025-11-24 20:56:05,437 : INFO : ball_device.bd_trough : State: idle
2025-11-24 20:56:05,437 : INFO : ball_device.bd_plunger : BCH: Initial count: 0
2025-11-24 20:56:05,437 : INFO : ball_device.bd_plunger : State: idle
2025-11-24 20:56:05,443 : INFO : EventManager : Event: ======'init_phase_3'====== Args={}
2025-11-24 20:56:05,443 : INFO : EventManager : Event: ======'init_phase_4'====== Args={}
2025-11-24 20:56:05,444 : INFO : BallController : Initial balls found: 3
2025-11-24 20:56:05,444 : INFO : EventManager : Event: ======'machine_var_audits_events_game_ended'====== Args={'value': 0, 'prev_value': None, 'change': True}
2025-11-24 20:56:05,444 : INFO : EventManager : Event: ======'machine_var_audits_events_game_started'====== Args={'value': 1, 'prev_value': None, 'change': True}
2025-11-24 20:56:05,444 : INFO : EventManager : Event: ======'machine_var_audits_missing_switches_s_back_left_target'====== Args={'value': 1, 'prev_value': None, 'change': True}
2025-11-24 20:56:05,444 : INFO : EventManager : Event: ======'machine_var_audits_missing_switches_s_back_middle_left_target'====== Args={'value': 1, 'prev_value': None, 'change': True}
2025-11-24 20:56:05,444 : INFO : EventManager : Event: ======'machine_var_audits_missing_switches_s_back_middle_right_target'====== Args={'value': 1, 'prev_value': None, 'change': True}
2025-11-24 20:56:05,444 : INFO : EventManager : Event: ======'machine_var_audits_missing_switches_s_back_right_target'====== Args={'value': 1, 'prev_value': None, 'change': True}
2025-11-24 20:56:05,444 : INFO : EventManager : Event: ======'machine_var_audits_missing_switches_s_bottom_left_slingshot'====== Args={'value': 1, 'prev_value': None, 'change': True}
2025-11-24 20:56:05,444 : INFO : EventManager : Event: ======'machine_var_audits_missing_switches_s_bottom_right_slingshot'====== Args={'value': 1, 'prev_value': None, 'change': True}
2025-11-24 20:56:05,444 : INFO : EventManager : Event: ======'machine_var_audits_missing_switches_s_front_left_target'====== Args={'value': 1, 'prev_value': None, 'change': True}
2025-11-24 20:56:05,444 : INFO : EventManager : Event: ======'machine_var_audits_missing_switches_s_front_middle_target'====== Args={'value': 1, 'prev_value': None, 'change': True}
2025-11-24 20:56:05,444 : INFO : EventManager : Event: ======'machine_var_audits_missing_switches_s_front_right_target'====== Args={'value': 1, 'prev_value': None, 'change': True}
2025-11-24 20:56:05,444 : INFO : EventManager : Event: ======'machine_var_audits_missing_switches_s_lane_to_pop'====== Args={'value': 1, 'prev_value': None, 'change': True}
2025-11-24 20:56:05,444 : INFO : EventManager : Event: ======'machine_var_audits_missing_switches_s_left_flipper'====== Args={'value': 1, 'prev_value': None, 'change': True}
2025-11-24 20:56:05,444 : INFO : EventManager : Event: ======'machine_var_audits_missing_switches_s_left_inlane'====== Args={'value': 1, 'prev_value': None, 'change': True}
2025-11-24 20:56:05,444 : INFO : EventManager : Event: ======'machine_var_audits_missing_switches_s_left_orbit'====== Args={'value': 1, 'prev_value': None, 'change': True}
2025-11-24 20:56:05,444 : INFO : EventManager : Event: ======'machine_var_audits_missing_switches_s_left_outlane'====== Args={'value': 1, 'prev_value': None, 'change': True}
2025-11-24 20:56:05,444 : INFO : EventManager : Event: ======'machine_var_audits_missing_switches_s_plunger_lane'====== Args={'value': 1, 'prev_value': None, 'change': True}
2025-11-24 20:56:05,444 : INFO : EventManager : Event: ======'machine_var_audits_missing_switches_s_pop_bumper'====== Args={'value': 1, 'prev_value': None, 'change': True}
2025-11-24 20:56:05,444 : INFO : EventManager : Event: ======'machine_var_audits_missing_switches_s_ramp'====== Args={'value': 1, 'prev_value': None, 'change': True}
2025-11-24 20:56:05,444 : INFO : EventManager : Event: ======'machine_var_audits_missing_switches_s_right_flipper'====== Args={'value': 1, 'prev_value': None, 'change': True}
2025-11-24 20:56:05,444 : INFO : EventManager : Event: ======'machine_var_audits_missing_switches_s_right_inlane'====== Args={'value': 1, 'prev_value': None, 'change': True}
2025-11-24 20:56:05,444 : INFO : EventManager : Event: ======'machine_var_audits_missing_switches_s_right_outlane'====== Args={'value': 1, 'prev_value': None, 'change': True}
2025-11-24 20:56:05,444 : INFO : EventManager : Event: ======'machine_var_audits_missing_switches_s_saucer'====== Args={'value': 1, 'prev_value': None, 'change': True}
2025-11-24 20:56:05,444 : INFO : EventManager : Event: ======'machine_var_audits_missing_switches_s_start'====== Args={'value': 1, 'prev_value': None, 'change': True}
2025-11-24 20:56:05,444 : INFO : EventManager : Event: ======'machine_var_audits_missing_switches_s_top_left_slingshot'====== Args={'value': 1, 'prev_value': None, 'change': True}
2025-11-24 20:56:05,444 : INFO : EventManager : Event: ======'machine_var_audits_missing_switches_s_top_right_slingshot'====== Args={'value': 1, 'prev_value': None, 'change': True}
2025-11-24 20:56:05,444 : INFO : EventManager : Event: ======'machine_var_audits_missing_switches_s_trough_1'====== Args={'value': 1, 'prev_value': None, 'change': True}
2025-11-24 20:56:05,444 : INFO : EventManager : Event: ======'machine_var_audits_missing_switches_s_trough_2'====== Args={'value': 1, 'prev_value': None, 'change': True}
2025-11-24 20:56:05,444 : INFO : EventManager : Event: ======'machine_var_audits_missing_switches_s_trough_3'====== Args={'value': 1, 'prev_value': None, 'change': True}
2025-11-24 20:56:05,444 : INFO : EventManager : Event: ======'machine_var_audits_missing_switches_s_vuk'====== Args={'value': 1, 'prev_value': None, 'change': True}
2025-11-24 20:56:05,444 : INFO : EventManager : Event: ======'machine_var_audits_player_score'====== Args={'value': {'average': 0, 'top': [], 'total': 0}, 'prev_value': None, 'change': True}
2025-11-24 20:56:05,444 : INFO : EventManager : Event: ======'machine_var_audits_shots_right_orbit'====== Args={'value': 4, 'prev_value': None, 'change': True}
2025-11-24 20:56:05,444 : INFO : EventManager : Event: ======'machine_var_audits_switches_s_back_left_target'====== Args={'value': 0, 'prev_value': None, 'change': True}
2025-11-24 20:56:05,444 : INFO : EventManager : Event: ======'machine_var_audits_switches_s_back_middle_left_target'====== Args={'value': 0, 'prev_value': None, 'change': True}
2025-11-24 20:56:05,444 : INFO : EventManager : Event: ======'machine_var_audits_switches_s_back_middle_right_target'====== Args={'value': 0, 'prev_value': None, 'change': True}
2025-11-24 20:56:05,444 : INFO : EventManager : Event: ======'machine_var_audits_switches_s_back_right_target'====== Args={'value': 0, 'prev_value': None, 'change': True}
2025-11-24 20:56:05,444 : INFO : EventManager : Event: ======'machine_var_audits_switches_s_bottom_left_slingshot'====== Args={'value': 0, 'prev_value': None, 'change': True}
2025-11-24 20:56:05,444 : INFO : EventManager : Event: ======'machine_var_audits_switches_s_bottom_right_slingshot'====== Args={'value': 0, 'prev_value': None, 'change': True}
2025-11-24 20:56:05,444 : INFO : EventManager : Event: ======'machine_var_audits_switches_s_front_left_target'====== Args={'value': 0, 'prev_value': None, 'change': True}
2025-11-24 20:56:05,444 : INFO : EventManager : Event: ======'machine_var_audits_switches_s_front_middle_target'====== Args={'value': 0, 'prev_value': None, 'change': True}
2025-11-24 20:56:05,444 : INFO : EventManager : Event: ======'machine_var_audits_switches_s_front_right_target'====== Args={'value': 0, 'prev_value': None, 'change': True}
2025-11-24 20:56:05,444 : INFO : EventManager : Event: ======'machine_var_audits_switches_s_lane_to_pop'====== Args={'value': 0, 'prev_value': None, 'change': True}
2025-11-24 20:56:05,444 : INFO : EventManager : Event: ======'machine_var_audits_switches_s_left_flipper'====== Args={'value': 0, 'prev_value': None, 'change': True}
2025-11-24 20:56:05,444 : INFO : EventManager : Event: ======'machine_var_audits_switches_s_left_inlane'====== Args={'value': 0, 'prev_value': None, 'change': True}
2025-11-24 20:56:05,444 : INFO : EventManager : Event: ======'machine_var_audits_switches_s_left_orbit'====== Args={'value': 0, 'prev_value': None, 'change': True}
2025-11-24 20:56:05,444 : INFO : EventManager : Event: ======'machine_var_audits_switches_s_left_outlane'====== Args={'value': 0, 'prev_value': None, 'change': True}
2025-11-24 20:56:05,444 : INFO : EventManager : Event: ======'machine_var_audits_switches_s_plunger_lane'====== Args={'value': 0, 'prev_value': None, 'change': True}
2025-11-24 20:56:05,444 : INFO : EventManager : Event: ======'machine_var_audits_switches_s_pop_bumper'====== Args={'value': 0, 'prev_value': None, 'change': True}
2025-11-24 20:56:05,444 : INFO : EventManager : Event: ======'machine_var_audits_switches_s_ramp'====== Args={'value': 0, 'prev_value': None, 'change': True}
2025-11-24 20:56:05,444 : INFO : EventManager : Event: ======'machine_var_audits_switches_s_right_flipper'====== Args={'value': 0, 'prev_value': None, 'change': True}
2025-11-24 20:56:05,444 : INFO : EventManager : Event: ======'machine_var_audits_switches_s_right_inlane'====== Args={'value': 0, 'prev_value': None, 'change': True}
2025-11-24 20:56:05,444 : INFO : EventManager : Event: ======'machine_var_audits_switches_s_right_orbit'====== Args={'value': 4, 'prev_value': None, 'change': True}
2025-11-24 20:56:05,444 : INFO : EventManager : Event: ======'machine_var_audits_switches_s_right_outlane'====== Args={'value': 0, 'prev_value': None, 'change': True}
2025-11-24 20:56:05,444 : INFO : EventManager : Event: ======'machine_var_audits_switches_s_saucer'====== Args={'value': 0, 'prev_value': None, 'change': True}
2025-11-24 20:56:05,444 : INFO : EventManager : Event: ======'machine_var_audits_switches_s_start'====== Args={'value': 0, 'prev_value': None, 'change': True}
2025-11-24 20:56:05,444 : INFO : EventManager : Event: ======'machine_var_audits_switches_s_top_left_slingshot'====== Args={'value': 0, 'prev_value': None, 'change': True}
2025-11-24 20:56:05,444 : INFO : EventManager : Event: ======'machine_var_audits_switches_s_top_right_slingshot'====== Args={'value': 0, 'prev_value': None, 'change': True}
2025-11-24 20:56:05,444 : INFO : EventManager : Event: ======'machine_var_audits_switches_s_trough_1'====== Args={'value': 0, 'prev_value': None, 'change': True}
2025-11-24 20:56:05,444 : INFO : EventManager : Event: ======'machine_var_audits_switches_s_trough_2'====== Args={'value': 0, 'prev_value': None, 'change': True}
2025-11-24 20:56:05,444 : INFO : EventManager : Event: ======'machine_var_audits_switches_s_trough_3'====== Args={'value': 0, 'prev_value': None, 'change': True}
2025-11-24 20:56:05,444 : INFO : EventManager : Event: ======'machine_var_audits_switches_s_vuk'====== Args={'value': 0, 'prev_value': None, 'change': True}
2025-11-24 20:56:05,445 : INFO : EventManager : Event: ======'init_phase_5'====== Args={}
2025-11-24 20:56:05,445 : INFO : EventManager : Event: ======'init_done'====== Args={}
2025-11-24 20:56:05,445 : INFO : EventManager : Event: ======'machine_reset_phase_1'====== Args={}
2025-11-24 20:56:05,453 : INFO : EventManager : Event: ======'machine_reset_phase_2'====== Args={}
2025-11-24 20:56:05,454 : INFO : EventManager : Event: ======'machine_reset_phase_3'====== Args={}
2025-11-24 20:56:05,454 : INFO : EventManager : Event: ======'reset_complete'====== Args={}
2025-11-24 20:56:05,454 : INFO : EventManager : Event: ======'mode_attract_will_start'====== Args={}
2025-11-24 20:56:05,454 : INFO : Timer.attract_carousel_timer : Starting Timer.
2025-11-24 20:56:05,454 : INFO : EventManager : Event: ======'timer_attract_carousel_timer_started'====== Args={'ticks': 0, 'ticks_remaining': 1}
2025-11-24 20:56:05,454 : INFO : EventManager : Event: ======'timer_attract_carousel_timer_tick'====== Args={'ticks': 0, 'ticks_remaining': 1}
2025-11-24 20:56:05,454 : INFO : EventManager : Event: ======'mode_attract_starting'====== Args={}
2025-11-24 20:56:05,454 : INFO : Mode.attract : Started. Priority: 10
2025-11-24 20:56:05,454 : INFO : EventManager : Event: ======'modes_active_modes_changed'====== Args={}
2025-11-24 20:56:05,454 : INFO : EventManager : Event: ======'mode_attract_started'====== Args={}
2025-11-24 20:56:05,455 : INFO : EventManager : Event: ======'collecting_balls_complete'====== Args={}
2025-11-24 20:56:05,455 : INFO : EventManager : Event: ======'carousel_item_highlighted'====== Args={'carousel': 'attract', 'direction': None, 'item': 'title'}
2025-11-24 20:56:05,455 : INFO : Machine : Starting the main run loop with active modes: [<Mode.attract>]
2025-11-24 20:56:05,560 : INFO : EventManager : Event: ======'slide_attract_created'====== Args={'_from_bcp': True}
2025-11-24 20:56:05,560 : INFO : EventManager : Event: ======'slide__removed'====== Args={'_from_bcp': True}
2025-11-24 20:56:05,560 : INFO : EventManager : Event: ======'slide_attract_active'====== Args={'original_context': 'attract', 'original_calling_context': 'mode_attract_started', 'priority': 10.0, 'cmd': 'slides_play', '_from_bcp': True}
2025-11-24 20:56:08,187 : INFO : SwitchController : <<<<<<< 's_start' active >>>>>>>
2025-11-24 20:56:08,271 : INFO : SwitchController : <<<<<<< 's_start' inactive >>>>>>>
2025-11-24 20:56:08,272 : INFO : EventManager : Event: ======'request_to_start_game'====== Args={}
2025-11-24 20:56:08,272 : INFO : EventManager : Event: ======'game_start'====== Args={'buttons': [], 'hold_time': 0.0839711659355089}
2025-11-24 20:56:08,272 : INFO : EventManager : Event: ======'mode_game_will_start'====== Args={'buttons': [], 'hold_time': 0.0839711659355089}
2025-11-24 20:56:08,274 : INFO : EventManager : Event: ======'mode_game_starting'====== Args={'buttons': [], 'hold_time': 0.0839711659355089}
2025-11-24 20:56:08,274 : INFO : EventManager : Event: ======'mode_attract_will_stop'====== Args={}
2025-11-24 20:56:08,274 : INFO : EventManager : Event: ======'mode_attract_stopping'====== Args={}
2025-11-24 20:56:08,274 : INFO : Mode.attract : Stopped.
2025-11-24 20:56:08,274 : INFO : EventManager : Event: ======'modes_active_modes_changed'====== Args={}
2025-11-24 20:56:08,275 : INFO : EventManager : Event: ======'mode_attract_stopped'====== Args={}
2025-11-24 20:56:08,275 : INFO : EventManager : Event: ======'clear'====== Args={'key': 'attract'}
2025-11-24 20:56:08,276 : INFO : Timer.attract_carousel_timer : Stopping Timer
2025-11-24 20:56:08,276 : INFO : EventManager : Event: ======'timer_attract_carousel_timer_stopped'====== Args={'ticks': 0, 'ticks_remaining': 1}
2025-11-24 20:56:08,276 : INFO : Mode.game : Started. Priority: 20
2025-11-24 20:56:08,276 : INFO : EventManager : Event: ======'modes_active_modes_changed'====== Args={}
2025-11-24 20:56:08,276 : INFO : EventManager : Event: ======'mode_game_started'====== Args={'buttons': [], 'hold_time': 0.0839711659355089}
2025-11-24 20:56:08,278 : INFO : EventManager : Event: ======'game_will_start'====== Args={}
2025-11-24 20:56:08,278 : INFO : EventManager : Event: ======'game_starting'====== Args={'game': <Mode.game>}
2025-11-24 20:56:08,279 : INFO : EventManager : Unordered handler for class <Auditor> on event game_ended with priority 1. Handlers: [RegisteredHandler(callback=<bound method Auditor.disable of <Auditor>>, priority=1, kwargs={}, key=UUID('e9b9e0ca-cb4f-4cd4-ad65-0304714a2ce9'), condition=None, blocking_facility=None), RegisteredHandler(callback=<bound method Auditor._save_audits of <Auditor>>, priority=1, kwargs={}, key=UUID('e7c0583b-d97d-456a-873c-925bfb1371eb'), condition=None, blocking_facility=None)]. The order of those handlers is not defined and they will be executed in random order. This might lead to race conditions and potential bugs.
2025-11-24 20:56:08,279 : INFO : EventManager : Event: ======'player_add_request'====== Args={}
2025-11-24 20:56:08,279 : INFO : EventManager : Event: ======'player_will_add'====== Args={'number': 1}
2025-11-24 20:56:08,280 : INFO : EventManager : Event: ======'player_adding'====== Args={'player': <Player 1>, 'number': 1}
2025-11-24 20:56:08,280 : INFO : EventManager : Event: ======'player_added'====== Args={'player': <Player 1>, 'num': 1}
2025-11-24 20:56:08,280 : INFO : Mode.game : Player added successfully. Total players: 1
2025-11-24 20:56:08,280 : INFO : EventManager : Event: ======'player_index'====== Args={'value': 0, 'prev_value': 0, 'change': 0, 'player_num': 1}
2025-11-24 20:56:08,280 : INFO : EventManager : Event: ======'player_number'====== Args={'value': 1, 'prev_value': 1, 'change': 0, 'player_num': 1}
2025-11-24 20:56:08,281 : INFO : EventManager : Event: ======'player_score'====== Args={'value': 0, 'prev_value': 0, 'change': 0, 'player_num': 1}
2025-11-24 20:56:08,281 : INFO : EventManager : Event: ======'game_started'====== Args={}
2025-11-24 20:56:08,282 : INFO : EventManager : Event: ======'player_turn_will_start'====== Args={'player': <Player 1>, 'number': 1}
2025-11-24 20:56:08,282 : INFO : EventManager : Event: ======'player_turn_starting'====== Args={'player': <Player 1>, 'number': 1}
2025-11-24 20:56:08,288 : INFO : EventManager : Event: ======'player_ball'====== Args={'value': 1, 'prev_value': 0, 'change': 1, 'player_num': 1}
2025-11-24 20:56:08,291 : INFO : EventManager : Event: ======'player_turn_started'====== Args={'player': <Player 1>, 'number': 1}
2025-11-24 20:56:08,291 : INFO : EventManager : Event: ======'ball_will_start'====== Args={'player': 1, 'ball': 1, 'balls_remaining': 2, 'is_extra_ball': False}
2025-11-24 20:56:08,291 : INFO : EventManager : Event: ======'ball_starting'====== Args={'player': 1, 'ball': 1, 'balls_remaining': 2, 'is_extra_ball': False}
2025-11-24 20:56:08,292 : INFO : EventManager : Event: ======'mode_base_will_start'====== Args={'queue': <QueuedEvent>, 'player': 1, 'ball': 1, 'balls_remaining': 2, 'is_extra_ball': False}
2025-11-24 20:56:08,293 : INFO : EventManager : Event: ======'mode_base_starting'====== Args={'queue': <QueuedEvent>, 'player': 1, 'ball': 1, 'balls_remaining': 2, 'is_extra_ball': False}
2025-11-24 20:56:08,293 : INFO : Mode.base : Started. Priority: 100
2025-11-24 20:56:08,293 : INFO : EventManager : Event: ======'modes_active_modes_changed'====== Args={}
2025-11-24 20:56:08,293 : INFO : EventManager : Event: ======'mode_base_started'====== Args={'queue': <QueuedEvent>, 'player': 1, 'ball': 1, 'balls_remaining': 2, 'is_extra_ball': False}
2025-11-24 20:56:08,294 : INFO : EventManager : Event: ======'start_mode_right_orbit'====== Args={'priority': 0}
2025-11-24 20:56:08,294 : INFO : EventManager : Event: ======'mode_right_orbit_will_start'====== Args={'priority': 0}
2025-11-24 20:56:08,294 : INFO : EventManager : Event: ======'player_shot_right_orbit_enabled'====== Args={'value': True, 'prev_value': 0, 'change': 1, 'player_num': 1}
2025-11-24 20:56:08,295 : INFO : EventManager : Event: ======'mode_right_orbit_starting'====== Args={'priority': 0}
2025-11-24 20:56:08,295 : INFO : Mode.right_orbit : Started. Priority: 200
2025-11-24 20:56:08,295 : INFO : EventManager : Event: ======'modes_active_modes_changed'====== Args={}
2025-11-24 20:56:08,295 : INFO : EventManager : Event: ======'mode_right_orbit_started'====== Args={'priority': 0}
2025-11-24 20:56:08,295 : INFO : EventManager : Event: ======'balls_in_play'====== Args={'balls': 1}
2025-11-24 20:56:08,296 : INFO : EventManager : Event: ======'ball_started'====== Args={'player': 1, 'ball': 1, 'balls_remaining': 2, 'is_extra_ball': False}
2025-11-24 20:56:08,296 : INFO : EventManager : Event: ======'single_player_ball_started'====== Args={}
2025-11-24 20:56:08,296 : INFO : EventManager : Event: ======'ball_start_target'====== Args={'target': 'playfield'}
2025-11-24 20:56:08,297 : INFO : ball_device.bd_trough : Setting up player-controlled eject. Balls: 1, Target: <playfield.playfield>, player_controlled_eject_event: None
2025-11-24 20:56:08,297 : INFO : ball_device.bd_trough : Adding 1 ball(s) to the eject_queue with target <playfield.playfield>.
2025-11-24 20:56:08,297 : INFO : EventManager : Event: ======'balldevice_balls_available'====== Args={}
2025-11-24 20:56:08,297 : INFO : ball_device.bd_trough : State: waiting_for_target_ready
2025-11-24 20:56:08,297 : INFO : EventManager : Event: ======'balldevice_bd_trough_ball_eject_attempt'====== Args={'balls': 1, 'target': <ball_device.bd_plunger>, 'source': <ball_device.bd_trough>, 'mechanical_eject': False, 'num_attempts': 0}
2025-11-24 20:56:08,297 : INFO : ball_device.bd_plunger : State: waiting_for_ball
2025-11-24 20:56:08,298 : INFO : ball_device.bd_trough : State: ejecting
2025-11-24 20:56:08,298 : INFO : ball_device.bd_trough : Ejecting ball to <ball_device.bd_plunger>
2025-11-24 20:56:08,298 : INFO : EventManager : Event: ======'balldevice_bd_trough_ejecting_ball'====== Args={'balls': 1, 'target': <ball_device.bd_plunger>, 'source': <ball_device.bd_trough>, 'mechanical_eject': False, 'num_attempts': 0}
2025-11-24 20:56:08,298 : INFO : ball_device.bd_trough : Wait for ball to leave device
2025-11-24 20:56:08,298 : INFO : coil.c_trough_eject : Pulsing Driver for 10ms (1.0 pulse_power)
2025-11-24 20:56:08,339 : INFO : EventManager : Event: ======'slide_base_created'====== Args={'_from_bcp': True}
2025-11-24 20:56:08,340 : INFO : EventManager : Event: ======'slide_attract_inactive'====== Args={'is_removing': True, '_from_bcp': True}
2025-11-24 20:56:08,340 : INFO : EventManager : Event: ======'slide_base_active'====== Args={'original_context': 'base', 'original_calling_context': 'mode_base_started', 'priority': 100.0, 'queue': '<QueuedEvent>', 'player': 1.0, 'ball': 1.0, 'balls_remaining': 2.0, 'is_extra_ball': False, 'cmd': 'slides_play', '_from_bcp': True}
2025-11-24 20:56:08,341 : INFO : EventManager : Event: ======'slide_attract_removed'====== Args={'_from_bcp': True}
2025-11-24 20:56:13,621 : INFO : SwitchController : <<<<<<< 's_right_orbit' active >>>>>>>
2025-11-24 20:56:13,621 : INFO : EventManager : Event: ======'playfield_active'====== Args={'source': 'right_orbit'}
2025-11-24 20:56:13,621 : INFO : EventManager : Event: ======'unexpected_ball_on_playfield'====== Args={}
2025-11-24 20:56:13,621 : INFO : EventManager : Event: ======'s_right_orbit_active'====== Args={}
2025-11-24 20:56:13,621 : INFO : EventManager : Event: ======'machine_var_audits_switches_s_right_orbit'====== Args={'value': 5, 'prev_value': 4, 'change': 1}
2025-11-24 20:56:13,623 : INFO : EventManager : Event: ======'player_shot_right_orbit'====== Args={'value': 1, 'prev_value': 0, 'change': 1, 'player_num': 1}
2025-11-24 20:56:13,629 : INFO : EventManager : Event: ======'machine_var_audits_shots_right_orbit'====== Args={'value': 5, 'prev_value': 4, 'change': 1}
2025-11-24 20:56:13,630 : INFO : EventManager : Event: ======'right_orbit_hit'====== Args={'profile': 'default', 'state': 'unlit', 'advancing': True}
2025-11-24 20:56:13,630 : INFO : EventManager : Event: ======'right_orbit_default_hit'====== Args={'profile': 'default', 'state': 'unlit', 'advancing': True}
2025-11-24 20:56:13,630 : INFO : EventManager : Event: ======'right_orbit_default_unlit_hit'====== Args={'profile': 'default', 'state': 'unlit', 'advancing': True}
2025-11-24 20:56:13,630 : INFO : EventManager : Event: ======'right_orbit_unlit_hit'====== Args={'profile': 'default', 'state': 'unlit', 'advancing': True}
2025-11-24 20:56:13,630 : INFO : EventManager : Event: ======'player_scores'====== Args={'value': 5000, 'prev_value': 0, 'change': 5000, 'player_num': 1, 'source': 'right_orbit'}
2025-11-24 20:56:13,738 : INFO : SwitchController : <<<<<<< 's_right_orbit' inactive >>>>>>>
2025-11-24 20:56:14,854 : INFO : SwitchController : <<<<<<< 's_plunger_lane' active >>>>>>>
2025-11-24 20:56:14,854 : INFO : EventManager : Event: ======'machine_var_audits_switches_s_plunger_lane'====== Args={'value': 1, 'prev_value': 0, 'change': 1}
2025-11-24 20:56:15,005 : INFO : SwitchController : <<<<<<< 's_plunger_lane' inactive >>>>>>>
2025-11-24 20:56:16,437 : INFO : SwitchController : <<<<<<< 's_right_orbit' active >>>>>>>
2025-11-24 20:56:16,438 : INFO : EventManager : Event: ======'playfield_active'====== Args={'source': 'right_orbit'}
2025-11-24 20:56:16,438 : INFO : EventManager : Event: ======'unexpected_ball_on_playfield'====== Args={}
2025-11-24 20:56:16,438 : INFO : EventManager : Event: ======'s_right_orbit_active'====== Args={}
2025-11-24 20:56:16,438 : INFO : EventManager : Event: ======'machine_var_audits_switches_s_right_orbit'====== Args={'value': 6, 'prev_value': 5, 'change': 1}
2025-11-24 20:56:16,439 : INFO : EventManager : Event: ======'machine_var_audits_shots_right_orbit'====== Args={'value': 6, 'prev_value': 5, 'change': 1}
2025-11-24 20:56:16,439 : INFO : EventManager : Event: ======'right_orbit_hit'====== Args={'profile': 'default', 'state': 'lit', 'advancing': False}
2025-11-24 20:56:16,439 : INFO : EventManager : Event: ======'right_orbit_default_hit'====== Args={'profile': 'default', 'state': 'lit', 'advancing': False}
2025-11-24 20:56:16,439 : INFO : EventManager : Event: ======'right_orbit_default_lit_hit'====== Args={'profile': 'default', 'state': 'lit', 'advancing': False}
2025-11-24 20:56:16,440 : INFO : EventManager : Event: ======'right_orbit_lit_hit'====== Args={'profile': 'default', 'state': 'lit', 'advancing': False}
2025-11-24 20:56:16,440 : INFO : EventManager : Event: ======'player_scores'====== Args={'value': 10000, 'prev_value': 5000, 'change': 5000, 'player_num': 1, 'source': 'right_orbit'}
2025-11-24 20:56:16,554 : INFO : SwitchController : <<<<<<< 's_right_orbit' inactive >>>>>>>
2025-11-24 20:56:16,754 : INFO : SwitchController : <<<<<<< 's_right_orbit' active >>>>>>>
2025-11-24 20:56:16,754 : INFO : EventManager : Event: ======'playfield_active'====== Args={'source': 'right_orbit'}
2025-11-24 20:56:16,754 : INFO : EventManager : Event: ======'unexpected_ball_on_playfield'====== Args={}
2025-11-24 20:56:16,754 : INFO : EventManager : Event: ======'s_right_orbit_active'====== Args={}
2025-11-24 20:56:16,754 : INFO : EventManager : Event: ======'machine_var_audits_switches_s_right_orbit'====== Args={'value': 7, 'prev_value': 6, 'change': 1}
2025-11-24 20:56:16,755 : INFO : EventManager : Event: ======'machine_var_audits_shots_right_orbit'====== Args={'value': 7, 'prev_value': 6, 'change': 1}
2025-11-24 20:56:16,755 : INFO : EventManager : Event: ======'right_orbit_hit'====== Args={'profile': 'default', 'state': 'lit', 'advancing': False}
2025-11-24 20:56:16,755 : INFO : EventManager : Event: ======'right_orbit_default_hit'====== Args={'profile': 'default', 'state': 'lit', 'advancing': False}
2025-11-24 20:56:16,755 : INFO : EventManager : Event: ======'right_orbit_default_lit_hit'====== Args={'profile': 'default', 'state': 'lit', 'advancing': False}
2025-11-24 20:56:16,755 : INFO : EventManager : Event: ======'right_orbit_lit_hit'====== Args={'profile': 'default', 'state': 'lit', 'advancing': False}
2025-11-24 20:56:16,755 : INFO : EventManager : Event: ======'player_scores'====== Args={'value': 15000, 'prev_value': 10000, 'change': 5000, 'player_num': 1, 'source': 'right_orbit'}
2025-11-24 20:56:16,870 : INFO : SwitchController : <<<<<<< 's_right_orbit' inactive >>>>>>>
2025-11-24 20:56:17,020 : INFO : SwitchController : <<<<<<< 's_plunger_lane' active >>>>>>>
2025-11-24 20:56:17,021 : INFO : EventManager : Event: ======'machine_var_audits_switches_s_plunger_lane'====== Args={'value': 2, 'prev_value': 1, 'change': 1}
2025-11-24 20:56:17,121 : INFO : SwitchController : <<<<<<< 's_plunger_lane' inactive >>>>>>>
2025-11-24 20:56:17,204 : INFO : SwitchController : <<<<<<< 's_right_orbit' active >>>>>>>
2025-11-24 20:56:17,204 : INFO : EventManager : Event: ======'playfield_active'====== Args={'source': 'right_orbit'}
2025-11-24 20:56:17,205 : INFO : EventManager : Event: ======'unexpected_ball_on_playfield'====== Args={}
2025-11-24 20:56:17,205 : INFO : EventManager : Event: ======'s_right_orbit_active'====== Args={}
2025-11-24 20:56:17,205 : INFO : EventManager : Event: ======'machine_var_audits_switches_s_right_orbit'====== Args={'value': 8, 'prev_value': 7, 'change': 1}
2025-11-24 20:56:17,206 : INFO : EventManager : Event: ======'machine_var_audits_shots_right_orbit'====== Args={'value': 8, 'prev_value': 7, 'change': 1}
2025-11-24 20:56:17,206 : INFO : EventManager : Event: ======'right_orbit_hit'====== Args={'profile': 'default', 'state': 'lit', 'advancing': False}
2025-11-24 20:56:17,206 : INFO : EventManager : Event: ======'right_orbit_default_hit'====== Args={'profile': 'default', 'state': 'lit', 'advancing': False}
2025-11-24 20:56:17,206 : INFO : EventManager : Event: ======'right_orbit_default_lit_hit'====== Args={'profile': 'default', 'state': 'lit', 'advancing': False}
2025-11-24 20:56:17,206 : INFO : EventManager : Event: ======'right_orbit_lit_hit'====== Args={'profile': 'default', 'state': 'lit', 'advancing': False}
2025-11-24 20:56:17,206 : INFO : EventManager : Event: ======'player_scores'====== Args={'value': 20000, 'prev_value': 15000, 'change': 5000, 'player_num': 1, 'source': 'right_orbit'}
2025-11-24 20:56:17,304 : INFO : SwitchController : <<<<<<< 's_plunger_lane' active >>>>>>>
2025-11-24 20:56:17,305 : INFO : EventManager : Event: ======'machine_var_audits_switches_s_plunger_lane'====== Args={'value': 3, 'prev_value': 2, 'change': 1}
2025-11-24 20:56:17,320 : INFO : SwitchController : <<<<<<< 's_right_orbit' inactive >>>>>>>
2025-11-24 20:56:17,404 : INFO : SwitchController : <<<<<<< 's_plunger_lane' inactive >>>>>>>
2025-11-24 20:56:17,470 : INFO : SwitchController : <<<<<<< 's_right_orbit' active >>>>>>>
2025-11-24 20:56:17,471 : INFO : EventManager : Event: ======'playfield_active'====== Args={'source': 'right_orbit'}
2025-11-24 20:56:17,471 : INFO : EventManager : Event: ======'unexpected_ball_on_playfield'====== Args={}
2025-11-24 20:56:17,471 : INFO : EventManager : Event: ======'s_right_orbit_active'====== Args={}
2025-11-24 20:56:17,471 : INFO : EventManager : Event: ======'machine_var_audits_switches_s_right_orbit'====== Args={'value': 9, 'prev_value': 8, 'change': 1}
2025-11-24 20:56:17,472 : INFO : EventManager : Event: ======'machine_var_audits_shots_right_orbit'====== Args={'value': 9, 'prev_value': 8, 'change': 1}
2025-11-24 20:56:17,472 : INFO : EventManager : Event: ======'right_orbit_hit'====== Args={'profile': 'default', 'state': 'lit', 'advancing': False}
2025-11-24 20:56:17,472 : INFO : EventManager : Event: ======'right_orbit_default_hit'====== Args={'profile': 'default', 'state': 'lit', 'advancing': False}
2025-11-24 20:56:17,473 : INFO : EventManager : Event: ======'right_orbit_default_lit_hit'====== Args={'profile': 'default', 'state': 'lit', 'advancing': False}
2025-11-24 20:56:17,473 : INFO : EventManager : Event: ======'right_orbit_lit_hit'====== Args={'profile': 'default', 'state': 'lit', 'advancing': False}
2025-11-24 20:56:17,473 : INFO : EventManager : Event: ======'player_scores'====== Args={'value': 25000, 'prev_value': 20000, 'change': 5000, 'player_num': 1, 'source': 'right_orbit'}
2025-11-24 20:56:17,537 : INFO : SwitchController : <<<<<<< 's_plunger_lane' active >>>>>>>
2025-11-24 20:56:17,538 : INFO : EventManager : Event: ======'machine_var_audits_switches_s_plunger_lane'====== Args={'value': 4, 'prev_value': 3, 'change': 1}
2025-11-24 20:56:17,553 : INFO : SwitchController : <<<<<<< 's_right_orbit' inactive >>>>>>>
2025-11-24 20:56:17,637 : INFO : SwitchController : <<<<<<< 's_plunger_lane' inactive >>>>>>>
2025-11-24 20:56:17,670 : INFO : SwitchController : <<<<<<< 's_right_orbit' active >>>>>>>
2025-11-24 20:56:17,671 : INFO : EventManager : Event: ======'playfield_active'====== Args={'source': 'right_orbit'}
2025-11-24 20:56:17,671 : INFO : EventManager : Event: ======'unexpected_ball_on_playfield'====== Args={}
2025-11-24 20:56:17,671 : INFO : EventManager : Event: ======'s_right_orbit_active'====== Args={}
2025-11-24 20:56:17,671 : INFO : EventManager : Event: ======'machine_var_audits_switches_s_right_orbit'====== Args={'value': 10, 'prev_value': 9, 'change': 1}
2025-11-24 20:56:17,672 : INFO : EventManager : Event: ======'machine_var_audits_shots_right_orbit'====== Args={'value': 10, 'prev_value': 9, 'change': 1}
2025-11-24 20:56:17,672 : INFO : EventManager : Event: ======'right_orbit_hit'====== Args={'profile': 'default', 'state': 'lit', 'advancing': False}
2025-11-24 20:56:17,672 : INFO : EventManager : Event: ======'right_orbit_default_hit'====== Args={'profile': 'default', 'state': 'lit', 'advancing': False}
2025-11-24 20:56:17,673 : INFO : EventManager : Event: ======'right_orbit_default_lit_hit'====== Args={'profile': 'default', 'state': 'lit', 'advancing': False}
2025-11-24 20:56:17,673 : INFO : EventManager : Event: ======'right_orbit_lit_hit'====== Args={'profile': 'default', 'state': 'lit', 'advancing': False}
2025-11-24 20:56:17,673 : INFO : EventManager : Event: ======'player_scores'====== Args={'value': 30000, 'prev_value': 25000, 'change': 5000, 'player_num': 1, 'source': 'right_orbit'}
2025-11-24 20:56:17,753 : INFO : SwitchController : <<<<<<< 's_plunger_lane' active >>>>>>>
2025-11-24 20:56:17,753 : INFO : EventManager : Event: ======'machine_var_audits_switches_s_plunger_lane'====== Args={'value': 5, 'prev_value': 4, 'change': 1}
2025-11-24 20:56:17,771 : INFO : SwitchController : <<<<<<< 's_right_orbit' inactive >>>>>>>
2025-11-24 20:56:17,854 : INFO : SwitchController : <<<<<<< 's_plunger_lane' inactive >>>>>>>
2025-11-24 20:56:17,904 : INFO : SwitchController : <<<<<<< 's_right_orbit' active >>>>>>>
2025-11-24 20:56:17,904 : INFO : EventManager : Event: ======'playfield_active'====== Args={'source': 'right_orbit'}
2025-11-24 20:56:17,904 : INFO : EventManager : Event: ======'unexpected_ball_on_playfield'====== Args={}
2025-11-24 20:56:17,904 : INFO : EventManager : Event: ======'s_right_orbit_active'====== Args={}
2025-11-24 20:56:17,904 : INFO : EventManager : Event: ======'machine_var_audits_switches_s_right_orbit'====== Args={'value': 11, 'prev_value': 10, 'change': 1}
2025-11-24 20:56:17,906 : INFO : EventManager : Event: ======'machine_var_audits_shots_right_orbit'====== Args={'value': 11, 'prev_value': 10, 'change': 1}
2025-11-24 20:56:17,906 : INFO : EventManager : Event: ======'right_orbit_hit'====== Args={'profile': 'default', 'state': 'lit', 'advancing': False}
2025-11-24 20:56:17,907 : INFO : EventManager : Event: ======'right_orbit_default_hit'====== Args={'profile': 'default', 'state': 'lit', 'advancing': False}
2025-11-24 20:56:17,907 : INFO : EventManager : Event: ======'right_orbit_default_lit_hit'====== Args={'profile': 'default', 'state': 'lit', 'advancing': False}
2025-11-24 20:56:17,907 : INFO : EventManager : Event: ======'right_orbit_lit_hit'====== Args={'profile': 'default', 'state': 'lit', 'advancing': False}
2025-11-24 20:56:17,907 : INFO : EventManager : Event: ======'player_scores'====== Args={'value': 35000, 'prev_value': 30000, 'change': 5000, 'player_num': 1, 'source': 'right_orbit'}
2025-11-24 20:56:17,971 : INFO : SwitchController : <<<<<<< 's_plunger_lane' active >>>>>>>
2025-11-24 20:56:17,971 : INFO : EventManager : Event: ======'machine_var_audits_switches_s_plunger_lane'====== Args={'value': 6, 'prev_value': 5, 'change': 1}
2025-11-24 20:56:17,988 : INFO : SwitchController : <<<<<<< 's_right_orbit' inactive >>>>>>>
2025-11-24 20:56:18,087 : INFO : SwitchController : <<<<<<< 's_plunger_lane' inactive >>>>>>>
2025-11-24 20:56:18,121 : INFO : SwitchController : <<<<<<< 's_right_orbit' active >>>>>>>
2025-11-24 20:56:18,122 : INFO : EventManager : Event: ======'playfield_active'====== Args={'source': 'right_orbit'}
2025-11-24 20:56:18,122 : INFO : EventManager : Event: ======'unexpected_ball_on_playfield'====== Args={}
2025-11-24 20:56:18,122 : INFO : EventManager : Event: ======'s_right_orbit_active'====== Args={}
2025-11-24 20:56:18,122 : INFO : EventManager : Event: ======'machine_var_audits_switches_s_right_orbit'====== Args={'value': 12, 'prev_value': 11, 'change': 1}
2025-11-24 20:56:18,123 : INFO : EventManager : Event: ======'machine_var_audits_shots_right_orbit'====== Args={'value': 12, 'prev_value': 11, 'change': 1}
2025-11-24 20:56:18,123 : INFO : EventManager : Event: ======'right_orbit_hit'====== Args={'profile': 'default', 'state': 'lit', 'advancing': False}
2025-11-24 20:56:18,123 : INFO : EventManager : Event: ======'right_orbit_default_hit'====== Args={'profile': 'default', 'state': 'lit', 'advancing': False}
2025-11-24 20:56:18,123 : INFO : EventManager : Event: ======'right_orbit_default_lit_hit'====== Args={'profile': 'default', 'state': 'lit', 'advancing': False}
2025-11-24 20:56:18,123 : INFO : EventManager : Event: ======'right_orbit_lit_hit'====== Args={'profile': 'default', 'state': 'lit', 'advancing': False}
2025-11-24 20:56:18,123 : INFO : EventManager : Event: ======'player_scores'====== Args={'value': 40000, 'prev_value': 35000, 'change': 5000, 'player_num': 1, 'source': 'right_orbit'}
2025-11-24 20:56:18,204 : INFO : SwitchController : <<<<<<< 's_plunger_lane' active >>>>>>>
2025-11-24 20:56:18,205 : INFO : EventManager : Event: ======'machine_var_audits_switches_s_plunger_lane'====== Args={'value': 7, 'prev_value': 6, 'change': 1}
2025-11-24 20:56:18,221 : INFO : SwitchController : <<<<<<< 's_right_orbit' inactive >>>>>>>
2025-11-24 20:56:18,300 : INFO : EventManager : Event: ======'balldevice_bd_trough_ball_eject_failed'====== Args={'target': <ball_device.bd_plunger>, 'balls': 1, 'retry': True, 'num_attempts': 1}
2025-11-24 20:56:18,302 : INFO : ball_device.bd_trough : State: waiting_for_target_ready
2025-11-24 20:56:18,302 : INFO : EventManager : Event: ======'balldevice_bd_trough_ball_eject_attempt'====== Args={'balls': 1, 'target': <ball_device.bd_plunger>, 'source': <ball_device.bd_trough>, 'mechanical_eject': False, 'num_attempts': 1}
2025-11-24 20:56:18,304 : INFO : SwitchController : <<<<<<< 's_plunger_lane' inactive >>>>>>>
2025-11-24 20:56:18,371 : INFO : SwitchController : <<<<<<< 's_right_orbit' active >>>>>>>
2025-11-24 20:56:18,371 : INFO : EventManager : Event: ======'playfield_active'====== Args={'source': 'right_orbit'}
2025-11-24 20:56:18,371 : INFO : EventManager : Event: ======'unexpected_ball_on_playfield'====== Args={}
2025-11-24 20:56:18,371 : INFO : EventManager : Event: ======'s_right_orbit_active'====== Args={}
2025-11-24 20:56:18,371 : INFO : EventManager : Event: ======'machine_var_audits_switches_s_right_orbit'====== Args={'value': 13, 'prev_value': 12, 'change': 1}
2025-11-24 20:56:18,372 : INFO : EventManager : Event: ======'machine_var_audits_shots_right_orbit'====== Args={'value': 13, 'prev_value': 12, 'change': 1}
2025-11-24 20:56:18,373 : INFO : EventManager : Event: ======'right_orbit_hit'====== Args={'profile': 'default', 'state': 'lit', 'advancing': False}
2025-11-24 20:56:18,373 : INFO : EventManager : Event: ======'right_orbit_default_hit'====== Args={'profile': 'default', 'state': 'lit', 'advancing': False}
2025-11-24 20:56:18,373 : INFO : EventManager : Event: ======'right_orbit_default_lit_hit'====== Args={'profile': 'default', 'state': 'lit', 'advancing': False}
2025-11-24 20:56:18,373 : INFO : EventManager : Event: ======'right_orbit_lit_hit'====== Args={'profile': 'default', 'state': 'lit', 'advancing': False}
2025-11-24 20:56:18,373 : INFO : EventManager : Event: ======'player_scores'====== Args={'value': 45000, 'prev_value': 40000, 'change': 5000, 'player_num': 1, 'source': 'right_orbit'}
2025-11-24 20:56:18,437 : INFO : SwitchController : <<<<<<< 's_plunger_lane' active >>>>>>>
2025-11-24 20:56:18,438 : INFO : EventManager : Event: ======'machine_var_audits_switches_s_plunger_lane'====== Args={'value': 8, 'prev_value': 7, 'change': 1}
2025-11-24 20:56:18,438 : INFO : SwitchController : <<<<<<< 's_right_orbit' inactive >>>>>>>
2025-11-24 20:56:18,537 : INFO : SwitchController : <<<<<<< 's_plunger_lane' inactive >>>>>>>
2025-11-24 20:56:18,587 : INFO : SwitchController : <<<<<<< 's_right_orbit' active >>>>>>>
2025-11-24 20:56:18,587 : INFO : EventManager : Event: ======'playfield_active'====== Args={'source': 'right_orbit'}
2025-11-24 20:56:18,587 : INFO : EventManager : Event: ======'unexpected_ball_on_playfield'====== Args={}
2025-11-24 20:56:18,587 : INFO : EventManager : Event: ======'s_right_orbit_active'====== Args={}
2025-11-24 20:56:18,588 : INFO : EventManager : Event: ======'machine_var_audits_switches_s_right_orbit'====== Args={'value': 14, 'prev_value': 13, 'change': 1}
2025-11-24 20:56:18,589 : INFO : EventManager : Event: ======'machine_var_audits_shots_right_orbit'====== Args={'value': 14, 'prev_value': 13, 'change': 1}
2025-11-24 20:56:18,589 : INFO : EventManager : Event: ======'right_orbit_hit'====== Args={'profile': 'default', 'state': 'lit', 'advancing': False}
2025-11-24 20:56:18,589 : INFO : EventManager : Event: ======'right_orbit_default_hit'====== Args={'profile': 'default', 'state': 'lit', 'advancing': False}
2025-11-24 20:56:18,589 : INFO : EventManager : Event: ======'right_orbit_default_lit_hit'====== Args={'profile': 'default', 'state': 'lit', 'advancing': False}
2025-11-24 20:56:18,589 : INFO : EventManager : Event: ======'right_orbit_lit_hit'====== Args={'profile': 'default', 'state': 'lit', 'advancing': False}
2025-11-24 20:56:18,589 : INFO : EventManager : Event: ======'player_scores'====== Args={'value': 50000, 'prev_value': 45000, 'change': 5000, 'player_num': 1, 'source': 'right_orbit'}
2025-11-24 20:56:18,654 : INFO : SwitchController : <<<<<<< 's_plunger_lane' active >>>>>>>
2025-11-24 20:56:18,654 : INFO : EventManager : Event: ======'machine_var_audits_switches_s_plunger_lane'====== Args={'value': 9, 'prev_value': 8, 'change': 1}
2025-11-24 20:56:18,670 : INFO : SwitchController : <<<<<<< 's_right_orbit' inactive >>>>>>>
2025-11-24 20:56:18,770 : INFO : SwitchController : <<<<<<< 's_plunger_lane' inactive >>>>>>>
2025-11-24 20:56:19,271 : INFO : ball_device.bd_trough : State: ejecting
2025-11-24 20:56:19,272 : INFO : ball_device.bd_trough : Ejecting ball to <ball_device.bd_plunger>
2025-11-24 20:56:19,272 : INFO : EventManager : Event: ======'balldevice_bd_trough_ejecting_ball'====== Args={'balls': 1, 'target': <ball_device.bd_plunger>, 'source': <ball_device.bd_trough>, 'mechanical_eject': False, 'num_attempts': 1}
2025-11-24 20:56:19,273 : INFO : ball_device.bd_trough : Wait for ball to leave device
2025-11-24 20:56:19,274 : INFO : coil.c_trough_eject : Pulsing Driver for 10ms (1.0 pulse_power)
2025-11-24 20:56:29,275 : INFO : EventManager : Event: ======'balldevice_bd_trough_ball_eject_failed'====== Args={'target': <ball_device.bd_plunger>, 'balls': 1, 'retry': True, 'num_attempts': 2}
2025-11-24 20:56:29,277 : INFO : ball_device.bd_trough : State: waiting_for_target_ready
2025-11-24 20:56:29,277 : INFO : EventManager : Event: ======'balldevice_bd_trough_ball_eject_attempt'====== Args={'balls': 1, 'target': <ball_device.bd_plunger>, 'source': <ball_device.bd_trough>, 'mechanical_eject': False, 'num_attempts': 2}
2025-11-24 20:56:29,278 : INFO : ball_device.bd_trough : State: ejecting
2025-11-24 20:56:29,278 : INFO : ball_device.bd_trough : Ejecting ball to <ball_device.bd_plunger>
2025-11-24 20:56:29,278 : INFO : EventManager : Event: ======'balldevice_bd_trough_ejecting_ball'====== Args={'balls': 1, 'target': <ball_device.bd_plunger>, 'source': <ball_device.bd_trough>, 'mechanical_eject': False, 'num_attempts': 2}
2025-11-24 20:56:29,279 : INFO : ball_device.bd_trough : Wait for ball to leave device
2025-11-24 20:56:29,279 : INFO : coil.c_trough_eject : Pulsing Driver for 10ms (1.0 pulse_power)
2025-11-24 20:56:29,587 : INFO : SwitchController : <<<<<<< 's_plunger_lane' active >>>>>>>
2025-11-24 20:56:29,588 : INFO : EventManager : Event: ======'machine_var_audits_switches_s_plunger_lane'====== Args={'value': 10, 'prev_value': 9, 'change': 1}
2025-11-24 20:56:29,687 : INFO : SwitchController : <<<<<<< 's_plunger_lane' inactive >>>>>>>
2025-11-24 20:56:35,620 : INFO : SwitchController : <<<<<<< 's_right_orbit' active >>>>>>>
2025-11-24 20:56:35,621 : INFO : EventManager : Event: ======'playfield_active'====== Args={'source': 'right_orbit'}
2025-11-24 20:56:35,621 : INFO : EventManager : Event: ======'unexpected_ball_on_playfield'====== Args={}
2025-11-24 20:56:35,621 : INFO : EventManager : Event: ======'s_right_orbit_active'====== Args={}
2025-11-24 20:56:35,621 : INFO : EventManager : Event: ======'machine_var_audits_switches_s_right_orbit'====== Args={'value': 15, 'prev_value': 14, 'change': 1}
2025-11-24 20:56:35,622 : INFO : EventManager : Event: ======'machine_var_audits_shots_right_orbit'====== Args={'value': 15, 'prev_value': 14, 'change': 1}
2025-11-24 20:56:35,629 : INFO : EventManager : Event: ======'right_orbit_hit'====== Args={'profile': 'default', 'state': 'lit', 'advancing': False}
2025-11-24 20:56:35,629 : INFO : EventManager : Event: ======'right_orbit_default_hit'====== Args={'profile': 'default', 'state': 'lit', 'advancing': False}
2025-11-24 20:56:35,629 : INFO : EventManager : Event: ======'right_orbit_default_lit_hit'====== Args={'profile': 'default', 'state': 'lit', 'advancing': False}
2025-11-24 20:56:35,629 : INFO : EventManager : Event: ======'right_orbit_lit_hit'====== Args={'profile': 'default', 'state': 'lit', 'advancing': False}
2025-11-24 20:56:35,630 : INFO : EventManager : Event: ======'player_scores'====== Args={'value': 55000, 'prev_value': 50000, 'change': 5000, 'player_num': 1, 'source': 'right_orbit'}
2025-11-24 20:56:35,737 : INFO : SwitchController : <<<<<<< 's_right_orbit' inactive >>>>>>>
2025-11-24 20:56:35,870 : INFO : SwitchController : <<<<<<< 's_right_orbit' active >>>>>>>
2025-11-24 20:56:35,871 : INFO : EventManager : Event: ======'playfield_active'====== Args={'source': 'right_orbit'}
2025-11-24 20:56:35,871 : INFO : EventManager : Event: ======'unexpected_ball_on_playfield'====== Args={}
2025-11-24 20:56:35,871 : INFO : EventManager : Event: ======'s_right_orbit_active'====== Args={}
2025-11-24 20:56:35,871 : INFO : EventManager : Event: ======'machine_var_audits_switches_s_right_orbit'====== Args={'value': 16, 'prev_value': 15, 'change': 1}
2025-11-24 20:56:35,872 : INFO : EventManager : Event: ======'machine_var_audits_shots_right_orbit'====== Args={'value': 16, 'prev_value': 15, 'change': 1}
2025-11-24 20:56:35,872 : INFO : EventManager : Event: ======'right_orbit_hit'====== Args={'profile': 'default', 'state': 'lit', 'advancing': False}
2025-11-24 20:56:35,872 : INFO : EventManager : Event: ======'right_orbit_default_hit'====== Args={'profile': 'default', 'state': 'lit', 'advancing': False}
2025-11-24 20:56:35,872 : INFO : EventManager : Event: ======'right_orbit_default_lit_hit'====== Args={'profile': 'default', 'state': 'lit', 'advancing': False}
2025-11-24 20:56:35,872 : INFO : EventManager : Event: ======'right_orbit_lit_hit'====== Args={'profile': 'default', 'state': 'lit', 'advancing': False}
2025-11-24 20:56:35,873 : INFO : EventManager : Event: ======'player_scores'====== Args={'value': 60000, 'prev_value': 55000, 'change': 5000, 'player_num': 1, 'source': 'right_orbit'}
2025-11-24 20:56:35,953 : INFO : SwitchController : <<<<<<< 's_right_orbit' inactive >>>>>>>
2025-11-24 20:56:36,454 : INFO : SwitchController : <<<<<<< 's_right_orbit' active >>>>>>>
2025-11-24 20:56:36,454 : INFO : EventManager : Event: ======'playfield_active'====== Args={'source': 'right_orbit'}
2025-11-24 20:56:36,454 : INFO : EventManager : Event: ======'unexpected_ball_on_playfield'====== Args={}
2025-11-24 20:56:36,454 : INFO : EventManager : Event: ======'s_right_orbit_active'====== Args={}
2025-11-24 20:56:36,455 : INFO : EventManager : Event: ======'machine_var_audits_switches_s_right_orbit'====== Args={'value': 17, 'prev_value': 16, 'change': 1}
2025-11-24 20:56:36,456 : INFO : EventManager : Event: ======'machine_var_audits_shots_right_orbit'====== Args={'value': 17, 'prev_value': 16, 'change': 1}
2025-11-24 20:56:36,456 : INFO : EventManager : Event: ======'right_orbit_hit'====== Args={'profile': 'default', 'state': 'lit', 'advancing': False}
2025-11-24 20:56:36,456 : INFO : EventManager : Event: ======'right_orbit_default_hit'====== Args={'profile': 'default', 'state': 'lit', 'advancing': False}
2025-11-24 20:56:36,456 : INFO : EventManager : Event: ======'right_orbit_default_lit_hit'====== Args={'profile': 'default', 'state': 'lit', 'advancing': False}
2025-11-24 20:56:36,456 : INFO : EventManager : Event: ======'right_orbit_lit_hit'====== Args={'profile': 'default', 'state': 'lit', 'advancing': False}
2025-11-24 20:56:36,457 : INFO : EventManager : Event: ======'player_scores'====== Args={'value': 65000, 'prev_value': 60000, 'change': 5000, 'player_num': 1, 'source': 'right_orbit'}
2025-11-24 20:56:36,587 : INFO : SwitchController : <<<<<<< 's_right_orbit' inactive >>>>>>>
2025-11-24 20:56:36,787 : INFO : SwitchController : <<<<<<< 's_right_orbit' active >>>>>>>
2025-11-24 20:56:36,787 : INFO : EventManager : Event: ======'playfield_active'====== Args={'source': 'right_orbit'}
2025-11-24 20:56:36,788 : INFO : EventManager : Event: ======'unexpected_ball_on_playfield'====== Args={}
2025-11-24 20:56:36,788 : INFO : EventManager : Event: ======'s_right_orbit_active'====== Args={}
2025-11-24 20:56:36,788 : INFO : EventManager : Event: ======'machine_var_audits_switches_s_right_orbit'====== Args={'value': 18, 'prev_value': 17, 'change': 1}
2025-11-24 20:56:36,789 : INFO : EventManager : Event: ======'machine_var_audits_shots_right_orbit'====== Args={'value': 18, 'prev_value': 17, 'change': 1}
2025-11-24 20:56:36,789 : INFO : EventManager : Event: ======'right_orbit_hit'====== Args={'profile': 'default', 'state': 'lit', 'advancing': False}
2025-11-24 20:56:36,789 : INFO : EventManager : Event: ======'right_orbit_default_hit'====== Args={'profile': 'default', 'state': 'lit', 'advancing': False}
2025-11-24 20:56:36,789 : INFO : EventManager : Event: ======'right_orbit_default_lit_hit'====== Args={'profile': 'default', 'state': 'lit', 'advancing': False}
2025-11-24 20:56:36,789 : INFO : EventManager : Event: ======'right_orbit_lit_hit'====== Args={'profile': 'default', 'state': 'lit', 'advancing': False}
2025-11-24 20:56:36,789 : INFO : EventManager : Event: ======'player_scores'====== Args={'value': 70000, 'prev_value': 65000, 'change': 5000, 'player_num': 1, 'source': 'right_orbit'}
2025-11-24 20:56:36,887 : INFO : SwitchController : <<<<<<< 's_right_orbit' inactive >>>>>>>
2025-11-24 20:56:37,071 : INFO : SwitchController : <<<<<<< 's_saucer' active >>>>>>>
2025-11-24 20:56:37,071 : INFO : EventManager : Event: ======'machine_var_audits_switches_s_saucer'====== Args={'value': 1, 'prev_value': 0, 'change': 1}
2025-11-24 20:56:37,238 : INFO : SwitchController : <<<<<<< 's_lane_to_pop' active >>>>>>>
2025-11-24 20:56:37,238 : INFO : EventManager : Event: ======'machine_var_audits_switches_s_lane_to_pop'====== Args={'value': 1, 'prev_value': 0, 'change': 1}
2025-11-24 20:56:37,271 : INFO : SwitchController : <<<<<<< 's_saucer' inactive >>>>>>>
2025-11-24 20:56:37,454 : INFO : SwitchController : <<<<<<< 's_left_orbit' active >>>>>>>
2025-11-24 20:56:37,455 : INFO : EventManager : Event: ======'machine_var_audits_switches_s_left_orbit'====== Args={'value': 1, 'prev_value': 0, 'change': 1}
2025-11-24 20:56:37,570 : INFO : SwitchController : <<<<<<< 's_ramp' active >>>>>>>
2025-11-24 20:56:37,571 : INFO : EventManager : Event: ======'machine_var_audits_switches_s_ramp'====== Args={'value': 1, 'prev_value': 0, 'change': 1}
2025-11-24 20:56:37,687 : INFO : SwitchController : <<<<<<< 's_right_orbit' active >>>>>>>
2025-11-24 20:56:37,688 : INFO : EventManager : Event: ======'playfield_active'====== Args={'source': 'right_orbit'}
2025-11-24 20:56:37,688 : INFO : EventManager : Event: ======'unexpected_ball_on_playfield'====== Args={}
2025-11-24 20:56:37,688 : INFO : EventManager : Event: ======'s_right_orbit_active'====== Args={}
2025-11-24 20:56:37,688 : INFO : EventManager : Event: ======'machine_var_audits_switches_s_right_orbit'====== Args={'value': 19, 'prev_value': 18, 'change': 1}
2025-11-24 20:56:37,689 : INFO : EventManager : Event: ======'machine_var_audits_shots_right_orbit'====== Args={'value': 19, 'prev_value': 18, 'change': 1}
2025-11-24 20:56:37,689 : INFO : EventManager : Event: ======'right_orbit_hit'====== Args={'profile': 'default', 'state': 'lit', 'advancing': False}
2025-11-24 20:56:37,689 : INFO : EventManager : Event: ======'right_orbit_default_hit'====== Args={'profile': 'default', 'state': 'lit', 'advancing': False}
2025-11-24 20:56:37,689 : INFO : EventManager : Event: ======'right_orbit_default_lit_hit'====== Args={'profile': 'default', 'state': 'lit', 'advancing': False}
2025-11-24 20:56:37,689 : INFO : EventManager : Event: ======'right_orbit_lit_hit'====== Args={'profile': 'default', 'state': 'lit', 'advancing': False}
2025-11-24 20:56:37,689 : INFO : EventManager : Event: ======'player_scores'====== Args={'value': 75000, 'prev_value': 70000, 'change': 5000, 'player_num': 1, 'source': 'right_orbit'}
2025-11-24 20:56:37,755 : INFO : SwitchController : <<<<<<< 's_saucer' active >>>>>>>
2025-11-24 20:56:37,755 : INFO : EventManager : Event: ======'machine_var_audits_switches_s_saucer'====== Args={'value': 2, 'prev_value': 1, 'change': 1}
2025-11-24 20:56:37,756 : INFO : SwitchController : <<<<<<< 's_ramp' inactive >>>>>>>
2025-11-24 20:56:37,786 : INFO : SwitchController : <<<<<<< 's_left_orbit' inactive >>>>>>>
2025-11-24 20:56:37,820 : INFO : SwitchController : <<<<<<< 's_lane_to_pop' inactive >>>>>>>
2025-11-24 20:56:37,954 : INFO : SwitchController : <<<<<<< 's_right_orbit' inactive >>>>>>>
2025-11-24 20:56:37,971 : INFO : SwitchController : <<<<<<< 's_saucer' inactive >>>>>>>
2025-11-24 20:56:38,137 : INFO : SwitchController : <<<<<<< 's_saucer' active >>>>>>>
2025-11-24 20:56:38,137 : INFO : EventManager : Event: ======'machine_var_audits_switches_s_saucer'====== Args={'value': 3, 'prev_value': 2, 'change': 1}
2025-11-24 20:56:38,371 : INFO : SwitchController : <<<<<<< 's_right_orbit' active >>>>>>>
2025-11-24 20:56:38,371 : INFO : EventManager : Event: ======'playfield_active'====== Args={'source': 'right_orbit'}
2025-11-24 20:56:38,371 : INFO : EventManager : Event: ======'unexpected_ball_on_playfield'====== Args={}
2025-11-24 20:56:38,371 : INFO : EventManager : Event: ======'s_right_orbit_active'====== Args={}
2025-11-24 20:56:38,371 : INFO : EventManager : Event: ======'machine_var_audits_switches_s_right_orbit'====== Args={'value': 20, 'prev_value': 19, 'change': 1}
2025-11-24 20:56:38,372 : INFO : EventManager : Event: ======'machine_var_audits_shots_right_orbit'====== Args={'value': 20, 'prev_value': 19, 'change': 1}
2025-11-24 20:56:38,372 : INFO : EventManager : Event: ======'right_orbit_hit'====== Args={'profile': 'default', 'state': 'lit', 'advancing': False}
2025-11-24 20:56:38,372 : INFO : EventManager : Event: ======'right_orbit_default_hit'====== Args={'profile': 'default', 'state': 'lit', 'advancing': False}
2025-11-24 20:56:38,372 : INFO : EventManager : Event: ======'right_orbit_default_lit_hit'====== Args={'profile': 'default', 'state': 'lit', 'advancing': False}
2025-11-24 20:56:38,372 : INFO : EventManager : Event: ======'right_orbit_lit_hit'====== Args={'profile': 'default', 'state': 'lit', 'advancing': False}
2025-11-24 20:56:38,373 : INFO : EventManager : Event: ======'player_scores'====== Args={'value': 80000, 'prev_value': 75000, 'change': 5000, 'player_num': 1, 'source': 'right_orbit'}
2025-11-24 20:56:38,554 : INFO : SwitchController : <<<<<<< 's_saucer' inactive >>>>>>>
2025-11-24 20:56:38,570 : INFO : SwitchController : <<<<<<< 's_right_orbit' inactive >>>>>>>
2025-11-24 20:56:38,620 : INFO : SwitchController : <<<<<<< 's_left_orbit' active >>>>>>>
2025-11-24 20:56:38,621 : INFO : EventManager : Event: ======'machine_var_audits_switches_s_left_orbit'====== Args={'value': 2, 'prev_value': 1, 'change': 1}
2025-11-24 20:56:38,638 : INFO : SwitchController : <<<<<<< 's_ramp' active >>>>>>>
2025-11-24 20:56:38,638 : INFO : EventManager : Event: ======'machine_var_audits_switches_s_ramp'====== Args={'value': 2, 'prev_value': 1, 'change': 1}
2025-11-24 20:56:38,691 : INFO : SwitchController : <<<<<<< 's_vuk' active >>>>>>>
2025-11-24 20:56:38,691 : INFO : EventManager : Event: ======'machine_var_audits_switches_s_vuk'====== Args={'value': 1, 'prev_value': 0, 'change': 1}
2025-11-24 20:56:38,771 : INFO : SwitchController : <<<<<<< 's_vuk' inactive >>>>>>>
2025-11-24 20:56:38,787 : INFO : SwitchController : <<<<<<< 's_left_orbit' inactive >>>>>>>
2025-11-24 20:56:38,804 : INFO : SwitchController : <<<<<<< 's_ramp' inactive >>>>>>>
2025-11-24 20:56:39,020 : INFO : SwitchController : <<<<<<< 's_back_right_target' active >>>>>>>
2025-11-24 20:56:39,021 : INFO : EventManager : Event: ======'machine_var_audits_switches_s_back_right_target'====== Args={'value': 1, 'prev_value': 0, 'change': 1}
2025-11-24 20:56:39,155 : INFO : SwitchController : <<<<<<< 's_back_middle_right_target' active >>>>>>>
2025-11-24 20:56:39,155 : INFO : EventManager : Event: ======'machine_var_audits_switches_s_back_middle_right_target'====== Args={'value': 1, 'prev_value': 0, 'change': 1}
2025-11-24 20:56:39,170 : INFO : SwitchController : <<<<<<< 's_front_right_target' active >>>>>>>
2025-11-24 20:56:39,170 : INFO : EventManager : Event: ======'machine_var_audits_switches_s_front_right_target'====== Args={'value': 1, 'prev_value': 0, 'change': 1}
2025-11-24 20:56:39,252 : INFO : SwitchController : <<<<<<< 's_back_middle_left_target' active >>>>>>>
2025-11-24 20:56:39,253 : INFO : EventManager : Event: ======'machine_var_audits_switches_s_back_middle_left_target'====== Args={'value': 1, 'prev_value': 0, 'change': 1}
2025-11-24 20:56:39,253 : INFO : SwitchController : <<<<<<< 's_front_middle_target' active >>>>>>>
2025-11-24 20:56:39,254 : INFO : EventManager : Event: ======'machine_var_audits_switches_s_front_middle_target'====== Args={'value': 1, 'prev_value': 0, 'change': 1}
2025-11-24 20:56:39,279 : INFO : EventManager : Event: ======'balldevice_bd_trough_ball_eject_failed'====== Args={'target': <ball_device.bd_plunger>, 'balls': 1, 'retry': True, 'num_attempts': 3}
2025-11-24 20:56:39,281 : INFO : ball_device.bd_trough : State: waiting_for_target_ready
2025-11-24 20:56:39,281 : INFO : EventManager : Event: ======'balldevice_bd_trough_ball_eject_attempt'====== Args={'balls': 1, 'target': <ball_device.bd_plunger>, 'source': <ball_device.bd_trough>, 'mechanical_eject': False, 'num_attempts': 3}
2025-11-24 20:56:39,281 : INFO : ball_device.bd_trough : State: ejecting
2025-11-24 20:56:39,281 : INFO : ball_device.bd_trough : Ejecting ball to <ball_device.bd_plunger>
2025-11-24 20:56:39,281 : INFO : EventManager : Event: ======'balldevice_bd_trough_ejecting_ball'====== Args={'balls': 1, 'target': <ball_device.bd_plunger>, 'source': <ball_device.bd_trough>, 'mechanical_eject': False, 'num_attempts': 3}
2025-11-24 20:56:39,282 : INFO : ball_device.bd_trough : Wait for ball to leave device
2025-11-24 20:56:39,282 : INFO : coil.c_trough_eject : Pulsing Driver for 10ms (1.0 pulse_power)
2025-11-24 20:56:39,369 : INFO : SwitchController : <<<<<<< 's_vuk' active >>>>>>>
2025-11-24 20:56:39,370 : INFO : EventManager : Event: ======'machine_var_audits_switches_s_vuk'====== Args={'value': 2, 'prev_value': 1, 'change': 1}
2025-11-24 20:56:39,386 : INFO : SwitchController : <<<<<<< 's_back_right_target' inactive >>>>>>>
2025-11-24 20:56:39,437 : INFO : SwitchController : <<<<<<< 's_back_middle_right_target' inactive >>>>>>>
2025-11-24 20:56:39,453 : INFO : SwitchController : <<<<<<< 's_back_middle_left_target' inactive >>>>>>>
2025-11-24 20:56:39,621 : INFO : SwitchController : <<<<<<< 's_vuk' inactive >>>>>>>
2025-11-24 20:56:39,654 : INFO : SwitchController : <<<<<<< 's_front_middle_target' inactive >>>>>>>
2025-11-24 20:56:39,671 : INFO : SwitchController : <<<<<<< 's_front_right_target' inactive >>>>>>>
2025-11-24 20:56:39,821 : INFO : SwitchController : <<<<<<< 's_saucer' active >>>>>>>
2025-11-24 20:56:39,821 : INFO : EventManager : Event: ======'machine_var_audits_switches_s_saucer'====== Args={'value': 4, 'prev_value': 3, 'change': 1}
2025-11-24 20:56:39,937 : INFO : SwitchController : <<<<<<< 's_right_orbit' active >>>>>>>
2025-11-24 20:56:39,937 : INFO : EventManager : Event: ======'playfield_active'====== Args={'source': 'right_orbit'}
2025-11-24 20:56:39,937 : INFO : EventManager : Event: ======'unexpected_ball_on_playfield'====== Args={}
2025-11-24 20:56:39,938 : INFO : EventManager : Event: ======'s_right_orbit_active'====== Args={}
2025-11-24 20:56:39,938 : INFO : EventManager : Event: ======'machine_var_audits_switches_s_right_orbit'====== Args={'value': 21, 'prev_value': 20, 'change': 1}
2025-11-24 20:56:39,938 : INFO : EventManager : Event: ======'machine_var_audits_shots_right_orbit'====== Args={'value': 21, 'prev_value': 20, 'change': 1}
2025-11-24 20:56:39,939 : INFO : EventManager : Event: ======'right_orbit_hit'====== Args={'profile': 'default', 'state': 'lit', 'advancing': False}
2025-11-24 20:56:39,939 : INFO : EventManager : Event: ======'right_orbit_default_hit'====== Args={'profile': 'default', 'state': 'lit', 'advancing': False}
2025-11-24 20:56:39,939 : INFO : EventManager : Event: ======'right_orbit_default_lit_hit'====== Args={'profile': 'default', 'state': 'lit', 'advancing': False}
2025-11-24 20:56:39,939 : INFO : EventManager : Event: ======'right_orbit_lit_hit'====== Args={'profile': 'default', 'state': 'lit', 'advancing': False}
2025-11-24 20:56:39,939 : INFO : EventManager : Event: ======'player_scores'====== Args={'value': 85000, 'prev_value': 80000, 'change': 5000, 'player_num': 1, 'source': 'right_orbit'}
2025-11-24 20:56:40,104 : INFO : SwitchController : <<<<<<< 's_saucer' inactive >>>>>>>
2025-11-24 20:56:40,120 : INFO : SwitchController : <<<<<<< 's_right_orbit' inactive >>>>>>>
2025-11-24 20:56:40,470 : INFO : SwitchController : <<<<<<< 's_left_inlane' active >>>>>>>
2025-11-24 20:56:40,470 : INFO : EventManager : Event: ======'machine_var_audits_switches_s_left_inlane'====== Args={'value': 1, 'prev_value': 0, 'change': 1}
2025-11-24 20:56:40,504 : INFO : SwitchController : <<<<<<< 's_left_outlane' active >>>>>>>
2025-11-24 20:56:40,504 : INFO : EventManager : Event: ======'machine_var_audits_switches_s_left_outlane'====== Args={'value': 1, 'prev_value': 0, 'change': 1}
2025-11-24 20:56:40,553 : INFO : SwitchController : <<<<<<< 's_right_inlane' active >>>>>>>
2025-11-24 20:56:40,554 : INFO : EventManager : Event: ======'machine_var_audits_switches_s_right_inlane'====== Args={'value': 1, 'prev_value': 0, 'change': 1}
2025-11-24 20:56:40,655 : INFO : SwitchController : <<<<<<< 's_right_outlane' active >>>>>>>
2025-11-24 20:56:40,655 : INFO : EventManager : Event: ======'machine_var_audits_switches_s_right_outlane'====== Args={'value': 1, 'prev_value': 0, 'change': 1}
2025-11-24 20:56:40,656 : INFO : SwitchController : <<<<<<< 's_left_inlane' inactive >>>>>>>
2025-11-24 20:56:40,670 : INFO : SwitchController : <<<<<<< 's_left_outlane' inactive >>>>>>>
2025-11-24 20:56:40,821 : INFO : SwitchController : <<<<<<< 's_right_inlane' inactive >>>>>>>
2025-11-24 20:56:40,954 : INFO : SwitchController : <<<<<<< 's_right_outlane' inactive >>>>>>>
2025-11-24 20:56:41,421 : INFO : SwitchController : <<<<<<< 's_lane_to_pop' active >>>>>>>
2025-11-24 20:56:41,421 : INFO : EventManager : Event: ======'machine_var_audits_switches_s_lane_to_pop'====== Args={'value': 2, 'prev_value': 1, 'change': 1}
2025-11-24 20:56:41,470 : INFO : SwitchController : <<<<<<< 's_lane_to_pop' inactive >>>>>>>
2025-11-24 20:56:44,648 : INFO : Machine : Shutting down...
2025-11-24 20:56:44,648 : INFO : EventManager : Event: ======'shutdown'====== Args={}
2025-11-24 20:56:44,649 : INFO : EventManager : Event: ======'mode_game_will_stop'====== Args={}
2025-11-24 20:56:44,650 : INFO : EventManager : Event: ======'mode_game_stopping'====== Args={}
2025-11-24 20:56:44,650 : INFO : EventManager : Event: ======'mode_right_orbit_will_stop'====== Args={}
2025-11-24 20:56:44,650 : INFO : EventManager : Event: ======'mode_right_orbit_stopping'====== Args={}
2025-11-24 20:56:44,650 : INFO : EventManager : Event: ======'mode_base_will_stop'====== Args={}
2025-11-24 20:56:44,650 : INFO : EventManager : Event: ======'mode_base_stopping'====== Args={}
2025-11-24 20:56:44,651 : INFO : EventManager : Event: ======'stop_mode_right_orbit'====== Args={'priority': 0}
2025-11-24 20:56:44,651 : INFO : Mode.base : Stopped.
2025-11-24 20:56:44,651 : INFO : EventManager : Event: ======'modes_active_modes_changed'====== Args={}
2025-11-24 20:56:44,651 : INFO : EventManager : Event: ======'mode_base_stopped'====== Args={}
2025-11-24 20:56:44,651 : INFO : EventManager : Event: ======'clear'====== Args={'key': 'base'}
2025-11-24 20:56:44,652 : INFO : Mode.right_orbit : Stopped.
2025-11-24 20:56:44,652 : INFO : EventManager : Event: ======'modes_active_modes_changed'====== Args={}
2025-11-24 20:56:44,652 : INFO : EventManager : Event: ======'mode_right_orbit_stopped'====== Args={}
2025-11-24 20:56:44,652 : INFO : EventManager : Event: ======'clear'====== Args={'key': 'right_orbit'}
2025-11-24 20:56:44,652 : INFO : Mode.game : Stopped.
2025-11-24 20:56:44,653 : INFO : EventManager : Event: ======'modes_active_modes_changed'====== Args={}
2025-11-24 20:56:44,653 : INFO : EventManager : Event: ======'mode_game_stopped'====== Args={}
2025-11-24 20:56:44,653 : INFO : EventManager : Event: ======'clear'====== Args={'key': 'game'}
2025-11-24 20:56:44,657 : INFO : root : MPF run loop ended.
