2025-11-25 07:24:01,200 : INFO : root : Loading config.
2025-11-25 07:24:01,201 : INFO : YamlMultifileConfigLoader : Machine config file #1: config.yaml
2025-11-25 07:24:01,201 : INFO : ConfigProcessor : Loading config from cache: /var/folders/k0/j_dpx55x4kndbs36pl2nt9l00000gn/T/92f7f295141fbdde09e201e7fd0f1349.mpf_cache
2025-11-25 07:24:01,223 : INFO : ConfigProcessor : Loading config from cache: /var/folders/k0/j_dpx55x4kndbs36pl2nt9l00000gn/T/7b77bdcd1da4c54cc720d492bab55a0d.mpf_cache
2025-11-25 07:24:01,223 : INFO : ConfigProcessor : Loading config from cache: /var/folders/k0/j_dpx55x4kndbs36pl2nt9l00000gn/T/501e18c1625d42f1ba9bf53b020c49c5.mpf_cache
2025-11-25 07:24:01,223 : INFO : ConfigProcessor : Loading config from cache: /var/folders/k0/j_dpx55x4kndbs36pl2nt9l00000gn/T/7b77bdcd1da4c54cc720d492bab55a0d.mpf_cache
2025-11-25 07:24:01,224 : INFO : ConfigProcessor : Loading config from cache: /var/folders/k0/j_dpx55x4kndbs36pl2nt9l00000gn/T/dda6f4da00898f9f0a4796a41d9a2ef0.mpf_cache
2025-11-25 07:24:01,224 : INFO : ConfigProcessor : Loading config from cache: /var/folders/k0/j_dpx55x4kndbs36pl2nt9l00000gn/T/522fc819f659907ecbd91e12554f307a.mpf_cache
2025-11-25 07:24:01,224 : INFO : Machine : Mission Pinball Framework Core Engine v0.80.0.dev11
2025-11-25 07:24:01,224 : INFO : Machine : Command line arguments: {'no_load_cache': False, 'create_config_cache': True, 'bcp': True, 'configfile': ['config.yaml'], 'force_assets_load': False, 'platform_integration_test': False, 'jsonlogging': False, 'logfile': 'logs/2025-11-25-07-24-01-mpf-Sams-MacBook-Air-2.local.log', 'pause': False, 'production': False, 'text_ui': True, 'loglevel': 15, 'consoleloglevel': 20, 'force_platform': 'smart_virtual', 'syslog_address': None, 'full_logfile_path': '/Users/samhughes/Desktop/Hollow-Knight-Pinball/logs/2025-11-25-07-24-01-mpf-Sams-MacBook-Air-2.local.log'}
2025-11-25 07:24:01,224 : INFO : Machine : MPF path: /Users/samhughes/mpf/lib/python3.13/site-packages/mpf
2025-11-25 07:24:01,224 : INFO : Machine : Machine path: /Users/samhughes/Desktop/Hollow-Knight-Pinball
2025-11-25 07:24:01,224 : INFO : Machine : Platform: darwin
2025-11-25 07:24:01,224 : INFO : Machine : Python executable location: /Users/samhughes/mpf/bin/python3.13
2025-11-25 07:24:01,224 : INFO : Machine : Python version: 3.13.2 (64-bit)
2025-11-25 07:24:01,224 : INFO : Machine : Initializing MPF...
2025-11-25 07:24:01,249 : INFO : EventManager : Event: ======'machine_var_credits_string'====== Args={'value': 'FREE PLAY', 'prev_value': None, 'change': True}
2025-11-25 07:24:01,253 : INFO : EventManager : Event: ======'machine_var_master_volume'====== Args={'value': 0.5, 'prev_value': None, 'change': True}
2025-11-25 07:24:01,253 : INFO : EventManager : Event: ======'machine_var_mpf_version'====== Args={'value': 'Mission Pinball Framework v0.80.0.dev11', 'prev_value': None, 'change': True}
2025-11-25 07:24:01,253 : INFO : EventManager : Event: ======'machine_var_mpf_extended_version'====== Args={'value': 'Mission Pinball Framework v0.80.0.dev11, Config version:6, Show version: 6, BCP version:1.1', 'prev_value': None, 'change': True}
2025-11-25 07:24:01,253 : INFO : EventManager : Event: ======'machine_var_python_version'====== Args={'value': '3.13.2', 'prev_value': None, 'change': True}
2025-11-25 07:24:01,259 : INFO : EventManager : Event: ======'machine_var_platform'====== Args={'value': 'macOS-15.6.1-arm64-arm-64bit-Mach-O', 'prev_value': None, 'change': True}
2025-11-25 07:24:01,259 : INFO : EventManager : Event: ======'machine_var_platform_system'====== Args={'value': 'Darwin', 'prev_value': None, 'change': True}
2025-11-25 07:24:01,259 : INFO : EventManager : Event: ======'machine_var_platform_release'====== Args={'value': '24.6.0', 'prev_value': None, 'change': True}
2025-11-25 07:24:01,259 : INFO : EventManager : Event: ======'machine_var_platform_version'====== Args={'value': 'Darwin Kernel Version 24.6.0: Mon Jul 14 11:29:54 PDT 2025; root:xnu-11417.140.69~1/RELEASE_ARM64_T8122', 'prev_value': None, 'change': True}
2025-11-25 07:24:01,259 : INFO : EventManager : Event: ======'machine_var_platform_machine'====== Args={'value': 'arm64', 'prev_value': None, 'change': True}
2025-11-25 07:24:01,259 : INFO : EventManager : Event: ======'machine_var_log_file_path'====== Args={'value': '/Users/samhughes/Desktop/Hollow-Knight-Pinball/logs/2025-11-25-07-24-01-mpf-Sams-MacBook-Air-2.local.log', 'prev_value': None, 'change': True}
2025-11-25 07:24:01,259 : INFO : EventManager : Event: ======'init_phase_1'====== Args={}
2025-11-25 07:24:01,264 : INFO : EventManager : Event: ======'init_phase_2'====== Args={}
2025-11-25 07:24:01,264 : INFO : SwitchController : Found active switch: (1002, <Platform.SmartVirtual>) <switch.s_trough_1>
2025-11-25 07:24:01,264 : INFO : SwitchController : Found active switch: (1003, <Platform.SmartVirtual>) <switch.s_trough_2>
2025-11-25 07:24:01,264 : INFO : SwitchController : Found active switch: (1004, <Platform.SmartVirtual>) <switch.s_trough_3>
2025-11-25 07:24:01,265 : INFO : EventManager : Event: ======'bcp_connection_attempt'====== Args={'name': 'local_display', 'host': 'localhost', 'port': 5050}
2025-11-25 07:24:01,265 : INFO : BCPClientSocket : Connecting BCP to 'local_display' at localhost:5050...
2025-11-25 07:24:05,208 : INFO : BCPClientSocket : Connected BCP to 'local_display' localhost:5050
2025-11-25 07:24:05,209 : INFO : EventManager : Event: ======'bcp_clients_connected'====== Args={}
2025-11-25 07:24:05,211 : INFO : ball_device.bd_trough : BCH: Initial count: 3
2025-11-25 07:24:05,212 : INFO : ball_device.bd_trough : State: idle
2025-11-25 07:24:05,213 : INFO : ball_device.bd_plunger : BCH: Initial count: 0
2025-11-25 07:24:05,213 : INFO : ball_device.bd_plunger : State: idle
2025-11-25 07:24:05,231 : INFO : EventManager : Event: ======'init_phase_3'====== Args={}
2025-11-25 07:24:05,232 : INFO : EventManager : Event: ======'init_phase_4'====== Args={}
2025-11-25 07:24:05,233 : INFO : BallController : Initial balls found: 3
2025-11-25 07:24:05,233 : INFO : EventManager : Event: ======'machine_var_audits_events_game_ended'====== Args={'value': 0, 'prev_value': None, 'change': True}
2025-11-25 07:24:05,233 : INFO : EventManager : Event: ======'machine_var_audits_events_game_started'====== Args={'value': 17, 'prev_value': None, 'change': True}
2025-11-25 07:24:05,233 : INFO : EventManager : Event: ======'machine_var_audits_missing_switches_s_back_left_target'====== Args={'value': 17, 'prev_value': None, 'change': True}
2025-11-25 07:24:05,233 : INFO : EventManager : Event: ======'machine_var_audits_missing_switches_s_back_middle_left_target'====== Args={'value': 15, 'prev_value': None, 'change': True}
2025-11-25 07:24:05,233 : INFO : EventManager : Event: ======'machine_var_audits_missing_switches_s_back_middle_right_target'====== Args={'value': 15, 'prev_value': None, 'change': True}
2025-11-25 07:24:05,234 : INFO : EventManager : Event: ======'machine_var_audits_missing_switches_s_back_right_target'====== Args={'value': 15, 'prev_value': None, 'change': True}
2025-11-25 07:24:05,234 : INFO : EventManager : Event: ======'machine_var_audits_missing_switches_s_bottom_left_slingshot'====== Args={'value': 17, 'prev_value': None, 'change': True}
2025-11-25 07:24:05,234 : INFO : EventManager : Event: ======'machine_var_audits_missing_switches_s_bottom_right_slingshot'====== Args={'value': 17, 'prev_value': None, 'change': True}
2025-11-25 07:24:05,234 : INFO : EventManager : Event: ======'machine_var_audits_missing_switches_s_front_left_target'====== Args={'value': 17, 'prev_value': None, 'change': True}
2025-11-25 07:24:05,234 : INFO : EventManager : Event: ======'machine_var_audits_missing_switches_s_front_middle_target'====== Args={'value': 15, 'prev_value': None, 'change': True}
2025-11-25 07:24:05,234 : INFO : EventManager : Event: ======'machine_var_audits_missing_switches_s_front_right_target'====== Args={'value': 15, 'prev_value': None, 'change': True}
2025-11-25 07:24:05,234 : INFO : EventManager : Event: ======'machine_var_audits_missing_switches_s_lane_to_pop'====== Args={'value': 15, 'prev_value': None, 'change': True}
2025-11-25 07:24:05,234 : INFO : EventManager : Event: ======'machine_var_audits_missing_switches_s_left_flipper'====== Args={'value': 17, 'prev_value': None, 'change': True}
2025-11-25 07:24:05,234 : INFO : EventManager : Event: ======'machine_var_audits_missing_switches_s_left_inlane'====== Args={'value': 15, 'prev_value': None, 'change': True}
2025-11-25 07:24:05,234 : INFO : EventManager : Event: ======'machine_var_audits_missing_switches_s_left_orbit'====== Args={'value': 15, 'prev_value': None, 'change': True}
2025-11-25 07:24:05,234 : INFO : EventManager : Event: ======'machine_var_audits_missing_switches_s_left_outlane'====== Args={'value': 15, 'prev_value': None, 'change': True}
2025-11-25 07:24:05,234 : INFO : EventManager : Event: ======'machine_var_audits_missing_switches_s_pop_bumper'====== Args={'value': 17, 'prev_value': None, 'change': True}
2025-11-25 07:24:05,234 : INFO : EventManager : Event: ======'machine_var_audits_missing_switches_s_ramp'====== Args={'value': 15, 'prev_value': None, 'change': True}
2025-11-25 07:24:05,234 : INFO : EventManager : Event: ======'machine_var_audits_missing_switches_s_right_flipper'====== Args={'value': 17, 'prev_value': None, 'change': True}
2025-11-25 07:24:05,234 : INFO : EventManager : Event: ======'machine_var_audits_missing_switches_s_right_inlane'====== Args={'value': 15, 'prev_value': None, 'change': True}
2025-11-25 07:24:05,234 : INFO : EventManager : Event: ======'machine_var_audits_missing_switches_s_right_outlane'====== Args={'value': 15, 'prev_value': None, 'change': True}
2025-11-25 07:24:05,234 : INFO : EventManager : Event: ======'machine_var_audits_missing_switches_s_start'====== Args={'value': 8, 'prev_value': None, 'change': True}
2025-11-25 07:24:05,234 : INFO : EventManager : Event: ======'machine_var_audits_missing_switches_s_top_left_slingshot'====== Args={'value': 17, 'prev_value': None, 'change': True}
2025-11-25 07:24:05,234 : INFO : EventManager : Event: ======'machine_var_audits_missing_switches_s_top_right_slingshot'====== Args={'value': 17, 'prev_value': None, 'change': True}
2025-11-25 07:24:05,234 : INFO : EventManager : Event: ======'machine_var_audits_missing_switches_s_trough_1'====== Args={'value': 1, 'prev_value': None, 'change': True}
2025-11-25 07:24:05,234 : INFO : EventManager : Event: ======'machine_var_audits_missing_switches_s_trough_2'====== Args={'value': 4, 'prev_value': None, 'change': True}
2025-11-25 07:24:05,234 : INFO : EventManager : Event: ======'machine_var_audits_missing_switches_s_trough_3'====== Args={'value': 2, 'prev_value': None, 'change': True}
2025-11-25 07:24:05,234 : INFO : EventManager : Event: ======'machine_var_audits_missing_switches_s_vuk'====== Args={'value': 15, 'prev_value': None, 'change': True}
2025-11-25 07:24:05,234 : INFO : EventManager : Event: ======'machine_var_audits_player_score'====== Args={'value': {'average': 0, 'top': [], 'total': 0}, 'prev_value': None, 'change': True}
2025-11-25 07:24:05,234 : INFO : EventManager : Event: ======'machine_var_audits_shots_right_orbit'====== Args={'value': 177, 'prev_value': None, 'change': True}
2025-11-25 07:24:05,234 : INFO : EventManager : Event: ======'machine_var_audits_switches_s_back_left_target'====== Args={'value': 0, 'prev_value': None, 'change': True}
2025-11-25 07:24:05,235 : INFO : EventManager : Event: ======'machine_var_audits_switches_s_back_middle_left_target'====== Args={'value': 1, 'prev_value': None, 'change': True}
2025-11-25 07:24:05,235 : INFO : EventManager : Event: ======'machine_var_audits_switches_s_back_middle_right_target'====== Args={'value': 1, 'prev_value': None, 'change': True}
2025-11-25 07:24:05,235 : INFO : EventManager : Event: ======'machine_var_audits_switches_s_back_right_target'====== Args={'value': 1, 'prev_value': None, 'change': True}
2025-11-25 07:24:05,235 : INFO : EventManager : Event: ======'machine_var_audits_switches_s_bottom_left_slingshot'====== Args={'value': 0, 'prev_value': None, 'change': True}
2025-11-25 07:24:05,235 : INFO : EventManager : Event: ======'machine_var_audits_switches_s_bottom_right_slingshot'====== Args={'value': 0, 'prev_value': None, 'change': True}
2025-11-25 07:24:05,235 : INFO : EventManager : Event: ======'machine_var_audits_switches_s_front_left_target'====== Args={'value': 0, 'prev_value': None, 'change': True}
2025-11-25 07:24:05,235 : INFO : EventManager : Event: ======'machine_var_audits_switches_s_front_middle_target'====== Args={'value': 1, 'prev_value': None, 'change': True}
2025-11-25 07:24:05,235 : INFO : EventManager : Event: ======'machine_var_audits_switches_s_front_right_target'====== Args={'value': 1, 'prev_value': None, 'change': True}
2025-11-25 07:24:05,235 : INFO : EventManager : Event: ======'machine_var_audits_switches_s_lane_to_pop'====== Args={'value': 2, 'prev_value': None, 'change': True}
2025-11-25 07:24:05,235 : INFO : EventManager : Event: ======'machine_var_audits_switches_s_left_flipper'====== Args={'value': 0, 'prev_value': None, 'change': True}
2025-11-25 07:24:05,235 : INFO : EventManager : Event: ======'machine_var_audits_switches_s_left_inlane'====== Args={'value': 1, 'prev_value': None, 'change': True}
2025-11-25 07:24:05,235 : INFO : EventManager : Event: ======'machine_var_audits_switches_s_left_orbit'====== Args={'value': 2, 'prev_value': None, 'change': True}
2025-11-25 07:24:05,235 : INFO : EventManager : Event: ======'machine_var_audits_switches_s_left_outlane'====== Args={'value': 1, 'prev_value': None, 'change': True}
2025-11-25 07:24:05,235 : INFO : EventManager : Event: ======'machine_var_audits_switches_s_plunger_lane'====== Args={'value': 134, 'prev_value': None, 'change': True}
2025-11-25 07:24:05,235 : INFO : EventManager : Event: ======'machine_var_audits_switches_s_pop_bumper'====== Args={'value': 0, 'prev_value': None, 'change': True}
2025-11-25 07:24:05,235 : INFO : EventManager : Event: ======'machine_var_audits_switches_s_ramp'====== Args={'value': 2, 'prev_value': None, 'change': True}
2025-11-25 07:24:05,235 : INFO : EventManager : Event: ======'machine_var_audits_switches_s_right_flipper'====== Args={'value': 0, 'prev_value': None, 'change': True}
2025-11-25 07:24:05,235 : INFO : EventManager : Event: ======'machine_var_audits_switches_s_right_inlane'====== Args={'value': 1, 'prev_value': None, 'change': True}
2025-11-25 07:24:05,235 : INFO : EventManager : Event: ======'machine_var_audits_switches_s_right_orbit'====== Args={'value': 198, 'prev_value': None, 'change': True}
2025-11-25 07:24:05,235 : INFO : EventManager : Event: ======'machine_var_audits_switches_s_right_outlane'====== Args={'value': 1, 'prev_value': None, 'change': True}
2025-11-25 07:24:05,235 : INFO : EventManager : Event: ======'machine_var_audits_switches_s_saucer'====== Args={'value': 7, 'prev_value': None, 'change': True}
2025-11-25 07:24:05,235 : INFO : EventManager : Event: ======'machine_var_audits_switches_s_start'====== Args={'value': 16, 'prev_value': None, 'change': True}
2025-11-25 07:24:05,235 : INFO : EventManager : Event: ======'machine_var_audits_switches_s_top_left_slingshot'====== Args={'value': 0, 'prev_value': None, 'change': True}
2025-11-25 07:24:05,235 : INFO : EventManager : Event: ======'machine_var_audits_switches_s_top_right_slingshot'====== Args={'value': 0, 'prev_value': None, 'change': True}
2025-11-25 07:24:05,235 : INFO : EventManager : Event: ======'machine_var_audits_switches_s_trough_1'====== Args={'value': 11, 'prev_value': None, 'change': True}
2025-11-25 07:24:05,236 : INFO : EventManager : Event: ======'machine_var_audits_switches_s_trough_2'====== Args={'value': 9, 'prev_value': None, 'change': True}
2025-11-25 07:24:05,236 : INFO : EventManager : Event: ======'machine_var_audits_switches_s_trough_3'====== Args={'value': 52, 'prev_value': None, 'change': True}
2025-11-25 07:24:05,236 : INFO : EventManager : Event: ======'machine_var_audits_switches_s_vuk'====== Args={'value': 2, 'prev_value': None, 'change': True}
2025-11-25 07:24:05,236 : INFO : EventManager : Event: ======'init_phase_5'====== Args={}
2025-11-25 07:24:05,236 : INFO : EventManager : Event: ======'init_done'====== Args={}
2025-11-25 07:24:05,236 : INFO : EventManager : Event: ======'machine_reset_phase_1'====== Args={}
2025-11-25 07:24:05,275 : INFO : EventManager : Event: ======'machine_reset_phase_2'====== Args={}
2025-11-25 07:24:05,275 : INFO : EventManager : Event: ======'machine_reset_phase_3'====== Args={}
2025-11-25 07:24:05,275 : INFO : EventManager : Event: ======'reset_complete'====== Args={}
2025-11-25 07:24:05,275 : INFO : EventManager : Event: ======'mode_attract_will_start'====== Args={}
2025-11-25 07:24:05,276 : INFO : Timer.attract_carousel_timer : Starting Timer.
2025-11-25 07:24:05,276 : INFO : EventManager : Event: ======'timer_attract_carousel_timer_started'====== Args={'ticks': 0, 'ticks_remaining': 1}
2025-11-25 07:24:05,276 : INFO : EventManager : Event: ======'timer_attract_carousel_timer_tick'====== Args={'ticks': 0, 'ticks_remaining': 1}
2025-11-25 07:24:05,277 : INFO : EventManager : Event: ======'mode_attract_starting'====== Args={}
2025-11-25 07:24:05,277 : INFO : Mode.attract : Started. Priority: 10
2025-11-25 07:24:05,277 : INFO : EventManager : Event: ======'modes_active_modes_changed'====== Args={}
2025-11-25 07:24:05,277 : INFO : EventManager : Event: ======'mode_attract_started'====== Args={}
2025-11-25 07:24:05,278 : INFO : EventManager : Event: ======'collecting_balls_complete'====== Args={}
2025-11-25 07:24:05,278 : INFO : EventManager : Event: ======'carousel_item_highlighted'====== Args={'carousel': 'attract', 'direction': None, 'item': 'title'}
2025-11-25 07:24:05,279 : INFO : Machine : Starting the main run loop with active modes: [<Mode.attract>]
2025-11-25 07:24:05,383 : INFO : EventManager : Event: ======'slide_attract_created'====== Args={'_from_bcp': True}
2025-11-25 07:24:05,383 : INFO : EventManager : Event: ======'slide__removed'====== Args={'_from_bcp': True}
2025-11-25 07:24:05,383 : INFO : EventManager : Event: ======'slide_attract_active'====== Args={'original_context': 'attract', 'original_calling_context': 'mode_attract_started', 'priority': 10.0, 'cmd': 'slides_play', '_from_bcp': True}
2025-11-25 07:24:10,276 : INFO : Timer.attract_carousel_timer : Timer Complete
2025-11-25 07:24:10,277 : INFO : Timer.attract_carousel_timer : Stopping Timer
2025-11-25 07:24:10,277 : INFO : EventManager : Event: ======'timer_attract_carousel_timer_stopped'====== Args={'ticks': 1, 'ticks_remaining': 1}
2025-11-25 07:24:10,277 : INFO : EventManager : Event: ======'timer_attract_carousel_timer_complete'====== Args={'ticks': 1, 'ticks_remaining': 1}
2025-11-25 07:24:10,277 : INFO : EventManager : Event: ======'carousel_item_highlighted'====== Args={'carousel': 'attract', 'direction': 'forwards', 'item': 'map'}
2025-11-25 07:24:10,278 : INFO : Timer.attract_carousel_timer : Starting Timer.
2025-11-25 07:24:10,278 : INFO : EventManager : Event: ======'timer_attract_carousel_timer_started'====== Args={'ticks': 0, 'ticks_remaining': 1}
2025-11-25 07:24:10,278 : INFO : EventManager : Event: ======'timer_attract_carousel_timer_tick'====== Args={'ticks': 0, 'ticks_remaining': 1}
2025-11-25 07:24:12,399 : INFO : SwitchController : <<<<<<< 's_start' active >>>>>>>
2025-11-25 07:24:12,500 : INFO : SwitchController : <<<<<<< 's_start' inactive >>>>>>>
2025-11-25 07:24:12,501 : INFO : EventManager : Event: ======'request_to_start_game'====== Args={}
2025-11-25 07:24:12,501 : INFO : EventManager : Event: ======'game_start'====== Args={'buttons': [], 'hold_time': 0.10067762492690235}
2025-11-25 07:24:12,501 : INFO : EventManager : Event: ======'mode_game_will_start'====== Args={'buttons': [], 'hold_time': 0.10067762492690235}
2025-11-25 07:24:12,502 : INFO : EventManager : Event: ======'mode_game_starting'====== Args={'buttons': [], 'hold_time': 0.10067762492690235}
2025-11-25 07:24:12,503 : INFO : EventManager : Event: ======'mode_attract_will_stop'====== Args={}
2025-11-25 07:24:12,503 : INFO : EventManager : Event: ======'mode_attract_stopping'====== Args={}
2025-11-25 07:24:12,503 : INFO : Mode.attract : Stopped.
2025-11-25 07:24:12,503 : INFO : EventManager : Event: ======'modes_active_modes_changed'====== Args={}
2025-11-25 07:24:12,504 : INFO : EventManager : Event: ======'mode_attract_stopped'====== Args={}
2025-11-25 07:24:12,504 : INFO : EventManager : Event: ======'clear'====== Args={'key': 'attract'}
2025-11-25 07:24:12,504 : INFO : Timer.attract_carousel_timer : Stopping Timer
2025-11-25 07:24:12,504 : INFO : EventManager : Event: ======'timer_attract_carousel_timer_stopped'====== Args={'ticks': 0, 'ticks_remaining': 1}
2025-11-25 07:24:12,505 : INFO : Mode.game : Started. Priority: 20
2025-11-25 07:24:12,505 : INFO : EventManager : Event: ======'modes_active_modes_changed'====== Args={}
2025-11-25 07:24:12,505 : INFO : EventManager : Event: ======'mode_game_started'====== Args={'buttons': [], 'hold_time': 0.10067762492690235}
2025-11-25 07:24:12,506 : INFO : EventManager : Event: ======'game_will_start'====== Args={}
2025-11-25 07:24:12,506 : INFO : EventManager : Event: ======'game_starting'====== Args={'game': <Mode.game>}
2025-11-25 07:24:12,507 : INFO : EventManager : Unordered handler for class <Auditor> on event game_ended with priority 1. Handlers: [RegisteredHandler(callback=<bound method Auditor.disable of <Auditor>>, priority=1, kwargs={}, key=UUID('616ec08d-b484-45d0-b3b5-969e6ef8d0ab'), condition=None, blocking_facility=None), RegisteredHandler(callback=<bound method Auditor._save_audits of <Auditor>>, priority=1, kwargs={}, key=UUID('c282d942-b94c-4c64-b83b-b26a3b42781d'), condition=None, blocking_facility=None)]. The order of those handlers is not defined and they will be executed in random order. This might lead to race conditions and potential bugs.
2025-11-25 07:24:12,507 : INFO : EventManager : Event: ======'player_add_request'====== Args={}
2025-11-25 07:24:12,507 : INFO : EventManager : Event: ======'player_will_add'====== Args={'number': 1}
2025-11-25 07:24:12,508 : INFO : EventManager : Event: ======'player_adding'====== Args={'player': <Player 1>, 'number': 1}
2025-11-25 07:24:12,508 : INFO : EventManager : Event: ======'player_added'====== Args={'player': <Player 1>, 'num': 1}
2025-11-25 07:24:12,508 : INFO : Mode.game : Player added successfully. Total players: 1
2025-11-25 07:24:12,508 : INFO : EventManager : Event: ======'player_index'====== Args={'value': 0, 'prev_value': 0, 'change': 0, 'player_num': 1}
2025-11-25 07:24:12,508 : INFO : EventManager : Event: ======'player_number'====== Args={'value': 1, 'prev_value': 1, 'change': 0, 'player_num': 1}
2025-11-25 07:24:12,508 : INFO : EventManager : Event: ======'player_score'====== Args={'value': 0, 'prev_value': 0, 'change': 0, 'player_num': 1}
2025-11-25 07:24:12,509 : INFO : EventManager : Event: ======'game_started'====== Args={}
2025-11-25 07:24:12,509 : INFO : EventManager : Event: ======'player_turn_will_start'====== Args={'player': <Player 1>, 'number': 1}
2025-11-25 07:24:12,510 : INFO : EventManager : Event: ======'player_turn_starting'====== Args={'player': <Player 1>, 'number': 1}
2025-11-25 07:24:12,516 : INFO : EventManager : Event: ======'player_ball'====== Args={'value': 1, 'prev_value': 0, 'change': 1, 'player_num': 1}
2025-11-25 07:24:12,519 : INFO : EventManager : Event: ======'player_turn_started'====== Args={'player': <Player 1>, 'number': 1}
2025-11-25 07:24:12,523 : INFO : EventManager : Event: ======'ball_will_start'====== Args={'player': 1, 'ball': 1, 'balls_remaining': 2, 'is_extra_ball': False}
2025-11-25 07:24:12,523 : INFO : EventManager : Event: ======'ball_starting'====== Args={'player': 1, 'ball': 1, 'balls_remaining': 2, 'is_extra_ball': False}
2025-11-25 07:24:12,523 : INFO : EventManager : Event: ======'mode_base_will_start'====== Args={'queue': <QueuedEvent>, 'player': 1, 'ball': 1, 'balls_remaining': 2, 'is_extra_ball': False}
2025-11-25 07:24:12,524 : INFO : EventManager : Event: ======'mode_base_starting'====== Args={'queue': <QueuedEvent>, 'player': 1, 'ball': 1, 'balls_remaining': 2, 'is_extra_ball': False}
2025-11-25 07:24:12,524 : INFO : Mode.base : Started. Priority: 100
2025-11-25 07:24:12,524 : INFO : EventManager : Event: ======'modes_active_modes_changed'====== Args={}
2025-11-25 07:24:12,524 : INFO : EventManager : Event: ======'mode_base_started'====== Args={'queue': <QueuedEvent>, 'player': 1, 'ball': 1, 'balls_remaining': 2, 'is_extra_ball': False}
2025-11-25 07:24:12,524 : INFO : EventManager : Event: ======'start_mode_right_orbit'====== Args={'priority': 0}
2025-11-25 07:24:12,524 : INFO : EventManager : Event: ======'mode_right_orbit_will_start'====== Args={'priority': 0}
2025-11-25 07:24:12,525 : INFO : EventManager : Event: ======'player_shot_right_orbit_enabled'====== Args={'value': True, 'prev_value': 0, 'change': 1, 'player_num': 1}
2025-11-25 07:24:12,525 : INFO : EventManager : Event: ======'mode_right_orbit_starting'====== Args={'priority': 0}
2025-11-25 07:24:12,525 : INFO : Mode.right_orbit : Started. Priority: 200
2025-11-25 07:24:12,525 : INFO : EventManager : Event: ======'modes_active_modes_changed'====== Args={}
2025-11-25 07:24:12,525 : INFO : EventManager : Event: ======'mode_right_orbit_started'====== Args={'priority': 0}
2025-11-25 07:24:12,526 : INFO : EventManager : Event: ======'balls_in_play'====== Args={'balls': 1}
2025-11-25 07:24:12,526 : INFO : EventManager : Event: ======'ball_started'====== Args={'player': 1, 'ball': 1, 'balls_remaining': 2, 'is_extra_ball': False}
2025-11-25 07:24:12,526 : INFO : EventManager : Event: ======'single_player_ball_started'====== Args={}
2025-11-25 07:24:12,526 : INFO : EventManager : Event: ======'ball_start_target'====== Args={'target': 'playfield'}
2025-11-25 07:24:12,526 : INFO : ball_device.bd_trough : Setting up player-controlled eject. Balls: 1, Target: <playfield.playfield>, player_controlled_eject_event: None
2025-11-25 07:24:12,526 : INFO : ball_device.bd_trough : Adding 1 ball(s) to the eject_queue with target <playfield.playfield>.
2025-11-25 07:24:12,527 : INFO : EventManager : Event: ======'balldevice_balls_available'====== Args={}
2025-11-25 07:24:12,527 : INFO : ball_device.bd_trough : State: waiting_for_target_ready
2025-11-25 07:24:12,527 : INFO : EventManager : Event: ======'balldevice_bd_trough_ball_eject_attempt'====== Args={'balls': 1, 'target': <ball_device.bd_plunger>, 'source': <ball_device.bd_trough>, 'mechanical_eject': False, 'num_attempts': 0}
2025-11-25 07:24:12,527 : INFO : ball_device.bd_plunger : State: waiting_for_ball
2025-11-25 07:24:12,527 : INFO : ball_device.bd_trough : State: ejecting
2025-11-25 07:24:12,527 : INFO : ball_device.bd_trough : Ejecting ball to <ball_device.bd_plunger>
2025-11-25 07:24:12,527 : INFO : EventManager : Event: ======'balldevice_bd_trough_ejecting_ball'====== Args={'balls': 1, 'target': <ball_device.bd_plunger>, 'source': <ball_device.bd_trough>, 'mechanical_eject': False, 'num_attempts': 0}
2025-11-25 07:24:12,528 : INFO : ball_device.bd_trough : Wait for ball to leave device
2025-11-25 07:24:12,528 : INFO : coil.c_trough_eject : Pulsing Driver for 10ms (1.0 pulse_power)
2025-11-25 07:24:12,528 : INFO : SwitchController : <<<<<<< 's_trough_1' inactive >>>>>>>
2025-11-25 07:24:12,528 : INFO : ball_device.bd_trough : State: ball_left
2025-11-25 07:24:12,528 : INFO : ball_device.bd_trough : Ball left
2025-11-25 07:24:12,528 : INFO : ball_device.bd_trough : Wait for confirm with timeout 10.0
2025-11-25 07:24:12,551 : INFO : EventManager : Event: ======'slide_base_created'====== Args={'_from_bcp': True}
2025-11-25 07:24:12,552 : INFO : EventManager : Event: ======'slide_attract_inactive'====== Args={'is_removing': True, '_from_bcp': True}
2025-11-25 07:24:12,552 : INFO : EventManager : Event: ======'slide_base_active'====== Args={'original_context': 'base', 'original_calling_context': 'mode_base_started', 'priority': 100.0, 'queue': '<QueuedEvent>', 'player': 1.0, 'ball': 1.0, 'balls_remaining': 2.0, 'is_extra_ball': False, 'cmd': 'slides_play', '_from_bcp': True}
2025-11-25 07:24:12,552 : INFO : EventManager : Event: ======'slide_attract_removed'====== Args={'_from_bcp': True}
2025-11-25 07:24:12,629 : INFO : SwitchController : <<<<<<< 's_plunger_lane' active >>>>>>>
2025-11-25 07:24:12,630 : INFO : EventManager : Event: ======'machine_var_audits_switches_s_plunger_lane'====== Args={'value': 135, 'prev_value': 134, 'change': 1}
2025-11-25 07:24:13,131 : INFO : ball_device.bd_plunger : Received ball from <ball_device.bd_trough>
2025-11-25 07:24:13,131 : INFO : EventManager : Event: ======'balldevice_bd_plunger_ball_enter'====== Args={'new_balls': 1, 'unclaimed_balls': 0, 'new_available_balls': 0, 'device': <ball_device.bd_plunger>}
2025-11-25 07:24:13,133 : INFO : EventManager : Event: ======'balldevice_bd_plunger_ball_entered'====== Args={'new_balls': 0, 'device': <ball_device.bd_plunger>}
2025-11-25 07:24:13,134 : INFO : EventManager : Event: ======'balldevice_bd_plunger_ball_count_changed'====== Args={'balls': 1}
2025-11-25 07:24:13,134 : INFO : ball_device.bd_trough : Got eject confirm
2025-11-25 07:24:13,134 : INFO : ball_device.bd_trough : Eject successful
2025-11-25 07:24:13,134 : INFO : EventManager : Event: ======'balldevice_bd_trough_ball_eject_success'====== Args={'balls': 1, 'target': <ball_device.bd_plunger>}
2025-11-25 07:24:13,135 : INFO : ball_device.bd_plunger : State: waiting_for_target_ready
2025-11-25 07:24:13,135 : INFO : EventManager : Event: ======'balldevice_bd_plunger_ball_eject_attempt'====== Args={'balls': 1, 'target': <playfield.playfield>, 'source': <ball_device.bd_plunger>, 'mechanical_eject': False, 'num_attempts': 0}
2025-11-25 07:24:13,135 : INFO : EventManager : Event: ======'balldevice_bd_trough_ball_count_changed'====== Args={'balls': 2}
2025-11-25 07:24:13,136 : INFO : ball_device.bd_trough : State: idle
2025-11-25 07:24:13,136 : INFO : ball_device.bd_plunger : State: ejecting
2025-11-25 07:24:13,136 : INFO : ball_device.bd_plunger : Ejecting ball to <playfield.playfield>
2025-11-25 07:24:13,136 : INFO : EventManager : Event: ======'balldevice_bd_plunger_ejecting_ball'====== Args={'balls': 1, 'target': <playfield.playfield>, 'source': <ball_device.bd_plunger>, 'mechanical_eject': False, 'num_attempts': 0}
2025-11-25 07:24:13,138 : INFO : ball_device.bd_plunger : Wait for ball to leave device
2025-11-25 07:24:14,917 : INFO : SwitchController : <<<<<<< 's_right_orbit' active >>>>>>>
2025-11-25 07:24:14,917 : INFO : EventManager : Event: ======'playfield_active'====== Args={'source': 'right_orbit'}
2025-11-25 07:24:14,917 : INFO : EventManager : Event: ======'s_right_orbit_active'====== Args={}
2025-11-25 07:24:14,917 : INFO : EventManager : Event: ======'machine_var_audits_switches_s_right_orbit'====== Args={'value': 199, 'prev_value': 198, 'change': 1}
2025-11-25 07:24:14,918 : INFO : EventManager : Event: ======'player_shot_right_orbit'====== Args={'value': 1, 'prev_value': 0, 'change': 1, 'player_num': 1}
2025-11-25 07:24:14,919 : INFO : EventManager : Event: ======'machine_var_audits_shots_right_orbit'====== Args={'value': 178, 'prev_value': 177, 'change': 1}
2025-11-25 07:24:14,926 : INFO : EventManager : Event: ======'right_orbit_hit'====== Args={'profile': 'default', 'state': 'unlit', 'advancing': True}
2025-11-25 07:24:14,926 : INFO : EventManager : Event: ======'right_orbit_default_hit'====== Args={'profile': 'default', 'state': 'unlit', 'advancing': True}
2025-11-25 07:24:14,926 : INFO : EventManager : Event: ======'right_orbit_default_unlit_hit'====== Args={'profile': 'default', 'state': 'unlit', 'advancing': True}
2025-11-25 07:24:14,926 : INFO : EventManager : Event: ======'right_orbit_unlit_hit'====== Args={'profile': 'default', 'state': 'unlit', 'advancing': True}
2025-11-25 07:24:14,926 : INFO : EventManager : Event: ======'player_score'====== Args={'value': 5000, 'prev_value': 0, 'change': 5000, 'player_num': 1, 'source': 'right_orbit'}
2025-11-25 07:24:15,050 : INFO : SwitchController : <<<<<<< 's_right_orbit' inactive >>>>>>>
2025-11-25 07:24:17,967 : WARNING : SwitchController : Received duplicate switch state 1 for switch s_plunger_lane from the platform interface. Log Code: Log-SwitchController-1 (https://missionpinball.org/logs)
2025-11-25 07:24:18,100 : INFO : SwitchController : <<<<<<< 's_plunger_lane' inactive >>>>>>>
2025-11-25 07:24:18,101 : INFO : ball_device.bd_plunger : State: ball_left
2025-11-25 07:24:18,101 : INFO : ball_device.bd_plunger : Ball left
2025-11-25 07:24:18,101 : INFO : ball_device.bd_plunger : Wait for confirm with timeout 10.0
2025-11-25 07:24:19,066 : INFO : SwitchController : <<<<<<< 's_right_orbit' active >>>>>>>
2025-11-25 07:24:19,067 : INFO : EventManager : Event: ======'playfield_active'====== Args={'source': 'right_orbit'}
2025-11-25 07:24:19,067 : INFO : EventManager : Event: ======'s_right_orbit_active'====== Args={}
2025-11-25 07:24:19,067 : INFO : EventManager : Event: ======'machine_var_audits_switches_s_right_orbit'====== Args={'value': 200, 'prev_value': 199, 'change': 1}
2025-11-25 07:24:19,069 : INFO : EventManager : Event: ======'machine_var_audits_shots_right_orbit'====== Args={'value': 179, 'prev_value': 178, 'change': 1}
2025-11-25 07:24:19,069 : INFO : EventManager : Event: ======'right_orbit_hit'====== Args={'profile': 'default', 'state': 'lit', 'advancing': False}
2025-11-25 07:24:19,069 : INFO : EventManager : Event: ======'right_orbit_default_hit'====== Args={'profile': 'default', 'state': 'lit', 'advancing': False}
2025-11-25 07:24:19,069 : INFO : EventManager : Event: ======'right_orbit_default_lit_hit'====== Args={'profile': 'default', 'state': 'lit', 'advancing': False}
2025-11-25 07:24:19,069 : INFO : EventManager : Event: ======'right_orbit_lit_hit'====== Args={'profile': 'default', 'state': 'lit', 'advancing': False}
2025-11-25 07:24:19,070 : INFO : EventManager : Event: ======'player_score'====== Args={'value': 10000, 'prev_value': 5000, 'change': 5000, 'player_num': 1, 'source': 'right_orbit'}
2025-11-25 07:24:19,077 : INFO : ball_device.bd_plunger : Got eject confirm
2025-11-25 07:24:19,077 : INFO : ball_device.bd_plunger : Eject successful
2025-11-25 07:24:19,077 : INFO : EventManager : Event: ======'balldevice_bd_plunger_ball_eject_success'====== Args={'balls': 1, 'target': <playfield.playfield>}
2025-11-25 07:24:19,084 : INFO : EventManager : Event: ======'balldevice_playfield_ball_enter'====== Args={'new_balls': 1, 'unclaimed_balls': 1, 'device': <playfield.playfield>}
2025-11-25 07:24:19,084 : INFO : EventManager : Event: ======'playfield_ball_count_change'====== Args={'balls': 1, 'change': 1}
2025-11-25 07:24:19,088 : INFO : EventManager : Event: ======'balldevice_bd_plunger_ball_count_changed'====== Args={'balls': 0}
2025-11-25 07:24:19,088 : INFO : ball_device.bd_plunger : State: idle
2025-11-25 07:24:19,167 : INFO : SwitchController : <<<<<<< 's_right_orbit' inactive >>>>>>>
2025-11-25 07:24:19,501 : INFO : SwitchController : <<<<<<< 's_right_orbit' active >>>>>>>
2025-11-25 07:24:19,501 : INFO : EventManager : Event: ======'s_right_orbit_active'====== Args={}
2025-11-25 07:24:19,501 : INFO : EventManager : Event: ======'machine_var_audits_switches_s_right_orbit'====== Args={'value': 201, 'prev_value': 200, 'change': 1}
2025-11-25 07:24:19,502 : INFO : EventManager : Event: ======'machine_var_audits_shots_right_orbit'====== Args={'value': 180, 'prev_value': 179, 'change': 1}
2025-11-25 07:24:19,503 : INFO : EventManager : Event: ======'right_orbit_hit'====== Args={'profile': 'default', 'state': 'lit', 'advancing': False}
2025-11-25 07:24:19,503 : INFO : EventManager : Event: ======'right_orbit_default_hit'====== Args={'profile': 'default', 'state': 'lit', 'advancing': False}
2025-11-25 07:24:19,503 : INFO : EventManager : Event: ======'right_orbit_default_lit_hit'====== Args={'profile': 'default', 'state': 'lit', 'advancing': False}
2025-11-25 07:24:19,503 : INFO : EventManager : Event: ======'right_orbit_lit_hit'====== Args={'profile': 'default', 'state': 'lit', 'advancing': False}
2025-11-25 07:24:19,503 : INFO : EventManager : Event: ======'player_score'====== Args={'value': 15000, 'prev_value': 10000, 'change': 5000, 'player_num': 1, 'source': 'right_orbit'}
2025-11-25 07:24:19,617 : INFO : SwitchController : <<<<<<< 's_right_orbit' inactive >>>>>>>
2025-11-25 07:24:20,616 : INFO : SwitchController : <<<<<<< 's_trough_1' active >>>>>>>
2025-11-25 07:24:20,617 : INFO : EventManager : Event: ======'machine_var_audits_switches_s_trough_1'====== Args={'value': 12, 'prev_value': 11, 'change': 1}
2025-11-25 07:24:21,127 : INFO : EventManager : Event: ======'balldevice_bd_trough_ball_count_changed'====== Args={'balls': 3}
2025-11-25 07:24:21,127 : INFO : ball_device.bd_trough : Received unexpected ball
2025-11-25 07:24:21,127 : INFO : EventManager : Event: ======'balldevice_captured_from_playfield'====== Args={'balls': 1}
2025-11-25 07:24:21,127 : INFO : EventManager : Event: ======'sw_playfield_active'====== Args={'balls': 1}
2025-11-25 07:24:21,127 : INFO : EventManager : Event: ======'playfield_ball_count_change'====== Args={'balls': 0, 'change': -1}
2025-11-25 07:24:21,128 : INFO : EventManager : Event: ======'balldevice_bd_trough_ball_enter'====== Args={'new_balls': 1, 'unclaimed_balls': 1, 'new_available_balls': 1, 'device': <ball_device.bd_trough>}
2025-11-25 07:24:21,128 : INFO : EventManager : Event: ======'ball_drain'====== Args={'device': <ball_device.bd_trough>, 'balls': 1}
2025-11-25 07:24:21,129 : INFO : EventManager : Event: ======'ball_will_end'====== Args={}
2025-11-25 07:24:21,129 : INFO : EventManager : Event: ======'balldevice_balls_available'====== Args={}
2025-11-25 07:24:21,129 : INFO : EventManager : Event: ======'balldevice_bd_trough_ball_entered'====== Args={'new_balls': 1, 'device': <ball_device.bd_trough>}
2025-11-25 07:24:21,129 : INFO : EventManager : Event: ======'mode_base_will_stop'====== Args={}
2025-11-25 07:24:21,129 : INFO : EventManager : Event: ======'mode_base_stopping'====== Args={}
2025-11-25 07:24:21,129 : INFO : EventManager : Event: ======'stop_mode_right_orbit'====== Args={'priority': 0}
2025-11-25 07:24:21,129 : INFO : EventManager : Event: ======'mode_right_orbit_will_stop'====== Args={}
2025-11-25 07:24:21,129 : INFO : EventManager : Event: ======'mode_right_orbit_stopping'====== Args={}
2025-11-25 07:24:21,129 : INFO : Mode.base : Stopped.
2025-11-25 07:24:21,129 : INFO : EventManager : Event: ======'modes_active_modes_changed'====== Args={}
2025-11-25 07:24:21,130 : INFO : EventManager : Event: ======'mode_base_stopped'====== Args={}
2025-11-25 07:24:21,130 : INFO : EventManager : Event: ======'clear'====== Args={'key': 'base'}
2025-11-25 07:24:21,130 : INFO : Mode.right_orbit : Stopped.
2025-11-25 07:24:21,130 : INFO : EventManager : Event: ======'modes_active_modes_changed'====== Args={}
2025-11-25 07:24:21,131 : INFO : EventManager : Event: ======'mode_right_orbit_stopped'====== Args={}
2025-11-25 07:24:21,131 : INFO : EventManager : Event: ======'clear'====== Args={'key': 'right_orbit'}
2025-11-25 07:24:21,131 : INFO : EventManager : Event: ======'ball_ending'====== Args={}
2025-11-25 07:24:21,132 : INFO : EventManager : Event: ======'ball_ended'====== Args={}
2025-11-25 07:24:21,134 : INFO : EventManager : Event: ======'player_turn_will_end'====== Args={'player': <Player 1>, 'number': 1}
2025-11-25 07:24:21,134 : INFO : EventManager : Event: ======'player_turn_ending'====== Args={'player': <Player 1>, 'number': 1}
2025-11-25 07:24:21,134 : INFO : EventManager : Event: ======'player_turn_ended'====== Args={'player': <Player 1>, 'number': 1}
2025-11-25 07:24:21,134 : INFO : EventManager : Event: ======'player_turn_will_start'====== Args={'player': <Player 1>, 'number': 1}
2025-11-25 07:24:21,134 : INFO : EventManager : Event: ======'player_turn_starting'====== Args={'player': <Player 1>, 'number': 1}
2025-11-25 07:24:21,134 : INFO : EventManager : Event: ======'player_ball'====== Args={'value': 2, 'prev_value': 1, 'change': 1, 'player_num': 1}
2025-11-25 07:24:21,135 : INFO : EventManager : Event: ======'player_turn_started'====== Args={'player': <Player 1>, 'number': 1}
2025-11-25 07:24:21,135 : INFO : EventManager : Event: ======'ball_will_start'====== Args={'player': 1, 'ball': 2, 'balls_remaining': 1, 'is_extra_ball': False}
2025-11-25 07:24:21,135 : INFO : EventManager : Event: ======'ball_starting'====== Args={'player': 1, 'ball': 2, 'balls_remaining': 1, 'is_extra_ball': False}
2025-11-25 07:24:21,136 : INFO : EventManager : Event: ======'mode_base_will_start'====== Args={'queue': <QueuedEvent>, 'player': 1, 'ball': 2, 'balls_remaining': 1, 'is_extra_ball': False}
2025-11-25 07:24:21,136 : INFO : EventManager : Event: ======'mode_base_starting'====== Args={'queue': <QueuedEvent>, 'player': 1, 'ball': 2, 'balls_remaining': 1, 'is_extra_ball': False}
2025-11-25 07:24:21,136 : INFO : Mode.base : Started. Priority: 100
2025-11-25 07:24:21,136 : INFO : EventManager : Event: ======'modes_active_modes_changed'====== Args={}
2025-11-25 07:24:21,136 : INFO : EventManager : Event: ======'mode_base_started'====== Args={'queue': <QueuedEvent>, 'player': 1, 'ball': 2, 'balls_remaining': 1, 'is_extra_ball': False}
2025-11-25 07:24:21,137 : INFO : EventManager : Event: ======'start_mode_right_orbit'====== Args={'priority': 0}
2025-11-25 07:24:21,137 : INFO : EventManager : Event: ======'mode_right_orbit_will_start'====== Args={'priority': 0}
2025-11-25 07:24:21,137 : INFO : EventManager : Event: ======'mode_right_orbit_starting'====== Args={'priority': 0}
2025-11-25 07:24:21,138 : INFO : Mode.right_orbit : Started. Priority: 200
2025-11-25 07:24:21,138 : INFO : EventManager : Event: ======'modes_active_modes_changed'====== Args={}
2025-11-25 07:24:21,138 : INFO : EventManager : Event: ======'mode_right_orbit_started'====== Args={'priority': 0}
2025-11-25 07:24:21,138 : INFO : EventManager : Event: ======'balls_in_play'====== Args={'balls': 1}
2025-11-25 07:24:21,138 : INFO : EventManager : Event: ======'ball_started'====== Args={'player': 1, 'ball': 2, 'balls_remaining': 1, 'is_extra_ball': False}
2025-11-25 07:24:21,139 : INFO : EventManager : Event: ======'single_player_ball_started'====== Args={}
2025-11-25 07:24:21,139 : INFO : EventManager : Event: ======'ball_start_target'====== Args={'target': 'playfield'}
2025-11-25 07:24:21,139 : INFO : ball_device.bd_trough : Setting up player-controlled eject. Balls: 1, Target: <playfield.playfield>, player_controlled_eject_event: None
2025-11-25 07:24:21,139 : INFO : ball_device.bd_trough : Adding 1 ball(s) to the eject_queue with target <playfield.playfield>.
2025-11-25 07:24:21,139 : INFO : EventManager : Event: ======'balldevice_balls_available'====== Args={}
2025-11-25 07:24:21,139 : INFO : ball_device.bd_trough : State: waiting_for_target_ready
2025-11-25 07:24:21,139 : INFO : EventManager : Event: ======'balldevice_bd_trough_ball_eject_attempt'====== Args={'balls': 1, 'target': <ball_device.bd_plunger>, 'source': <ball_device.bd_trough>, 'mechanical_eject': False, 'num_attempts': 0}
2025-11-25 07:24:21,140 : INFO : ball_device.bd_plunger : State: waiting_for_ball
2025-11-25 07:24:21,140 : INFO : ball_device.bd_trough : State: ejecting
2025-11-25 07:24:21,140 : INFO : ball_device.bd_trough : Ejecting ball to <ball_device.bd_plunger>
2025-11-25 07:24:21,140 : INFO : EventManager : Event: ======'balldevice_bd_trough_ejecting_ball'====== Args={'balls': 1, 'target': <ball_device.bd_plunger>, 'source': <ball_device.bd_trough>, 'mechanical_eject': False, 'num_attempts': 0}
2025-11-25 07:24:21,142 : INFO : ball_device.bd_trough : Wait for ball to leave device
2025-11-25 07:24:21,142 : INFO : coil.c_trough_eject : Pulsing Driver for 10ms (1.0 pulse_power)
2025-11-25 07:24:21,142 : INFO : SwitchController : <<<<<<< 's_trough_1' inactive >>>>>>>
2025-11-25 07:24:21,143 : INFO : ball_device.bd_trough : State: ball_left
2025-11-25 07:24:21,143 : INFO : ball_device.bd_trough : Ball left
2025-11-25 07:24:21,143 : INFO : ball_device.bd_trough : Wait for confirm with timeout 10.0
2025-11-25 07:24:21,184 : INFO : EventManager : Event: ======'slide_base_created'====== Args={'_from_bcp': True}
2025-11-25 07:24:21,185 : INFO : EventManager : Event: ======'slide_base_inactive'====== Args={'is_removing': True, '_from_bcp': True}
2025-11-25 07:24:21,185 : INFO : EventManager : Event: ======'slide_base_active'====== Args={'original_context': 'base', 'original_calling_context': 'mode_base_started', 'priority': 100.0, 'queue': '<QueuedEvent>', 'player': 1.0, 'ball': 2.0, 'balls_remaining': 1.0, 'is_extra_ball': False, 'cmd': 'slides_play', '_from_bcp': True}
2025-11-25 07:24:21,185 : INFO : EventManager : Event: ======'slide_base_removed'====== Args={'_from_bcp': True}
2025-11-25 07:24:21,244 : INFO : SwitchController : <<<<<<< 's_plunger_lane' active >>>>>>>
2025-11-25 07:24:21,244 : INFO : EventManager : Event: ======'machine_var_audits_switches_s_plunger_lane'====== Args={'value': 136, 'prev_value': 135, 'change': 1}
2025-11-25 07:24:21,745 : INFO : ball_device.bd_plunger : Received ball from <ball_device.bd_trough>
2025-11-25 07:24:21,745 : INFO : EventManager : Event: ======'balldevice_bd_plunger_ball_enter'====== Args={'new_balls': 1, 'unclaimed_balls': 0, 'new_available_balls': 0, 'device': <ball_device.bd_plunger>}
2025-11-25 07:24:21,746 : INFO : EventManager : Event: ======'balldevice_bd_plunger_ball_entered'====== Args={'new_balls': 0, 'device': <ball_device.bd_plunger>}
2025-11-25 07:24:21,746 : INFO : EventManager : Event: ======'balldevice_bd_plunger_ball_count_changed'====== Args={'balls': 1}
2025-11-25 07:24:21,747 : INFO : ball_device.bd_trough : Got eject confirm
2025-11-25 07:24:21,747 : INFO : ball_device.bd_trough : Eject successful
2025-11-25 07:24:21,747 : INFO : EventManager : Event: ======'balldevice_bd_trough_ball_eject_success'====== Args={'balls': 1, 'target': <ball_device.bd_plunger>}
2025-11-25 07:24:21,747 : INFO : ball_device.bd_plunger : State: waiting_for_target_ready
2025-11-25 07:24:21,747 : INFO : EventManager : Event: ======'balldevice_bd_plunger_ball_eject_attempt'====== Args={'balls': 1, 'target': <playfield.playfield>, 'source': <ball_device.bd_plunger>, 'mechanical_eject': False, 'num_attempts': 0}
2025-11-25 07:24:21,747 : INFO : EventManager : Event: ======'balldevice_bd_trough_ball_count_changed'====== Args={'balls': 2}
2025-11-25 07:24:21,748 : INFO : ball_device.bd_trough : State: idle
2025-11-25 07:24:21,748 : INFO : ball_device.bd_plunger : State: ejecting
2025-11-25 07:24:21,748 : INFO : ball_device.bd_plunger : Ejecting ball to <playfield.playfield>
2025-11-25 07:24:21,748 : INFO : EventManager : Event: ======'balldevice_bd_plunger_ejecting_ball'====== Args={'balls': 1, 'target': <playfield.playfield>, 'source': <ball_device.bd_plunger>, 'mechanical_eject': False, 'num_attempts': 0}
2025-11-25 07:24:21,749 : INFO : ball_device.bd_plunger : Wait for ball to leave device
2025-11-25 07:24:27,833 : WARNING : SwitchController : Received duplicate switch state 1 for switch s_plunger_lane from the platform interface. Log Code: Log-SwitchController-1 (https://missionpinball.org/logs)
2025-11-25 07:24:28,016 : INFO : SwitchController : <<<<<<< 's_plunger_lane' inactive >>>>>>>
2025-11-25 07:24:28,017 : INFO : ball_device.bd_plunger : State: ball_left
2025-11-25 07:24:28,018 : INFO : ball_device.bd_plunger : Ball left
2025-11-25 07:24:28,018 : INFO : ball_device.bd_plunger : Wait for confirm with timeout 10.0
2025-11-25 07:24:30,400 : INFO : SwitchController : <<<<<<< 's_right_orbit' active >>>>>>>
2025-11-25 07:24:30,400 : INFO : EventManager : Event: ======'playfield_active'====== Args={'source': 'right_orbit'}
2025-11-25 07:24:30,400 : INFO : EventManager : Event: ======'s_right_orbit_active'====== Args={}
2025-11-25 07:24:30,400 : INFO : EventManager : Event: ======'machine_var_audits_switches_s_right_orbit'====== Args={'value': 202, 'prev_value': 201, 'change': 1}
2025-11-25 07:24:30,401 : INFO : EventManager : Event: ======'machine_var_audits_shots_right_orbit'====== Args={'value': 181, 'prev_value': 180, 'change': 1}
2025-11-25 07:24:30,402 : INFO : EventManager : Event: ======'right_orbit_hit'====== Args={'profile': 'default', 'state': 'lit', 'advancing': False}
2025-11-25 07:24:30,402 : INFO : EventManager : Event: ======'right_orbit_default_hit'====== Args={'profile': 'default', 'state': 'lit', 'advancing': False}
2025-11-25 07:24:30,402 : INFO : EventManager : Event: ======'right_orbit_default_lit_hit'====== Args={'profile': 'default', 'state': 'lit', 'advancing': False}
2025-11-25 07:24:30,402 : INFO : EventManager : Event: ======'right_orbit_lit_hit'====== Args={'profile': 'default', 'state': 'lit', 'advancing': False}
2025-11-25 07:24:30,402 : INFO : EventManager : Event: ======'player_score'====== Args={'value': 20000, 'prev_value': 15000, 'change': 5000, 'player_num': 1, 'source': 'right_orbit'}
2025-11-25 07:24:30,419 : INFO : ball_device.bd_plunger : Got eject confirm
2025-11-25 07:24:30,419 : INFO : ball_device.bd_plunger : Eject successful
2025-11-25 07:24:30,419 : INFO : EventManager : Event: ======'balldevice_bd_plunger_ball_eject_success'====== Args={'balls': 1, 'target': <playfield.playfield>}
2025-11-25 07:24:30,419 : INFO : EventManager : Event: ======'balldevice_playfield_ball_enter'====== Args={'new_balls': 1, 'unclaimed_balls': 1, 'device': <playfield.playfield>}
2025-11-25 07:24:30,419 : INFO : EventManager : Event: ======'playfield_ball_count_change'====== Args={'balls': 1, 'change': 1}
2025-11-25 07:24:30,420 : INFO : EventManager : Event: ======'balldevice_bd_plunger_ball_count_changed'====== Args={'balls': 0}
2025-11-25 07:24:30,420 : INFO : ball_device.bd_plunger : State: idle
2025-11-25 07:24:30,600 : INFO : SwitchController : <<<<<<< 's_right_orbit' inactive >>>>>>>
2025-11-25 07:24:31,518 : INFO : SwitchController : <<<<<<< 's_right_orbit' active >>>>>>>
2025-11-25 07:24:31,518 : INFO : EventManager : Event: ======'s_right_orbit_active'====== Args={}
2025-11-25 07:24:31,518 : INFO : EventManager : Event: ======'machine_var_audits_switches_s_right_orbit'====== Args={'value': 203, 'prev_value': 202, 'change': 1}
2025-11-25 07:24:31,519 : INFO : EventManager : Event: ======'machine_var_audits_shots_right_orbit'====== Args={'value': 182, 'prev_value': 181, 'change': 1}
2025-11-25 07:24:31,520 : INFO : EventManager : Event: ======'right_orbit_hit'====== Args={'profile': 'default', 'state': 'lit', 'advancing': False}
2025-11-25 07:24:31,520 : INFO : EventManager : Event: ======'right_orbit_default_hit'====== Args={'profile': 'default', 'state': 'lit', 'advancing': False}
2025-11-25 07:24:31,520 : INFO : EventManager : Event: ======'right_orbit_default_lit_hit'====== Args={'profile': 'default', 'state': 'lit', 'advancing': False}
2025-11-25 07:24:31,520 : INFO : EventManager : Event: ======'right_orbit_lit_hit'====== Args={'profile': 'default', 'state': 'lit', 'advancing': False}
2025-11-25 07:24:31,520 : INFO : EventManager : Event: ======'player_score'====== Args={'value': 25000, 'prev_value': 20000, 'change': 5000, 'player_num': 1, 'source': 'right_orbit'}
2025-11-25 07:24:31,683 : INFO : SwitchController : <<<<<<< 's_right_orbit' inactive >>>>>>>
2025-11-25 07:24:34,016 : INFO : SwitchController : <<<<<<< 's_trough_1' active >>>>>>>
2025-11-25 07:24:34,017 : INFO : EventManager : Event: ======'machine_var_audits_switches_s_trough_1'====== Args={'value': 13, 'prev_value': 12, 'change': 1}
2025-11-25 07:24:34,517 : INFO : EventManager : Event: ======'balldevice_bd_trough_ball_count_changed'====== Args={'balls': 3}
2025-11-25 07:24:34,517 : INFO : ball_device.bd_trough : Received unexpected ball
2025-11-25 07:24:34,517 : INFO : EventManager : Event: ======'balldevice_captured_from_playfield'====== Args={'balls': 1}
2025-11-25 07:24:34,518 : INFO : EventManager : Event: ======'sw_playfield_active'====== Args={'balls': 1}
2025-11-25 07:24:34,518 : INFO : EventManager : Event: ======'playfield_ball_count_change'====== Args={'balls': 0, 'change': -1}
2025-11-25 07:24:34,519 : INFO : EventManager : Event: ======'balldevice_bd_trough_ball_enter'====== Args={'new_balls': 1, 'unclaimed_balls': 1, 'new_available_balls': 1, 'device': <ball_device.bd_trough>}
2025-11-25 07:24:34,519 : INFO : EventManager : Event: ======'ball_drain'====== Args={'device': <ball_device.bd_trough>, 'balls': 1}
2025-11-25 07:24:34,519 : INFO : EventManager : Event: ======'ball_will_end'====== Args={}
2025-11-25 07:24:34,520 : INFO : EventManager : Event: ======'balldevice_balls_available'====== Args={}
2025-11-25 07:24:34,520 : INFO : EventManager : Event: ======'balldevice_bd_trough_ball_entered'====== Args={'new_balls': 1, 'device': <ball_device.bd_trough>}
2025-11-25 07:24:34,520 : INFO : EventManager : Event: ======'mode_base_will_stop'====== Args={}
2025-11-25 07:24:34,520 : INFO : EventManager : Event: ======'mode_base_stopping'====== Args={}
2025-11-25 07:24:34,520 : INFO : EventManager : Event: ======'stop_mode_right_orbit'====== Args={'priority': 0}
2025-11-25 07:24:34,520 : INFO : EventManager : Event: ======'mode_right_orbit_will_stop'====== Args={}
2025-11-25 07:24:34,521 : INFO : EventManager : Event: ======'mode_right_orbit_stopping'====== Args={}
2025-11-25 07:24:34,521 : INFO : Mode.base : Stopped.
2025-11-25 07:24:34,521 : INFO : EventManager : Event: ======'modes_active_modes_changed'====== Args={}
2025-11-25 07:24:34,521 : INFO : EventManager : Event: ======'mode_base_stopped'====== Args={}
2025-11-25 07:24:34,521 : INFO : EventManager : Event: ======'clear'====== Args={'key': 'base'}
2025-11-25 07:24:34,522 : INFO : Mode.right_orbit : Stopped.
2025-11-25 07:24:34,522 : INFO : EventManager : Event: ======'modes_active_modes_changed'====== Args={}
2025-11-25 07:24:34,522 : INFO : EventManager : Event: ======'mode_right_orbit_stopped'====== Args={}
2025-11-25 07:24:34,522 : INFO : EventManager : Event: ======'clear'====== Args={'key': 'right_orbit'}
2025-11-25 07:24:34,523 : INFO : EventManager : Event: ======'ball_ending'====== Args={}
2025-11-25 07:24:34,524 : INFO : EventManager : Event: ======'ball_ended'====== Args={}
2025-11-25 07:24:34,525 : INFO : EventManager : Event: ======'player_turn_will_end'====== Args={'player': <Player 1>, 'number': 1}
2025-11-25 07:24:34,525 : INFO : EventManager : Event: ======'player_turn_ending'====== Args={'player': <Player 1>, 'number': 1}
2025-11-25 07:24:34,526 : INFO : EventManager : Event: ======'player_turn_ended'====== Args={'player': <Player 1>, 'number': 1}
2025-11-25 07:24:34,526 : INFO : EventManager : Event: ======'player_turn_will_start'====== Args={'player': <Player 1>, 'number': 1}
2025-11-25 07:24:34,526 : INFO : EventManager : Event: ======'player_turn_starting'====== Args={'player': <Player 1>, 'number': 1}
2025-11-25 07:24:34,526 : INFO : EventManager : Event: ======'player_ball'====== Args={'value': 3, 'prev_value': 2, 'change': 1, 'player_num': 1}
2025-11-25 07:24:34,527 : INFO : EventManager : Event: ======'player_turn_started'====== Args={'player': <Player 1>, 'number': 1}
2025-11-25 07:24:34,527 : INFO : EventManager : Event: ======'ball_will_start'====== Args={'player': 1, 'ball': 3, 'balls_remaining': 0, 'is_extra_ball': False}
2025-11-25 07:24:34,527 : INFO : EventManager : Event: ======'ball_starting'====== Args={'player': 1, 'ball': 3, 'balls_remaining': 0, 'is_extra_ball': False}
2025-11-25 07:24:34,528 : INFO : EventManager : Event: ======'mode_base_will_start'====== Args={'queue': <QueuedEvent>, 'player': 1, 'ball': 3, 'balls_remaining': 0, 'is_extra_ball': False}
2025-11-25 07:24:34,528 : INFO : EventManager : Event: ======'mode_base_starting'====== Args={'queue': <QueuedEvent>, 'player': 1, 'ball': 3, 'balls_remaining': 0, 'is_extra_ball': False}
2025-11-25 07:24:34,528 : INFO : Mode.base : Started. Priority: 100
2025-11-25 07:24:34,528 : INFO : EventManager : Event: ======'modes_active_modes_changed'====== Args={}
2025-11-25 07:24:34,529 : INFO : EventManager : Event: ======'mode_base_started'====== Args={'queue': <QueuedEvent>, 'player': 1, 'ball': 3, 'balls_remaining': 0, 'is_extra_ball': False}
2025-11-25 07:24:34,529 : INFO : EventManager : Event: ======'start_mode_right_orbit'====== Args={'priority': 0}
2025-11-25 07:24:34,529 : INFO : EventManager : Event: ======'mode_right_orbit_will_start'====== Args={'priority': 0}
2025-11-25 07:24:34,530 : INFO : EventManager : Event: ======'mode_right_orbit_starting'====== Args={'priority': 0}
2025-11-25 07:24:34,530 : INFO : Mode.right_orbit : Started. Priority: 200
2025-11-25 07:24:34,530 : INFO : EventManager : Event: ======'modes_active_modes_changed'====== Args={}
2025-11-25 07:24:34,530 : INFO : EventManager : Event: ======'mode_right_orbit_started'====== Args={'priority': 0}
2025-11-25 07:24:34,530 : INFO : EventManager : Event: ======'balls_in_play'====== Args={'balls': 1}
2025-11-25 07:24:34,530 : INFO : EventManager : Event: ======'ball_started'====== Args={'player': 1, 'ball': 3, 'balls_remaining': 0, 'is_extra_ball': False}
2025-11-25 07:24:34,531 : INFO : EventManager : Event: ======'single_player_ball_started'====== Args={}
2025-11-25 07:24:34,531 : INFO : EventManager : Event: ======'ball_start_target'====== Args={'target': 'playfield'}
2025-11-25 07:24:34,532 : INFO : ball_device.bd_trough : Setting up player-controlled eject. Balls: 1, Target: <playfield.playfield>, player_controlled_eject_event: None
2025-11-25 07:24:34,532 : INFO : ball_device.bd_trough : Adding 1 ball(s) to the eject_queue with target <playfield.playfield>.
2025-11-25 07:24:34,532 : INFO : EventManager : Event: ======'balldevice_balls_available'====== Args={}
2025-11-25 07:24:34,536 : INFO : ball_device.bd_trough : State: waiting_for_target_ready
2025-11-25 07:24:34,536 : INFO : EventManager : Event: ======'balldevice_bd_trough_ball_eject_attempt'====== Args={'balls': 1, 'target': <ball_device.bd_plunger>, 'source': <ball_device.bd_trough>, 'mechanical_eject': False, 'num_attempts': 0}
2025-11-25 07:24:34,537 : INFO : ball_device.bd_plunger : State: waiting_for_ball
2025-11-25 07:24:34,537 : INFO : ball_device.bd_trough : State: ejecting
2025-11-25 07:24:34,537 : INFO : ball_device.bd_trough : Ejecting ball to <ball_device.bd_plunger>
2025-11-25 07:24:34,537 : INFO : EventManager : Event: ======'balldevice_bd_trough_ejecting_ball'====== Args={'balls': 1, 'target': <ball_device.bd_plunger>, 'source': <ball_device.bd_trough>, 'mechanical_eject': False, 'num_attempts': 0}
2025-11-25 07:24:34,537 : INFO : ball_device.bd_trough : Wait for ball to leave device
2025-11-25 07:24:34,537 : INFO : coil.c_trough_eject : Pulsing Driver for 10ms (1.0 pulse_power)
2025-11-25 07:24:34,537 : INFO : SwitchController : <<<<<<< 's_trough_1' inactive >>>>>>>
2025-11-25 07:24:34,538 : INFO : ball_device.bd_trough : State: ball_left
2025-11-25 07:24:34,538 : INFO : ball_device.bd_trough : Ball left
2025-11-25 07:24:34,538 : INFO : ball_device.bd_trough : Wait for confirm with timeout 10.0
2025-11-25 07:24:34,552 : INFO : EventManager : Event: ======'slide_base_created'====== Args={'_from_bcp': True}
2025-11-25 07:24:34,552 : INFO : EventManager : Event: ======'slide_base_inactive'====== Args={'is_removing': True, '_from_bcp': True}
2025-11-25 07:24:34,552 : INFO : EventManager : Event: ======'slide_base_active'====== Args={'original_context': 'base', 'original_calling_context': 'mode_base_started', 'priority': 100.0, 'queue': '<QueuedEvent>', 'player': 1.0, 'ball': 3.0, 'balls_remaining': 0.0, 'is_extra_ball': False, 'cmd': 'slides_play', '_from_bcp': True}
2025-11-25 07:24:34,552 : INFO : EventManager : Event: ======'slide_base_removed'====== Args={'_from_bcp': True}
2025-11-25 07:24:34,639 : INFO : SwitchController : <<<<<<< 's_plunger_lane' active >>>>>>>
2025-11-25 07:24:34,639 : INFO : EventManager : Event: ======'machine_var_audits_switches_s_plunger_lane'====== Args={'value': 137, 'prev_value': 136, 'change': 1}
2025-11-25 07:24:35,140 : INFO : ball_device.bd_plunger : Received ball from <ball_device.bd_trough>
2025-11-25 07:24:35,140 : INFO : EventManager : Event: ======'balldevice_bd_plunger_ball_enter'====== Args={'new_balls': 1, 'unclaimed_balls': 0, 'new_available_balls': 0, 'device': <ball_device.bd_plunger>}
2025-11-25 07:24:35,141 : INFO : EventManager : Event: ======'balldevice_bd_plunger_ball_entered'====== Args={'new_balls': 0, 'device': <ball_device.bd_plunger>}
2025-11-25 07:24:35,141 : INFO : EventManager : Event: ======'balldevice_bd_plunger_ball_count_changed'====== Args={'balls': 1}
2025-11-25 07:24:35,141 : INFO : ball_device.bd_trough : Got eject confirm
2025-11-25 07:24:35,141 : INFO : ball_device.bd_trough : Eject successful
2025-11-25 07:24:35,141 : INFO : EventManager : Event: ======'balldevice_bd_trough_ball_eject_success'====== Args={'balls': 1, 'target': <ball_device.bd_plunger>}
2025-11-25 07:24:35,141 : INFO : ball_device.bd_plunger : State: waiting_for_target_ready
2025-11-25 07:24:35,142 : INFO : EventManager : Event: ======'balldevice_bd_plunger_ball_eject_attempt'====== Args={'balls': 1, 'target': <playfield.playfield>, 'source': <ball_device.bd_plunger>, 'mechanical_eject': False, 'num_attempts': 0}
2025-11-25 07:24:35,142 : INFO : EventManager : Event: ======'balldevice_bd_trough_ball_count_changed'====== Args={'balls': 2}
2025-11-25 07:24:35,142 : INFO : ball_device.bd_trough : State: idle
2025-11-25 07:24:35,142 : INFO : ball_device.bd_plunger : State: ejecting
2025-11-25 07:24:35,142 : INFO : ball_device.bd_plunger : Ejecting ball to <playfield.playfield>
2025-11-25 07:24:35,142 : INFO : EventManager : Event: ======'balldevice_bd_plunger_ejecting_ball'====== Args={'balls': 1, 'target': <playfield.playfield>, 'source': <ball_device.bd_plunger>, 'mechanical_eject': False, 'num_attempts': 0}
2025-11-25 07:24:35,143 : INFO : ball_device.bd_plunger : Wait for ball to leave device
2025-11-25 07:24:37,799 : WARNING : SwitchController : Received duplicate switch state 1 for switch s_plunger_lane from the platform interface. Log Code: Log-SwitchController-1 (https://missionpinball.org/logs)
2025-11-25 07:24:37,983 : INFO : SwitchController : <<<<<<< 's_plunger_lane' inactive >>>>>>>
2025-11-25 07:24:37,984 : INFO : ball_device.bd_plunger : State: ball_left
2025-11-25 07:24:37,985 : INFO : ball_device.bd_plunger : Ball left
2025-11-25 07:24:37,985 : INFO : ball_device.bd_plunger : Wait for confirm with timeout 10.0
2025-11-25 07:24:38,316 : INFO : SwitchController : <<<<<<< 's_right_orbit' active >>>>>>>
2025-11-25 07:24:38,316 : INFO : EventManager : Event: ======'playfield_active'====== Args={'source': 'right_orbit'}
2025-11-25 07:24:38,317 : INFO : EventManager : Event: ======'s_right_orbit_active'====== Args={}
2025-11-25 07:24:38,317 : INFO : EventManager : Event: ======'machine_var_audits_switches_s_right_orbit'====== Args={'value': 204, 'prev_value': 203, 'change': 1}
2025-11-25 07:24:38,318 : INFO : EventManager : Event: ======'machine_var_audits_shots_right_orbit'====== Args={'value': 183, 'prev_value': 182, 'change': 1}
2025-11-25 07:24:38,324 : INFO : EventManager : Event: ======'right_orbit_hit'====== Args={'profile': 'default', 'state': 'lit', 'advancing': False}
2025-11-25 07:24:38,324 : INFO : EventManager : Event: ======'right_orbit_default_hit'====== Args={'profile': 'default', 'state': 'lit', 'advancing': False}
2025-11-25 07:24:38,324 : INFO : EventManager : Event: ======'right_orbit_default_lit_hit'====== Args={'profile': 'default', 'state': 'lit', 'advancing': False}
2025-11-25 07:24:38,324 : INFO : EventManager : Event: ======'right_orbit_lit_hit'====== Args={'profile': 'default', 'state': 'lit', 'advancing': False}
2025-11-25 07:24:38,324 : INFO : EventManager : Event: ======'player_score'====== Args={'value': 30000, 'prev_value': 25000, 'change': 5000, 'player_num': 1, 'source': 'right_orbit'}
2025-11-25 07:24:38,334 : INFO : ball_device.bd_plunger : Got eject confirm
2025-11-25 07:24:38,334 : INFO : ball_device.bd_plunger : Eject successful
2025-11-25 07:24:38,334 : INFO : EventManager : Event: ======'balldevice_bd_plunger_ball_eject_success'====== Args={'balls': 1, 'target': <playfield.playfield>}
2025-11-25 07:24:38,334 : INFO : EventManager : Event: ======'balldevice_playfield_ball_enter'====== Args={'new_balls': 1, 'unclaimed_balls': 1, 'device': <playfield.playfield>}
2025-11-25 07:24:38,335 : INFO : EventManager : Event: ======'playfield_ball_count_change'====== Args={'balls': 1, 'change': 1}
2025-11-25 07:24:38,335 : INFO : EventManager : Event: ======'balldevice_bd_plunger_ball_count_changed'====== Args={'balls': 0}
2025-11-25 07:24:38,335 : INFO : ball_device.bd_plunger : State: idle
2025-11-25 07:24:38,433 : INFO : SwitchController : <<<<<<< 's_right_orbit' inactive >>>>>>>
2025-11-25 07:24:38,866 : INFO : SwitchController : <<<<<<< 's_right_orbit' active >>>>>>>
2025-11-25 07:24:38,867 : INFO : EventManager : Event: ======'s_right_orbit_active'====== Args={}
2025-11-25 07:24:38,867 : INFO : EventManager : Event: ======'machine_var_audits_switches_s_right_orbit'====== Args={'value': 205, 'prev_value': 204, 'change': 1}
2025-11-25 07:24:38,868 : INFO : EventManager : Event: ======'machine_var_audits_shots_right_orbit'====== Args={'value': 184, 'prev_value': 183, 'change': 1}
2025-11-25 07:24:38,868 : INFO : EventManager : Event: ======'right_orbit_hit'====== Args={'profile': 'default', 'state': 'lit', 'advancing': False}
2025-11-25 07:24:38,868 : INFO : EventManager : Event: ======'right_orbit_default_hit'====== Args={'profile': 'default', 'state': 'lit', 'advancing': False}
2025-11-25 07:24:38,868 : INFO : EventManager : Event: ======'right_orbit_default_lit_hit'====== Args={'profile': 'default', 'state': 'lit', 'advancing': False}
2025-11-25 07:24:38,869 : INFO : EventManager : Event: ======'right_orbit_lit_hit'====== Args={'profile': 'default', 'state': 'lit', 'advancing': False}
2025-11-25 07:24:38,869 : INFO : EventManager : Event: ======'player_score'====== Args={'value': 35000, 'prev_value': 30000, 'change': 5000, 'player_num': 1, 'source': 'right_orbit'}
2025-11-25 07:24:39,050 : INFO : SwitchController : <<<<<<< 's_right_orbit' inactive >>>>>>>
2025-11-25 07:24:39,500 : INFO : SwitchController : <<<<<<< 's_right_orbit' active >>>>>>>
2025-11-25 07:24:39,500 : INFO : EventManager : Event: ======'s_right_orbit_active'====== Args={}
2025-11-25 07:24:39,501 : INFO : EventManager : Event: ======'machine_var_audits_switches_s_right_orbit'====== Args={'value': 206, 'prev_value': 205, 'change': 1}
2025-11-25 07:24:39,501 : INFO : EventManager : Event: ======'machine_var_audits_shots_right_orbit'====== Args={'value': 185, 'prev_value': 184, 'change': 1}
2025-11-25 07:24:39,502 : INFO : EventManager : Event: ======'right_orbit_hit'====== Args={'profile': 'default', 'state': 'lit', 'advancing': False}
2025-11-25 07:24:39,502 : INFO : EventManager : Event: ======'right_orbit_default_hit'====== Args={'profile': 'default', 'state': 'lit', 'advancing': False}
2025-11-25 07:24:39,502 : INFO : EventManager : Event: ======'right_orbit_default_lit_hit'====== Args={'profile': 'default', 'state': 'lit', 'advancing': False}
2025-11-25 07:24:39,502 : INFO : EventManager : Event: ======'right_orbit_lit_hit'====== Args={'profile': 'default', 'state': 'lit', 'advancing': False}
2025-11-25 07:24:39,502 : INFO : EventManager : Event: ======'player_score'====== Args={'value': 40000, 'prev_value': 35000, 'change': 5000, 'player_num': 1, 'source': 'right_orbit'}
2025-11-25 07:24:39,667 : INFO : SwitchController : <<<<<<< 's_right_orbit' inactive >>>>>>>
2025-11-25 07:24:41,217 : INFO : SwitchController : <<<<<<< 's_right_orbit' active >>>>>>>
2025-11-25 07:24:41,217 : INFO : EventManager : Event: ======'s_right_orbit_active'====== Args={}
2025-11-25 07:24:41,217 : INFO : EventManager : Event: ======'machine_var_audits_switches_s_right_orbit'====== Args={'value': 207, 'prev_value': 206, 'change': 1}
2025-11-25 07:24:41,218 : INFO : EventManager : Event: ======'machine_var_audits_shots_right_orbit'====== Args={'value': 186, 'prev_value': 185, 'change': 1}
2025-11-25 07:24:41,218 : INFO : EventManager : Event: ======'right_orbit_hit'====== Args={'profile': 'default', 'state': 'lit', 'advancing': False}
2025-11-25 07:24:41,218 : INFO : EventManager : Event: ======'right_orbit_default_hit'====== Args={'profile': 'default', 'state': 'lit', 'advancing': False}
2025-11-25 07:24:41,219 : INFO : EventManager : Event: ======'right_orbit_default_lit_hit'====== Args={'profile': 'default', 'state': 'lit', 'advancing': False}
2025-11-25 07:24:41,219 : INFO : EventManager : Event: ======'right_orbit_lit_hit'====== Args={'profile': 'default', 'state': 'lit', 'advancing': False}
2025-11-25 07:24:41,219 : INFO : EventManager : Event: ======'player_score'====== Args={'value': 45000, 'prev_value': 40000, 'change': 5000, 'player_num': 1, 'source': 'right_orbit'}
2025-11-25 07:24:41,386 : INFO : SwitchController : <<<<<<< 's_right_orbit' inactive >>>>>>>
2025-11-25 07:24:42,534 : INFO : SwitchController : <<<<<<< 's_trough_1' active >>>>>>>
2025-11-25 07:24:42,534 : INFO : EventManager : Event: ======'machine_var_audits_switches_s_trough_1'====== Args={'value': 14, 'prev_value': 13, 'change': 1}
2025-11-25 07:24:43,035 : INFO : EventManager : Event: ======'balldevice_bd_trough_ball_count_changed'====== Args={'balls': 3}
2025-11-25 07:24:43,035 : INFO : ball_device.bd_trough : Received unexpected ball
2025-11-25 07:24:43,035 : INFO : EventManager : Event: ======'balldevice_captured_from_playfield'====== Args={'balls': 1}
2025-11-25 07:24:43,036 : INFO : EventManager : Event: ======'sw_playfield_active'====== Args={'balls': 1}
2025-11-25 07:24:43,036 : INFO : EventManager : Event: ======'playfield_ball_count_change'====== Args={'balls': 0, 'change': -1}
2025-11-25 07:24:43,036 : INFO : EventManager : Event: ======'balldevice_bd_trough_ball_enter'====== Args={'new_balls': 1, 'unclaimed_balls': 1, 'new_available_balls': 1, 'device': <ball_device.bd_trough>}
2025-11-25 07:24:43,037 : INFO : EventManager : Event: ======'ball_drain'====== Args={'device': <ball_device.bd_trough>, 'balls': 1}
2025-11-25 07:24:43,037 : INFO : EventManager : Event: ======'ball_will_end'====== Args={}
2025-11-25 07:24:43,037 : INFO : EventManager : Event: ======'balldevice_balls_available'====== Args={}
2025-11-25 07:24:43,037 : INFO : EventManager : Event: ======'balldevice_bd_trough_ball_entered'====== Args={'new_balls': 1, 'device': <ball_device.bd_trough>}
2025-11-25 07:24:43,038 : INFO : EventManager : Event: ======'mode_base_will_stop'====== Args={}
2025-11-25 07:24:43,038 : INFO : EventManager : Event: ======'mode_base_stopping'====== Args={}
2025-11-25 07:24:43,038 : INFO : EventManager : Event: ======'stop_mode_right_orbit'====== Args={'priority': 0}
2025-11-25 07:24:43,038 : INFO : EventManager : Event: ======'mode_right_orbit_will_stop'====== Args={}
2025-11-25 07:24:43,038 : INFO : EventManager : Event: ======'mode_right_orbit_stopping'====== Args={}
2025-11-25 07:24:43,038 : INFO : Mode.base : Stopped.
2025-11-25 07:24:43,038 : INFO : EventManager : Event: ======'modes_active_modes_changed'====== Args={}
2025-11-25 07:24:43,039 : INFO : EventManager : Event: ======'mode_base_stopped'====== Args={}
2025-11-25 07:24:43,039 : INFO : EventManager : Event: ======'clear'====== Args={'key': 'base'}
2025-11-25 07:24:43,039 : INFO : Mode.right_orbit : Stopped.
2025-11-25 07:24:43,039 : INFO : EventManager : Event: ======'modes_active_modes_changed'====== Args={}
2025-11-25 07:24:43,040 : INFO : EventManager : Event: ======'mode_right_orbit_stopped'====== Args={}
2025-11-25 07:24:43,040 : INFO : EventManager : Event: ======'clear'====== Args={'key': 'right_orbit'}
2025-11-25 07:24:43,040 : INFO : EventManager : Event: ======'ball_ending'====== Args={}
2025-11-25 07:24:43,041 : INFO : EventManager : Event: ======'ball_ended'====== Args={}
2025-11-25 07:24:43,042 : INFO : EventManager : Event: ======'player_turn_will_end'====== Args={'player': <Player 1>, 'number': 1}
2025-11-25 07:24:43,042 : INFO : EventManager : Event: ======'player_turn_ending'====== Args={'player': <Player 1>, 'number': 1}
2025-11-25 07:24:43,043 : INFO : EventManager : Event: ======'player_turn_ended'====== Args={'player': <Player 1>, 'number': 1}
2025-11-25 07:24:43,043 : INFO : EventManager : Event: ======'game_will_end'====== Args={}
2025-11-25 07:24:43,043 : INFO : EventManager : Event: ======'game_ending'====== Args={}
2025-11-25 07:24:43,044 : INFO : EventManager : Event: ======'machine_var_player1_score'====== Args={'value': 45000, 'prev_value': None, 'change': True}
2025-11-25 07:24:43,044 : INFO : EventManager : Event: ======'game_ended'====== Args={}
2025-11-25 07:24:43,044 : INFO : EventManager : Event: ======'mode_game_will_stop'====== Args={}
2025-11-25 07:24:43,044 : INFO : EventManager : Event: ======'mode_game_stopping'====== Args={}
2025-11-25 07:24:43,044 : INFO : EventManager : Event: ======'mode_attract_will_start'====== Args={}
2025-11-25 07:24:43,045 : INFO : Timer.attract_carousel_timer : Starting Timer.
2025-11-25 07:24:43,045 : INFO : EventManager : Event: ======'timer_attract_carousel_timer_started'====== Args={'ticks': 0, 'ticks_remaining': 1}
2025-11-25 07:24:43,045 : INFO : EventManager : Event: ======'timer_attract_carousel_timer_tick'====== Args={'ticks': 0, 'ticks_remaining': 1}
2025-11-25 07:24:43,046 : INFO : EventManager : Event: ======'mode_attract_starting'====== Args={}
2025-11-25 07:24:43,046 : INFO : Mode.attract : Started. Priority: 10
2025-11-25 07:24:43,046 : INFO : EventManager : Event: ======'modes_active_modes_changed'====== Args={}
2025-11-25 07:24:43,046 : INFO : EventManager : Event: ======'mode_attract_started'====== Args={}
2025-11-25 07:24:43,049 : INFO : EventManager : Event: ======'collecting_balls_complete'====== Args={}
2025-11-25 07:24:43,050 : INFO : EventManager : Event: ======'carousel_item_highlighted'====== Args={'carousel': 'attract', 'direction': None, 'item': 'title'}
2025-11-25 07:24:43,051 : INFO : Mode.game : Stopped.
2025-11-25 07:24:43,051 : INFO : EventManager : Event: ======'modes_active_modes_changed'====== Args={}
2025-11-25 07:24:43,051 : INFO : EventManager : Event: ======'mode_game_stopped'====== Args={}
2025-11-25 07:24:43,051 : INFO : EventManager : Event: ======'clear'====== Args={'key': 'game'}
2025-11-25 07:24:43,106 : INFO : EventManager : Event: ======'slide_attract_created'====== Args={'_from_bcp': True}
2025-11-25 07:24:43,106 : INFO : EventManager : Event: ======'slide_base_inactive'====== Args={'is_removing': True, '_from_bcp': True}
2025-11-25 07:24:43,107 : INFO : EventManager : Event: ======'slide_attract_active'====== Args={'original_context': 'attract', 'original_calling_context': 'mode_attract_started', 'priority': 10.0, 'cmd': 'slides_play', '_from_bcp': True}
2025-11-25 07:24:43,107 : INFO : EventManager : Event: ======'slide_base_removed'====== Args={'_from_bcp': True}
2025-11-25 07:24:48,046 : INFO : Timer.attract_carousel_timer : Timer Complete
2025-11-25 07:24:48,047 : INFO : Timer.attract_carousel_timer : Stopping Timer
2025-11-25 07:24:48,047 : INFO : EventManager : Event: ======'timer_attract_carousel_timer_stopped'====== Args={'ticks': 1, 'ticks_remaining': 1}
2025-11-25 07:24:48,047 : INFO : EventManager : Event: ======'timer_attract_carousel_timer_complete'====== Args={'ticks': 1, 'ticks_remaining': 1}
2025-11-25 07:24:48,048 : INFO : EventManager : Event: ======'carousel_item_highlighted'====== Args={'carousel': 'attract', 'direction': 'forwards', 'item': 'map'}
2025-11-25 07:24:48,049 : INFO : Timer.attract_carousel_timer : Starting Timer.
2025-11-25 07:24:48,049 : INFO : EventManager : Event: ======'timer_attract_carousel_timer_started'====== Args={'ticks': 0, 'ticks_remaining': 1}
2025-11-25 07:24:48,049 : INFO : EventManager : Event: ======'timer_attract_carousel_timer_tick'====== Args={'ticks': 0, 'ticks_remaining': 1}
2025-11-25 07:24:53,049 : INFO : Timer.attract_carousel_timer : Timer Complete
2025-11-25 07:24:53,050 : INFO : Timer.attract_carousel_timer : Stopping Timer
2025-11-25 07:24:53,050 : INFO : EventManager : Event: ======'timer_attract_carousel_timer_stopped'====== Args={'ticks': 1, 'ticks_remaining': 1}
2025-11-25 07:24:53,050 : INFO : EventManager : Event: ======'timer_attract_carousel_timer_complete'====== Args={'ticks': 1, 'ticks_remaining': 1}
2025-11-25 07:24:53,051 : INFO : EventManager : Event: ======'carousel_item_highlighted'====== Args={'carousel': 'attract', 'direction': 'forwards', 'item': 'credits'}
2025-11-25 07:24:53,051 : INFO : Timer.attract_carousel_timer : Starting Timer.
2025-11-25 07:24:53,051 : INFO : EventManager : Event: ======'timer_attract_carousel_timer_started'====== Args={'ticks': 0, 'ticks_remaining': 1}
2025-11-25 07:24:53,051 : INFO : EventManager : Event: ======'timer_attract_carousel_timer_tick'====== Args={'ticks': 0, 'ticks_remaining': 1}
2025-11-25 07:24:58,051 : INFO : Timer.attract_carousel_timer : Timer Complete
2025-11-25 07:24:58,052 : INFO : Timer.attract_carousel_timer : Stopping Timer
2025-11-25 07:24:58,052 : INFO : EventManager : Event: ======'timer_attract_carousel_timer_stopped'====== Args={'ticks': 1, 'ticks_remaining': 1}
2025-11-25 07:24:58,052 : INFO : EventManager : Event: ======'timer_attract_carousel_timer_complete'====== Args={'ticks': 1, 'ticks_remaining': 1}
2025-11-25 07:24:58,052 : INFO : EventManager : Event: ======'carousel_item_highlighted'====== Args={'carousel': 'attract', 'direction': 'forwards', 'item': 'mpf_and_cobrapin_logo'}
2025-11-25 07:24:58,053 : INFO : Timer.attract_carousel_timer : Starting Timer.
2025-11-25 07:24:58,053 : INFO : EventManager : Event: ======'timer_attract_carousel_timer_started'====== Args={'ticks': 0, 'ticks_remaining': 1}
2025-11-25 07:24:58,053 : INFO : EventManager : Event: ======'timer_attract_carousel_timer_tick'====== Args={'ticks': 0, 'ticks_remaining': 1}
2025-11-25 07:25:03,054 : INFO : Timer.attract_carousel_timer : Timer Complete
2025-11-25 07:25:03,054 : INFO : Timer.attract_carousel_timer : Stopping Timer
2025-11-25 07:25:03,054 : INFO : EventManager : Event: ======'timer_attract_carousel_timer_stopped'====== Args={'ticks': 1, 'ticks_remaining': 1}
2025-11-25 07:25:03,054 : INFO : EventManager : Event: ======'timer_attract_carousel_timer_complete'====== Args={'ticks': 1, 'ticks_remaining': 1}
2025-11-25 07:25:03,055 : INFO : EventManager : Event: ======'carousel_item_highlighted'====== Args={'carousel': 'attract', 'direction': 'forwards', 'item': 'team_cherry'}
2025-11-25 07:25:03,055 : INFO : Timer.attract_carousel_timer : Starting Timer.
2025-11-25 07:25:03,055 : INFO : EventManager : Event: ======'timer_attract_carousel_timer_started'====== Args={'ticks': 0, 'ticks_remaining': 1}
2025-11-25 07:25:03,055 : INFO : EventManager : Event: ======'timer_attract_carousel_timer_tick'====== Args={'ticks': 0, 'ticks_remaining': 1}
2025-11-25 07:25:08,056 : INFO : Timer.attract_carousel_timer : Timer Complete
2025-11-25 07:25:08,057 : INFO : Timer.attract_carousel_timer : Stopping Timer
2025-11-25 07:25:08,057 : INFO : EventManager : Event: ======'timer_attract_carousel_timer_stopped'====== Args={'ticks': 1, 'ticks_remaining': 1}
2025-11-25 07:25:08,057 : INFO : EventManager : Event: ======'timer_attract_carousel_timer_complete'====== Args={'ticks': 1, 'ticks_remaining': 1}
2025-11-25 07:25:08,057 : INFO : EventManager : Event: ======'carousel_item_highlighted'====== Args={'carousel': 'attract', 'direction': 'forwards', 'item': 'last_scores_1p'}
2025-11-25 07:25:08,058 : INFO : Timer.attract_carousel_timer : Starting Timer.
2025-11-25 07:25:08,058 : INFO : EventManager : Event: ======'timer_attract_carousel_timer_started'====== Args={'ticks': 0, 'ticks_remaining': 1}
2025-11-25 07:25:08,058 : INFO : EventManager : Event: ======'timer_attract_carousel_timer_tick'====== Args={'ticks': 0, 'ticks_remaining': 1}
2025-11-25 07:25:13,059 : INFO : Timer.attract_carousel_timer : Timer Complete
2025-11-25 07:25:13,059 : INFO : Timer.attract_carousel_timer : Stopping Timer
2025-11-25 07:25:13,059 : INFO : EventManager : Event: ======'timer_attract_carousel_timer_stopped'====== Args={'ticks': 1, 'ticks_remaining': 1}
2025-11-25 07:25:13,060 : INFO : EventManager : Event: ======'timer_attract_carousel_timer_complete'====== Args={'ticks': 1, 'ticks_remaining': 1}
2025-11-25 07:25:13,060 : INFO : EventManager : Event: ======'carousel_item_highlighted'====== Args={'carousel': 'attract', 'direction': 'forwards', 'item': 'title'}
2025-11-25 07:25:13,060 : INFO : Timer.attract_carousel_timer : Starting Timer.
2025-11-25 07:25:13,060 : INFO : EventManager : Event: ======'timer_attract_carousel_timer_started'====== Args={'ticks': 0, 'ticks_remaining': 1}
2025-11-25 07:25:13,061 : INFO : EventManager : Event: ======'timer_attract_carousel_timer_tick'====== Args={'ticks': 0, 'ticks_remaining': 1}
2025-11-25 07:25:18,062 : INFO : Timer.attract_carousel_timer : Timer Complete
2025-11-25 07:25:18,062 : INFO : Timer.attract_carousel_timer : Stopping Timer
2025-11-25 07:25:18,062 : INFO : EventManager : Event: ======'timer_attract_carousel_timer_stopped'====== Args={'ticks': 1, 'ticks_remaining': 1}
2025-11-25 07:25:18,062 : INFO : EventManager : Event: ======'timer_attract_carousel_timer_complete'====== Args={'ticks': 1, 'ticks_remaining': 1}
2025-11-25 07:25:18,063 : INFO : EventManager : Event: ======'carousel_item_highlighted'====== Args={'carousel': 'attract', 'direction': 'forwards', 'item': 'map'}
2025-11-25 07:25:18,063 : INFO : Timer.attract_carousel_timer : Starting Timer.
2025-11-25 07:25:18,063 : INFO : EventManager : Event: ======'timer_attract_carousel_timer_started'====== Args={'ticks': 0, 'ticks_remaining': 1}
2025-11-25 07:25:18,063 : INFO : EventManager : Event: ======'timer_attract_carousel_timer_tick'====== Args={'ticks': 0, 'ticks_remaining': 1}
2025-11-25 07:25:18,833 : INFO : SwitchController : <<<<<<< 's_right_flipper' active >>>>>>>
2025-11-25 07:25:18,833 : INFO : EventManager : Event: ======'s_right_flipper_active'====== Args={}
2025-11-25 07:25:18,834 : INFO : EventManager : Event: ======'carousel_item_highlighted'====== Args={'carousel': 'attract', 'direction': 'forwards', 'item': 'credits'}
2025-11-25 07:25:18,916 : INFO : SwitchController : <<<<<<< 's_right_flipper' inactive >>>>>>>
2025-11-25 07:25:19,216 : INFO : SwitchController : <<<<<<< 's_right_flipper' active >>>>>>>
2025-11-25 07:25:19,217 : INFO : EventManager : Event: ======'s_right_flipper_active'====== Args={}
2025-11-25 07:25:19,217 : INFO : EventManager : Event: ======'carousel_item_highlighted'====== Args={'carousel': 'attract', 'direction': 'forwards', 'item': 'mpf_and_cobrapin_logo'}
2025-11-25 07:25:19,333 : INFO : SwitchController : <<<<<<< 's_right_flipper' inactive >>>>>>>
2025-11-25 07:25:19,633 : INFO : SwitchController : <<<<<<< 's_right_flipper' active >>>>>>>
2025-11-25 07:25:19,633 : INFO : EventManager : Event: ======'s_right_flipper_active'====== Args={}
2025-11-25 07:25:19,634 : INFO : EventManager : Event: ======'carousel_item_highlighted'====== Args={'carousel': 'attract', 'direction': 'forwards', 'item': 'team_cherry'}
2025-11-25 07:25:19,733 : INFO : SwitchController : <<<<<<< 's_right_flipper' inactive >>>>>>>
2025-11-25 07:25:20,133 : INFO : SwitchController : <<<<<<< 's_right_flipper' active >>>>>>>
2025-11-25 07:25:20,133 : INFO : EventManager : Event: ======'s_right_flipper_active'====== Args={}
2025-11-25 07:25:20,134 : INFO : EventManager : Event: ======'carousel_item_highlighted'====== Args={'carousel': 'attract', 'direction': 'forwards', 'item': 'last_scores_1p'}
2025-11-25 07:25:20,267 : INFO : SwitchController : <<<<<<< 's_right_flipper' inactive >>>>>>>
2025-11-25 07:25:23,064 : INFO : Timer.attract_carousel_timer : Timer Complete
2025-11-25 07:25:23,065 : INFO : Timer.attract_carousel_timer : Stopping Timer
2025-11-25 07:25:23,065 : INFO : EventManager : Event: ======'timer_attract_carousel_timer_stopped'====== Args={'ticks': 1, 'ticks_remaining': 1}
2025-11-25 07:25:23,065 : INFO : EventManager : Event: ======'timer_attract_carousel_timer_complete'====== Args={'ticks': 1, 'ticks_remaining': 1}
2025-11-25 07:25:23,066 : INFO : EventManager : Event: ======'carousel_item_highlighted'====== Args={'carousel': 'attract', 'direction': 'forwards', 'item': 'title'}
2025-11-25 07:25:23,067 : INFO : Timer.attract_carousel_timer : Starting Timer.
2025-11-25 07:25:23,067 : INFO : EventManager : Event: ======'timer_attract_carousel_timer_started'====== Args={'ticks': 0, 'ticks_remaining': 1}
2025-11-25 07:25:23,067 : INFO : EventManager : Event: ======'timer_attract_carousel_timer_tick'====== Args={'ticks': 0, 'ticks_remaining': 1}
2025-11-25 07:25:25,050 : INFO : SwitchController : <<<<<<< 's_left_flipper' active >>>>>>>
2025-11-25 07:25:25,050 : INFO : EventManager : Event: ======'s_left_flipper_active'====== Args={}
2025-11-25 07:25:25,051 : INFO : EventManager : Event: ======'carousel_item_highlighted'====== Args={'carousel': 'attract', 'direction': 'backwards', 'item': 'last_scores_1p'}
2025-11-25 07:25:25,200 : INFO : SwitchController : <<<<<<< 's_left_flipper' inactive >>>>>>>
2025-11-25 07:25:25,516 : INFO : SwitchController : <<<<<<< 's_left_flipper' active >>>>>>>
2025-11-25 07:25:25,516 : INFO : EventManager : Event: ======'s_left_flipper_active'====== Args={}
2025-11-25 07:25:25,517 : INFO : EventManager : Event: ======'carousel_item_highlighted'====== Args={'carousel': 'attract', 'direction': 'backwards', 'item': 'team_cherry'}
2025-11-25 07:25:25,967 : INFO : SwitchController : <<<<<<< 's_left_flipper' inactive >>>>>>>
2025-11-25 07:25:27,199 : INFO : SwitchController : <<<<<<< 's_right_flipper' active >>>>>>>
2025-11-25 07:25:27,200 : INFO : EventManager : Event: ======'s_right_flipper_active'====== Args={}
2025-11-25 07:25:27,200 : INFO : EventManager : Event: ======'carousel_item_highlighted'====== Args={'carousel': 'attract', 'direction': 'forwards', 'item': 'last_scores_1p'}
2025-11-25 07:25:27,316 : INFO : SwitchController : <<<<<<< 's_right_flipper' inactive >>>>>>>
2025-11-25 07:25:27,433 : INFO : SwitchController : <<<<<<< 's_right_flipper' active >>>>>>>
2025-11-25 07:25:27,433 : INFO : EventManager : Event: ======'s_right_flipper_active'====== Args={}
2025-11-25 07:25:27,434 : INFO : EventManager : Event: ======'carousel_item_highlighted'====== Args={'carousel': 'attract', 'direction': 'forwards', 'item': 'title'}
2025-11-25 07:25:28,068 : INFO : Timer.attract_carousel_timer : Timer Complete
2025-11-25 07:25:28,068 : INFO : Timer.attract_carousel_timer : Stopping Timer
2025-11-25 07:25:28,068 : INFO : EventManager : Event: ======'timer_attract_carousel_timer_stopped'====== Args={'ticks': 1, 'ticks_remaining': 1}
2025-11-25 07:25:28,069 : INFO : EventManager : Event: ======'timer_attract_carousel_timer_complete'====== Args={'ticks': 1, 'ticks_remaining': 1}
2025-11-25 07:25:28,069 : INFO : EventManager : Event: ======'carousel_item_highlighted'====== Args={'carousel': 'attract', 'direction': 'forwards', 'item': 'map'}
2025-11-25 07:25:28,069 : INFO : Timer.attract_carousel_timer : Starting Timer.
2025-11-25 07:25:28,069 : INFO : EventManager : Event: ======'timer_attract_carousel_timer_started'====== Args={'ticks': 0, 'ticks_remaining': 1}
2025-11-25 07:25:28,070 : INFO : EventManager : Event: ======'timer_attract_carousel_timer_tick'====== Args={'ticks': 0, 'ticks_remaining': 1}
2025-11-25 07:25:28,533 : INFO : SwitchController : <<<<<<< 's_right_flipper' inactive >>>>>>>
2025-11-25 07:25:28,666 : INFO : SwitchController : <<<<<<< 's_left_flipper' active >>>>>>>
2025-11-25 07:25:28,666 : INFO : EventManager : Event: ======'s_left_flipper_active'====== Args={}
2025-11-25 07:25:28,667 : INFO : EventManager : Event: ======'carousel_item_highlighted'====== Args={'carousel': 'attract', 'direction': 'backwards', 'item': 'title'}
2025-11-25 07:25:28,766 : INFO : SwitchController : <<<<<<< 's_left_flipper' inactive >>>>>>>
2025-11-25 07:25:28,849 : INFO : SwitchController : <<<<<<< 's_left_flipper' active >>>>>>>
2025-11-25 07:25:28,850 : INFO : EventManager : Event: ======'s_left_flipper_active'====== Args={}
2025-11-25 07:25:28,850 : INFO : EventManager : Event: ======'carousel_item_highlighted'====== Args={'carousel': 'attract', 'direction': 'backwards', 'item': 'last_scores_1p'}
2025-11-25 07:25:28,933 : INFO : SwitchController : <<<<<<< 's_left_flipper' inactive >>>>>>>
2025-11-25 07:25:29,033 : INFO : SwitchController : <<<<<<< 's_left_flipper' active >>>>>>>
2025-11-25 07:25:29,033 : INFO : EventManager : Event: ======'s_left_flipper_active'====== Args={}
2025-11-25 07:25:29,034 : INFO : EventManager : Event: ======'carousel_item_highlighted'====== Args={'carousel': 'attract', 'direction': 'backwards', 'item': 'team_cherry'}
2025-11-25 07:25:31,766 : INFO : SwitchController : <<<<<<< 's_left_flipper' inactive >>>>>>>
2025-11-25 07:25:32,050 : INFO : SwitchController : <<<<<<< 's_right_flipper' active >>>>>>>
2025-11-25 07:25:32,050 : INFO : EventManager : Event: ======'s_right_flipper_active'====== Args={}
2025-11-25 07:25:32,051 : INFO : EventManager : Event: ======'carousel_item_highlighted'====== Args={'carousel': 'attract', 'direction': 'forwards', 'item': 'last_scores_1p'}
2025-11-25 07:25:32,216 : INFO : SwitchController : <<<<<<< 's_right_flipper' inactive >>>>>>>
2025-11-25 07:25:33,070 : INFO : Timer.attract_carousel_timer : Timer Complete
2025-11-25 07:25:33,070 : INFO : Timer.attract_carousel_timer : Stopping Timer
2025-11-25 07:25:33,070 : INFO : EventManager : Event: ======'timer_attract_carousel_timer_stopped'====== Args={'ticks': 1, 'ticks_remaining': 1}
2025-11-25 07:25:33,070 : INFO : EventManager : Event: ======'timer_attract_carousel_timer_complete'====== Args={'ticks': 1, 'ticks_remaining': 1}
2025-11-25 07:25:33,071 : INFO : EventManager : Event: ======'carousel_item_highlighted'====== Args={'carousel': 'attract', 'direction': 'forwards', 'item': 'title'}
2025-11-25 07:25:33,071 : INFO : Timer.attract_carousel_timer : Starting Timer.
2025-11-25 07:25:33,071 : INFO : EventManager : Event: ======'timer_attract_carousel_timer_started'====== Args={'ticks': 0, 'ticks_remaining': 1}
2025-11-25 07:25:33,071 : INFO : EventManager : Event: ======'timer_attract_carousel_timer_tick'====== Args={'ticks': 0, 'ticks_remaining': 1}
2025-11-25 07:25:35,366 : INFO : SwitchController : <<<<<<< 's_left_flipper' active >>>>>>>
2025-11-25 07:25:35,366 : INFO : EventManager : Event: ======'s_left_flipper_active'====== Args={}
2025-11-25 07:25:35,367 : INFO : EventManager : Event: ======'carousel_item_highlighted'====== Args={'carousel': 'attract', 'direction': 'backwards', 'item': 'last_scores_1p'}
2025-11-25 07:25:35,449 : INFO : SwitchController : <<<<<<< 's_left_flipper' inactive >>>>>>>
2025-11-25 07:25:38,072 : INFO : Timer.attract_carousel_timer : Timer Complete
2025-11-25 07:25:38,073 : INFO : Timer.attract_carousel_timer : Stopping Timer
2025-11-25 07:25:38,073 : INFO : EventManager : Event: ======'timer_attract_carousel_timer_stopped'====== Args={'ticks': 1, 'ticks_remaining': 1}
2025-11-25 07:25:38,073 : INFO : EventManager : Event: ======'timer_attract_carousel_timer_complete'====== Args={'ticks': 1, 'ticks_remaining': 1}
2025-11-25 07:25:38,073 : INFO : EventManager : Event: ======'carousel_item_highlighted'====== Args={'carousel': 'attract', 'direction': 'forwards', 'item': 'title'}
2025-11-25 07:25:38,074 : INFO : Timer.attract_carousel_timer : Starting Timer.
2025-11-25 07:25:38,074 : INFO : EventManager : Event: ======'timer_attract_carousel_timer_started'====== Args={'ticks': 0, 'ticks_remaining': 1}
2025-11-25 07:25:38,074 : INFO : EventManager : Event: ======'timer_attract_carousel_timer_tick'====== Args={'ticks': 0, 'ticks_remaining': 1}
2025-11-25 07:25:43,074 : INFO : Timer.attract_carousel_timer : Timer Complete
2025-11-25 07:25:43,075 : INFO : Timer.attract_carousel_timer : Stopping Timer
2025-11-25 07:25:43,075 : INFO : EventManager : Event: ======'timer_attract_carousel_timer_stopped'====== Args={'ticks': 1, 'ticks_remaining': 1}
2025-11-25 07:25:43,075 : INFO : EventManager : Event: ======'timer_attract_carousel_timer_complete'====== Args={'ticks': 1, 'ticks_remaining': 1}
2025-11-25 07:25:43,075 : INFO : EventManager : Event: ======'carousel_item_highlighted'====== Args={'carousel': 'attract', 'direction': 'forwards', 'item': 'map'}
2025-11-25 07:25:43,076 : INFO : Timer.attract_carousel_timer : Starting Timer.
2025-11-25 07:25:43,076 : INFO : EventManager : Event: ======'timer_attract_carousel_timer_started'====== Args={'ticks': 0, 'ticks_remaining': 1}
2025-11-25 07:25:43,076 : INFO : EventManager : Event: ======'timer_attract_carousel_timer_tick'====== Args={'ticks': 0, 'ticks_remaining': 1}
2025-11-25 07:25:48,082 : INFO : Timer.attract_carousel_timer : Timer Complete
2025-11-25 07:25:48,085 : INFO : Timer.attract_carousel_timer : Stopping Timer
2025-11-25 07:25:48,086 : INFO : EventManager : Event: ======'timer_attract_carousel_timer_stopped'====== Args={'ticks': 1, 'ticks_remaining': 1}
2025-11-25 07:25:48,086 : INFO : EventManager : Event: ======'timer_attract_carousel_timer_complete'====== Args={'ticks': 1, 'ticks_remaining': 1}
2025-11-25 07:25:48,086 : INFO : EventManager : Event: ======'carousel_item_highlighted'====== Args={'carousel': 'attract', 'direction': 'forwards', 'item': 'credits'}
2025-11-25 07:25:48,086 : INFO : Timer.attract_carousel_timer : Starting Timer.
2025-11-25 07:25:48,086 : INFO : EventManager : Event: ======'timer_attract_carousel_timer_started'====== Args={'ticks': 0, 'ticks_remaining': 1}
2025-11-25 07:25:48,086 : INFO : EventManager : Event: ======'timer_attract_carousel_timer_tick'====== Args={'ticks': 0, 'ticks_remaining': 1}
2025-11-25 07:25:53,087 : INFO : Timer.attract_carousel_timer : Timer Complete
2025-11-25 07:25:53,087 : INFO : Timer.attract_carousel_timer : Stopping Timer
2025-11-25 07:25:53,088 : INFO : EventManager : Event: ======'timer_attract_carousel_timer_stopped'====== Args={'ticks': 1, 'ticks_remaining': 1}
2025-11-25 07:25:53,088 : INFO : EventManager : Event: ======'timer_attract_carousel_timer_complete'====== Args={'ticks': 1, 'ticks_remaining': 1}
2025-11-25 07:25:53,088 : INFO : EventManager : Event: ======'carousel_item_highlighted'====== Args={'carousel': 'attract', 'direction': 'forwards', 'item': 'mpf_and_cobrapin_logo'}
2025-11-25 07:25:53,088 : INFO : Timer.attract_carousel_timer : Starting Timer.
2025-11-25 07:25:53,089 : INFO : EventManager : Event: ======'timer_attract_carousel_timer_started'====== Args={'ticks': 0, 'ticks_remaining': 1}
2025-11-25 07:25:53,089 : INFO : EventManager : Event: ======'timer_attract_carousel_timer_tick'====== Args={'ticks': 0, 'ticks_remaining': 1}
2025-11-25 07:25:58,090 : INFO : Timer.attract_carousel_timer : Timer Complete
2025-11-25 07:25:58,090 : INFO : Timer.attract_carousel_timer : Stopping Timer
2025-11-25 07:25:58,090 : INFO : EventManager : Event: ======'timer_attract_carousel_timer_stopped'====== Args={'ticks': 1, 'ticks_remaining': 1}
2025-11-25 07:25:58,090 : INFO : EventManager : Event: ======'timer_attract_carousel_timer_complete'====== Args={'ticks': 1, 'ticks_remaining': 1}
2025-11-25 07:25:58,090 : INFO : EventManager : Event: ======'carousel_item_highlighted'====== Args={'carousel': 'attract', 'direction': 'forwards', 'item': 'team_cherry'}
2025-11-25 07:25:58,090 : INFO : Timer.attract_carousel_timer : Starting Timer.
2025-11-25 07:25:58,090 : INFO : EventManager : Event: ======'timer_attract_carousel_timer_started'====== Args={'ticks': 0, 'ticks_remaining': 1}
2025-11-25 07:25:58,090 : INFO : EventManager : Event: ======'timer_attract_carousel_timer_tick'====== Args={'ticks': 0, 'ticks_remaining': 1}
2025-11-25 07:26:03,092 : INFO : Timer.attract_carousel_timer : Timer Complete
2025-11-25 07:26:03,092 : INFO : Timer.attract_carousel_timer : Stopping Timer
2025-11-25 07:26:03,092 : INFO : EventManager : Event: ======'timer_attract_carousel_timer_stopped'====== Args={'ticks': 1, 'ticks_remaining': 1}
2025-11-25 07:26:03,092 : INFO : EventManager : Event: ======'timer_attract_carousel_timer_complete'====== Args={'ticks': 1, 'ticks_remaining': 1}
2025-11-25 07:26:03,093 : INFO : EventManager : Event: ======'carousel_item_highlighted'====== Args={'carousel': 'attract', 'direction': 'forwards', 'item': 'last_scores_1p'}
2025-11-25 07:26:03,093 : INFO : Timer.attract_carousel_timer : Starting Timer.
2025-11-25 07:26:03,093 : INFO : EventManager : Event: ======'timer_attract_carousel_timer_started'====== Args={'ticks': 0, 'ticks_remaining': 1}
2025-11-25 07:26:03,093 : INFO : EventManager : Event: ======'timer_attract_carousel_timer_tick'====== Args={'ticks': 0, 'ticks_remaining': 1}
2025-11-25 07:26:08,094 : INFO : Timer.attract_carousel_timer : Timer Complete
2025-11-25 07:26:08,094 : INFO : Timer.attract_carousel_timer : Stopping Timer
2025-11-25 07:26:08,095 : INFO : EventManager : Event: ======'timer_attract_carousel_timer_stopped'====== Args={'ticks': 1, 'ticks_remaining': 1}
2025-11-25 07:26:08,095 : INFO : EventManager : Event: ======'timer_attract_carousel_timer_complete'====== Args={'ticks': 1, 'ticks_remaining': 1}
2025-11-25 07:26:08,095 : INFO : EventManager : Event: ======'carousel_item_highlighted'====== Args={'carousel': 'attract', 'direction': 'forwards', 'item': 'title'}
2025-11-25 07:26:08,095 : INFO : Timer.attract_carousel_timer : Starting Timer.
2025-11-25 07:26:08,096 : INFO : EventManager : Event: ======'timer_attract_carousel_timer_started'====== Args={'ticks': 0, 'ticks_remaining': 1}
2025-11-25 07:26:08,096 : INFO : EventManager : Event: ======'timer_attract_carousel_timer_tick'====== Args={'ticks': 0, 'ticks_remaining': 1}
2025-11-25 07:26:13,097 : INFO : Timer.attract_carousel_timer : Timer Complete
2025-11-25 07:26:13,097 : INFO : Timer.attract_carousel_timer : Stopping Timer
2025-11-25 07:26:13,097 : INFO : EventManager : Event: ======'timer_attract_carousel_timer_stopped'====== Args={'ticks': 1, 'ticks_remaining': 1}
2025-11-25 07:26:13,098 : INFO : EventManager : Event: ======'timer_attract_carousel_timer_complete'====== Args={'ticks': 1, 'ticks_remaining': 1}
2025-11-25 07:26:13,098 : INFO : EventManager : Event: ======'carousel_item_highlighted'====== Args={'carousel': 'attract', 'direction': 'forwards', 'item': 'map'}
2025-11-25 07:26:13,099 : INFO : Timer.attract_carousel_timer : Starting Timer.
2025-11-25 07:26:13,099 : INFO : EventManager : Event: ======'timer_attract_carousel_timer_started'====== Args={'ticks': 0, 'ticks_remaining': 1}
2025-11-25 07:26:13,099 : INFO : EventManager : Event: ======'timer_attract_carousel_timer_tick'====== Args={'ticks': 0, 'ticks_remaining': 1}
2025-11-25 07:26:15,226 : INFO : Machine : Shutting down...
2025-11-25 07:26:15,227 : INFO : EventManager : Event: ======'shutdown'====== Args={}
2025-11-25 07:26:15,231 : INFO : root : MPF run loop ended.
