2025-11-22 13:20:46,247 : INFO : root : Loading config.
2025-11-22 13:20:46,249 : INFO : YamlMultifileConfigLoader : Machine config file #1: config.yaml
2025-11-22 13:20:46,249 : INFO : ConfigProcessor : Loading config from cache: /var/folders/k0/j_dpx55x4kndbs36pl2nt9l00000gn/T/92f7f295141fbdde09e201e7fd0f1349.mpf_cache
2025-11-22 13:20:46,273 : INFO : ConfigProcessor : Loading config from cache: /var/folders/k0/j_dpx55x4kndbs36pl2nt9l00000gn/T/7b77bdcd1da4c54cc720d492bab55a0d.mpf_cache
2025-11-22 13:20:46,273 : INFO : ConfigProcessor : Loading config from cache: /var/folders/k0/j_dpx55x4kndbs36pl2nt9l00000gn/T/501e18c1625d42f1ba9bf53b020c49c5.mpf_cache
2025-11-22 13:20:46,274 : INFO : ConfigProcessor : Loading config from cache: /var/folders/k0/j_dpx55x4kndbs36pl2nt9l00000gn/T/7b77bdcd1da4c54cc720d492bab55a0d.mpf_cache
2025-11-22 13:20:46,274 : INFO : ConfigProcessor : Loading config from cache: /var/folders/k0/j_dpx55x4kndbs36pl2nt9l00000gn/T/dda6f4da00898f9f0a4796a41d9a2ef0.mpf_cache
2025-11-22 13:20:46,274 : INFO : Machine : Mission Pinball Framework Core Engine v0.80.0.dev11
2025-11-22 13:20:46,274 : INFO : Machine : Command line arguments: {'no_load_cache': False, 'create_config_cache': True, 'bcp': True, 'configfile': ['config.yaml'], 'force_assets_load': False, 'platform_integration_test': False, 'jsonlogging': False, 'logfile': 'logs/2025-11-22-13-20-46-mpf-Sams-MacBook-Air-2.local.log', 'pause': False, 'production': False, 'text_ui': False, 'loglevel': 15, 'consoleloglevel': 20, 'force_platform': 'virtual', 'syslog_address': None, 'full_logfile_path': '/Users/samhughes/Desktop/Hollow-Knight-Pinball/logs/2025-11-22-13-20-46-mpf-Sams-MacBook-Air-2.local.log'}
2025-11-22 13:20:46,274 : INFO : Machine : MPF path: /Users/samhughes/mpf/lib/python3.13/site-packages/mpf
2025-11-22 13:20:46,274 : INFO : Machine : Machine path: /Users/samhughes/Desktop/Hollow-Knight-Pinball
2025-11-22 13:20:46,274 : INFO : Machine : Platform: darwin
2025-11-22 13:20:46,274 : INFO : Machine : Python executable location: /Users/samhughes/mpf/bin/python3.13
2025-11-22 13:20:46,274 : INFO : Machine : Python version: 3.13.2 (64-bit)
2025-11-22 13:20:46,275 : INFO : Machine : Initializing MPF...
2025-11-22 13:20:46,301 : INFO : EventManager : Event: ======'machine_var_credits_string'====== Args={'value': 'FREE PLAY', 'prev_value': None, 'change': True}
2025-11-22 13:20:46,306 : INFO : EventManager : Event: ======'machine_var_master_volume'====== Args={'value': 0.5, 'prev_value': None, 'change': True}
2025-11-22 13:20:46,306 : INFO : EventManager : Event: ======'machine_var_mpf_version'====== Args={'value': 'Mission Pinball Framework v0.80.0.dev11', 'prev_value': None, 'change': True}
2025-11-22 13:20:46,306 : INFO : EventManager : Event: ======'machine_var_mpf_extended_version'====== Args={'value': 'Mission Pinball Framework v0.80.0.dev11, Config version:6, Show version: 6, BCP version:1.1', 'prev_value': None, 'change': True}
2025-11-22 13:20:46,306 : INFO : EventManager : Event: ======'machine_var_python_version'====== Args={'value': '3.13.2', 'prev_value': None, 'change': True}
2025-11-22 13:20:46,315 : INFO : EventManager : Event: ======'machine_var_platform'====== Args={'value': 'macOS-15.6.1-arm64-arm-64bit-Mach-O', 'prev_value': None, 'change': True}
2025-11-22 13:20:46,315 : INFO : EventManager : Event: ======'machine_var_platform_system'====== Args={'value': 'Darwin', 'prev_value': None, 'change': True}
2025-11-22 13:20:46,315 : INFO : EventManager : Event: ======'machine_var_platform_release'====== Args={'value': '24.6.0', 'prev_value': None, 'change': True}
2025-11-22 13:20:46,315 : INFO : EventManager : Event: ======'machine_var_platform_version'====== Args={'value': 'Darwin Kernel Version 24.6.0: Mon Jul 14 11:29:54 PDT 2025; root:xnu-11417.140.69~1/RELEASE_ARM64_T8122', 'prev_value': None, 'change': True}
2025-11-22 13:20:46,315 : INFO : EventManager : Event: ======'machine_var_platform_machine'====== Args={'value': 'arm64', 'prev_value': None, 'change': True}
2025-11-22 13:20:46,315 : INFO : EventManager : Event: ======'machine_var_log_file_path'====== Args={'value': '/Users/samhughes/Desktop/Hollow-Knight-Pinball/logs/2025-11-22-13-20-46-mpf-Sams-MacBook-Air-2.local.log', 'prev_value': None, 'change': True}
2025-11-22 13:20:46,315 : INFO : EventManager : Event: ======'init_phase_1'====== Args={}
2025-11-22 13:20:46,319 : INFO : EventManager : Event: ======'init_phase_2'====== Args={}
2025-11-22 13:20:46,319 : INFO : EventManager : Event: ======'bcp_connection_attempt'====== Args={'name': 'local_display', 'host': 'localhost', 'port': 5050}
2025-11-22 13:20:46,319 : INFO : BCPClientSocket : Connecting BCP to 'local_display' at localhost:5050...
2025-11-22 13:20:55,765 : INFO : Machine : Starting the main run loop with active modes: []
2025-11-22 13:20:55,765 : WARNING : Machine : Attract mode is not active, game will not be playable. Please check your attract mode configuration.
2025-11-22 13:20:55,765 : INFO : Machine : Shutting down...
2025-11-22 13:20:55,766 : INFO : EventManager : Event: ======'shutdown'====== Args={}
2025-11-22 13:20:56,769 : INFO : root : MPF run loop ended.
