2025-11-25 06:53:44,064 : INFO : root : Loading config.
2025-11-25 06:53:44,065 : INFO : YamlMultifileConfigLoader : Machine config file #1: config.yaml
2025-11-25 06:53:44,065 : INFO : ConfigProcessor : Loading config from cache: /var/folders/k0/j_dpx55x4kndbs36pl2nt9l00000gn/T/92f7f295141fbdde09e201e7fd0f1349.mpf_cache
2025-11-25 06:53:44,078 : INFO : ConfigProcessor : Loading config from cache: /var/folders/k0/j_dpx55x4kndbs36pl2nt9l00000gn/T/7b77bdcd1da4c54cc720d492bab55a0d.mpf_cache
2025-11-25 06:53:44,078 : INFO : ConfigProcessor : Loading config from cache: /var/folders/k0/j_dpx55x4kndbs36pl2nt9l00000gn/T/501e18c1625d42f1ba9bf53b020c49c5.mpf_cache
2025-11-25 06:53:44,078 : INFO : ConfigProcessor : Loading config from cache: /var/folders/k0/j_dpx55x4kndbs36pl2nt9l00000gn/T/7b77bdcd1da4c54cc720d492bab55a0d.mpf_cache
2025-11-25 06:53:44,078 : INFO : ConfigProcessor : Loading config from cache: /var/folders/k0/j_dpx55x4kndbs36pl2nt9l00000gn/T/dda6f4da00898f9f0a4796a41d9a2ef0.mpf_cache
2025-11-25 06:53:44,078 : INFO : ConfigProcessor : Loading config from cache: /var/folders/k0/j_dpx55x4kndbs36pl2nt9l00000gn/T/522fc819f659907ecbd91e12554f307a.mpf_cache
2025-11-25 06:53:44,079 : INFO : Machine : Mission Pinball Framework Core Engine v0.80.0.dev11
2025-11-25 06:53:44,079 : INFO : Machine : Command line arguments: {'no_load_cache': False, 'create_config_cache': True, 'bcp': True, 'configfile': ['config.yaml'], 'force_assets_load': False, 'platform_integration_test': False, 'jsonlogging': False, 'logfile': 'logs/2025-11-25-06-53-44-mpf-Sams-MacBook-Air-2.local.log', 'pause': False, 'production': False, 'text_ui': True, 'loglevel': 15, 'consoleloglevel': 20, 'force_platform': 'virtual', 'syslog_address': None, 'full_logfile_path': '/Users/samhughes/Desktop/Hollow-Knight-Pinball/logs/2025-11-25-06-53-44-mpf-Sams-MacBook-Air-2.local.log'}
2025-11-25 06:53:44,079 : INFO : Machine : MPF path: /Users/samhughes/mpf/lib/python3.13/site-packages/mpf
2025-11-25 06:53:44,079 : INFO : Machine : Machine path: /Users/samhughes/Desktop/Hollow-Knight-Pinball
2025-11-25 06:53:44,079 : INFO : Machine : Platform: darwin
2025-11-25 06:53:44,079 : INFO : Machine : Python executable location: /Users/samhughes/mpf/bin/python3.13
2025-11-25 06:53:44,079 : INFO : Machine : Python version: 3.13.2 (64-bit)
2025-11-25 06:53:44,079 : INFO : Machine : Initializing MPF...
2025-11-25 06:53:44,093 : INFO : EventManager : Event: ======'machine_var_credits_string'====== Args={'value': 'FREE PLAY', 'prev_value': None, 'change': True}
2025-11-25 06:53:44,095 : INFO : EventManager : Event: ======'machine_var_master_volume'====== Args={'value': 0.5, 'prev_value': None, 'change': True}
2025-11-25 06:53:44,096 : INFO : EventManager : Event: ======'machine_var_mpf_version'====== Args={'value': 'Mission Pinball Framework v0.80.0.dev11', 'prev_value': None, 'change': True}
2025-11-25 06:53:44,096 : INFO : EventManager : Event: ======'machine_var_mpf_extended_version'====== Args={'value': 'Mission Pinball Framework v0.80.0.dev11, Config version:6, Show version: 6, BCP version:1.1', 'prev_value': None, 'change': True}
2025-11-25 06:53:44,096 : INFO : EventManager : Event: ======'machine_var_python_version'====== Args={'value': '3.13.2', 'prev_value': None, 'change': True}
2025-11-25 06:53:44,101 : INFO : EventManager : Event: ======'machine_var_platform'====== Args={'value': 'macOS-15.6.1-arm64-arm-64bit-Mach-O', 'prev_value': None, 'change': True}
2025-11-25 06:53:44,101 : INFO : EventManager : Event: ======'machine_var_platform_system'====== Args={'value': 'Darwin', 'prev_value': None, 'change': True}
2025-11-25 06:53:44,101 : INFO : EventManager : Event: ======'machine_var_platform_release'====== Args={'value': '24.6.0', 'prev_value': None, 'change': True}
2025-11-25 06:53:44,101 : INFO : EventManager : Event: ======'machine_var_platform_version'====== Args={'value': 'Darwin Kernel Version 24.6.0: Mon Jul 14 11:29:54 PDT 2025; root:xnu-11417.140.69~1/RELEASE_ARM64_T8122', 'prev_value': None, 'change': True}
2025-11-25 06:53:44,101 : INFO : EventManager : Event: ======'machine_var_platform_machine'====== Args={'value': 'arm64', 'prev_value': None, 'change': True}
2025-11-25 06:53:44,101 : INFO : EventManager : Event: ======'machine_var_log_file_path'====== Args={'value': '/Users/samhughes/Desktop/Hollow-Knight-Pinball/logs/2025-11-25-06-53-44-mpf-Sams-MacBook-Air-2.local.log', 'prev_value': None, 'change': True}
2025-11-25 06:53:44,101 : INFO : EventManager : Event: ======'init_phase_1'====== Args={}
2025-11-25 06:53:44,105 : INFO : EventManager : Event: ======'init_phase_2'====== Args={}
2025-11-25 06:53:44,105 : INFO : SwitchController : Found active switch: (1002, <Platform.Virtual>) <switch.s_trough_1>
2025-11-25 06:53:44,105 : INFO : SwitchController : Found active switch: (1003, <Platform.Virtual>) <switch.s_trough_2>
2025-11-25 06:53:44,105 : INFO : SwitchController : Found active switch: (1004, <Platform.Virtual>) <switch.s_trough_3>
2025-11-25 06:53:44,106 : INFO : EventManager : Event: ======'bcp_connection_attempt'====== Args={'name': 'local_display', 'host': 'localhost', 'port': 5050}
2025-11-25 06:53:44,106 : INFO : BCPClientSocket : Connecting BCP to 'local_display' at localhost:5050...
2025-11-25 06:53:48,142 : INFO : BCPClientSocket : Connected BCP to 'local_display' localhost:5050
2025-11-25 06:53:48,143 : INFO : EventManager : Event: ======'bcp_clients_connected'====== Args={}
2025-11-25 06:53:48,146 : INFO : ball_device.bd_trough : BCH: Initial count: 3
2025-11-25 06:53:48,147 : INFO : ball_device.bd_trough : State: idle
2025-11-25 06:53:48,147 : INFO : ball_device.bd_plunger : BCH: Initial count: 0
2025-11-25 06:53:48,147 : INFO : ball_device.bd_plunger : State: idle
2025-11-25 06:53:48,163 : INFO : EventManager : Event: ======'init_phase_3'====== Args={}
2025-11-25 06:53:48,167 : INFO : EventManager : Event: ======'init_phase_4'====== Args={}
2025-11-25 06:53:48,167 : INFO : BallController : Initial balls found: 3
2025-11-25 06:53:48,167 : INFO : EventManager : Event: ======'machine_var_audits_events_game_ended'====== Args={'value': 0, 'prev_value': None, 'change': True}
2025-11-25 06:53:48,167 : INFO : EventManager : Event: ======'machine_var_audits_events_game_started'====== Args={'value': 12, 'prev_value': None, 'change': True}
2025-11-25 06:53:48,167 : INFO : EventManager : Event: ======'machine_var_audits_missing_switches_s_back_left_target'====== Args={'value': 12, 'prev_value': None, 'change': True}
2025-11-25 06:53:48,167 : INFO : EventManager : Event: ======'machine_var_audits_missing_switches_s_back_middle_left_target'====== Args={'value': 10, 'prev_value': None, 'change': True}
2025-11-25 06:53:48,167 : INFO : EventManager : Event: ======'machine_var_audits_missing_switches_s_back_middle_right_target'====== Args={'value': 10, 'prev_value': None, 'change': True}
2025-11-25 06:53:48,167 : INFO : EventManager : Event: ======'machine_var_audits_missing_switches_s_back_right_target'====== Args={'value': 10, 'prev_value': None, 'change': True}
2025-11-25 06:53:48,167 : INFO : EventManager : Event: ======'machine_var_audits_missing_switches_s_bottom_left_slingshot'====== Args={'value': 12, 'prev_value': None, 'change': True}
2025-11-25 06:53:48,168 : INFO : EventManager : Event: ======'machine_var_audits_missing_switches_s_bottom_right_slingshot'====== Args={'value': 12, 'prev_value': None, 'change': True}
2025-11-25 06:53:48,168 : INFO : EventManager : Event: ======'machine_var_audits_missing_switches_s_front_left_target'====== Args={'value': 12, 'prev_value': None, 'change': True}
2025-11-25 06:53:48,168 : INFO : EventManager : Event: ======'machine_var_audits_missing_switches_s_front_middle_target'====== Args={'value': 10, 'prev_value': None, 'change': True}
2025-11-25 06:53:48,168 : INFO : EventManager : Event: ======'machine_var_audits_missing_switches_s_front_right_target'====== Args={'value': 10, 'prev_value': None, 'change': True}
2025-11-25 06:53:48,168 : INFO : EventManager : Event: ======'machine_var_audits_missing_switches_s_lane_to_pop'====== Args={'value': 10, 'prev_value': None, 'change': True}
2025-11-25 06:53:48,168 : INFO : EventManager : Event: ======'machine_var_audits_missing_switches_s_left_flipper'====== Args={'value': 12, 'prev_value': None, 'change': True}
2025-11-25 06:53:48,168 : INFO : EventManager : Event: ======'machine_var_audits_missing_switches_s_left_inlane'====== Args={'value': 10, 'prev_value': None, 'change': True}
2025-11-25 06:53:48,168 : INFO : EventManager : Event: ======'machine_var_audits_missing_switches_s_left_orbit'====== Args={'value': 10, 'prev_value': None, 'change': True}
2025-11-25 06:53:48,168 : INFO : EventManager : Event: ======'machine_var_audits_missing_switches_s_left_outlane'====== Args={'value': 10, 'prev_value': None, 'change': True}
2025-11-25 06:53:48,168 : INFO : EventManager : Event: ======'machine_var_audits_missing_switches_s_pop_bumper'====== Args={'value': 12, 'prev_value': None, 'change': True}
2025-11-25 06:53:48,168 : INFO : EventManager : Event: ======'machine_var_audits_missing_switches_s_ramp'====== Args={'value': 10, 'prev_value': None, 'change': True}
2025-11-25 06:53:48,168 : INFO : EventManager : Event: ======'machine_var_audits_missing_switches_s_right_flipper'====== Args={'value': 12, 'prev_value': None, 'change': True}
2025-11-25 06:53:48,168 : INFO : EventManager : Event: ======'machine_var_audits_missing_switches_s_right_inlane'====== Args={'value': 10, 'prev_value': None, 'change': True}
2025-11-25 06:53:48,168 : INFO : EventManager : Event: ======'machine_var_audits_missing_switches_s_right_outlane'====== Args={'value': 10, 'prev_value': None, 'change': True}
2025-11-25 06:53:48,168 : INFO : EventManager : Event: ======'machine_var_audits_missing_switches_s_saucer'====== Args={'value': 10, 'prev_value': None, 'change': True}
2025-11-25 06:53:48,168 : INFO : EventManager : Event: ======'machine_var_audits_missing_switches_s_start'====== Args={'value': 3, 'prev_value': None, 'change': True}
2025-11-25 06:53:48,168 : INFO : EventManager : Event: ======'machine_var_audits_missing_switches_s_top_left_slingshot'====== Args={'value': 12, 'prev_value': None, 'change': True}
2025-11-25 06:53:48,168 : INFO : EventManager : Event: ======'machine_var_audits_missing_switches_s_top_right_slingshot'====== Args={'value': 12, 'prev_value': None, 'change': True}
2025-11-25 06:53:48,168 : INFO : EventManager : Event: ======'machine_var_audits_missing_switches_s_vuk'====== Args={'value': 10, 'prev_value': None, 'change': True}
2025-11-25 06:53:48,168 : INFO : EventManager : Event: ======'machine_var_audits_player_score'====== Args={'value': {'average': 0, 'top': [], 'total': 0}, 'prev_value': None, 'change': True}
2025-11-25 06:53:48,168 : INFO : EventManager : Event: ======'machine_var_audits_shots_right_orbit'====== Args={'value': 157, 'prev_value': None, 'change': True}
2025-11-25 06:53:48,168 : INFO : EventManager : Event: ======'machine_var_audits_switches_s_back_left_target'====== Args={'value': 0, 'prev_value': None, 'change': True}
2025-11-25 06:53:48,168 : INFO : EventManager : Event: ======'machine_var_audits_switches_s_back_middle_left_target'====== Args={'value': 1, 'prev_value': None, 'change': True}
2025-11-25 06:53:48,168 : INFO : EventManager : Event: ======'machine_var_audits_switches_s_back_middle_right_target'====== Args={'value': 1, 'prev_value': None, 'change': True}
2025-11-25 06:53:48,168 : INFO : EventManager : Event: ======'machine_var_audits_switches_s_back_right_target'====== Args={'value': 1, 'prev_value': None, 'change': True}
2025-11-25 06:53:48,168 : INFO : EventManager : Event: ======'machine_var_audits_switches_s_bottom_left_slingshot'====== Args={'value': 0, 'prev_value': None, 'change': True}
2025-11-25 06:53:48,169 : INFO : EventManager : Event: ======'machine_var_audits_switches_s_bottom_right_slingshot'====== Args={'value': 0, 'prev_value': None, 'change': True}
2025-11-25 06:53:48,169 : INFO : EventManager : Event: ======'machine_var_audits_switches_s_front_left_target'====== Args={'value': 0, 'prev_value': None, 'change': True}
2025-11-25 06:53:48,169 : INFO : EventManager : Event: ======'machine_var_audits_switches_s_front_middle_target'====== Args={'value': 1, 'prev_value': None, 'change': True}
2025-11-25 06:53:48,169 : INFO : EventManager : Event: ======'machine_var_audits_switches_s_front_right_target'====== Args={'value': 1, 'prev_value': None, 'change': True}
2025-11-25 06:53:48,169 : INFO : EventManager : Event: ======'machine_var_audits_switches_s_lane_to_pop'====== Args={'value': 2, 'prev_value': None, 'change': True}
2025-11-25 06:53:48,169 : INFO : EventManager : Event: ======'machine_var_audits_switches_s_left_flipper'====== Args={'value': 0, 'prev_value': None, 'change': True}
2025-11-25 06:53:48,169 : INFO : EventManager : Event: ======'machine_var_audits_switches_s_left_inlane'====== Args={'value': 1, 'prev_value': None, 'change': True}
2025-11-25 06:53:48,169 : INFO : EventManager : Event: ======'machine_var_audits_switches_s_left_orbit'====== Args={'value': 2, 'prev_value': None, 'change': True}
2025-11-25 06:53:48,169 : INFO : EventManager : Event: ======'machine_var_audits_switches_s_left_outlane'====== Args={'value': 1, 'prev_value': None, 'change': True}
2025-11-25 06:53:48,169 : INFO : EventManager : Event: ======'machine_var_audits_switches_s_plunger_lane'====== Args={'value': 95, 'prev_value': None, 'change': True}
2025-11-25 06:53:48,169 : INFO : EventManager : Event: ======'machine_var_audits_switches_s_pop_bumper'====== Args={'value': 0, 'prev_value': None, 'change': True}
2025-11-25 06:53:48,169 : INFO : EventManager : Event: ======'machine_var_audits_switches_s_ramp'====== Args={'value': 2, 'prev_value': None, 'change': True}
2025-11-25 06:53:48,169 : INFO : EventManager : Event: ======'machine_var_audits_switches_s_right_flipper'====== Args={'value': 0, 'prev_value': None, 'change': True}
2025-11-25 06:53:48,169 : INFO : EventManager : Event: ======'machine_var_audits_switches_s_right_inlane'====== Args={'value': 1, 'prev_value': None, 'change': True}
2025-11-25 06:53:48,169 : INFO : EventManager : Event: ======'machine_var_audits_switches_s_right_orbit'====== Args={'value': 171, 'prev_value': None, 'change': True}
2025-11-25 06:53:48,169 : INFO : EventManager : Event: ======'machine_var_audits_switches_s_right_outlane'====== Args={'value': 1, 'prev_value': None, 'change': True}
2025-11-25 06:53:48,169 : INFO : EventManager : Event: ======'machine_var_audits_switches_s_saucer'====== Args={'value': 4, 'prev_value': None, 'change': True}
2025-11-25 06:53:48,169 : INFO : EventManager : Event: ======'machine_var_audits_switches_s_start'====== Args={'value': 16, 'prev_value': None, 'change': True}
2025-11-25 06:53:48,169 : INFO : EventManager : Event: ======'machine_var_audits_switches_s_top_left_slingshot'====== Args={'value': 0, 'prev_value': None, 'change': True}
2025-11-25 06:53:48,169 : INFO : EventManager : Event: ======'machine_var_audits_switches_s_top_right_slingshot'====== Args={'value': 0, 'prev_value': None, 'change': True}
2025-11-25 06:53:48,169 : INFO : EventManager : Event: ======'machine_var_audits_switches_s_trough_1'====== Args={'value': 4, 'prev_value': None, 'change': True}
2025-11-25 06:53:48,169 : INFO : EventManager : Event: ======'machine_var_audits_switches_s_trough_2'====== Args={'value': 7, 'prev_value': None, 'change': True}
2025-11-25 06:53:48,169 : INFO : EventManager : Event: ======'machine_var_audits_switches_s_trough_3'====== Args={'value': 48, 'prev_value': None, 'change': True}
2025-11-25 06:53:48,169 : INFO : EventManager : Event: ======'machine_var_audits_switches_s_vuk'====== Args={'value': 2, 'prev_value': None, 'change': True}
2025-11-25 06:53:48,170 : INFO : EventManager : Event: ======'init_phase_5'====== Args={}
2025-11-25 06:53:48,170 : INFO : EventManager : Event: ======'init_done'====== Args={}
2025-11-25 06:53:48,170 : INFO : EventManager : Event: ======'machine_reset_phase_1'====== Args={}
2025-11-25 06:53:48,175 : INFO : EventManager : Event: ======'machine_reset_phase_2'====== Args={}
2025-11-25 06:53:48,177 : INFO : EventManager : Event: ======'machine_reset_phase_3'====== Args={}
2025-11-25 06:53:48,177 : INFO : EventManager : Event: ======'reset_complete'====== Args={}
2025-11-25 06:53:48,177 : INFO : EventManager : Event: ======'mode_attract_will_start'====== Args={}
2025-11-25 06:53:48,177 : INFO : Timer.attract_carousel_timer : Starting Timer.
2025-11-25 06:53:48,177 : INFO : EventManager : Event: ======'timer_attract_carousel_timer_started'====== Args={'ticks': 0, 'ticks_remaining': 1}
2025-11-25 06:53:48,177 : INFO : EventManager : Event: ======'timer_attract_carousel_timer_tick'====== Args={'ticks': 0, 'ticks_remaining': 1}
2025-11-25 06:53:48,178 : INFO : EventManager : Event: ======'mode_attract_starting'====== Args={}
2025-11-25 06:53:48,178 : INFO : Mode.attract : Started. Priority: 10
2025-11-25 06:53:48,178 : INFO : EventManager : Event: ======'modes_active_modes_changed'====== Args={}
2025-11-25 06:53:48,178 : INFO : EventManager : Event: ======'mode_attract_started'====== Args={}
2025-11-25 06:53:48,179 : INFO : EventManager : Event: ======'collecting_balls_complete'====== Args={}
2025-11-25 06:53:48,179 : INFO : EventManager : Event: ======'carousel_item_highlighted'====== Args={'carousel': 'attract', 'direction': None, 'item': 'title'}
2025-11-25 06:53:48,181 : INFO : Machine : Starting the main run loop with active modes: [<Mode.attract>]
2025-11-25 06:53:48,285 : INFO : EventManager : Event: ======'slide_attract_created'====== Args={'_from_bcp': True}
2025-11-25 06:53:48,285 : INFO : EventManager : Event: ======'slide__removed'====== Args={'_from_bcp': True}
2025-11-25 06:53:48,286 : INFO : EventManager : Event: ======'slide_attract_active'====== Args={'original_context': 'attract', 'original_calling_context': 'mode_attract_started', 'priority': 10.0, 'cmd': 'slides_play', '_from_bcp': True}
2025-11-25 06:53:52,176 : INFO : SwitchController : <<<<<<< 's_start' active >>>>>>>
2025-11-25 06:53:52,293 : INFO : SwitchController : <<<<<<< 's_start' inactive >>>>>>>
2025-11-25 06:53:52,293 : INFO : EventManager : Event: ======'request_to_start_game'====== Args={}
2025-11-25 06:53:52,294 : INFO : EventManager : Event: ======'game_start'====== Args={'buttons': [], 'hold_time': 0.11659233295358717}
2025-11-25 06:53:52,294 : INFO : EventManager : Event: ======'mode_game_will_start'====== Args={'buttons': [], 'hold_time': 0.11659233295358717}
2025-11-25 06:53:52,295 : INFO : EventManager : Event: ======'mode_game_starting'====== Args={'buttons': [], 'hold_time': 0.11659233295358717}
2025-11-25 06:53:52,295 : INFO : EventManager : Event: ======'mode_attract_will_stop'====== Args={}
2025-11-25 06:53:52,295 : INFO : EventManager : Event: ======'mode_attract_stopping'====== Args={}
2025-11-25 06:53:52,295 : INFO : Mode.attract : Stopped.
2025-11-25 06:53:52,295 : INFO : EventManager : Event: ======'modes_active_modes_changed'====== Args={}
2025-11-25 06:53:52,296 : INFO : EventManager : Event: ======'mode_attract_stopped'====== Args={}
2025-11-25 06:53:52,296 : INFO : EventManager : Event: ======'clear'====== Args={'key': 'attract'}
2025-11-25 06:53:52,297 : INFO : Timer.attract_carousel_timer : Stopping Timer
2025-11-25 06:53:52,297 : INFO : EventManager : Event: ======'timer_attract_carousel_timer_stopped'====== Args={'ticks': 0, 'ticks_remaining': 1}
2025-11-25 06:53:52,297 : INFO : Mode.game : Started. Priority: 20
2025-11-25 06:53:52,297 : INFO : EventManager : Event: ======'modes_active_modes_changed'====== Args={}
2025-11-25 06:53:52,297 : INFO : EventManager : Event: ======'mode_game_started'====== Args={'buttons': [], 'hold_time': 0.11659233295358717}
2025-11-25 06:53:52,298 : INFO : EventManager : Event: ======'game_will_start'====== Args={}
2025-11-25 06:53:52,299 : INFO : EventManager : Event: ======'game_starting'====== Args={'game': <Mode.game>}
2025-11-25 06:53:52,300 : INFO : EventManager : Unordered handler for class <Auditor> on event game_ended with priority 1. Handlers: [RegisteredHandler(callback=<bound method Auditor.disable of <Auditor>>, priority=1, kwargs={}, key=UUID('f0c531f7-dbfb-47b5-af58-2fd6966c728e'), condition=None, blocking_facility=None), RegisteredHandler(callback=<bound method Auditor._save_audits of <Auditor>>, priority=1, kwargs={}, key=UUID('732a2083-e781-4da2-a805-28d6e1bcbe5d'), condition=None, blocking_facility=None)]. The order of those handlers is not defined and they will be executed in random order. This might lead to race conditions and potential bugs.
2025-11-25 06:53:52,300 : INFO : EventManager : Event: ======'player_add_request'====== Args={}
2025-11-25 06:53:52,300 : INFO : EventManager : Event: ======'player_will_add'====== Args={'number': 1}
2025-11-25 06:53:52,300 : INFO : EventManager : Event: ======'player_adding'====== Args={'player': <Player 1>, 'number': 1}
2025-11-25 06:53:52,300 : INFO : EventManager : Event: ======'player_added'====== Args={'player': <Player 1>, 'num': 1}
2025-11-25 06:53:52,300 : INFO : Mode.game : Player added successfully. Total players: 1
2025-11-25 06:53:52,301 : INFO : EventManager : Event: ======'player_index'====== Args={'value': 0, 'prev_value': 0, 'change': 0, 'player_num': 1}
2025-11-25 06:53:52,301 : INFO : EventManager : Event: ======'player_number'====== Args={'value': 1, 'prev_value': 1, 'change': 0, 'player_num': 1}
2025-11-25 06:53:52,301 : INFO : EventManager : Event: ======'player_score'====== Args={'value': 0, 'prev_value': 0, 'change': 0, 'player_num': 1}
2025-11-25 06:53:52,302 : INFO : EventManager : Event: ======'game_started'====== Args={}
2025-11-25 06:53:52,303 : INFO : EventManager : Event: ======'player_turn_will_start'====== Args={'player': <Player 1>, 'number': 1}
2025-11-25 06:53:52,303 : INFO : EventManager : Event: ======'player_turn_starting'====== Args={'player': <Player 1>, 'number': 1}
2025-11-25 06:53:52,316 : INFO : EventManager : Event: ======'player_ball'====== Args={'value': 1, 'prev_value': 0, 'change': 1, 'player_num': 1}
2025-11-25 06:53:52,316 : INFO : EventManager : Event: ======'player_turn_started'====== Args={'player': <Player 1>, 'number': 1}
2025-11-25 06:53:52,317 : INFO : EventManager : Event: ======'ball_will_start'====== Args={'player': 1, 'ball': 1, 'balls_remaining': 2, 'is_extra_ball': False}
2025-11-25 06:53:52,318 : INFO : EventManager : Event: ======'ball_starting'====== Args={'player': 1, 'ball': 1, 'balls_remaining': 2, 'is_extra_ball': False}
2025-11-25 06:53:52,318 : INFO : EventManager : Event: ======'mode_base_will_start'====== Args={'queue': <QueuedEvent>, 'player': 1, 'ball': 1, 'balls_remaining': 2, 'is_extra_ball': False}
2025-11-25 06:53:52,319 : INFO : EventManager : Event: ======'mode_base_starting'====== Args={'queue': <QueuedEvent>, 'player': 1, 'ball': 1, 'balls_remaining': 2, 'is_extra_ball': False}
2025-11-25 06:53:52,319 : INFO : Mode.base : Started. Priority: 100
2025-11-25 06:53:52,319 : INFO : EventManager : Event: ======'modes_active_modes_changed'====== Args={}
2025-11-25 06:53:52,319 : INFO : EventManager : Event: ======'mode_base_started'====== Args={'queue': <QueuedEvent>, 'player': 1, 'ball': 1, 'balls_remaining': 2, 'is_extra_ball': False}
2025-11-25 06:53:52,319 : INFO : EventManager : Event: ======'start_mode_right_orbit'====== Args={'priority': 0}
2025-11-25 06:53:52,319 : INFO : EventManager : Event: ======'mode_right_orbit_will_start'====== Args={'priority': 0}
2025-11-25 06:53:52,320 : INFO : EventManager : Event: ======'player_shot_right_orbit_enabled'====== Args={'value': True, 'prev_value': 0, 'change': 1, 'player_num': 1}
2025-11-25 06:53:52,320 : INFO : EventManager : Event: ======'mode_right_orbit_starting'====== Args={'priority': 0}
2025-11-25 06:53:52,321 : INFO : Mode.right_orbit : Started. Priority: 200
2025-11-25 06:53:52,321 : INFO : EventManager : Event: ======'modes_active_modes_changed'====== Args={}
2025-11-25 06:53:52,321 : INFO : EventManager : Event: ======'mode_right_orbit_started'====== Args={'priority': 0}
2025-11-25 06:53:52,321 : INFO : EventManager : Event: ======'balls_in_play'====== Args={'balls': 1}
2025-11-25 06:53:52,321 : INFO : EventManager : Event: ======'ball_started'====== Args={'player': 1, 'ball': 1, 'balls_remaining': 2, 'is_extra_ball': False}
2025-11-25 06:53:52,322 : INFO : EventManager : Event: ======'single_player_ball_started'====== Args={}
2025-11-25 06:53:52,322 : INFO : EventManager : Event: ======'ball_start_target'====== Args={'target': 'playfield'}
2025-11-25 06:53:52,322 : INFO : ball_device.bd_trough : Setting up player-controlled eject. Balls: 1, Target: <playfield.playfield>, player_controlled_eject_event: None
2025-11-25 06:53:52,322 : INFO : ball_device.bd_trough : Adding 1 ball(s) to the eject_queue with target <playfield.playfield>.
2025-11-25 06:53:52,322 : INFO : EventManager : Event: ======'balldevice_balls_available'====== Args={}
2025-11-25 06:53:52,323 : INFO : ball_device.bd_trough : State: waiting_for_target_ready
2025-11-25 06:53:52,323 : INFO : EventManager : Event: ======'balldevice_bd_trough_ball_eject_attempt'====== Args={'balls': 1, 'target': <ball_device.bd_plunger>, 'source': <ball_device.bd_trough>, 'mechanical_eject': False, 'num_attempts': 0}
2025-11-25 06:53:52,323 : INFO : ball_device.bd_plunger : State: waiting_for_ball
2025-11-25 06:53:52,323 : INFO : ball_device.bd_trough : State: ejecting
2025-11-25 06:53:52,323 : INFO : ball_device.bd_trough : Ejecting ball to <ball_device.bd_plunger>
2025-11-25 06:53:52,323 : INFO : EventManager : Event: ======'balldevice_bd_trough_ejecting_ball'====== Args={'balls': 1, 'target': <ball_device.bd_plunger>, 'source': <ball_device.bd_trough>, 'mechanical_eject': False, 'num_attempts': 0}
2025-11-25 06:53:52,323 : INFO : ball_device.bd_trough : Wait for ball to leave device
2025-11-25 06:53:52,324 : INFO : coil.c_trough_eject : Pulsing Driver for 10ms (1.0 pulse_power)
2025-11-25 06:53:52,345 : INFO : EventManager : Event: ======'slide_base_created'====== Args={'_from_bcp': True}
2025-11-25 06:53:52,345 : INFO : EventManager : Event: ======'slide_attract_inactive'====== Args={'is_removing': True, '_from_bcp': True}
2025-11-25 06:53:52,345 : INFO : EventManager : Event: ======'slide_base_active'====== Args={'original_context': 'base', 'original_calling_context': 'mode_base_started', 'priority': 100.0, 'queue': '<QueuedEvent>', 'player': 1.0, 'ball': 1.0, 'balls_remaining': 2.0, 'is_extra_ball': False, 'cmd': 'slides_play', '_from_bcp': True}
2025-11-25 06:53:52,345 : INFO : EventManager : Event: ======'slide_attract_removed'====== Args={'_from_bcp': True}
2025-11-25 06:54:02,326 : INFO : EventManager : Event: ======'balldevice_bd_trough_ball_eject_failed'====== Args={'target': <ball_device.bd_plunger>, 'balls': 1, 'retry': True, 'num_attempts': 1}
2025-11-25 06:54:02,327 : INFO : ball_device.bd_trough : State: waiting_for_target_ready
2025-11-25 06:54:02,328 : INFO : EventManager : Event: ======'balldevice_bd_trough_ball_eject_attempt'====== Args={'balls': 1, 'target': <ball_device.bd_plunger>, 'source': <ball_device.bd_trough>, 'mechanical_eject': False, 'num_attempts': 1}
2025-11-25 06:54:02,328 : INFO : ball_device.bd_trough : State: ejecting
2025-11-25 06:54:02,328 : INFO : ball_device.bd_trough : Ejecting ball to <ball_device.bd_plunger>
2025-11-25 06:54:02,328 : INFO : EventManager : Event: ======'balldevice_bd_trough_ejecting_ball'====== Args={'balls': 1, 'target': <ball_device.bd_plunger>, 'source': <ball_device.bd_trough>, 'mechanical_eject': False, 'num_attempts': 1}
2025-11-25 06:54:02,329 : INFO : ball_device.bd_trough : Wait for ball to leave device
2025-11-25 06:54:02,329 : INFO : coil.c_trough_eject : Pulsing Driver for 10ms (1.0 pulse_power)
2025-11-25 06:54:05,060 : INFO : SwitchController : <<<<<<< 's_trough_1' inactive >>>>>>>
2025-11-25 06:54:05,061 : INFO : ball_device.bd_trough : State: ball_left
2025-11-25 06:54:05,061 : INFO : ball_device.bd_trough : Ball left
2025-11-25 06:54:05,061 : INFO : ball_device.bd_trough : Wait for confirm with timeout 10.0
2025-11-25 06:54:06,009 : INFO : SwitchController : <<<<<<< 's_trough_3' inactive >>>>>>>
2025-11-25 06:54:06,043 : INFO : SwitchController : <<<<<<< 's_trough_2' inactive >>>>>>>
2025-11-25 06:54:07,226 : INFO : SwitchController : <<<<<<< 's_trough_2' active >>>>>>>
2025-11-25 06:54:07,226 : INFO : EventManager : Event: ======'machine_var_audits_switches_s_trough_2'====== Args={'value': 8, 'prev_value': 7, 'change': 1}
2025-11-25 06:54:07,228 : INFO : SwitchController : <<<<<<< 's_trough_1' active >>>>>>>
2025-11-25 06:54:07,228 : INFO : EventManager : Event: ======'machine_var_audits_switches_s_trough_1'====== Args={'value': 5, 'prev_value': 4, 'change': 1}
2025-11-25 06:54:11,010 : INFO : SwitchController : <<<<<<< 's_plunger_lane' active >>>>>>>
2025-11-25 06:54:11,010 : INFO : EventManager : Event: ======'machine_var_audits_switches_s_plunger_lane'====== Args={'value': 96, 'prev_value': 95, 'change': 1}
2025-11-25 06:54:11,160 : INFO : SwitchController : <<<<<<< 's_plunger_lane' inactive >>>>>>>
2025-11-25 06:54:12,242 : INFO : SwitchController : <<<<<<< 's_right_orbit' active >>>>>>>
2025-11-25 06:54:12,243 : INFO : EventManager : Event: ======'playfield_active'====== Args={'source': 'right_orbit'}
2025-11-25 06:54:12,243 : INFO : EventManager : Event: ======'unexpected_ball_on_playfield'====== Args={}
2025-11-25 06:54:12,243 : INFO : EventManager : Event: ======'s_right_orbit_active'====== Args={}
2025-11-25 06:54:12,243 : INFO : EventManager : Event: ======'machine_var_audits_switches_s_right_orbit'====== Args={'value': 172, 'prev_value': 171, 'change': 1}
2025-11-25 06:54:12,244 : INFO : EventManager : Event: ======'player_shot_right_orbit'====== Args={'value': 1, 'prev_value': 0, 'change': 1, 'player_num': 1}
2025-11-25 06:54:12,245 : INFO : EventManager : Event: ======'machine_var_audits_shots_right_orbit'====== Args={'value': 158, 'prev_value': 157, 'change': 1}
2025-11-25 06:54:12,255 : INFO : EventManager : Event: ======'right_orbit_hit'====== Args={'profile': 'default', 'state': 'unlit', 'advancing': True}
2025-11-25 06:54:12,255 : INFO : EventManager : Event: ======'right_orbit_default_hit'====== Args={'profile': 'default', 'state': 'unlit', 'advancing': True}
2025-11-25 06:54:12,255 : INFO : EventManager : Event: ======'right_orbit_default_unlit_hit'====== Args={'profile': 'default', 'state': 'unlit', 'advancing': True}
2025-11-25 06:54:12,255 : INFO : EventManager : Event: ======'right_orbit_unlit_hit'====== Args={'profile': 'default', 'state': 'unlit', 'advancing': True}
2025-11-25 06:54:12,255 : INFO : EventManager : Event: ======'player_score'====== Args={'value': 5000, 'prev_value': 0, 'change': 5000, 'player_num': 1, 'source': 'right_orbit'}
2025-11-25 06:54:12,409 : INFO : SwitchController : <<<<<<< 's_right_orbit' inactive >>>>>>>
2025-11-25 06:54:13,559 : INFO : SwitchController : <<<<<<< 's_right_orbit' active >>>>>>>
2025-11-25 06:54:13,559 : INFO : EventManager : Event: ======'playfield_active'====== Args={'source': 'right_orbit'}
2025-11-25 06:54:13,560 : INFO : EventManager : Event: ======'unexpected_ball_on_playfield'====== Args={}
2025-11-25 06:54:13,560 : INFO : EventManager : Event: ======'s_right_orbit_active'====== Args={}
2025-11-25 06:54:13,560 : INFO : EventManager : Event: ======'machine_var_audits_switches_s_right_orbit'====== Args={'value': 173, 'prev_value': 172, 'change': 1}
2025-11-25 06:54:13,561 : INFO : EventManager : Event: ======'machine_var_audits_shots_right_orbit'====== Args={'value': 159, 'prev_value': 158, 'change': 1}
2025-11-25 06:54:13,561 : INFO : EventManager : Event: ======'right_orbit_hit'====== Args={'profile': 'default', 'state': 'lit', 'advancing': False}
2025-11-25 06:54:13,561 : INFO : EventManager : Event: ======'right_orbit_default_hit'====== Args={'profile': 'default', 'state': 'lit', 'advancing': False}
2025-11-25 06:54:13,561 : INFO : EventManager : Event: ======'right_orbit_default_lit_hit'====== Args={'profile': 'default', 'state': 'lit', 'advancing': False}
2025-11-25 06:54:13,561 : INFO : EventManager : Event: ======'right_orbit_lit_hit'====== Args={'profile': 'default', 'state': 'lit', 'advancing': False}
2025-11-25 06:54:13,562 : INFO : EventManager : Event: ======'player_score'====== Args={'value': 10000, 'prev_value': 5000, 'change': 5000, 'player_num': 1, 'source': 'right_orbit'}
2025-11-25 06:54:13,709 : INFO : SwitchController : <<<<<<< 's_right_orbit' inactive >>>>>>>
2025-11-25 06:54:15,063 : INFO : ball_device.bd_trough : State: failed_confirm
2025-11-25 06:54:15,063 : INFO : ball_device.bd_trough : Got timeout (10.0s) before confirm from <ball_device.bd_plunger>
2025-11-25 06:54:15,064 : INFO : ball_device.bd_plunger : Expecting incoming ball which may skip the device.
2025-11-25 06:54:15,064 : INFO : EventManager : Event: ======'balldevice_bd_plunger_ejecting_ball'====== Args={'balls': 1, 'target': <playfield.playfield>, 'source': <ball_device.bd_plunger>, 'mechanical_eject': False, 'num_attempts': 1}
2025-11-25 06:54:15,065 : INFO : ball_device.bd_trough : Got unknown balls. Assuming a ball returned.
2025-11-25 06:54:15,065 : INFO : EventManager : Event: ======'balldevice_bd_trough_ball_eject_failed'====== Args={'target': <ball_device.bd_plunger>, 'balls': 1, 'retry': True, 'num_attempts': 2}
2025-11-25 06:54:15,066 : INFO : EventManager : Event: ======'balldevice_bd_plunger_ball_eject_failed'====== Args={'target': <playfield.playfield>, 'balls': 1, 'retry': True, 'num_attempts': 1}
2025-11-25 06:54:15,067 : INFO : ball_device.bd_trough : State: waiting_for_target_ready
2025-11-25 06:54:15,067 : INFO : EventManager : Event: ======'balldevice_bd_trough_ball_eject_attempt'====== Args={'balls': 1, 'target': <ball_device.bd_plunger>, 'source': <ball_device.bd_trough>, 'mechanical_eject': False, 'num_attempts': 2}
2025-11-25 06:54:15,067 : INFO : ball_device.bd_plunger : No longer expecting incoming ball which may skip the device.
2025-11-25 06:54:15,068 : INFO : ball_device.bd_trough : State: ejecting
2025-11-25 06:54:15,068 : INFO : ball_device.bd_trough : Ejecting ball to <ball_device.bd_plunger>
2025-11-25 06:54:15,068 : INFO : EventManager : Event: ======'balldevice_bd_trough_ejecting_ball'====== Args={'balls': 1, 'target': <ball_device.bd_plunger>, 'source': <ball_device.bd_trough>, 'mechanical_eject': False, 'num_attempts': 2}
2025-11-25 06:54:15,069 : INFO : ball_device.bd_plunger : State: waiting_for_ball
2025-11-25 06:54:15,069 : INFO : ball_device.bd_trough : Wait for ball to leave device
2025-11-25 06:54:15,069 : INFO : coil.c_trough_eject : Pulsing Driver for 10ms (1.0 pulse_power)
2025-11-25 06:54:17,275 : INFO : SwitchController : <<<<<<< 's_trough_3' active >>>>>>>
2025-11-25 06:54:17,276 : INFO : EventManager : Event: ======'machine_var_audits_switches_s_trough_3'====== Args={'value': 49, 'prev_value': 48, 'change': 1}
2025-11-25 06:54:20,209 : INFO : SwitchController : <<<<<<< 's_trough_1' inactive >>>>>>>
2025-11-25 06:54:20,210 : INFO : ball_device.bd_trough : State: ball_left
2025-11-25 06:54:20,210 : INFO : ball_device.bd_trough : Ball left
2025-11-25 06:54:20,210 : INFO : ball_device.bd_trough : Wait for confirm with timeout 10.0
2025-11-25 06:54:20,776 : INFO : SwitchController : <<<<<<< 's_trough_3' inactive >>>>>>>
2025-11-25 06:54:21,860 : INFO : SwitchController : <<<<<<< 's_trough_1' active >>>>>>>
2025-11-25 06:54:21,860 : INFO : EventManager : Event: ======'machine_var_audits_switches_s_trough_1'====== Args={'value': 6, 'prev_value': 5, 'change': 1}
2025-11-25 06:54:21,892 : INFO : SwitchController : <<<<<<< 's_trough_2' inactive >>>>>>>
2025-11-25 06:54:22,659 : INFO : SwitchController : <<<<<<< 's_trough_2' active >>>>>>>
2025-11-25 06:54:22,659 : INFO : EventManager : Event: ======'machine_var_audits_switches_s_trough_2'====== Args={'value': 9, 'prev_value': 8, 'change': 1}
2025-11-25 06:54:24,342 : INFO : SwitchController : <<<<<<< 's_right_orbit' active >>>>>>>
2025-11-25 06:54:24,342 : INFO : EventManager : Event: ======'playfield_active'====== Args={'source': 'right_orbit'}
2025-11-25 06:54:24,342 : INFO : EventManager : Event: ======'unexpected_ball_on_playfield'====== Args={}
2025-11-25 06:54:24,342 : INFO : EventManager : Event: ======'s_right_orbit_active'====== Args={}
2025-11-25 06:54:24,343 : INFO : EventManager : Event: ======'machine_var_audits_switches_s_right_orbit'====== Args={'value': 174, 'prev_value': 173, 'change': 1}
2025-11-25 06:54:24,343 : INFO : EventManager : Event: ======'machine_var_audits_shots_right_orbit'====== Args={'value': 160, 'prev_value': 159, 'change': 1}
2025-11-25 06:54:24,344 : INFO : EventManager : Event: ======'right_orbit_hit'====== Args={'profile': 'default', 'state': 'lit', 'advancing': False}
2025-11-25 06:54:24,344 : INFO : EventManager : Event: ======'right_orbit_default_hit'====== Args={'profile': 'default', 'state': 'lit', 'advancing': False}
2025-11-25 06:54:24,344 : INFO : EventManager : Event: ======'right_orbit_default_lit_hit'====== Args={'profile': 'default', 'state': 'lit', 'advancing': False}
2025-11-25 06:54:24,344 : INFO : EventManager : Event: ======'right_orbit_lit_hit'====== Args={'profile': 'default', 'state': 'lit', 'advancing': False}
2025-11-25 06:54:24,344 : INFO : EventManager : Event: ======'player_score'====== Args={'value': 15000, 'prev_value': 10000, 'change': 5000, 'player_num': 1, 'source': 'right_orbit'}
2025-11-25 06:54:24,458 : INFO : SwitchController : <<<<<<< 's_right_orbit' inactive >>>>>>>
2025-11-25 06:54:28,325 : INFO : SwitchController : <<<<<<< 's_plunger_lane' active >>>>>>>
2025-11-25 06:54:28,326 : INFO : EventManager : Event: ======'machine_var_audits_switches_s_plunger_lane'====== Args={'value': 97, 'prev_value': 96, 'change': 1}
2025-11-25 06:54:28,476 : INFO : SwitchController : <<<<<<< 's_plunger_lane' inactive >>>>>>>
2025-11-25 06:54:29,909 : INFO : SwitchController : <<<<<<< 's_right_orbit' active >>>>>>>
2025-11-25 06:54:29,909 : INFO : EventManager : Event: ======'playfield_active'====== Args={'source': 'right_orbit'}
2025-11-25 06:54:29,909 : INFO : EventManager : Event: ======'unexpected_ball_on_playfield'====== Args={}
2025-11-25 06:54:29,909 : INFO : EventManager : Event: ======'s_right_orbit_active'====== Args={}
2025-11-25 06:54:29,910 : INFO : EventManager : Event: ======'machine_var_audits_switches_s_right_orbit'====== Args={'value': 175, 'prev_value': 174, 'change': 1}
2025-11-25 06:54:29,911 : INFO : EventManager : Event: ======'machine_var_audits_shots_right_orbit'====== Args={'value': 161, 'prev_value': 160, 'change': 1}
2025-11-25 06:54:29,911 : INFO : EventManager : Event: ======'right_orbit_hit'====== Args={'profile': 'default', 'state': 'lit', 'advancing': False}
2025-11-25 06:54:29,911 : INFO : EventManager : Event: ======'right_orbit_default_hit'====== Args={'profile': 'default', 'state': 'lit', 'advancing': False}
2025-11-25 06:54:29,911 : INFO : EventManager : Event: ======'right_orbit_default_lit_hit'====== Args={'profile': 'default', 'state': 'lit', 'advancing': False}
2025-11-25 06:54:29,912 : INFO : EventManager : Event: ======'right_orbit_lit_hit'====== Args={'profile': 'default', 'state': 'lit', 'advancing': False}
2025-11-25 06:54:29,912 : INFO : EventManager : Event: ======'player_score'====== Args={'value': 20000, 'prev_value': 15000, 'change': 5000, 'player_num': 1, 'source': 'right_orbit'}
2025-11-25 06:54:30,042 : INFO : SwitchController : <<<<<<< 's_right_orbit' inactive >>>>>>>
2025-11-25 06:54:30,211 : INFO : ball_device.bd_trough : State: failed_confirm
2025-11-25 06:54:30,212 : INFO : ball_device.bd_trough : Got timeout (10.0s) before confirm from <ball_device.bd_plunger>
2025-11-25 06:54:30,213 : INFO : ball_device.bd_plunger : Expecting incoming ball which may skip the device.
2025-11-25 06:54:30,213 : INFO : EventManager : Event: ======'balldevice_bd_plunger_ejecting_ball'====== Args={'balls': 1, 'target': <playfield.playfield>, 'source': <ball_device.bd_plunger>, 'mechanical_eject': False, 'num_attempts': 1}
2025-11-25 06:54:30,213 : INFO : ball_device.bd_trough : Got unknown balls. Assuming a ball returned.
2025-11-25 06:54:30,214 : INFO : EventManager : Event: ======'balldevice_bd_trough_ball_eject_failed'====== Args={'target': <ball_device.bd_plunger>, 'balls': 1, 'retry': True, 'num_attempts': 3}
2025-11-25 06:54:30,215 : INFO : EventManager : Event: ======'balldevice_bd_plunger_ball_eject_failed'====== Args={'target': <playfield.playfield>, 'balls': 1, 'retry': True, 'num_attempts': 1}
2025-11-25 06:54:30,215 : INFO : ball_device.bd_trough : State: waiting_for_target_ready
2025-11-25 06:54:30,216 : INFO : EventManager : Event: ======'balldevice_bd_trough_ball_eject_attempt'====== Args={'balls': 1, 'target': <ball_device.bd_plunger>, 'source': <ball_device.bd_trough>, 'mechanical_eject': False, 'num_attempts': 3}
2025-11-25 06:54:30,216 : INFO : ball_device.bd_plunger : No longer expecting incoming ball which may skip the device.
2025-11-25 06:54:30,216 : INFO : ball_device.bd_trough : State: ejecting
2025-11-25 06:54:30,216 : INFO : ball_device.bd_trough : Ejecting ball to <ball_device.bd_plunger>
2025-11-25 06:54:30,216 : INFO : EventManager : Event: ======'balldevice_bd_trough_ejecting_ball'====== Args={'balls': 1, 'target': <ball_device.bd_plunger>, 'source': <ball_device.bd_trough>, 'mechanical_eject': False, 'num_attempts': 3}
2025-11-25 06:54:30,217 : INFO : ball_device.bd_plunger : State: waiting_for_ball
2025-11-25 06:54:30,218 : INFO : ball_device.bd_trough : Wait for ball to leave device
2025-11-25 06:54:30,218 : INFO : coil.c_trough_eject : Pulsing Driver for 10ms (1.0 pulse_power)
2025-11-25 06:54:30,442 : INFO : SwitchController : <<<<<<< 's_right_orbit' active >>>>>>>
2025-11-25 06:54:30,443 : INFO : EventManager : Event: ======'playfield_active'====== Args={'source': 'right_orbit'}
2025-11-25 06:54:30,443 : INFO : EventManager : Event: ======'unexpected_ball_on_playfield'====== Args={}
2025-11-25 06:54:30,443 : INFO : EventManager : Event: ======'s_right_orbit_active'====== Args={}
2025-11-25 06:54:30,443 : INFO : EventManager : Event: ======'machine_var_audits_switches_s_right_orbit'====== Args={'value': 176, 'prev_value': 175, 'change': 1}
2025-11-25 06:54:30,444 : INFO : EventManager : Event: ======'machine_var_audits_shots_right_orbit'====== Args={'value': 162, 'prev_value': 161, 'change': 1}
2025-11-25 06:54:30,444 : INFO : EventManager : Event: ======'right_orbit_hit'====== Args={'profile': 'default', 'state': 'lit', 'advancing': False}
2025-11-25 06:54:30,445 : INFO : EventManager : Event: ======'right_orbit_default_hit'====== Args={'profile': 'default', 'state': 'lit', 'advancing': False}
2025-11-25 06:54:30,445 : INFO : EventManager : Event: ======'right_orbit_default_lit_hit'====== Args={'profile': 'default', 'state': 'lit', 'advancing': False}
2025-11-25 06:54:30,445 : INFO : EventManager : Event: ======'right_orbit_lit_hit'====== Args={'profile': 'default', 'state': 'lit', 'advancing': False}
2025-11-25 06:54:30,445 : INFO : EventManager : Event: ======'player_score'====== Args={'value': 25000, 'prev_value': 20000, 'change': 5000, 'player_num': 1, 'source': 'right_orbit'}
2025-11-25 06:54:30,559 : INFO : SwitchController : <<<<<<< 's_right_orbit' inactive >>>>>>>
2025-11-25 06:54:31,057 : INFO : SwitchController : <<<<<<< 's_trough_2' inactive >>>>>>>
2025-11-25 06:54:31,059 : INFO : ball_device.bd_trough : State: ball_left
2025-11-25 06:54:31,059 : INFO : ball_device.bd_trough : Ball left
2025-11-25 06:54:31,059 : INFO : ball_device.bd_trough : Wait for confirm with timeout 10.0
2025-11-25 06:54:32,426 : INFO : SwitchController : <<<<<<< 's_right_orbit' active >>>>>>>
2025-11-25 06:54:32,426 : INFO : EventManager : Event: ======'playfield_active'====== Args={'source': 'right_orbit'}
2025-11-25 06:54:32,426 : INFO : EventManager : Event: ======'unexpected_ball_on_playfield'====== Args={}
2025-11-25 06:54:32,426 : INFO : EventManager : Event: ======'s_right_orbit_active'====== Args={}
2025-11-25 06:54:32,426 : INFO : EventManager : Event: ======'machine_var_audits_switches_s_right_orbit'====== Args={'value': 177, 'prev_value': 176, 'change': 1}
2025-11-25 06:54:32,428 : INFO : EventManager : Event: ======'machine_var_audits_shots_right_orbit'====== Args={'value': 163, 'prev_value': 162, 'change': 1}
2025-11-25 06:54:32,428 : INFO : EventManager : Event: ======'right_orbit_hit'====== Args={'profile': 'default', 'state': 'lit', 'advancing': False}
2025-11-25 06:54:32,428 : INFO : EventManager : Event: ======'right_orbit_default_hit'====== Args={'profile': 'default', 'state': 'lit', 'advancing': False}
2025-11-25 06:54:32,428 : INFO : EventManager : Event: ======'right_orbit_default_lit_hit'====== Args={'profile': 'default', 'state': 'lit', 'advancing': False}
2025-11-25 06:54:32,428 : INFO : EventManager : Event: ======'right_orbit_lit_hit'====== Args={'profile': 'default', 'state': 'lit', 'advancing': False}
2025-11-25 06:54:32,429 : INFO : EventManager : Event: ======'player_score'====== Args={'value': 30000, 'prev_value': 25000, 'change': 5000, 'player_num': 1, 'source': 'right_orbit'}
2025-11-25 06:54:32,559 : INFO : SwitchController : <<<<<<< 's_right_orbit' inactive >>>>>>>
2025-11-25 06:54:33,075 : INFO : SwitchController : <<<<<<< 's_right_orbit' active >>>>>>>
2025-11-25 06:54:33,076 : INFO : EventManager : Event: ======'playfield_active'====== Args={'source': 'right_orbit'}
2025-11-25 06:54:33,076 : INFO : EventManager : Event: ======'unexpected_ball_on_playfield'====== Args={}
2025-11-25 06:54:33,076 : INFO : EventManager : Event: ======'s_right_orbit_active'====== Args={}
2025-11-25 06:54:33,076 : INFO : EventManager : Event: ======'machine_var_audits_switches_s_right_orbit'====== Args={'value': 178, 'prev_value': 177, 'change': 1}
2025-11-25 06:54:33,077 : INFO : EventManager : Event: ======'machine_var_audits_shots_right_orbit'====== Args={'value': 164, 'prev_value': 163, 'change': 1}
2025-11-25 06:54:33,078 : INFO : EventManager : Event: ======'right_orbit_hit'====== Args={'profile': 'default', 'state': 'lit', 'advancing': False}
2025-11-25 06:54:33,078 : INFO : EventManager : Event: ======'right_orbit_default_hit'====== Args={'profile': 'default', 'state': 'lit', 'advancing': False}
2025-11-25 06:54:33,078 : INFO : EventManager : Event: ======'right_orbit_default_lit_hit'====== Args={'profile': 'default', 'state': 'lit', 'advancing': False}
2025-11-25 06:54:33,078 : INFO : EventManager : Event: ======'right_orbit_lit_hit'====== Args={'profile': 'default', 'state': 'lit', 'advancing': False}
2025-11-25 06:54:33,078 : INFO : EventManager : Event: ======'player_score'====== Args={'value': 35000, 'prev_value': 30000, 'change': 5000, 'player_num': 1, 'source': 'right_orbit'}
2025-11-25 06:54:33,226 : INFO : SwitchController : <<<<<<< 's_right_orbit' inactive >>>>>>>
2025-11-25 06:54:34,176 : INFO : SwitchController : <<<<<<< 's_right_orbit' active >>>>>>>
2025-11-25 06:54:34,176 : INFO : EventManager : Event: ======'playfield_active'====== Args={'source': 'right_orbit'}
2025-11-25 06:54:34,176 : INFO : EventManager : Event: ======'unexpected_ball_on_playfield'====== Args={}
2025-11-25 06:54:34,176 : INFO : EventManager : Event: ======'s_right_orbit_active'====== Args={}
2025-11-25 06:54:34,177 : INFO : EventManager : Event: ======'machine_var_audits_switches_s_right_orbit'====== Args={'value': 179, 'prev_value': 178, 'change': 1}
2025-11-25 06:54:34,178 : INFO : EventManager : Event: ======'machine_var_audits_shots_right_orbit'====== Args={'value': 165, 'prev_value': 164, 'change': 1}
2025-11-25 06:54:34,178 : INFO : EventManager : Event: ======'right_orbit_hit'====== Args={'profile': 'default', 'state': 'lit', 'advancing': False}
2025-11-25 06:54:34,178 : INFO : EventManager : Event: ======'right_orbit_default_hit'====== Args={'profile': 'default', 'state': 'lit', 'advancing': False}
2025-11-25 06:54:34,178 : INFO : EventManager : Event: ======'right_orbit_default_lit_hit'====== Args={'profile': 'default', 'state': 'lit', 'advancing': False}
2025-11-25 06:54:34,178 : INFO : EventManager : Event: ======'right_orbit_lit_hit'====== Args={'profile': 'default', 'state': 'lit', 'advancing': False}
2025-11-25 06:54:34,178 : INFO : EventManager : Event: ======'player_score'====== Args={'value': 40000, 'prev_value': 35000, 'change': 5000, 'player_num': 1, 'source': 'right_orbit'}
2025-11-25 06:54:34,308 : INFO : SwitchController : <<<<<<< 's_right_orbit' inactive >>>>>>>
2025-11-25 06:54:35,942 : INFO : SwitchController : <<<<<<< 's_plunger_lane' active >>>>>>>
2025-11-25 06:54:35,943 : INFO : EventManager : Event: ======'machine_var_audits_switches_s_plunger_lane'====== Args={'value': 98, 'prev_value': 97, 'change': 1}
2025-11-25 06:54:36,076 : INFO : SwitchController : <<<<<<< 's_plunger_lane' inactive >>>>>>>
2025-11-25 06:54:37,242 : INFO : SwitchController : <<<<<<< 's_trough_1' inactive >>>>>>>
2025-11-25 06:54:37,609 : INFO : SwitchController : <<<<<<< 's_plunger_lane' active >>>>>>>
2025-11-25 06:54:37,610 : INFO : EventManager : Event: ======'machine_var_audits_switches_s_plunger_lane'====== Args={'value': 99, 'prev_value': 98, 'change': 1}
2025-11-25 06:54:37,742 : INFO : SwitchController : <<<<<<< 's_plunger_lane' inactive >>>>>>>
2025-11-25 06:54:38,125 : INFO : SwitchController : <<<<<<< 's_trough_1' active >>>>>>>
2025-11-25 06:54:38,126 : INFO : EventManager : Event: ======'machine_var_audits_switches_s_trough_1'====== Args={'value': 7, 'prev_value': 6, 'change': 1}
2025-11-25 06:54:38,609 : INFO : SwitchController : <<<<<<< 's_plunger_lane' active >>>>>>>
2025-11-25 06:54:38,609 : INFO : EventManager : Event: ======'machine_var_audits_switches_s_plunger_lane'====== Args={'value': 100, 'prev_value': 99, 'change': 1}
2025-11-25 06:54:38,774 : INFO : SwitchController : <<<<<<< 's_plunger_lane' inactive >>>>>>>
2025-11-25 06:54:39,143 : INFO : SwitchController : <<<<<<< 's_trough_1' inactive >>>>>>>
2025-11-25 06:54:39,392 : INFO : SwitchController : <<<<<<< 's_plunger_lane' active >>>>>>>
2025-11-25 06:54:39,393 : INFO : EventManager : Event: ======'machine_var_audits_switches_s_plunger_lane'====== Args={'value': 101, 'prev_value': 100, 'change': 1}
2025-11-25 06:54:39,560 : INFO : SwitchController : <<<<<<< 's_trough_1' active >>>>>>>
2025-11-25 06:54:39,560 : INFO : EventManager : Event: ======'machine_var_audits_switches_s_trough_1'====== Args={'value': 8, 'prev_value': 7, 'change': 1}
2025-11-25 06:54:39,642 : INFO : SwitchController : <<<<<<< 's_plunger_lane' inactive >>>>>>>
2025-11-25 06:54:39,859 : INFO : SwitchController : <<<<<<< 's_plunger_lane' active >>>>>>>
2025-11-25 06:54:39,860 : INFO : EventManager : Event: ======'machine_var_audits_switches_s_plunger_lane'====== Args={'value': 102, 'prev_value': 101, 'change': 1}
2025-11-25 06:54:39,926 : INFO : SwitchController : <<<<<<< 's_trough_1' inactive >>>>>>>
2025-11-25 06:54:39,992 : INFO : SwitchController : <<<<<<< 's_plunger_lane' inactive >>>>>>>
2025-11-25 06:54:40,192 : INFO : SwitchController : <<<<<<< 's_plunger_lane' active >>>>>>>
2025-11-25 06:54:40,193 : INFO : EventManager : Event: ======'machine_var_audits_switches_s_plunger_lane'====== Args={'value': 103, 'prev_value': 102, 'change': 1}
2025-11-25 06:54:40,242 : INFO : SwitchController : <<<<<<< 's_trough_1' active >>>>>>>
2025-11-25 06:54:40,243 : INFO : EventManager : Event: ======'machine_var_audits_switches_s_trough_1'====== Args={'value': 9, 'prev_value': 8, 'change': 1}
2025-11-25 06:54:40,376 : INFO : SwitchController : <<<<<<< 's_plunger_lane' inactive >>>>>>>
2025-11-25 06:54:40,678 : INFO : SwitchController : <<<<<<< 's_plunger_lane' active >>>>>>>
2025-11-25 06:54:40,679 : INFO : EventManager : Event: ======'machine_var_audits_switches_s_plunger_lane'====== Args={'value': 104, 'prev_value': 103, 'change': 1}
2025-11-25 06:54:40,775 : INFO : SwitchController : <<<<<<< 's_trough_1' inactive >>>>>>>
2025-11-25 06:54:40,926 : INFO : SwitchController : <<<<<<< 's_plunger_lane' inactive >>>>>>>
2025-11-25 06:54:41,060 : INFO : ball_device.bd_trough : State: failed_confirm
2025-11-25 06:54:41,060 : INFO : ball_device.bd_trough : Got timeout (10.0s) before confirm from <ball_device.bd_plunger>
2025-11-25 06:54:41,061 : INFO : ball_device.bd_plunger : Expecting incoming ball which may skip the device.
2025-11-25 06:54:41,062 : INFO : EventManager : Event: ======'balldevice_bd_plunger_ejecting_ball'====== Args={'balls': 1, 'target': <playfield.playfield>, 'source': <ball_device.bd_plunger>, 'mechanical_eject': False, 'num_attempts': 1}
2025-11-25 06:54:41,427 : INFO : ball_device.bd_trough : Got unknown balls. Assuming a ball returned.
2025-11-25 06:54:41,428 : INFO : EventManager : Event: ======'balldevice_bd_trough_ball_eject_failed'====== Args={'target': <ball_device.bd_plunger>, 'balls': 1, 'retry': True, 'num_attempts': 4}
2025-11-25 06:54:41,429 : INFO : EventManager : Event: ======'balldevice_bd_plunger_ball_eject_failed'====== Args={'target': <playfield.playfield>, 'balls': 1, 'retry': True, 'num_attempts': 1}
2025-11-25 06:54:41,429 : INFO : ball_device.bd_plunger : No longer expecting incoming ball which may skip the device.
2025-11-25 06:54:41,429 : INFO : ball_device.bd_trough : State: waiting_for_target_ready
2025-11-25 06:54:41,429 : INFO : EventManager : Event: ======'balldevice_bd_trough_ball_eject_attempt'====== Args={'balls': 1, 'target': <ball_device.bd_plunger>, 'source': <ball_device.bd_trough>, 'mechanical_eject': False, 'num_attempts': 4}
2025-11-25 06:54:41,430 : INFO : ball_device.bd_trough : State: ejecting
2025-11-25 06:54:41,430 : INFO : ball_device.bd_trough : Ejecting ball to <ball_device.bd_plunger>
2025-11-25 06:54:41,430 : INFO : EventManager : Event: ======'balldevice_bd_trough_ejecting_ball'====== Args={'balls': 1, 'target': <ball_device.bd_plunger>, 'source': <ball_device.bd_trough>, 'mechanical_eject': False, 'num_attempts': 4}
2025-11-25 06:54:41,431 : INFO : ball_device.bd_plunger : State: waiting_for_ball
2025-11-25 06:54:41,431 : WARNING : ball_device.bd_trough : No switch is active. Cannot wait on empty list.
2025-11-25 06:54:41,432 : INFO : ball_device.bd_trough : Wait for ball to leave device
2025-11-25 06:54:41,432 : INFO : coil.c_trough_eject : Pulsing Driver for 10ms (1.0 pulse_power)
2025-11-25 06:54:41,432 : INFO : ball_device.bd_trough : State: ball_left
2025-11-25 06:54:41,432 : INFO : ball_device.bd_trough : Ball left
2025-11-25 06:54:41,432 : INFO : ball_device.bd_trough : Wait for confirm with timeout 10.0
2025-11-25 06:54:43,902 : INFO : Machine : Shutting down...
2025-11-25 06:54:43,902 : INFO : EventManager : Event: ======'shutdown'====== Args={}
2025-11-25 06:54:43,907 : INFO : EventManager : Event: ======'mode_game_will_stop'====== Args={}
2025-11-25 06:54:43,907 : INFO : EventManager : Event: ======'mode_game_stopping'====== Args={}
2025-11-25 06:54:43,907 : INFO : EventManager : Event: ======'mode_base_will_stop'====== Args={}
2025-11-25 06:54:43,907 : INFO : EventManager : Event: ======'mode_base_stopping'====== Args={}
2025-11-25 06:54:43,908 : INFO : EventManager : Event: ======'mode_right_orbit_will_stop'====== Args={}
2025-11-25 06:54:43,908 : INFO : EventManager : Event: ======'mode_right_orbit_stopping'====== Args={}
2025-11-25 06:54:43,908 : INFO : EventManager : Event: ======'stop_mode_right_orbit'====== Args={'priority': 0}
2025-11-25 06:54:43,908 : INFO : Mode.right_orbit : Stopped.
2025-11-25 06:54:43,908 : INFO : EventManager : Event: ======'modes_active_modes_changed'====== Args={}
2025-11-25 06:54:43,908 : INFO : EventManager : Event: ======'mode_right_orbit_stopped'====== Args={}
2025-11-25 06:54:43,908 : INFO : EventManager : Event: ======'clear'====== Args={'key': 'right_orbit'}
2025-11-25 06:54:43,908 : INFO : Mode.base : Stopped.
2025-11-25 06:54:43,908 : INFO : EventManager : Event: ======'modes_active_modes_changed'====== Args={}
2025-11-25 06:54:43,908 : INFO : EventManager : Event: ======'mode_base_stopped'====== Args={}
2025-11-25 06:54:43,908 : INFO : EventManager : Event: ======'clear'====== Args={'key': 'base'}
2025-11-25 06:54:43,909 : INFO : Mode.game : Stopped.
2025-11-25 06:54:43,909 : INFO : EventManager : Event: ======'modes_active_modes_changed'====== Args={}
2025-11-25 06:54:43,909 : INFO : EventManager : Event: ======'mode_game_stopped'====== Args={}
2025-11-25 06:54:43,909 : INFO : EventManager : Event: ======'clear'====== Args={'key': 'game'}
2025-11-25 06:54:43,910 : INFO : root : MPF run loop ended.
