2025-11-26 11:56:34,868 : INFO : root : Loading config.
2025-11-26 11:56:34,869 : INFO : YamlMultifileConfigLoader : Machine config file #1: config.yaml
2025-11-26 11:56:34,869 : INFO : ConfigProcessor : Loading config from cache: /var/folders/k0/j_dpx55x4kndbs36pl2nt9l00000gn/T/92f7f295141fbdde09e201e7fd0f1349.mpf_cache
2025-11-26 11:56:34,869 : WARNING : ConfigProcessor : Config file in cache changed: /Users/samhughes/Desktop/Hollow-Knight-Pinball/config/config_player_variables.yaml
2025-11-26 11:56:34,869 : INFO : ConfigProcessor : Loading config from file /Users/samhughes/mpf/lib/python3.13/site-packages/mpf/mpfconfig.yaml.
2025-11-26 11:56:34,884 : INFO : ConfigProcessor : Loading config: /Users/samhughes/mpf/lib/python3.13/site-packages/mpf/mpfconfig.yaml
2025-11-26 11:56:34,885 : INFO : ConfigProcessor : Loading config from file /Users/samhughes/Desktop/Hollow-Knight-Pinball/config/config.yaml.
2025-11-26 11:56:34,886 : INFO : ConfigProcessor : Loading config: /Users/samhughes/Desktop/Hollow-Knight-Pinball/config/config.yaml
2025-11-26 11:56:34,888 : INFO : ConfigProcessor : Loading config: /Users/samhughes/Desktop/Hollow-Knight-Pinball/config/config_switches.yaml
2025-11-26 11:56:34,889 : INFO : ConfigProcessor : Loading config: /Users/samhughes/Desktop/Hollow-Knight-Pinball/config/config_coils.yaml
2025-11-26 11:56:34,890 : INFO : ConfigProcessor : Loading config: /Users/samhughes/Desktop/Hollow-Knight-Pinball/config/config_ball_devices.yaml
2025-11-26 11:56:34,890 : INFO : ConfigProcessor : Loading config: /Users/samhughes/Desktop/Hollow-Knight-Pinball/config/config_player_variables.yaml
2025-11-26 11:56:34,891 : INFO : ConfigProcessor : Config file cache created: /var/folders/k0/j_dpx55x4kndbs36pl2nt9l00000gn/T/92f7f295141fbdde09e201e7fd0f1349.mpf_cache
2025-11-26 11:56:34,915 : INFO : ConfigProcessor : Loading config from cache: /var/folders/k0/j_dpx55x4kndbs36pl2nt9l00000gn/T/7b77bdcd1da4c54cc720d492bab55a0d.mpf_cache
2025-11-26 11:56:34,915 : INFO : ConfigProcessor : Loading config from cache: /var/folders/k0/j_dpx55x4kndbs36pl2nt9l00000gn/T/501e18c1625d42f1ba9bf53b020c49c5.mpf_cache
2025-11-26 11:56:34,915 : INFO : ConfigProcessor : Loading config from cache: /var/folders/k0/j_dpx55x4kndbs36pl2nt9l00000gn/T/7b77bdcd1da4c54cc720d492bab55a0d.mpf_cache
2025-11-26 11:56:34,915 : INFO : ConfigProcessor : Loading config from cache: /var/folders/k0/j_dpx55x4kndbs36pl2nt9l00000gn/T/dda6f4da00898f9f0a4796a41d9a2ef0.mpf_cache
2025-11-26 11:56:34,915 : INFO : ConfigProcessor : Loading config from cache: /var/folders/k0/j_dpx55x4kndbs36pl2nt9l00000gn/T/522fc819f659907ecbd91e12554f307a.mpf_cache
2025-11-26 11:56:34,916 : INFO : ConfigProcessor : Loading config from cache: /var/folders/k0/j_dpx55x4kndbs36pl2nt9l00000gn/T/05e9cee2d62266bbcd3eb3df28f11ba0.mpf_cache
2025-11-26 11:56:34,916 : INFO : ConfigProcessor : Loading config from cache: /var/folders/k0/j_dpx55x4kndbs36pl2nt9l00000gn/T/a751b7622f38b4d73d2da25b66d734b1.mpf_cache
2025-11-26 11:56:34,916 : INFO : ConfigProcessor : Loading config from cache: /var/folders/k0/j_dpx55x4kndbs36pl2nt9l00000gn/T/515d12d22bfc89771946156b9f4733e7.mpf_cache
2025-11-26 11:56:34,916 : INFO : ConfigProcessor : Loading config from cache: /var/folders/k0/j_dpx55x4kndbs36pl2nt9l00000gn/T/3db5df4db04e3e0d951f803bb6fa84e6.mpf_cache
2025-11-26 11:56:34,917 : INFO : ConfigProcessor : Loading config from cache: /var/folders/k0/j_dpx55x4kndbs36pl2nt9l00000gn/T/3572cafb19834c572118c1dfbec55588.mpf_cache
2025-11-26 11:56:34,917 : INFO : ConfigProcessor : Loading config from cache: /var/folders/k0/j_dpx55x4kndbs36pl2nt9l00000gn/T/39b20d9bce0c2f44f75a85f57a0d45f4.mpf_cache
2025-11-26 11:56:34,917 : INFO : ConfigProcessor : Loading config from cache: /var/folders/k0/j_dpx55x4kndbs36pl2nt9l00000gn/T/189edcb2679eb1788c8ca3be3e29f2f1.mpf_cache
2025-11-26 11:56:34,918 : INFO : ConfigProcessor : Loading config from cache: /var/folders/k0/j_dpx55x4kndbs36pl2nt9l00000gn/T/f00019ffccce993d2850c9d82b9dc44e.mpf_cache
2025-11-26 11:56:34,918 : INFO : ConfigProcessor : Loading config from cache: /var/folders/k0/j_dpx55x4kndbs36pl2nt9l00000gn/T/14560612c17bb039b05632d29f192033.mpf_cache
2025-11-26 11:56:34,918 : INFO : ConfigProcessor : Loading config from cache: /var/folders/k0/j_dpx55x4kndbs36pl2nt9l00000gn/T/1b88d79160cc8850354d058f9a270569.mpf_cache
2025-11-26 11:56:34,918 : INFO : Machine : Mission Pinball Framework Core Engine v0.80.0.dev11
2025-11-26 11:56:34,918 : INFO : Machine : Command line arguments: {'no_load_cache': False, 'create_config_cache': True, 'bcp': True, 'configfile': ['config.yaml'], 'force_assets_load': False, 'platform_integration_test': False, 'jsonlogging': False, 'logfile': 'logs/2025-11-26-11-56-34-mpf-Sams-MacBook-Air-2.local.log', 'pause': False, 'production': False, 'text_ui': True, 'loglevel': 15, 'consoleloglevel': 20, 'force_platform': 'smart_virtual', 'syslog_address': None, 'full_logfile_path': '/Users/samhughes/Desktop/Hollow-Knight-Pinball/logs/2025-11-26-11-56-34-mpf-Sams-MacBook-Air-2.local.log'}
2025-11-26 11:56:34,918 : INFO : Machine : MPF path: /Users/samhughes/mpf/lib/python3.13/site-packages/mpf
2025-11-26 11:56:34,918 : INFO : Machine : Machine path: /Users/samhughes/Desktop/Hollow-Knight-Pinball
2025-11-26 11:56:34,918 : INFO : Machine : Platform: darwin
2025-11-26 11:56:34,919 : INFO : Machine : Python executable location: /Users/samhughes/mpf/bin/python3.13
2025-11-26 11:56:34,919 : INFO : Machine : Python version: 3.13.2 (64-bit)
2025-11-26 11:56:34,919 : INFO : Machine : Initializing MPF...
2025-11-26 11:56:34,948 : INFO : EventManager : Event: ======'machine_var_credits_string'====== Args={'value': 'FREE PLAY', 'prev_value': None, 'change': True}
2025-11-26 11:56:34,953 : INFO : EventManager : Event: ======'machine_var_master_volume'====== Args={'value': 0.5, 'prev_value': None, 'change': True}
2025-11-26 11:56:34,953 : INFO : EventManager : Event: ======'machine_var_player1_score'====== Args={'value': 81940, 'prev_value': None, 'change': True}
2025-11-26 11:56:34,953 : INFO : EventManager : Event: ======'machine_var_mpf_version'====== Args={'value': 'Mission Pinball Framework v0.80.0.dev11', 'prev_value': None, 'change': True}
2025-11-26 11:56:34,953 : INFO : EventManager : Event: ======'machine_var_mpf_extended_version'====== Args={'value': 'Mission Pinball Framework v0.80.0.dev11, Config version:6, Show version: 6, BCP version:1.1', 'prev_value': None, 'change': True}
2025-11-26 11:56:34,953 : INFO : EventManager : Event: ======'machine_var_python_version'====== Args={'value': '3.13.2', 'prev_value': None, 'change': True}
2025-11-26 11:56:34,961 : INFO : EventManager : Event: ======'machine_var_platform'====== Args={'value': 'macOS-15.6.1-arm64-arm-64bit-Mach-O', 'prev_value': None, 'change': True}
2025-11-26 11:56:34,962 : INFO : EventManager : Event: ======'machine_var_platform_system'====== Args={'value': 'Darwin', 'prev_value': None, 'change': True}
2025-11-26 11:56:34,962 : INFO : EventManager : Event: ======'machine_var_platform_release'====== Args={'value': '24.6.0', 'prev_value': None, 'change': True}
2025-11-26 11:56:34,962 : INFO : EventManager : Event: ======'machine_var_platform_version'====== Args={'value': 'Darwin Kernel Version 24.6.0: Mon Jul 14 11:29:54 PDT 2025; root:xnu-11417.140.69~1/RELEASE_ARM64_T8122', 'prev_value': None, 'change': True}
2025-11-26 11:56:34,962 : INFO : EventManager : Event: ======'machine_var_platform_machine'====== Args={'value': 'arm64', 'prev_value': None, 'change': True}
2025-11-26 11:56:34,962 : INFO : EventManager : Event: ======'machine_var_log_file_path'====== Args={'value': '/Users/samhughes/Desktop/Hollow-Knight-Pinball/logs/2025-11-26-11-56-34-mpf-Sams-MacBook-Air-2.local.log', 'prev_value': None, 'change': True}
2025-11-26 11:56:34,962 : INFO : EventManager : Event: ======'init_phase_1'====== Args={}
2025-11-26 11:56:34,969 : INFO : EventManager : Event: ======'init_phase_2'====== Args={}
2025-11-26 11:56:34,969 : INFO : SwitchController : Found active switch: (1002, <Platform.SmartVirtual>) <switch.s_trough_1>
2025-11-26 11:56:34,969 : INFO : SwitchController : Found active switch: (1003, <Platform.SmartVirtual>) <switch.s_trough_2>
2025-11-26 11:56:34,969 : INFO : SwitchController : Found active switch: (1004, <Platform.SmartVirtual>) <switch.s_trough_3>
2025-11-26 11:56:34,970 : INFO : EventManager : Event: ======'bcp_connection_attempt'====== Args={'name': 'local_display', 'host': 'localhost', 'port': 5050}
2025-11-26 11:56:34,971 : INFO : BCPClientSocket : Connecting BCP to 'local_display' at localhost:5050...
2025-11-26 11:56:40,464 : INFO : BCPClientSocket : Connected BCP to 'local_display' localhost:5050
2025-11-26 11:56:40,464 : INFO : EventManager : Event: ======'bcp_clients_connected'====== Args={}
2025-11-26 11:56:40,467 : INFO : ball_device.bd_trough : BCH: Initial count: 3
2025-11-26 11:56:40,467 : INFO : ball_device.bd_trough : State: idle
2025-11-26 11:56:40,468 : INFO : ball_device.bd_plunger : BCH: Initial count: 0
2025-11-26 11:56:40,468 : INFO : ball_device.bd_plunger : State: idle
2025-11-26 11:56:40,490 : INFO : EventManager : Event: ======'init_phase_3'====== Args={}
2025-11-26 11:56:40,492 : INFO : EventManager : Event: ======'init_phase_4'====== Args={}
2025-11-26 11:56:40,493 : INFO : BallController : Initial balls found: 3
2025-11-26 11:56:40,493 : INFO : EventManager : Event: ======'machine_var_audits_events_game_ended'====== Args={'value': 6, 'prev_value': None, 'change': True}
2025-11-26 11:56:40,493 : INFO : EventManager : Event: ======'machine_var_audits_events_game_started'====== Args={'value': 46, 'prev_value': None, 'change': True}
2025-11-26 11:56:40,493 : INFO : EventManager : Event: ======'machine_var_audits_missing_switches_s_back_left_target'====== Args={'value': 8, 'prev_value': None, 'change': True}
2025-11-26 11:56:40,494 : INFO : EventManager : Event: ======'machine_var_audits_missing_switches_s_back_middle_left_target'====== Args={'value': 8, 'prev_value': None, 'change': True}
2025-11-26 11:56:40,494 : INFO : EventManager : Event: ======'machine_var_audits_missing_switches_s_back_middle_right_target'====== Args={'value': 7, 'prev_value': None, 'change': True}
2025-11-26 11:56:40,494 : INFO : EventManager : Event: ======'machine_var_audits_missing_switches_s_back_right_target'====== Args={'value': 8, 'prev_value': None, 'change': True}
2025-11-26 11:56:40,494 : INFO : EventManager : Event: ======'machine_var_audits_missing_switches_s_bottom_left_slingshot'====== Args={'value': 3, 'prev_value': None, 'change': True}
2025-11-26 11:56:40,494 : INFO : EventManager : Event: ======'machine_var_audits_missing_switches_s_bottom_right_slingshot'====== Args={'value': 5, 'prev_value': None, 'change': True}
2025-11-26 11:56:40,494 : INFO : EventManager : Event: ======'machine_var_audits_missing_switches_s_front_left_target'====== Args={'value': 15, 'prev_value': None, 'change': True}
2025-11-26 11:56:40,494 : INFO : EventManager : Event: ======'machine_var_audits_missing_switches_s_front_middle_target'====== Args={'value': 7, 'prev_value': None, 'change': True}
2025-11-26 11:56:40,494 : INFO : EventManager : Event: ======'machine_var_audits_missing_switches_s_front_right_target'====== Args={'value': 15, 'prev_value': None, 'change': True}
2025-11-26 11:56:40,494 : INFO : EventManager : Event: ======'machine_var_audits_missing_switches_s_lane_to_pop'====== Args={'value': 5, 'prev_value': None, 'change': True}
2025-11-26 11:56:40,494 : INFO : EventManager : Event: ======'machine_var_audits_missing_switches_s_left_flipper'====== Args={'value': 46, 'prev_value': None, 'change': True}
2025-11-26 11:56:40,494 : INFO : EventManager : Event: ======'machine_var_audits_missing_switches_s_left_inlane'====== Args={'value': 3, 'prev_value': None, 'change': True}
2025-11-26 11:56:40,494 : INFO : EventManager : Event: ======'machine_var_audits_missing_switches_s_left_orbit'====== Args={'value': 8, 'prev_value': None, 'change': True}
2025-11-26 11:56:40,494 : INFO : EventManager : Event: ======'machine_var_audits_missing_switches_s_left_outlane'====== Args={'value': 15, 'prev_value': None, 'change': True}
2025-11-26 11:56:40,494 : INFO : EventManager : Event: ======'machine_var_audits_missing_switches_s_pop_bumper'====== Args={'value': 3, 'prev_value': None, 'change': True}
2025-11-26 11:56:40,494 : INFO : EventManager : Event: ======'machine_var_audits_missing_switches_s_ramp'====== Args={'value': 11, 'prev_value': None, 'change': True}
2025-11-26 11:56:40,494 : INFO : EventManager : Event: ======'machine_var_audits_missing_switches_s_right_flipper'====== Args={'value': 18, 'prev_value': None, 'change': True}
2025-11-26 11:56:40,494 : INFO : EventManager : Event: ======'machine_var_audits_missing_switches_s_right_inlane'====== Args={'value': 15, 'prev_value': None, 'change': True}
2025-11-26 11:56:40,494 : INFO : EventManager : Event: ======'machine_var_audits_missing_switches_s_right_orbit'====== Args={'value': 19, 'prev_value': None, 'change': True}
2025-11-26 11:56:40,494 : INFO : EventManager : Event: ======'machine_var_audits_missing_switches_s_right_outlane'====== Args={'value': 15, 'prev_value': None, 'change': True}
2025-11-26 11:56:40,494 : INFO : EventManager : Event: ======'machine_var_audits_missing_switches_s_saucer'====== Args={'value': 1, 'prev_value': None, 'change': True}
2025-11-26 11:56:40,494 : INFO : EventManager : Event: ======'machine_var_audits_missing_switches_s_start'====== Args={'value': 8, 'prev_value': None, 'change': True}
2025-11-26 11:56:40,494 : INFO : EventManager : Event: ======'machine_var_audits_missing_switches_s_top_left_slingshot'====== Args={'value': 1, 'prev_value': None, 'change': True}
2025-11-26 11:56:40,494 : INFO : EventManager : Event: ======'machine_var_audits_missing_switches_s_top_right_slingshot'====== Args={'value': 3, 'prev_value': None, 'change': True}
2025-11-26 11:56:40,494 : INFO : EventManager : Event: ======'machine_var_audits_missing_switches_s_trough_1'====== Args={'value': 9, 'prev_value': None, 'change': True}
2025-11-26 11:56:40,494 : INFO : EventManager : Event: ======'machine_var_audits_missing_switches_s_trough_2'====== Args={'value': 33, 'prev_value': None, 'change': True}
2025-11-26 11:56:40,494 : INFO : EventManager : Event: ======'machine_var_audits_missing_switches_s_trough_3'====== Args={'value': 31, 'prev_value': None, 'change': True}
2025-11-26 11:56:40,495 : INFO : EventManager : Event: ======'machine_var_audits_player_score'====== Args={'value': {'average': 36284, 'top': [173500, 81940, 45000, 15000, 15000, 15000, 15000, 15000, 15000, 15000], 'total': 12}, 'prev_value': None, 'change': True}
2025-11-26 11:56:40,495 : INFO : EventManager : Event: ======'machine_var_audits_shots_back_left_target'====== Args={'value': 6, 'prev_value': None, 'change': True}
2025-11-26 11:56:40,495 : INFO : EventManager : Event: ======'machine_var_audits_shots_back_middle_right_target'====== Args={'value': 4, 'prev_value': None, 'change': True}
2025-11-26 11:56:40,495 : INFO : EventManager : Event: ======'machine_var_audits_shots_back_right_target'====== Args={'value': 2, 'prev_value': None, 'change': True}
2025-11-26 11:56:40,495 : INFO : EventManager : Event: ======'machine_var_audits_shots_bakc_middle_left_target'====== Args={'value': 3, 'prev_value': None, 'change': True}
2025-11-26 11:56:40,495 : INFO : EventManager : Event: ======'machine_var_audits_shots_bottom_left_slingshot'====== Args={'value': 1, 'prev_value': None, 'change': True}
2025-11-26 11:56:40,495 : INFO : EventManager : Event: ======'machine_var_audits_shots_front_left_target'====== Args={'value': 6, 'prev_value': None, 'change': True}
2025-11-26 11:56:40,495 : INFO : EventManager : Event: ======'machine_var_audits_shots_front_middle_target'====== Args={'value': 7, 'prev_value': None, 'change': True}
2025-11-26 11:56:40,495 : INFO : EventManager : Event: ======'machine_var_audits_shots_front_right_target'====== Args={'value': 6, 'prev_value': None, 'change': True}
2025-11-26 11:56:40,495 : INFO : EventManager : Event: ======'machine_var_audits_shots_lane_to_pop'====== Args={'value': 78, 'prev_value': None, 'change': True}
2025-11-26 11:56:40,495 : INFO : EventManager : Event: ======'machine_var_audits_shots_left_inlane'====== Args={'value': 7, 'prev_value': None, 'change': True}
2025-11-26 11:56:40,495 : INFO : EventManager : Event: ======'machine_var_audits_shots_left_orbit'====== Args={'value': 80, 'prev_value': None, 'change': True}
2025-11-26 11:56:40,495 : INFO : EventManager : Event: ======'machine_var_audits_shots_left_outlane'====== Args={'value': 5, 'prev_value': None, 'change': True}
2025-11-26 11:56:40,495 : INFO : EventManager : Event: ======'machine_var_audits_shots_pop_bumper'====== Args={'value': 23, 'prev_value': None, 'change': True}
2025-11-26 11:56:40,495 : INFO : EventManager : Event: ======'machine_var_audits_shots_ramp'====== Args={'value': 68, 'prev_value': None, 'change': True}
2025-11-26 11:56:40,495 : INFO : EventManager : Event: ======'machine_var_audits_shots_right_inlane'====== Args={'value': 13, 'prev_value': None, 'change': True}
2025-11-26 11:56:40,495 : INFO : EventManager : Event: ======'machine_var_audits_shots_right_orbit'====== Args={'value': 216, 'prev_value': None, 'change': True}
2025-11-26 11:56:40,495 : INFO : EventManager : Event: ======'machine_var_audits_shots_right_outlane'====== Args={'value': 12, 'prev_value': None, 'change': True}
2025-11-26 11:56:40,495 : INFO : EventManager : Event: ======'machine_var_audits_shots_saucer'====== Args={'value': 18, 'prev_value': None, 'change': True}
2025-11-26 11:56:40,495 : INFO : EventManager : Event: ======'machine_var_audits_shots_saucer_dirtmouth'====== Args={'value': 3, 'prev_value': None, 'change': True}
2025-11-26 11:56:40,495 : INFO : EventManager : Event: ======'machine_var_audits_shots_top_left_slingshot'====== Args={'value': 1, 'prev_value': None, 'change': True}
2025-11-26 11:56:40,495 : INFO : EventManager : Event: ======'machine_var_audits_shots_top_right_slingshot'====== Args={'value': 6, 'prev_value': None, 'change': True}
2025-11-26 11:56:40,495 : INFO : EventManager : Event: ======'machine_var_audits_shots_vuk'====== Args={'value': 88, 'prev_value': None, 'change': True}
2025-11-26 11:56:40,495 : INFO : EventManager : Event: ======'machine_var_audits_shots_vuk_dirtmouth'====== Args={'value': 9, 'prev_value': None, 'change': True}
2025-11-26 11:56:40,495 : INFO : EventManager : Event: ======'machine_var_audits_switches_s_back_left_target'====== Args={'value': 6, 'prev_value': None, 'change': True}
2025-11-26 11:56:40,495 : INFO : EventManager : Event: ======'machine_var_audits_switches_s_back_middle_left_target'====== Args={'value': 4, 'prev_value': None, 'change': True}
2025-11-26 11:56:40,495 : INFO : EventManager : Event: ======'machine_var_audits_switches_s_back_middle_right_target'====== Args={'value': 5, 'prev_value': None, 'change': True}
2025-11-26 11:56:40,495 : INFO : EventManager : Event: ======'machine_var_audits_switches_s_back_right_target'====== Args={'value': 3, 'prev_value': None, 'change': True}
2025-11-26 11:56:40,495 : INFO : EventManager : Event: ======'machine_var_audits_switches_s_bottom_left_slingshot'====== Args={'value': 27, 'prev_value': None, 'change': True}
2025-11-26 11:56:40,495 : INFO : EventManager : Event: ======'machine_var_audits_switches_s_bottom_right_slingshot'====== Args={'value': 26, 'prev_value': None, 'change': True}
2025-11-26 11:56:40,495 : INFO : EventManager : Event: ======'machine_var_audits_switches_s_front_left_target'====== Args={'value': 6, 'prev_value': None, 'change': True}
2025-11-26 11:56:40,495 : INFO : EventManager : Event: ======'machine_var_audits_switches_s_front_middle_target'====== Args={'value': 8, 'prev_value': None, 'change': True}
2025-11-26 11:56:40,495 : INFO : EventManager : Event: ======'machine_var_audits_switches_s_front_right_target'====== Args={'value': 7, 'prev_value': None, 'change': True}
2025-11-26 11:56:40,495 : INFO : EventManager : Event: ======'machine_var_audits_switches_s_lane_to_pop'====== Args={'value': 80, 'prev_value': None, 'change': True}
2025-11-26 11:56:40,495 : INFO : EventManager : Event: ======'machine_var_audits_switches_s_left_flipper'====== Args={'value': 0, 'prev_value': None, 'change': True}
2025-11-26 11:56:40,495 : INFO : EventManager : Event: ======'machine_var_audits_switches_s_left_inlane'====== Args={'value': 8, 'prev_value': None, 'change': True}
2025-11-26 11:56:40,495 : INFO : EventManager : Event: ======'machine_var_audits_switches_s_left_orbit'====== Args={'value': 82, 'prev_value': None, 'change': True}
2025-11-26 11:56:40,495 : INFO : EventManager : Event: ======'machine_var_audits_switches_s_left_outlane'====== Args={'value': 6, 'prev_value': None, 'change': True}
2025-11-26 11:56:40,496 : INFO : EventManager : Event: ======'machine_var_audits_switches_s_plunger_lane'====== Args={'value': 223, 'prev_value': None, 'change': True}
2025-11-26 11:56:40,496 : INFO : EventManager : Event: ======'machine_var_audits_switches_s_pop_bumper'====== Args={'value': 23, 'prev_value': None, 'change': True}
2025-11-26 11:56:40,496 : INFO : EventManager : Event: ======'machine_var_audits_switches_s_ramp'====== Args={'value': 70, 'prev_value': None, 'change': True}
2025-11-26 11:56:40,496 : INFO : EventManager : Event: ======'machine_var_audits_switches_s_right_flipper'====== Args={'value': 4, 'prev_value': None, 'change': True}
2025-11-26 11:56:40,496 : INFO : EventManager : Event: ======'machine_var_audits_switches_s_right_inlane'====== Args={'value': 14, 'prev_value': None, 'change': True}
2025-11-26 11:56:40,496 : INFO : EventManager : Event: ======'machine_var_audits_switches_s_right_orbit'====== Args={'value': 250, 'prev_value': None, 'change': True}
2025-11-26 11:56:40,496 : INFO : EventManager : Event: ======'machine_var_audits_switches_s_right_outlane'====== Args={'value': 13, 'prev_value': None, 'change': True}
2025-11-26 11:56:40,496 : INFO : EventManager : Event: ======'machine_var_audits_switches_s_saucer'====== Args={'value': 25, 'prev_value': None, 'change': True}
2025-11-26 11:56:40,496 : INFO : EventManager : Event: ======'machine_var_audits_switches_s_start'====== Args={'value': 40, 'prev_value': None, 'change': True}
2025-11-26 11:56:40,496 : INFO : EventManager : Event: ======'machine_var_audits_switches_s_top_left_slingshot'====== Args={'value': 22, 'prev_value': None, 'change': True}
2025-11-26 11:56:40,496 : INFO : EventManager : Event: ======'machine_var_audits_switches_s_top_right_slingshot'====== Args={'value': 25, 'prev_value': None, 'change': True}
2025-11-26 11:56:40,496 : INFO : EventManager : Event: ======'machine_var_audits_switches_s_trough_1'====== Args={'value': 68, 'prev_value': None, 'change': True}
2025-11-26 11:56:40,496 : INFO : EventManager : Event: ======'machine_var_audits_switches_s_trough_2'====== Args={'value': 9, 'prev_value': None, 'change': True}
2025-11-26 11:56:40,496 : INFO : EventManager : Event: ======'machine_var_audits_switches_s_trough_3'====== Args={'value': 52, 'prev_value': None, 'change': True}
2025-11-26 11:56:40,496 : INFO : EventManager : Event: ======'machine_var_audits_switches_s_vuk'====== Args={'value': 104, 'prev_value': None, 'change': True}
2025-11-26 11:56:40,496 : INFO : EventManager : Event: ======'init_phase_5'====== Args={}
2025-11-26 11:56:40,496 : INFO : EventManager : Event: ======'init_done'====== Args={}
2025-11-26 11:56:40,496 : INFO : EventManager : Event: ======'machine_reset_phase_1'====== Args={}
2025-11-26 11:56:40,535 : INFO : EventManager : Event: ======'machine_reset_phase_2'====== Args={}
2025-11-26 11:56:40,535 : INFO : EventManager : Event: ======'machine_reset_phase_3'====== Args={}
2025-11-26 11:56:40,536 : INFO : EventManager : Event: ======'reset_complete'====== Args={}
2025-11-26 11:56:40,536 : INFO : EventManager : Event: ======'mode_attract_will_start'====== Args={}
2025-11-26 11:56:40,536 : INFO : Timer.attract_carousel_timer : Starting Timer.
2025-11-26 11:56:40,536 : INFO : EventManager : Event: ======'timer_attract_carousel_timer_started'====== Args={'ticks': 0, 'ticks_remaining': 1}
2025-11-26 11:56:40,536 : INFO : EventManager : Event: ======'timer_attract_carousel_timer_tick'====== Args={'ticks': 0, 'ticks_remaining': 1}
2025-11-26 11:56:40,537 : INFO : EventManager : Event: ======'mode_attract_starting'====== Args={}
2025-11-26 11:56:40,537 : INFO : Mode.attract : Started. Priority: 10
2025-11-26 11:56:40,537 : INFO : EventManager : Event: ======'modes_active_modes_changed'====== Args={}
2025-11-26 11:56:40,537 : INFO : EventManager : Event: ======'mode_attract_started'====== Args={}
2025-11-26 11:56:40,538 : INFO : EventManager : Event: ======'collecting_balls_complete'====== Args={}
2025-11-26 11:56:40,538 : INFO : EventManager : Event: ======'carousel_item_highlighted'====== Args={'carousel': 'attract', 'direction': None, 'item': 'title'}
2025-11-26 11:56:40,539 : INFO : Machine : Starting the main run loop with active modes: [<Mode.attract>]
2025-11-26 11:56:40,665 : INFO : EventManager : Event: ======'slide_attract_created'====== Args={'_from_bcp': True}
2025-11-26 11:56:40,666 : INFO : EventManager : Event: ======'slide__removed'====== Args={'_from_bcp': True}
2025-11-26 11:56:40,666 : INFO : EventManager : Event: ======'slide_attract_active'====== Args={'original_context': 'attract', 'original_calling_context': 'mode_attract_started', 'priority': 10.0, 'cmd': 'slides_play', '_from_bcp': True}
2025-11-26 11:56:41,356 : INFO : BcpServer : New client connected.
2025-11-26 11:56:44,686 : INFO : SwitchController : <<<<<<< 's_start' active >>>>>>>
2025-11-26 11:56:44,818 : INFO : SwitchController : <<<<<<< 's_start' inactive >>>>>>>
2025-11-26 11:56:44,819 : INFO : EventManager : Event: ======'request_to_start_game'====== Args={}
2025-11-26 11:56:44,819 : INFO : EventManager : Event: ======'game_start'====== Args={'buttons': [], 'hold_time': 0.13243050000164658}
2025-11-26 11:56:44,820 : INFO : EventManager : Event: ======'mode_game_will_start'====== Args={'buttons': [], 'hold_time': 0.13243050000164658}
2025-11-26 11:56:44,821 : INFO : EventManager : Event: ======'mode_game_starting'====== Args={'buttons': [], 'hold_time': 0.13243050000164658}
2025-11-26 11:56:44,821 : INFO : EventManager : Event: ======'mode_attract_will_stop'====== Args={}
2025-11-26 11:56:44,821 : INFO : EventManager : Event: ======'mode_attract_stopping'====== Args={}
2025-11-26 11:56:44,821 : INFO : Mode.attract : Stopped.
2025-11-26 11:56:44,821 : INFO : EventManager : Event: ======'modes_active_modes_changed'====== Args={}
2025-11-26 11:56:44,822 : INFO : EventManager : Event: ======'mode_attract_stopped'====== Args={}
2025-11-26 11:56:44,822 : INFO : EventManager : Event: ======'clear'====== Args={'key': 'attract'}
2025-11-26 11:56:44,823 : INFO : Timer.attract_carousel_timer : Stopping Timer
2025-11-26 11:56:44,823 : INFO : EventManager : Event: ======'timer_attract_carousel_timer_stopped'====== Args={'ticks': 0, 'ticks_remaining': 1}
2025-11-26 11:56:44,823 : INFO : Mode.game : Started. Priority: 20
2025-11-26 11:56:44,823 : INFO : EventManager : Event: ======'modes_active_modes_changed'====== Args={}
2025-11-26 11:56:44,823 : INFO : EventManager : Event: ======'mode_game_started'====== Args={'buttons': [], 'hold_time': 0.13243050000164658}
2025-11-26 11:56:44,824 : INFO : EventManager : Event: ======'game_will_start'====== Args={}
2025-11-26 11:56:44,825 : INFO : EventManager : Event: ======'game_starting'====== Args={'game': <Mode.game>}
2025-11-26 11:56:44,825 : INFO : EventManager : Unordered handler for class <Auditor> on event game_ended with priority 1. Handlers: [RegisteredHandler(callback=<bound method Auditor.disable of <Auditor>>, priority=1, kwargs={}, key=UUID('8d3345ef-5d5e-42d3-846a-bded3846dc93'), condition=None, blocking_facility=None), RegisteredHandler(callback=<bound method Auditor._save_audits of <Auditor>>, priority=1, kwargs={}, key=UUID('b8877aa3-e8d9-4f6e-a7ea-f33ad9adc716'), condition=None, blocking_facility=None)]. The order of those handlers is not defined and they will be executed in random order. This might lead to race conditions and potential bugs.
2025-11-26 11:56:44,826 : INFO : EventManager : Event: ======'player_add_request'====== Args={}
2025-11-26 11:56:44,826 : INFO : EventManager : Event: ======'player_will_add'====== Args={'number': 1}
2025-11-26 11:56:44,827 : ERROR : asyncio : Exception in callback EventManager.process_event_queue()
handle: <Handle EventManager.process_event_queue()>
Traceback (most recent call last):
  File "/Library/Frameworks/Python.framework/Versions/3.13/lib/python3.13/asyncio/events.py", line 89, in _run
    self._context.run(self._callback, *self._args)
    ~~~~~~~~~~~~~~~~~^^^^^^^^^^^^^^^^^^^^^^^^^^^^^
  File "/Users/samhughes/mpf/lib/python3.13/site-packages/mpf/core/events.py", line 862, in process_event_queue
    callback(**kwargs)
    ~~~~~~~~^^^^^^^^^^
  File "/Users/samhughes/mpf/lib/python3.13/site-packages/mpf/modes/game/code/game.py", line 590, in _player_add_request_complete
    player = Player(self.machine, len(self.player_list))
  File "/Users/samhughes/mpf/lib/python3.13/site-packages/mpf/core/player.py", line 116, in __init__
    self._load_initial_player_vars()
    ~~~~~~~~~~~~~~~~~~~~~~~~~~~~~~^^
  File "/Users/samhughes/mpf/lib/python3.13/site-packages/mpf/core/player.py", line 132, in _load_initial_player_vars
    element = self.machine.config_validator.validate_config("player_vars", copy.deepcopy(element))
  File "/Users/samhughes/mpf/lib/python3.13/site-packages/mpf/core/config_validator.py", line 164, in validate_config
    return self._validate_config(config_spec, source, base_spec=base_spec, add_missing_keys=add_missing_keys,
           ~~~~~~~~~~~~~~~~~~~~~^^^^^^^^^^^^^^^^^^^^^^^^^^^^^^^^^^^^^^^^^^^^^^^^^^^^^^^^^^^^^^^^^^^^^^^^^^^^^
                                 validation_failure_info=validation_failure_info)
                                 ^^^^^^^^^^^^^^^^^^^^^^^^^^^^^^^^^^^^^^^^^^^^^^^^
  File "/Users/samhughes/mpf/lib/python3.13/site-packages/mpf/core/config_validator.py", line 214, in _validate_config
    processed_config[k] = self.validate_config_item(
                          ~~~~~~~~~~~~~~~~~~~~~~~~~^
        this_spec[k],
        ^^^^^^^^^^^^^
        validation_failure_info=ValidationPath(validation_failure_info, k))
        ^^^^^^^^^^^^^^^^^^^^^^^^^^^^^^^^^^^^^^^^^^^^^^^^^^^^^^^^^^^^^^^^^^^
  File "/Users/samhughes/mpf/lib/python3.13/site-packages/mpf/core/config_validator.py", line 236, in validate_config_item
    raise self.validation_error(
    ...<2 lines>...
        f'from section "{section}:" in your config.', 9)
mpf.exceptions.config_file_error.ConfigFileError: Config File Error in ConfigValidator: Config validation error: Entry player_vars:player_vars:initial_value = "None" is not valid. Required setting "initial_value:" is missing from section "player_vars:player_vars:" in your config. Error Code: CFE-ConfigValidator-9 (https://missionpinball.org/logs)
2025-11-26 11:56:44,837 : INFO : Machine : Shutting down...
2025-11-26 11:56:44,837 : INFO : EventManager : Event: ======'shutdown'====== Args={}
2025-11-26 11:56:44,838 : INFO : EventManager : Event: ======'mode_game_will_stop'====== Args={}
2025-11-26 11:56:44,838 : INFO : EventManager : Event: ======'mode_game_stopping'====== Args={}
2025-11-26 11:56:44,839 : INFO : Mode.game : Stopped.
2025-11-26 11:56:44,839 : INFO : EventManager : Event: ======'modes_active_modes_changed'====== Args={}
2025-11-26 11:56:44,839 : INFO : EventManager : Event: ======'mode_game_stopped'====== Args={}
2025-11-26 11:56:44,839 : INFO : EventManager : Event: ======'clear'====== Args={'key': 'game'}
2025-11-26 11:56:44,840 : ERROR : Machine : Runtime Exception
Traceback (most recent call last):
  File "/Users/samhughes/mpf/lib/python3.13/site-packages/mpf/core/machine.py", line 810, in _run_loop
    raise self._exception['exception']
  File "/Library/Frameworks/Python.framework/Versions/3.13/lib/python3.13/asyncio/events.py", line 89, in _run
    self._context.run(self._callback, *self._args)
    ~~~~~~~~~~~~~~~~~^^^^^^^^^^^^^^^^^^^^^^^^^^^^^
  File "/Users/samhughes/mpf/lib/python3.13/site-packages/mpf/core/events.py", line 862, in process_event_queue
    callback(**kwargs)
    ~~~~~~~~^^^^^^^^^^
  File "/Users/samhughes/mpf/lib/python3.13/site-packages/mpf/modes/game/code/game.py", line 590, in _player_add_request_complete
    player = Player(self.machine, len(self.player_list))
  File "/Users/samhughes/mpf/lib/python3.13/site-packages/mpf/core/player.py", line 116, in __init__
    self._load_initial_player_vars()
    ~~~~~~~~~~~~~~~~~~~~~~~~~~~~~~^^
  File "/Users/samhughes/mpf/lib/python3.13/site-packages/mpf/core/player.py", line 132, in _load_initial_player_vars
    element = self.machine.config_validator.validate_config("player_vars", copy.deepcopy(element))
  File "/Users/samhughes/mpf/lib/python3.13/site-packages/mpf/core/config_validator.py", line 164, in validate_config
    return self._validate_config(config_spec, source, base_spec=base_spec, add_missing_keys=add_missing_keys,
           ~~~~~~~~~~~~~~~~~~~~~^^^^^^^^^^^^^^^^^^^^^^^^^^^^^^^^^^^^^^^^^^^^^^^^^^^^^^^^^^^^^^^^^^^^^^^^^^^^^
                                 validation_failure_info=validation_failure_info)
                                 ^^^^^^^^^^^^^^^^^^^^^^^^^^^^^^^^^^^^^^^^^^^^^^^^
  File "/Users/samhughes/mpf/lib/python3.13/site-packages/mpf/core/config_validator.py", line 214, in _validate_config
    processed_config[k] = self.validate_config_item(
                          ~~~~~~~~~~~~~~~~~~~~~~~~~^
        this_spec[k],
        ^^^^^^^^^^^^^
        validation_failure_info=ValidationPath(validation_failure_info, k))
        ^^^^^^^^^^^^^^^^^^^^^^^^^^^^^^^^^^^^^^^^^^^^^^^^^^^^^^^^^^^^^^^^^^^
  File "/Users/samhughes/mpf/lib/python3.13/site-packages/mpf/core/config_validator.py", line 236, in validate_config_item
    raise self.validation_error(
    ...<2 lines>...
        f'from section "{section}:" in your config.', 9)
mpf.exceptions.config_file_error.ConfigFileError: Config File Error in ConfigValidator: Config validation error: Entry player_vars:player_vars:initial_value = "None" is not valid. Required setting "initial_value:" is missing from section "player_vars:player_vars:" in your config. Error Code: CFE-ConfigValidator-9 (https://missionpinball.org/logs)
2025-11-26 11:56:44,842 : INFO : root : MPF run loop ended.
