2025-11-23 17:44:28,363 : INFO : root : Loading config.
2025-11-23 17:44:28,365 : INFO : YamlMultifileConfigLoader : Machine config file #1: config.yaml
2025-11-23 17:44:28,365 : INFO : ConfigProcessor : Loading config from cache: /var/folders/k0/j_dpx55x4kndbs36pl2nt9l00000gn/T/92f7f295141fbdde09e201e7fd0f1349.mpf_cache
2025-11-23 17:44:28,392 : INFO : ConfigProcessor : Loading config from cache: /var/folders/k0/j_dpx55x4kndbs36pl2nt9l00000gn/T/7b77bdcd1da4c54cc720d492bab55a0d.mpf_cache
2025-11-23 17:44:28,392 : INFO : ConfigProcessor : Loading config from cache: /var/folders/k0/j_dpx55x4kndbs36pl2nt9l00000gn/T/501e18c1625d42f1ba9bf53b020c49c5.mpf_cache
2025-11-23 17:44:28,392 : INFO : ConfigProcessor : Loading config from cache: /var/folders/k0/j_dpx55x4kndbs36pl2nt9l00000gn/T/7b77bdcd1da4c54cc720d492bab55a0d.mpf_cache
2025-11-23 17:44:28,392 : INFO : ConfigProcessor : Loading config from cache: /var/folders/k0/j_dpx55x4kndbs36pl2nt9l00000gn/T/dda6f4da00898f9f0a4796a41d9a2ef0.mpf_cache
2025-11-23 17:44:28,392 : INFO : Machine : Mission Pinball Framework Core Engine v0.80.0.dev11
2025-11-23 17:44:28,392 : INFO : Machine : Command line arguments: {'no_load_cache': False, 'create_config_cache': True, 'bcp': True, 'configfile': ['config.yaml'], 'force_assets_load': False, 'platform_integration_test': False, 'jsonlogging': False, 'logfile': 'logs/2025-11-23-17-44-28-mpf-Mac.lan.log', 'pause': False, 'production': False, 'text_ui': False, 'loglevel': 15, 'consoleloglevel': 20, 'force_platform': 'virtual', 'syslog_address': None, 'full_logfile_path': '/Users/samhughes/Desktop/Hollow-Knight-Pinball/logs/2025-11-23-17-44-28-mpf-Mac.lan.log'}
2025-11-23 17:44:28,392 : INFO : Machine : MPF path: /Users/samhughes/mpf/lib/python3.13/site-packages/mpf
2025-11-23 17:44:28,392 : INFO : Machine : Machine path: /Users/samhughes/Desktop/Hollow-Knight-Pinball
2025-11-23 17:44:28,392 : INFO : Machine : Platform: darwin
2025-11-23 17:44:28,392 : INFO : Machine : Python executable location: /Users/samhughes/mpf/bin/python3.13
2025-11-23 17:44:28,392 : INFO : Machine : Python version: 3.13.2 (64-bit)
2025-11-23 17:44:28,393 : INFO : Machine : Initializing MPF...
2025-11-23 17:44:28,421 : INFO : EventManager : Event: ======'machine_var_credits_string'====== Args={'value': 'FREE PLAY', 'prev_value': None, 'change': True}
2025-11-23 17:44:28,426 : INFO : EventManager : Event: ======'machine_var_master_volume'====== Args={'value': 0.5, 'prev_value': None, 'change': True}
2025-11-23 17:44:28,426 : INFO : EventManager : Event: ======'machine_var_mpf_version'====== Args={'value': 'Mission Pinball Framework v0.80.0.dev11', 'prev_value': None, 'change': True}
2025-11-23 17:44:28,426 : INFO : EventManager : Event: ======'machine_var_mpf_extended_version'====== Args={'value': 'Mission Pinball Framework v0.80.0.dev11, Config version:6, Show version: 6, BCP version:1.1', 'prev_value': None, 'change': True}
2025-11-23 17:44:28,426 : INFO : EventManager : Event: ======'machine_var_python_version'====== Args={'value': '3.13.2', 'prev_value': None, 'change': True}
2025-11-23 17:44:28,433 : INFO : EventManager : Event: ======'machine_var_platform'====== Args={'value': 'macOS-15.6.1-arm64-arm-64bit-Mach-O', 'prev_value': None, 'change': True}
2025-11-23 17:44:28,433 : INFO : EventManager : Event: ======'machine_var_platform_system'====== Args={'value': 'Darwin', 'prev_value': None, 'change': True}
2025-11-23 17:44:28,433 : INFO : EventManager : Event: ======'machine_var_platform_release'====== Args={'value': '24.6.0', 'prev_value': None, 'change': True}
2025-11-23 17:44:28,433 : INFO : EventManager : Event: ======'machine_var_platform_version'====== Args={'value': 'Darwin Kernel Version 24.6.0: Mon Jul 14 11:29:54 PDT 2025; root:xnu-11417.140.69~1/RELEASE_ARM64_T8122', 'prev_value': None, 'change': True}
2025-11-23 17:44:28,433 : INFO : EventManager : Event: ======'machine_var_platform_machine'====== Args={'value': 'arm64', 'prev_value': None, 'change': True}
2025-11-23 17:44:28,433 : INFO : EventManager : Event: ======'machine_var_log_file_path'====== Args={'value': '/Users/samhughes/Desktop/Hollow-Knight-Pinball/logs/2025-11-23-17-44-28-mpf-Mac.lan.log', 'prev_value': None, 'change': True}
2025-11-23 17:44:28,433 : INFO : EventManager : Event: ======'init_phase_1'====== Args={}
2025-11-23 17:44:28,439 : INFO : EventManager : Event: ======'init_phase_2'====== Args={}
2025-11-23 17:44:28,439 : INFO : EventManager : Event: ======'bcp_connection_attempt'====== Args={'name': 'local_display', 'host': 'localhost', 'port': 5050}
2025-11-23 17:44:28,440 : INFO : BCPClientSocket : Connecting BCP to 'local_display' at localhost:5050...
2025-11-23 17:44:28,443 : INFO : BCPClientSocket : Connected BCP to 'local_display' localhost:5050
2025-11-23 17:44:28,443 : INFO : EventManager : Event: ======'bcp_clients_connected'====== Args={}
2025-11-23 17:44:28,443 : INFO : ball_device.bd_trough : BCH: Initial count: 0
2025-11-23 17:44:28,443 : INFO : ball_device.bd_trough : State: idle
2025-11-23 17:44:28,443 : INFO : ball_device.bd_plunger : BCH: Initial count: 0
2025-11-23 17:44:28,443 : INFO : ball_device.bd_plunger : State: idle
2025-11-23 17:44:28,446 : INFO : EventManager : Event: ======'init_phase_3'====== Args={}
2025-11-23 17:44:28,446 : INFO : EventManager : Event: ======'init_phase_4'====== Args={}
2025-11-23 17:44:28,446 : INFO : BallController : Initial balls found: 0
2025-11-23 17:44:28,447 : INFO : EventManager : Event: ======'machine_var_audits_switches_s_trough_3'====== Args={'value': 0, 'prev_value': None, 'change': True}
2025-11-23 17:44:28,447 : INFO : EventManager : Event: ======'machine_var_audits_switches_s_plunger_lane'====== Args={'value': 0, 'prev_value': None, 'change': True}
2025-11-23 17:44:28,447 : INFO : EventManager : Event: ======'machine_var_audits_switches_s_left_flipper'====== Args={'value': 0, 'prev_value': None, 'change': True}
2025-11-23 17:44:28,447 : INFO : EventManager : Event: ======'machine_var_audits_switches_s_trough_1'====== Args={'value': 0, 'prev_value': None, 'change': True}
2025-11-23 17:44:28,447 : INFO : EventManager : Event: ======'machine_var_audits_switches_s_trough_2'====== Args={'value': 0, 'prev_value': None, 'change': True}
2025-11-23 17:44:28,447 : INFO : EventManager : Event: ======'machine_var_audits_switches_s_right_flipper'====== Args={'value': 0, 'prev_value': None, 'change': True}
2025-11-23 17:44:28,447 : INFO : EventManager : Event: ======'machine_var_audits_events_game_started'====== Args={'value': 0, 'prev_value': None, 'change': True}
2025-11-23 17:44:28,447 : INFO : EventManager : Event: ======'machine_var_audits_events_game_ended'====== Args={'value': 0, 'prev_value': None, 'change': True}
2025-11-23 17:44:28,447 : INFO : EventManager : Event: ======'machine_var_audits_player_score'====== Args={'value': {'top': [], 'average': 0, 'total': 0}, 'prev_value': None, 'change': True}
2025-11-23 17:44:28,447 : INFO : EventManager : Event: ======'init_phase_5'====== Args={}
2025-11-23 17:44:28,447 : INFO : EventManager : Event: ======'init_done'====== Args={}
2025-11-23 17:44:28,447 : INFO : EventManager : Event: ======'machine_reset_phase_1'====== Args={}
2025-11-23 17:44:28,484 : INFO : EventManager : Event: ======'machine_reset_phase_2'====== Args={}
2025-11-23 17:44:28,484 : INFO : EventManager : Event: ======'machine_reset_phase_3'====== Args={}
2025-11-23 17:44:28,484 : INFO : EventManager : Event: ======'reset_complete'====== Args={}
2025-11-23 17:44:28,484 : INFO : EventManager : Event: ======'mode_attract_will_start'====== Args={}
2025-11-23 17:44:28,484 : INFO : EventManager : Event: ======'mode_attract_starting'====== Args={}
2025-11-23 17:44:28,484 : INFO : Mode.attract : Started. Priority: 10
2025-11-23 17:44:28,484 : INFO : EventManager : Event: ======'modes_active_modes_changed'====== Args={}
2025-11-23 17:44:28,484 : INFO : EventManager : Event: ======'mode_attract_started'====== Args={}
2025-11-23 17:44:28,485 : INFO : EventManager : Event: ======'collecting_balls_complete'====== Args={}
2025-11-23 17:44:28,485 : INFO : EventManager : Event: ======'carousel_item_highlighted'====== Args={'carousel': 'attract', 'direction': None, 'item': 'title'}
2025-11-23 17:44:28,485 : INFO : Machine : Starting the main run loop with active modes: [<Mode.attract>]
2025-11-23 17:44:28,548 : INFO : EventManager : Event: ======'slide_attract_created'====== Args={'_from_bcp': True}
2025-11-23 17:44:28,548 : INFO : EventManager : Event: ======'slide__removed'====== Args={'_from_bcp': True}
2025-11-23 17:44:28,548 : INFO : EventManager : Event: ======'slide_attract_active'====== Args={'original_context': 'attract', 'original_calling_context': 'mode_attract_started', 'priority': 10.0, 'cmd': 'slides_play', '_from_bcp': True}
2025-11-23 17:44:30,599 : INFO : SwitchController : <<<<<<< 's_right_flipper' active >>>>>>>
2025-11-23 17:44:30,599 : INFO : EventManager : Event: ======'s_right_flipper_active'====== Args={}
2025-11-23 17:44:30,600 : INFO : EventManager : Event: ======'carousel_item_highlighted'====== Args={'carousel': 'attract', 'direction': 'forwards', 'item': 'credits'}
2025-11-23 17:44:30,715 : INFO : SwitchController : <<<<<<< 's_right_flipper' inactive >>>>>>>
2025-11-23 17:44:31,348 : INFO : SwitchController : <<<<<<< 's_right_flipper' active >>>>>>>
2025-11-23 17:44:31,348 : INFO : EventManager : Event: ======'s_right_flipper_active'====== Args={}
2025-11-23 17:44:31,349 : INFO : EventManager : Event: ======'carousel_item_highlighted'====== Args={'carousel': 'attract', 'direction': 'forwards', 'item': 'mpf_logo'}
2025-11-23 17:44:31,464 : INFO : SwitchController : <<<<<<< 's_right_flipper' inactive >>>>>>>
2025-11-23 17:44:32,165 : INFO : SwitchController : <<<<<<< 's_left_flipper' active >>>>>>>
2025-11-23 17:44:32,165 : INFO : EventManager : Event: ======'s_left_flipper_active'====== Args={}
2025-11-23 17:44:32,166 : INFO : EventManager : Event: ======'carousel_item_highlighted'====== Args={'carousel': 'attract', 'direction': 'backwards', 'item': 'credits'}
2025-11-23 17:44:32,265 : INFO : SwitchController : <<<<<<< 's_left_flipper' inactive >>>>>>>
2025-11-23 17:44:38,448 : INFO : SwitchController : <<<<<<< 's_left_flipper' active >>>>>>>
2025-11-23 17:44:38,448 : INFO : EventManager : Event: ======'s_left_flipper_active'====== Args={}
2025-11-23 17:44:38,449 : INFO : EventManager : Event: ======'carousel_item_highlighted'====== Args={'carousel': 'attract', 'direction': 'backwards', 'item': 'title'}
2025-11-23 17:44:38,515 : INFO : SwitchController : <<<<<<< 's_left_flipper' inactive >>>>>>>
2025-11-23 17:44:38,615 : INFO : SwitchController : <<<<<<< 's_left_flipper' active >>>>>>>
2025-11-23 17:44:38,615 : INFO : EventManager : Event: ======'s_left_flipper_active'====== Args={}
2025-11-23 17:44:38,616 : INFO : EventManager : Event: ======'carousel_item_highlighted'====== Args={'carousel': 'attract', 'direction': 'backwards', 'item': 'mpf_logo'}
2025-11-23 17:44:38,698 : INFO : SwitchController : <<<<<<< 's_left_flipper' inactive >>>>>>>
2025-11-23 17:44:39,314 : INFO : SwitchController : <<<<<<< 's_right_flipper' active >>>>>>>
2025-11-23 17:44:39,315 : INFO : EventManager : Event: ======'s_right_flipper_active'====== Args={}
2025-11-23 17:44:39,315 : INFO : EventManager : Event: ======'carousel_item_highlighted'====== Args={'carousel': 'attract', 'direction': 'forwards', 'item': 'title'}
2025-11-23 17:44:39,431 : INFO : SwitchController : <<<<<<< 's_right_flipper' inactive >>>>>>>
2025-11-23 17:44:39,581 : INFO : SwitchController : <<<<<<< 's_right_flipper' active >>>>>>>
2025-11-23 17:44:39,582 : INFO : EventManager : Event: ======'s_right_flipper_active'====== Args={}
2025-11-23 17:44:39,582 : INFO : EventManager : Event: ======'carousel_item_highlighted'====== Args={'carousel': 'attract', 'direction': 'forwards', 'item': 'credits'}
2025-11-23 17:44:39,665 : INFO : SwitchController : <<<<<<< 's_right_flipper' inactive >>>>>>>
2025-11-23 17:44:39,836 : INFO : SwitchController : <<<<<<< 's_left_flipper' active >>>>>>>
2025-11-23 17:44:39,836 : INFO : EventManager : Event: ======'s_left_flipper_active'====== Args={}
2025-11-23 17:44:39,837 : INFO : EventManager : Event: ======'carousel_item_highlighted'====== Args={'carousel': 'attract', 'direction': 'backwards', 'item': 'title'}
2025-11-23 17:44:39,947 : INFO : SwitchController : <<<<<<< 's_left_flipper' inactive >>>>>>>
2025-11-23 17:44:40,231 : INFO : SwitchController : <<<<<<< 's_left_flipper' active >>>>>>>
2025-11-23 17:44:40,231 : INFO : EventManager : Event: ======'s_left_flipper_active'====== Args={}
2025-11-23 17:44:40,232 : INFO : EventManager : Event: ======'carousel_item_highlighted'====== Args={'carousel': 'attract', 'direction': 'backwards', 'item': 'mpf_logo'}
2025-11-23 17:44:40,348 : INFO : SwitchController : <<<<<<< 's_left_flipper' inactive >>>>>>>
2025-11-23 17:44:40,465 : INFO : SwitchController : <<<<<<< 's_left_flipper' active >>>>>>>
2025-11-23 17:44:40,465 : INFO : EventManager : Event: ======'s_left_flipper_active'====== Args={}
2025-11-23 17:44:40,466 : INFO : EventManager : Event: ======'carousel_item_highlighted'====== Args={'carousel': 'attract', 'direction': 'backwards', 'item': 'credits'}
2025-11-23 17:44:40,565 : INFO : SwitchController : <<<<<<< 's_left_flipper' inactive >>>>>>>
2025-11-23 17:44:41,131 : INFO : SwitchController : <<<<<<< 's_right_flipper' active >>>>>>>
2025-11-23 17:44:41,131 : INFO : EventManager : Event: ======'s_right_flipper_active'====== Args={}
2025-11-23 17:44:41,132 : INFO : EventManager : Event: ======'carousel_item_highlighted'====== Args={'carousel': 'attract', 'direction': 'forwards', 'item': 'mpf_logo'}
2025-11-23 17:44:41,231 : INFO : SwitchController : <<<<<<< 's_right_flipper' inactive >>>>>>>
2025-11-23 17:45:15,264 : INFO : SwitchController : <<<<<<< 's_right_flipper' active >>>>>>>
2025-11-23 17:45:15,264 : INFO : EventManager : Event: ======'s_right_flipper_active'====== Args={}
2025-11-23 17:45:15,265 : INFO : EventManager : Event: ======'carousel_item_highlighted'====== Args={'carousel': 'attract', 'direction': 'forwards', 'item': 'title'}
2025-11-23 17:45:15,381 : INFO : SwitchController : <<<<<<< 's_right_flipper' inactive >>>>>>>
2025-11-23 17:45:16,064 : INFO : SwitchController : <<<<<<< 's_right_flipper' active >>>>>>>
2025-11-23 17:45:16,064 : INFO : EventManager : Event: ======'s_right_flipper_active'====== Args={}
2025-11-23 17:45:16,065 : INFO : EventManager : Event: ======'carousel_item_highlighted'====== Args={'carousel': 'attract', 'direction': 'forwards', 'item': 'credits'}
2025-11-23 17:45:16,231 : INFO : SwitchController : <<<<<<< 's_right_flipper' inactive >>>>>>>
2025-11-23 17:45:16,881 : INFO : SwitchController : <<<<<<< 's_right_flipper' active >>>>>>>
2025-11-23 17:45:16,881 : INFO : EventManager : Event: ======'s_right_flipper_active'====== Args={}
2025-11-23 17:45:16,882 : INFO : EventManager : Event: ======'carousel_item_highlighted'====== Args={'carousel': 'attract', 'direction': 'forwards', 'item': 'mpf_logo'}
2025-11-23 17:45:17,014 : INFO : SwitchController : <<<<<<< 's_right_flipper' inactive >>>>>>>
2025-11-23 17:45:17,430 : INFO : SwitchController : <<<<<<< 's_left_flipper' active >>>>>>>
2025-11-23 17:45:17,431 : INFO : EventManager : Event: ======'s_left_flipper_active'====== Args={}
2025-11-23 17:45:17,431 : INFO : EventManager : Event: ======'carousel_item_highlighted'====== Args={'carousel': 'attract', 'direction': 'backwards', 'item': 'credits'}
2025-11-23 17:45:17,531 : INFO : SwitchController : <<<<<<< 's_left_flipper' inactive >>>>>>>
2025-11-23 17:45:17,813 : INFO : SwitchController : <<<<<<< 's_left_flipper' active >>>>>>>
2025-11-23 17:45:17,814 : INFO : EventManager : Event: ======'s_left_flipper_active'====== Args={}
2025-11-23 17:45:17,814 : INFO : EventManager : Event: ======'carousel_item_highlighted'====== Args={'carousel': 'attract', 'direction': 'backwards', 'item': 'title'}
2025-11-23 17:45:17,949 : INFO : SwitchController : <<<<<<< 's_left_flipper' inactive >>>>>>>
2025-11-23 17:45:18,881 : INFO : SwitchController : <<<<<<< 's_left_flipper' active >>>>>>>
2025-11-23 17:45:18,881 : INFO : EventManager : Event: ======'s_left_flipper_active'====== Args={}
2025-11-23 17:45:18,882 : INFO : EventManager : Event: ======'carousel_item_highlighted'====== Args={'carousel': 'attract', 'direction': 'backwards', 'item': 'mpf_logo'}
2025-11-23 17:45:19,014 : INFO : SwitchController : <<<<<<< 's_left_flipper' inactive >>>>>>>
2025-11-23 17:45:19,197 : INFO : SwitchController : <<<<<<< 's_left_flipper' active >>>>>>>
2025-11-23 17:45:19,198 : INFO : EventManager : Event: ======'s_left_flipper_active'====== Args={}
2025-11-23 17:45:19,198 : INFO : EventManager : Event: ======'carousel_item_highlighted'====== Args={'carousel': 'attract', 'direction': 'backwards', 'item': 'credits'}
2025-11-23 17:45:19,281 : INFO : SwitchController : <<<<<<< 's_left_flipper' inactive >>>>>>>
2025-11-23 17:45:19,430 : INFO : SwitchController : <<<<<<< 's_left_flipper' active >>>>>>>
2025-11-23 17:45:19,431 : INFO : EventManager : Event: ======'s_left_flipper_active'====== Args={}
2025-11-23 17:45:19,431 : INFO : EventManager : Event: ======'carousel_item_highlighted'====== Args={'carousel': 'attract', 'direction': 'backwards', 'item': 'title'}
2025-11-23 17:45:19,564 : INFO : SwitchController : <<<<<<< 's_left_flipper' inactive >>>>>>>
2025-11-23 17:45:20,031 : INFO : SwitchController : <<<<<<< 's_right_flipper' active >>>>>>>
2025-11-23 17:45:20,031 : INFO : EventManager : Event: ======'s_right_flipper_active'====== Args={}
2025-11-23 17:45:20,032 : INFO : EventManager : Event: ======'carousel_item_highlighted'====== Args={'carousel': 'attract', 'direction': 'forwards', 'item': 'credits'}
2025-11-23 17:45:20,097 : INFO : SwitchController : <<<<<<< 's_right_flipper' inactive >>>>>>>
2025-11-23 17:45:20,231 : INFO : SwitchController : <<<<<<< 's_right_flipper' active >>>>>>>
2025-11-23 17:45:20,231 : INFO : EventManager : Event: ======'s_right_flipper_active'====== Args={}
2025-11-23 17:45:20,232 : INFO : EventManager : Event: ======'carousel_item_highlighted'====== Args={'carousel': 'attract', 'direction': 'forwards', 'item': 'mpf_logo'}
2025-11-23 17:45:20,314 : INFO : SwitchController : <<<<<<< 's_right_flipper' inactive >>>>>>>
2025-11-23 17:45:20,480 : INFO : SwitchController : <<<<<<< 's_right_flipper' active >>>>>>>
2025-11-23 17:45:20,481 : INFO : EventManager : Event: ======'s_right_flipper_active'====== Args={}
2025-11-23 17:45:20,481 : INFO : EventManager : Event: ======'carousel_item_highlighted'====== Args={'carousel': 'attract', 'direction': 'forwards', 'item': 'title'}
2025-11-23 17:45:20,564 : INFO : SwitchController : <<<<<<< 's_right_flipper' inactive >>>>>>>
2025-11-23 17:45:21,114 : INFO : SwitchController : <<<<<<< 's_left_flipper' active >>>>>>>
2025-11-23 17:45:21,114 : INFO : EventManager : Event: ======'s_left_flipper_active'====== Args={}
2025-11-23 17:45:21,115 : INFO : EventManager : Event: ======'carousel_item_highlighted'====== Args={'carousel': 'attract', 'direction': 'backwards', 'item': 'mpf_logo'}
2025-11-23 17:45:21,247 : INFO : SwitchController : <<<<<<< 's_left_flipper' inactive >>>>>>>
2025-11-23 17:45:21,764 : INFO : SwitchController : <<<<<<< 's_left_flipper' active >>>>>>>
2025-11-23 17:45:21,764 : INFO : EventManager : Event: ======'s_left_flipper_active'====== Args={}
2025-11-23 17:45:21,765 : INFO : EventManager : Event: ======'carousel_item_highlighted'====== Args={'carousel': 'attract', 'direction': 'backwards', 'item': 'credits'}
2025-11-23 17:45:21,881 : INFO : SwitchController : <<<<<<< 's_left_flipper' inactive >>>>>>>
2025-11-23 17:45:25,914 : INFO : SwitchController : <<<<<<< 's_right_flipper' active >>>>>>>
2025-11-23 17:45:25,914 : INFO : EventManager : Event: ======'s_right_flipper_active'====== Args={}
2025-11-23 17:45:25,915 : INFO : EventManager : Event: ======'carousel_item_highlighted'====== Args={'carousel': 'attract', 'direction': 'forwards', 'item': 'mpf_logo'}
2025-11-23 17:45:26,064 : INFO : SwitchController : <<<<<<< 's_right_flipper' inactive >>>>>>>
2025-11-23 17:45:26,414 : INFO : SwitchController : <<<<<<< 's_right_flipper' active >>>>>>>
2025-11-23 17:45:26,414 : INFO : EventManager : Event: ======'s_right_flipper_active'====== Args={}
2025-11-23 17:45:26,415 : INFO : EventManager : Event: ======'carousel_item_highlighted'====== Args={'carousel': 'attract', 'direction': 'forwards', 'item': 'title'}
2025-11-23 17:45:26,581 : INFO : SwitchController : <<<<<<< 's_right_flipper' inactive >>>>>>>
2025-11-23 17:45:29,681 : INFO : SwitchController : <<<<<<< 's_left_flipper' active >>>>>>>
2025-11-23 17:45:29,681 : INFO : EventManager : Event: ======'s_left_flipper_active'====== Args={}
2025-11-23 17:45:29,681 : INFO : EventManager : Event: ======'carousel_item_highlighted'====== Args={'carousel': 'attract', 'direction': 'backwards', 'item': 'mpf_logo'}
2025-11-23 17:45:29,848 : INFO : SwitchController : <<<<<<< 's_left_flipper' inactive >>>>>>>
2025-11-23 17:45:30,280 : INFO : SwitchController : <<<<<<< 's_left_flipper' active >>>>>>>
2025-11-23 17:45:30,281 : INFO : EventManager : Event: ======'s_left_flipper_active'====== Args={}
2025-11-23 17:45:30,281 : INFO : EventManager : Event: ======'carousel_item_highlighted'====== Args={'carousel': 'attract', 'direction': 'backwards', 'item': 'credits'}
2025-11-23 17:45:30,447 : INFO : SwitchController : <<<<<<< 's_left_flipper' inactive >>>>>>>
2025-11-23 17:45:30,914 : INFO : SwitchController : <<<<<<< 's_right_flipper' active >>>>>>>
2025-11-23 17:45:30,914 : INFO : EventManager : Event: ======'s_right_flipper_active'====== Args={}
2025-11-23 17:45:30,915 : INFO : EventManager : Event: ======'carousel_item_highlighted'====== Args={'carousel': 'attract', 'direction': 'forwards', 'item': 'mpf_logo'}
2025-11-23 17:45:31,064 : INFO : SwitchController : <<<<<<< 's_right_flipper' inactive >>>>>>>
2025-11-23 17:46:10,771 : INFO : Machine : Shutting down...
2025-11-23 17:46:10,772 : INFO : EventManager : Event: ======'shutdown'====== Args={}
2025-11-23 17:46:10,775 : INFO : root : MPF run loop ended.
