2025-11-28 19:10:43,155 : INFO : root : Loading config.
2025-11-28 19:10:43,156 : INFO : YamlMultifileConfigLoader : Machine config file #1: config.yaml
2025-11-28 19:10:43,156 : INFO : ConfigProcessor : Loading config from cache: /var/folders/k0/j_dpx55x4kndbs36pl2nt9l00000gn/T/92f7f295141fbdde09e201e7fd0f1349.mpf_cache
2025-11-28 19:10:43,185 : WARNING : ConfigProcessor : Config file in cache changed: /Users/samhughes/Desktop/Hollow-Knight-Pinball/modes/attract/config/attract.yaml
2025-11-28 19:10:43,185 : INFO : ConfigProcessor : Loading config from file /Users/samhughes/mpf/lib/python3.13/site-packages/mpf/modes/attract/config/attract.yaml.
2025-11-28 19:10:43,186 : INFO : ConfigProcessor : Loading config: /Users/samhughes/mpf/lib/python3.13/site-packages/mpf/modes/attract/config/attract.yaml
2025-11-28 19:10:43,186 : INFO : ConfigProcessor : Loading config from file /Users/samhughes/Desktop/Hollow-Knight-Pinball/modes/attract/config/attract.yaml.
2025-11-28 19:10:43,188 : INFO : ConfigProcessor : Loading config: /Users/samhughes/Desktop/Hollow-Knight-Pinball/modes/attract/config/attract.yaml
2025-11-28 19:10:43,189 : INFO : ConfigProcessor : Config file cache created: /var/folders/k0/j_dpx55x4kndbs36pl2nt9l00000gn/T/7b77bdcd1da4c54cc720d492bab55a0d.mpf_cache
2025-11-28 19:10:43,189 : INFO : ConfigProcessor : Loading config from cache: /var/folders/k0/j_dpx55x4kndbs36pl2nt9l00000gn/T/501e18c1625d42f1ba9bf53b020c49c5.mpf_cache
2025-11-28 19:10:43,189 : INFO : ConfigProcessor : Loading config from cache: /var/folders/k0/j_dpx55x4kndbs36pl2nt9l00000gn/T/7b77bdcd1da4c54cc720d492bab55a0d.mpf_cache
2025-11-28 19:10:43,189 : INFO : ConfigProcessor : Loading config from cache: /var/folders/k0/j_dpx55x4kndbs36pl2nt9l00000gn/T/dda6f4da00898f9f0a4796a41d9a2ef0.mpf_cache
2025-11-28 19:10:43,189 : INFO : ConfigProcessor : Loading config from cache: /var/folders/k0/j_dpx55x4kndbs36pl2nt9l00000gn/T/522fc819f659907ecbd91e12554f307a.mpf_cache
2025-11-28 19:10:43,190 : INFO : ConfigProcessor : Loading config from cache: /var/folders/k0/j_dpx55x4kndbs36pl2nt9l00000gn/T/05e9cee2d62266bbcd3eb3df28f11ba0.mpf_cache
2025-11-28 19:10:43,190 : INFO : ConfigProcessor : Loading config from cache: /var/folders/k0/j_dpx55x4kndbs36pl2nt9l00000gn/T/a751b7622f38b4d73d2da25b66d734b1.mpf_cache
2025-11-28 19:10:43,190 : INFO : ConfigProcessor : Loading config from cache: /var/folders/k0/j_dpx55x4kndbs36pl2nt9l00000gn/T/515d12d22bfc89771946156b9f4733e7.mpf_cache
2025-11-28 19:10:43,190 : INFO : ConfigProcessor : Loading config from cache: /var/folders/k0/j_dpx55x4kndbs36pl2nt9l00000gn/T/3db5df4db04e3e0d951f803bb6fa84e6.mpf_cache
2025-11-28 19:10:43,191 : INFO : ConfigProcessor : Loading config from cache: /var/folders/k0/j_dpx55x4kndbs36pl2nt9l00000gn/T/3572cafb19834c572118c1dfbec55588.mpf_cache
2025-11-28 19:10:43,191 : INFO : ConfigProcessor : Loading config from cache: /var/folders/k0/j_dpx55x4kndbs36pl2nt9l00000gn/T/39b20d9bce0c2f44f75a85f57a0d45f4.mpf_cache
2025-11-28 19:10:43,191 : INFO : ConfigProcessor : Loading config from cache: /var/folders/k0/j_dpx55x4kndbs36pl2nt9l00000gn/T/189edcb2679eb1788c8ca3be3e29f2f1.mpf_cache
2025-11-28 19:10:43,191 : INFO : ConfigProcessor : Loading config from cache: /var/folders/k0/j_dpx55x4kndbs36pl2nt9l00000gn/T/f00019ffccce993d2850c9d82b9dc44e.mpf_cache
2025-11-28 19:10:43,191 : INFO : ConfigProcessor : Loading config from cache: /var/folders/k0/j_dpx55x4kndbs36pl2nt9l00000gn/T/14560612c17bb039b05632d29f192033.mpf_cache
2025-11-28 19:10:43,191 : INFO : ConfigProcessor : Loading config from cache: /var/folders/k0/j_dpx55x4kndbs36pl2nt9l00000gn/T/1b88d79160cc8850354d058f9a270569.mpf_cache
2025-11-28 19:10:43,192 : INFO : ConfigProcessor : Loading config from cache: /var/folders/k0/j_dpx55x4kndbs36pl2nt9l00000gn/T/db143814423fb474166c86cac053d40c.mpf_cache
2025-11-28 19:10:43,192 : INFO : ConfigProcessor : Loading config from cache: /var/folders/k0/j_dpx55x4kndbs36pl2nt9l00000gn/T/77ecd758607ea296c19f456a8642983d.mpf_cache
2025-11-28 19:10:43,192 : INFO : ConfigProcessor : Loading config from cache: /var/folders/k0/j_dpx55x4kndbs36pl2nt9l00000gn/T/7c3641fae2b7003d26f031771405f733.mpf_cache
2025-11-28 19:10:43,192 : INFO : Machine : Mission Pinball Framework Core Engine v0.80.0.dev11
2025-11-28 19:10:43,192 : INFO : Machine : Command line arguments: {'no_load_cache': False, 'create_config_cache': True, 'bcp': True, 'configfile': ['config.yaml'], 'force_assets_load': False, 'platform_integration_test': False, 'jsonlogging': False, 'logfile': 'logs/2025-11-28-19-10-43-mpf-Mac.lan.log', 'pause': False, 'production': False, 'text_ui': True, 'loglevel': 15, 'consoleloglevel': 20, 'force_platform': 'smart_virtual', 'syslog_address': None, 'full_logfile_path': '/Users/samhughes/Desktop/Hollow-Knight-Pinball/logs/2025-11-28-19-10-43-mpf-Mac.lan.log'}
2025-11-28 19:10:43,192 : INFO : Machine : MPF path: /Users/samhughes/mpf/lib/python3.13/site-packages/mpf
2025-11-28 19:10:43,192 : INFO : Machine : Machine path: /Users/samhughes/Desktop/Hollow-Knight-Pinball
2025-11-28 19:10:43,192 : INFO : Machine : Platform: darwin
2025-11-28 19:10:43,192 : INFO : Machine : Python executable location: /Users/samhughes/mpf/bin/python3.13
2025-11-28 19:10:43,192 : INFO : Machine : Python version: 3.13.2 (64-bit)
2025-11-28 19:10:43,193 : INFO : Machine : Initializing MPF...
2025-11-28 19:10:43,225 : INFO : EventManager : Event: ======'machine_var_credits_string'====== Args={'value': 'FREE PLAY', 'prev_value': None, 'change': True}
2025-11-28 19:10:43,232 : INFO : EventManager : Event: ======'machine_var_master_volume'====== Args={'value': 0.5, 'prev_value': None, 'change': True}
2025-11-28 19:10:43,232 : INFO : EventManager : Event: ======'machine_var_player1_score'====== Args={'value': 81940, 'prev_value': None, 'change': True}
2025-11-28 19:10:43,232 : INFO : EventManager : Event: ======'machine_var_mpf_version'====== Args={'value': 'Mission Pinball Framework v0.80.0.dev11', 'prev_value': None, 'change': True}
2025-11-28 19:10:43,232 : INFO : EventManager : Event: ======'machine_var_mpf_extended_version'====== Args={'value': 'Mission Pinball Framework v0.80.0.dev11, Config version:6, Show version: 6, BCP version:1.1', 'prev_value': None, 'change': True}
2025-11-28 19:10:43,232 : INFO : EventManager : Event: ======'machine_var_python_version'====== Args={'value': '3.13.2', 'prev_value': None, 'change': True}
2025-11-28 19:10:43,240 : INFO : EventManager : Event: ======'machine_var_platform'====== Args={'value': 'macOS-15.6.1-arm64-arm-64bit-Mach-O', 'prev_value': None, 'change': True}
2025-11-28 19:10:43,241 : INFO : EventManager : Event: ======'machine_var_platform_system'====== Args={'value': 'Darwin', 'prev_value': None, 'change': True}
2025-11-28 19:10:43,241 : INFO : EventManager : Event: ======'machine_var_platform_release'====== Args={'value': '24.6.0', 'prev_value': None, 'change': True}
2025-11-28 19:10:43,241 : INFO : EventManager : Event: ======'machine_var_platform_version'====== Args={'value': 'Darwin Kernel Version 24.6.0: Mon Jul 14 11:29:54 PDT 2025; root:xnu-11417.140.69~1/RELEASE_ARM64_T8122', 'prev_value': None, 'change': True}
2025-11-28 19:10:43,241 : INFO : EventManager : Event: ======'machine_var_platform_machine'====== Args={'value': 'arm64', 'prev_value': None, 'change': True}
2025-11-28 19:10:43,241 : INFO : EventManager : Event: ======'machine_var_log_file_path'====== Args={'value': '/Users/samhughes/Desktop/Hollow-Knight-Pinball/logs/2025-11-28-19-10-43-mpf-Mac.lan.log', 'prev_value': None, 'change': True}
2025-11-28 19:10:43,241 : INFO : EventManager : Event: ======'init_phase_1'====== Args={}
2025-11-28 19:10:43,249 : INFO : EventManager : Event: ======'init_phase_2'====== Args={}
2025-11-28 19:10:43,249 : INFO : SwitchController : Found active switch: (1002, <Platform.SmartVirtual>) <switch.s_trough_1>
2025-11-28 19:10:43,249 : INFO : SwitchController : Found active switch: (1003, <Platform.SmartVirtual>) <switch.s_trough_2>
2025-11-28 19:10:43,249 : INFO : SwitchController : Found active switch: (1004, <Platform.SmartVirtual>) <switch.s_trough_3>
2025-11-28 19:10:43,250 : INFO : EventManager : Event: ======'bcp_connection_attempt'====== Args={'name': 'local_display', 'host': 'localhost', 'port': 5050}
2025-11-28 19:10:43,251 : INFO : BCPClientSocket : Connecting BCP to 'local_display' at localhost:5050...
2025-11-28 19:10:43,254 : INFO : BCPClientSocket : Connected BCP to 'local_display' localhost:5050
2025-11-28 19:10:43,254 : INFO : EventManager : Event: ======'bcp_clients_connected'====== Args={}
2025-11-28 19:10:43,254 : INFO : ball_device.bd_trough : BCH: Initial count: 3
2025-11-28 19:10:43,254 : INFO : ball_device.bd_trough : State: idle
2025-11-28 19:10:43,255 : INFO : ball_device.bd_plunger : BCH: Initial count: 0
2025-11-28 19:10:43,255 : INFO : ball_device.bd_plunger : State: idle
2025-11-28 19:10:43,261 : INFO : EventManager : Event: ======'init_phase_3'====== Args={}
2025-11-28 19:10:43,263 : INFO : EventManager : Event: ======'init_phase_4'====== Args={}
2025-11-28 19:10:43,263 : INFO : BallController : Initial balls found: 3
2025-11-28 19:10:43,263 : INFO : EventManager : Event: ======'machine_var_audits_events_game_ended'====== Args={'value': 6, 'prev_value': None, 'change': True}
2025-11-28 19:10:43,263 : INFO : EventManager : Event: ======'machine_var_audits_events_game_started'====== Args={'value': 126, 'prev_value': None, 'change': True}
2025-11-28 19:10:43,263 : INFO : EventManager : Event: ======'machine_var_audits_missing_switches_s_back_left_target'====== Args={'value': 88, 'prev_value': None, 'change': True}
2025-11-28 19:10:43,263 : INFO : EventManager : Event: ======'machine_var_audits_missing_switches_s_back_middle_left_target'====== Args={'value': 88, 'prev_value': None, 'change': True}
2025-11-28 19:10:43,263 : INFO : EventManager : Event: ======'machine_var_audits_missing_switches_s_back_middle_right_target'====== Args={'value': 87, 'prev_value': None, 'change': True}
2025-11-28 19:10:43,263 : INFO : EventManager : Event: ======'machine_var_audits_missing_switches_s_back_right_target'====== Args={'value': 88, 'prev_value': None, 'change': True}
2025-11-28 19:10:43,263 : INFO : EventManager : Event: ======'machine_var_audits_missing_switches_s_bottom_left_slingshot'====== Args={'value': 83, 'prev_value': None, 'change': True}
2025-11-28 19:10:43,263 : INFO : EventManager : Event: ======'machine_var_audits_missing_switches_s_bottom_right_slingshot'====== Args={'value': 85, 'prev_value': None, 'change': True}
2025-11-28 19:10:43,263 : INFO : EventManager : Event: ======'machine_var_audits_missing_switches_s_front_left_target'====== Args={'value': 95, 'prev_value': None, 'change': True}
2025-11-28 19:10:43,263 : INFO : EventManager : Event: ======'machine_var_audits_missing_switches_s_front_middle_target'====== Args={'value': 87, 'prev_value': None, 'change': True}
2025-11-28 19:10:43,263 : INFO : EventManager : Event: ======'machine_var_audits_missing_switches_s_front_right_target'====== Args={'value': 95, 'prev_value': None, 'change': True}
2025-11-28 19:10:43,263 : INFO : EventManager : Event: ======'machine_var_audits_missing_switches_s_lane_to_pop'====== Args={'value': 25, 'prev_value': None, 'change': True}
2025-11-28 19:10:43,263 : INFO : EventManager : Event: ======'machine_var_audits_missing_switches_s_left_flipper'====== Args={'value': 62, 'prev_value': None, 'change': True}
2025-11-28 19:10:43,263 : INFO : EventManager : Event: ======'machine_var_audits_missing_switches_s_left_inlane'====== Args={'value': 83, 'prev_value': None, 'change': True}
2025-11-28 19:10:43,263 : INFO : EventManager : Event: ======'machine_var_audits_missing_switches_s_left_orbit'====== Args={'value': 33, 'prev_value': None, 'change': True}
2025-11-28 19:10:43,263 : INFO : EventManager : Event: ======'machine_var_audits_missing_switches_s_left_outlane'====== Args={'value': 95, 'prev_value': None, 'change': True}
2025-11-28 19:10:43,263 : INFO : EventManager : Event: ======'machine_var_audits_missing_switches_s_pop_bumper'====== Args={'value': 83, 'prev_value': None, 'change': True}
2025-11-28 19:10:43,263 : INFO : EventManager : Event: ======'machine_var_audits_missing_switches_s_right_flipper'====== Args={'value': 62, 'prev_value': None, 'change': True}
2025-11-28 19:10:43,263 : INFO : EventManager : Event: ======'machine_var_audits_missing_switches_s_right_inlane'====== Args={'value': 47, 'prev_value': None, 'change': True}
2025-11-28 19:10:43,263 : INFO : EventManager : Event: ======'machine_var_audits_missing_switches_s_right_orbit'====== Args={'value': 1, 'prev_value': None, 'change': True}
2025-11-28 19:10:43,263 : INFO : EventManager : Event: ======'machine_var_audits_missing_switches_s_right_outlane'====== Args={'value': 95, 'prev_value': None, 'change': True}
2025-11-28 19:10:43,263 : INFO : EventManager : Event: ======'machine_var_audits_missing_switches_s_saucer'====== Args={'value': 60, 'prev_value': None, 'change': True}
2025-11-28 19:10:43,263 : INFO : EventManager : Event: ======'machine_var_audits_missing_switches_s_start'====== Args={'value': 75, 'prev_value': None, 'change': True}
2025-11-28 19:10:43,264 : INFO : EventManager : Event: ======'machine_var_audits_missing_switches_s_top_left_slingshot'====== Args={'value': 81, 'prev_value': None, 'change': True}
2025-11-28 19:10:43,264 : INFO : EventManager : Event: ======'machine_var_audits_missing_switches_s_top_right_slingshot'====== Args={'value': 83, 'prev_value': None, 'change': True}
2025-11-28 19:10:43,264 : INFO : EventManager : Event: ======'machine_var_audits_missing_switches_s_trough_1'====== Args={'value': 89, 'prev_value': None, 'change': True}
2025-11-28 19:10:43,264 : INFO : EventManager : Event: ======'machine_var_audits_missing_switches_s_trough_2'====== Args={'value': 113, 'prev_value': None, 'change': True}
2025-11-28 19:10:43,264 : INFO : EventManager : Event: ======'machine_var_audits_missing_switches_s_trough_3'====== Args={'value': 111, 'prev_value': None, 'change': True}
2025-11-28 19:10:43,264 : INFO : EventManager : Event: ======'machine_var_audits_player_score'====== Args={'value': {'average': 36284, 'top': [173500, 81940, 45000, 15000, 15000, 15000, 15000, 15000, 15000, 15000], 'total': 12}, 'prev_value': None, 'change': True}
2025-11-28 19:10:43,264 : INFO : EventManager : Event: ======'machine_var_audits_shots_back_left_target'====== Args={'value': 6, 'prev_value': None, 'change': True}
2025-11-28 19:10:43,264 : INFO : EventManager : Event: ======'machine_var_audits_shots_back_middle_right_target'====== Args={'value': 4, 'prev_value': None, 'change': True}
2025-11-28 19:10:43,264 : INFO : EventManager : Event: ======'machine_var_audits_shots_back_right_target'====== Args={'value': 2, 'prev_value': None, 'change': True}
2025-11-28 19:10:43,264 : INFO : EventManager : Event: ======'machine_var_audits_shots_bakc_middle_left_target'====== Args={'value': 3, 'prev_value': None, 'change': True}
2025-11-28 19:10:43,264 : INFO : EventManager : Event: ======'machine_var_audits_shots_bottom_left_slingshot'====== Args={'value': 1, 'prev_value': None, 'change': True}
2025-11-28 19:10:43,264 : INFO : EventManager : Event: ======'machine_var_audits_shots_front_left_target'====== Args={'value': 6, 'prev_value': None, 'change': True}
2025-11-28 19:10:43,264 : INFO : EventManager : Event: ======'machine_var_audits_shots_front_middle_target'====== Args={'value': 7, 'prev_value': None, 'change': True}
2025-11-28 19:10:43,264 : INFO : EventManager : Event: ======'machine_var_audits_shots_front_right_target'====== Args={'value': 6, 'prev_value': None, 'change': True}
2025-11-28 19:10:43,264 : INFO : EventManager : Event: ======'machine_var_audits_shots_lane_to_pop'====== Args={'value': 89, 'prev_value': None, 'change': True}
2025-11-28 19:10:43,264 : INFO : EventManager : Event: ======'machine_var_audits_shots_left_inlane'====== Args={'value': 7, 'prev_value': None, 'change': True}
2025-11-28 19:10:43,264 : INFO : EventManager : Event: ======'machine_var_audits_shots_left_orbit'====== Args={'value': 117, 'prev_value': None, 'change': True}
2025-11-28 19:10:43,264 : INFO : EventManager : Event: ======'machine_var_audits_shots_left_orbit_travel_dirtmouth_to_frogotten_crossroads'====== Args={'value': 31, 'prev_value': None, 'change': True}
2025-11-28 19:10:43,264 : INFO : EventManager : Event: ======'machine_var_audits_shots_left_outlane'====== Args={'value': 5, 'prev_value': None, 'change': True}
2025-11-28 19:10:43,264 : INFO : EventManager : Event: ======'machine_var_audits_shots_pop_bumper'====== Args={'value': 23, 'prev_value': None, 'change': True}
2025-11-28 19:10:43,264 : INFO : EventManager : Event: ======'machine_var_audits_shots_ramp'====== Args={'value': 77, 'prev_value': None, 'change': True}
2025-11-28 19:10:43,264 : INFO : EventManager : Event: ======'machine_var_audits_shots_ramp_travel_dirtmouth_to_frogotten_crossroads'====== Args={'value': 7, 'prev_value': None, 'change': True}
2025-11-28 19:10:43,264 : INFO : EventManager : Event: ======'machine_var_audits_shots_right_inlane'====== Args={'value': 14, 'prev_value': None, 'change': True}
2025-11-28 19:10:43,264 : INFO : EventManager : Event: ======'machine_var_audits_shots_right_orbit'====== Args={'value': 257, 'prev_value': None, 'change': True}
2025-11-28 19:10:43,264 : INFO : EventManager : Event: ======'machine_var_audits_shots_right_orbit_travel_dirtmouth_to_frogotten_crossroads'====== Args={'value': 38, 'prev_value': None, 'change': True}
2025-11-28 19:10:43,264 : INFO : EventManager : Event: ======'machine_var_audits_shots_right_outlane'====== Args={'value': 12, 'prev_value': None, 'change': True}
2025-11-28 19:10:43,264 : INFO : EventManager : Event: ======'machine_var_audits_shots_saucer'====== Args={'value': 31, 'prev_value': None, 'change': True}
2025-11-28 19:10:43,264 : INFO : EventManager : Event: ======'machine_var_audits_shots_saucer_dirtmouth'====== Args={'value': 16, 'prev_value': None, 'change': True}
2025-11-28 19:10:43,264 : INFO : EventManager : Event: ======'machine_var_audits_shots_top_left_slingshot'====== Args={'value': 1, 'prev_value': None, 'change': True}
2025-11-28 19:10:43,264 : INFO : EventManager : Event: ======'machine_var_audits_shots_top_right_slingshot'====== Args={'value': 6, 'prev_value': None, 'change': True}
2025-11-28 19:10:43,264 : INFO : EventManager : Event: ======'machine_var_audits_shots_vuk'====== Args={'value': 224, 'prev_value': None, 'change': True}
2025-11-28 19:10:43,264 : INFO : EventManager : Event: ======'machine_var_audits_shots_vuk_dirtmouth'====== Args={'value': 144, 'prev_value': None, 'change': True}
2025-11-28 19:10:43,264 : INFO : EventManager : Event: ======'machine_var_audits_switches_s_back_left_target'====== Args={'value': 6, 'prev_value': None, 'change': True}
2025-11-28 19:10:43,264 : INFO : EventManager : Event: ======'machine_var_audits_switches_s_back_middle_left_target'====== Args={'value': 4, 'prev_value': None, 'change': True}
2025-11-28 19:10:43,264 : INFO : EventManager : Event: ======'machine_var_audits_switches_s_back_middle_right_target'====== Args={'value': 5, 'prev_value': None, 'change': True}
2025-11-28 19:10:43,264 : INFO : EventManager : Event: ======'machine_var_audits_switches_s_back_right_target'====== Args={'value': 3, 'prev_value': None, 'change': True}
2025-11-28 19:10:43,264 : INFO : EventManager : Event: ======'machine_var_audits_switches_s_bottom_left_slingshot'====== Args={'value': 27, 'prev_value': None, 'change': True}
2025-11-28 19:10:43,264 : INFO : EventManager : Event: ======'machine_var_audits_switches_s_bottom_right_slingshot'====== Args={'value': 26, 'prev_value': None, 'change': True}
2025-11-28 19:10:43,264 : INFO : EventManager : Event: ======'machine_var_audits_switches_s_front_left_target'====== Args={'value': 6, 'prev_value': None, 'change': True}
2025-11-28 19:10:43,264 : INFO : EventManager : Event: ======'machine_var_audits_switches_s_front_middle_target'====== Args={'value': 8, 'prev_value': None, 'change': True}
2025-11-28 19:10:43,264 : INFO : EventManager : Event: ======'machine_var_audits_switches_s_front_right_target'====== Args={'value': 7, 'prev_value': None, 'change': True}
2025-11-28 19:10:43,264 : INFO : EventManager : Event: ======'machine_var_audits_switches_s_lane_to_pop'====== Args={'value': 91, 'prev_value': None, 'change': True}
2025-11-28 19:10:43,264 : INFO : EventManager : Event: ======'machine_var_audits_switches_s_left_flipper'====== Args={'value': 1, 'prev_value': None, 'change': True}
2025-11-28 19:10:43,264 : INFO : EventManager : Event: ======'machine_var_audits_switches_s_left_inlane'====== Args={'value': 8, 'prev_value': None, 'change': True}
2025-11-28 19:10:43,264 : INFO : EventManager : Event: ======'machine_var_audits_switches_s_left_orbit'====== Args={'value': 119, 'prev_value': None, 'change': True}
2025-11-28 19:10:43,264 : INFO : EventManager : Event: ======'machine_var_audits_switches_s_left_outlane'====== Args={'value': 6, 'prev_value': None, 'change': True}
2025-11-28 19:10:43,264 : INFO : EventManager : Event: ======'machine_var_audits_switches_s_plunger_lane'====== Args={'value': 303, 'prev_value': None, 'change': True}
2025-11-28 19:10:43,264 : INFO : EventManager : Event: ======'machine_var_audits_switches_s_pop_bumper'====== Args={'value': 23, 'prev_value': None, 'change': True}
2025-11-28 19:10:43,264 : INFO : EventManager : Event: ======'machine_var_audits_switches_s_ramp'====== Args={'value': 79, 'prev_value': None, 'change': True}
2025-11-28 19:10:43,264 : INFO : EventManager : Event: ======'machine_var_audits_switches_s_right_flipper'====== Args={'value': 5, 'prev_value': None, 'change': True}
2025-11-28 19:10:43,264 : INFO : EventManager : Event: ======'machine_var_audits_switches_s_right_inlane'====== Args={'value': 15, 'prev_value': None, 'change': True}
2025-11-28 19:10:43,264 : INFO : EventManager : Event: ======'machine_var_audits_switches_s_right_orbit'====== Args={'value': 291, 'prev_value': None, 'change': True}
2025-11-28 19:10:43,264 : INFO : EventManager : Event: ======'machine_var_audits_switches_s_right_outlane'====== Args={'value': 13, 'prev_value': None, 'change': True}
2025-11-28 19:10:43,264 : INFO : EventManager : Event: ======'machine_var_audits_switches_s_saucer'====== Args={'value': 38, 'prev_value': None, 'change': True}
2025-11-28 19:10:43,264 : INFO : EventManager : Event: ======'machine_var_audits_switches_s_start'====== Args={'value': 43, 'prev_value': None, 'change': True}
2025-11-28 19:10:43,264 : INFO : EventManager : Event: ======'machine_var_audits_switches_s_top_left_slingshot'====== Args={'value': 22, 'prev_value': None, 'change': True}
2025-11-28 19:10:43,264 : INFO : EventManager : Event: ======'machine_var_audits_switches_s_top_right_slingshot'====== Args={'value': 25, 'prev_value': None, 'change': True}
2025-11-28 19:10:43,264 : INFO : EventManager : Event: ======'machine_var_audits_switches_s_trough_1'====== Args={'value': 68, 'prev_value': None, 'change': True}
2025-11-28 19:10:43,264 : INFO : EventManager : Event: ======'machine_var_audits_switches_s_trough_2'====== Args={'value': 9, 'prev_value': None, 'change': True}
2025-11-28 19:10:43,264 : INFO : EventManager : Event: ======'machine_var_audits_switches_s_trough_3'====== Args={'value': 52, 'prev_value': None, 'change': True}
2025-11-28 19:10:43,264 : INFO : EventManager : Event: ======'machine_var_audits_switches_s_vuk'====== Args={'value': 244, 'prev_value': None, 'change': True}
2025-11-28 19:10:43,265 : INFO : EventManager : Event: ======'init_phase_5'====== Args={}
2025-11-28 19:10:43,265 : INFO : EventManager : Event: ======'init_done'====== Args={}
2025-11-28 19:10:43,265 : INFO : EventManager : Event: ======'machine_reset_phase_1'====== Args={}
2025-11-28 19:10:43,269 : INFO : EventManager : Event: ======'machine_reset_phase_2'====== Args={}
2025-11-28 19:10:43,269 : INFO : EventManager : Event: ======'machine_reset_phase_3'====== Args={}
2025-11-28 19:10:43,269 : INFO : EventManager : Event: ======'reset_complete'====== Args={}
2025-11-28 19:10:43,269 : INFO : EventManager : Event: ======'mode_attract_will_start'====== Args={}
2025-11-28 19:10:43,269 : INFO : Timer.attract_carousel_timer : Starting Timer.
2025-11-28 19:10:43,269 : INFO : EventManager : Event: ======'timer_attract_carousel_timer_started'====== Args={'ticks': 0, 'ticks_remaining': 1}
2025-11-28 19:10:43,269 : INFO : EventManager : Event: ======'timer_attract_carousel_timer_tick'====== Args={'ticks': 0, 'ticks_remaining': 1}
2025-11-28 19:10:43,270 : INFO : EventManager : Event: ======'mode_attract_starting'====== Args={}
2025-11-28 19:10:43,270 : INFO : Mode.attract : Started. Priority: 10
2025-11-28 19:10:43,270 : INFO : EventManager : Event: ======'modes_active_modes_changed'====== Args={}
2025-11-28 19:10:43,270 : INFO : EventManager : Event: ======'mode_attract_started'====== Args={}
2025-11-28 19:10:43,270 : INFO : EventManager : Event: ======'collecting_balls_complete'====== Args={}
2025-11-28 19:10:43,270 : INFO : EventManager : Event: ======'carousel_item_highlighted'====== Args={'carousel': 'attract', 'direction': None, 'item': 'title'}
2025-11-28 19:10:43,270 : INFO : Machine : Starting the main run loop with active modes: [<Mode.attract>]
2025-11-28 19:10:43,460 : INFO : EventManager : Event: ======'slide_attract_created'====== Args={'_from_bcp': True}
2025-11-28 19:10:43,461 : INFO : EventManager : Event: ======'slide__removed'====== Args={'_from_bcp': True}
2025-11-28 19:10:43,461 : INFO : EventManager : Event: ======'slide_attract_active'====== Args={'original_context': 'attract', 'original_calling_context': 'mode_attract_started', 'priority': 10.0, 'cmd': 'slides_play', '_from_bcp': True}
2025-11-28 19:10:44,885 : INFO : SwitchController : <<<<<<< 's_right_flipper' active >>>>>>>
2025-11-28 19:10:44,886 : INFO : EventManager : Event: ======'s_right_flipper_active'====== Args={}
2025-11-28 19:10:44,886 : INFO : EventManager : Event: ======'carousel_item_highlighted'====== Args={'carousel': 'attract', 'direction': 'forwards', 'item': 'map'}
2025-11-28 19:10:44,986 : INFO : SwitchController : <<<<<<< 's_right_flipper' inactive >>>>>>>
2025-11-28 19:10:45,152 : INFO : SwitchController : <<<<<<< 's_right_flipper' active >>>>>>>
2025-11-28 19:10:45,153 : INFO : EventManager : Event: ======'s_right_flipper_active'====== Args={}
2025-11-28 19:10:45,153 : INFO : EventManager : Event: ======'carousel_item_highlighted'====== Args={'carousel': 'attract', 'direction': 'forwards', 'item': 'credits'}
2025-11-28 19:10:45,270 : INFO : SwitchController : <<<<<<< 's_right_flipper' inactive >>>>>>>
2025-11-28 19:10:45,403 : INFO : SwitchController : <<<<<<< 's_right_flipper' active >>>>>>>
2025-11-28 19:10:45,403 : INFO : EventManager : Event: ======'s_right_flipper_active'====== Args={}
2025-11-28 19:10:45,404 : INFO : EventManager : Event: ======'carousel_item_highlighted'====== Args={'carousel': 'attract', 'direction': 'forwards', 'item': 'mpf_and_cobrapin_logo'}
2025-11-28 19:10:45,487 : INFO : SwitchController : <<<<<<< 's_right_flipper' inactive >>>>>>>
2025-11-28 19:10:45,636 : INFO : SwitchController : <<<<<<< 's_right_flipper' active >>>>>>>
2025-11-28 19:10:45,637 : INFO : EventManager : Event: ======'s_right_flipper_active'====== Args={}
2025-11-28 19:10:45,637 : INFO : EventManager : Event: ======'carousel_item_highlighted'====== Args={'carousel': 'attract', 'direction': 'forwards', 'item': 'team_cherry'}
2025-11-28 19:10:45,720 : INFO : SwitchController : <<<<<<< 's_right_flipper' inactive >>>>>>>
2025-11-28 19:10:45,869 : INFO : SwitchController : <<<<<<< 's_right_flipper' active >>>>>>>
2025-11-28 19:10:45,870 : INFO : EventManager : Event: ======'s_right_flipper_active'====== Args={}
2025-11-28 19:10:45,870 : INFO : EventManager : Event: ======'carousel_item_highlighted'====== Args={'carousel': 'attract', 'direction': 'forwards', 'item': 'last_scores_1p'}
2025-11-28 19:10:46,003 : INFO : SwitchController : <<<<<<< 's_right_flipper' inactive >>>>>>>
2025-11-28 19:10:46,286 : INFO : SwitchController : <<<<<<< 's_right_flipper' active >>>>>>>
2025-11-28 19:10:46,287 : INFO : EventManager : Event: ======'s_right_flipper_active'====== Args={}
2025-11-28 19:10:46,287 : INFO : EventManager : Event: ======'carousel_item_highlighted'====== Args={'carousel': 'attract', 'direction': 'forwards', 'item': 'tutorial_slash'}
2025-11-28 19:10:46,353 : INFO : SwitchController : <<<<<<< 's_right_flipper' inactive >>>>>>>
2025-11-28 19:10:49,515 : INFO : SwitchController : <<<<<<< 's_right_flipper' active >>>>>>>
2025-11-28 19:10:49,515 : INFO : EventManager : Event: ======'s_right_flipper_active'====== Args={}
2025-11-28 19:10:49,516 : INFO : EventManager : Event: ======'carousel_item_highlighted'====== Args={'carousel': 'attract', 'direction': 'forwards', 'item': 'tutorial_damage'}
2025-11-28 19:10:49,682 : INFO : SwitchController : <<<<<<< 's_right_flipper' inactive >>>>>>>
2025-11-28 19:10:50,764 : INFO : Timer.attract_carousel_timer : Timer Complete
2025-11-28 19:10:50,764 : INFO : Timer.attract_carousel_timer : Stopping Timer
2025-11-28 19:10:50,764 : INFO : EventManager : Event: ======'timer_attract_carousel_timer_stopped'====== Args={'ticks': 1, 'ticks_remaining': 1}
2025-11-28 19:10:50,764 : INFO : EventManager : Event: ======'timer_attract_carousel_timer_complete'====== Args={'ticks': 1, 'ticks_remaining': 1}
2025-11-28 19:10:50,765 : INFO : EventManager : Event: ======'carousel_item_highlighted'====== Args={'carousel': 'attract', 'direction': 'forwards', 'item': 'tutorial_dodge'}
2025-11-28 19:10:50,765 : INFO : Timer.attract_carousel_timer : Starting Timer.
2025-11-28 19:10:50,765 : INFO : EventManager : Event: ======'timer_attract_carousel_timer_started'====== Args={'ticks': 0, 'ticks_remaining': 1}
2025-11-28 19:10:50,765 : INFO : EventManager : Event: ======'timer_attract_carousel_timer_tick'====== Args={'ticks': 0, 'ticks_remaining': 1}
2025-11-28 19:10:51,560 : INFO : SwitchController : <<<<<<< 's_left_flipper' active >>>>>>>
2025-11-28 19:10:51,560 : INFO : EventManager : Event: ======'s_left_flipper_active'====== Args={}
2025-11-28 19:10:51,561 : INFO : EventManager : Event: ======'carousel_item_highlighted'====== Args={'carousel': 'attract', 'direction': 'backwards', 'item': 'tutorial_damage'}
2025-11-28 19:10:51,677 : INFO : SwitchController : <<<<<<< 's_left_flipper' inactive >>>>>>>
2025-11-28 19:10:54,255 : INFO : SwitchController : <<<<<<< 's_right_flipper' active >>>>>>>
2025-11-28 19:10:54,256 : INFO : EventManager : Event: ======'s_right_flipper_active'====== Args={}
2025-11-28 19:10:54,256 : INFO : EventManager : Event: ======'carousel_item_highlighted'====== Args={'carousel': 'attract', 'direction': 'forwards', 'item': 'tutorial_dodge'}
2025-11-28 19:10:54,422 : INFO : SwitchController : <<<<<<< 's_right_flipper' inactive >>>>>>>
2025-11-28 19:10:58,249 : INFO : SwitchController : <<<<<<< 's_right_flipper' active >>>>>>>
2025-11-28 19:10:58,249 : INFO : EventManager : Event: ======'s_right_flipper_active'====== Args={}
2025-11-28 19:10:58,250 : INFO : EventManager : Event: ======'carousel_item_highlighted'====== Args={'carousel': 'attract', 'direction': 'forwards', 'item': 'tutorial_heal'}
2025-11-28 19:10:58,252 : INFO : Timer.attract_carousel_timer : Timer Complete
2025-11-28 19:10:58,252 : INFO : Timer.attract_carousel_timer : Stopping Timer
2025-11-28 19:10:58,253 : INFO : EventManager : Event: ======'timer_attract_carousel_timer_stopped'====== Args={'ticks': 1, 'ticks_remaining': 1}
2025-11-28 19:10:58,253 : INFO : EventManager : Event: ======'timer_attract_carousel_timer_complete'====== Args={'ticks': 1, 'ticks_remaining': 1}
2025-11-28 19:10:58,253 : INFO : EventManager : Event: ======'carousel_item_highlighted'====== Args={'carousel': 'attract', 'direction': 'forwards', 'item': 'title'}
2025-11-28 19:10:58,253 : INFO : Timer.attract_carousel_timer : Starting Timer.
2025-11-28 19:10:58,253 : INFO : EventManager : Event: ======'timer_attract_carousel_timer_started'====== Args={'ticks': 0, 'ticks_remaining': 1}
2025-11-28 19:10:58,253 : INFO : EventManager : Event: ======'timer_attract_carousel_timer_tick'====== Args={'ticks': 0, 'ticks_remaining': 1}
2025-11-28 19:10:58,416 : INFO : SwitchController : <<<<<<< 's_right_flipper' inactive >>>>>>>
2025-11-28 19:10:59,231 : INFO : SwitchController : <<<<<<< 's_left_flipper' active >>>>>>>
2025-11-28 19:10:59,232 : INFO : EventManager : Event: ======'s_left_flipper_active'====== Args={}
2025-11-28 19:10:59,232 : INFO : EventManager : Event: ======'carousel_item_highlighted'====== Args={'carousel': 'attract', 'direction': 'backwards', 'item': 'tutorial_heal'}
2025-11-28 19:10:59,348 : INFO : SwitchController : <<<<<<< 's_left_flipper' inactive >>>>>>>
2025-11-28 19:11:04,659 : INFO : SwitchController : <<<<<<< 's_left_flipper' active >>>>>>>
2025-11-28 19:11:04,659 : INFO : EventManager : Event: ======'s_left_flipper_active'====== Args={}
2025-11-28 19:11:04,660 : INFO : EventManager : Event: ======'carousel_item_highlighted'====== Args={'carousel': 'attract', 'direction': 'backwards', 'item': 'tutorial_dodge'}
2025-11-28 19:11:04,809 : INFO : SwitchController : <<<<<<< 's_left_flipper' inactive >>>>>>>
2025-11-28 19:11:05,025 : INFO : SwitchController : <<<<<<< 's_left_flipper' active >>>>>>>
2025-11-28 19:11:05,025 : INFO : EventManager : Event: ======'s_left_flipper_active'====== Args={}
2025-11-28 19:11:05,026 : INFO : EventManager : Event: ======'carousel_item_highlighted'====== Args={'carousel': 'attract', 'direction': 'backwards', 'item': 'tutorial_damage'}
2025-11-28 19:11:05,125 : INFO : SwitchController : <<<<<<< 's_left_flipper' inactive >>>>>>>
2025-11-28 19:11:05,275 : INFO : SwitchController : <<<<<<< 's_left_flipper' active >>>>>>>
2025-11-28 19:11:05,275 : INFO : EventManager : Event: ======'s_left_flipper_active'====== Args={}
2025-11-28 19:11:05,276 : INFO : EventManager : Event: ======'carousel_item_highlighted'====== Args={'carousel': 'attract', 'direction': 'backwards', 'item': 'tutorial_slash'}
2025-11-28 19:11:05,342 : INFO : SwitchController : <<<<<<< 's_left_flipper' inactive >>>>>>>
2025-11-28 19:11:05,747 : INFO : Timer.attract_carousel_timer : Timer Complete
2025-11-28 19:11:05,747 : INFO : Timer.attract_carousel_timer : Stopping Timer
2025-11-28 19:11:05,747 : INFO : EventManager : Event: ======'timer_attract_carousel_timer_stopped'====== Args={'ticks': 1, 'ticks_remaining': 1}
2025-11-28 19:11:05,747 : INFO : EventManager : Event: ======'timer_attract_carousel_timer_complete'====== Args={'ticks': 1, 'ticks_remaining': 1}
2025-11-28 19:11:05,748 : INFO : EventManager : Event: ======'carousel_item_highlighted'====== Args={'carousel': 'attract', 'direction': 'forwards', 'item': 'tutorial_damage'}
2025-11-28 19:11:05,748 : INFO : Timer.attract_carousel_timer : Starting Timer.
2025-11-28 19:11:05,748 : INFO : EventManager : Event: ======'timer_attract_carousel_timer_started'====== Args={'ticks': 0, 'ticks_remaining': 1}
2025-11-28 19:11:05,748 : INFO : EventManager : Event: ======'timer_attract_carousel_timer_tick'====== Args={'ticks': 0, 'ticks_remaining': 1}
2025-11-28 19:11:06,424 : INFO : SwitchController : <<<<<<< 's_right_flipper' active >>>>>>>
2025-11-28 19:11:06,424 : INFO : EventManager : Event: ======'s_right_flipper_active'====== Args={}
2025-11-28 19:11:06,425 : INFO : EventManager : Event: ======'carousel_item_highlighted'====== Args={'carousel': 'attract', 'direction': 'forwards', 'item': 'tutorial_dodge'}
2025-11-28 19:11:06,557 : INFO : SwitchController : <<<<<<< 's_right_flipper' inactive >>>>>>>
2025-11-28 19:11:08,306 : INFO : SwitchController : <<<<<<< 's_right_flipper' active >>>>>>>
2025-11-28 19:11:08,306 : INFO : EventManager : Event: ======'s_right_flipper_active'====== Args={}
2025-11-28 19:11:08,307 : INFO : EventManager : Event: ======'carousel_item_highlighted'====== Args={'carousel': 'attract', 'direction': 'forwards', 'item': 'tutorial_heal'}
2025-11-28 19:11:08,472 : INFO : SwitchController : <<<<<<< 's_right_flipper' inactive >>>>>>>
2025-11-28 19:11:09,189 : INFO : SwitchController : <<<<<<< 's_left_flipper' active >>>>>>>
2025-11-28 19:11:09,190 : INFO : EventManager : Event: ======'s_left_flipper_active'====== Args={}
2025-11-28 19:11:09,192 : INFO : EventManager : Event: ======'carousel_item_highlighted'====== Args={'carousel': 'attract', 'direction': 'backwards', 'item': 'tutorial_dodge'}
2025-11-28 19:11:09,306 : INFO : SwitchController : <<<<<<< 's_left_flipper' inactive >>>>>>>
2025-11-28 19:11:09,505 : INFO : SwitchController : <<<<<<< 's_left_flipper' active >>>>>>>
2025-11-28 19:11:09,506 : INFO : EventManager : Event: ======'s_left_flipper_active'====== Args={}
2025-11-28 19:11:09,506 : INFO : EventManager : Event: ======'carousel_item_highlighted'====== Args={'carousel': 'attract', 'direction': 'backwards', 'item': 'tutorial_damage'}
2025-11-28 19:11:09,605 : INFO : SwitchController : <<<<<<< 's_left_flipper' inactive >>>>>>>
2025-11-28 19:11:10,271 : INFO : SwitchController : <<<<<<< 's_left_flipper' active >>>>>>>
2025-11-28 19:11:10,272 : INFO : EventManager : Event: ======'s_left_flipper_active'====== Args={}
2025-11-28 19:11:10,272 : INFO : EventManager : Event: ======'carousel_item_highlighted'====== Args={'carousel': 'attract', 'direction': 'backwards', 'item': 'tutorial_slash'}
2025-11-28 19:11:10,371 : INFO : SwitchController : <<<<<<< 's_left_flipper' inactive >>>>>>>
2025-11-28 19:11:10,804 : INFO : SwitchController : <<<<<<< 's_right_flipper' active >>>>>>>
2025-11-28 19:11:10,804 : INFO : EventManager : Event: ======'s_right_flipper_active'====== Args={}
2025-11-28 19:11:10,805 : INFO : EventManager : Event: ======'carousel_item_highlighted'====== Args={'carousel': 'attract', 'direction': 'forwards', 'item': 'tutorial_damage'}
2025-11-28 19:11:10,937 : INFO : SwitchController : <<<<<<< 's_right_flipper' inactive >>>>>>>
2025-11-28 19:11:11,205 : INFO : SwitchController : <<<<<<< 's_left_flipper' active >>>>>>>
2025-11-28 19:11:11,205 : INFO : EventManager : Event: ======'s_left_flipper_active'====== Args={}
2025-11-28 19:11:11,206 : INFO : EventManager : Event: ======'carousel_item_highlighted'====== Args={'carousel': 'attract', 'direction': 'backwards', 'item': 'tutorial_slash'}
2025-11-28 19:11:11,337 : INFO : SwitchController : <<<<<<< 's_left_flipper' inactive >>>>>>>
2025-11-28 19:11:11,854 : INFO : SwitchController : <<<<<<< 's_right_flipper' active >>>>>>>
2025-11-28 19:11:11,854 : INFO : EventManager : Event: ======'s_right_flipper_active'====== Args={}
2025-11-28 19:11:11,855 : INFO : EventManager : Event: ======'carousel_item_highlighted'====== Args={'carousel': 'attract', 'direction': 'forwards', 'item': 'tutorial_damage'}
2025-11-28 19:11:11,970 : INFO : SwitchController : <<<<<<< 's_right_flipper' inactive >>>>>>>
2025-11-28 19:11:12,586 : INFO : SwitchController : <<<<<<< 's_left_flipper' active >>>>>>>
2025-11-28 19:11:12,586 : INFO : EventManager : Event: ======'s_left_flipper_active'====== Args={}
2025-11-28 19:11:12,587 : INFO : EventManager : Event: ======'carousel_item_highlighted'====== Args={'carousel': 'attract', 'direction': 'backwards', 'item': 'tutorial_slash'}
2025-11-28 19:11:12,703 : INFO : SwitchController : <<<<<<< 's_left_flipper' inactive >>>>>>>
2025-11-28 19:11:13,244 : INFO : Timer.attract_carousel_timer : Timer Complete
2025-11-28 19:11:13,245 : INFO : Timer.attract_carousel_timer : Stopping Timer
2025-11-28 19:11:13,245 : INFO : EventManager : Event: ======'timer_attract_carousel_timer_stopped'====== Args={'ticks': 1, 'ticks_remaining': 1}
2025-11-28 19:11:13,245 : INFO : EventManager : Event: ======'timer_attract_carousel_timer_complete'====== Args={'ticks': 1, 'ticks_remaining': 1}
2025-11-28 19:11:13,245 : INFO : EventManager : Event: ======'carousel_item_highlighted'====== Args={'carousel': 'attract', 'direction': 'forwards', 'item': 'tutorial_damage'}
2025-11-28 19:11:13,246 : INFO : Timer.attract_carousel_timer : Starting Timer.
2025-11-28 19:11:13,246 : INFO : EventManager : Event: ======'timer_attract_carousel_timer_started'====== Args={'ticks': 0, 'ticks_remaining': 1}
2025-11-28 19:11:13,246 : INFO : EventManager : Event: ======'timer_attract_carousel_timer_tick'====== Args={'ticks': 0, 'ticks_remaining': 1}
2025-11-28 19:11:13,886 : INFO : SwitchController : <<<<<<< 's_left_flipper' active >>>>>>>
2025-11-28 19:11:13,886 : INFO : EventManager : Event: ======'s_left_flipper_active'====== Args={}
2025-11-28 19:11:13,887 : INFO : EventManager : Event: ======'carousel_item_highlighted'====== Args={'carousel': 'attract', 'direction': 'backwards', 'item': 'tutorial_slash'}
2025-11-28 19:11:14,052 : INFO : SwitchController : <<<<<<< 's_left_flipper' inactive >>>>>>>
2025-11-28 19:11:16,784 : INFO : SwitchController : <<<<<<< 's_right_flipper' active >>>>>>>
2025-11-28 19:11:16,785 : INFO : EventManager : Event: ======'s_right_flipper_active'====== Args={}
2025-11-28 19:11:16,785 : INFO : EventManager : Event: ======'carousel_item_highlighted'====== Args={'carousel': 'attract', 'direction': 'forwards', 'item': 'tutorial_damage'}
2025-11-28 19:11:16,918 : INFO : SwitchController : <<<<<<< 's_right_flipper' inactive >>>>>>>
2025-11-28 19:11:20,744 : INFO : Timer.attract_carousel_timer : Timer Complete
2025-11-28 19:11:20,744 : INFO : Timer.attract_carousel_timer : Stopping Timer
2025-11-28 19:11:20,744 : INFO : EventManager : Event: ======'timer_attract_carousel_timer_stopped'====== Args={'ticks': 1, 'ticks_remaining': 1}
2025-11-28 19:11:20,745 : INFO : EventManager : Event: ======'timer_attract_carousel_timer_complete'====== Args={'ticks': 1, 'ticks_remaining': 1}
2025-11-28 19:11:20,745 : INFO : EventManager : Event: ======'carousel_item_highlighted'====== Args={'carousel': 'attract', 'direction': 'forwards', 'item': 'tutorial_dodge'}
2025-11-28 19:11:20,745 : INFO : Timer.attract_carousel_timer : Starting Timer.
2025-11-28 19:11:20,745 : INFO : EventManager : Event: ======'timer_attract_carousel_timer_started'====== Args={'ticks': 0, 'ticks_remaining': 1}
2025-11-28 19:11:20,745 : INFO : EventManager : Event: ======'timer_attract_carousel_timer_tick'====== Args={'ticks': 0, 'ticks_remaining': 1}
2025-11-28 19:11:21,810 : INFO : Machine : Shutting down...
2025-11-28 19:11:21,811 : INFO : EventManager : Event: ======'shutdown'====== Args={}
2025-11-28 19:11:21,816 : INFO : root : MPF run loop ended.
