2025-11-29 10:21:17,265 : INFO : root : Loading config.
2025-11-29 10:21:17,266 : INFO : YamlMultifileConfigLoader : Machine config file #1: config.yaml
2025-11-29 10:21:17,266 : INFO : ConfigProcessor : Loading config from cache: /var/folders/k0/j_dpx55x4kndbs36pl2nt9l00000gn/T/92f7f295141fbdde09e201e7fd0f1349.mpf_cache
2025-11-29 10:21:17,290 : INFO : ConfigProcessor : Loading config from cache: /var/folders/k0/j_dpx55x4kndbs36pl2nt9l00000gn/T/7b77bdcd1da4c54cc720d492bab55a0d.mpf_cache
2025-11-29 10:21:17,290 : INFO : ConfigProcessor : Loading config from cache: /var/folders/k0/j_dpx55x4kndbs36pl2nt9l00000gn/T/501e18c1625d42f1ba9bf53b020c49c5.mpf_cache
2025-11-29 10:21:17,290 : INFO : ConfigProcessor : Loading config from cache: /var/folders/k0/j_dpx55x4kndbs36pl2nt9l00000gn/T/7b77bdcd1da4c54cc720d492bab55a0d.mpf_cache
2025-11-29 10:21:17,290 : INFO : ConfigProcessor : Loading config from cache: /var/folders/k0/j_dpx55x4kndbs36pl2nt9l00000gn/T/dda6f4da00898f9f0a4796a41d9a2ef0.mpf_cache
2025-11-29 10:21:17,291 : INFO : ConfigProcessor : Loading config from cache: /var/folders/k0/j_dpx55x4kndbs36pl2nt9l00000gn/T/522fc819f659907ecbd91e12554f307a.mpf_cache
2025-11-29 10:21:17,291 : INFO : ConfigProcessor : Loading config from cache: /var/folders/k0/j_dpx55x4kndbs36pl2nt9l00000gn/T/05e9cee2d62266bbcd3eb3df28f11ba0.mpf_cache
2025-11-29 10:21:17,291 : INFO : ConfigProcessor : Loading config from cache: /var/folders/k0/j_dpx55x4kndbs36pl2nt9l00000gn/T/a751b7622f38b4d73d2da25b66d734b1.mpf_cache
2025-11-29 10:21:17,292 : INFO : ConfigProcessor : Loading config from cache: /var/folders/k0/j_dpx55x4kndbs36pl2nt9l00000gn/T/515d12d22bfc89771946156b9f4733e7.mpf_cache
2025-11-29 10:21:17,292 : INFO : ConfigProcessor : Loading config from cache: /var/folders/k0/j_dpx55x4kndbs36pl2nt9l00000gn/T/3db5df4db04e3e0d951f803bb6fa84e6.mpf_cache
2025-11-29 10:21:17,293 : INFO : ConfigProcessor : Loading config from cache: /var/folders/k0/j_dpx55x4kndbs36pl2nt9l00000gn/T/3572cafb19834c572118c1dfbec55588.mpf_cache
2025-11-29 10:21:17,293 : INFO : ConfigProcessor : Loading config from cache: /var/folders/k0/j_dpx55x4kndbs36pl2nt9l00000gn/T/39b20d9bce0c2f44f75a85f57a0d45f4.mpf_cache
2025-11-29 10:21:17,293 : INFO : ConfigProcessor : Loading config from cache: /var/folders/k0/j_dpx55x4kndbs36pl2nt9l00000gn/T/189edcb2679eb1788c8ca3be3e29f2f1.mpf_cache
2025-11-29 10:21:17,294 : INFO : ConfigProcessor : Loading config from cache: /var/folders/k0/j_dpx55x4kndbs36pl2nt9l00000gn/T/f00019ffccce993d2850c9d82b9dc44e.mpf_cache
2025-11-29 10:21:17,294 : INFO : ConfigProcessor : Loading config from cache: /var/folders/k0/j_dpx55x4kndbs36pl2nt9l00000gn/T/14560612c17bb039b05632d29f192033.mpf_cache
2025-11-29 10:21:17,295 : INFO : ConfigProcessor : Loading config from cache: /var/folders/k0/j_dpx55x4kndbs36pl2nt9l00000gn/T/1b88d79160cc8850354d058f9a270569.mpf_cache
2025-11-29 10:21:17,295 : INFO : ConfigProcessor : Loading config from cache: /var/folders/k0/j_dpx55x4kndbs36pl2nt9l00000gn/T/db143814423fb474166c86cac053d40c.mpf_cache
2025-11-29 10:21:17,295 : INFO : ConfigProcessor : Loading config from cache: /var/folders/k0/j_dpx55x4kndbs36pl2nt9l00000gn/T/77ecd758607ea296c19f456a8642983d.mpf_cache
2025-11-29 10:21:17,295 : INFO : ConfigProcessor : Loading config from cache: /var/folders/k0/j_dpx55x4kndbs36pl2nt9l00000gn/T/7c3641fae2b7003d26f031771405f733.mpf_cache
2025-11-29 10:21:17,295 : WARNING : ConfigProcessor : Config file in cache changed: /Users/samhughes/Desktop/Hollow-Knight-Pinball/modes/carousel_mode_select/config/carousel_mode_select.yaml
2025-11-29 10:21:17,295 : INFO : ConfigProcessor : Loading config from file /Users/samhughes/Desktop/Hollow-Knight-Pinball/modes/carousel_mode_select/config/carousel_mode_select.yaml.
2025-11-29 10:21:17,297 : INFO : ConfigProcessor : Loading config: /Users/samhughes/Desktop/Hollow-Knight-Pinball/modes/carousel_mode_select/config/carousel_mode_select.yaml
2025-11-29 10:21:17,297 : INFO : ConfigProcessor : Config file cache created: /var/folders/k0/j_dpx55x4kndbs36pl2nt9l00000gn/T/fb7f263f29c0f8af46e6dfce6099ce86.mpf_cache
2025-11-29 10:21:17,297 : INFO : Machine : Mission Pinball Framework Core Engine v0.80.0.dev11
2025-11-29 10:21:17,297 : INFO : Machine : Command line arguments: {'no_load_cache': False, 'create_config_cache': True, 'bcp': True, 'configfile': ['config.yaml'], 'force_assets_load': False, 'platform_integration_test': False, 'jsonlogging': False, 'logfile': 'logs/2025-11-29-10-21-17-mpf-Sams-MacBook-Air-2.local.log', 'pause': False, 'production': False, 'text_ui': True, 'loglevel': 15, 'consoleloglevel': 20, 'force_platform': 'smart_virtual', 'syslog_address': None, 'full_logfile_path': '/Users/samhughes/Desktop/Hollow-Knight-Pinball/logs/2025-11-29-10-21-17-mpf-Sams-MacBook-Air-2.local.log'}
2025-11-29 10:21:17,297 : INFO : Machine : MPF path: /Users/samhughes/mpf/lib/python3.13/site-packages/mpf
2025-11-29 10:21:17,297 : INFO : Machine : Machine path: /Users/samhughes/Desktop/Hollow-Knight-Pinball
2025-11-29 10:21:17,297 : INFO : Machine : Platform: darwin
2025-11-29 10:21:17,297 : INFO : Machine : Python executable location: /Users/samhughes/mpf/bin/python3.13
2025-11-29 10:21:17,297 : INFO : Machine : Python version: 3.13.2 (64-bit)
2025-11-29 10:21:17,298 : INFO : Machine : Initializing MPF...
2025-11-29 10:21:17,323 : INFO : EventManager : Event: ======'machine_var_credits_string'====== Args={'value': 'FREE PLAY', 'prev_value': None, 'change': True}
2025-11-29 10:21:17,327 : INFO : EventManager : Event: ======'machine_var_master_volume'====== Args={'value': 0.5, 'prev_value': None, 'change': True}
2025-11-29 10:21:17,327 : INFO : EventManager : Event: ======'machine_var_player1_score'====== Args={'value': 81940, 'prev_value': None, 'change': True}
2025-11-29 10:21:17,327 : INFO : EventManager : Event: ======'machine_var_mpf_version'====== Args={'value': 'Mission Pinball Framework v0.80.0.dev11', 'prev_value': None, 'change': True}
2025-11-29 10:21:17,327 : INFO : EventManager : Event: ======'machine_var_mpf_extended_version'====== Args={'value': 'Mission Pinball Framework v0.80.0.dev11, Config version:6, Show version: 6, BCP version:1.1', 'prev_value': None, 'change': True}
2025-11-29 10:21:17,328 : INFO : EventManager : Event: ======'machine_var_python_version'====== Args={'value': '3.13.2', 'prev_value': None, 'change': True}
2025-11-29 10:21:17,333 : INFO : EventManager : Event: ======'machine_var_platform'====== Args={'value': 'macOS-15.6.1-arm64-arm-64bit-Mach-O', 'prev_value': None, 'change': True}
2025-11-29 10:21:17,333 : INFO : EventManager : Event: ======'machine_var_platform_system'====== Args={'value': 'Darwin', 'prev_value': None, 'change': True}
2025-11-29 10:21:17,333 : INFO : EventManager : Event: ======'machine_var_platform_release'====== Args={'value': '24.6.0', 'prev_value': None, 'change': True}
2025-11-29 10:21:17,333 : INFO : EventManager : Event: ======'machine_var_platform_version'====== Args={'value': 'Darwin Kernel Version 24.6.0: Mon Jul 14 11:29:54 PDT 2025; root:xnu-11417.140.69~1/RELEASE_ARM64_T8122', 'prev_value': None, 'change': True}
2025-11-29 10:21:17,333 : INFO : EventManager : Event: ======'machine_var_platform_machine'====== Args={'value': 'arm64', 'prev_value': None, 'change': True}
2025-11-29 10:21:17,333 : INFO : EventManager : Event: ======'machine_var_log_file_path'====== Args={'value': '/Users/samhughes/Desktop/Hollow-Knight-Pinball/logs/2025-11-29-10-21-17-mpf-Sams-MacBook-Air-2.local.log', 'prev_value': None, 'change': True}
2025-11-29 10:21:17,333 : INFO : EventManager : Event: ======'init_phase_1'====== Args={}
2025-11-29 10:21:17,341 : INFO : EventManager : Event: ======'init_phase_2'====== Args={}
2025-11-29 10:21:17,341 : INFO : SwitchController : Found active switch: (1002, <Platform.SmartVirtual>) <switch.s_trough_1>
2025-11-29 10:21:17,341 : INFO : SwitchController : Found active switch: (1003, <Platform.SmartVirtual>) <switch.s_trough_2>
2025-11-29 10:21:17,341 : INFO : SwitchController : Found active switch: (1004, <Platform.SmartVirtual>) <switch.s_trough_3>
2025-11-29 10:21:17,342 : INFO : EventManager : Event: ======'bcp_connection_attempt'====== Args={'name': 'local_display', 'host': 'localhost', 'port': 5050}
2025-11-29 10:21:17,343 : INFO : BCPClientSocket : Connecting BCP to 'local_display' at localhost:5050...
2025-11-29 10:21:20,350 : INFO : BCPClientSocket : Connected BCP to 'local_display' localhost:5050
2025-11-29 10:21:20,351 : INFO : EventManager : Event: ======'bcp_clients_connected'====== Args={}
2025-11-29 10:21:20,353 : INFO : ball_device.bd_trough : BCH: Initial count: 3
2025-11-29 10:21:20,354 : INFO : ball_device.bd_trough : State: idle
2025-11-29 10:21:20,355 : INFO : ball_device.bd_plunger : BCH: Initial count: 0
2025-11-29 10:21:20,355 : INFO : ball_device.bd_plunger : State: idle
2025-11-29 10:21:20,375 : INFO : EventManager : Event: ======'init_phase_3'====== Args={}
2025-11-29 10:21:20,377 : INFO : EventManager : Event: ======'init_phase_4'====== Args={}
2025-11-29 10:21:20,377 : INFO : BallController : Initial balls found: 3
2025-11-29 10:21:20,378 : INFO : EventManager : Event: ======'machine_var_audits_events_game_ended'====== Args={'value': 6, 'prev_value': None, 'change': True}
2025-11-29 10:21:20,378 : INFO : EventManager : Event: ======'machine_var_audits_events_game_started'====== Args={'value': 131, 'prev_value': None, 'change': True}
2025-11-29 10:21:20,378 : INFO : EventManager : Event: ======'machine_var_audits_missing_switches_s_back_left_target'====== Args={'value': 3, 'prev_value': None, 'change': True}
2025-11-29 10:21:20,378 : INFO : EventManager : Event: ======'machine_var_audits_missing_switches_s_back_middle_left_target'====== Args={'value': 93, 'prev_value': None, 'change': True}
2025-11-29 10:21:20,378 : INFO : EventManager : Event: ======'machine_var_audits_missing_switches_s_back_middle_right_target'====== Args={'value': 92, 'prev_value': None, 'change': True}
2025-11-29 10:21:20,378 : INFO : EventManager : Event: ======'machine_var_audits_missing_switches_s_back_right_target'====== Args={'value': 93, 'prev_value': None, 'change': True}
2025-11-29 10:21:20,378 : INFO : EventManager : Event: ======'machine_var_audits_missing_switches_s_bottom_left_slingshot'====== Args={'value': 88, 'prev_value': None, 'change': True}
2025-11-29 10:21:20,378 : INFO : EventManager : Event: ======'machine_var_audits_missing_switches_s_bottom_right_slingshot'====== Args={'value': 90, 'prev_value': None, 'change': True}
2025-11-29 10:21:20,378 : INFO : EventManager : Event: ======'machine_var_audits_missing_switches_s_front_left_target'====== Args={'value': 100, 'prev_value': None, 'change': True}
2025-11-29 10:21:20,378 : INFO : EventManager : Event: ======'machine_var_audits_missing_switches_s_front_middle_target'====== Args={'value': 3, 'prev_value': None, 'change': True}
2025-11-29 10:21:20,378 : INFO : EventManager : Event: ======'machine_var_audits_missing_switches_s_front_right_target'====== Args={'value': 100, 'prev_value': None, 'change': True}
2025-11-29 10:21:20,378 : INFO : EventManager : Event: ======'machine_var_audits_missing_switches_s_lane_to_pop'====== Args={'value': 30, 'prev_value': None, 'change': True}
2025-11-29 10:21:20,378 : INFO : EventManager : Event: ======'machine_var_audits_missing_switches_s_left_inlane'====== Args={'value': 88, 'prev_value': None, 'change': True}
2025-11-29 10:21:20,378 : INFO : EventManager : Event: ======'machine_var_audits_missing_switches_s_left_orbit'====== Args={'value': 3, 'prev_value': None, 'change': True}
2025-11-29 10:21:20,378 : INFO : EventManager : Event: ======'machine_var_audits_missing_switches_s_left_outlane'====== Args={'value': 100, 'prev_value': None, 'change': True}
2025-11-29 10:21:20,378 : INFO : EventManager : Event: ======'machine_var_audits_missing_switches_s_pop_bumper'====== Args={'value': 88, 'prev_value': None, 'change': True}
2025-11-29 10:21:20,378 : INFO : EventManager : Event: ======'machine_var_audits_missing_switches_s_ramp'====== Args={'value': 5, 'prev_value': None, 'change': True}
2025-11-29 10:21:20,378 : INFO : EventManager : Event: ======'machine_var_audits_missing_switches_s_right_inlane'====== Args={'value': 52, 'prev_value': None, 'change': True}
2025-11-29 10:21:20,378 : INFO : EventManager : Event: ======'machine_var_audits_missing_switches_s_right_orbit'====== Args={'value': 3, 'prev_value': None, 'change': True}
2025-11-29 10:21:20,378 : INFO : EventManager : Event: ======'machine_var_audits_missing_switches_s_right_outlane'====== Args={'value': 100, 'prev_value': None, 'change': True}
2025-11-29 10:21:20,378 : INFO : EventManager : Event: ======'machine_var_audits_missing_switches_s_saucer'====== Args={'value': 3, 'prev_value': None, 'change': True}
2025-11-29 10:21:20,378 : INFO : EventManager : Event: ======'machine_var_audits_missing_switches_s_top_left_slingshot'====== Args={'value': 86, 'prev_value': None, 'change': True}
2025-11-29 10:21:20,378 : INFO : EventManager : Event: ======'machine_var_audits_missing_switches_s_top_right_slingshot'====== Args={'value': 88, 'prev_value': None, 'change': True}
2025-11-29 10:21:20,379 : INFO : EventManager : Event: ======'machine_var_audits_missing_switches_s_trough_1'====== Args={'value': 94, 'prev_value': None, 'change': True}
2025-11-29 10:21:20,379 : INFO : EventManager : Event: ======'machine_var_audits_missing_switches_s_trough_2'====== Args={'value': 118, 'prev_value': None, 'change': True}
2025-11-29 10:21:20,379 : INFO : EventManager : Event: ======'machine_var_audits_missing_switches_s_trough_3'====== Args={'value': 116, 'prev_value': None, 'change': True}
2025-11-29 10:21:20,379 : INFO : EventManager : Event: ======'machine_var_audits_player_score'====== Args={'value': {'average': 36284, 'top': [173500, 81940, 45000, 15000, 15000, 15000, 15000, 15000, 15000, 15000], 'total': 12}, 'prev_value': None, 'change': True}
2025-11-29 10:21:20,379 : INFO : EventManager : Event: ======'machine_var_audits_shots_back_left_target'====== Args={'value': 7, 'prev_value': None, 'change': True}
2025-11-29 10:21:20,379 : INFO : EventManager : Event: ======'machine_var_audits_shots_back_middle_right_target'====== Args={'value': 4, 'prev_value': None, 'change': True}
2025-11-29 10:21:20,379 : INFO : EventManager : Event: ======'machine_var_audits_shots_back_right_target'====== Args={'value': 2, 'prev_value': None, 'change': True}
2025-11-29 10:21:20,379 : INFO : EventManager : Event: ======'machine_var_audits_shots_bakc_middle_left_target'====== Args={'value': 3, 'prev_value': None, 'change': True}
2025-11-29 10:21:20,379 : INFO : EventManager : Event: ======'machine_var_audits_shots_bottom_left_slingshot'====== Args={'value': 1, 'prev_value': None, 'change': True}
2025-11-29 10:21:20,379 : INFO : EventManager : Event: ======'machine_var_audits_shots_front_left_target'====== Args={'value': 6, 'prev_value': None, 'change': True}
2025-11-29 10:21:20,379 : INFO : EventManager : Event: ======'machine_var_audits_shots_front_middle_target'====== Args={'value': 8, 'prev_value': None, 'change': True}
2025-11-29 10:21:20,379 : INFO : EventManager : Event: ======'machine_var_audits_shots_front_right_target'====== Args={'value': 6, 'prev_value': None, 'change': True}
2025-11-29 10:21:20,379 : INFO : EventManager : Event: ======'machine_var_audits_shots_lane_to_pop'====== Args={'value': 89, 'prev_value': None, 'change': True}
2025-11-29 10:21:20,379 : INFO : EventManager : Event: ======'machine_var_audits_shots_left_inlane'====== Args={'value': 7, 'prev_value': None, 'change': True}
2025-11-29 10:21:20,379 : INFO : EventManager : Event: ======'machine_var_audits_shots_left_orbit'====== Args={'value': 118, 'prev_value': None, 'change': True}
2025-11-29 10:21:20,379 : INFO : EventManager : Event: ======'machine_var_audits_shots_left_orbit_travel_dirtmouth_to_frogotten_crossroads'====== Args={'value': 31, 'prev_value': None, 'change': True}
2025-11-29 10:21:20,379 : INFO : EventManager : Event: ======'machine_var_audits_shots_left_outlane'====== Args={'value': 5, 'prev_value': None, 'change': True}
2025-11-29 10:21:20,379 : INFO : EventManager : Event: ======'machine_var_audits_shots_pop_bumper'====== Args={'value': 23, 'prev_value': None, 'change': True}
2025-11-29 10:21:20,379 : INFO : EventManager : Event: ======'machine_var_audits_shots_ramp'====== Args={'value': 77, 'prev_value': None, 'change': True}
2025-11-29 10:21:20,379 : INFO : EventManager : Event: ======'machine_var_audits_shots_ramp_travel_dirtmouth_to_frogotten_crossroads'====== Args={'value': 7, 'prev_value': None, 'change': True}
2025-11-29 10:21:20,379 : INFO : EventManager : Event: ======'machine_var_audits_shots_right_inlane'====== Args={'value': 14, 'prev_value': None, 'change': True}
2025-11-29 10:21:20,379 : INFO : EventManager : Event: ======'machine_var_audits_shots_right_orbit'====== Args={'value': 258, 'prev_value': None, 'change': True}
2025-11-29 10:21:20,379 : INFO : EventManager : Event: ======'machine_var_audits_shots_right_orbit_travel_dirtmouth_to_frogotten_crossroads'====== Args={'value': 38, 'prev_value': None, 'change': True}
2025-11-29 10:21:20,379 : INFO : EventManager : Event: ======'machine_var_audits_shots_right_outlane'====== Args={'value': 12, 'prev_value': None, 'change': True}
2025-11-29 10:21:20,379 : INFO : EventManager : Event: ======'machine_var_audits_shots_saucer'====== Args={'value': 33, 'prev_value': None, 'change': True}
2025-11-29 10:21:20,379 : INFO : EventManager : Event: ======'machine_var_audits_shots_saucer_dirtmouth'====== Args={'value': 18, 'prev_value': None, 'change': True}
2025-11-29 10:21:20,379 : INFO : EventManager : Event: ======'machine_var_audits_shots_top_left_slingshot'====== Args={'value': 1, 'prev_value': None, 'change': True}
2025-11-29 10:21:20,379 : INFO : EventManager : Event: ======'machine_var_audits_shots_top_right_slingshot'====== Args={'value': 6, 'prev_value': None, 'change': True}
2025-11-29 10:21:20,379 : INFO : EventManager : Event: ======'machine_var_audits_shots_vuk'====== Args={'value': 231, 'prev_value': None, 'change': True}
2025-11-29 10:21:20,380 : INFO : EventManager : Event: ======'machine_var_audits_shots_vuk_dirtmouth'====== Args={'value': 151, 'prev_value': None, 'change': True}
2025-11-29 10:21:20,380 : INFO : EventManager : Event: ======'machine_var_audits_switches_s_back_left_target'====== Args={'value': 7, 'prev_value': None, 'change': True}
2025-11-29 10:21:20,380 : INFO : EventManager : Event: ======'machine_var_audits_switches_s_back_middle_left_target'====== Args={'value': 4, 'prev_value': None, 'change': True}
2025-11-29 10:21:20,380 : INFO : EventManager : Event: ======'machine_var_audits_switches_s_back_middle_right_target'====== Args={'value': 5, 'prev_value': None, 'change': True}
2025-11-29 10:21:20,380 : INFO : EventManager : Event: ======'machine_var_audits_switches_s_back_right_target'====== Args={'value': 3, 'prev_value': None, 'change': True}
2025-11-29 10:21:20,380 : INFO : EventManager : Event: ======'machine_var_audits_switches_s_bottom_left_slingshot'====== Args={'value': 27, 'prev_value': None, 'change': True}
2025-11-29 10:21:20,380 : INFO : EventManager : Event: ======'machine_var_audits_switches_s_bottom_right_slingshot'====== Args={'value': 26, 'prev_value': None, 'change': True}
2025-11-29 10:21:20,380 : INFO : EventManager : Event: ======'machine_var_audits_switches_s_front_left_target'====== Args={'value': 6, 'prev_value': None, 'change': True}
2025-11-29 10:21:20,380 : INFO : EventManager : Event: ======'machine_var_audits_switches_s_front_middle_target'====== Args={'value': 9, 'prev_value': None, 'change': True}
2025-11-29 10:21:20,380 : INFO : EventManager : Event: ======'machine_var_audits_switches_s_front_right_target'====== Args={'value': 7, 'prev_value': None, 'change': True}
2025-11-29 10:21:20,380 : INFO : EventManager : Event: ======'machine_var_audits_switches_s_lane_to_pop'====== Args={'value': 91, 'prev_value': None, 'change': True}
2025-11-29 10:21:20,380 : INFO : EventManager : Event: ======'machine_var_audits_switches_s_left_flipper'====== Args={'value': 15, 'prev_value': None, 'change': True}
2025-11-29 10:21:20,380 : INFO : EventManager : Event: ======'machine_var_audits_switches_s_left_inlane'====== Args={'value': 8, 'prev_value': None, 'change': True}
2025-11-29 10:21:20,380 : INFO : EventManager : Event: ======'machine_var_audits_switches_s_left_orbit'====== Args={'value': 120, 'prev_value': None, 'change': True}
2025-11-29 10:21:20,380 : INFO : EventManager : Event: ======'machine_var_audits_switches_s_left_outlane'====== Args={'value': 6, 'prev_value': None, 'change': True}
2025-11-29 10:21:20,380 : INFO : EventManager : Event: ======'machine_var_audits_switches_s_plunger_lane'====== Args={'value': 308, 'prev_value': None, 'change': True}
2025-11-29 10:21:20,380 : INFO : EventManager : Event: ======'machine_var_audits_switches_s_pop_bumper'====== Args={'value': 23, 'prev_value': None, 'change': True}
2025-11-29 10:21:20,380 : INFO : EventManager : Event: ======'machine_var_audits_switches_s_ramp'====== Args={'value': 79, 'prev_value': None, 'change': True}
2025-11-29 10:21:20,380 : INFO : EventManager : Event: ======'machine_var_audits_switches_s_right_flipper'====== Args={'value': 25, 'prev_value': None, 'change': True}
2025-11-29 10:21:20,380 : INFO : EventManager : Event: ======'machine_var_audits_switches_s_right_inlane'====== Args={'value': 15, 'prev_value': None, 'change': True}
2025-11-29 10:21:20,380 : INFO : EventManager : Event: ======'machine_var_audits_switches_s_right_orbit'====== Args={'value': 292, 'prev_value': None, 'change': True}
2025-11-29 10:21:20,380 : INFO : EventManager : Event: ======'machine_var_audits_switches_s_right_outlane'====== Args={'value': 13, 'prev_value': None, 'change': True}
2025-11-29 10:21:20,380 : INFO : EventManager : Event: ======'machine_var_audits_switches_s_saucer'====== Args={'value': 40, 'prev_value': None, 'change': True}
2025-11-29 10:21:20,380 : INFO : EventManager : Event: ======'machine_var_audits_switches_s_start'====== Args={'value': 49, 'prev_value': None, 'change': True}
2025-11-29 10:21:20,380 : INFO : EventManager : Event: ======'machine_var_audits_switches_s_top_left_slingshot'====== Args={'value': 22, 'prev_value': None, 'change': True}
2025-11-29 10:21:20,380 : INFO : EventManager : Event: ======'machine_var_audits_switches_s_top_right_slingshot'====== Args={'value': 25, 'prev_value': None, 'change': True}
2025-11-29 10:21:20,380 : INFO : EventManager : Event: ======'machine_var_audits_switches_s_trough_1'====== Args={'value': 68, 'prev_value': None, 'change': True}
2025-11-29 10:21:20,381 : INFO : EventManager : Event: ======'machine_var_audits_switches_s_trough_2'====== Args={'value': 9, 'prev_value': None, 'change': True}
2025-11-29 10:21:20,381 : INFO : EventManager : Event: ======'machine_var_audits_switches_s_trough_3'====== Args={'value': 52, 'prev_value': None, 'change': True}
2025-11-29 10:21:20,381 : INFO : EventManager : Event: ======'machine_var_audits_switches_s_vuk'====== Args={'value': 251, 'prev_value': None, 'change': True}
2025-11-29 10:21:20,381 : INFO : EventManager : Event: ======'init_phase_5'====== Args={}
2025-11-29 10:21:20,381 : INFO : EventManager : Event: ======'init_done'====== Args={}
2025-11-29 10:21:20,382 : INFO : EventManager : Event: ======'machine_reset_phase_1'====== Args={}
2025-11-29 10:21:20,393 : INFO : EventManager : Event: ======'machine_reset_phase_2'====== Args={}
2025-11-29 10:21:20,393 : INFO : EventManager : Event: ======'machine_reset_phase_3'====== Args={}
2025-11-29 10:21:20,393 : INFO : EventManager : Event: ======'reset_complete'====== Args={}
2025-11-29 10:21:20,393 : INFO : EventManager : Event: ======'mode_attract_will_start'====== Args={}
2025-11-29 10:21:20,393 : INFO : Timer.attract_carousel_timer : Starting Timer.
2025-11-29 10:21:20,393 : INFO : EventManager : Event: ======'timer_attract_carousel_timer_started'====== Args={'ticks': 0, 'ticks_remaining': 1}
2025-11-29 10:21:20,393 : INFO : EventManager : Event: ======'timer_attract_carousel_timer_tick'====== Args={'ticks': 0, 'ticks_remaining': 1}
2025-11-29 10:21:20,394 : INFO : EventManager : Event: ======'mode_attract_starting'====== Args={}
2025-11-29 10:21:20,394 : INFO : Mode.attract : Started. Priority: 10
2025-11-29 10:21:20,394 : INFO : EventManager : Event: ======'modes_active_modes_changed'====== Args={}
2025-11-29 10:21:20,394 : INFO : EventManager : Event: ======'mode_attract_started'====== Args={}
2025-11-29 10:21:20,394 : INFO : EventManager : Event: ======'collecting_balls_complete'====== Args={}
2025-11-29 10:21:20,395 : INFO : EventManager : Event: ======'carousel_item_highlighted'====== Args={'carousel': 'attract', 'direction': None, 'item': 'title'}
2025-11-29 10:21:20,395 : INFO : Machine : Starting the main run loop with active modes: [<Mode.attract>]
2025-11-29 10:21:20,522 : INFO : EventManager : Event: ======'slide_attract_created'====== Args={'_from_bcp': True}
2025-11-29 10:21:20,523 : INFO : EventManager : Event: ======'slide__removed'====== Args={'_from_bcp': True}
2025-11-29 10:21:20,523 : INFO : EventManager : Event: ======'slide_attract_active'====== Args={'original_context': 'attract', 'original_calling_context': 'mode_attract_started', 'priority': 10.0, 'cmd': 'slides_play', '_from_bcp': True}
2025-11-29 10:21:23,328 : INFO : SwitchController : <<<<<<< 's_start' active >>>>>>>
2025-11-29 10:21:23,462 : INFO : SwitchController : <<<<<<< 's_start' inactive >>>>>>>
2025-11-29 10:21:23,462 : INFO : EventManager : Event: ======'request_to_start_game'====== Args={}
2025-11-29 10:21:23,463 : INFO : EventManager : Event: ======'game_start'====== Args={'buttons': [], 'hold_time': 0.1333528329996625}
2025-11-29 10:21:23,463 : INFO : EventManager : Event: ======'mode_game_will_start'====== Args={'buttons': [], 'hold_time': 0.1333528329996625}
2025-11-29 10:21:23,464 : INFO : EventManager : Event: ======'mode_game_starting'====== Args={'buttons': [], 'hold_time': 0.1333528329996625}
2025-11-29 10:21:23,464 : INFO : EventManager : Event: ======'mode_attract_will_stop'====== Args={}
2025-11-29 10:21:23,464 : INFO : EventManager : Event: ======'mode_attract_stopping'====== Args={}
2025-11-29 10:21:23,465 : INFO : Mode.attract : Stopped.
2025-11-29 10:21:23,465 : INFO : EventManager : Event: ======'modes_active_modes_changed'====== Args={}
2025-11-29 10:21:23,465 : INFO : EventManager : Event: ======'mode_attract_stopped'====== Args={}
2025-11-29 10:21:23,465 : INFO : EventManager : Event: ======'clear'====== Args={'key': 'attract'}
2025-11-29 10:21:23,466 : INFO : Timer.attract_carousel_timer : Stopping Timer
2025-11-29 10:21:23,466 : INFO : EventManager : Event: ======'timer_attract_carousel_timer_stopped'====== Args={'ticks': 0, 'ticks_remaining': 1}
2025-11-29 10:21:23,466 : INFO : Mode.game : Started. Priority: 20
2025-11-29 10:21:23,466 : INFO : EventManager : Event: ======'modes_active_modes_changed'====== Args={}
2025-11-29 10:21:23,466 : INFO : EventManager : Event: ======'mode_game_started'====== Args={'buttons': [], 'hold_time': 0.1333528329996625}
2025-11-29 10:21:23,467 : INFO : EventManager : Event: ======'game_will_start'====== Args={}
2025-11-29 10:21:23,468 : INFO : EventManager : Event: ======'game_starting'====== Args={'game': <Mode.game>}
2025-11-29 10:21:23,469 : INFO : EventManager : Unordered handler for class <Auditor> on event game_ended with priority 1. Handlers: [RegisteredHandler(callback=<bound method Auditor.disable of <Auditor>>, priority=1, kwargs={}, key=UUID('9eb19a8f-dabb-4348-8946-6808664b7e3e'), condition=None, blocking_facility=None), RegisteredHandler(callback=<bound method Auditor._save_audits of <Auditor>>, priority=1, kwargs={}, key=UUID('4d6abfb9-3f04-4ccd-9427-d101e7830a53'), condition=None, blocking_facility=None)]. The order of those handlers is not defined and they will be executed in random order. This might lead to race conditions and potential bugs.
2025-11-29 10:21:23,469 : INFO : EventManager : Event: ======'player_add_request'====== Args={}
2025-11-29 10:21:23,469 : INFO : EventManager : Event: ======'player_will_add'====== Args={'number': 1}
2025-11-29 10:21:23,470 : INFO : EventManager : Event: ======'player_adding'====== Args={'player': <Player 1>, 'number': 1}
2025-11-29 10:21:23,470 : INFO : EventManager : Event: ======'player_added'====== Args={'player': <Player 1>, 'num': 1}
2025-11-29 10:21:23,470 : INFO : Mode.game : Player added successfully. Total players: 1
2025-11-29 10:21:23,471 : INFO : EventManager : Event: ======'player_index'====== Args={'value': 0, 'prev_value': 0, 'change': 0, 'player_num': 1}
2025-11-29 10:21:23,471 : INFO : EventManager : Event: ======'player_number'====== Args={'value': 1, 'prev_value': 1, 'change': 0, 'player_num': 1}
2025-11-29 10:21:23,471 : INFO : EventManager : Event: ======'player_dirtmouth_active'====== Args={'value': 0, 'prev_value': 0, 'change': 0, 'player_num': 1}
2025-11-29 10:21:23,471 : INFO : EventManager : Event: ======'player_mode_active'====== Args={'value': 0, 'prev_value': 0, 'change': 0, 'player_num': 1}
2025-11-29 10:21:23,471 : INFO : EventManager : Event: ======'player_lane_to_pop_active'====== Args={'value': 0, 'prev_value': 0, 'change': 0, 'player_num': 1}
2025-11-29 10:21:23,471 : INFO : EventManager : Event: ======'player_lanes_active'====== Args={'value': 0, 'prev_value': 0, 'change': 0, 'player_num': 1}
2025-11-29 10:21:23,472 : INFO : EventManager : Event: ======'player_left_orbit_active'====== Args={'value': 0, 'prev_value': 0, 'change': 0, 'player_num': 1}
2025-11-29 10:21:23,472 : INFO : EventManager : Event: ======'player_pop_bumper_active'====== Args={'value': 0, 'prev_value': 0, 'change': 0, 'player_num': 1}
2025-11-29 10:21:23,472 : INFO : EventManager : Event: ======'player_ramp_active'====== Args={'value': 0, 'prev_value': 0, 'change': 0, 'player_num': 1}
2025-11-29 10:21:23,472 : INFO : EventManager : Event: ======'player_right_orbit_active'====== Args={'value': 0, 'prev_value': 0, 'change': 0, 'player_num': 1}
2025-11-29 10:21:23,472 : INFO : EventManager : Event: ======'player_saucer_active'====== Args={'value': 0, 'prev_value': 0, 'change': 0, 'player_num': 1}
2025-11-29 10:21:23,472 : INFO : EventManager : Event: ======'player_slingshots_active'====== Args={'value': 0, 'prev_value': 0, 'change': 0, 'player_num': 1}
2025-11-29 10:21:23,473 : INFO : EventManager : Event: ======'player_targets_active'====== Args={'value': 0, 'prev_value': 0, 'change': 0, 'player_num': 1}
2025-11-29 10:21:23,473 : INFO : EventManager : Event: ======'player_vuk_active'====== Args={'value': 0, 'prev_value': 0, 'change': 0, 'player_num': 1}
2025-11-29 10:21:23,473 : INFO : EventManager : Event: ======'player_travel_progress'====== Args={'value': 0, 'prev_value': 0, 'change': 0, 'player_num': 1}
2025-11-29 10:21:23,473 : INFO : EventManager : Event: ======'player_travel_time_remaining_travel_dirtmouth_to_frogotten_crossroads'====== Args={'value': 40.0, 'prev_value': 40.0, 'change': 0, 'player_num': 1}
2025-11-29 10:21:23,473 : INFO : EventManager : Event: ======'player_travel_shots_remaining_travel_dirtmouth_to_frogotten_crossroads'====== Args={'value': 2, 'prev_value': 2, 'change': 0, 'player_num': 1}
2025-11-29 10:21:23,474 : INFO : EventManager : Event: ======'player_frogotten_crossroads_active'====== Args={'value': 0, 'prev_value': 0, 'change': 0, 'player_num': 1}
2025-11-29 10:21:23,474 : INFO : EventManager : Event: ======'player_score'====== Args={'value': 0, 'prev_value': 0, 'change': 0, 'player_num': 1}
2025-11-29 10:21:23,478 : INFO : EventManager : Event: ======'game_started'====== Args={}
2025-11-29 10:21:23,482 : INFO : EventManager : Event: ======'player_turn_will_start'====== Args={'player': <Player 1>, 'number': 1}
2025-11-29 10:21:23,482 : INFO : EventManager : Event: ======'player_turn_starting'====== Args={'player': <Player 1>, 'number': 1}
2025-11-29 10:21:23,482 : INFO : EventManager : Event: ======'player_ball'====== Args={'value': 1, 'prev_value': 0, 'change': 1, 'player_num': 1}
2025-11-29 10:21:23,488 : INFO : EventManager : Event: ======'player_turn_started'====== Args={'player': <Player 1>, 'number': 1}
2025-11-29 10:21:23,491 : INFO : EventManager : Event: ======'ball_will_start'====== Args={'player': 1, 'ball': 1, 'balls_remaining': 2, 'is_extra_ball': False}
2025-11-29 10:21:23,492 : INFO : EventManager : Event: ======'ball_starting'====== Args={'player': 1, 'ball': 1, 'balls_remaining': 2, 'is_extra_ball': False}
2025-11-29 10:21:23,492 : INFO : EventManager : Event: ======'mode_base_will_start'====== Args={'queue': <QueuedEvent>, 'player': 1, 'ball': 1, 'balls_remaining': 2, 'is_extra_ball': False}
2025-11-29 10:21:23,492 : INFO : EventManager : Event: ======'mode_base_starting'====== Args={'queue': <QueuedEvent>, 'player': 1, 'ball': 1, 'balls_remaining': 2, 'is_extra_ball': False}
2025-11-29 10:21:23,492 : INFO : Mode.base : Started. Priority: 100
2025-11-29 10:21:23,492 : INFO : EventManager : Event: ======'modes_active_modes_changed'====== Args={}
2025-11-29 10:21:23,492 : INFO : EventManager : Event: ======'mode_base_started'====== Args={'queue': <QueuedEvent>, 'player': 1, 'ball': 1, 'balls_remaining': 2, 'is_extra_ball': False}
2025-11-29 10:21:23,493 : INFO : EventManager : Event: ======'start_mode_right_orbit'====== Args={'priority': 0}
2025-11-29 10:21:23,493 : INFO : EventManager : Event: ======'start_mode_slingshots'====== Args={'priority': 0}
2025-11-29 10:21:23,493 : INFO : EventManager : Event: ======'start_mode_lanes'====== Args={'priority': 0}
2025-11-29 10:21:23,493 : INFO : EventManager : Event: ======'start_mode_vuk'====== Args={'priority': 0}
2025-11-29 10:21:23,493 : INFO : EventManager : Event: ======'start_mode_ramp'====== Args={'priority': 0}
2025-11-29 10:21:23,493 : INFO : EventManager : Event: ======'start_mode_left_orbit'====== Args={'priority': 0}
2025-11-29 10:21:23,493 : INFO : EventManager : Event: ======'start_mode_lane_to_pop'====== Args={'priority': 0}
2025-11-29 10:21:23,493 : INFO : EventManager : Event: ======'start_mode_saucer'====== Args={'priority': 0}
2025-11-29 10:21:23,493 : INFO : EventManager : Event: ======'start_mode_targets'====== Args={'priority': 0}
2025-11-29 10:21:23,493 : INFO : EventManager : Event: ======'start_mode_pop_bumper'====== Args={'priority': 0}
2025-11-29 10:21:23,493 : INFO : EventManager : Event: ======'start_mode_dirtmouth'====== Args={'priority': 0}
2025-11-29 10:21:23,493 : INFO : EventManager : Event: ======'mode_right_orbit_will_start'====== Args={'priority': 0}
2025-11-29 10:21:23,493 : INFO : EventManager : Event: ======'player_shot_right_orbit_enabled'====== Args={'value': True, 'prev_value': 0, 'change': 1, 'player_num': 1}
2025-11-29 10:21:23,494 : INFO : EventManager : Event: ======'mode_right_orbit_starting'====== Args={'priority': 0}
2025-11-29 10:21:23,494 : INFO : EventManager : Event: ======'mode_slingshots_will_start'====== Args={'priority': 0}
2025-11-29 10:21:23,494 : INFO : EventManager : Event: ======'player_shot_top_left_slingshot_enabled'====== Args={'value': True, 'prev_value': 0, 'change': 1, 'player_num': 1}
2025-11-29 10:21:23,494 : INFO : EventManager : Event: ======'player_shot_bottom_left_slingshot_enabled'====== Args={'value': True, 'prev_value': 0, 'change': 1, 'player_num': 1}
2025-11-29 10:21:23,494 : INFO : EventManager : Event: ======'player_shot_top_right_slingshot_enabled'====== Args={'value': True, 'prev_value': 0, 'change': 1, 'player_num': 1}
2025-11-29 10:21:23,495 : INFO : EventManager : Event: ======'player_shot_bottom_right_slingshot_enabled'====== Args={'value': True, 'prev_value': 0, 'change': 1, 'player_num': 1}
2025-11-29 10:21:23,495 : INFO : EventManager : Event: ======'slingshots_complete'====== Args={'state': 'unlit'}
2025-11-29 10:21:23,495 : INFO : EventManager : Event: ======'slingshots_unlit_complete'====== Args={}
2025-11-29 10:21:23,495 : INFO : EventManager : Event: ======'mode_slingshots_starting'====== Args={'priority': 0}
2025-11-29 10:21:23,495 : INFO : EventManager : Event: ======'mode_lanes_will_start'====== Args={'priority': 0}
2025-11-29 10:21:23,496 : INFO : EventManager : Event: ======'player_shot_left_outlane_enabled'====== Args={'value': True, 'prev_value': 0, 'change': 1, 'player_num': 1}
2025-11-29 10:21:23,496 : INFO : EventManager : Event: ======'player_shot_left_inlane_enabled'====== Args={'value': True, 'prev_value': 0, 'change': 1, 'player_num': 1}
2025-11-29 10:21:23,496 : INFO : EventManager : Event: ======'player_shot_right_inlane_enabled'====== Args={'value': True, 'prev_value': 0, 'change': 1, 'player_num': 1}
2025-11-29 10:21:23,496 : INFO : EventManager : Event: ======'player_shot_right_outlane_enabled'====== Args={'value': True, 'prev_value': 0, 'change': 1, 'player_num': 1}
2025-11-29 10:21:23,496 : INFO : EventManager : Event: ======'lanes_complete'====== Args={'state': 'unlit'}
2025-11-29 10:21:23,496 : INFO : EventManager : Event: ======'lanes_unlit_complete'====== Args={}
2025-11-29 10:21:23,497 : INFO : EventManager : Event: ======'mode_lanes_starting'====== Args={'priority': 0}
2025-11-29 10:21:23,497 : INFO : EventManager : Event: ======'mode_vuk_will_start'====== Args={'priority': 0}
2025-11-29 10:21:23,497 : INFO : EventManager : Event: ======'player_shot_vuk_enabled'====== Args={'value': True, 'prev_value': 0, 'change': 1, 'player_num': 1}
2025-11-29 10:21:23,497 : INFO : EventManager : Event: ======'mode_vuk_starting'====== Args={'priority': 0}
2025-11-29 10:21:23,497 : INFO : EventManager : Event: ======'mode_ramp_will_start'====== Args={'priority': 0}
2025-11-29 10:21:23,498 : INFO : EventManager : Event: ======'player_shot_ramp_enabled'====== Args={'value': True, 'prev_value': 0, 'change': 1, 'player_num': 1}
2025-11-29 10:21:23,498 : INFO : EventManager : Event: ======'mode_ramp_starting'====== Args={'priority': 0}
2025-11-29 10:21:23,498 : INFO : EventManager : Event: ======'mode_left_orbit_will_start'====== Args={'priority': 0}
2025-11-29 10:21:23,498 : INFO : EventManager : Event: ======'player_shot_left_orbit_enabled'====== Args={'value': True, 'prev_value': 0, 'change': 1, 'player_num': 1}
2025-11-29 10:21:23,498 : INFO : EventManager : Event: ======'mode_left_orbit_starting'====== Args={'priority': 0}
2025-11-29 10:21:23,498 : INFO : EventManager : Event: ======'mode_lane_to_pop_will_start'====== Args={'priority': 0}
2025-11-29 10:21:23,499 : INFO : EventManager : Event: ======'player_shot_lane_to_pop_enabled'====== Args={'value': True, 'prev_value': 0, 'change': 1, 'player_num': 1}
2025-11-29 10:21:23,499 : INFO : EventManager : Event: ======'mode_lane_to_pop_starting'====== Args={'priority': 0}
2025-11-29 10:21:23,499 : INFO : EventManager : Event: ======'mode_saucer_will_start'====== Args={'priority': 0}
2025-11-29 10:21:23,499 : INFO : EventManager : Event: ======'player_shot_saucer_enabled'====== Args={'value': True, 'prev_value': 0, 'change': 1, 'player_num': 1}
2025-11-29 10:21:23,499 : INFO : EventManager : Event: ======'mode_saucer_starting'====== Args={'priority': 0}
2025-11-29 10:21:23,499 : INFO : EventManager : Event: ======'mode_targets_will_start'====== Args={'priority': 0}
2025-11-29 10:21:23,499 : INFO : EventManager : Event: ======'player_shot_front_left_target_enabled'====== Args={'value': True, 'prev_value': 0, 'change': 1, 'player_num': 1}
2025-11-29 10:21:23,500 : INFO : EventManager : Event: ======'player_shot_front_middle_target_enabled'====== Args={'value': True, 'prev_value': 0, 'change': 1, 'player_num': 1}
2025-11-29 10:21:23,500 : INFO : EventManager : Event: ======'player_shot_front_right_target_enabled'====== Args={'value': True, 'prev_value': 0, 'change': 1, 'player_num': 1}
2025-11-29 10:21:23,500 : INFO : EventManager : Event: ======'player_shot_back_left_target_enabled'====== Args={'value': True, 'prev_value': 0, 'change': 1, 'player_num': 1}
2025-11-29 10:21:23,500 : INFO : EventManager : Event: ======'player_shot_bakc_middle_left_target_enabled'====== Args={'value': True, 'prev_value': 0, 'change': 1, 'player_num': 1}
2025-11-29 10:21:23,500 : INFO : EventManager : Event: ======'player_shot_back_middle_right_target_enabled'====== Args={'value': True, 'prev_value': 0, 'change': 1, 'player_num': 1}
2025-11-29 10:21:23,501 : INFO : EventManager : Event: ======'player_shot_back_right_target_enabled'====== Args={'value': True, 'prev_value': 0, 'change': 1, 'player_num': 1}
2025-11-29 10:21:23,501 : INFO : EventManager : Event: ======'targets_complete'====== Args={'state': 'unlit'}
2025-11-29 10:21:23,501 : INFO : EventManager : Event: ======'targets_unlit_complete'====== Args={}
2025-11-29 10:21:23,501 : INFO : EventManager : Event: ======'mode_targets_starting'====== Args={'priority': 0}
2025-11-29 10:21:23,501 : INFO : EventManager : Event: ======'mode_pop_bumper_will_start'====== Args={'priority': 0}
2025-11-29 10:21:23,501 : INFO : EventManager : Event: ======'player_shot_pop_bumper_enabled'====== Args={'value': True, 'prev_value': 0, 'change': 1, 'player_num': 1}
2025-11-29 10:21:23,502 : INFO : EventManager : Event: ======'mode_pop_bumper_starting'====== Args={'priority': 0}
2025-11-29 10:21:23,502 : INFO : EventManager : Event: ======'mode_dirtmouth_will_start'====== Args={'priority': 0}
2025-11-29 10:21:23,502 : INFO : EventManager : Event: ======'player_shot_vuk_dirtmouth_enabled'====== Args={'value': True, 'prev_value': 0, 'change': 1, 'player_num': 1}
2025-11-29 10:21:23,502 : INFO : EventManager : Event: ======'player_shot_saucer_dirtmouth_enabled'====== Args={'value': True, 'prev_value': 0, 'change': 1, 'player_num': 1}
2025-11-29 10:21:23,502 : INFO : EventManager : Event: ======'locks_dirtmouth_complete'====== Args={'state': 'unlit'}
2025-11-29 10:21:23,502 : INFO : EventManager : Event: ======'locks_dirtmouth_unlit_complete'====== Args={}
2025-11-29 10:21:23,503 : INFO : EventManager : Event: ======'mode_dirtmouth_starting'====== Args={'priority': 0}
2025-11-29 10:21:23,503 : INFO : Mode.dirtmouth : Started. Priority: 250
2025-11-29 10:21:23,503 : INFO : EventManager : Event: ======'modes_active_modes_changed'====== Args={}
2025-11-29 10:21:23,503 : INFO : EventManager : Event: ======'mode_dirtmouth_started'====== Args={'priority': 0}
2025-11-29 10:21:23,503 : INFO : EventManager : Event: ======'player_dirtmouth_active'====== Args={'value': 1, 'prev_value': 0, 'change': 1, 'player_num': 1, 'source': 'dirtmouth'}
2025-11-29 10:21:23,504 : INFO : Mode.pop_bumper : Started. Priority: 150
2025-11-29 10:21:23,504 : INFO : EventManager : Event: ======'modes_active_modes_changed'====== Args={}
2025-11-29 10:21:23,504 : INFO : EventManager : Event: ======'mode_pop_bumper_started'====== Args={'priority': 0}
2025-11-29 10:21:23,504 : INFO : EventManager : Event: ======'player_pop_bumper_active'====== Args={'value': 1, 'prev_value': 0, 'change': 1, 'player_num': 1, 'source': 'pop_bumper'}
2025-11-29 10:21:23,505 : INFO : Mode.targets : Started. Priority: 175
2025-11-29 10:21:23,505 : INFO : EventManager : Event: ======'modes_active_modes_changed'====== Args={}
2025-11-29 10:21:23,505 : INFO : EventManager : Event: ======'mode_targets_started'====== Args={'priority': 0}
2025-11-29 10:21:23,505 : INFO : EventManager : Event: ======'player_targets_active'====== Args={'value': 1, 'prev_value': 0, 'change': 1, 'player_num': 1, 'source': 'targets'}
2025-11-29 10:21:23,506 : INFO : Mode.saucer : Started. Priority: 200
2025-11-29 10:21:23,506 : INFO : EventManager : Event: ======'modes_active_modes_changed'====== Args={}
2025-11-29 10:21:23,506 : INFO : EventManager : Event: ======'mode_saucer_started'====== Args={'priority': 0}
2025-11-29 10:21:23,506 : INFO : EventManager : Event: ======'player_saucer_active'====== Args={'value': 1, 'prev_value': 0, 'change': 1, 'player_num': 1, 'source': 'saucer'}
2025-11-29 10:21:23,507 : INFO : Mode.lane_to_pop : Started. Priority: 200
2025-11-29 10:21:23,507 : INFO : EventManager : Event: ======'modes_active_modes_changed'====== Args={}
2025-11-29 10:21:23,507 : INFO : EventManager : Event: ======'mode_lane_to_pop_started'====== Args={'priority': 0}
2025-11-29 10:21:23,507 : INFO : EventManager : Event: ======'player_lane_to_pop_active'====== Args={'value': 1, 'prev_value': 0, 'change': 1, 'player_num': 1, 'source': 'lane_to_pop'}
2025-11-29 10:21:23,508 : INFO : Mode.left_orbit : Started. Priority: 200
2025-11-29 10:21:23,508 : INFO : EventManager : Event: ======'modes_active_modes_changed'====== Args={}
2025-11-29 10:21:23,508 : INFO : EventManager : Event: ======'mode_left_orbit_started'====== Args={'priority': 0}
2025-11-29 10:21:23,508 : INFO : EventManager : Event: ======'player_left_orbit_active'====== Args={'value': 1, 'prev_value': 0, 'change': 1, 'player_num': 1, 'source': 'left_orbit'}
2025-11-29 10:21:23,509 : INFO : Mode.ramp : Started. Priority: 200
2025-11-29 10:21:23,509 : INFO : EventManager : Event: ======'modes_active_modes_changed'====== Args={}
2025-11-29 10:21:23,509 : INFO : EventManager : Event: ======'mode_ramp_started'====== Args={'priority': 0}
2025-11-29 10:21:23,509 : INFO : EventManager : Event: ======'player_ramp_active'====== Args={'value': 1, 'prev_value': 0, 'change': 1, 'player_num': 1, 'source': 'ramp'}
2025-11-29 10:21:23,510 : INFO : Mode.vuk : Started. Priority: 200
2025-11-29 10:21:23,510 : INFO : EventManager : Event: ======'modes_active_modes_changed'====== Args={}
2025-11-29 10:21:23,510 : INFO : EventManager : Event: ======'mode_vuk_started'====== Args={'priority': 0}
2025-11-29 10:21:23,510 : INFO : EventManager : Event: ======'player_vuk_active'====== Args={'value': 1, 'prev_value': 0, 'change': 1, 'player_num': 1, 'source': 'vuk'}
2025-11-29 10:21:23,511 : INFO : Mode.lanes : Started. Priority: 150
2025-11-29 10:21:23,511 : INFO : EventManager : Event: ======'modes_active_modes_changed'====== Args={}
2025-11-29 10:21:23,511 : INFO : EventManager : Event: ======'mode_lanes_started'====== Args={'priority': 0}
2025-11-29 10:21:23,511 : INFO : EventManager : Event: ======'player_lanes_active'====== Args={'value': 1, 'prev_value': 0, 'change': 1, 'player_num': 1, 'source': 'lanes'}
2025-11-29 10:21:23,512 : INFO : Mode.slingshots : Started. Priority: 150
2025-11-29 10:21:23,512 : INFO : EventManager : Event: ======'modes_active_modes_changed'====== Args={}
2025-11-29 10:21:23,512 : INFO : EventManager : Event: ======'mode_slingshots_started'====== Args={'priority': 0}
2025-11-29 10:21:23,512 : INFO : EventManager : Event: ======'player_slingshots_active'====== Args={'value': 1, 'prev_value': 0, 'change': 1, 'player_num': 1, 'source': 'slingshots'}
2025-11-29 10:21:23,512 : INFO : Mode.right_orbit : Started. Priority: 200
2025-11-29 10:21:23,513 : INFO : EventManager : Event: ======'modes_active_modes_changed'====== Args={}
2025-11-29 10:21:23,513 : INFO : EventManager : Event: ======'mode_right_orbit_started'====== Args={'priority': 0}
2025-11-29 10:21:23,513 : INFO : EventManager : Event: ======'player_right_orbit_active'====== Args={'value': 1, 'prev_value': 0, 'change': 1, 'player_num': 1, 'source': 'right_orbit'}
2025-11-29 10:21:23,513 : INFO : EventManager : Event: ======'balls_in_play'====== Args={'balls': 1}
2025-11-29 10:21:23,513 : INFO : EventManager : Event: ======'ball_started'====== Args={'player': 1, 'ball': 1, 'balls_remaining': 2, 'is_extra_ball': False}
2025-11-29 10:21:23,515 : INFO : EventManager : Event: ======'single_player_ball_started'====== Args={}
2025-11-29 10:21:23,515 : INFO : EventManager : Event: ======'ball_start_target'====== Args={'target': 'playfield'}
2025-11-29 10:21:23,516 : INFO : ball_device.bd_trough : Setting up player-controlled eject. Balls: 1, Target: <playfield.playfield>, player_controlled_eject_event: None
2025-11-29 10:21:23,516 : INFO : ball_device.bd_trough : Adding 1 ball(s) to the eject_queue with target <playfield.playfield>.
2025-11-29 10:21:23,516 : INFO : EventManager : Event: ======'balldevice_balls_available'====== Args={}
2025-11-29 10:21:23,516 : INFO : ball_device.bd_trough : State: waiting_for_target_ready
2025-11-29 10:21:23,516 : INFO : EventManager : Event: ======'balldevice_bd_trough_ball_eject_attempt'====== Args={'balls': 1, 'target': <ball_device.bd_plunger>, 'source': <ball_device.bd_trough>, 'mechanical_eject': False, 'num_attempts': 0}
2025-11-29 10:21:23,516 : INFO : ball_device.bd_plunger : State: waiting_for_ball
2025-11-29 10:21:23,516 : INFO : ball_device.bd_trough : State: ejecting
2025-11-29 10:21:23,516 : INFO : ball_device.bd_trough : Ejecting ball to <ball_device.bd_plunger>
2025-11-29 10:21:23,516 : INFO : EventManager : Event: ======'balldevice_bd_trough_ejecting_ball'====== Args={'balls': 1, 'target': <ball_device.bd_plunger>, 'source': <ball_device.bd_trough>, 'mechanical_eject': False, 'num_attempts': 0}
2025-11-29 10:21:23,517 : INFO : ball_device.bd_trough : Wait for ball to leave device
2025-11-29 10:21:23,517 : INFO : coil.c_trough_eject : Pulsing Driver for 10ms (1.0 pulse_power)
2025-11-29 10:21:23,517 : INFO : SwitchController : <<<<<<< 's_trough_1' inactive >>>>>>>
2025-11-29 10:21:23,517 : INFO : ball_device.bd_trough : State: ball_left
2025-11-29 10:21:23,517 : INFO : ball_device.bd_trough : Ball left
2025-11-29 10:21:23,517 : INFO : ball_device.bd_trough : Wait for confirm with timeout 10.0
2025-11-29 10:21:23,530 : INFO : EventManager : Event: ======'slide_base_created'====== Args={'_from_bcp': True}
2025-11-29 10:21:23,530 : INFO : EventManager : Event: ======'slide_attract_inactive'====== Args={'is_removing': True, '_from_bcp': True}
2025-11-29 10:21:23,530 : INFO : EventManager : Event: ======'slide_base_active'====== Args={'original_context': 'base', 'original_calling_context': 'mode_base_started', 'priority': 100.0, 'queue': '<QueuedEvent>', 'player': 1.0, 'ball': 1.0, 'balls_remaining': 2.0, 'is_extra_ball': False, 'cmd': 'slides_play', '_from_bcp': True}
2025-11-29 10:21:23,530 : INFO : EventManager : Event: ======'slide_attract_removed'====== Args={'_from_bcp': True}
2025-11-29 10:21:23,556 : INFO : EventManager : Event: ======'slide_dirtmouth_created'====== Args={'_from_bcp': True}
2025-11-29 10:21:23,556 : INFO : EventManager : Event: ======'slide_base_inactive'====== Args={'is_removing': False, '_from_bcp': True}
2025-11-29 10:21:23,556 : INFO : EventManager : Event: ======'slide_dirtmouth_active'====== Args={'original_context': 'dirtmouth', 'original_calling_context': 'mode_dirtmouth_started', 'priority': 250.0, 'cmd': 'slides_play', '_from_bcp': True}
2025-11-29 10:21:23,618 : INFO : SwitchController : <<<<<<< 's_plunger_lane' active >>>>>>>
2025-11-29 10:21:23,618 : INFO : EventManager : Event: ======'machine_var_audits_switches_s_plunger_lane'====== Args={'value': 309, 'prev_value': 308, 'change': 1}
2025-11-29 10:21:24,119 : INFO : ball_device.bd_plunger : Received ball from <ball_device.bd_trough>
2025-11-29 10:21:24,120 : INFO : EventManager : Event: ======'balldevice_bd_plunger_ball_enter'====== Args={'new_balls': 1, 'unclaimed_balls': 0, 'new_available_balls': 0, 'device': <ball_device.bd_plunger>}
2025-11-29 10:21:24,121 : INFO : EventManager : Event: ======'balldevice_bd_plunger_ball_entered'====== Args={'new_balls': 0, 'device': <ball_device.bd_plunger>}
2025-11-29 10:21:24,121 : INFO : EventManager : Event: ======'balldevice_bd_plunger_ball_count_changed'====== Args={'balls': 1}
2025-11-29 10:21:24,121 : INFO : ball_device.bd_trough : Got eject confirm
2025-11-29 10:21:24,121 : INFO : ball_device.bd_trough : Eject successful
2025-11-29 10:21:24,121 : INFO : EventManager : Event: ======'balldevice_bd_trough_ball_eject_success'====== Args={'balls': 1, 'target': <ball_device.bd_plunger>}
2025-11-29 10:21:24,122 : INFO : ball_device.bd_plunger : State: waiting_for_target_ready
2025-11-29 10:21:24,122 : INFO : EventManager : Event: ======'balldevice_bd_plunger_ball_eject_attempt'====== Args={'balls': 1, 'target': <playfield.playfield>, 'source': <ball_device.bd_plunger>, 'mechanical_eject': False, 'num_attempts': 0}
2025-11-29 10:21:24,122 : INFO : EventManager : Event: ======'balldevice_bd_trough_ball_count_changed'====== Args={'balls': 2}
2025-11-29 10:21:24,122 : INFO : ball_device.bd_trough : State: idle
2025-11-29 10:21:24,123 : INFO : ball_device.bd_plunger : State: ejecting
2025-11-29 10:21:24,123 : INFO : ball_device.bd_plunger : Ejecting ball to <playfield.playfield>
2025-11-29 10:21:24,123 : INFO : EventManager : Event: ======'balldevice_bd_plunger_ejecting_ball'====== Args={'balls': 1, 'target': <playfield.playfield>, 'source': <ball_device.bd_plunger>, 'mechanical_eject': False, 'num_attempts': 0}
2025-11-29 10:21:24,124 : INFO : ball_device.bd_plunger : Wait for ball to leave device
2025-11-29 10:21:25,144 : INFO : SwitchController : <<<<<<< 's_vuk' active >>>>>>>
2025-11-29 10:21:25,145 : INFO : EventManager : Event: ======'playfield_active'====== Args={'source': 'vuk'}
2025-11-29 10:21:25,145 : INFO : EventManager : Event: ======'playfield_active'====== Args={'source': 'vuk_dirtmouth'}
2025-11-29 10:21:25,145 : INFO : EventManager : Event: ======'playfield_active'====== Args={'source': 'vuk_frogotten_crossroads'}
2025-11-29 10:21:25,145 : INFO : EventManager : Event: ======'s_vuk_active'====== Args={}
2025-11-29 10:21:25,145 : INFO : EventManager : Event: ======'machine_var_audits_switches_s_vuk'====== Args={'value': 252, 'prev_value': 251, 'change': 1}
2025-11-29 10:21:25,146 : INFO : EventManager : Event: ======'player_shot_vuk_dirtmouth'====== Args={'value': 1, 'prev_value': 0, 'change': 1, 'player_num': 1}
2025-11-29 10:21:25,147 : INFO : EventManager : Event: ======'machine_var_audits_shots_vuk_dirtmouth'====== Args={'value': 152, 'prev_value': 151, 'change': 1}
2025-11-29 10:21:25,147 : INFO : EventManager : Event: ======'vuk_dirtmouth_hit'====== Args={'profile': 'default', 'state': 'unlit', 'advancing': True}
2025-11-29 10:21:25,147 : INFO : EventManager : Event: ======'vuk_dirtmouth_default_hit'====== Args={'profile': 'default', 'state': 'unlit', 'advancing': True}
2025-11-29 10:21:25,147 : INFO : EventManager : Event: ======'vuk_dirtmouth_default_unlit_hit'====== Args={'profile': 'default', 'state': 'unlit', 'advancing': True}
2025-11-29 10:21:25,147 : INFO : EventManager : Event: ======'vuk_dirtmouth_unlit_hit'====== Args={'profile': 'default', 'state': 'unlit', 'advancing': True}
2025-11-29 10:21:25,147 : INFO : EventManager : Event: ======'player_shot_vuk'====== Args={'value': 1, 'prev_value': 0, 'change': 1, 'player_num': 1}
2025-11-29 10:21:25,148 : INFO : EventManager : Event: ======'machine_var_audits_shots_vuk'====== Args={'value': 232, 'prev_value': 231, 'change': 1}
2025-11-29 10:21:25,148 : INFO : EventManager : Event: ======'vuk_hit'====== Args={'profile': 'default', 'state': 'unlit', 'advancing': True}
2025-11-29 10:21:25,148 : INFO : EventManager : Event: ======'vuk_default_hit'====== Args={'profile': 'default', 'state': 'unlit', 'advancing': True}
2025-11-29 10:21:25,148 : INFO : EventManager : Event: ======'vuk_default_unlit_hit'====== Args={'profile': 'default', 'state': 'unlit', 'advancing': True}
2025-11-29 10:21:25,148 : INFO : EventManager : Event: ======'vuk_unlit_hit'====== Args={'profile': 'default', 'state': 'unlit', 'advancing': True}
2025-11-29 10:21:25,148 : INFO : EventManager : Event: ======'locks_dirtmouth_hit'====== Args={'shot': 'vuk_dirtmouth'}
2025-11-29 10:21:25,149 : INFO : EventManager : Event: ======'locks_dirtmouth_unlit_hit'====== Args={'shot': 'vuk_dirtmouth'}
2025-11-29 10:21:25,149 : INFO : EventManager : Event: ======'start_mode_carousel_mode_select'====== Args={'priority': 0}
2025-11-29 10:21:25,149 : INFO : EventManager : Event: ======'mode_carousel_mode_select_will_start'====== Args={'priority': 0}
2025-11-29 10:21:25,150 : INFO : EventManager : Event: ======'mode_carousel_mode_select_starting'====== Args={'priority': 0}
2025-11-29 10:21:25,150 : INFO : EventManager : Event: ======'player_score'====== Args={'value': 5000, 'prev_value': 0, 'change': 5000, 'player_num': 1, 'source': 'vuk'}
2025-11-29 10:21:25,152 : INFO : Mode.carousel_mode_select : Started. Priority: 500
2025-11-29 10:21:25,152 : INFO : EventManager : Event: ======'modes_active_modes_changed'====== Args={}
2025-11-29 10:21:25,153 : INFO : EventManager : Event: ======'mode_carousel_mode_select_started'====== Args={'priority': 0}
2025-11-29 10:21:25,153 : INFO : EventManager : Event: ======'carousel_item_highlighted'====== Args={'carousel': 'carousel_mode_select', 'direction': None, 'item': 'travel_dirtmouth_to_frogotten_crossroads'}
2025-11-29 10:21:25,232 : INFO : EventManager : Event: ======'slide_carousel_mode_select_created'====== Args={'_from_bcp': True}
2025-11-29 10:21:25,233 : INFO : EventManager : Event: ======'slide_dirtmouth_inactive'====== Args={'is_removing': False, '_from_bcp': True}
2025-11-29 10:21:25,233 : INFO : EventManager : Event: ======'slide_carousel_mode_select_active'====== Args={'original_context': 'carousel_mode_select', 'original_calling_context': 'mode_carousel_mode_select_started', 'priority': 500.0, 'cmd': 'slides_play', '_from_bcp': True}
2025-11-29 10:21:25,293 : INFO : SwitchController : <<<<<<< 's_vuk' inactive >>>>>>>
2025-11-29 10:21:26,595 : INFO : SwitchController : <<<<<<< 's_start' active >>>>>>>
2025-11-29 10:21:26,595 : INFO : EventManager : Event: ======'sw_start'====== Args={}
2025-11-29 10:21:26,595 : INFO : EventManager : Event: ======'machine_var_audits_switches_s_start'====== Args={'value': 50, 'prev_value': 49, 'change': 1}
2025-11-29 10:21:26,596 : INFO : EventManager : Event: ======'player_add_request'====== Args={}
2025-11-29 10:21:26,597 : INFO : EventManager : Event: ======'player_will_add'====== Args={'number': 2}
2025-11-29 10:21:26,597 : INFO : EventManager : Event: ======'player_adding'====== Args={'player': <Player 2>, 'number': 2}
2025-11-29 10:21:26,597 : INFO : EventManager : Event: ======'player_added'====== Args={'player': <Player 2>, 'num': 2}
2025-11-29 10:21:26,597 : INFO : Mode.game : Player added successfully. Total players: 2
2025-11-29 10:21:26,597 : INFO : EventManager : Event: ======'multiplayer_game'====== Args={}
2025-11-29 10:21:26,598 : INFO : EventManager : Event: ======'player_index'====== Args={'value': 1, 'prev_value': 1, 'change': 0, 'player_num': 2}
2025-11-29 10:21:26,603 : INFO : EventManager : Event: ======'player_number'====== Args={'value': 2, 'prev_value': 2, 'change': 0, 'player_num': 2}
2025-11-29 10:21:26,604 : INFO : EventManager : Event: ======'player_dirtmouth_active'====== Args={'value': 0, 'prev_value': 0, 'change': 0, 'player_num': 2}
2025-11-29 10:21:26,604 : INFO : EventManager : Event: ======'player_mode_active'====== Args={'value': 0, 'prev_value': 0, 'change': 0, 'player_num': 2}
2025-11-29 10:21:26,614 : INFO : EventManager : Event: ======'player_lane_to_pop_active'====== Args={'value': 0, 'prev_value': 0, 'change': 0, 'player_num': 2}
2025-11-29 10:21:26,617 : INFO : EventManager : Event: ======'player_lanes_active'====== Args={'value': 0, 'prev_value': 0, 'change': 0, 'player_num': 2}
2025-11-29 10:21:26,618 : INFO : EventManager : Event: ======'player_left_orbit_active'====== Args={'value': 0, 'prev_value': 0, 'change': 0, 'player_num': 2}
2025-11-29 10:21:26,618 : INFO : EventManager : Event: ======'player_pop_bumper_active'====== Args={'value': 0, 'prev_value': 0, 'change': 0, 'player_num': 2}
2025-11-29 10:21:26,618 : INFO : EventManager : Event: ======'player_ramp_active'====== Args={'value': 0, 'prev_value': 0, 'change': 0, 'player_num': 2}
2025-11-29 10:21:26,619 : INFO : EventManager : Event: ======'player_right_orbit_active'====== Args={'value': 0, 'prev_value': 0, 'change': 0, 'player_num': 2}
2025-11-29 10:21:26,619 : INFO : EventManager : Event: ======'player_saucer_active'====== Args={'value': 0, 'prev_value': 0, 'change': 0, 'player_num': 2}
2025-11-29 10:21:26,619 : INFO : EventManager : Event: ======'player_slingshots_active'====== Args={'value': 0, 'prev_value': 0, 'change': 0, 'player_num': 2}
2025-11-29 10:21:26,619 : INFO : EventManager : Event: ======'player_targets_active'====== Args={'value': 0, 'prev_value': 0, 'change': 0, 'player_num': 2}
2025-11-29 10:21:26,619 : INFO : EventManager : Event: ======'player_vuk_active'====== Args={'value': 0, 'prev_value': 0, 'change': 0, 'player_num': 2}
2025-11-29 10:21:26,619 : INFO : EventManager : Event: ======'player_travel_progress'====== Args={'value': 0, 'prev_value': 0, 'change': 0, 'player_num': 2}
2025-11-29 10:21:26,619 : INFO : EventManager : Event: ======'player_travel_time_remaining_travel_dirtmouth_to_frogotten_crossroads'====== Args={'value': 40.0, 'prev_value': 40.0, 'change': 0, 'player_num': 2}
2025-11-29 10:21:26,620 : INFO : EventManager : Event: ======'player_travel_shots_remaining_travel_dirtmouth_to_frogotten_crossroads'====== Args={'value': 2, 'prev_value': 2, 'change': 0, 'player_num': 2}
2025-11-29 10:21:26,620 : INFO : EventManager : Event: ======'player_frogotten_crossroads_active'====== Args={'value': 0, 'prev_value': 0, 'change': 0, 'player_num': 2}
2025-11-29 10:21:26,620 : INFO : EventManager : Event: ======'player_score'====== Args={'value': 0, 'prev_value': 0, 'change': 0, 'player_num': 2}
2025-11-29 10:21:26,728 : INFO : SwitchController : <<<<<<< 's_start' inactive >>>>>>>
2025-11-29 10:21:27,211 : INFO : SwitchController : <<<<<<< 's_start' active >>>>>>>
2025-11-29 10:21:27,212 : INFO : EventManager : Event: ======'sw_start'====== Args={}
2025-11-29 10:21:27,213 : INFO : EventManager : Event: ======'machine_var_audits_switches_s_start'====== Args={'value': 51, 'prev_value': 50, 'change': 1}
2025-11-29 10:21:27,214 : INFO : EventManager : Event: ======'player_add_request'====== Args={}
2025-11-29 10:21:27,214 : INFO : EventManager : Event: ======'player_will_add'====== Args={'number': 3}
2025-11-29 10:21:27,214 : INFO : EventManager : Event: ======'player_adding'====== Args={'player': <Player 3>, 'number': 3}
2025-11-29 10:21:27,214 : INFO : EventManager : Event: ======'player_added'====== Args={'player': <Player 3>, 'num': 3}
2025-11-29 10:21:27,215 : INFO : Mode.game : Player added successfully. Total players: 3
2025-11-29 10:21:27,215 : INFO : EventManager : Event: ======'player_index'====== Args={'value': 2, 'prev_value': 2, 'change': 0, 'player_num': 3}
2025-11-29 10:21:27,215 : INFO : EventManager : Event: ======'player_number'====== Args={'value': 3, 'prev_value': 3, 'change': 0, 'player_num': 3}
2025-11-29 10:21:27,215 : INFO : EventManager : Event: ======'player_dirtmouth_active'====== Args={'value': 0, 'prev_value': 0, 'change': 0, 'player_num': 3}
2025-11-29 10:21:27,215 : INFO : EventManager : Event: ======'player_mode_active'====== Args={'value': 0, 'prev_value': 0, 'change': 0, 'player_num': 3}
2025-11-29 10:21:27,215 : INFO : EventManager : Event: ======'player_lane_to_pop_active'====== Args={'value': 0, 'prev_value': 0, 'change': 0, 'player_num': 3}
2025-11-29 10:21:27,216 : INFO : EventManager : Event: ======'player_lanes_active'====== Args={'value': 0, 'prev_value': 0, 'change': 0, 'player_num': 3}
2025-11-29 10:21:27,216 : INFO : EventManager : Event: ======'player_left_orbit_active'====== Args={'value': 0, 'prev_value': 0, 'change': 0, 'player_num': 3}
2025-11-29 10:21:27,216 : INFO : EventManager : Event: ======'player_pop_bumper_active'====== Args={'value': 0, 'prev_value': 0, 'change': 0, 'player_num': 3}
2025-11-29 10:21:27,216 : INFO : EventManager : Event: ======'player_ramp_active'====== Args={'value': 0, 'prev_value': 0, 'change': 0, 'player_num': 3}
2025-11-29 10:21:27,216 : INFO : EventManager : Event: ======'player_right_orbit_active'====== Args={'value': 0, 'prev_value': 0, 'change': 0, 'player_num': 3}
2025-11-29 10:21:27,216 : INFO : EventManager : Event: ======'player_saucer_active'====== Args={'value': 0, 'prev_value': 0, 'change': 0, 'player_num': 3}
2025-11-29 10:21:27,217 : INFO : EventManager : Event: ======'player_slingshots_active'====== Args={'value': 0, 'prev_value': 0, 'change': 0, 'player_num': 3}
2025-11-29 10:21:27,217 : INFO : EventManager : Event: ======'player_targets_active'====== Args={'value': 0, 'prev_value': 0, 'change': 0, 'player_num': 3}
2025-11-29 10:21:27,217 : INFO : EventManager : Event: ======'player_vuk_active'====== Args={'value': 0, 'prev_value': 0, 'change': 0, 'player_num': 3}
2025-11-29 10:21:27,217 : INFO : EventManager : Event: ======'player_travel_progress'====== Args={'value': 0, 'prev_value': 0, 'change': 0, 'player_num': 3}
2025-11-29 10:21:27,218 : INFO : EventManager : Event: ======'player_travel_time_remaining_travel_dirtmouth_to_frogotten_crossroads'====== Args={'value': 40.0, 'prev_value': 40.0, 'change': 0, 'player_num': 3}
2025-11-29 10:21:27,218 : INFO : EventManager : Event: ======'player_travel_shots_remaining_travel_dirtmouth_to_frogotten_crossroads'====== Args={'value': 2, 'prev_value': 2, 'change': 0, 'player_num': 3}
2025-11-29 10:21:27,218 : INFO : EventManager : Event: ======'player_frogotten_crossroads_active'====== Args={'value': 0, 'prev_value': 0, 'change': 0, 'player_num': 3}
2025-11-29 10:21:27,218 : INFO : EventManager : Event: ======'player_score'====== Args={'value': 0, 'prev_value': 0, 'change': 0, 'player_num': 3}
2025-11-29 10:21:27,345 : INFO : SwitchController : <<<<<<< 's_start' inactive >>>>>>>
2025-11-29 10:21:27,478 : INFO : SwitchController : <<<<<<< 's_start' active >>>>>>>
2025-11-29 10:21:27,478 : INFO : EventManager : Event: ======'sw_start'====== Args={}
2025-11-29 10:21:27,478 : INFO : EventManager : Event: ======'machine_var_audits_switches_s_start'====== Args={'value': 52, 'prev_value': 51, 'change': 1}
2025-11-29 10:21:27,479 : INFO : EventManager : Event: ======'player_add_request'====== Args={}
2025-11-29 10:21:27,479 : INFO : EventManager : Event: ======'player_will_add'====== Args={'number': 4}
2025-11-29 10:21:27,480 : INFO : EventManager : Event: ======'player_adding'====== Args={'player': <Player 4>, 'number': 4}
2025-11-29 10:21:27,480 : INFO : EventManager : Event: ======'player_added'====== Args={'player': <Player 4>, 'num': 4}
2025-11-29 10:21:27,480 : INFO : Mode.game : Player added successfully. Total players: 4
2025-11-29 10:21:27,480 : INFO : EventManager : Event: ======'player_index'====== Args={'value': 3, 'prev_value': 3, 'change': 0, 'player_num': 4}
2025-11-29 10:21:27,481 : INFO : EventManager : Event: ======'player_number'====== Args={'value': 4, 'prev_value': 4, 'change': 0, 'player_num': 4}
2025-11-29 10:21:27,481 : INFO : EventManager : Event: ======'player_dirtmouth_active'====== Args={'value': 0, 'prev_value': 0, 'change': 0, 'player_num': 4}
2025-11-29 10:21:27,481 : INFO : EventManager : Event: ======'player_mode_active'====== Args={'value': 0, 'prev_value': 0, 'change': 0, 'player_num': 4}
2025-11-29 10:21:27,482 : INFO : EventManager : Event: ======'player_lane_to_pop_active'====== Args={'value': 0, 'prev_value': 0, 'change': 0, 'player_num': 4}
2025-11-29 10:21:27,482 : INFO : EventManager : Event: ======'player_lanes_active'====== Args={'value': 0, 'prev_value': 0, 'change': 0, 'player_num': 4}
2025-11-29 10:21:27,482 : INFO : EventManager : Event: ======'player_left_orbit_active'====== Args={'value': 0, 'prev_value': 0, 'change': 0, 'player_num': 4}
2025-11-29 10:21:27,482 : INFO : EventManager : Event: ======'player_pop_bumper_active'====== Args={'value': 0, 'prev_value': 0, 'change': 0, 'player_num': 4}
2025-11-29 10:21:27,483 : INFO : EventManager : Event: ======'player_ramp_active'====== Args={'value': 0, 'prev_value': 0, 'change': 0, 'player_num': 4}
2025-11-29 10:21:27,483 : INFO : EventManager : Event: ======'player_right_orbit_active'====== Args={'value': 0, 'prev_value': 0, 'change': 0, 'player_num': 4}
2025-11-29 10:21:27,483 : INFO : EventManager : Event: ======'player_saucer_active'====== Args={'value': 0, 'prev_value': 0, 'change': 0, 'player_num': 4}
2025-11-29 10:21:27,483 : INFO : EventManager : Event: ======'player_slingshots_active'====== Args={'value': 0, 'prev_value': 0, 'change': 0, 'player_num': 4}
2025-11-29 10:21:27,484 : INFO : EventManager : Event: ======'player_targets_active'====== Args={'value': 0, 'prev_value': 0, 'change': 0, 'player_num': 4}
2025-11-29 10:21:27,484 : INFO : EventManager : Event: ======'player_vuk_active'====== Args={'value': 0, 'prev_value': 0, 'change': 0, 'player_num': 4}
2025-11-29 10:21:27,484 : INFO : EventManager : Event: ======'player_travel_progress'====== Args={'value': 0, 'prev_value': 0, 'change': 0, 'player_num': 4}
2025-11-29 10:21:27,484 : INFO : EventManager : Event: ======'player_travel_time_remaining_travel_dirtmouth_to_frogotten_crossroads'====== Args={'value': 40.0, 'prev_value': 40.0, 'change': 0, 'player_num': 4}
2025-11-29 10:21:27,485 : INFO : EventManager : Event: ======'player_travel_shots_remaining_travel_dirtmouth_to_frogotten_crossroads'====== Args={'value': 2, 'prev_value': 2, 'change': 0, 'player_num': 4}
2025-11-29 10:21:27,485 : INFO : EventManager : Event: ======'player_frogotten_crossroads_active'====== Args={'value': 0, 'prev_value': 0, 'change': 0, 'player_num': 4}
2025-11-29 10:21:27,485 : INFO : EventManager : Event: ======'player_score'====== Args={'value': 0, 'prev_value': 0, 'change': 0, 'player_num': 4}
2025-11-29 10:21:27,544 : INFO : SwitchController : <<<<<<< 's_start' inactive >>>>>>>
2025-11-29 10:21:27,645 : INFO : SwitchController : <<<<<<< 's_start' active >>>>>>>
2025-11-29 10:21:27,645 : INFO : EventManager : Event: ======'sw_start'====== Args={}
2025-11-29 10:21:27,645 : INFO : EventManager : Event: ======'machine_var_audits_switches_s_start'====== Args={'value': 53, 'prev_value': 52, 'change': 1}
2025-11-29 10:21:27,728 : INFO : SwitchController : <<<<<<< 's_start' inactive >>>>>>>
2025-11-29 10:21:27,811 : INFO : SwitchController : <<<<<<< 's_start' active >>>>>>>
2025-11-29 10:21:27,812 : INFO : EventManager : Event: ======'sw_start'====== Args={}
2025-11-29 10:21:27,812 : INFO : EventManager : Event: ======'machine_var_audits_switches_s_start'====== Args={'value': 54, 'prev_value': 53, 'change': 1}
2025-11-29 10:21:27,911 : INFO : SwitchController : <<<<<<< 's_start' inactive >>>>>>>
2025-11-29 10:21:28,011 : INFO : SwitchController : <<<<<<< 's_start' active >>>>>>>
2025-11-29 10:21:28,011 : INFO : EventManager : Event: ======'sw_start'====== Args={}
2025-11-29 10:21:28,012 : INFO : EventManager : Event: ======'machine_var_audits_switches_s_start'====== Args={'value': 55, 'prev_value': 54, 'change': 1}
2025-11-29 10:21:28,128 : INFO : SwitchController : <<<<<<< 's_start' inactive >>>>>>>
2025-11-29 10:21:28,228 : INFO : SwitchController : <<<<<<< 's_start' active >>>>>>>
2025-11-29 10:21:28,229 : INFO : EventManager : Event: ======'sw_start'====== Args={}
2025-11-29 10:21:28,229 : INFO : EventManager : Event: ======'machine_var_audits_switches_s_start'====== Args={'value': 56, 'prev_value': 55, 'change': 1}
2025-11-29 10:21:28,343 : INFO : SwitchController : <<<<<<< 's_start' inactive >>>>>>>
2025-11-29 10:21:28,544 : INFO : SwitchController : <<<<<<< 's_start' active >>>>>>>
2025-11-29 10:21:28,545 : INFO : EventManager : Event: ======'sw_start'====== Args={}
2025-11-29 10:21:28,545 : INFO : EventManager : Event: ======'machine_var_audits_switches_s_start'====== Args={'value': 57, 'prev_value': 56, 'change': 1}
2025-11-29 10:21:28,694 : INFO : SwitchController : <<<<<<< 's_start' inactive >>>>>>>
2025-11-29 10:21:31,987 : INFO : Machine : Shutting down...
2025-11-29 10:21:31,987 : INFO : EventManager : Event: ======'shutdown'====== Args={}
2025-11-29 10:21:31,989 : INFO : EventManager : Event: ======'mode_game_will_stop'====== Args={}
2025-11-29 10:21:31,989 : INFO : EventManager : Event: ======'mode_game_stopping'====== Args={}
2025-11-29 10:21:31,990 : INFO : EventManager : Event: ======'mode_right_orbit_will_stop'====== Args={}
2025-11-29 10:21:31,990 : INFO : EventManager : Event: ======'mode_right_orbit_stopping'====== Args={}
2025-11-29 10:21:31,990 : INFO : EventManager : Event: ======'mode_carousel_mode_select_will_stop'====== Args={}
2025-11-29 10:21:31,990 : INFO : EventManager : Event: ======'mode_carousel_mode_select_stopping'====== Args={}
2025-11-29 10:21:31,990 : INFO : EventManager : Event: ======'mode_pop_bumper_will_stop'====== Args={}
2025-11-29 10:21:31,990 : INFO : EventManager : Event: ======'mode_pop_bumper_stopping'====== Args={}
2025-11-29 10:21:31,990 : INFO : EventManager : Event: ======'mode_lanes_will_stop'====== Args={}
2025-11-29 10:21:31,990 : INFO : EventManager : Event: ======'mode_lanes_stopping'====== Args={}
2025-11-29 10:21:31,990 : INFO : EventManager : Event: ======'mode_left_orbit_will_stop'====== Args={}
2025-11-29 10:21:31,990 : INFO : EventManager : Event: ======'mode_left_orbit_stopping'====== Args={}
2025-11-29 10:21:31,991 : INFO : EventManager : Event: ======'mode_vuk_will_stop'====== Args={}
2025-11-29 10:21:31,991 : INFO : EventManager : Event: ======'mode_vuk_stopping'====== Args={}
2025-11-29 10:21:31,991 : INFO : EventManager : Event: ======'mode_dirtmouth_will_stop'====== Args={}
2025-11-29 10:21:31,991 : INFO : EventManager : Event: ======'mode_dirtmouth_stopping'====== Args={}
2025-11-29 10:21:31,991 : INFO : EventManager : Event: ======'mode_base_will_stop'====== Args={}
2025-11-29 10:21:31,991 : INFO : EventManager : Event: ======'mode_base_stopping'====== Args={}
2025-11-29 10:21:31,991 : INFO : EventManager : Event: ======'mode_targets_will_stop'====== Args={}
2025-11-29 10:21:31,991 : INFO : EventManager : Event: ======'mode_targets_stopping'====== Args={}
2025-11-29 10:21:31,991 : INFO : EventManager : Event: ======'mode_lane_to_pop_will_stop'====== Args={}
2025-11-29 10:21:31,991 : INFO : EventManager : Event: ======'mode_lane_to_pop_stopping'====== Args={}
2025-11-29 10:21:31,991 : INFO : EventManager : Event: ======'mode_saucer_will_stop'====== Args={}
2025-11-29 10:21:31,991 : INFO : EventManager : Event: ======'mode_saucer_stopping'====== Args={}
2025-11-29 10:21:31,991 : INFO : EventManager : Event: ======'mode_slingshots_will_stop'====== Args={}
2025-11-29 10:21:31,991 : INFO : EventManager : Event: ======'mode_slingshots_stopping'====== Args={}
2025-11-29 10:21:31,991 : INFO : EventManager : Event: ======'mode_ramp_will_stop'====== Args={}
2025-11-29 10:21:31,992 : INFO : EventManager : Event: ======'mode_ramp_stopping'====== Args={}
2025-11-29 10:21:31,992 : INFO : EventManager : Event: ======'stop_mode_right_orbit'====== Args={'priority': 0}
2025-11-29 10:21:31,992 : INFO : EventManager : Event: ======'stop_mode_slingshots'====== Args={'priority': 0}
2025-11-29 10:21:31,992 : INFO : EventManager : Event: ======'stop_mode_lanes'====== Args={'priority': 0}
2025-11-29 10:21:31,992 : INFO : EventManager : Event: ======'stop_mode_vuk'====== Args={'priority': 0}
2025-11-29 10:21:31,992 : INFO : EventManager : Event: ======'stop_mode_ramp'====== Args={'priority': 0}
2025-11-29 10:21:31,992 : INFO : EventManager : Event: ======'stop_mode_left_orbit'====== Args={'priority': 0}
2025-11-29 10:21:31,992 : INFO : EventManager : Event: ======'stop_mode_lane_to_pop'====== Args={'priority': 0}
2025-11-29 10:21:31,992 : INFO : EventManager : Event: ======'stop_mode_saucer'====== Args={'priority': 0}
2025-11-29 10:21:31,993 : INFO : EventManager : Event: ======'stop_mode_targets'====== Args={'priority': 0}
2025-11-29 10:21:31,993 : INFO : EventManager : Event: ======'stop_mode_pop_bumper'====== Args={'priority': 0}
2025-11-29 10:21:31,993 : INFO : EventManager : Event: ======'stop_mode_dirtmouth'====== Args={'priority': 0}
2025-11-29 10:21:31,993 : INFO : EventManager : Event: ======'stop_mode_false_knight_controller'====== Args={'priority': 0}
2025-11-29 10:21:31,993 : INFO : EventManager : Event: ======'stop_mode_frogotten_crossroads'====== Args={'priority': 0}
2025-11-29 10:21:31,993 : INFO : EventManager : Event: ======'stop_mode_travel_dirtmouth_to_frogotten_crossroads'====== Args={'priority': 0}
2025-11-29 10:21:31,993 : INFO : EventManager : Event: ======'stop_mode_carousel_mode_select'====== Args={'priority': 0}
2025-11-29 10:21:31,993 : INFO : Mode.ramp : Stopped.
2025-11-29 10:21:31,993 : INFO : EventManager : Event: ======'modes_active_modes_changed'====== Args={}
2025-11-29 10:21:31,993 : INFO : EventManager : Event: ======'mode_ramp_stopped'====== Args={}
2025-11-29 10:21:31,993 : INFO : EventManager : Event: ======'clear'====== Args={'key': 'ramp'}
2025-11-29 10:21:31,994 : INFO : Mode.slingshots : Stopped.
2025-11-29 10:21:31,994 : INFO : EventManager : Event: ======'modes_active_modes_changed'====== Args={}
2025-11-29 10:21:31,994 : INFO : EventManager : Event: ======'mode_slingshots_stopped'====== Args={}
2025-11-29 10:21:31,994 : INFO : EventManager : Event: ======'clear'====== Args={'key': 'slingshots'}
2025-11-29 10:21:31,995 : INFO : Mode.saucer : Stopped.
2025-11-29 10:21:31,995 : INFO : EventManager : Event: ======'modes_active_modes_changed'====== Args={}
2025-11-29 10:21:31,995 : INFO : EventManager : Event: ======'mode_saucer_stopped'====== Args={}
2025-11-29 10:21:31,995 : INFO : EventManager : Event: ======'clear'====== Args={'key': 'saucer'}
2025-11-29 10:21:31,995 : INFO : Mode.lane_to_pop : Stopped.
2025-11-29 10:21:31,996 : INFO : EventManager : Event: ======'modes_active_modes_changed'====== Args={}
2025-11-29 10:21:31,996 : INFO : EventManager : Event: ======'mode_lane_to_pop_stopped'====== Args={}
2025-11-29 10:21:31,996 : INFO : EventManager : Event: ======'clear'====== Args={'key': 'lane_to_pop'}
2025-11-29 10:21:31,996 : INFO : Mode.targets : Stopped.
2025-11-29 10:21:31,996 : INFO : EventManager : Event: ======'modes_active_modes_changed'====== Args={}
2025-11-29 10:21:31,996 : INFO : EventManager : Event: ======'mode_targets_stopped'====== Args={}
2025-11-29 10:21:31,996 : INFO : EventManager : Event: ======'clear'====== Args={'key': 'targets'}
2025-11-29 10:21:31,997 : INFO : Mode.base : Stopped.
2025-11-29 10:21:31,997 : INFO : EventManager : Event: ======'modes_active_modes_changed'====== Args={}
2025-11-29 10:21:31,997 : INFO : EventManager : Event: ======'mode_base_stopped'====== Args={}
2025-11-29 10:21:31,997 : INFO : EventManager : Event: ======'clear'====== Args={'key': 'base'}
2025-11-29 10:21:31,997 : INFO : Mode.dirtmouth : Stopped.
2025-11-29 10:21:31,997 : INFO : EventManager : Event: ======'modes_active_modes_changed'====== Args={}
2025-11-29 10:21:31,997 : INFO : EventManager : Event: ======'mode_dirtmouth_stopped'====== Args={}
2025-11-29 10:21:31,997 : INFO : EventManager : Event: ======'clear'====== Args={'key': 'dirtmouth'}
2025-11-29 10:21:31,997 : INFO : Mode.vuk : Stopped.
2025-11-29 10:21:31,997 : INFO : EventManager : Event: ======'modes_active_modes_changed'====== Args={}
2025-11-29 10:21:31,997 : INFO : EventManager : Event: ======'mode_vuk_stopped'====== Args={}
2025-11-29 10:21:31,998 : INFO : EventManager : Event: ======'clear'====== Args={'key': 'vuk'}
2025-11-29 10:21:31,998 : INFO : Mode.left_orbit : Stopped.
2025-11-29 10:21:31,998 : INFO : EventManager : Event: ======'modes_active_modes_changed'====== Args={}
2025-11-29 10:21:31,998 : INFO : EventManager : Event: ======'mode_left_orbit_stopped'====== Args={}
2025-11-29 10:21:31,998 : INFO : EventManager : Event: ======'clear'====== Args={'key': 'left_orbit'}
2025-11-29 10:21:31,998 : INFO : Mode.lanes : Stopped.
2025-11-29 10:21:31,998 : INFO : EventManager : Event: ======'modes_active_modes_changed'====== Args={}
2025-11-29 10:21:31,998 : INFO : EventManager : Event: ======'mode_lanes_stopped'====== Args={}
2025-11-29 10:21:31,998 : INFO : EventManager : Event: ======'clear'====== Args={'key': 'lanes'}
2025-11-29 10:21:31,998 : INFO : Mode.pop_bumper : Stopped.
2025-11-29 10:21:31,998 : INFO : EventManager : Event: ======'modes_active_modes_changed'====== Args={}
2025-11-29 10:21:31,999 : INFO : EventManager : Event: ======'mode_pop_bumper_stopped'====== Args={}
2025-11-29 10:21:31,999 : INFO : EventManager : Event: ======'clear'====== Args={'key': 'pop_bumper'}
2025-11-29 10:21:31,999 : INFO : Mode.carousel_mode_select : Stopped.
2025-11-29 10:21:31,999 : INFO : EventManager : Event: ======'modes_active_modes_changed'====== Args={}
2025-11-29 10:21:31,999 : INFO : EventManager : Event: ======'mode_carousel_mode_select_stopped'====== Args={}
2025-11-29 10:21:31,999 : INFO : EventManager : Event: ======'clear'====== Args={'key': 'carousel_mode_select'}
2025-11-29 10:21:31,999 : INFO : Mode.right_orbit : Stopped.
2025-11-29 10:21:31,999 : INFO : EventManager : Event: ======'modes_active_modes_changed'====== Args={}
2025-11-29 10:21:31,999 : INFO : EventManager : Event: ======'mode_right_orbit_stopped'====== Args={}
2025-11-29 10:21:31,999 : INFO : EventManager : Event: ======'clear'====== Args={'key': 'right_orbit'}
2025-11-29 10:21:31,999 : INFO : Mode.game : Stopped.
2025-11-29 10:21:31,999 : INFO : EventManager : Event: ======'modes_active_modes_changed'====== Args={}
2025-11-29 10:21:31,999 : INFO : EventManager : Event: ======'mode_game_stopped'====== Args={}
2025-11-29 10:21:31,999 : INFO : EventManager : Event: ======'clear'====== Args={'key': 'game'}
2025-11-29 10:21:32,002 : INFO : root : MPF run loop ended.
