2025-11-23 18:57:23,361 : INFO : root : Loading config.
2025-11-23 18:57:23,363 : INFO : YamlMultifileConfigLoader : Machine config file #1: config.yaml
2025-11-23 18:57:23,363 : INFO : ConfigProcessor : Loading config from cache: /var/folders/k0/j_dpx55x4kndbs36pl2nt9l00000gn/T/92f7f295141fbdde09e201e7fd0f1349.mpf_cache
2025-11-23 18:57:23,391 : WARNING : ConfigProcessor : Config file in cache changed: /Users/samhughes/Desktop/Hollow-Knight-Pinball/modes/attract/config/attract.yaml
2025-11-23 18:57:23,391 : INFO : ConfigProcessor : Loading config from file /Users/samhughes/mpf/lib/python3.13/site-packages/mpf/modes/attract/config/attract.yaml.
2025-11-23 18:57:23,392 : INFO : ConfigProcessor : Loading config: /Users/samhughes/mpf/lib/python3.13/site-packages/mpf/modes/attract/config/attract.yaml
2025-11-23 18:57:23,392 : INFO : ConfigProcessor : Loading config from file /Users/samhughes/Desktop/Hollow-Knight-Pinball/modes/attract/config/attract.yaml.
2025-11-23 18:57:23,393 : INFO : ConfigProcessor : Loading config: /Users/samhughes/Desktop/Hollow-Knight-Pinball/modes/attract/config/attract.yaml
2025-11-23 18:57:23,393 : INFO : ConfigProcessor : Config file cache created: /var/folders/k0/j_dpx55x4kndbs36pl2nt9l00000gn/T/7b77bdcd1da4c54cc720d492bab55a0d.mpf_cache
2025-11-23 18:57:23,393 : INFO : ConfigProcessor : Loading config from cache: /var/folders/k0/j_dpx55x4kndbs36pl2nt9l00000gn/T/501e18c1625d42f1ba9bf53b020c49c5.mpf_cache
2025-11-23 18:57:23,393 : INFO : ConfigProcessor : Loading config from cache: /var/folders/k0/j_dpx55x4kndbs36pl2nt9l00000gn/T/7b77bdcd1da4c54cc720d492bab55a0d.mpf_cache
2025-11-23 18:57:23,393 : INFO : ConfigProcessor : Loading config from cache: /var/folders/k0/j_dpx55x4kndbs36pl2nt9l00000gn/T/dda6f4da00898f9f0a4796a41d9a2ef0.mpf_cache
2025-11-23 18:57:23,394 : INFO : Machine : Mission Pinball Framework Core Engine v0.80.0.dev11
2025-11-23 18:57:23,394 : INFO : Machine : Command line arguments: {'no_load_cache': False, 'create_config_cache': True, 'bcp': True, 'configfile': ['config.yaml'], 'force_assets_load': False, 'platform_integration_test': False, 'jsonlogging': False, 'logfile': 'logs/2025-11-23-18-57-23-mpf-Mac.lan.log', 'pause': False, 'production': False, 'text_ui': False, 'loglevel': 15, 'consoleloglevel': 20, 'force_platform': 'virtual', 'syslog_address': None, 'full_logfile_path': '/Users/samhughes/Desktop/Hollow-Knight-Pinball/logs/2025-11-23-18-57-23-mpf-Mac.lan.log'}
2025-11-23 18:57:23,394 : INFO : Machine : MPF path: /Users/samhughes/mpf/lib/python3.13/site-packages/mpf
2025-11-23 18:57:23,394 : INFO : Machine : Machine path: /Users/samhughes/Desktop/Hollow-Knight-Pinball
2025-11-23 18:57:23,394 : INFO : Machine : Platform: darwin
2025-11-23 18:57:23,394 : INFO : Machine : Python executable location: /Users/samhughes/mpf/bin/python3.13
2025-11-23 18:57:23,394 : INFO : Machine : Python version: 3.13.2 (64-bit)
2025-11-23 18:57:23,394 : INFO : Machine : Initializing MPF...
2025-11-23 18:57:23,421 : INFO : EventManager : Event: ======'machine_var_credits_string'====== Args={'value': 'FREE PLAY', 'prev_value': None, 'change': True}
2025-11-23 18:57:23,426 : INFO : EventManager : Event: ======'machine_var_master_volume'====== Args={'value': 0.5, 'prev_value': None, 'change': True}
2025-11-23 18:57:23,426 : INFO : EventManager : Event: ======'machine_var_mpf_version'====== Args={'value': 'Mission Pinball Framework v0.80.0.dev11', 'prev_value': None, 'change': True}
2025-11-23 18:57:23,426 : INFO : EventManager : Event: ======'machine_var_mpf_extended_version'====== Args={'value': 'Mission Pinball Framework v0.80.0.dev11, Config version:6, Show version: 6, BCP version:1.1', 'prev_value': None, 'change': True}
2025-11-23 18:57:23,426 : INFO : EventManager : Event: ======'machine_var_python_version'====== Args={'value': '3.13.2', 'prev_value': None, 'change': True}
2025-11-23 18:57:23,436 : INFO : EventManager : Event: ======'machine_var_platform'====== Args={'value': 'macOS-15.6.1-arm64-arm-64bit-Mach-O', 'prev_value': None, 'change': True}
2025-11-23 18:57:23,436 : INFO : EventManager : Event: ======'machine_var_platform_system'====== Args={'value': 'Darwin', 'prev_value': None, 'change': True}
2025-11-23 18:57:23,436 : INFO : EventManager : Event: ======'machine_var_platform_release'====== Args={'value': '24.6.0', 'prev_value': None, 'change': True}
2025-11-23 18:57:23,436 : INFO : EventManager : Event: ======'machine_var_platform_version'====== Args={'value': 'Darwin Kernel Version 24.6.0: Mon Jul 14 11:29:54 PDT 2025; root:xnu-11417.140.69~1/RELEASE_ARM64_T8122', 'prev_value': None, 'change': True}
2025-11-23 18:57:23,436 : INFO : EventManager : Event: ======'machine_var_platform_machine'====== Args={'value': 'arm64', 'prev_value': None, 'change': True}
2025-11-23 18:57:23,436 : INFO : EventManager : Event: ======'machine_var_log_file_path'====== Args={'value': '/Users/samhughes/Desktop/Hollow-Knight-Pinball/logs/2025-11-23-18-57-23-mpf-Mac.lan.log', 'prev_value': None, 'change': True}
2025-11-23 18:57:23,436 : INFO : EventManager : Event: ======'init_phase_1'====== Args={}
2025-11-23 18:57:23,441 : INFO : EventManager : Event: ======'init_phase_2'====== Args={}
2025-11-23 18:57:23,441 : INFO : EventManager : Event: ======'bcp_connection_attempt'====== Args={'name': 'local_display', 'host': 'localhost', 'port': 5050}
2025-11-23 18:57:23,442 : INFO : BCPClientSocket : Connecting BCP to 'local_display' at localhost:5050...
2025-11-23 18:57:23,445 : INFO : BCPClientSocket : Connected BCP to 'local_display' localhost:5050
2025-11-23 18:57:23,445 : INFO : EventManager : Event: ======'bcp_clients_connected'====== Args={}
2025-11-23 18:57:23,445 : INFO : ball_device.bd_trough : BCH: Initial count: 0
2025-11-23 18:57:23,445 : INFO : ball_device.bd_trough : State: idle
2025-11-23 18:57:23,445 : INFO : ball_device.bd_plunger : BCH: Initial count: 0
2025-11-23 18:57:23,445 : INFO : ball_device.bd_plunger : State: idle
2025-11-23 18:57:23,448 : INFO : EventManager : Event: ======'init_phase_3'====== Args={}
2025-11-23 18:57:23,448 : INFO : EventManager : Event: ======'init_phase_4'====== Args={}
2025-11-23 18:57:23,448 : INFO : BallController : Initial balls found: 0
2025-11-23 18:57:23,449 : INFO : EventManager : Event: ======'machine_var_audits_switches_s_trough_2'====== Args={'value': 0, 'prev_value': None, 'change': True}
2025-11-23 18:57:23,449 : INFO : EventManager : Event: ======'machine_var_audits_switches_s_right_flipper'====== Args={'value': 0, 'prev_value': None, 'change': True}
2025-11-23 18:57:23,449 : INFO : EventManager : Event: ======'machine_var_audits_switches_s_trough_1'====== Args={'value': 0, 'prev_value': None, 'change': True}
2025-11-23 18:57:23,449 : INFO : EventManager : Event: ======'machine_var_audits_switches_s_trough_3'====== Args={'value': 0, 'prev_value': None, 'change': True}
2025-11-23 18:57:23,449 : INFO : EventManager : Event: ======'machine_var_audits_switches_s_left_flipper'====== Args={'value': 0, 'prev_value': None, 'change': True}
2025-11-23 18:57:23,449 : INFO : EventManager : Event: ======'machine_var_audits_switches_s_plunger_lane'====== Args={'value': 0, 'prev_value': None, 'change': True}
2025-11-23 18:57:23,449 : INFO : EventManager : Event: ======'machine_var_audits_events_game_started'====== Args={'value': 0, 'prev_value': None, 'change': True}
2025-11-23 18:57:23,449 : INFO : EventManager : Event: ======'machine_var_audits_events_game_ended'====== Args={'value': 0, 'prev_value': None, 'change': True}
2025-11-23 18:57:23,449 : INFO : EventManager : Event: ======'machine_var_audits_player_score'====== Args={'value': {'top': [], 'average': 0, 'total': 0}, 'prev_value': None, 'change': True}
2025-11-23 18:57:23,449 : INFO : EventManager : Event: ======'init_phase_5'====== Args={}
2025-11-23 18:57:23,449 : INFO : EventManager : Event: ======'init_done'====== Args={}
2025-11-23 18:57:23,449 : INFO : EventManager : Event: ======'machine_reset_phase_1'====== Args={}
2025-11-23 18:57:23,463 : INFO : EventManager : Event: ======'machine_reset_phase_2'====== Args={}
2025-11-23 18:57:23,463 : INFO : EventManager : Event: ======'machine_reset_phase_3'====== Args={}
2025-11-23 18:57:23,463 : INFO : EventManager : Event: ======'reset_complete'====== Args={}
2025-11-23 18:57:23,463 : INFO : EventManager : Event: ======'mode_attract_will_start'====== Args={}
2025-11-23 18:57:23,464 : INFO : EventManager : Event: ======'mode_attract_starting'====== Args={}
2025-11-23 18:57:23,464 : INFO : Mode.attract : Started. Priority: 10
2025-11-23 18:57:23,464 : INFO : EventManager : Event: ======'modes_active_modes_changed'====== Args={}
2025-11-23 18:57:23,464 : INFO : EventManager : Event: ======'mode_attract_started'====== Args={}
2025-11-23 18:57:23,464 : INFO : EventManager : Event: ======'collecting_balls_complete'====== Args={}
2025-11-23 18:57:23,464 : INFO : EventManager : Event: ======'carousel_item_highlighted'====== Args={'carousel': 'attract', 'direction': None, 'item': 'title'}
2025-11-23 18:57:23,464 : INFO : Machine : Starting the main run loop with active modes: [<Mode.attract>]
2025-11-23 18:57:23,571 : INFO : EventManager : Event: ======'slide_attract_created'====== Args={'_from_bcp': True}
2025-11-23 18:57:23,571 : INFO : EventManager : Event: ======'slide__removed'====== Args={'_from_bcp': True}
2025-11-23 18:57:23,571 : INFO : EventManager : Event: ======'slide_attract_active'====== Args={'original_context': 'attract', 'original_calling_context': 'mode_attract_started', 'priority': 10.0, 'cmd': 'slides_play', '_from_bcp': True}
2025-11-23 18:57:26,066 : INFO : SwitchController : <<<<<<< 's_right_flipper' active >>>>>>>
2025-11-23 18:57:26,066 : INFO : EventManager : Event: ======'s_right_flipper_active'====== Args={}
2025-11-23 18:57:26,067 : INFO : EventManager : Event: ======'carousel_item_highlighted'====== Args={'carousel': 'attract', 'direction': 'forwards', 'item': 'credits'}
2025-11-23 18:57:26,199 : INFO : SwitchController : <<<<<<< 's_right_flipper' inactive >>>>>>>
2025-11-23 18:57:26,699 : INFO : SwitchController : <<<<<<< 's_right_flipper' active >>>>>>>
2025-11-23 18:57:26,699 : INFO : EventManager : Event: ======'s_right_flipper_active'====== Args={}
2025-11-23 18:57:26,700 : INFO : EventManager : Event: ======'carousel_item_highlighted'====== Args={'carousel': 'attract', 'direction': 'forwards', 'item': 'mpf_and_cobrapin_logo'}
2025-11-23 18:57:26,799 : INFO : SwitchController : <<<<<<< 's_right_flipper' inactive >>>>>>>
2025-11-23 18:57:27,182 : INFO : SwitchController : <<<<<<< 's_right_flipper' active >>>>>>>
2025-11-23 18:57:27,182 : INFO : EventManager : Event: ======'s_right_flipper_active'====== Args={}
2025-11-23 18:57:27,183 : INFO : EventManager : Event: ======'carousel_item_highlighted'====== Args={'carousel': 'attract', 'direction': 'forwards', 'item': 'team_cherry'}
2025-11-23 18:57:27,298 : INFO : SwitchController : <<<<<<< 's_right_flipper' inactive >>>>>>>
2025-11-23 18:57:27,982 : INFO : SwitchController : <<<<<<< 's_left_flipper' active >>>>>>>
2025-11-23 18:57:27,983 : INFO : EventManager : Event: ======'s_left_flipper_active'====== Args={}
2025-11-23 18:57:27,983 : INFO : EventManager : Event: ======'carousel_item_highlighted'====== Args={'carousel': 'attract', 'direction': 'backwards', 'item': 'mpf_and_cobrapin_logo'}
2025-11-23 18:57:28,116 : INFO : SwitchController : <<<<<<< 's_left_flipper' inactive >>>>>>>
2025-11-23 18:57:29,616 : INFO : SwitchController : <<<<<<< 's_right_flipper' active >>>>>>>
2025-11-23 18:57:29,616 : INFO : EventManager : Event: ======'s_right_flipper_active'====== Args={}
2025-11-23 18:57:29,616 : INFO : EventManager : Event: ======'carousel_item_highlighted'====== Args={'carousel': 'attract', 'direction': 'forwards', 'item': 'team_cherry'}
2025-11-23 18:57:29,732 : INFO : SwitchController : <<<<<<< 's_right_flipper' inactive >>>>>>>
2025-11-23 18:57:30,716 : INFO : SwitchController : <<<<<<< 's_left_flipper' active >>>>>>>
2025-11-23 18:57:30,716 : INFO : EventManager : Event: ======'s_left_flipper_active'====== Args={}
2025-11-23 18:57:30,717 : INFO : EventManager : Event: ======'carousel_item_highlighted'====== Args={'carousel': 'attract', 'direction': 'backwards', 'item': 'mpf_and_cobrapin_logo'}
2025-11-23 18:57:30,832 : INFO : SwitchController : <<<<<<< 's_left_flipper' inactive >>>>>>>
2025-11-23 18:57:31,282 : INFO : SwitchController : <<<<<<< 's_left_flipper' active >>>>>>>
2025-11-23 18:57:31,282 : INFO : EventManager : Event: ======'s_left_flipper_active'====== Args={}
2025-11-23 18:57:31,283 : INFO : EventManager : Event: ======'carousel_item_highlighted'====== Args={'carousel': 'attract', 'direction': 'backwards', 'item': 'credits'}
2025-11-23 18:57:31,465 : INFO : SwitchController : <<<<<<< 's_left_flipper' inactive >>>>>>>
2025-11-23 18:57:32,198 : INFO : SwitchController : <<<<<<< 's_left_flipper' active >>>>>>>
2025-11-23 18:57:32,199 : INFO : EventManager : Event: ======'s_left_flipper_active'====== Args={}
2025-11-23 18:57:32,199 : INFO : EventManager : Event: ======'carousel_item_highlighted'====== Args={'carousel': 'attract', 'direction': 'backwards', 'item': 'title'}
2025-11-23 18:57:32,349 : INFO : SwitchController : <<<<<<< 's_left_flipper' inactive >>>>>>>
2025-11-23 18:57:32,683 : INFO : SwitchController : <<<<<<< 's_left_flipper' active >>>>>>>
2025-11-23 18:57:32,683 : INFO : EventManager : Event: ======'s_left_flipper_active'====== Args={}
2025-11-23 18:57:32,683 : INFO : EventManager : Event: ======'carousel_item_highlighted'====== Args={'carousel': 'attract', 'direction': 'backwards', 'item': 'team_cherry'}
2025-11-23 18:57:32,800 : INFO : SwitchController : <<<<<<< 's_left_flipper' inactive >>>>>>>
2025-11-23 18:57:33,082 : INFO : SwitchController : <<<<<<< 's_right_flipper' active >>>>>>>
2025-11-23 18:57:33,082 : INFO : EventManager : Event: ======'s_right_flipper_active'====== Args={}
2025-11-23 18:57:33,083 : INFO : EventManager : Event: ======'carousel_item_highlighted'====== Args={'carousel': 'attract', 'direction': 'forwards', 'item': 'title'}
2025-11-23 18:57:33,182 : INFO : SwitchController : <<<<<<< 's_right_flipper' inactive >>>>>>>
2025-11-23 18:57:33,315 : INFO : SwitchController : <<<<<<< 's_right_flipper' active >>>>>>>
2025-11-23 18:57:33,316 : INFO : EventManager : Event: ======'s_right_flipper_active'====== Args={}
2025-11-23 18:57:33,316 : INFO : EventManager : Event: ======'carousel_item_highlighted'====== Args={'carousel': 'attract', 'direction': 'forwards', 'item': 'credits'}
2025-11-23 18:57:33,382 : INFO : SwitchController : <<<<<<< 's_right_flipper' inactive >>>>>>>
2025-11-23 18:57:33,664 : INFO : SwitchController : <<<<<<< 's_right_flipper' active >>>>>>>
2025-11-23 18:57:33,665 : INFO : EventManager : Event: ======'s_right_flipper_active'====== Args={}
2025-11-23 18:57:33,665 : INFO : EventManager : Event: ======'carousel_item_highlighted'====== Args={'carousel': 'attract', 'direction': 'forwards', 'item': 'mpf_and_cobrapin_logo'}
2025-11-23 18:57:33,764 : INFO : SwitchController : <<<<<<< 's_right_flipper' inactive >>>>>>>
2025-11-23 18:57:34,132 : INFO : SwitchController : <<<<<<< 's_right_flipper' active >>>>>>>
2025-11-23 18:57:34,132 : INFO : EventManager : Event: ======'s_right_flipper_active'====== Args={}
2025-11-23 18:57:34,133 : INFO : EventManager : Event: ======'carousel_item_highlighted'====== Args={'carousel': 'attract', 'direction': 'forwards', 'item': 'team_cherry'}
2025-11-23 18:57:34,249 : INFO : SwitchController : <<<<<<< 's_right_flipper' inactive >>>>>>>
2025-11-23 18:57:36,891 : INFO : Machine : Shutting down...
2025-11-23 18:57:36,892 : INFO : EventManager : Event: ======'shutdown'====== Args={}
2025-11-23 18:57:36,894 : INFO : root : MPF run loop ended.
