2025-11-23 17:28:50,665 : INFO : root : Loading config.
2025-11-23 17:28:50,666 : INFO : YamlMultifileConfigLoader : Machine config file #1: config.yaml
2025-11-23 17:28:50,667 : INFO : ConfigProcessor : Loading config from cache: /var/folders/k0/j_dpx55x4kndbs36pl2nt9l00000gn/T/92f7f295141fbdde09e201e7fd0f1349.mpf_cache
2025-11-23 17:28:50,690 : INFO : ConfigProcessor : Loading config from cache: /var/folders/k0/j_dpx55x4kndbs36pl2nt9l00000gn/T/7b77bdcd1da4c54cc720d492bab55a0d.mpf_cache
2025-11-23 17:28:50,691 : INFO : ConfigProcessor : Loading config from cache: /var/folders/k0/j_dpx55x4kndbs36pl2nt9l00000gn/T/501e18c1625d42f1ba9bf53b020c49c5.mpf_cache
2025-11-23 17:28:50,691 : INFO : ConfigProcessor : Loading config from cache: /var/folders/k0/j_dpx55x4kndbs36pl2nt9l00000gn/T/7b77bdcd1da4c54cc720d492bab55a0d.mpf_cache
2025-11-23 17:28:50,691 : INFO : ConfigProcessor : Loading config from cache: /var/folders/k0/j_dpx55x4kndbs36pl2nt9l00000gn/T/dda6f4da00898f9f0a4796a41d9a2ef0.mpf_cache
2025-11-23 17:28:50,691 : INFO : Machine : Mission Pinball Framework Core Engine v0.80.0.dev11
2025-11-23 17:28:50,691 : INFO : Machine : Command line arguments: {'no_load_cache': False, 'create_config_cache': True, 'bcp': True, 'configfile': ['config.yaml'], 'force_assets_load': False, 'platform_integration_test': False, 'jsonlogging': False, 'logfile': 'logs/2025-11-23-17-28-50-mpf-Mac.lan.log', 'pause': False, 'production': False, 'text_ui': False, 'loglevel': 15, 'consoleloglevel': 20, 'force_platform': 'virtual', 'syslog_address': None, 'full_logfile_path': '/Users/samhughes/Desktop/Hollow-Knight-Pinball/logs/2025-11-23-17-28-50-mpf-Mac.lan.log'}
2025-11-23 17:28:50,691 : INFO : Machine : MPF path: /Users/samhughes/mpf/lib/python3.13/site-packages/mpf
2025-11-23 17:28:50,691 : INFO : Machine : Machine path: /Users/samhughes/Desktop/Hollow-Knight-Pinball
2025-11-23 17:28:50,691 : INFO : Machine : Platform: darwin
2025-11-23 17:28:50,691 : INFO : Machine : Python executable location: /Users/samhughes/mpf/bin/python3.13
2025-11-23 17:28:50,691 : INFO : Machine : Python version: 3.13.2 (64-bit)
2025-11-23 17:28:50,692 : INFO : Machine : Initializing MPF...
2025-11-23 17:28:50,718 : INFO : EventManager : Event: ======'machine_var_credits_string'====== Args={'value': 'FREE PLAY', 'prev_value': None, 'change': True}
2025-11-23 17:28:50,723 : INFO : EventManager : Event: ======'machine_var_master_volume'====== Args={'value': 0.5, 'prev_value': None, 'change': True}
2025-11-23 17:28:50,723 : INFO : EventManager : Event: ======'machine_var_mpf_version'====== Args={'value': 'Mission Pinball Framework v0.80.0.dev11', 'prev_value': None, 'change': True}
2025-11-23 17:28:50,723 : INFO : EventManager : Event: ======'machine_var_mpf_extended_version'====== Args={'value': 'Mission Pinball Framework v0.80.0.dev11, Config version:6, Show version: 6, BCP version:1.1', 'prev_value': None, 'change': True}
2025-11-23 17:28:50,723 : INFO : EventManager : Event: ======'machine_var_python_version'====== Args={'value': '3.13.2', 'prev_value': None, 'change': True}
2025-11-23 17:28:50,732 : INFO : EventManager : Event: ======'machine_var_platform'====== Args={'value': 'macOS-15.6.1-arm64-arm-64bit-Mach-O', 'prev_value': None, 'change': True}
2025-11-23 17:28:50,732 : INFO : EventManager : Event: ======'machine_var_platform_system'====== Args={'value': 'Darwin', 'prev_value': None, 'change': True}
2025-11-23 17:28:50,732 : INFO : EventManager : Event: ======'machine_var_platform_release'====== Args={'value': '24.6.0', 'prev_value': None, 'change': True}
2025-11-23 17:28:50,732 : INFO : EventManager : Event: ======'machine_var_platform_version'====== Args={'value': 'Darwin Kernel Version 24.6.0: Mon Jul 14 11:29:54 PDT 2025; root:xnu-11417.140.69~1/RELEASE_ARM64_T8122', 'prev_value': None, 'change': True}
2025-11-23 17:28:50,732 : INFO : EventManager : Event: ======'machine_var_platform_machine'====== Args={'value': 'arm64', 'prev_value': None, 'change': True}
2025-11-23 17:28:50,732 : INFO : EventManager : Event: ======'machine_var_log_file_path'====== Args={'value': '/Users/samhughes/Desktop/Hollow-Knight-Pinball/logs/2025-11-23-17-28-50-mpf-Mac.lan.log', 'prev_value': None, 'change': True}
2025-11-23 17:28:50,732 : INFO : EventManager : Event: ======'init_phase_1'====== Args={}
2025-11-23 17:28:50,739 : INFO : EventManager : Event: ======'init_phase_2'====== Args={}
2025-11-23 17:28:50,739 : INFO : EventManager : Event: ======'bcp_connection_attempt'====== Args={'name': 'local_display', 'host': 'localhost', 'port': 5050}
2025-11-23 17:28:50,740 : INFO : BCPClientSocket : Connecting BCP to 'local_display' at localhost:5050...
2025-11-23 17:28:50,743 : INFO : BCPClientSocket : Connected BCP to 'local_display' localhost:5050
2025-11-23 17:28:50,743 : INFO : EventManager : Event: ======'bcp_clients_connected'====== Args={}
2025-11-23 17:28:50,743 : INFO : ball_device.bd_trough : BCH: Initial count: 0
2025-11-23 17:28:50,743 : INFO : ball_device.bd_trough : State: idle
2025-11-23 17:28:50,743 : INFO : ball_device.bd_plunger : BCH: Initial count: 0
2025-11-23 17:28:50,743 : INFO : ball_device.bd_plunger : State: idle
2025-11-23 17:28:50,746 : INFO : EventManager : Event: ======'init_phase_3'====== Args={}
2025-11-23 17:28:50,746 : INFO : EventManager : Event: ======'init_phase_4'====== Args={}
2025-11-23 17:28:50,746 : INFO : BallController : Initial balls found: 0
2025-11-23 17:28:50,747 : INFO : EventManager : Event: ======'machine_var_audits_switches_s_trough_3'====== Args={'value': 0, 'prev_value': None, 'change': True}
2025-11-23 17:28:50,747 : INFO : EventManager : Event: ======'machine_var_audits_switches_s_trough_2'====== Args={'value': 0, 'prev_value': None, 'change': True}
2025-11-23 17:28:50,747 : INFO : EventManager : Event: ======'machine_var_audits_switches_s_trough_1'====== Args={'value': 0, 'prev_value': None, 'change': True}
2025-11-23 17:28:50,747 : INFO : EventManager : Event: ======'machine_var_audits_switches_s_plunger_lane'====== Args={'value': 0, 'prev_value': None, 'change': True}
2025-11-23 17:28:50,747 : INFO : EventManager : Event: ======'machine_var_audits_switches_s_left_flipper'====== Args={'value': 0, 'prev_value': None, 'change': True}
2025-11-23 17:28:50,747 : INFO : EventManager : Event: ======'machine_var_audits_switches_s_right_flipper'====== Args={'value': 0, 'prev_value': None, 'change': True}
2025-11-23 17:28:50,747 : INFO : EventManager : Event: ======'machine_var_audits_events_game_started'====== Args={'value': 0, 'prev_value': None, 'change': True}
2025-11-23 17:28:50,747 : INFO : EventManager : Event: ======'machine_var_audits_events_game_ended'====== Args={'value': 0, 'prev_value': None, 'change': True}
2025-11-23 17:28:50,747 : INFO : EventManager : Event: ======'machine_var_audits_player_score'====== Args={'value': {'top': [], 'average': 0, 'total': 0}, 'prev_value': None, 'change': True}
2025-11-23 17:28:50,747 : INFO : EventManager : Event: ======'init_phase_5'====== Args={}
2025-11-23 17:28:50,747 : INFO : EventManager : Event: ======'init_done'====== Args={}
2025-11-23 17:28:50,747 : INFO : EventManager : Event: ======'machine_reset_phase_1'====== Args={}
2025-11-23 17:28:50,753 : INFO : EventManager : Event: ======'machine_reset_phase_2'====== Args={}
2025-11-23 17:28:50,753 : INFO : EventManager : Event: ======'machine_reset_phase_3'====== Args={}
2025-11-23 17:28:50,754 : INFO : EventManager : Event: ======'reset_complete'====== Args={}
2025-11-23 17:28:50,754 : INFO : EventManager : Event: ======'mode_attract_will_start'====== Args={}
2025-11-23 17:28:50,754 : INFO : EventManager : Event: ======'mode_attract_starting'====== Args={}
2025-11-23 17:28:50,755 : INFO : Mode.attract : Started. Priority: 10
2025-11-23 17:28:50,755 : INFO : EventManager : Event: ======'modes_active_modes_changed'====== Args={}
2025-11-23 17:28:50,755 : INFO : EventManager : Event: ======'mode_attract_started'====== Args={}
2025-11-23 17:28:50,755 : INFO : EventManager : Event: ======'collecting_balls_complete'====== Args={}
2025-11-23 17:28:50,755 : INFO : EventManager : Event: ======'carousel_item_highlighted'====== Args={'carousel': 'attract', 'direction': None, 'item': 'title'}
2025-11-23 17:28:50,755 : INFO : Machine : Starting the main run loop with active modes: [<Mode.attract>]
2025-11-23 17:28:50,839 : INFO : EventManager : Event: ======'slide_attract_created'====== Args={'_from_bcp': True}
2025-11-23 17:28:50,839 : INFO : EventManager : Event: ======'slide__removed'====== Args={'_from_bcp': True}
2025-11-23 17:28:50,839 : INFO : EventManager : Event: ======'slide_attract_active'====== Args={'original_context': 'attract', 'original_calling_context': 'mode_attract_started', 'priority': 10.0, 'cmd': 'slides_play', '_from_bcp': True}
2025-11-23 17:28:59,938 : INFO : SwitchController : <<<<<<< 's_right_flipper' active >>>>>>>
2025-11-23 17:28:59,938 : INFO : EventManager : Event: ======'s_right_flipper_active'====== Args={}
2025-11-23 17:28:59,939 : INFO : EventManager : Event: ======'carousel_item_highlighted'====== Args={'carousel': 'attract', 'direction': 'forwards', 'item': 'credits'}
2025-11-23 17:29:00,104 : INFO : SwitchController : <<<<<<< 's_right_flipper' inactive >>>>>>>
2025-11-23 17:29:00,904 : INFO : SwitchController : <<<<<<< 's_right_flipper' active >>>>>>>
2025-11-23 17:29:00,904 : INFO : EventManager : Event: ======'s_right_flipper_active'====== Args={}
2025-11-23 17:29:00,904 : INFO : EventManager : Event: ======'carousel_item_highlighted'====== Args={'carousel': 'attract', 'direction': 'forwards', 'item': 'mpf_logo'}
2025-11-23 17:29:01,088 : INFO : SwitchController : <<<<<<< 's_right_flipper' inactive >>>>>>>
2025-11-23 17:29:01,488 : INFO : SwitchController : <<<<<<< 's_right_flipper' active >>>>>>>
2025-11-23 17:29:01,488 : INFO : EventManager : Event: ======'s_right_flipper_active'====== Args={}
2025-11-23 17:29:01,488 : INFO : EventManager : Event: ======'carousel_item_highlighted'====== Args={'carousel': 'attract', 'direction': 'forwards', 'item': 'title'}
2025-11-23 17:29:01,621 : INFO : SwitchController : <<<<<<< 's_right_flipper' inactive >>>>>>>
2025-11-23 17:29:01,771 : INFO : SwitchController : <<<<<<< 's_right_flipper' active >>>>>>>
2025-11-23 17:29:01,771 : INFO : EventManager : Event: ======'s_right_flipper_active'====== Args={}
2025-11-23 17:29:01,772 : INFO : EventManager : Event: ======'carousel_item_highlighted'====== Args={'carousel': 'attract', 'direction': 'forwards', 'item': 'credits'}
2025-11-23 17:29:01,887 : INFO : SwitchController : <<<<<<< 's_right_flipper' inactive >>>>>>>
2025-11-23 17:29:02,138 : INFO : SwitchController : <<<<<<< 's_right_flipper' active >>>>>>>
2025-11-23 17:29:02,138 : INFO : EventManager : Event: ======'s_right_flipper_active'====== Args={}
2025-11-23 17:29:02,138 : INFO : EventManager : Event: ======'carousel_item_highlighted'====== Args={'carousel': 'attract', 'direction': 'forwards', 'item': 'mpf_logo'}
2025-11-23 17:29:02,254 : INFO : SwitchController : <<<<<<< 's_right_flipper' inactive >>>>>>>
2025-11-23 17:29:02,487 : INFO : SwitchController : <<<<<<< 's_right_flipper' active >>>>>>>
2025-11-23 17:29:02,488 : INFO : EventManager : Event: ======'s_right_flipper_active'====== Args={}
2025-11-23 17:29:02,488 : INFO : EventManager : Event: ======'carousel_item_highlighted'====== Args={'carousel': 'attract', 'direction': 'forwards', 'item': 'title'}
2025-11-23 17:29:02,637 : INFO : SwitchController : <<<<<<< 's_right_flipper' inactive >>>>>>>
2025-11-23 17:29:02,804 : INFO : SwitchController : <<<<<<< 's_right_flipper' active >>>>>>>
2025-11-23 17:29:02,804 : INFO : EventManager : Event: ======'s_right_flipper_active'====== Args={}
2025-11-23 17:29:02,805 : INFO : EventManager : Event: ======'carousel_item_highlighted'====== Args={'carousel': 'attract', 'direction': 'forwards', 'item': 'credits'}
2025-11-23 17:29:02,920 : INFO : SwitchController : <<<<<<< 's_right_flipper' inactive >>>>>>>
2025-11-23 17:29:03,088 : INFO : SwitchController : <<<<<<< 's_right_flipper' active >>>>>>>
2025-11-23 17:29:03,088 : INFO : EventManager : Event: ======'s_right_flipper_active'====== Args={}
2025-11-23 17:29:03,088 : INFO : EventManager : Event: ======'carousel_item_highlighted'====== Args={'carousel': 'attract', 'direction': 'forwards', 'item': 'mpf_logo'}
2025-11-23 17:29:03,188 : INFO : SwitchController : <<<<<<< 's_right_flipper' inactive >>>>>>>
2025-11-23 17:29:03,604 : INFO : SwitchController : <<<<<<< 's_right_flipper' active >>>>>>>
2025-11-23 17:29:03,605 : INFO : EventManager : Event: ======'s_right_flipper_active'====== Args={}
2025-11-23 17:29:03,605 : INFO : EventManager : Event: ======'carousel_item_highlighted'====== Args={'carousel': 'attract', 'direction': 'forwards', 'item': 'title'}
2025-11-23 17:29:03,687 : INFO : SwitchController : <<<<<<< 's_right_flipper' inactive >>>>>>>
2025-11-23 17:29:03,904 : INFO : SwitchController : <<<<<<< 's_right_flipper' active >>>>>>>
2025-11-23 17:29:03,905 : INFO : EventManager : Event: ======'s_right_flipper_active'====== Args={}
2025-11-23 17:29:03,905 : INFO : EventManager : Event: ======'carousel_item_highlighted'====== Args={'carousel': 'attract', 'direction': 'forwards', 'item': 'credits'}
2025-11-23 17:29:04,006 : INFO : SwitchController : <<<<<<< 's_right_flipper' inactive >>>>>>>
2025-11-23 17:29:04,537 : INFO : SwitchController : <<<<<<< 's_right_flipper' active >>>>>>>
2025-11-23 17:29:04,538 : INFO : EventManager : Event: ======'s_right_flipper_active'====== Args={}
2025-11-23 17:29:04,538 : INFO : EventManager : Event: ======'carousel_item_highlighted'====== Args={'carousel': 'attract', 'direction': 'forwards', 'item': 'mpf_logo'}
2025-11-23 17:29:04,654 : INFO : SwitchController : <<<<<<< 's_right_flipper' inactive >>>>>>>
2025-11-23 17:29:04,820 : INFO : SwitchController : <<<<<<< 's_right_flipper' active >>>>>>>
2025-11-23 17:29:04,821 : INFO : EventManager : Event: ======'s_right_flipper_active'====== Args={}
2025-11-23 17:29:04,821 : INFO : EventManager : Event: ======'carousel_item_highlighted'====== Args={'carousel': 'attract', 'direction': 'forwards', 'item': 'title'}
2025-11-23 17:29:04,937 : INFO : SwitchController : <<<<<<< 's_right_flipper' inactive >>>>>>>
2025-11-23 17:29:05,104 : INFO : SwitchController : <<<<<<< 's_right_flipper' active >>>>>>>
2025-11-23 17:29:05,104 : INFO : EventManager : Event: ======'s_right_flipper_active'====== Args={}
2025-11-23 17:29:05,105 : INFO : EventManager : Event: ======'carousel_item_highlighted'====== Args={'carousel': 'attract', 'direction': 'forwards', 'item': 'credits'}
2025-11-23 17:29:05,187 : INFO : SwitchController : <<<<<<< 's_right_flipper' inactive >>>>>>>
2025-11-23 17:29:05,321 : INFO : SwitchController : <<<<<<< 's_right_flipper' active >>>>>>>
2025-11-23 17:29:05,321 : INFO : EventManager : Event: ======'s_right_flipper_active'====== Args={}
2025-11-23 17:29:05,322 : INFO : EventManager : Event: ======'carousel_item_highlighted'====== Args={'carousel': 'attract', 'direction': 'forwards', 'item': 'mpf_logo'}
2025-11-23 17:29:05,404 : INFO : SwitchController : <<<<<<< 's_right_flipper' inactive >>>>>>>
2025-11-23 17:29:05,537 : INFO : SwitchController : <<<<<<< 's_right_flipper' active >>>>>>>
2025-11-23 17:29:05,538 : INFO : EventManager : Event: ======'s_right_flipper_active'====== Args={}
2025-11-23 17:29:05,538 : INFO : EventManager : Event: ======'carousel_item_highlighted'====== Args={'carousel': 'attract', 'direction': 'forwards', 'item': 'title'}
2025-11-23 17:29:05,637 : INFO : SwitchController : <<<<<<< 's_right_flipper' inactive >>>>>>>
2025-11-23 17:29:05,788 : INFO : SwitchController : <<<<<<< 's_right_flipper' active >>>>>>>
2025-11-23 17:29:05,788 : INFO : EventManager : Event: ======'s_right_flipper_active'====== Args={}
2025-11-23 17:29:05,788 : INFO : EventManager : Event: ======'carousel_item_highlighted'====== Args={'carousel': 'attract', 'direction': 'forwards', 'item': 'credits'}
2025-11-23 17:29:05,887 : INFO : SwitchController : <<<<<<< 's_right_flipper' inactive >>>>>>>
2025-11-23 17:29:06,570 : INFO : SwitchController : <<<<<<< 's_right_flipper' active >>>>>>>
2025-11-23 17:29:06,571 : INFO : EventManager : Event: ======'s_right_flipper_active'====== Args={}
2025-11-23 17:29:06,571 : INFO : EventManager : Event: ======'carousel_item_highlighted'====== Args={'carousel': 'attract', 'direction': 'forwards', 'item': 'mpf_logo'}
2025-11-23 17:29:06,705 : INFO : SwitchController : <<<<<<< 's_right_flipper' inactive >>>>>>>
2025-11-23 17:29:06,971 : INFO : SwitchController : <<<<<<< 's_right_flipper' active >>>>>>>
2025-11-23 17:29:06,971 : INFO : EventManager : Event: ======'s_right_flipper_active'====== Args={}
2025-11-23 17:29:06,972 : INFO : EventManager : Event: ======'carousel_item_highlighted'====== Args={'carousel': 'attract', 'direction': 'forwards', 'item': 'title'}
2025-11-23 17:29:07,071 : INFO : SwitchController : <<<<<<< 's_right_flipper' inactive >>>>>>>
2025-11-23 17:29:17,827 : INFO : Machine : Shutting down...
2025-11-23 17:29:17,827 : INFO : EventManager : Event: ======'shutdown'====== Args={}
2025-11-23 17:29:17,829 : INFO : root : MPF run loop ended.
