2025-11-24 17:10:17,892 : INFO : root : Loading config.
2025-11-24 17:10:17,894 : INFO : YamlMultifileConfigLoader : Machine config file #1: config.yaml
2025-11-24 17:10:17,894 : INFO : ConfigProcessor : Loading config from cache: /var/folders/k0/j_dpx55x4kndbs36pl2nt9l00000gn/T/92f7f295141fbdde09e201e7fd0f1349.mpf_cache
2025-11-24 17:10:17,920 : WARNING : ConfigProcessor : Config file in cache changed: /Users/samhughes/Desktop/Hollow-Knight-Pinball/modes/attract/config/attract.yaml
2025-11-24 17:10:17,920 : INFO : ConfigProcessor : Loading config from file /Users/samhughes/mpf/lib/python3.13/site-packages/mpf/modes/attract/config/attract.yaml.
2025-11-24 17:10:17,921 : INFO : ConfigProcessor : Loading config: /Users/samhughes/mpf/lib/python3.13/site-packages/mpf/modes/attract/config/attract.yaml
2025-11-24 17:10:17,921 : INFO : ConfigProcessor : Loading config from file /Users/samhughes/Desktop/Hollow-Knight-Pinball/modes/attract/config/attract.yaml.
2025-11-24 17:10:17,923 : INFO : ConfigProcessor : Loading config: /Users/samhughes/Desktop/Hollow-Knight-Pinball/modes/attract/config/attract.yaml
2025-11-24 17:10:17,923 : INFO : ConfigProcessor : Config file cache created: /var/folders/k0/j_dpx55x4kndbs36pl2nt9l00000gn/T/7b77bdcd1da4c54cc720d492bab55a0d.mpf_cache
2025-11-24 17:10:17,923 : INFO : ConfigProcessor : Loading config from cache: /var/folders/k0/j_dpx55x4kndbs36pl2nt9l00000gn/T/501e18c1625d42f1ba9bf53b020c49c5.mpf_cache
2025-11-24 17:10:17,924 : INFO : ConfigProcessor : Loading config from cache: /var/folders/k0/j_dpx55x4kndbs36pl2nt9l00000gn/T/7b77bdcd1da4c54cc720d492bab55a0d.mpf_cache
2025-11-24 17:10:17,924 : INFO : ConfigProcessor : Loading config from cache: /var/folders/k0/j_dpx55x4kndbs36pl2nt9l00000gn/T/dda6f4da00898f9f0a4796a41d9a2ef0.mpf_cache
2025-11-24 17:10:17,924 : INFO : Machine : Mission Pinball Framework Core Engine v0.80.0.dev11
2025-11-24 17:10:17,924 : INFO : Machine : Command line arguments: {'no_load_cache': False, 'create_config_cache': True, 'bcp': True, 'configfile': ['config.yaml'], 'force_assets_load': False, 'platform_integration_test': False, 'jsonlogging': False, 'logfile': 'logs/2025-11-24-17-10-17-mpf-Sams-MacBook-Air-2.local.log', 'pause': False, 'production': False, 'text_ui': False, 'loglevel': 15, 'consoleloglevel': 20, 'force_platform': 'virtual', 'syslog_address': None, 'full_logfile_path': '/Users/samhughes/Desktop/Hollow-Knight-Pinball/logs/2025-11-24-17-10-17-mpf-Sams-MacBook-Air-2.local.log'}
2025-11-24 17:10:17,924 : INFO : Machine : MPF path: /Users/samhughes/mpf/lib/python3.13/site-packages/mpf
2025-11-24 17:10:17,924 : INFO : Machine : Machine path: /Users/samhughes/Desktop/Hollow-Knight-Pinball
2025-11-24 17:10:17,924 : INFO : Machine : Platform: darwin
2025-11-24 17:10:17,924 : INFO : Machine : Python executable location: /Users/samhughes/mpf/bin/python3.13
2025-11-24 17:10:17,924 : INFO : Machine : Python version: 3.13.2 (64-bit)
2025-11-24 17:10:17,924 : INFO : Machine : Initializing MPF...
2025-11-24 17:10:17,951 : INFO : EventManager : Event: ======'machine_var_credits_string'====== Args={'value': 'FREE PLAY', 'prev_value': None, 'change': True}
2025-11-24 17:10:17,956 : INFO : EventManager : Event: ======'machine_var_master_volume'====== Args={'value': 0.5, 'prev_value': None, 'change': True}
2025-11-24 17:10:17,956 : INFO : EventManager : Event: ======'machine_var_mpf_version'====== Args={'value': 'Mission Pinball Framework v0.80.0.dev11', 'prev_value': None, 'change': True}
2025-11-24 17:10:17,956 : INFO : EventManager : Event: ======'machine_var_mpf_extended_version'====== Args={'value': 'Mission Pinball Framework v0.80.0.dev11, Config version:6, Show version: 6, BCP version:1.1', 'prev_value': None, 'change': True}
2025-11-24 17:10:17,956 : INFO : EventManager : Event: ======'machine_var_python_version'====== Args={'value': '3.13.2', 'prev_value': None, 'change': True}
2025-11-24 17:10:17,965 : INFO : EventManager : Event: ======'machine_var_platform'====== Args={'value': 'macOS-15.6.1-arm64-arm-64bit-Mach-O', 'prev_value': None, 'change': True}
2025-11-24 17:10:17,965 : INFO : EventManager : Event: ======'machine_var_platform_system'====== Args={'value': 'Darwin', 'prev_value': None, 'change': True}
2025-11-24 17:10:17,965 : INFO : EventManager : Event: ======'machine_var_platform_release'====== Args={'value': '24.6.0', 'prev_value': None, 'change': True}
2025-11-24 17:10:17,965 : INFO : EventManager : Event: ======'machine_var_platform_version'====== Args={'value': 'Darwin Kernel Version 24.6.0: Mon Jul 14 11:29:54 PDT 2025; root:xnu-11417.140.69~1/RELEASE_ARM64_T8122', 'prev_value': None, 'change': True}
2025-11-24 17:10:17,965 : INFO : EventManager : Event: ======'machine_var_platform_machine'====== Args={'value': 'arm64', 'prev_value': None, 'change': True}
2025-11-24 17:10:17,965 : INFO : EventManager : Event: ======'machine_var_log_file_path'====== Args={'value': '/Users/samhughes/Desktop/Hollow-Knight-Pinball/logs/2025-11-24-17-10-17-mpf-Sams-MacBook-Air-2.local.log', 'prev_value': None, 'change': True}
2025-11-24 17:10:17,965 : INFO : EventManager : Event: ======'init_phase_1'====== Args={}
2025-11-24 17:10:17,971 : INFO : EventManager : Event: ======'init_phase_2'====== Args={}
2025-11-24 17:10:17,972 : INFO : EventManager : Event: ======'bcp_connection_attempt'====== Args={'name': 'local_display', 'host': 'localhost', 'port': 5050}
2025-11-24 17:10:17,972 : INFO : BCPClientSocket : Connecting BCP to 'local_display' at localhost:5050...
2025-11-24 17:10:17,975 : INFO : BCPClientSocket : Connected BCP to 'local_display' localhost:5050
2025-11-24 17:10:17,976 : INFO : EventManager : Event: ======'bcp_clients_connected'====== Args={}
2025-11-24 17:10:17,976 : INFO : ball_device.bd_trough : BCH: Initial count: 0
2025-11-24 17:10:17,976 : INFO : ball_device.bd_trough : State: idle
2025-11-24 17:10:17,976 : INFO : ball_device.bd_plunger : BCH: Initial count: 0
2025-11-24 17:10:17,976 : INFO : ball_device.bd_plunger : State: idle
2025-11-24 17:10:17,979 : INFO : EventManager : Event: ======'init_phase_3'====== Args={}
2025-11-24 17:10:17,979 : INFO : EventManager : Event: ======'init_phase_4'====== Args={}
2025-11-24 17:10:17,979 : INFO : BallController : Initial balls found: 0
2025-11-24 17:10:17,980 : INFO : EventManager : Event: ======'machine_var_audits_switches_s_plunger_lane'====== Args={'value': 0, 'prev_value': None, 'change': True}
2025-11-24 17:10:17,980 : INFO : EventManager : Event: ======'machine_var_audits_switches_s_right_inlane'====== Args={'value': 0, 'prev_value': None, 'change': True}
2025-11-24 17:10:17,980 : INFO : EventManager : Event: ======'machine_var_audits_switches_s_ramp'====== Args={'value': 0, 'prev_value': None, 'change': True}
2025-11-24 17:10:17,980 : INFO : EventManager : Event: ======'machine_var_audits_switches_s_back_right_target'====== Args={'value': 0, 'prev_value': None, 'change': True}
2025-11-24 17:10:17,980 : INFO : EventManager : Event: ======'machine_var_audits_switches_s_pop_bumper'====== Args={'value': 0, 'prev_value': None, 'change': True}
2025-11-24 17:10:17,980 : INFO : EventManager : Event: ======'machine_var_audits_switches_s_back_middle_left_target'====== Args={'value': 0, 'prev_value': None, 'change': True}
2025-11-24 17:10:17,980 : INFO : EventManager : Event: ======'machine_var_audits_switches_s_back_left_target'====== Args={'value': 0, 'prev_value': None, 'change': True}
2025-11-24 17:10:17,980 : INFO : EventManager : Event: ======'machine_var_audits_switches_s_right_outlane'====== Args={'value': 0, 'prev_value': None, 'change': True}
2025-11-24 17:10:17,980 : INFO : EventManager : Event: ======'machine_var_audits_switches_s_right_orbit'====== Args={'value': 0, 'prev_value': None, 'change': True}
2025-11-24 17:10:17,980 : INFO : EventManager : Event: ======'machine_var_audits_switches_s_trough_1'====== Args={'value': 0, 'prev_value': None, 'change': True}
2025-11-24 17:10:17,980 : INFO : EventManager : Event: ======'machine_var_audits_switches_s_top_left_slingshot'====== Args={'value': 0, 'prev_value': None, 'change': True}
2025-11-24 17:10:17,980 : INFO : EventManager : Event: ======'machine_var_audits_switches_s_trough_3'====== Args={'value': 0, 'prev_value': None, 'change': True}
2025-11-24 17:10:17,980 : INFO : EventManager : Event: ======'machine_var_audits_switches_s_left_inlane'====== Args={'value': 0, 'prev_value': None, 'change': True}
2025-11-24 17:10:17,980 : INFO : EventManager : Event: ======'machine_var_audits_switches_s_left_outlane'====== Args={'value': 0, 'prev_value': None, 'change': True}
2025-11-24 17:10:17,980 : INFO : EventManager : Event: ======'machine_var_audits_switches_s_right_flipper'====== Args={'value': 0, 'prev_value': None, 'change': True}
2025-11-24 17:10:17,980 : INFO : EventManager : Event: ======'machine_var_audits_switches_s_vuk'====== Args={'value': 0, 'prev_value': None, 'change': True}
2025-11-24 17:10:17,980 : INFO : EventManager : Event: ======'machine_var_audits_switches_s_saucer'====== Args={'value': 0, 'prev_value': None, 'change': True}
2025-11-24 17:10:17,980 : INFO : EventManager : Event: ======'machine_var_audits_switches_s_top_right_slingshot'====== Args={'value': 0, 'prev_value': None, 'change': True}
2025-11-24 17:10:17,980 : INFO : EventManager : Event: ======'machine_var_audits_switches_s_front_middle_target'====== Args={'value': 0, 'prev_value': None, 'change': True}
2025-11-24 17:10:17,980 : INFO : EventManager : Event: ======'machine_var_audits_switches_s_bottom_left_slingshot'====== Args={'value': 0, 'prev_value': None, 'change': True}
2025-11-24 17:10:17,980 : INFO : EventManager : Event: ======'machine_var_audits_switches_s_left_orbit'====== Args={'value': 0, 'prev_value': None, 'change': True}
2025-11-24 17:10:17,980 : INFO : EventManager : Event: ======'machine_var_audits_switches_s_lane_to_pop'====== Args={'value': 0, 'prev_value': None, 'change': True}
2025-11-24 17:10:17,980 : INFO : EventManager : Event: ======'machine_var_audits_switches_s_back_middle_right_target'====== Args={'value': 0, 'prev_value': None, 'change': True}
2025-11-24 17:10:17,980 : INFO : EventManager : Event: ======'machine_var_audits_switches_s_trough_2'====== Args={'value': 0, 'prev_value': None, 'change': True}
2025-11-24 17:10:17,980 : INFO : EventManager : Event: ======'machine_var_audits_switches_s_front_left_target'====== Args={'value': 0, 'prev_value': None, 'change': True}
2025-11-24 17:10:17,980 : INFO : EventManager : Event: ======'machine_var_audits_switches_s_front_right_target'====== Args={'value': 0, 'prev_value': None, 'change': True}
2025-11-24 17:10:17,980 : INFO : EventManager : Event: ======'machine_var_audits_switches_s_left_flipper'====== Args={'value': 0, 'prev_value': None, 'change': True}
2025-11-24 17:10:17,980 : INFO : EventManager : Event: ======'machine_var_audits_switches_s_bottom_right_slingshot'====== Args={'value': 0, 'prev_value': None, 'change': True}
2025-11-24 17:10:17,980 : INFO : EventManager : Event: ======'machine_var_audits_events_game_started'====== Args={'value': 0, 'prev_value': None, 'change': True}
2025-11-24 17:10:17,980 : INFO : EventManager : Event: ======'machine_var_audits_events_game_ended'====== Args={'value': 0, 'prev_value': None, 'change': True}
2025-11-24 17:10:17,980 : INFO : EventManager : Event: ======'machine_var_audits_player_score'====== Args={'value': {'top': [], 'average': 0, 'total': 0}, 'prev_value': None, 'change': True}
2025-11-24 17:10:17,980 : INFO : EventManager : Event: ======'init_phase_5'====== Args={}
2025-11-24 17:10:17,980 : INFO : EventManager : Event: ======'init_done'====== Args={}
2025-11-24 17:10:17,980 : INFO : EventManager : Event: ======'machine_reset_phase_1'====== Args={}
2025-11-24 17:10:17,987 : INFO : EventManager : Event: ======'machine_reset_phase_2'====== Args={}
2025-11-24 17:10:17,988 : INFO : EventManager : Event: ======'machine_reset_phase_3'====== Args={}
2025-11-24 17:10:17,988 : INFO : EventManager : Event: ======'reset_complete'====== Args={}
2025-11-24 17:10:17,988 : INFO : EventManager : Event: ======'mode_attract_will_start'====== Args={}
2025-11-24 17:10:17,988 : INFO : Timer.attract_carousel_timer : Starting Timer.
2025-11-24 17:10:17,988 : INFO : EventManager : Event: ======'timer_attract_carousel_timer_started'====== Args={'ticks': 0, 'ticks_remaining': 1}
2025-11-24 17:10:17,988 : INFO : EventManager : Event: ======'timer_attract_carousel_timer_tick'====== Args={'ticks': 0, 'ticks_remaining': 1}
2025-11-24 17:10:17,988 : INFO : EventManager : Event: ======'mode_attract_starting'====== Args={}
2025-11-24 17:10:17,988 : INFO : Mode.attract : Started. Priority: 10
2025-11-24 17:10:17,988 : INFO : EventManager : Event: ======'modes_active_modes_changed'====== Args={}
2025-11-24 17:10:17,988 : INFO : EventManager : Event: ======'mode_attract_started'====== Args={}
2025-11-24 17:10:17,989 : INFO : EventManager : Event: ======'collecting_balls_complete'====== Args={}
2025-11-24 17:10:17,989 : INFO : EventManager : Event: ======'carousel_item_highlighted'====== Args={'carousel': 'attract', 'direction': None, 'item': 'title'}
2025-11-24 17:10:17,989 : INFO : Machine : Starting the main run loop with active modes: [<Mode.attract>]
2025-11-24 17:10:18,123 : INFO : EventManager : Event: ======'slide_attract_created'====== Args={'_from_bcp': True}
2025-11-24 17:10:18,123 : INFO : EventManager : Event: ======'slide__removed'====== Args={'_from_bcp': True}
2025-11-24 17:10:18,123 : INFO : EventManager : Event: ======'slide_attract_active'====== Args={'original_context': 'attract', 'original_calling_context': 'mode_attract_started', 'priority': 10.0, 'cmd': 'slides_play', '_from_bcp': True}
2025-11-24 17:10:22,990 : INFO : Timer.attract_carousel_timer : Timer Complete
2025-11-24 17:10:22,990 : INFO : Timer.attract_carousel_timer : Stopping Timer
2025-11-24 17:10:22,990 : INFO : EventManager : Event: ======'timer_attract_carousel_timer_stopped'====== Args={'ticks': 1, 'ticks_remaining': 1}
2025-11-24 17:10:22,990 : INFO : EventManager : Event: ======'timer_attract_carousel_timer_complete'====== Args={'ticks': 1, 'ticks_remaining': 1}
2025-11-24 17:10:22,991 : INFO : EventManager : Event: ======'carousel_item_highlighted'====== Args={'carousel': 'attract', 'direction': 'forwards', 'item': 'map'}
2025-11-24 17:10:22,991 : INFO : Timer.attract_carousel_timer : Starting Timer.
2025-11-24 17:10:22,991 : INFO : EventManager : Event: ======'timer_attract_carousel_timer_started'====== Args={'ticks': 0, 'ticks_remaining': 1}
2025-11-24 17:10:22,991 : INFO : EventManager : Event: ======'timer_attract_carousel_timer_tick'====== Args={'ticks': 0, 'ticks_remaining': 1}
2025-11-24 17:10:27,992 : INFO : Timer.attract_carousel_timer : Timer Complete
2025-11-24 17:10:27,992 : INFO : Timer.attract_carousel_timer : Stopping Timer
2025-11-24 17:10:27,992 : INFO : EventManager : Event: ======'timer_attract_carousel_timer_stopped'====== Args={'ticks': 1, 'ticks_remaining': 1}
2025-11-24 17:10:27,992 : INFO : EventManager : Event: ======'timer_attract_carousel_timer_complete'====== Args={'ticks': 1, 'ticks_remaining': 1}
2025-11-24 17:10:27,993 : INFO : EventManager : Event: ======'carousel_item_highlighted'====== Args={'carousel': 'attract', 'direction': 'forwards', 'item': 'credits'}
2025-11-24 17:10:27,993 : INFO : Timer.attract_carousel_timer : Starting Timer.
2025-11-24 17:10:27,993 : INFO : EventManager : Event: ======'timer_attract_carousel_timer_started'====== Args={'ticks': 0, 'ticks_remaining': 1}
2025-11-24 17:10:27,994 : INFO : EventManager : Event: ======'timer_attract_carousel_timer_tick'====== Args={'ticks': 0, 'ticks_remaining': 1}
2025-11-24 17:10:32,995 : INFO : Timer.attract_carousel_timer : Timer Complete
2025-11-24 17:10:32,995 : INFO : Timer.attract_carousel_timer : Stopping Timer
2025-11-24 17:10:32,995 : INFO : EventManager : Event: ======'timer_attract_carousel_timer_stopped'====== Args={'ticks': 1, 'ticks_remaining': 1}
2025-11-24 17:10:32,995 : INFO : EventManager : Event: ======'timer_attract_carousel_timer_complete'====== Args={'ticks': 1, 'ticks_remaining': 1}
2025-11-24 17:10:32,996 : INFO : EventManager : Event: ======'carousel_item_highlighted'====== Args={'carousel': 'attract', 'direction': 'forwards', 'item': 'mpf_and_cobrapin_logo'}
2025-11-24 17:10:32,996 : INFO : Timer.attract_carousel_timer : Starting Timer.
2025-11-24 17:10:32,996 : INFO : EventManager : Event: ======'timer_attract_carousel_timer_started'====== Args={'ticks': 0, 'ticks_remaining': 1}
2025-11-24 17:10:32,996 : INFO : EventManager : Event: ======'timer_attract_carousel_timer_tick'====== Args={'ticks': 0, 'ticks_remaining': 1}
2025-11-24 17:10:37,997 : INFO : Timer.attract_carousel_timer : Timer Complete
2025-11-24 17:10:37,998 : INFO : Timer.attract_carousel_timer : Stopping Timer
2025-11-24 17:10:37,998 : INFO : EventManager : Event: ======'timer_attract_carousel_timer_stopped'====== Args={'ticks': 1, 'ticks_remaining': 1}
2025-11-24 17:10:37,998 : INFO : EventManager : Event: ======'timer_attract_carousel_timer_complete'====== Args={'ticks': 1, 'ticks_remaining': 1}
2025-11-24 17:10:37,998 : INFO : EventManager : Event: ======'carousel_item_highlighted'====== Args={'carousel': 'attract', 'direction': 'forwards', 'item': 'team_cherry'}
2025-11-24 17:10:37,999 : INFO : Timer.attract_carousel_timer : Starting Timer.
2025-11-24 17:10:37,999 : INFO : EventManager : Event: ======'timer_attract_carousel_timer_started'====== Args={'ticks': 0, 'ticks_remaining': 1}
2025-11-24 17:10:37,999 : INFO : EventManager : Event: ======'timer_attract_carousel_timer_tick'====== Args={'ticks': 0, 'ticks_remaining': 1}
2025-11-24 17:10:43,000 : INFO : Timer.attract_carousel_timer : Timer Complete
2025-11-24 17:10:43,000 : INFO : Timer.attract_carousel_timer : Stopping Timer
2025-11-24 17:10:43,000 : INFO : EventManager : Event: ======'timer_attract_carousel_timer_stopped'====== Args={'ticks': 1, 'ticks_remaining': 1}
2025-11-24 17:10:43,001 : INFO : EventManager : Event: ======'timer_attract_carousel_timer_complete'====== Args={'ticks': 1, 'ticks_remaining': 1}
2025-11-24 17:10:43,001 : INFO : EventManager : Event: ======'carousel_item_highlighted'====== Args={'carousel': 'attract', 'direction': 'forwards', 'item': 'title'}
2025-11-24 17:10:43,002 : INFO : Timer.attract_carousel_timer : Starting Timer.
2025-11-24 17:10:43,002 : INFO : EventManager : Event: ======'timer_attract_carousel_timer_started'====== Args={'ticks': 0, 'ticks_remaining': 1}
2025-11-24 17:10:43,003 : INFO : EventManager : Event: ======'timer_attract_carousel_timer_tick'====== Args={'ticks': 0, 'ticks_remaining': 1}
2025-11-24 17:10:48,003 : INFO : Timer.attract_carousel_timer : Timer Complete
2025-11-24 17:10:48,003 : INFO : Timer.attract_carousel_timer : Stopping Timer
2025-11-24 17:10:48,004 : INFO : EventManager : Event: ======'timer_attract_carousel_timer_stopped'====== Args={'ticks': 1, 'ticks_remaining': 1}
2025-11-24 17:10:48,004 : INFO : EventManager : Event: ======'timer_attract_carousel_timer_complete'====== Args={'ticks': 1, 'ticks_remaining': 1}
2025-11-24 17:10:48,004 : INFO : EventManager : Event: ======'carousel_item_highlighted'====== Args={'carousel': 'attract', 'direction': 'forwards', 'item': 'map'}
2025-11-24 17:10:48,004 : INFO : Timer.attract_carousel_timer : Starting Timer.
2025-11-24 17:10:48,005 : INFO : EventManager : Event: ======'timer_attract_carousel_timer_started'====== Args={'ticks': 0, 'ticks_remaining': 1}
2025-11-24 17:10:48,005 : INFO : EventManager : Event: ======'timer_attract_carousel_timer_tick'====== Args={'ticks': 0, 'ticks_remaining': 1}
2025-11-24 17:10:53,006 : INFO : Timer.attract_carousel_timer : Timer Complete
2025-11-24 17:10:53,006 : INFO : Timer.attract_carousel_timer : Stopping Timer
2025-11-24 17:10:53,006 : INFO : EventManager : Event: ======'timer_attract_carousel_timer_stopped'====== Args={'ticks': 1, 'ticks_remaining': 1}
2025-11-24 17:10:53,006 : INFO : EventManager : Event: ======'timer_attract_carousel_timer_complete'====== Args={'ticks': 1, 'ticks_remaining': 1}
2025-11-24 17:10:53,007 : INFO : EventManager : Event: ======'carousel_item_highlighted'====== Args={'carousel': 'attract', 'direction': 'forwards', 'item': 'credits'}
2025-11-24 17:10:53,007 : INFO : Timer.attract_carousel_timer : Starting Timer.
2025-11-24 17:10:53,007 : INFO : EventManager : Event: ======'timer_attract_carousel_timer_started'====== Args={'ticks': 0, 'ticks_remaining': 1}
2025-11-24 17:10:53,007 : INFO : EventManager : Event: ======'timer_attract_carousel_timer_tick'====== Args={'ticks': 0, 'ticks_remaining': 1}
2025-11-24 17:10:58,008 : INFO : Timer.attract_carousel_timer : Timer Complete
2025-11-24 17:10:58,008 : INFO : Timer.attract_carousel_timer : Stopping Timer
2025-11-24 17:10:58,008 : INFO : EventManager : Event: ======'timer_attract_carousel_timer_stopped'====== Args={'ticks': 1, 'ticks_remaining': 1}
2025-11-24 17:10:58,008 : INFO : EventManager : Event: ======'timer_attract_carousel_timer_complete'====== Args={'ticks': 1, 'ticks_remaining': 1}
2025-11-24 17:10:58,009 : INFO : EventManager : Event: ======'carousel_item_highlighted'====== Args={'carousel': 'attract', 'direction': 'forwards', 'item': 'mpf_and_cobrapin_logo'}
2025-11-24 17:10:58,009 : INFO : Timer.attract_carousel_timer : Starting Timer.
2025-11-24 17:10:58,009 : INFO : EventManager : Event: ======'timer_attract_carousel_timer_started'====== Args={'ticks': 0, 'ticks_remaining': 1}
2025-11-24 17:10:58,009 : INFO : EventManager : Event: ======'timer_attract_carousel_timer_tick'====== Args={'ticks': 0, 'ticks_remaining': 1}
2025-11-24 17:11:03,010 : INFO : Timer.attract_carousel_timer : Timer Complete
2025-11-24 17:11:03,011 : INFO : Timer.attract_carousel_timer : Stopping Timer
2025-11-24 17:11:03,011 : INFO : EventManager : Event: ======'timer_attract_carousel_timer_stopped'====== Args={'ticks': 1, 'ticks_remaining': 1}
2025-11-24 17:11:03,011 : INFO : EventManager : Event: ======'timer_attract_carousel_timer_complete'====== Args={'ticks': 1, 'ticks_remaining': 1}
2025-11-24 17:11:03,011 : INFO : EventManager : Event: ======'carousel_item_highlighted'====== Args={'carousel': 'attract', 'direction': 'forwards', 'item': 'team_cherry'}
2025-11-24 17:11:03,012 : INFO : Timer.attract_carousel_timer : Starting Timer.
2025-11-24 17:11:03,012 : INFO : EventManager : Event: ======'timer_attract_carousel_timer_started'====== Args={'ticks': 0, 'ticks_remaining': 1}
2025-11-24 17:11:03,012 : INFO : EventManager : Event: ======'timer_attract_carousel_timer_tick'====== Args={'ticks': 0, 'ticks_remaining': 1}
2025-11-24 17:11:08,012 : INFO : Timer.attract_carousel_timer : Timer Complete
2025-11-24 17:11:08,013 : INFO : Timer.attract_carousel_timer : Stopping Timer
2025-11-24 17:11:08,013 : INFO : EventManager : Event: ======'timer_attract_carousel_timer_stopped'====== Args={'ticks': 1, 'ticks_remaining': 1}
2025-11-24 17:11:08,013 : INFO : EventManager : Event: ======'timer_attract_carousel_timer_complete'====== Args={'ticks': 1, 'ticks_remaining': 1}
2025-11-24 17:11:08,014 : INFO : EventManager : Event: ======'carousel_item_highlighted'====== Args={'carousel': 'attract', 'direction': 'forwards', 'item': 'title'}
2025-11-24 17:11:08,014 : INFO : Timer.attract_carousel_timer : Starting Timer.
2025-11-24 17:11:08,014 : INFO : EventManager : Event: ======'timer_attract_carousel_timer_started'====== Args={'ticks': 0, 'ticks_remaining': 1}
2025-11-24 17:11:08,014 : INFO : EventManager : Event: ======'timer_attract_carousel_timer_tick'====== Args={'ticks': 0, 'ticks_remaining': 1}
2025-11-24 17:11:13,015 : INFO : Timer.attract_carousel_timer : Timer Complete
2025-11-24 17:11:13,015 : INFO : Timer.attract_carousel_timer : Stopping Timer
2025-11-24 17:11:13,016 : INFO : EventManager : Event: ======'timer_attract_carousel_timer_stopped'====== Args={'ticks': 1, 'ticks_remaining': 1}
2025-11-24 17:11:13,016 : INFO : EventManager : Event: ======'timer_attract_carousel_timer_complete'====== Args={'ticks': 1, 'ticks_remaining': 1}
2025-11-24 17:11:13,017 : INFO : EventManager : Event: ======'carousel_item_highlighted'====== Args={'carousel': 'attract', 'direction': 'forwards', 'item': 'map'}
2025-11-24 17:11:13,017 : INFO : Timer.attract_carousel_timer : Starting Timer.
2025-11-24 17:11:13,017 : INFO : EventManager : Event: ======'timer_attract_carousel_timer_started'====== Args={'ticks': 0, 'ticks_remaining': 1}
2025-11-24 17:11:13,017 : INFO : EventManager : Event: ======'timer_attract_carousel_timer_tick'====== Args={'ticks': 0, 'ticks_remaining': 1}
2025-11-24 17:11:16,145 : INFO : Machine : Shutting down...
2025-11-24 17:11:16,145 : INFO : EventManager : Event: ======'shutdown'====== Args={}
2025-11-24 17:11:16,148 : INFO : root : MPF run loop ended.
