2025-11-27 07:19:14,946 : INFO : root : Loading config.
2025-11-27 07:19:14,948 : INFO : YamlMultifileConfigLoader : Machine config file #1: config.yaml
2025-11-27 07:19:14,948 : INFO : ConfigProcessor : Loading config from cache: /var/folders/k0/j_dpx55x4kndbs36pl2nt9l00000gn/T/92f7f295141fbdde09e201e7fd0f1349.mpf_cache
2025-11-27 07:19:14,975 : INFO : ConfigProcessor : Loading config from cache: /var/folders/k0/j_dpx55x4kndbs36pl2nt9l00000gn/T/7b77bdcd1da4c54cc720d492bab55a0d.mpf_cache
2025-11-27 07:19:14,975 : INFO : ConfigProcessor : Loading config from cache: /var/folders/k0/j_dpx55x4kndbs36pl2nt9l00000gn/T/501e18c1625d42f1ba9bf53b020c49c5.mpf_cache
2025-11-27 07:19:14,975 : INFO : ConfigProcessor : Loading config from cache: /var/folders/k0/j_dpx55x4kndbs36pl2nt9l00000gn/T/7b77bdcd1da4c54cc720d492bab55a0d.mpf_cache
2025-11-27 07:19:14,976 : INFO : ConfigProcessor : Loading config from cache: /var/folders/k0/j_dpx55x4kndbs36pl2nt9l00000gn/T/dda6f4da00898f9f0a4796a41d9a2ef0.mpf_cache
2025-11-27 07:19:14,976 : INFO : ConfigProcessor : Loading config from cache: /var/folders/k0/j_dpx55x4kndbs36pl2nt9l00000gn/T/522fc819f659907ecbd91e12554f307a.mpf_cache
2025-11-27 07:19:14,976 : INFO : ConfigProcessor : Loading config from cache: /var/folders/k0/j_dpx55x4kndbs36pl2nt9l00000gn/T/05e9cee2d62266bbcd3eb3df28f11ba0.mpf_cache
2025-11-27 07:19:14,976 : INFO : ConfigProcessor : Loading config from cache: /var/folders/k0/j_dpx55x4kndbs36pl2nt9l00000gn/T/a751b7622f38b4d73d2da25b66d734b1.mpf_cache
2025-11-27 07:19:14,976 : INFO : ConfigProcessor : Loading config from cache: /var/folders/k0/j_dpx55x4kndbs36pl2nt9l00000gn/T/515d12d22bfc89771946156b9f4733e7.mpf_cache
2025-11-27 07:19:14,977 : INFO : ConfigProcessor : Loading config from cache: /var/folders/k0/j_dpx55x4kndbs36pl2nt9l00000gn/T/3db5df4db04e3e0d951f803bb6fa84e6.mpf_cache
2025-11-27 07:19:14,977 : INFO : ConfigProcessor : Loading config from cache: /var/folders/k0/j_dpx55x4kndbs36pl2nt9l00000gn/T/3572cafb19834c572118c1dfbec55588.mpf_cache
2025-11-27 07:19:14,977 : INFO : ConfigProcessor : Loading config from cache: /var/folders/k0/j_dpx55x4kndbs36pl2nt9l00000gn/T/39b20d9bce0c2f44f75a85f57a0d45f4.mpf_cache
2025-11-27 07:19:14,978 : INFO : ConfigProcessor : Loading config from cache: /var/folders/k0/j_dpx55x4kndbs36pl2nt9l00000gn/T/189edcb2679eb1788c8ca3be3e29f2f1.mpf_cache
2025-11-27 07:19:14,978 : INFO : ConfigProcessor : Loading config from cache: /var/folders/k0/j_dpx55x4kndbs36pl2nt9l00000gn/T/f00019ffccce993d2850c9d82b9dc44e.mpf_cache
2025-11-27 07:19:14,978 : INFO : ConfigProcessor : Loading config from cache: /var/folders/k0/j_dpx55x4kndbs36pl2nt9l00000gn/T/14560612c17bb039b05632d29f192033.mpf_cache
2025-11-27 07:19:14,978 : INFO : ConfigProcessor : Loading config from cache: /var/folders/k0/j_dpx55x4kndbs36pl2nt9l00000gn/T/1b88d79160cc8850354d058f9a270569.mpf_cache
2025-11-27 07:19:14,978 : INFO : ConfigProcessor : Loading config from cache: /var/folders/k0/j_dpx55x4kndbs36pl2nt9l00000gn/T/db143814423fb474166c86cac053d40c.mpf_cache
2025-11-27 07:19:14,978 : INFO : ConfigProcessor : Loading config from cache: /var/folders/k0/j_dpx55x4kndbs36pl2nt9l00000gn/T/77ecd758607ea296c19f456a8642983d.mpf_cache
2025-11-27 07:19:14,978 : INFO : ConfigProcessor : Loading config from cache: /var/folders/k0/j_dpx55x4kndbs36pl2nt9l00000gn/T/7c3641fae2b7003d26f031771405f733.mpf_cache
2025-11-27 07:19:14,979 : INFO : Machine : Mission Pinball Framework Core Engine v0.80.0.dev11
2025-11-27 07:19:14,979 : INFO : Machine : Command line arguments: {'no_load_cache': False, 'create_config_cache': True, 'bcp': True, 'configfile': ['config.yaml'], 'force_assets_load': False, 'platform_integration_test': False, 'jsonlogging': False, 'logfile': 'logs/2025-11-27-07-19-14-mpf-Mac.lan.log', 'pause': False, 'production': False, 'text_ui': True, 'loglevel': 15, 'consoleloglevel': 20, 'force_platform': 'smart_virtual', 'syslog_address': None, 'full_logfile_path': '/Users/samhughes/Desktop/Hollow-Knight-Pinball/logs/2025-11-27-07-19-14-mpf-Mac.lan.log'}
2025-11-27 07:19:14,979 : INFO : Machine : MPF path: /Users/samhughes/mpf/lib/python3.13/site-packages/mpf
2025-11-27 07:19:14,979 : INFO : Machine : Machine path: /Users/samhughes/Desktop/Hollow-Knight-Pinball
2025-11-27 07:19:14,979 : INFO : Machine : Platform: darwin
2025-11-27 07:19:14,979 : INFO : Machine : Python executable location: /Users/samhughes/mpf/bin/python3.13
2025-11-27 07:19:14,979 : INFO : Machine : Python version: 3.13.2 (64-bit)
2025-11-27 07:19:14,979 : INFO : Machine : Initializing MPF...
2025-11-27 07:19:15,006 : INFO : EventManager : Event: ======'machine_var_credits_string'====== Args={'value': 'FREE PLAY', 'prev_value': None, 'change': True}
2025-11-27 07:19:15,011 : INFO : EventManager : Event: ======'machine_var_master_volume'====== Args={'value': 0.5, 'prev_value': None, 'change': True}
2025-11-27 07:19:15,011 : INFO : EventManager : Event: ======'machine_var_player1_score'====== Args={'value': 81940, 'prev_value': None, 'change': True}
2025-11-27 07:19:15,011 : INFO : EventManager : Event: ======'machine_var_mpf_version'====== Args={'value': 'Mission Pinball Framework v0.80.0.dev11', 'prev_value': None, 'change': True}
2025-11-27 07:19:15,011 : INFO : EventManager : Event: ======'machine_var_mpf_extended_version'====== Args={'value': 'Mission Pinball Framework v0.80.0.dev11, Config version:6, Show version: 6, BCP version:1.1', 'prev_value': None, 'change': True}
2025-11-27 07:19:15,012 : INFO : EventManager : Event: ======'machine_var_python_version'====== Args={'value': '3.13.2', 'prev_value': None, 'change': True}
2025-11-27 07:19:15,019 : INFO : EventManager : Event: ======'machine_var_platform'====== Args={'value': 'macOS-15.6.1-arm64-arm-64bit-Mach-O', 'prev_value': None, 'change': True}
2025-11-27 07:19:15,019 : INFO : EventManager : Event: ======'machine_var_platform_system'====== Args={'value': 'Darwin', 'prev_value': None, 'change': True}
2025-11-27 07:19:15,019 : INFO : EventManager : Event: ======'machine_var_platform_release'====== Args={'value': '24.6.0', 'prev_value': None, 'change': True}
2025-11-27 07:19:15,019 : INFO : EventManager : Event: ======'machine_var_platform_version'====== Args={'value': 'Darwin Kernel Version 24.6.0: Mon Jul 14 11:29:54 PDT 2025; root:xnu-11417.140.69~1/RELEASE_ARM64_T8122', 'prev_value': None, 'change': True}
2025-11-27 07:19:15,019 : INFO : EventManager : Event: ======'machine_var_platform_machine'====== Args={'value': 'arm64', 'prev_value': None, 'change': True}
2025-11-27 07:19:15,019 : INFO : EventManager : Event: ======'machine_var_log_file_path'====== Args={'value': '/Users/samhughes/Desktop/Hollow-Knight-Pinball/logs/2025-11-27-07-19-14-mpf-Mac.lan.log', 'prev_value': None, 'change': True}
2025-11-27 07:19:15,019 : INFO : EventManager : Event: ======'init_phase_1'====== Args={}
2025-11-27 07:19:15,027 : INFO : EventManager : Event: ======'init_phase_2'====== Args={}
2025-11-27 07:19:15,027 : INFO : SwitchController : Found active switch: (1002, <Platform.SmartVirtual>) <switch.s_trough_1>
2025-11-27 07:19:15,027 : INFO : SwitchController : Found active switch: (1003, <Platform.SmartVirtual>) <switch.s_trough_2>
2025-11-27 07:19:15,027 : INFO : SwitchController : Found active switch: (1004, <Platform.SmartVirtual>) <switch.s_trough_3>
2025-11-27 07:19:15,029 : INFO : EventManager : Event: ======'bcp_connection_attempt'====== Args={'name': 'local_display', 'host': 'localhost', 'port': 5050}
2025-11-27 07:19:15,030 : INFO : BCPClientSocket : Connecting BCP to 'local_display' at localhost:5050...
2025-11-27 07:19:18,437 : INFO : BCPClientSocket : Connected BCP to 'local_display' localhost:5050
2025-11-27 07:19:18,438 : INFO : EventManager : Event: ======'bcp_clients_connected'====== Args={}
2025-11-27 07:19:18,440 : INFO : ball_device.bd_trough : BCH: Initial count: 3
2025-11-27 07:19:18,441 : INFO : ball_device.bd_trough : State: idle
2025-11-27 07:19:18,442 : INFO : ball_device.bd_plunger : BCH: Initial count: 0
2025-11-27 07:19:18,442 : INFO : ball_device.bd_plunger : State: idle
2025-11-27 07:19:18,462 : INFO : EventManager : Event: ======'init_phase_3'====== Args={}
2025-11-27 07:19:18,465 : INFO : EventManager : Event: ======'init_phase_4'====== Args={}
2025-11-27 07:19:18,466 : INFO : BallController : Initial balls found: 3
2025-11-27 07:19:18,466 : INFO : EventManager : Event: ======'machine_var_audits_events_game_ended'====== Args={'value': 6, 'prev_value': None, 'change': True}
2025-11-27 07:19:18,466 : INFO : EventManager : Event: ======'machine_var_audits_events_game_started'====== Args={'value': 78, 'prev_value': None, 'change': True}
2025-11-27 07:19:18,467 : INFO : EventManager : Event: ======'machine_var_audits_missing_switches_s_back_left_target'====== Args={'value': 40, 'prev_value': None, 'change': True}
2025-11-27 07:19:18,467 : INFO : EventManager : Event: ======'machine_var_audits_missing_switches_s_back_middle_left_target'====== Args={'value': 40, 'prev_value': None, 'change': True}
2025-11-27 07:19:18,467 : INFO : EventManager : Event: ======'machine_var_audits_missing_switches_s_back_middle_right_target'====== Args={'value': 39, 'prev_value': None, 'change': True}
2025-11-27 07:19:18,467 : INFO : EventManager : Event: ======'machine_var_audits_missing_switches_s_back_right_target'====== Args={'value': 40, 'prev_value': None, 'change': True}
2025-11-27 07:19:18,467 : INFO : EventManager : Event: ======'machine_var_audits_missing_switches_s_bottom_left_slingshot'====== Args={'value': 35, 'prev_value': None, 'change': True}
2025-11-27 07:19:18,467 : INFO : EventManager : Event: ======'machine_var_audits_missing_switches_s_bottom_right_slingshot'====== Args={'value': 37, 'prev_value': None, 'change': True}
2025-11-27 07:19:18,467 : INFO : EventManager : Event: ======'machine_var_audits_missing_switches_s_front_left_target'====== Args={'value': 47, 'prev_value': None, 'change': True}
2025-11-27 07:19:18,467 : INFO : EventManager : Event: ======'machine_var_audits_missing_switches_s_front_middle_target'====== Args={'value': 39, 'prev_value': None, 'change': True}
2025-11-27 07:19:18,467 : INFO : EventManager : Event: ======'machine_var_audits_missing_switches_s_front_right_target'====== Args={'value': 47, 'prev_value': None, 'change': True}
2025-11-27 07:19:18,467 : INFO : EventManager : Event: ======'machine_var_audits_missing_switches_s_lane_to_pop'====== Args={'value': 5, 'prev_value': None, 'change': True}
2025-11-27 07:19:18,467 : INFO : EventManager : Event: ======'machine_var_audits_missing_switches_s_left_flipper'====== Args={'value': 14, 'prev_value': None, 'change': True}
2025-11-27 07:19:18,467 : INFO : EventManager : Event: ======'machine_var_audits_missing_switches_s_left_inlane'====== Args={'value': 35, 'prev_value': None, 'change': True}
2025-11-27 07:19:18,467 : INFO : EventManager : Event: ======'machine_var_audits_missing_switches_s_left_orbit'====== Args={'value': 1, 'prev_value': None, 'change': True}
2025-11-27 07:19:18,467 : INFO : EventManager : Event: ======'machine_var_audits_missing_switches_s_left_outlane'====== Args={'value': 47, 'prev_value': None, 'change': True}
2025-11-27 07:19:18,467 : INFO : EventManager : Event: ======'machine_var_audits_missing_switches_s_pop_bumper'====== Args={'value': 35, 'prev_value': None, 'change': True}
2025-11-27 07:19:18,467 : INFO : EventManager : Event: ======'machine_var_audits_missing_switches_s_ramp'====== Args={'value': 13, 'prev_value': None, 'change': True}
2025-11-27 07:19:18,467 : INFO : EventManager : Event: ======'machine_var_audits_missing_switches_s_right_flipper'====== Args={'value': 14, 'prev_value': None, 'change': True}
2025-11-27 07:19:18,467 : INFO : EventManager : Event: ======'machine_var_audits_missing_switches_s_right_inlane'====== Args={'value': 47, 'prev_value': None, 'change': True}
2025-11-27 07:19:18,467 : INFO : EventManager : Event: ======'machine_var_audits_missing_switches_s_right_orbit'====== Args={'value': 4, 'prev_value': None, 'change': True}
2025-11-27 07:19:18,467 : INFO : EventManager : Event: ======'machine_var_audits_missing_switches_s_right_outlane'====== Args={'value': 47, 'prev_value': None, 'change': True}
2025-11-27 07:19:18,467 : INFO : EventManager : Event: ======'machine_var_audits_missing_switches_s_saucer'====== Args={'value': 12, 'prev_value': None, 'change': True}
2025-11-27 07:19:18,467 : INFO : EventManager : Event: ======'machine_var_audits_missing_switches_s_start'====== Args={'value': 27, 'prev_value': None, 'change': True}
2025-11-27 07:19:18,467 : INFO : EventManager : Event: ======'machine_var_audits_missing_switches_s_top_left_slingshot'====== Args={'value': 33, 'prev_value': None, 'change': True}
2025-11-27 07:19:18,467 : INFO : EventManager : Event: ======'machine_var_audits_missing_switches_s_top_right_slingshot'====== Args={'value': 35, 'prev_value': None, 'change': True}
2025-11-27 07:19:18,467 : INFO : EventManager : Event: ======'machine_var_audits_missing_switches_s_trough_1'====== Args={'value': 41, 'prev_value': None, 'change': True}
2025-11-27 07:19:18,467 : INFO : EventManager : Event: ======'machine_var_audits_missing_switches_s_trough_2'====== Args={'value': 65, 'prev_value': None, 'change': True}
2025-11-27 07:19:18,467 : INFO : EventManager : Event: ======'machine_var_audits_missing_switches_s_trough_3'====== Args={'value': 63, 'prev_value': None, 'change': True}
2025-11-27 07:19:18,467 : INFO : EventManager : Event: ======'machine_var_audits_player_score'====== Args={'value': {'average': 36284, 'top': [173500, 81940, 45000, 15000, 15000, 15000, 15000, 15000, 15000, 15000], 'total': 12}, 'prev_value': None, 'change': True}
2025-11-27 07:19:18,468 : INFO : EventManager : Event: ======'machine_var_audits_shots_back_left_target'====== Args={'value': 6, 'prev_value': None, 'change': True}
2025-11-27 07:19:18,468 : INFO : EventManager : Event: ======'machine_var_audits_shots_back_middle_right_target'====== Args={'value': 4, 'prev_value': None, 'change': True}
2025-11-27 07:19:18,468 : INFO : EventManager : Event: ======'machine_var_audits_shots_back_right_target'====== Args={'value': 2, 'prev_value': None, 'change': True}
2025-11-27 07:19:18,468 : INFO : EventManager : Event: ======'machine_var_audits_shots_bakc_middle_left_target'====== Args={'value': 3, 'prev_value': None, 'change': True}
2025-11-27 07:19:18,468 : INFO : EventManager : Event: ======'machine_var_audits_shots_bottom_left_slingshot'====== Args={'value': 1, 'prev_value': None, 'change': True}
2025-11-27 07:19:18,468 : INFO : EventManager : Event: ======'machine_var_audits_shots_front_left_target'====== Args={'value': 6, 'prev_value': None, 'change': True}
2025-11-27 07:19:18,468 : INFO : EventManager : Event: ======'machine_var_audits_shots_front_middle_target'====== Args={'value': 7, 'prev_value': None, 'change': True}
2025-11-27 07:19:18,468 : INFO : EventManager : Event: ======'machine_var_audits_shots_front_right_target'====== Args={'value': 6, 'prev_value': None, 'change': True}
2025-11-27 07:19:18,468 : INFO : EventManager : Event: ======'machine_var_audits_shots_lane_to_pop'====== Args={'value': 87, 'prev_value': None, 'change': True}
2025-11-27 07:19:18,468 : INFO : EventManager : Event: ======'machine_var_audits_shots_left_inlane'====== Args={'value': 7, 'prev_value': None, 'change': True}
2025-11-27 07:19:18,468 : INFO : EventManager : Event: ======'machine_var_audits_shots_left_orbit'====== Args={'value': 108, 'prev_value': None, 'change': True}
2025-11-27 07:19:18,468 : INFO : EventManager : Event: ======'machine_var_audits_shots_left_orbit_travel_dirtmouth_to_frogotten_crossroads'====== Args={'value': 22, 'prev_value': None, 'change': True}
2025-11-27 07:19:18,468 : INFO : EventManager : Event: ======'machine_var_audits_shots_left_outlane'====== Args={'value': 5, 'prev_value': None, 'change': True}
2025-11-27 07:19:18,468 : INFO : EventManager : Event: ======'machine_var_audits_shots_pop_bumper'====== Args={'value': 23, 'prev_value': None, 'change': True}
2025-11-27 07:19:18,468 : INFO : EventManager : Event: ======'machine_var_audits_shots_ramp'====== Args={'value': 71, 'prev_value': None, 'change': True}
2025-11-27 07:19:18,468 : INFO : EventManager : Event: ======'machine_var_audits_shots_ramp_travel_dirtmouth_to_frogotten_crossroads'====== Args={'value': 3, 'prev_value': None, 'change': True}
2025-11-27 07:19:18,468 : INFO : EventManager : Event: ======'machine_var_audits_shots_right_inlane'====== Args={'value': 13, 'prev_value': None, 'change': True}
2025-11-27 07:19:18,468 : INFO : EventManager : Event: ======'machine_var_audits_shots_right_orbit'====== Args={'value': 246, 'prev_value': None, 'change': True}
2025-11-27 07:19:18,468 : INFO : EventManager : Event: ======'machine_var_audits_shots_right_orbit_travel_dirtmouth_to_frogotten_crossroads'====== Args={'value': 27, 'prev_value': None, 'change': True}
2025-11-27 07:19:18,468 : INFO : EventManager : Event: ======'machine_var_audits_shots_right_outlane'====== Args={'value': 12, 'prev_value': None, 'change': True}
2025-11-27 07:19:18,468 : INFO : EventManager : Event: ======'machine_var_audits_shots_saucer'====== Args={'value': 31, 'prev_value': None, 'change': True}
2025-11-27 07:19:18,468 : INFO : EventManager : Event: ======'machine_var_audits_shots_saucer_dirtmouth'====== Args={'value': 16, 'prev_value': None, 'change': True}
2025-11-27 07:19:18,468 : INFO : EventManager : Event: ======'machine_var_audits_shots_top_left_slingshot'====== Args={'value': 1, 'prev_value': None, 'change': True}
2025-11-27 07:19:18,468 : INFO : EventManager : Event: ======'machine_var_audits_shots_top_right_slingshot'====== Args={'value': 6, 'prev_value': None, 'change': True}
2025-11-27 07:19:18,468 : INFO : EventManager : Event: ======'machine_var_audits_shots_vuk'====== Args={'value': 161, 'prev_value': None, 'change': True}
2025-11-27 07:19:18,468 : INFO : EventManager : Event: ======'machine_var_audits_shots_vuk_dirtmouth'====== Args={'value': 82, 'prev_value': None, 'change': True}
2025-11-27 07:19:18,468 : INFO : EventManager : Event: ======'machine_var_audits_switches_s_back_left_target'====== Args={'value': 6, 'prev_value': None, 'change': True}
2025-11-27 07:19:18,468 : INFO : EventManager : Event: ======'machine_var_audits_switches_s_back_middle_left_target'====== Args={'value': 4, 'prev_value': None, 'change': True}
2025-11-27 07:19:18,468 : INFO : EventManager : Event: ======'machine_var_audits_switches_s_back_middle_right_target'====== Args={'value': 5, 'prev_value': None, 'change': True}
2025-11-27 07:19:18,468 : INFO : EventManager : Event: ======'machine_var_audits_switches_s_back_right_target'====== Args={'value': 3, 'prev_value': None, 'change': True}
2025-11-27 07:19:18,468 : INFO : EventManager : Event: ======'machine_var_audits_switches_s_bottom_left_slingshot'====== Args={'value': 27, 'prev_value': None, 'change': True}
2025-11-27 07:19:18,468 : INFO : EventManager : Event: ======'machine_var_audits_switches_s_bottom_right_slingshot'====== Args={'value': 26, 'prev_value': None, 'change': True}
2025-11-27 07:19:18,468 : INFO : EventManager : Event: ======'machine_var_audits_switches_s_front_left_target'====== Args={'value': 6, 'prev_value': None, 'change': True}
2025-11-27 07:19:18,468 : INFO : EventManager : Event: ======'machine_var_audits_switches_s_front_middle_target'====== Args={'value': 8, 'prev_value': None, 'change': True}
2025-11-27 07:19:18,468 : INFO : EventManager : Event: ======'machine_var_audits_switches_s_front_right_target'====== Args={'value': 7, 'prev_value': None, 'change': True}
2025-11-27 07:19:18,468 : INFO : EventManager : Event: ======'machine_var_audits_switches_s_lane_to_pop'====== Args={'value': 89, 'prev_value': None, 'change': True}
2025-11-27 07:19:18,469 : INFO : EventManager : Event: ======'machine_var_audits_switches_s_left_flipper'====== Args={'value': 1, 'prev_value': None, 'change': True}
2025-11-27 07:19:18,469 : INFO : EventManager : Event: ======'machine_var_audits_switches_s_left_inlane'====== Args={'value': 8, 'prev_value': None, 'change': True}
2025-11-27 07:19:18,469 : INFO : EventManager : Event: ======'machine_var_audits_switches_s_left_orbit'====== Args={'value': 110, 'prev_value': None, 'change': True}
2025-11-27 07:19:18,469 : INFO : EventManager : Event: ======'machine_var_audits_switches_s_left_outlane'====== Args={'value': 6, 'prev_value': None, 'change': True}
2025-11-27 07:19:18,469 : INFO : EventManager : Event: ======'machine_var_audits_switches_s_plunger_lane'====== Args={'value': 255, 'prev_value': None, 'change': True}
2025-11-27 07:19:18,469 : INFO : EventManager : Event: ======'machine_var_audits_switches_s_pop_bumper'====== Args={'value': 23, 'prev_value': None, 'change': True}
2025-11-27 07:19:18,469 : INFO : EventManager : Event: ======'machine_var_audits_switches_s_ramp'====== Args={'value': 73, 'prev_value': None, 'change': True}
2025-11-27 07:19:18,469 : INFO : EventManager : Event: ======'machine_var_audits_switches_s_right_flipper'====== Args={'value': 5, 'prev_value': None, 'change': True}
2025-11-27 07:19:18,469 : INFO : EventManager : Event: ======'machine_var_audits_switches_s_right_inlane'====== Args={'value': 14, 'prev_value': None, 'change': True}
2025-11-27 07:19:18,469 : INFO : EventManager : Event: ======'machine_var_audits_switches_s_right_orbit'====== Args={'value': 280, 'prev_value': None, 'change': True}
2025-11-27 07:19:18,469 : INFO : EventManager : Event: ======'machine_var_audits_switches_s_right_outlane'====== Args={'value': 13, 'prev_value': None, 'change': True}
2025-11-27 07:19:18,469 : INFO : EventManager : Event: ======'machine_var_audits_switches_s_saucer'====== Args={'value': 38, 'prev_value': None, 'change': True}
2025-11-27 07:19:18,469 : INFO : EventManager : Event: ======'machine_var_audits_switches_s_start'====== Args={'value': 43, 'prev_value': None, 'change': True}
2025-11-27 07:19:18,469 : INFO : EventManager : Event: ======'machine_var_audits_switches_s_top_left_slingshot'====== Args={'value': 22, 'prev_value': None, 'change': True}
2025-11-27 07:19:18,469 : INFO : EventManager : Event: ======'machine_var_audits_switches_s_top_right_slingshot'====== Args={'value': 25, 'prev_value': None, 'change': True}
2025-11-27 07:19:18,469 : INFO : EventManager : Event: ======'machine_var_audits_switches_s_trough_1'====== Args={'value': 68, 'prev_value': None, 'change': True}
2025-11-27 07:19:18,469 : INFO : EventManager : Event: ======'machine_var_audits_switches_s_trough_2'====== Args={'value': 9, 'prev_value': None, 'change': True}
2025-11-27 07:19:18,469 : INFO : EventManager : Event: ======'machine_var_audits_switches_s_trough_3'====== Args={'value': 52, 'prev_value': None, 'change': True}
2025-11-27 07:19:18,469 : INFO : EventManager : Event: ======'machine_var_audits_switches_s_vuk'====== Args={'value': 177, 'prev_value': None, 'change': True}
2025-11-27 07:19:18,469 : INFO : EventManager : Event: ======'init_phase_5'====== Args={}
2025-11-27 07:19:18,470 : INFO : EventManager : Event: ======'init_done'====== Args={}
2025-11-27 07:19:18,470 : INFO : EventManager : Event: ======'machine_reset_phase_1'====== Args={}
2025-11-27 07:19:18,481 : INFO : EventManager : Event: ======'machine_reset_phase_2'====== Args={}
2025-11-27 07:19:18,481 : INFO : EventManager : Event: ======'machine_reset_phase_3'====== Args={}
2025-11-27 07:19:18,481 : INFO : EventManager : Event: ======'reset_complete'====== Args={}
2025-11-27 07:19:18,481 : INFO : EventManager : Event: ======'mode_attract_will_start'====== Args={}
2025-11-27 07:19:18,481 : INFO : Timer.attract_carousel_timer : Starting Timer.
2025-11-27 07:19:18,481 : INFO : EventManager : Event: ======'timer_attract_carousel_timer_started'====== Args={'ticks': 0, 'ticks_remaining': 1}
2025-11-27 07:19:18,481 : INFO : EventManager : Event: ======'timer_attract_carousel_timer_tick'====== Args={'ticks': 0, 'ticks_remaining': 1}
2025-11-27 07:19:18,482 : INFO : EventManager : Event: ======'mode_attract_starting'====== Args={}
2025-11-27 07:19:18,482 : INFO : Mode.attract : Started. Priority: 10
2025-11-27 07:19:18,482 : INFO : EventManager : Event: ======'modes_active_modes_changed'====== Args={}
2025-11-27 07:19:18,482 : INFO : EventManager : Event: ======'mode_attract_started'====== Args={}
2025-11-27 07:19:18,482 : INFO : EventManager : Event: ======'collecting_balls_complete'====== Args={}
2025-11-27 07:19:18,483 : INFO : EventManager : Event: ======'carousel_item_highlighted'====== Args={'carousel': 'attract', 'direction': None, 'item': 'title'}
2025-11-27 07:19:18,483 : INFO : Machine : Starting the main run loop with active modes: [<Mode.attract>]
2025-11-27 07:19:18,605 : INFO : EventManager : Event: ======'slide_attract_created'====== Args={'_from_bcp': True}
2025-11-27 07:19:18,606 : INFO : EventManager : Event: ======'slide__removed'====== Args={'_from_bcp': True}
2025-11-27 07:19:18,606 : INFO : EventManager : Event: ======'slide_attract_active'====== Args={'original_context': 'attract', 'original_calling_context': 'mode_attract_started', 'priority': 10.0, 'cmd': 'slides_play', '_from_bcp': True}
2025-11-27 07:19:19,141 : INFO : BcpServer : New client connected.
2025-11-27 07:19:24,671 : INFO : SwitchController : <<<<<<< 's_start' active >>>>>>>
2025-11-27 07:19:24,788 : INFO : SwitchController : <<<<<<< 's_start' inactive >>>>>>>
2025-11-27 07:19:24,788 : INFO : EventManager : Event: ======'request_to_start_game'====== Args={}
2025-11-27 07:19:24,789 : INFO : EventManager : Event: ======'game_start'====== Args={'buttons': [], 'hold_time': 0.11632625001948327}
2025-11-27 07:19:24,790 : INFO : EventManager : Event: ======'mode_game_will_start'====== Args={'buttons': [], 'hold_time': 0.11632625001948327}
2025-11-27 07:19:24,791 : INFO : EventManager : Event: ======'mode_game_starting'====== Args={'buttons': [], 'hold_time': 0.11632625001948327}
2025-11-27 07:19:24,791 : INFO : EventManager : Event: ======'mode_attract_will_stop'====== Args={}
2025-11-27 07:19:24,791 : INFO : EventManager : Event: ======'mode_attract_stopping'====== Args={}
2025-11-27 07:19:24,792 : INFO : Mode.attract : Stopped.
2025-11-27 07:19:24,792 : INFO : EventManager : Event: ======'modes_active_modes_changed'====== Args={}
2025-11-27 07:19:24,793 : INFO : EventManager : Event: ======'mode_attract_stopped'====== Args={}
2025-11-27 07:19:24,793 : INFO : EventManager : Event: ======'clear'====== Args={'key': 'attract'}
2025-11-27 07:19:24,794 : INFO : Timer.attract_carousel_timer : Stopping Timer
2025-11-27 07:19:24,794 : INFO : EventManager : Event: ======'timer_attract_carousel_timer_stopped'====== Args={'ticks': 0, 'ticks_remaining': 1}
2025-11-27 07:19:24,795 : INFO : Mode.game : Started. Priority: 20
2025-11-27 07:19:24,795 : INFO : EventManager : Event: ======'modes_active_modes_changed'====== Args={}
2025-11-27 07:19:24,795 : INFO : EventManager : Event: ======'mode_game_started'====== Args={'buttons': [], 'hold_time': 0.11632625001948327}
2025-11-27 07:19:24,796 : INFO : EventManager : Event: ======'game_will_start'====== Args={}
2025-11-27 07:19:24,797 : INFO : EventManager : Event: ======'game_starting'====== Args={'game': <Mode.game>}
2025-11-27 07:19:24,797 : INFO : EventManager : Unordered handler for class <Auditor> on event game_ended with priority 1. Handlers: [RegisteredHandler(callback=<bound method Auditor.disable of <Auditor>>, priority=1, kwargs={}, key=UUID('5f025922-9af8-4bf6-82c8-65ba866a00c4'), condition=None, blocking_facility=None), RegisteredHandler(callback=<bound method Auditor._save_audits of <Auditor>>, priority=1, kwargs={}, key=UUID('63955f7d-7a06-42ee-ac10-f28867d84b90'), condition=None, blocking_facility=None)]. The order of those handlers is not defined and they will be executed in random order. This might lead to race conditions and potential bugs.
2025-11-27 07:19:24,798 : INFO : EventManager : Event: ======'player_add_request'====== Args={}
2025-11-27 07:19:24,798 : INFO : EventManager : Event: ======'player_will_add'====== Args={'number': 1}
2025-11-27 07:19:24,799 : INFO : EventManager : Event: ======'player_adding'====== Args={'player': <Player 1>, 'number': 1}
2025-11-27 07:19:24,799 : INFO : EventManager : Event: ======'player_added'====== Args={'player': <Player 1>, 'num': 1}
2025-11-27 07:19:24,799 : INFO : Mode.game : Player added successfully. Total players: 1
2025-11-27 07:19:24,800 : INFO : EventManager : Event: ======'player_index'====== Args={'value': 0, 'prev_value': 0, 'change': 0, 'player_num': 1}
2025-11-27 07:19:24,800 : INFO : EventManager : Event: ======'player_number'====== Args={'value': 1, 'prev_value': 1, 'change': 0, 'player_num': 1}
2025-11-27 07:19:24,800 : INFO : EventManager : Event: ======'player_dirtmouth_active'====== Args={'value': 0, 'prev_value': 0, 'change': 0, 'player_num': 1}
2025-11-27 07:19:24,801 : INFO : EventManager : Event: ======'player_false_knight_controller_active'====== Args={'value': 0, 'prev_value': 0, 'change': 0, 'player_num': 1}
2025-11-27 07:19:24,802 : INFO : EventManager : Event: ======'player_lane_to_pop_active'====== Args={'value': 0, 'prev_value': 0, 'change': 0, 'player_num': 1}
2025-11-27 07:19:24,802 : INFO : EventManager : Event: ======'player_lanes_active'====== Args={'value': 0, 'prev_value': 0, 'change': 0, 'player_num': 1}
2025-11-27 07:19:24,803 : INFO : EventManager : Event: ======'player_left_orbit_active'====== Args={'value': 0, 'prev_value': 0, 'change': 0, 'player_num': 1}
2025-11-27 07:19:24,804 : INFO : EventManager : Event: ======'player_pop_bumper_active'====== Args={'value': 0, 'prev_value': 0, 'change': 0, 'player_num': 1}
2025-11-27 07:19:24,805 : INFO : EventManager : Event: ======'player_ramp_active'====== Args={'value': 0, 'prev_value': 0, 'change': 0, 'player_num': 1}
2025-11-27 07:19:24,805 : INFO : EventManager : Event: ======'player_right_orbit_active'====== Args={'value': 0, 'prev_value': 0, 'change': 0, 'player_num': 1}
2025-11-27 07:19:24,805 : INFO : EventManager : Event: ======'player_saucer_active'====== Args={'value': 0, 'prev_value': 0, 'change': 0, 'player_num': 1}
2025-11-27 07:19:24,805 : INFO : EventManager : Event: ======'player_slingshots_active'====== Args={'value': 0, 'prev_value': 0, 'change': 0, 'player_num': 1}
2025-11-27 07:19:24,806 : INFO : EventManager : Event: ======'player_targets_active'====== Args={'value': 0, 'prev_value': 0, 'change': 0, 'player_num': 1}
2025-11-27 07:19:24,806 : INFO : EventManager : Event: ======'player_vuk_active'====== Args={'value': 0, 'prev_value': 0, 'change': 0, 'player_num': 1}
2025-11-27 07:19:24,806 : INFO : EventManager : Event: ======'player_travel_progress'====== Args={'value': 0, 'prev_value': 0, 'change': 0, 'player_num': 1}
2025-11-27 07:19:24,806 : INFO : EventManager : Event: ======'player_travel_time_remaining_travel_dirtmouth_to_frogotten_crossroads'====== Args={'value': 1.0, 'prev_value': 1.0, 'change': 0, 'player_num': 1}
2025-11-27 07:19:24,807 : INFO : EventManager : Event: ======'player_travel_shots_remaining_travel_dirtmouth_to_frogotten_crossroads'====== Args={'value': 2, 'prev_value': 2, 'change': 0, 'player_num': 1}
2025-11-27 07:19:24,807 : INFO : EventManager : Event: ======'player_score'====== Args={'value': 0, 'prev_value': 0, 'change': 0, 'player_num': 1}
2025-11-27 07:19:24,815 : INFO : EventManager : Event: ======'game_started'====== Args={}
2025-11-27 07:19:24,824 : INFO : EventManager : Event: ======'player_turn_will_start'====== Args={'player': <Player 1>, 'number': 1}
2025-11-27 07:19:24,824 : INFO : EventManager : Event: ======'player_turn_starting'====== Args={'player': <Player 1>, 'number': 1}
2025-11-27 07:19:24,824 : INFO : EventManager : Event: ======'player_ball'====== Args={'value': 1, 'prev_value': 0, 'change': 1, 'player_num': 1}
2025-11-27 07:19:24,825 : INFO : EventManager : Event: ======'player_turn_started'====== Args={'player': <Player 1>, 'number': 1}
2025-11-27 07:19:24,825 : INFO : EventManager : Event: ======'ball_will_start'====== Args={'player': 1, 'ball': 1, 'balls_remaining': 2, 'is_extra_ball': False}
2025-11-27 07:19:24,826 : INFO : EventManager : Event: ======'ball_starting'====== Args={'player': 1, 'ball': 1, 'balls_remaining': 2, 'is_extra_ball': False}
2025-11-27 07:19:24,826 : INFO : EventManager : Event: ======'mode_base_will_start'====== Args={'queue': <QueuedEvent>, 'player': 1, 'ball': 1, 'balls_remaining': 2, 'is_extra_ball': False}
2025-11-27 07:19:24,826 : INFO : EventManager : Event: ======'mode_base_starting'====== Args={'queue': <QueuedEvent>, 'player': 1, 'ball': 1, 'balls_remaining': 2, 'is_extra_ball': False}
2025-11-27 07:19:24,826 : INFO : Mode.base : Started. Priority: 100
2025-11-27 07:19:24,826 : INFO : EventManager : Event: ======'modes_active_modes_changed'====== Args={}
2025-11-27 07:19:24,826 : INFO : EventManager : Event: ======'mode_base_started'====== Args={'queue': <QueuedEvent>, 'player': 1, 'ball': 1, 'balls_remaining': 2, 'is_extra_ball': False}
2025-11-27 07:19:24,827 : INFO : EventManager : Event: ======'start_mode_right_orbit'====== Args={'priority': 0}
2025-11-27 07:19:24,827 : INFO : EventManager : Event: ======'start_mode_slingshots'====== Args={'priority': 0}
2025-11-27 07:19:24,827 : INFO : EventManager : Event: ======'start_mode_lanes'====== Args={'priority': 0}
2025-11-27 07:19:24,827 : INFO : EventManager : Event: ======'start_mode_vuk'====== Args={'priority': 0}
2025-11-27 07:19:24,827 : INFO : EventManager : Event: ======'start_mode_ramp'====== Args={'priority': 0}
2025-11-27 07:19:24,827 : INFO : EventManager : Event: ======'start_mode_left_orbit'====== Args={'priority': 0}
2025-11-27 07:19:24,827 : INFO : EventManager : Event: ======'start_mode_lane_to_pop'====== Args={'priority': 0}
2025-11-27 07:19:24,828 : INFO : EventManager : Event: ======'start_mode_saucer'====== Args={'priority': 0}
2025-11-27 07:19:24,828 : INFO : EventManager : Event: ======'start_mode_targets'====== Args={'priority': 0}
2025-11-27 07:19:24,828 : INFO : EventManager : Event: ======'start_mode_pop_bumper'====== Args={'priority': 0}
2025-11-27 07:19:24,828 : INFO : EventManager : Event: ======'start_mode_dirtmouth'====== Args={'priority': 0}
2025-11-27 07:19:24,828 : INFO : EventManager : Event: ======'mode_right_orbit_will_start'====== Args={'priority': 0}
2025-11-27 07:19:24,828 : INFO : EventManager : Event: ======'player_shot_right_orbit_enabled'====== Args={'value': True, 'prev_value': 0, 'change': 1, 'player_num': 1}
2025-11-27 07:19:24,829 : INFO : EventManager : Event: ======'mode_right_orbit_starting'====== Args={'priority': 0}
2025-11-27 07:19:24,829 : INFO : EventManager : Event: ======'mode_slingshots_will_start'====== Args={'priority': 0}
2025-11-27 07:19:24,829 : INFO : EventManager : Event: ======'player_shot_top_left_slingshot_enabled'====== Args={'value': True, 'prev_value': 0, 'change': 1, 'player_num': 1}
2025-11-27 07:19:24,829 : INFO : EventManager : Event: ======'player_shot_bottom_left_slingshot_enabled'====== Args={'value': True, 'prev_value': 0, 'change': 1, 'player_num': 1}
2025-11-27 07:19:24,829 : INFO : EventManager : Event: ======'player_shot_top_right_slingshot_enabled'====== Args={'value': True, 'prev_value': 0, 'change': 1, 'player_num': 1}
2025-11-27 07:19:24,829 : INFO : EventManager : Event: ======'player_shot_bottom_right_slingshot_enabled'====== Args={'value': True, 'prev_value': 0, 'change': 1, 'player_num': 1}
2025-11-27 07:19:24,830 : INFO : EventManager : Event: ======'slingshots_complete'====== Args={'state': 'unlit'}
2025-11-27 07:19:24,830 : INFO : EventManager : Event: ======'slingshots_unlit_complete'====== Args={}
2025-11-27 07:19:24,830 : INFO : EventManager : Event: ======'mode_slingshots_starting'====== Args={'priority': 0}
2025-11-27 07:19:24,830 : INFO : EventManager : Event: ======'mode_lanes_will_start'====== Args={'priority': 0}
2025-11-27 07:19:24,830 : INFO : EventManager : Event: ======'player_shot_left_outlane_enabled'====== Args={'value': True, 'prev_value': 0, 'change': 1, 'player_num': 1}
2025-11-27 07:19:24,830 : INFO : EventManager : Event: ======'player_shot_left_inlane_enabled'====== Args={'value': True, 'prev_value': 0, 'change': 1, 'player_num': 1}
2025-11-27 07:19:24,831 : INFO : EventManager : Event: ======'player_shot_right_inlane_enabled'====== Args={'value': True, 'prev_value': 0, 'change': 1, 'player_num': 1}
2025-11-27 07:19:24,831 : INFO : EventManager : Event: ======'player_shot_right_outlane_enabled'====== Args={'value': True, 'prev_value': 0, 'change': 1, 'player_num': 1}
2025-11-27 07:19:24,831 : INFO : EventManager : Event: ======'lanes_complete'====== Args={'state': 'unlit'}
2025-11-27 07:19:24,831 : INFO : EventManager : Event: ======'lanes_unlit_complete'====== Args={}
2025-11-27 07:19:24,831 : INFO : EventManager : Event: ======'mode_lanes_starting'====== Args={'priority': 0}
2025-11-27 07:19:24,831 : INFO : EventManager : Event: ======'mode_vuk_will_start'====== Args={'priority': 0}
2025-11-27 07:19:24,831 : INFO : EventManager : Event: ======'player_shot_vuk_enabled'====== Args={'value': True, 'prev_value': 0, 'change': 1, 'player_num': 1}
2025-11-27 07:19:24,832 : INFO : EventManager : Event: ======'mode_vuk_starting'====== Args={'priority': 0}
2025-11-27 07:19:24,832 : INFO : EventManager : Event: ======'mode_ramp_will_start'====== Args={'priority': 0}
2025-11-27 07:19:24,832 : INFO : EventManager : Event: ======'player_shot_ramp_enabled'====== Args={'value': True, 'prev_value': 0, 'change': 1, 'player_num': 1}
2025-11-27 07:19:24,832 : INFO : EventManager : Event: ======'mode_ramp_starting'====== Args={'priority': 0}
2025-11-27 07:19:24,832 : INFO : EventManager : Event: ======'mode_left_orbit_will_start'====== Args={'priority': 0}
2025-11-27 07:19:24,832 : INFO : EventManager : Event: ======'player_shot_left_orbit_enabled'====== Args={'value': True, 'prev_value': 0, 'change': 1, 'player_num': 1}
2025-11-27 07:19:24,833 : INFO : EventManager : Event: ======'mode_left_orbit_starting'====== Args={'priority': 0}
2025-11-27 07:19:24,833 : INFO : EventManager : Event: ======'mode_lane_to_pop_will_start'====== Args={'priority': 0}
2025-11-27 07:19:24,833 : INFO : EventManager : Event: ======'player_shot_lane_to_pop_enabled'====== Args={'value': True, 'prev_value': 0, 'change': 1, 'player_num': 1}
2025-11-27 07:19:24,833 : INFO : EventManager : Event: ======'mode_lane_to_pop_starting'====== Args={'priority': 0}
2025-11-27 07:19:24,833 : INFO : EventManager : Event: ======'mode_saucer_will_start'====== Args={'priority': 0}
2025-11-27 07:19:24,833 : INFO : EventManager : Event: ======'player_shot_saucer_enabled'====== Args={'value': True, 'prev_value': 0, 'change': 1, 'player_num': 1}
2025-11-27 07:19:24,834 : INFO : EventManager : Event: ======'mode_saucer_starting'====== Args={'priority': 0}
2025-11-27 07:19:24,834 : INFO : EventManager : Event: ======'mode_targets_will_start'====== Args={'priority': 0}
2025-11-27 07:19:24,834 : INFO : EventManager : Event: ======'player_shot_front_left_target_enabled'====== Args={'value': True, 'prev_value': 0, 'change': 1, 'player_num': 1}
2025-11-27 07:19:24,834 : INFO : EventManager : Event: ======'player_shot_front_middle_target_enabled'====== Args={'value': True, 'prev_value': 0, 'change': 1, 'player_num': 1}
2025-11-27 07:19:24,834 : INFO : EventManager : Event: ======'player_shot_front_right_target_enabled'====== Args={'value': True, 'prev_value': 0, 'change': 1, 'player_num': 1}
2025-11-27 07:19:24,834 : INFO : EventManager : Event: ======'player_shot_back_left_target_enabled'====== Args={'value': True, 'prev_value': 0, 'change': 1, 'player_num': 1}
2025-11-27 07:19:24,834 : INFO : EventManager : Event: ======'player_shot_bakc_middle_left_target_enabled'====== Args={'value': True, 'prev_value': 0, 'change': 1, 'player_num': 1}
2025-11-27 07:19:24,834 : INFO : EventManager : Event: ======'player_shot_back_middle_right_target_enabled'====== Args={'value': True, 'prev_value': 0, 'change': 1, 'player_num': 1}
2025-11-27 07:19:24,835 : INFO : EventManager : Event: ======'player_shot_back_right_target_enabled'====== Args={'value': True, 'prev_value': 0, 'change': 1, 'player_num': 1}
2025-11-27 07:19:24,835 : INFO : EventManager : Event: ======'targets_complete'====== Args={'state': 'unlit'}
2025-11-27 07:19:24,835 : INFO : EventManager : Event: ======'targets_unlit_complete'====== Args={}
2025-11-27 07:19:24,835 : INFO : EventManager : Event: ======'mode_targets_starting'====== Args={'priority': 0}
2025-11-27 07:19:24,835 : INFO : EventManager : Event: ======'mode_pop_bumper_will_start'====== Args={'priority': 0}
2025-11-27 07:19:24,835 : INFO : EventManager : Event: ======'player_shot_pop_bumper_enabled'====== Args={'value': True, 'prev_value': 0, 'change': 1, 'player_num': 1}
2025-11-27 07:19:24,836 : INFO : EventManager : Event: ======'mode_pop_bumper_starting'====== Args={'priority': 0}
2025-11-27 07:19:24,836 : INFO : EventManager : Event: ======'mode_dirtmouth_will_start'====== Args={'priority': 0}
2025-11-27 07:19:24,836 : INFO : EventManager : Event: ======'player_shot_vuk_dirtmouth_enabled'====== Args={'value': True, 'prev_value': 0, 'change': 1, 'player_num': 1}
2025-11-27 07:19:24,836 : INFO : EventManager : Event: ======'player_shot_saucer_dirtmouth_enabled'====== Args={'value': True, 'prev_value': 0, 'change': 1, 'player_num': 1}
2025-11-27 07:19:24,836 : INFO : EventManager : Event: ======'locks_complete'====== Args={'state': 'unlit'}
2025-11-27 07:19:24,836 : INFO : EventManager : Event: ======'locks_unlit_complete'====== Args={}
2025-11-27 07:19:24,837 : INFO : EventManager : Event: ======'mode_dirtmouth_starting'====== Args={'priority': 0}
2025-11-27 07:19:24,837 : INFO : Mode.dirtmouth : Started. Priority: 250
2025-11-27 07:19:24,837 : INFO : EventManager : Event: ======'modes_active_modes_changed'====== Args={}
2025-11-27 07:19:24,837 : INFO : EventManager : Event: ======'mode_dirtmouth_started'====== Args={'priority': 0}
2025-11-27 07:19:24,837 : INFO : EventManager : Event: ======'player_dirtmouth_active'====== Args={'value': 1, 'prev_value': 0, 'change': 1, 'player_num': 1, 'source': 'dirtmouth'}
2025-11-27 07:19:24,838 : INFO : Mode.pop_bumper : Started. Priority: 150
2025-11-27 07:19:24,838 : INFO : EventManager : Event: ======'modes_active_modes_changed'====== Args={}
2025-11-27 07:19:24,838 : INFO : EventManager : Event: ======'mode_pop_bumper_started'====== Args={'priority': 0}
2025-11-27 07:19:24,838 : INFO : EventManager : Event: ======'player_pop_bumper_active'====== Args={'value': 1, 'prev_value': 0, 'change': 1, 'player_num': 1, 'source': 'pop_bumper'}
2025-11-27 07:19:24,839 : INFO : Mode.targets : Started. Priority: 175
2025-11-27 07:19:24,839 : INFO : EventManager : Event: ======'modes_active_modes_changed'====== Args={}
2025-11-27 07:19:24,839 : INFO : EventManager : Event: ======'mode_targets_started'====== Args={'priority': 0}
2025-11-27 07:19:24,839 : INFO : EventManager : Event: ======'player_targets_active'====== Args={'value': 1, 'prev_value': 0, 'change': 1, 'player_num': 1, 'source': 'targets'}
2025-11-27 07:19:24,840 : INFO : Mode.saucer : Started. Priority: 200
2025-11-27 07:19:24,840 : INFO : EventManager : Event: ======'modes_active_modes_changed'====== Args={}
2025-11-27 07:19:24,840 : INFO : EventManager : Event: ======'mode_saucer_started'====== Args={'priority': 0}
2025-11-27 07:19:24,840 : INFO : EventManager : Event: ======'player_saucer_active'====== Args={'value': 1, 'prev_value': 0, 'change': 1, 'player_num': 1, 'source': 'saucer'}
2025-11-27 07:19:24,841 : INFO : Mode.lane_to_pop : Started. Priority: 200
2025-11-27 07:19:24,841 : INFO : EventManager : Event: ======'modes_active_modes_changed'====== Args={}
2025-11-27 07:19:24,841 : INFO : EventManager : Event: ======'mode_lane_to_pop_started'====== Args={'priority': 0}
2025-11-27 07:19:24,841 : INFO : EventManager : Event: ======'player_lane_to_pop_active'====== Args={'value': 1, 'prev_value': 0, 'change': 1, 'player_num': 1, 'source': 'lane_to_pop'}
2025-11-27 07:19:24,842 : INFO : Mode.left_orbit : Started. Priority: 200
2025-11-27 07:19:24,842 : INFO : EventManager : Event: ======'modes_active_modes_changed'====== Args={}
2025-11-27 07:19:24,842 : INFO : EventManager : Event: ======'mode_left_orbit_started'====== Args={'priority': 0}
2025-11-27 07:19:24,842 : INFO : EventManager : Event: ======'player_left_orbit_active'====== Args={'value': 1, 'prev_value': 0, 'change': 1, 'player_num': 1, 'source': 'left_orbit'}
2025-11-27 07:19:24,843 : INFO : Mode.ramp : Started. Priority: 200
2025-11-27 07:19:24,843 : INFO : EventManager : Event: ======'modes_active_modes_changed'====== Args={}
2025-11-27 07:19:24,843 : INFO : EventManager : Event: ======'mode_ramp_started'====== Args={'priority': 0}
2025-11-27 07:19:24,843 : INFO : EventManager : Event: ======'player_ramp_active'====== Args={'value': 1, 'prev_value': 0, 'change': 1, 'player_num': 1, 'source': 'ramp'}
2025-11-27 07:19:24,843 : INFO : Mode.vuk : Started. Priority: 200
2025-11-27 07:19:24,844 : INFO : EventManager : Event: ======'modes_active_modes_changed'====== Args={}
2025-11-27 07:19:24,844 : INFO : EventManager : Event: ======'mode_vuk_started'====== Args={'priority': 0}
2025-11-27 07:19:24,844 : INFO : EventManager : Event: ======'player_vuk_active'====== Args={'value': 1, 'prev_value': 0, 'change': 1, 'player_num': 1, 'source': 'vuk'}
2025-11-27 07:19:24,845 : INFO : Mode.lanes : Started. Priority: 150
2025-11-27 07:19:24,845 : INFO : EventManager : Event: ======'modes_active_modes_changed'====== Args={}
2025-11-27 07:19:24,845 : INFO : EventManager : Event: ======'mode_lanes_started'====== Args={'priority': 0}
2025-11-27 07:19:24,845 : INFO : EventManager : Event: ======'player_lanes_active'====== Args={'value': 1, 'prev_value': 0, 'change': 1, 'player_num': 1, 'source': 'lanes'}
2025-11-27 07:19:24,845 : INFO : Mode.slingshots : Started. Priority: 150
2025-11-27 07:19:24,846 : INFO : EventManager : Event: ======'modes_active_modes_changed'====== Args={}
2025-11-27 07:19:24,846 : INFO : EventManager : Event: ======'mode_slingshots_started'====== Args={'priority': 0}
2025-11-27 07:19:24,846 : INFO : EventManager : Event: ======'player_slingshots_active'====== Args={'value': 1, 'prev_value': 0, 'change': 1, 'player_num': 1, 'source': 'slingshots'}
2025-11-27 07:19:24,846 : INFO : Mode.right_orbit : Started. Priority: 200
2025-11-27 07:19:24,846 : INFO : EventManager : Event: ======'modes_active_modes_changed'====== Args={}
2025-11-27 07:19:24,847 : INFO : EventManager : Event: ======'mode_right_orbit_started'====== Args={'priority': 0}
2025-11-27 07:19:24,847 : INFO : EventManager : Event: ======'player_right_orbit_active'====== Args={'value': 1, 'prev_value': 0, 'change': 1, 'player_num': 1, 'source': 'right_orbit'}
2025-11-27 07:19:24,847 : INFO : EventManager : Event: ======'balls_in_play'====== Args={'balls': 1}
2025-11-27 07:19:24,847 : INFO : EventManager : Event: ======'ball_started'====== Args={'player': 1, 'ball': 1, 'balls_remaining': 2, 'is_extra_ball': False}
2025-11-27 07:19:24,850 : INFO : EventManager : Event: ======'single_player_ball_started'====== Args={}
2025-11-27 07:19:24,850 : INFO : EventManager : Event: ======'ball_start_target'====== Args={'target': 'playfield'}
2025-11-27 07:19:24,850 : INFO : ball_device.bd_trough : Setting up player-controlled eject. Balls: 1, Target: <playfield.playfield>, player_controlled_eject_event: None
2025-11-27 07:19:24,850 : INFO : ball_device.bd_trough : Adding 1 ball(s) to the eject_queue with target <playfield.playfield>.
2025-11-27 07:19:24,850 : INFO : EventManager : Event: ======'balldevice_balls_available'====== Args={}
2025-11-27 07:19:24,851 : INFO : ball_device.bd_trough : State: waiting_for_target_ready
2025-11-27 07:19:24,851 : INFO : EventManager : Event: ======'balldevice_bd_trough_ball_eject_attempt'====== Args={'balls': 1, 'target': <ball_device.bd_plunger>, 'source': <ball_device.bd_trough>, 'mechanical_eject': False, 'num_attempts': 0}
2025-11-27 07:19:24,851 : INFO : ball_device.bd_plunger : State: waiting_for_ball
2025-11-27 07:19:24,851 : INFO : ball_device.bd_trough : State: ejecting
2025-11-27 07:19:24,851 : INFO : ball_device.bd_trough : Ejecting ball to <ball_device.bd_plunger>
2025-11-27 07:19:24,851 : INFO : EventManager : Event: ======'balldevice_bd_trough_ejecting_ball'====== Args={'balls': 1, 'target': <ball_device.bd_plunger>, 'source': <ball_device.bd_trough>, 'mechanical_eject': False, 'num_attempts': 0}
2025-11-27 07:19:24,851 : INFO : ball_device.bd_trough : Wait for ball to leave device
2025-11-27 07:19:24,851 : INFO : coil.c_trough_eject : Pulsing Driver for 10ms (1.0 pulse_power)
2025-11-27 07:19:24,851 : INFO : SwitchController : <<<<<<< 's_trough_1' inactive >>>>>>>
2025-11-27 07:19:24,852 : INFO : ball_device.bd_trough : State: ball_left
2025-11-27 07:19:24,852 : INFO : ball_device.bd_trough : Ball left
2025-11-27 07:19:24,852 : INFO : ball_device.bd_trough : Wait for confirm with timeout 10.0
2025-11-27 07:19:24,857 : INFO : EventManager : Event: ======'slide_base_created'====== Args={'_from_bcp': True}
2025-11-27 07:19:24,857 : INFO : EventManager : Event: ======'slide_attract_inactive'====== Args={'is_removing': True, '_from_bcp': True}
2025-11-27 07:19:24,857 : INFO : EventManager : Event: ======'slide_base_active'====== Args={'original_context': 'base', 'original_calling_context': 'mode_base_started', 'priority': 100.0, 'queue': '<QueuedEvent>', 'player': 1.0, 'ball': 1.0, 'balls_remaining': 2.0, 'is_extra_ball': False, 'cmd': 'slides_play', '_from_bcp': True}
2025-11-27 07:19:24,857 : INFO : EventManager : Event: ======'slide_attract_removed'====== Args={'_from_bcp': True}
2025-11-27 07:19:24,881 : INFO : EventManager : Event: ======'slide_dirtmouth_created'====== Args={'_from_bcp': True}
2025-11-27 07:19:24,881 : INFO : EventManager : Event: ======'slide_base_inactive'====== Args={'is_removing': False, '_from_bcp': True}
2025-11-27 07:19:24,881 : INFO : EventManager : Event: ======'slide_dirtmouth_active'====== Args={'original_context': 'dirtmouth', 'original_calling_context': 'mode_dirtmouth_started', 'priority': 250.0, 'cmd': 'slides_play', '_from_bcp': True}
2025-11-27 07:19:24,953 : INFO : SwitchController : <<<<<<< 's_plunger_lane' active >>>>>>>
2025-11-27 07:19:24,953 : INFO : EventManager : Event: ======'machine_var_audits_switches_s_plunger_lane'====== Args={'value': 256, 'prev_value': 255, 'change': 1}
2025-11-27 07:19:25,454 : INFO : ball_device.bd_plunger : Received ball from <ball_device.bd_trough>
2025-11-27 07:19:25,455 : INFO : EventManager : Event: ======'balldevice_bd_plunger_ball_enter'====== Args={'new_balls': 1, 'unclaimed_balls': 0, 'new_available_balls': 0, 'device': <ball_device.bd_plunger>}
2025-11-27 07:19:25,455 : INFO : EventManager : Event: ======'balldevice_bd_plunger_ball_entered'====== Args={'new_balls': 0, 'device': <ball_device.bd_plunger>}
2025-11-27 07:19:25,456 : INFO : EventManager : Event: ======'balldevice_bd_plunger_ball_count_changed'====== Args={'balls': 1}
2025-11-27 07:19:25,457 : INFO : ball_device.bd_trough : Got eject confirm
2025-11-27 07:19:25,457 : INFO : ball_device.bd_trough : Eject successful
2025-11-27 07:19:25,457 : INFO : EventManager : Event: ======'balldevice_bd_trough_ball_eject_success'====== Args={'balls': 1, 'target': <ball_device.bd_plunger>}
2025-11-27 07:19:25,458 : INFO : EventManager : Event: ======'balldevice_bd_trough_ball_count_changed'====== Args={'balls': 2}
2025-11-27 07:19:25,458 : INFO : ball_device.bd_trough : State: idle
2025-11-27 07:19:25,458 : INFO : ball_device.bd_plunger : State: waiting_for_target_ready
2025-11-27 07:19:25,458 : INFO : EventManager : Event: ======'balldevice_bd_plunger_ball_eject_attempt'====== Args={'balls': 1, 'target': <playfield.playfield>, 'source': <ball_device.bd_plunger>, 'mechanical_eject': False, 'num_attempts': 0}
2025-11-27 07:19:25,459 : INFO : ball_device.bd_plunger : State: ejecting
2025-11-27 07:19:25,459 : INFO : ball_device.bd_plunger : Ejecting ball to <playfield.playfield>
2025-11-27 07:19:25,460 : INFO : EventManager : Event: ======'balldevice_bd_plunger_ejecting_ball'====== Args={'balls': 1, 'target': <playfield.playfield>, 'source': <ball_device.bd_plunger>, 'mechanical_eject': False, 'num_attempts': 0}
2025-11-27 07:19:25,461 : INFO : ball_device.bd_plunger : Wait for ball to leave device
2025-11-27 07:19:35,462 : INFO : EventManager : Event: ======'balldevice_bd_plunger_ball_eject_failed'====== Args={'target': <playfield.playfield>, 'balls': 1, 'retry': True, 'num_attempts': 1}
2025-11-27 07:19:35,465 : INFO : ball_device.bd_plunger : State: waiting_for_target_ready
2025-11-27 07:19:35,465 : INFO : EventManager : Event: ======'balldevice_bd_plunger_ball_eject_attempt'====== Args={'balls': 1, 'target': <playfield.playfield>, 'source': <ball_device.bd_plunger>, 'mechanical_eject': False, 'num_attempts': 1}
2025-11-27 07:19:35,466 : INFO : ball_device.bd_plunger : State: ejecting
2025-11-27 07:19:35,466 : INFO : ball_device.bd_plunger : Ejecting ball to <playfield.playfield>
2025-11-27 07:19:35,466 : INFO : EventManager : Event: ======'balldevice_bd_plunger_ejecting_ball'====== Args={'balls': 1, 'target': <playfield.playfield>, 'source': <ball_device.bd_plunger>, 'mechanical_eject': False, 'num_attempts': 1}
2025-11-27 07:19:35,467 : INFO : ball_device.bd_plunger : Wait for ball to leave device
2025-11-27 07:19:37,455 : INFO : SwitchController : <<<<<<< 's_vuk' active >>>>>>>
2025-11-27 07:19:37,455 : INFO : EventManager : Event: ======'playfield_active'====== Args={'source': 'vuk'}
2025-11-27 07:19:37,455 : INFO : EventManager : Event: ======'playfield_active'====== Args={'source': 'vuk_dirtmouth'}
2025-11-27 07:19:37,456 : INFO : EventManager : Event: ======'s_vuk_active'====== Args={}
2025-11-27 07:19:37,457 : INFO : EventManager : Event: ======'machine_var_audits_switches_s_vuk'====== Args={'value': 178, 'prev_value': 177, 'change': 1}
2025-11-27 07:19:37,458 : INFO : EventManager : Event: ======'player_shot_vuk_dirtmouth'====== Args={'value': 1, 'prev_value': 0, 'change': 1, 'player_num': 1}
2025-11-27 07:19:37,473 : INFO : EventManager : Event: ======'machine_var_audits_shots_vuk_dirtmouth'====== Args={'value': 83, 'prev_value': 82, 'change': 1}
2025-11-27 07:19:37,474 : INFO : EventManager : Event: ======'vuk_dirtmouth_hit'====== Args={'profile': 'default', 'state': 'unlit', 'advancing': True}
2025-11-27 07:19:37,475 : INFO : EventManager : Event: ======'vuk_dirtmouth_default_hit'====== Args={'profile': 'default', 'state': 'unlit', 'advancing': True}
2025-11-27 07:19:37,475 : INFO : EventManager : Event: ======'vuk_dirtmouth_default_unlit_hit'====== Args={'profile': 'default', 'state': 'unlit', 'advancing': True}
2025-11-27 07:19:37,475 : INFO : EventManager : Event: ======'vuk_dirtmouth_unlit_hit'====== Args={'profile': 'default', 'state': 'unlit', 'advancing': True}
2025-11-27 07:19:37,475 : INFO : EventManager : Event: ======'player_shot_vuk'====== Args={'value': 1, 'prev_value': 0, 'change': 1, 'player_num': 1}
2025-11-27 07:19:37,476 : INFO : EventManager : Event: ======'machine_var_audits_shots_vuk'====== Args={'value': 162, 'prev_value': 161, 'change': 1}
2025-11-27 07:19:37,476 : INFO : EventManager : Event: ======'vuk_hit'====== Args={'profile': 'default', 'state': 'unlit', 'advancing': True}
2025-11-27 07:19:37,476 : INFO : EventManager : Event: ======'vuk_default_hit'====== Args={'profile': 'default', 'state': 'unlit', 'advancing': True}
2025-11-27 07:19:37,477 : INFO : EventManager : Event: ======'vuk_default_unlit_hit'====== Args={'profile': 'default', 'state': 'unlit', 'advancing': True}
2025-11-27 07:19:37,477 : INFO : EventManager : Event: ======'vuk_unlit_hit'====== Args={'profile': 'default', 'state': 'unlit', 'advancing': True}
2025-11-27 07:19:37,477 : INFO : EventManager : Event: ======'locks_hit'====== Args={'shot': 'vuk_dirtmouth'}
2025-11-27 07:19:37,477 : INFO : EventManager : Event: ======'locks_unlit_hit'====== Args={'shot': 'vuk_dirtmouth'}
2025-11-27 07:19:37,478 : INFO : EventManager : Event: ======'start_mode_travel_dirtmouth_to_frogotten_crossroads'====== Args={'priority': 0}
2025-11-27 07:19:37,478 : INFO : EventManager : Event: ======'mode_travel_dirtmouth_to_frogotten_crossroads_will_start'====== Args={'priority': 0}
2025-11-27 07:19:37,478 : INFO : EventManager : Event: ======'player_shot_ramp_travel_dirtmouth_to_frogotten_crossroads_enabled'====== Args={'value': True, 'prev_value': 0, 'change': 1, 'player_num': 1}
2025-11-27 07:19:37,479 : INFO : EventManager : Event: ======'player_shot_right_orbit_travel_dirtmouth_to_frogotten_crossroads_enabled'====== Args={'value': True, 'prev_value': 0, 'change': 1, 'player_num': 1}
2025-11-27 07:19:37,480 : INFO : EventManager : Event: ======'player_shot_left_orbit_travel_dirtmouth_to_frogotten_crossroads_enabled'====== Args={'value': True, 'prev_value': 0, 'change': 1, 'player_num': 1}
2025-11-27 07:19:37,480 : INFO : EventManager : Event: ======'travel_complete'====== Args={'state': 'unlit'}
2025-11-27 07:19:37,480 : INFO : EventManager : Event: ======'travel_unlit_complete'====== Args={}
2025-11-27 07:19:37,481 : INFO : EventManager : Event: ======'player_travel_dirtmouth_to_frogotten_crossroads_travel_display_timer_tick'====== Args={'value': 0, 'prev_value': 0, 'change': 0, 'player_num': 1}
2025-11-27 07:19:37,481 : INFO : Timer.travel_display_timer : Starting Timer.
2025-11-27 07:19:37,481 : INFO : EventManager : Event: ======'timer_travel_display_timer_started'====== Args={'ticks': 0, 'ticks_remaining': 1}
2025-11-27 07:19:37,481 : INFO : EventManager : Event: ======'timer_travel_display_timer_tick'====== Args={'ticks': 0, 'ticks_remaining': 1}
2025-11-27 07:19:37,481 : INFO : EventManager : Event: ======'player_travel_dirtmouth_to_frogotten_crossroads_travel_end_timer_tick'====== Args={'value': 0, 'prev_value': 0, 'change': 0, 'player_num': 1}
2025-11-27 07:19:37,482 : INFO : Timer.travel_end_timer : Starting Timer.
2025-11-27 07:19:37,482 : INFO : EventManager : Event: ======'timer_travel_end_timer_started'====== Args={'ticks': 0, 'ticks_remaining': 100}
2025-11-27 07:19:37,482 : INFO : EventManager : Event: ======'timer_travel_end_timer_tick'====== Args={'ticks': 0, 'ticks_remaining': 100}
2025-11-27 07:19:37,483 : INFO : EventManager : Event: ======'mode_travel_dirtmouth_to_frogotten_crossroads_starting'====== Args={'priority': 0}
2025-11-27 07:19:37,483 : INFO : EventManager : Event: ======'player_score'====== Args={'value': 5000, 'prev_value': 0, 'change': 5000, 'player_num': 1, 'source': 'vuk'}
2025-11-27 07:19:37,484 : INFO : Mode.travel_dirtmouth_to_frogotten_crossroads : Started. Priority: 300
2025-11-27 07:19:37,484 : INFO : EventManager : Event: ======'modes_active_modes_changed'====== Args={}
2025-11-27 07:19:37,484 : INFO : EventManager : Event: ======'mode_travel_dirtmouth_to_frogotten_crossroads_started'====== Args={'priority': 0}
2025-11-27 07:19:37,485 : INFO : EventManager : Event: ======'player_score'====== Args={'value': 15000, 'prev_value': 5000, 'change': 10000, 'player_num': 1, 'source': 'travel_dirtmouth_to_frogotten_crossroads'}
2025-11-27 07:19:37,574 : INFO : EventManager : Event: ======'slide_travel_dirtmouth_to_frogotten_crossroads_created'====== Args={'_from_bcp': True}
2025-11-27 07:19:37,575 : INFO : EventManager : Event: ======'slide_dirtmouth_inactive'====== Args={'is_removing': False, '_from_bcp': True}
2025-11-27 07:19:37,575 : INFO : EventManager : Event: ======'slide_travel_dirtmouth_to_frogotten_crossroads_active'====== Args={'original_context': 'travel_dirtmouth_to_frogotten_crossroads', 'original_calling_context': 'mode_travel_dirtmouth_to_frogotten_crossroads_started', 'priority': 300.0, 'cmd': 'slides_play', '_from_bcp': True}
2025-11-27 07:19:37,653 : INFO : SwitchController : <<<<<<< 's_vuk' inactive >>>>>>>
2025-11-27 07:19:37,883 : INFO : EventManager : Event: ======'player_travel_dirtmouth_to_frogotten_crossroads_travel_end_timer_tick'====== Args={'value': 1, 'prev_value': 0, 'change': 1, 'player_num': 1}
2025-11-27 07:19:37,884 : INFO : EventManager : Event: ======'timer_travel_end_timer_tick'====== Args={'ticks': 1, 'ticks_remaining': 99}
2025-11-27 07:19:38,283 : INFO : EventManager : Event: ======'player_travel_dirtmouth_to_frogotten_crossroads_travel_end_timer_tick'====== Args={'value': 2, 'prev_value': 1, 'change': 1, 'player_num': 1}
2025-11-27 07:19:38,284 : INFO : EventManager : Event: ======'timer_travel_end_timer_tick'====== Args={'ticks': 2, 'ticks_remaining': 98}
2025-11-27 07:19:38,683 : INFO : EventManager : Event: ======'player_travel_dirtmouth_to_frogotten_crossroads_travel_end_timer_tick'====== Args={'value': 3, 'prev_value': 2, 'change': 1, 'player_num': 1}
2025-11-27 07:19:38,687 : INFO : EventManager : Event: ======'timer_travel_end_timer_tick'====== Args={'ticks': 3, 'ticks_remaining': 97}
2025-11-27 07:19:39,083 : INFO : EventManager : Event: ======'player_travel_dirtmouth_to_frogotten_crossroads_travel_end_timer_tick'====== Args={'value': 4, 'prev_value': 3, 'change': 1, 'player_num': 1}
2025-11-27 07:19:39,084 : INFO : EventManager : Event: ======'timer_travel_end_timer_tick'====== Args={'ticks': 4, 'ticks_remaining': 96}
2025-11-27 07:19:39,483 : INFO : EventManager : Event: ======'player_travel_dirtmouth_to_frogotten_crossroads_travel_end_timer_tick'====== Args={'value': 5, 'prev_value': 4, 'change': 1, 'player_num': 1}
2025-11-27 07:19:39,485 : INFO : EventManager : Event: ======'timer_travel_end_timer_tick'====== Args={'ticks': 5, 'ticks_remaining': 95}
2025-11-27 07:19:39,883 : INFO : EventManager : Event: ======'player_travel_dirtmouth_to_frogotten_crossroads_travel_end_timer_tick'====== Args={'value': 6, 'prev_value': 5, 'change': 1, 'player_num': 1}
2025-11-27 07:19:39,884 : INFO : EventManager : Event: ======'timer_travel_end_timer_tick'====== Args={'ticks': 6, 'ticks_remaining': 94}
2025-11-27 07:19:40,283 : INFO : EventManager : Event: ======'player_travel_dirtmouth_to_frogotten_crossroads_travel_end_timer_tick'====== Args={'value': 7, 'prev_value': 6, 'change': 1, 'player_num': 1}
2025-11-27 07:19:40,284 : INFO : EventManager : Event: ======'timer_travel_end_timer_tick'====== Args={'ticks': 7, 'ticks_remaining': 93}
2025-11-27 07:19:40,683 : INFO : EventManager : Event: ======'player_travel_dirtmouth_to_frogotten_crossroads_travel_end_timer_tick'====== Args={'value': 8, 'prev_value': 7, 'change': 1, 'player_num': 1}
2025-11-27 07:19:40,684 : INFO : EventManager : Event: ======'timer_travel_end_timer_tick'====== Args={'ticks': 8, 'ticks_remaining': 92}
2025-11-27 07:19:41,083 : INFO : EventManager : Event: ======'player_travel_dirtmouth_to_frogotten_crossroads_travel_end_timer_tick'====== Args={'value': 9, 'prev_value': 8, 'change': 1, 'player_num': 1}
2025-11-27 07:19:41,084 : INFO : EventManager : Event: ======'timer_travel_end_timer_tick'====== Args={'ticks': 9, 'ticks_remaining': 91}
2025-11-27 07:19:41,483 : INFO : EventManager : Event: ======'player_travel_dirtmouth_to_frogotten_crossroads_travel_end_timer_tick'====== Args={'value': 10, 'prev_value': 9, 'change': 1, 'player_num': 1}
2025-11-27 07:19:41,485 : INFO : EventManager : Event: ======'timer_travel_end_timer_tick'====== Args={'ticks': 10, 'ticks_remaining': 90}
2025-11-27 07:19:41,883 : INFO : EventManager : Event: ======'player_travel_dirtmouth_to_frogotten_crossroads_travel_end_timer_tick'====== Args={'value': 11, 'prev_value': 10, 'change': 1, 'player_num': 1}
2025-11-27 07:19:41,885 : INFO : EventManager : Event: ======'timer_travel_end_timer_tick'====== Args={'ticks': 11, 'ticks_remaining': 89}
2025-11-27 07:19:42,283 : INFO : EventManager : Event: ======'player_travel_dirtmouth_to_frogotten_crossroads_travel_end_timer_tick'====== Args={'value': 12, 'prev_value': 11, 'change': 1, 'player_num': 1}
2025-11-27 07:19:42,284 : INFO : EventManager : Event: ======'timer_travel_end_timer_tick'====== Args={'ticks': 12, 'ticks_remaining': 88}
2025-11-27 07:19:42,683 : INFO : EventManager : Event: ======'player_travel_dirtmouth_to_frogotten_crossroads_travel_end_timer_tick'====== Args={'value': 13, 'prev_value': 12, 'change': 1, 'player_num': 1}
2025-11-27 07:19:42,684 : INFO : EventManager : Event: ======'timer_travel_end_timer_tick'====== Args={'ticks': 13, 'ticks_remaining': 87}
2025-11-27 07:19:43,083 : INFO : EventManager : Event: ======'player_travel_dirtmouth_to_frogotten_crossroads_travel_end_timer_tick'====== Args={'value': 14, 'prev_value': 13, 'change': 1, 'player_num': 1}
2025-11-27 07:19:43,085 : INFO : EventManager : Event: ======'timer_travel_end_timer_tick'====== Args={'ticks': 14, 'ticks_remaining': 86}
2025-11-27 07:19:43,483 : INFO : EventManager : Event: ======'player_travel_dirtmouth_to_frogotten_crossroads_travel_end_timer_tick'====== Args={'value': 15, 'prev_value': 14, 'change': 1, 'player_num': 1}
2025-11-27 07:19:43,485 : INFO : EventManager : Event: ======'timer_travel_end_timer_tick'====== Args={'ticks': 15, 'ticks_remaining': 85}
2025-11-27 07:19:43,883 : INFO : EventManager : Event: ======'player_travel_dirtmouth_to_frogotten_crossroads_travel_end_timer_tick'====== Args={'value': 16, 'prev_value': 15, 'change': 1, 'player_num': 1}
2025-11-27 07:19:43,884 : INFO : EventManager : Event: ======'timer_travel_end_timer_tick'====== Args={'ticks': 16, 'ticks_remaining': 84}
2025-11-27 07:19:44,283 : INFO : EventManager : Event: ======'player_travel_dirtmouth_to_frogotten_crossroads_travel_end_timer_tick'====== Args={'value': 17, 'prev_value': 16, 'change': 1, 'player_num': 1}
2025-11-27 07:19:44,284 : INFO : EventManager : Event: ======'timer_travel_end_timer_tick'====== Args={'ticks': 17, 'ticks_remaining': 83}
2025-11-27 07:19:44,683 : INFO : EventManager : Event: ======'player_travel_dirtmouth_to_frogotten_crossroads_travel_end_timer_tick'====== Args={'value': 18, 'prev_value': 17, 'change': 1, 'player_num': 1}
2025-11-27 07:19:44,684 : INFO : EventManager : Event: ======'timer_travel_end_timer_tick'====== Args={'ticks': 18, 'ticks_remaining': 82}
2025-11-27 07:19:44,982 : INFO : EventManager : Event: ======'player_travel_dirtmouth_to_frogotten_crossroads_travel_display_timer_tick'====== Args={'value': 1, 'prev_value': 0, 'change': 1, 'player_num': 1}
2025-11-27 07:19:44,984 : INFO : Timer.travel_display_timer : Timer Complete
2025-11-27 07:19:44,984 : INFO : Timer.travel_display_timer : Stopping Timer
2025-11-27 07:19:44,984 : INFO : EventManager : Event: ======'timer_travel_display_timer_stopped'====== Args={'ticks': 1, 'ticks_remaining': 1}
2025-11-27 07:19:44,985 : INFO : EventManager : Event: ======'timer_travel_display_timer_complete'====== Args={'ticks': 1, 'ticks_remaining': 1}
2025-11-27 07:19:45,083 : INFO : EventManager : Event: ======'player_travel_dirtmouth_to_frogotten_crossroads_travel_end_timer_tick'====== Args={'value': 19, 'prev_value': 18, 'change': 1, 'player_num': 1}
2025-11-27 07:19:45,084 : INFO : EventManager : Event: ======'timer_travel_end_timer_tick'====== Args={'ticks': 19, 'ticks_remaining': 81}
2025-11-27 07:19:45,468 : INFO : EventManager : Event: ======'balldevice_bd_plunger_ball_eject_failed'====== Args={'target': <playfield.playfield>, 'balls': 1, 'retry': True, 'num_attempts': 2}
2025-11-27 07:19:45,472 : INFO : ball_device.bd_plunger : State: waiting_for_target_ready
2025-11-27 07:19:45,472 : INFO : EventManager : Event: ======'balldevice_bd_plunger_ball_eject_attempt'====== Args={'balls': 1, 'target': <playfield.playfield>, 'source': <ball_device.bd_plunger>, 'mechanical_eject': False, 'num_attempts': 2}
2025-11-27 07:19:45,473 : INFO : ball_device.bd_plunger : State: ejecting
2025-11-27 07:19:45,473 : INFO : ball_device.bd_plunger : Ejecting ball to <playfield.playfield>
2025-11-27 07:19:45,474 : INFO : EventManager : Event: ======'balldevice_bd_plunger_ejecting_ball'====== Args={'balls': 1, 'target': <playfield.playfield>, 'source': <ball_device.bd_plunger>, 'mechanical_eject': False, 'num_attempts': 2}
2025-11-27 07:19:45,475 : INFO : ball_device.bd_plunger : Wait for ball to leave device
2025-11-27 07:19:45,483 : INFO : EventManager : Event: ======'player_travel_dirtmouth_to_frogotten_crossroads_travel_end_timer_tick'====== Args={'value': 20, 'prev_value': 19, 'change': 1, 'player_num': 1}
2025-11-27 07:19:45,483 : INFO : EventManager : Event: ======'timer_travel_end_timer_tick'====== Args={'ticks': 20, 'ticks_remaining': 80}
2025-11-27 07:19:45,883 : INFO : EventManager : Event: ======'player_travel_dirtmouth_to_frogotten_crossroads_travel_end_timer_tick'====== Args={'value': 21, 'prev_value': 20, 'change': 1, 'player_num': 1}
2025-11-27 07:19:45,884 : INFO : EventManager : Event: ======'timer_travel_end_timer_tick'====== Args={'ticks': 21, 'ticks_remaining': 79}
2025-11-27 07:19:46,282 : INFO : EventManager : Event: ======'player_travel_dirtmouth_to_frogotten_crossroads_travel_end_timer_tick'====== Args={'value': 22, 'prev_value': 21, 'change': 1, 'player_num': 1}
2025-11-27 07:19:46,283 : INFO : EventManager : Event: ======'timer_travel_end_timer_tick'====== Args={'ticks': 22, 'ticks_remaining': 78}
2025-11-27 07:19:46,683 : INFO : EventManager : Event: ======'player_travel_dirtmouth_to_frogotten_crossroads_travel_end_timer_tick'====== Args={'value': 23, 'prev_value': 22, 'change': 1, 'player_num': 1}
2025-11-27 07:19:46,685 : INFO : EventManager : Event: ======'timer_travel_end_timer_tick'====== Args={'ticks': 23, 'ticks_remaining': 77}
2025-11-27 07:19:47,082 : INFO : EventManager : Event: ======'player_travel_dirtmouth_to_frogotten_crossroads_travel_end_timer_tick'====== Args={'value': 24, 'prev_value': 23, 'change': 1, 'player_num': 1}
2025-11-27 07:19:47,084 : INFO : EventManager : Event: ======'timer_travel_end_timer_tick'====== Args={'ticks': 24, 'ticks_remaining': 76}
2025-11-27 07:19:47,483 : INFO : EventManager : Event: ======'player_travel_dirtmouth_to_frogotten_crossroads_travel_end_timer_tick'====== Args={'value': 25, 'prev_value': 24, 'change': 1, 'player_num': 1}
2025-11-27 07:19:47,484 : INFO : EventManager : Event: ======'timer_travel_end_timer_tick'====== Args={'ticks': 25, 'ticks_remaining': 75}
2025-11-27 07:19:47,883 : INFO : EventManager : Event: ======'player_travel_dirtmouth_to_frogotten_crossroads_travel_end_timer_tick'====== Args={'value': 26, 'prev_value': 25, 'change': 1, 'player_num': 1}
2025-11-27 07:19:47,885 : INFO : EventManager : Event: ======'timer_travel_end_timer_tick'====== Args={'ticks': 26, 'ticks_remaining': 74}
2025-11-27 07:19:48,283 : INFO : EventManager : Event: ======'player_travel_dirtmouth_to_frogotten_crossroads_travel_end_timer_tick'====== Args={'value': 27, 'prev_value': 26, 'change': 1, 'player_num': 1}
2025-11-27 07:19:48,285 : INFO : EventManager : Event: ======'timer_travel_end_timer_tick'====== Args={'ticks': 27, 'ticks_remaining': 73}
2025-11-27 07:19:48,683 : INFO : EventManager : Event: ======'player_travel_dirtmouth_to_frogotten_crossroads_travel_end_timer_tick'====== Args={'value': 28, 'prev_value': 27, 'change': 1, 'player_num': 1}
2025-11-27 07:19:48,684 : INFO : EventManager : Event: ======'timer_travel_end_timer_tick'====== Args={'ticks': 28, 'ticks_remaining': 72}
2025-11-27 07:19:49,082 : INFO : EventManager : Event: ======'player_travel_dirtmouth_to_frogotten_crossroads_travel_end_timer_tick'====== Args={'value': 29, 'prev_value': 28, 'change': 1, 'player_num': 1}
2025-11-27 07:19:49,084 : INFO : EventManager : Event: ======'timer_travel_end_timer_tick'====== Args={'ticks': 29, 'ticks_remaining': 71}
2025-11-27 07:19:49,483 : INFO : EventManager : Event: ======'player_travel_dirtmouth_to_frogotten_crossroads_travel_end_timer_tick'====== Args={'value': 30, 'prev_value': 29, 'change': 1, 'player_num': 1}
2025-11-27 07:19:49,485 : INFO : EventManager : Event: ======'timer_travel_end_timer_tick'====== Args={'ticks': 30, 'ticks_remaining': 70}
2025-11-27 07:19:49,883 : INFO : EventManager : Event: ======'player_travel_dirtmouth_to_frogotten_crossroads_travel_end_timer_tick'====== Args={'value': 31, 'prev_value': 30, 'change': 1, 'player_num': 1}
2025-11-27 07:19:49,885 : INFO : EventManager : Event: ======'timer_travel_end_timer_tick'====== Args={'ticks': 31, 'ticks_remaining': 69}
2025-11-27 07:19:50,282 : INFO : EventManager : Event: ======'player_travel_dirtmouth_to_frogotten_crossroads_travel_end_timer_tick'====== Args={'value': 32, 'prev_value': 31, 'change': 1, 'player_num': 1}
2025-11-27 07:19:50,284 : INFO : EventManager : Event: ======'timer_travel_end_timer_tick'====== Args={'ticks': 32, 'ticks_remaining': 68}
2025-11-27 07:19:50,683 : INFO : EventManager : Event: ======'player_travel_dirtmouth_to_frogotten_crossroads_travel_end_timer_tick'====== Args={'value': 33, 'prev_value': 32, 'change': 1, 'player_num': 1}
2025-11-27 07:19:50,685 : INFO : EventManager : Event: ======'timer_travel_end_timer_tick'====== Args={'ticks': 33, 'ticks_remaining': 67}
2025-11-27 07:19:51,083 : INFO : EventManager : Event: ======'player_travel_dirtmouth_to_frogotten_crossroads_travel_end_timer_tick'====== Args={'value': 34, 'prev_value': 33, 'change': 1, 'player_num': 1}
2025-11-27 07:19:51,085 : INFO : EventManager : Event: ======'timer_travel_end_timer_tick'====== Args={'ticks': 34, 'ticks_remaining': 66}
2025-11-27 07:19:51,483 : INFO : EventManager : Event: ======'player_travel_dirtmouth_to_frogotten_crossroads_travel_end_timer_tick'====== Args={'value': 35, 'prev_value': 34, 'change': 1, 'player_num': 1}
2025-11-27 07:19:51,485 : INFO : EventManager : Event: ======'timer_travel_end_timer_tick'====== Args={'ticks': 35, 'ticks_remaining': 65}
2025-11-27 07:19:51,883 : INFO : EventManager : Event: ======'player_travel_dirtmouth_to_frogotten_crossroads_travel_end_timer_tick'====== Args={'value': 36, 'prev_value': 35, 'change': 1, 'player_num': 1}
2025-11-27 07:19:51,885 : INFO : EventManager : Event: ======'timer_travel_end_timer_tick'====== Args={'ticks': 36, 'ticks_remaining': 64}
2025-11-27 07:19:52,282 : INFO : EventManager : Event: ======'player_travel_dirtmouth_to_frogotten_crossroads_travel_end_timer_tick'====== Args={'value': 37, 'prev_value': 36, 'change': 1, 'player_num': 1}
2025-11-27 07:19:52,283 : INFO : EventManager : Event: ======'timer_travel_end_timer_tick'====== Args={'ticks': 37, 'ticks_remaining': 63}
2025-11-27 07:19:52,683 : INFO : EventManager : Event: ======'player_travel_dirtmouth_to_frogotten_crossroads_travel_end_timer_tick'====== Args={'value': 38, 'prev_value': 37, 'change': 1, 'player_num': 1}
2025-11-27 07:19:52,684 : INFO : EventManager : Event: ======'timer_travel_end_timer_tick'====== Args={'ticks': 38, 'ticks_remaining': 62}
2025-11-27 07:19:53,083 : INFO : EventManager : Event: ======'player_travel_dirtmouth_to_frogotten_crossroads_travel_end_timer_tick'====== Args={'value': 39, 'prev_value': 38, 'change': 1, 'player_num': 1}
2025-11-27 07:19:53,084 : INFO : EventManager : Event: ======'timer_travel_end_timer_tick'====== Args={'ticks': 39, 'ticks_remaining': 61}
2025-11-27 07:19:53,483 : INFO : EventManager : Event: ======'player_travel_dirtmouth_to_frogotten_crossroads_travel_end_timer_tick'====== Args={'value': 40, 'prev_value': 39, 'change': 1, 'player_num': 1}
2025-11-27 07:19:53,485 : INFO : EventManager : Event: ======'timer_travel_end_timer_tick'====== Args={'ticks': 40, 'ticks_remaining': 60}
2025-11-27 07:19:53,883 : INFO : EventManager : Event: ======'player_travel_dirtmouth_to_frogotten_crossroads_travel_end_timer_tick'====== Args={'value': 41, 'prev_value': 40, 'change': 1, 'player_num': 1}
2025-11-27 07:19:53,884 : INFO : EventManager : Event: ======'timer_travel_end_timer_tick'====== Args={'ticks': 41, 'ticks_remaining': 59}
2025-11-27 07:19:54,282 : INFO : EventManager : Event: ======'player_travel_dirtmouth_to_frogotten_crossroads_travel_end_timer_tick'====== Args={'value': 42, 'prev_value': 41, 'change': 1, 'player_num': 1}
2025-11-27 07:19:54,284 : INFO : EventManager : Event: ======'timer_travel_end_timer_tick'====== Args={'ticks': 42, 'ticks_remaining': 58}
2025-11-27 07:19:54,683 : INFO : EventManager : Event: ======'player_travel_dirtmouth_to_frogotten_crossroads_travel_end_timer_tick'====== Args={'value': 43, 'prev_value': 42, 'change': 1, 'player_num': 1}
2025-11-27 07:19:54,684 : INFO : EventManager : Event: ======'timer_travel_end_timer_tick'====== Args={'ticks': 43, 'ticks_remaining': 57}
2025-11-27 07:19:55,082 : INFO : EventManager : Event: ======'player_travel_dirtmouth_to_frogotten_crossroads_travel_end_timer_tick'====== Args={'value': 44, 'prev_value': 43, 'change': 1, 'player_num': 1}
2025-11-27 07:19:55,084 : INFO : EventManager : Event: ======'timer_travel_end_timer_tick'====== Args={'ticks': 44, 'ticks_remaining': 56}
2025-11-27 07:19:55,476 : INFO : EventManager : Event: ======'balldevice_bd_plunger_ball_eject_failed'====== Args={'target': <playfield.playfield>, 'balls': 1, 'retry': True, 'num_attempts': 3}
2025-11-27 07:19:55,478 : INFO : ball_device.bd_plunger : State: waiting_for_target_ready
2025-11-27 07:19:55,478 : INFO : EventManager : Event: ======'balldevice_bd_plunger_ball_eject_attempt'====== Args={'balls': 1, 'target': <playfield.playfield>, 'source': <ball_device.bd_plunger>, 'mechanical_eject': False, 'num_attempts': 3}
2025-11-27 07:19:55,479 : INFO : ball_device.bd_plunger : State: ejecting
2025-11-27 07:19:55,479 : INFO : ball_device.bd_plunger : Ejecting ball to <playfield.playfield>
2025-11-27 07:19:55,479 : INFO : EventManager : Event: ======'balldevice_bd_plunger_ejecting_ball'====== Args={'balls': 1, 'target': <playfield.playfield>, 'source': <ball_device.bd_plunger>, 'mechanical_eject': False, 'num_attempts': 3}
2025-11-27 07:19:55,480 : INFO : ball_device.bd_plunger : Wait for ball to leave device
2025-11-27 07:19:55,482 : INFO : EventManager : Event: ======'player_travel_dirtmouth_to_frogotten_crossroads_travel_end_timer_tick'====== Args={'value': 45, 'prev_value': 44, 'change': 1, 'player_num': 1}
2025-11-27 07:19:55,483 : INFO : EventManager : Event: ======'timer_travel_end_timer_tick'====== Args={'ticks': 45, 'ticks_remaining': 55}
2025-11-27 07:19:55,882 : INFO : EventManager : Event: ======'player_travel_dirtmouth_to_frogotten_crossroads_travel_end_timer_tick'====== Args={'value': 46, 'prev_value': 45, 'change': 1, 'player_num': 1}
2025-11-27 07:19:55,884 : INFO : EventManager : Event: ======'timer_travel_end_timer_tick'====== Args={'ticks': 46, 'ticks_remaining': 54}
2025-11-27 07:19:56,283 : INFO : EventManager : Event: ======'player_travel_dirtmouth_to_frogotten_crossroads_travel_end_timer_tick'====== Args={'value': 47, 'prev_value': 46, 'change': 1, 'player_num': 1}
2025-11-27 07:19:56,285 : INFO : EventManager : Event: ======'timer_travel_end_timer_tick'====== Args={'ticks': 47, 'ticks_remaining': 53}
2025-11-27 07:19:56,683 : INFO : EventManager : Event: ======'player_travel_dirtmouth_to_frogotten_crossroads_travel_end_timer_tick'====== Args={'value': 48, 'prev_value': 47, 'change': 1, 'player_num': 1}
2025-11-27 07:19:56,685 : INFO : EventManager : Event: ======'timer_travel_end_timer_tick'====== Args={'ticks': 48, 'ticks_remaining': 52}
2025-11-27 07:19:57,083 : INFO : EventManager : Event: ======'player_travel_dirtmouth_to_frogotten_crossroads_travel_end_timer_tick'====== Args={'value': 49, 'prev_value': 48, 'change': 1, 'player_num': 1}
2025-11-27 07:19:57,085 : INFO : EventManager : Event: ======'timer_travel_end_timer_tick'====== Args={'ticks': 49, 'ticks_remaining': 51}
2025-11-27 07:19:57,483 : INFO : EventManager : Event: ======'player_travel_dirtmouth_to_frogotten_crossroads_travel_end_timer_tick'====== Args={'value': 50, 'prev_value': 49, 'change': 1, 'player_num': 1}
2025-11-27 07:19:57,485 : INFO : EventManager : Event: ======'timer_travel_end_timer_tick'====== Args={'ticks': 50, 'ticks_remaining': 50}
2025-11-27 07:19:57,883 : INFO : EventManager : Event: ======'player_travel_dirtmouth_to_frogotten_crossroads_travel_end_timer_tick'====== Args={'value': 51, 'prev_value': 50, 'change': 1, 'player_num': 1}
2025-11-27 07:19:57,885 : INFO : EventManager : Event: ======'timer_travel_end_timer_tick'====== Args={'ticks': 51, 'ticks_remaining': 49}
2025-11-27 07:19:58,282 : INFO : EventManager : Event: ======'player_travel_dirtmouth_to_frogotten_crossroads_travel_end_timer_tick'====== Args={'value': 52, 'prev_value': 51, 'change': 1, 'player_num': 1}
2025-11-27 07:19:58,284 : INFO : EventManager : Event: ======'timer_travel_end_timer_tick'====== Args={'ticks': 52, 'ticks_remaining': 48}
2025-11-27 07:19:58,683 : INFO : EventManager : Event: ======'player_travel_dirtmouth_to_frogotten_crossroads_travel_end_timer_tick'====== Args={'value': 53, 'prev_value': 52, 'change': 1, 'player_num': 1}
2025-11-27 07:19:58,685 : INFO : EventManager : Event: ======'timer_travel_end_timer_tick'====== Args={'ticks': 53, 'ticks_remaining': 47}
2025-11-27 07:19:59,083 : INFO : EventManager : Event: ======'player_travel_dirtmouth_to_frogotten_crossroads_travel_end_timer_tick'====== Args={'value': 54, 'prev_value': 53, 'change': 1, 'player_num': 1}
2025-11-27 07:19:59,084 : INFO : EventManager : Event: ======'timer_travel_end_timer_tick'====== Args={'ticks': 54, 'ticks_remaining': 46}
2025-11-27 07:19:59,483 : INFO : EventManager : Event: ======'player_travel_dirtmouth_to_frogotten_crossroads_travel_end_timer_tick'====== Args={'value': 55, 'prev_value': 54, 'change': 1, 'player_num': 1}
2025-11-27 07:19:59,485 : INFO : EventManager : Event: ======'timer_travel_end_timer_tick'====== Args={'ticks': 55, 'ticks_remaining': 45}
2025-11-27 07:19:59,883 : INFO : EventManager : Event: ======'player_travel_dirtmouth_to_frogotten_crossroads_travel_end_timer_tick'====== Args={'value': 56, 'prev_value': 55, 'change': 1, 'player_num': 1}
2025-11-27 07:19:59,885 : INFO : EventManager : Event: ======'timer_travel_end_timer_tick'====== Args={'ticks': 56, 'ticks_remaining': 44}
2025-11-27 07:20:00,283 : INFO : EventManager : Event: ======'player_travel_dirtmouth_to_frogotten_crossroads_travel_end_timer_tick'====== Args={'value': 57, 'prev_value': 56, 'change': 1, 'player_num': 1}
2025-11-27 07:20:00,284 : INFO : EventManager : Event: ======'timer_travel_end_timer_tick'====== Args={'ticks': 57, 'ticks_remaining': 43}
2025-11-27 07:20:00,683 : INFO : EventManager : Event: ======'player_travel_dirtmouth_to_frogotten_crossroads_travel_end_timer_tick'====== Args={'value': 58, 'prev_value': 57, 'change': 1, 'player_num': 1}
2025-11-27 07:20:00,684 : INFO : EventManager : Event: ======'timer_travel_end_timer_tick'====== Args={'ticks': 58, 'ticks_remaining': 42}
2025-11-27 07:20:01,082 : INFO : EventManager : Event: ======'player_travel_dirtmouth_to_frogotten_crossroads_travel_end_timer_tick'====== Args={'value': 59, 'prev_value': 58, 'change': 1, 'player_num': 1}
2025-11-27 07:20:01,083 : INFO : EventManager : Event: ======'timer_travel_end_timer_tick'====== Args={'ticks': 59, 'ticks_remaining': 41}
2025-11-27 07:20:01,482 : INFO : EventManager : Event: ======'player_travel_dirtmouth_to_frogotten_crossroads_travel_end_timer_tick'====== Args={'value': 60, 'prev_value': 59, 'change': 1, 'player_num': 1}
2025-11-27 07:20:01,484 : INFO : EventManager : Event: ======'timer_travel_end_timer_tick'====== Args={'ticks': 60, 'ticks_remaining': 40}
2025-11-27 07:20:01,804 : INFO : SwitchController : <<<<<<< 's_right_inlane' active >>>>>>>
2025-11-27 07:20:01,805 : INFO : EventManager : Event: ======'playfield_active'====== Args={'source': 'right_inlane'}
2025-11-27 07:20:01,805 : INFO : EventManager : Event: ======'s_right_inlane_active'====== Args={}
2025-11-27 07:20:01,806 : INFO : EventManager : Event: ======'machine_var_audits_switches_s_right_inlane'====== Args={'value': 15, 'prev_value': 14, 'change': 1}
2025-11-27 07:20:01,807 : INFO : EventManager : Event: ======'player_shot_right_inlane'====== Args={'value': 1, 'prev_value': 0, 'change': 1, 'player_num': 1}
2025-11-27 07:20:01,817 : INFO : EventManager : Event: ======'machine_var_audits_shots_right_inlane'====== Args={'value': 14, 'prev_value': 13, 'change': 1}
2025-11-27 07:20:01,829 : INFO : EventManager : Event: ======'right_inlane_hit'====== Args={'profile': 'default', 'state': 'unlit', 'advancing': True}
2025-11-27 07:20:01,829 : INFO : EventManager : Event: ======'right_inlane_default_hit'====== Args={'profile': 'default', 'state': 'unlit', 'advancing': True}
2025-11-27 07:20:01,830 : INFO : EventManager : Event: ======'right_inlane_default_unlit_hit'====== Args={'profile': 'default', 'state': 'unlit', 'advancing': True}
2025-11-27 07:20:01,830 : INFO : EventManager : Event: ======'right_inlane_unlit_hit'====== Args={'profile': 'default', 'state': 'unlit', 'advancing': True}
2025-11-27 07:20:01,830 : INFO : EventManager : Event: ======'lanes_hit'====== Args={'shot': 'right_inlane'}
2025-11-27 07:20:01,830 : INFO : EventManager : Event: ======'lanes_unlit_hit'====== Args={'shot': 'right_inlane'}
2025-11-27 07:20:01,831 : INFO : EventManager : Event: ======'player_score'====== Args={'value': 16100, 'prev_value': 15000, 'change': 1100, 'player_num': 1, 'source': 'lanes'}
2025-11-27 07:20:01,883 : INFO : EventManager : Event: ======'player_travel_dirtmouth_to_frogotten_crossroads_travel_end_timer_tick'====== Args={'value': 61, 'prev_value': 60, 'change': 1, 'player_num': 1}
2025-11-27 07:20:01,883 : INFO : EventManager : Event: ======'timer_travel_end_timer_tick'====== Args={'ticks': 61, 'ticks_remaining': 39}
2025-11-27 07:20:02,283 : INFO : EventManager : Event: ======'player_travel_dirtmouth_to_frogotten_crossroads_travel_end_timer_tick'====== Args={'value': 62, 'prev_value': 61, 'change': 1, 'player_num': 1}
2025-11-27 07:20:02,284 : INFO : EventManager : Event: ======'timer_travel_end_timer_tick'====== Args={'ticks': 62, 'ticks_remaining': 38}
2025-11-27 07:20:02,420 : INFO : SwitchController : <<<<<<< 's_right_inlane' inactive >>>>>>>
2025-11-27 07:20:02,683 : INFO : EventManager : Event: ======'player_travel_dirtmouth_to_frogotten_crossroads_travel_end_timer_tick'====== Args={'value': 63, 'prev_value': 62, 'change': 1, 'player_num': 1}
2025-11-27 07:20:02,685 : INFO : EventManager : Event: ======'timer_travel_end_timer_tick'====== Args={'ticks': 63, 'ticks_remaining': 37}
2025-11-27 07:20:03,083 : INFO : EventManager : Event: ======'player_travel_dirtmouth_to_frogotten_crossroads_travel_end_timer_tick'====== Args={'value': 64, 'prev_value': 63, 'change': 1, 'player_num': 1}
2025-11-27 07:20:03,085 : INFO : EventManager : Event: ======'timer_travel_end_timer_tick'====== Args={'ticks': 64, 'ticks_remaining': 36}
2025-11-27 07:20:03,483 : INFO : EventManager : Event: ======'player_travel_dirtmouth_to_frogotten_crossroads_travel_end_timer_tick'====== Args={'value': 65, 'prev_value': 64, 'change': 1, 'player_num': 1}
2025-11-27 07:20:03,484 : INFO : EventManager : Event: ======'timer_travel_end_timer_tick'====== Args={'ticks': 65, 'ticks_remaining': 35}
2025-11-27 07:20:03,883 : INFO : EventManager : Event: ======'player_travel_dirtmouth_to_frogotten_crossroads_travel_end_timer_tick'====== Args={'value': 66, 'prev_value': 65, 'change': 1, 'player_num': 1}
2025-11-27 07:20:03,885 : INFO : EventManager : Event: ======'timer_travel_end_timer_tick'====== Args={'ticks': 66, 'ticks_remaining': 34}
2025-11-27 07:20:04,283 : INFO : EventManager : Event: ======'player_travel_dirtmouth_to_frogotten_crossroads_travel_end_timer_tick'====== Args={'value': 67, 'prev_value': 66, 'change': 1, 'player_num': 1}
2025-11-27 07:20:04,285 : INFO : EventManager : Event: ======'timer_travel_end_timer_tick'====== Args={'ticks': 67, 'ticks_remaining': 33}
2025-11-27 07:20:04,599 : INFO : Machine : Shutting down...
2025-11-27 07:20:04,599 : INFO : EventManager : Event: ======'shutdown'====== Args={}
2025-11-27 07:20:04,601 : INFO : EventManager : Event: ======'mode_game_will_stop'====== Args={}
2025-11-27 07:20:04,602 : INFO : EventManager : Event: ======'mode_game_stopping'====== Args={}
2025-11-27 07:20:04,602 : INFO : EventManager : Event: ======'mode_targets_will_stop'====== Args={}
2025-11-27 07:20:04,602 : INFO : EventManager : Event: ======'mode_targets_stopping'====== Args={}
2025-11-27 07:20:04,602 : INFO : EventManager : Event: ======'mode_ramp_will_stop'====== Args={}
2025-11-27 07:20:04,602 : INFO : EventManager : Event: ======'mode_ramp_stopping'====== Args={}
2025-11-27 07:20:04,602 : INFO : EventManager : Event: ======'mode_vuk_will_stop'====== Args={}
2025-11-27 07:20:04,602 : INFO : EventManager : Event: ======'mode_vuk_stopping'====== Args={}
2025-11-27 07:20:04,602 : INFO : EventManager : Event: ======'mode_right_orbit_will_stop'====== Args={}
2025-11-27 07:20:04,602 : INFO : EventManager : Event: ======'mode_right_orbit_stopping'====== Args={}
2025-11-27 07:20:04,602 : INFO : EventManager : Event: ======'mode_left_orbit_will_stop'====== Args={}
2025-11-27 07:20:04,602 : INFO : EventManager : Event: ======'mode_left_orbit_stopping'====== Args={}
2025-11-27 07:20:04,602 : INFO : EventManager : Event: ======'mode_base_will_stop'====== Args={}
2025-11-27 07:20:04,602 : INFO : EventManager : Event: ======'mode_base_stopping'====== Args={}
2025-11-27 07:20:04,602 : INFO : EventManager : Event: ======'mode_lane_to_pop_will_stop'====== Args={}
2025-11-27 07:20:04,602 : INFO : EventManager : Event: ======'mode_lane_to_pop_stopping'====== Args={}
2025-11-27 07:20:04,603 : INFO : EventManager : Event: ======'mode_dirtmouth_will_stop'====== Args={}
2025-11-27 07:20:04,603 : INFO : EventManager : Event: ======'mode_dirtmouth_stopping'====== Args={}
2025-11-27 07:20:04,603 : INFO : EventManager : Event: ======'mode_saucer_will_stop'====== Args={}
2025-11-27 07:20:04,603 : INFO : EventManager : Event: ======'mode_saucer_stopping'====== Args={}
2025-11-27 07:20:04,603 : INFO : EventManager : Event: ======'mode_slingshots_will_stop'====== Args={}
2025-11-27 07:20:04,603 : INFO : EventManager : Event: ======'mode_slingshots_stopping'====== Args={}
2025-11-27 07:20:04,603 : INFO : EventManager : Event: ======'mode_travel_dirtmouth_to_frogotten_crossroads_will_stop'====== Args={}
2025-11-27 07:20:04,603 : INFO : EventManager : Event: ======'mode_travel_dirtmouth_to_frogotten_crossroads_stopping'====== Args={}
2025-11-27 07:20:04,603 : INFO : EventManager : Event: ======'mode_lanes_will_stop'====== Args={}
2025-11-27 07:20:04,603 : INFO : EventManager : Event: ======'mode_lanes_stopping'====== Args={}
2025-11-27 07:20:04,603 : INFO : EventManager : Event: ======'mode_pop_bumper_will_stop'====== Args={}
2025-11-27 07:20:04,603 : INFO : EventManager : Event: ======'mode_pop_bumper_stopping'====== Args={}
2025-11-27 07:20:04,603 : INFO : EventManager : Event: ======'stop_mode_right_orbit'====== Args={'priority': 0}
2025-11-27 07:20:04,603 : INFO : EventManager : Event: ======'stop_mode_slingshots'====== Args={'priority': 0}
2025-11-27 07:20:04,603 : INFO : EventManager : Event: ======'stop_mode_lanes'====== Args={'priority': 0}
2025-11-27 07:20:04,603 : INFO : EventManager : Event: ======'stop_mode_vuk'====== Args={'priority': 0}
2025-11-27 07:20:04,603 : INFO : EventManager : Event: ======'stop_mode_ramp'====== Args={'priority': 0}
2025-11-27 07:20:04,603 : INFO : EventManager : Event: ======'stop_mode_left_orbit'====== Args={'priority': 0}
2025-11-27 07:20:04,603 : INFO : EventManager : Event: ======'stop_mode_lane_to_pop'====== Args={'priority': 0}
2025-11-27 07:20:04,604 : INFO : EventManager : Event: ======'stop_mode_saucer'====== Args={'priority': 0}
2025-11-27 07:20:04,604 : INFO : EventManager : Event: ======'stop_mode_targets'====== Args={'priority': 0}
2025-11-27 07:20:04,604 : INFO : EventManager : Event: ======'stop_mode_pop_bumper'====== Args={'priority': 0}
2025-11-27 07:20:04,604 : INFO : EventManager : Event: ======'stop_mode_dirtmouth'====== Args={'priority': 0}
2025-11-27 07:20:04,604 : INFO : EventManager : Event: ======'stop_mode_false_knight_controller'====== Args={'priority': 0}
2025-11-27 07:20:04,604 : INFO : EventManager : Event: ======'stop_mode_frogotten_crossroads'====== Args={'priority': 0}
2025-11-27 07:20:04,604 : INFO : EventManager : Event: ======'stop_mode_travel_dirtmouth_to_frogotten_crossroads'====== Args={'priority': 0}
2025-11-27 07:20:04,604 : INFO : Mode.pop_bumper : Stopped.
2025-11-27 07:20:04,604 : INFO : EventManager : Event: ======'modes_active_modes_changed'====== Args={}
2025-11-27 07:20:04,604 : INFO : EventManager : Event: ======'mode_pop_bumper_stopped'====== Args={}
2025-11-27 07:20:04,604 : INFO : EventManager : Event: ======'clear'====== Args={'key': 'pop_bumper'}
2025-11-27 07:20:04,604 : INFO : Mode.lanes : Stopped.
2025-11-27 07:20:04,604 : INFO : EventManager : Event: ======'modes_active_modes_changed'====== Args={}
2025-11-27 07:20:04,604 : INFO : EventManager : Event: ======'mode_lanes_stopped'====== Args={}
2025-11-27 07:20:04,604 : INFO : EventManager : Event: ======'clear'====== Args={'key': 'lanes'}
2025-11-27 07:20:04,605 : INFO : Mode.travel_dirtmouth_to_frogotten_crossroads : Stopped.
2025-11-27 07:20:04,605 : INFO : EventManager : Event: ======'modes_active_modes_changed'====== Args={}
2025-11-27 07:20:04,605 : INFO : EventManager : Event: ======'mode_travel_dirtmouth_to_frogotten_crossroads_stopped'====== Args={}
2025-11-27 07:20:04,605 : INFO : EventManager : Event: ======'clear'====== Args={'key': 'travel_dirtmouth_to_frogotten_crossroads'}
2025-11-27 07:20:04,605 : INFO : Timer.travel_display_timer : Stopping Timer
2025-11-27 07:20:04,605 : INFO : EventManager : Event: ======'timer_travel_display_timer_stopped'====== Args={'ticks': 1, 'ticks_remaining': 1}
2025-11-27 07:20:04,605 : INFO : Timer.travel_end_timer : Stopping Timer
2025-11-27 07:20:04,605 : INFO : EventManager : Event: ======'timer_travel_end_timer_stopped'====== Args={'ticks': 67, 'ticks_remaining': 33}
2025-11-27 07:20:04,605 : INFO : Mode.slingshots : Stopped.
2025-11-27 07:20:04,605 : INFO : EventManager : Event: ======'modes_active_modes_changed'====== Args={}
2025-11-27 07:20:04,606 : INFO : EventManager : Event: ======'mode_slingshots_stopped'====== Args={}
2025-11-27 07:20:04,606 : INFO : EventManager : Event: ======'clear'====== Args={'key': 'slingshots'}
2025-11-27 07:20:04,606 : INFO : Mode.saucer : Stopped.
2025-11-27 07:20:04,606 : INFO : EventManager : Event: ======'modes_active_modes_changed'====== Args={}
2025-11-27 07:20:04,606 : INFO : EventManager : Event: ======'mode_saucer_stopped'====== Args={}
2025-11-27 07:20:04,606 : INFO : EventManager : Event: ======'clear'====== Args={'key': 'saucer'}
2025-11-27 07:20:04,606 : INFO : Mode.dirtmouth : Stopped.
2025-11-27 07:20:04,606 : INFO : EventManager : Event: ======'modes_active_modes_changed'====== Args={}
2025-11-27 07:20:04,606 : INFO : EventManager : Event: ======'mode_dirtmouth_stopped'====== Args={}
2025-11-27 07:20:04,606 : INFO : EventManager : Event: ======'clear'====== Args={'key': 'dirtmouth'}
2025-11-27 07:20:04,606 : INFO : Mode.lane_to_pop : Stopped.
2025-11-27 07:20:04,606 : INFO : EventManager : Event: ======'modes_active_modes_changed'====== Args={}
2025-11-27 07:20:04,606 : INFO : EventManager : Event: ======'mode_lane_to_pop_stopped'====== Args={}
2025-11-27 07:20:04,606 : INFO : EventManager : Event: ======'clear'====== Args={'key': 'lane_to_pop'}
2025-11-27 07:20:04,607 : INFO : Mode.base : Stopped.
2025-11-27 07:20:04,607 : INFO : EventManager : Event: ======'modes_active_modes_changed'====== Args={}
2025-11-27 07:20:04,607 : INFO : EventManager : Event: ======'mode_base_stopped'====== Args={}
2025-11-27 07:20:04,607 : INFO : EventManager : Event: ======'clear'====== Args={'key': 'base'}
2025-11-27 07:20:04,607 : INFO : Mode.left_orbit : Stopped.
2025-11-27 07:20:04,607 : INFO : EventManager : Event: ======'modes_active_modes_changed'====== Args={}
2025-11-27 07:20:04,607 : INFO : EventManager : Event: ======'mode_left_orbit_stopped'====== Args={}
2025-11-27 07:20:04,607 : INFO : EventManager : Event: ======'clear'====== Args={'key': 'left_orbit'}
2025-11-27 07:20:04,607 : INFO : Mode.right_orbit : Stopped.
2025-11-27 07:20:04,607 : INFO : EventManager : Event: ======'modes_active_modes_changed'====== Args={}
2025-11-27 07:20:04,607 : INFO : EventManager : Event: ======'mode_right_orbit_stopped'====== Args={}
2025-11-27 07:20:04,607 : INFO : EventManager : Event: ======'clear'====== Args={'key': 'right_orbit'}
2025-11-27 07:20:04,607 : INFO : Mode.vuk : Stopped.
2025-11-27 07:20:04,607 : INFO : EventManager : Event: ======'modes_active_modes_changed'====== Args={}
2025-11-27 07:20:04,607 : INFO : EventManager : Event: ======'mode_vuk_stopped'====== Args={}
2025-11-27 07:20:04,607 : INFO : EventManager : Event: ======'clear'====== Args={'key': 'vuk'}
2025-11-27 07:20:04,607 : INFO : Mode.ramp : Stopped.
2025-11-27 07:20:04,607 : INFO : EventManager : Event: ======'modes_active_modes_changed'====== Args={}
2025-11-27 07:20:04,607 : INFO : EventManager : Event: ======'mode_ramp_stopped'====== Args={}
2025-11-27 07:20:04,607 : INFO : EventManager : Event: ======'clear'====== Args={'key': 'ramp'}
2025-11-27 07:20:04,607 : INFO : Mode.targets : Stopped.
2025-11-27 07:20:04,608 : INFO : EventManager : Event: ======'modes_active_modes_changed'====== Args={}
2025-11-27 07:20:04,608 : INFO : EventManager : Event: ======'mode_targets_stopped'====== Args={}
2025-11-27 07:20:04,608 : INFO : EventManager : Event: ======'clear'====== Args={'key': 'targets'}
2025-11-27 07:20:04,608 : INFO : Mode.game : Stopped.
2025-11-27 07:20:04,608 : INFO : EventManager : Event: ======'modes_active_modes_changed'====== Args={}
2025-11-27 07:20:04,608 : INFO : EventManager : Event: ======'mode_game_stopped'====== Args={}
2025-11-27 07:20:04,608 : INFO : EventManager : Event: ======'clear'====== Args={'key': 'game'}
2025-11-27 07:20:04,610 : INFO : root : MPF run loop ended.
