2025-11-29 12:36:35,237 : INFO : root : Loading MPF Monitor Version 0.57.1
2025-11-29 12:36:35,384 : INFO : Core : Looking for MPF at localhost:5051
2025-11-29 12:36:36,337 : INFO : BCP Client : Connected to MPF
2025-11-29 12:38:41,161 : INFO : BCP Client : Connected to MPF
2025-11-29 12:41:30,204 : INFO : BCP Client : Connected to MPF
2025-11-29 12:45:09,209 : INFO : BCP Client : Connected to MPF
2025-11-29 12:46:14,210 : INFO : BCP Client : Connected to MPF
2025-11-29 12:52:28,678 : INFO : BCP Client : Connected to MPF
2025-11-29 12:53:02,671 : INFO : BCP Client : Connected to MPF
2025-11-29 12:54:21,671 : INFO : BCP Client : Connected to MPF
2025-11-29 12:55:26,670 : INFO : BCP Client : Connected to MPF
2025-11-29 12:56:22,670 : INFO : BCP Client : Connected to MPF
2025-11-29 12:59:10,669 : INFO : BCP Client : Connected to MPF
2025-11-29 12:59:44,670 : INFO : BCP Client : Connected to MPF
2025-11-29 13:00:12,668 : INFO : BCP Client : Connected to MPF
2025-11-29 13:00:38,670 : INFO : BCP Client : Connected to MPF
2025-11-29 13:01:17,671 : INFO : BCP Client : Connected to MPF
2025-11-29 13:04:59,668 : INFO : BCP Client : Connected to MPF
2025-11-29 13:07:05,669 : INFO : BCP Client : Connected to MPF
2025-11-29 13:08:25,686 : INFO : BCP Client : Connected to MPF
2025-11-29 13:09:24,368 : INFO : root : MPF Monitor run loop ended.
2025-11-29 13:09:24,369 : INFO : root : Stopping child threads... (0 remaining)
2025-11-29 13:09:24,369 : INFO : root : All child threads stopped.
