2025-11-27 08:00:55,717 : INFO : root : Loading config.
2025-11-27 08:00:55,719 : INFO : YamlMultifileConfigLoader : Machine config file #1: config.yaml
2025-11-27 08:00:55,719 : INFO : ConfigProcessor : Loading config from cache: /var/folders/k0/j_dpx55x4kndbs36pl2nt9l00000gn/T/92f7f295141fbdde09e201e7fd0f1349.mpf_cache
2025-11-27 08:00:55,743 : INFO : ConfigProcessor : Loading config from cache: /var/folders/k0/j_dpx55x4kndbs36pl2nt9l00000gn/T/7b77bdcd1da4c54cc720d492bab55a0d.mpf_cache
2025-11-27 08:00:55,743 : INFO : ConfigProcessor : Loading config from cache: /var/folders/k0/j_dpx55x4kndbs36pl2nt9l00000gn/T/501e18c1625d42f1ba9bf53b020c49c5.mpf_cache
2025-11-27 08:00:55,743 : INFO : ConfigProcessor : Loading config from cache: /var/folders/k0/j_dpx55x4kndbs36pl2nt9l00000gn/T/7b77bdcd1da4c54cc720d492bab55a0d.mpf_cache
2025-11-27 08:00:55,743 : INFO : ConfigProcessor : Loading config from cache: /var/folders/k0/j_dpx55x4kndbs36pl2nt9l00000gn/T/dda6f4da00898f9f0a4796a41d9a2ef0.mpf_cache
2025-11-27 08:00:55,744 : INFO : ConfigProcessor : Loading config from cache: /var/folders/k0/j_dpx55x4kndbs36pl2nt9l00000gn/T/522fc819f659907ecbd91e12554f307a.mpf_cache
2025-11-27 08:00:55,744 : INFO : ConfigProcessor : Loading config from cache: /var/folders/k0/j_dpx55x4kndbs36pl2nt9l00000gn/T/05e9cee2d62266bbcd3eb3df28f11ba0.mpf_cache
2025-11-27 08:00:55,744 : INFO : ConfigProcessor : Loading config from cache: /var/folders/k0/j_dpx55x4kndbs36pl2nt9l00000gn/T/a751b7622f38b4d73d2da25b66d734b1.mpf_cache
2025-11-27 08:00:55,745 : INFO : ConfigProcessor : Loading config from cache: /var/folders/k0/j_dpx55x4kndbs36pl2nt9l00000gn/T/515d12d22bfc89771946156b9f4733e7.mpf_cache
2025-11-27 08:00:55,745 : INFO : ConfigProcessor : Loading config from cache: /var/folders/k0/j_dpx55x4kndbs36pl2nt9l00000gn/T/3db5df4db04e3e0d951f803bb6fa84e6.mpf_cache
2025-11-27 08:00:55,745 : INFO : ConfigProcessor : Loading config from cache: /var/folders/k0/j_dpx55x4kndbs36pl2nt9l00000gn/T/3572cafb19834c572118c1dfbec55588.mpf_cache
2025-11-27 08:00:55,746 : INFO : ConfigProcessor : Loading config from cache: /var/folders/k0/j_dpx55x4kndbs36pl2nt9l00000gn/T/39b20d9bce0c2f44f75a85f57a0d45f4.mpf_cache
2025-11-27 08:00:55,746 : INFO : ConfigProcessor : Loading config from cache: /var/folders/k0/j_dpx55x4kndbs36pl2nt9l00000gn/T/189edcb2679eb1788c8ca3be3e29f2f1.mpf_cache
2025-11-27 08:00:55,746 : INFO : ConfigProcessor : Loading config from cache: /var/folders/k0/j_dpx55x4kndbs36pl2nt9l00000gn/T/f00019ffccce993d2850c9d82b9dc44e.mpf_cache
2025-11-27 08:00:55,746 : INFO : ConfigProcessor : Loading config from cache: /var/folders/k0/j_dpx55x4kndbs36pl2nt9l00000gn/T/14560612c17bb039b05632d29f192033.mpf_cache
2025-11-27 08:00:55,746 : INFO : ConfigProcessor : Loading config from cache: /var/folders/k0/j_dpx55x4kndbs36pl2nt9l00000gn/T/1b88d79160cc8850354d058f9a270569.mpf_cache
2025-11-27 08:00:55,746 : INFO : ConfigProcessor : Loading config from cache: /var/folders/k0/j_dpx55x4kndbs36pl2nt9l00000gn/T/db143814423fb474166c86cac053d40c.mpf_cache
2025-11-27 08:00:55,746 : INFO : ConfigProcessor : Loading config from cache: /var/folders/k0/j_dpx55x4kndbs36pl2nt9l00000gn/T/77ecd758607ea296c19f456a8642983d.mpf_cache
2025-11-27 08:00:55,746 : WARNING : ConfigProcessor : Config file in cache changed: /Users/samhughes/Desktop/Hollow-Knight-Pinball/modes/travel_dirtmouth_to_frogotten_crossroads/config/travel_dirtmouth_to_frogotten_crossroads.yaml
2025-11-27 08:00:55,746 : INFO : ConfigProcessor : Loading config from file /Users/samhughes/Desktop/Hollow-Knight-Pinball/modes/travel_dirtmouth_to_frogotten_crossroads/config/travel_dirtmouth_to_frogotten_crossroads.yaml.
2025-11-27 08:00:55,750 : INFO : ConfigProcessor : Loading config: /Users/samhughes/Desktop/Hollow-Knight-Pinball/modes/travel_dirtmouth_to_frogotten_crossroads/config/travel_dirtmouth_to_frogotten_crossroads.yaml
2025-11-27 08:00:55,751 : INFO : ConfigProcessor : Config file cache created: /var/folders/k0/j_dpx55x4kndbs36pl2nt9l00000gn/T/7c3641fae2b7003d26f031771405f733.mpf_cache
2025-11-27 08:00:55,751 : INFO : Machine : Mission Pinball Framework Core Engine v0.80.0.dev11
2025-11-27 08:00:55,751 : INFO : Machine : Command line arguments: {'no_load_cache': False, 'create_config_cache': True, 'bcp': True, 'configfile': ['config.yaml'], 'force_assets_load': False, 'platform_integration_test': False, 'jsonlogging': False, 'logfile': 'logs/2025-11-27-08-00-55-mpf-Mac.lan.log', 'pause': False, 'production': False, 'text_ui': True, 'loglevel': 15, 'consoleloglevel': 20, 'force_platform': 'smart_virtual', 'syslog_address': None, 'full_logfile_path': '/Users/samhughes/Desktop/Hollow-Knight-Pinball/logs/2025-11-27-08-00-55-mpf-Mac.lan.log'}
2025-11-27 08:00:55,751 : INFO : Machine : MPF path: /Users/samhughes/mpf/lib/python3.13/site-packages/mpf
2025-11-27 08:00:55,751 : INFO : Machine : Machine path: /Users/samhughes/Desktop/Hollow-Knight-Pinball
2025-11-27 08:00:55,751 : INFO : Machine : Platform: darwin
2025-11-27 08:00:55,751 : INFO : Machine : Python executable location: /Users/samhughes/mpf/bin/python3.13
2025-11-27 08:00:55,751 : INFO : Machine : Python version: 3.13.2 (64-bit)
2025-11-27 08:00:55,751 : INFO : Machine : Initializing MPF...
2025-11-27 08:00:55,780 : INFO : EventManager : Event: ======'machine_var_credits_string'====== Args={'value': 'FREE PLAY', 'prev_value': None, 'change': True}
2025-11-27 08:00:55,785 : INFO : EventManager : Event: ======'machine_var_master_volume'====== Args={'value': 0.5, 'prev_value': None, 'change': True}
2025-11-27 08:00:55,785 : INFO : EventManager : Event: ======'machine_var_player1_score'====== Args={'value': 81940, 'prev_value': None, 'change': True}
2025-11-27 08:00:55,785 : INFO : EventManager : Event: ======'machine_var_mpf_version'====== Args={'value': 'Mission Pinball Framework v0.80.0.dev11', 'prev_value': None, 'change': True}
2025-11-27 08:00:55,785 : INFO : EventManager : Event: ======'machine_var_mpf_extended_version'====== Args={'value': 'Mission Pinball Framework v0.80.0.dev11, Config version:6, Show version: 6, BCP version:1.1', 'prev_value': None, 'change': True}
2025-11-27 08:00:55,785 : INFO : EventManager : Event: ======'machine_var_python_version'====== Args={'value': '3.13.2', 'prev_value': None, 'change': True}
2025-11-27 08:00:55,792 : INFO : EventManager : Event: ======'machine_var_platform'====== Args={'value': 'macOS-15.6.1-arm64-arm-64bit-Mach-O', 'prev_value': None, 'change': True}
2025-11-27 08:00:55,792 : INFO : EventManager : Event: ======'machine_var_platform_system'====== Args={'value': 'Darwin', 'prev_value': None, 'change': True}
2025-11-27 08:00:55,792 : INFO : EventManager : Event: ======'machine_var_platform_release'====== Args={'value': '24.6.0', 'prev_value': None, 'change': True}
2025-11-27 08:00:55,792 : INFO : EventManager : Event: ======'machine_var_platform_version'====== Args={'value': 'Darwin Kernel Version 24.6.0: Mon Jul 14 11:29:54 PDT 2025; root:xnu-11417.140.69~1/RELEASE_ARM64_T8122', 'prev_value': None, 'change': True}
2025-11-27 08:00:55,792 : INFO : EventManager : Event: ======'machine_var_platform_machine'====== Args={'value': 'arm64', 'prev_value': None, 'change': True}
2025-11-27 08:00:55,792 : INFO : EventManager : Event: ======'machine_var_log_file_path'====== Args={'value': '/Users/samhughes/Desktop/Hollow-Knight-Pinball/logs/2025-11-27-08-00-55-mpf-Mac.lan.log', 'prev_value': None, 'change': True}
2025-11-27 08:00:55,792 : INFO : EventManager : Event: ======'init_phase_1'====== Args={}
2025-11-27 08:00:55,800 : INFO : EventManager : Event: ======'init_phase_2'====== Args={}
2025-11-27 08:00:55,801 : INFO : SwitchController : Found active switch: (1002, <Platform.SmartVirtual>) <switch.s_trough_1>
2025-11-27 08:00:55,801 : INFO : SwitchController : Found active switch: (1003, <Platform.SmartVirtual>) <switch.s_trough_2>
2025-11-27 08:00:55,801 : INFO : SwitchController : Found active switch: (1004, <Platform.SmartVirtual>) <switch.s_trough_3>
2025-11-27 08:00:55,802 : INFO : EventManager : Event: ======'bcp_connection_attempt'====== Args={'name': 'local_display', 'host': 'localhost', 'port': 5050}
2025-11-27 08:00:55,803 : INFO : BCPClientSocket : Connecting BCP to 'local_display' at localhost:5050...
2025-11-27 08:01:00,556 : INFO : BCPClientSocket : Connected BCP to 'local_display' localhost:5050
2025-11-27 08:01:00,557 : INFO : EventManager : Event: ======'bcp_clients_connected'====== Args={}
2025-11-27 08:01:00,560 : INFO : ball_device.bd_trough : BCH: Initial count: 3
2025-11-27 08:01:00,561 : INFO : ball_device.bd_trough : State: idle
2025-11-27 08:01:00,562 : INFO : ball_device.bd_plunger : BCH: Initial count: 0
2025-11-27 08:01:00,562 : INFO : ball_device.bd_plunger : State: idle
2025-11-27 08:01:00,582 : INFO : EventManager : Event: ======'init_phase_3'====== Args={}
2025-11-27 08:01:00,585 : INFO : EventManager : Event: ======'init_phase_4'====== Args={}
2025-11-27 08:01:00,585 : INFO : BallController : Initial balls found: 3
2025-11-27 08:01:00,586 : INFO : EventManager : Event: ======'machine_var_audits_events_game_ended'====== Args={'value': 6, 'prev_value': None, 'change': True}
2025-11-27 08:01:00,586 : INFO : EventManager : Event: ======'machine_var_audits_events_game_started'====== Args={'value': 87, 'prev_value': None, 'change': True}
2025-11-27 08:01:00,586 : INFO : EventManager : Event: ======'machine_var_audits_missing_switches_s_back_left_target'====== Args={'value': 49, 'prev_value': None, 'change': True}
2025-11-27 08:01:00,586 : INFO : EventManager : Event: ======'machine_var_audits_missing_switches_s_back_middle_left_target'====== Args={'value': 49, 'prev_value': None, 'change': True}
2025-11-27 08:01:00,586 : INFO : EventManager : Event: ======'machine_var_audits_missing_switches_s_back_middle_right_target'====== Args={'value': 48, 'prev_value': None, 'change': True}
2025-11-27 08:01:00,586 : INFO : EventManager : Event: ======'machine_var_audits_missing_switches_s_back_right_target'====== Args={'value': 49, 'prev_value': None, 'change': True}
2025-11-27 08:01:00,586 : INFO : EventManager : Event: ======'machine_var_audits_missing_switches_s_bottom_left_slingshot'====== Args={'value': 44, 'prev_value': None, 'change': True}
2025-11-27 08:01:00,586 : INFO : EventManager : Event: ======'machine_var_audits_missing_switches_s_bottom_right_slingshot'====== Args={'value': 46, 'prev_value': None, 'change': True}
2025-11-27 08:01:00,586 : INFO : EventManager : Event: ======'machine_var_audits_missing_switches_s_front_left_target'====== Args={'value': 56, 'prev_value': None, 'change': True}
2025-11-27 08:01:00,586 : INFO : EventManager : Event: ======'machine_var_audits_missing_switches_s_front_middle_target'====== Args={'value': 48, 'prev_value': None, 'change': True}
2025-11-27 08:01:00,586 : INFO : EventManager : Event: ======'machine_var_audits_missing_switches_s_front_right_target'====== Args={'value': 56, 'prev_value': None, 'change': True}
2025-11-27 08:01:00,586 : INFO : EventManager : Event: ======'machine_var_audits_missing_switches_s_lane_to_pop'====== Args={'value': 14, 'prev_value': None, 'change': True}
2025-11-27 08:01:00,586 : INFO : EventManager : Event: ======'machine_var_audits_missing_switches_s_left_flipper'====== Args={'value': 23, 'prev_value': None, 'change': True}
2025-11-27 08:01:00,586 : INFO : EventManager : Event: ======'machine_var_audits_missing_switches_s_left_inlane'====== Args={'value': 44, 'prev_value': None, 'change': True}
2025-11-27 08:01:00,586 : INFO : EventManager : Event: ======'machine_var_audits_missing_switches_s_left_orbit'====== Args={'value': 10, 'prev_value': None, 'change': True}
2025-11-27 08:01:00,586 : INFO : EventManager : Event: ======'machine_var_audits_missing_switches_s_left_outlane'====== Args={'value': 56, 'prev_value': None, 'change': True}
2025-11-27 08:01:00,586 : INFO : EventManager : Event: ======'machine_var_audits_missing_switches_s_pop_bumper'====== Args={'value': 44, 'prev_value': None, 'change': True}
2025-11-27 08:01:00,586 : INFO : EventManager : Event: ======'machine_var_audits_missing_switches_s_ramp'====== Args={'value': 22, 'prev_value': None, 'change': True}
2025-11-27 08:01:00,587 : INFO : EventManager : Event: ======'machine_var_audits_missing_switches_s_right_flipper'====== Args={'value': 23, 'prev_value': None, 'change': True}
2025-11-27 08:01:00,587 : INFO : EventManager : Event: ======'machine_var_audits_missing_switches_s_right_inlane'====== Args={'value': 8, 'prev_value': None, 'change': True}
2025-11-27 08:01:00,587 : INFO : EventManager : Event: ======'machine_var_audits_missing_switches_s_right_orbit'====== Args={'value': 13, 'prev_value': None, 'change': True}
2025-11-27 08:01:00,587 : INFO : EventManager : Event: ======'machine_var_audits_missing_switches_s_right_outlane'====== Args={'value': 56, 'prev_value': None, 'change': True}
2025-11-27 08:01:00,587 : INFO : EventManager : Event: ======'machine_var_audits_missing_switches_s_saucer'====== Args={'value': 21, 'prev_value': None, 'change': True}
2025-11-27 08:01:00,587 : INFO : EventManager : Event: ======'machine_var_audits_missing_switches_s_start'====== Args={'value': 36, 'prev_value': None, 'change': True}
2025-11-27 08:01:00,587 : INFO : EventManager : Event: ======'machine_var_audits_missing_switches_s_top_left_slingshot'====== Args={'value': 42, 'prev_value': None, 'change': True}
2025-11-27 08:01:00,587 : INFO : EventManager : Event: ======'machine_var_audits_missing_switches_s_top_right_slingshot'====== Args={'value': 44, 'prev_value': None, 'change': True}
2025-11-27 08:01:00,587 : INFO : EventManager : Event: ======'machine_var_audits_missing_switches_s_trough_1'====== Args={'value': 50, 'prev_value': None, 'change': True}
2025-11-27 08:01:00,587 : INFO : EventManager : Event: ======'machine_var_audits_missing_switches_s_trough_2'====== Args={'value': 74, 'prev_value': None, 'change': True}
2025-11-27 08:01:00,587 : INFO : EventManager : Event: ======'machine_var_audits_missing_switches_s_trough_3'====== Args={'value': 72, 'prev_value': None, 'change': True}
2025-11-27 08:01:00,587 : INFO : EventManager : Event: ======'machine_var_audits_player_score'====== Args={'value': {'average': 36284, 'top': [173500, 81940, 45000, 15000, 15000, 15000, 15000, 15000, 15000, 15000], 'total': 12}, 'prev_value': None, 'change': True}
2025-11-27 08:01:00,587 : INFO : EventManager : Event: ======'machine_var_audits_shots_back_left_target'====== Args={'value': 6, 'prev_value': None, 'change': True}
2025-11-27 08:01:00,587 : INFO : EventManager : Event: ======'machine_var_audits_shots_back_middle_right_target'====== Args={'value': 4, 'prev_value': None, 'change': True}
2025-11-27 08:01:00,587 : INFO : EventManager : Event: ======'machine_var_audits_shots_back_right_target'====== Args={'value': 2, 'prev_value': None, 'change': True}
2025-11-27 08:01:00,587 : INFO : EventManager : Event: ======'machine_var_audits_shots_bakc_middle_left_target'====== Args={'value': 3, 'prev_value': None, 'change': True}
2025-11-27 08:01:00,587 : INFO : EventManager : Event: ======'machine_var_audits_shots_bottom_left_slingshot'====== Args={'value': 1, 'prev_value': None, 'change': True}
2025-11-27 08:01:00,587 : INFO : EventManager : Event: ======'machine_var_audits_shots_front_left_target'====== Args={'value': 6, 'prev_value': None, 'change': True}
2025-11-27 08:01:00,587 : INFO : EventManager : Event: ======'machine_var_audits_shots_front_middle_target'====== Args={'value': 7, 'prev_value': None, 'change': True}
2025-11-27 08:01:00,587 : INFO : EventManager : Event: ======'machine_var_audits_shots_front_right_target'====== Args={'value': 6, 'prev_value': None, 'change': True}
2025-11-27 08:01:00,587 : INFO : EventManager : Event: ======'machine_var_audits_shots_lane_to_pop'====== Args={'value': 87, 'prev_value': None, 'change': True}
2025-11-27 08:01:00,587 : INFO : EventManager : Event: ======'machine_var_audits_shots_left_inlane'====== Args={'value': 7, 'prev_value': None, 'change': True}
2025-11-27 08:01:00,587 : INFO : EventManager : Event: ======'machine_var_audits_shots_left_orbit'====== Args={'value': 108, 'prev_value': None, 'change': True}
2025-11-27 08:01:00,587 : INFO : EventManager : Event: ======'machine_var_audits_shots_left_orbit_travel_dirtmouth_to_frogotten_crossroads'====== Args={'value': 22, 'prev_value': None, 'change': True}
2025-11-27 08:01:00,587 : INFO : EventManager : Event: ======'machine_var_audits_shots_left_outlane'====== Args={'value': 5, 'prev_value': None, 'change': True}
2025-11-27 08:01:00,587 : INFO : EventManager : Event: ======'machine_var_audits_shots_pop_bumper'====== Args={'value': 23, 'prev_value': None, 'change': True}
2025-11-27 08:01:00,587 : INFO : EventManager : Event: ======'machine_var_audits_shots_ramp'====== Args={'value': 71, 'prev_value': None, 'change': True}
2025-11-27 08:01:00,587 : INFO : EventManager : Event: ======'machine_var_audits_shots_ramp_travel_dirtmouth_to_frogotten_crossroads'====== Args={'value': 3, 'prev_value': None, 'change': True}
2025-11-27 08:01:00,587 : INFO : EventManager : Event: ======'machine_var_audits_shots_right_inlane'====== Args={'value': 14, 'prev_value': None, 'change': True}
2025-11-27 08:01:00,587 : INFO : EventManager : Event: ======'machine_var_audits_shots_right_orbit'====== Args={'value': 246, 'prev_value': None, 'change': True}
2025-11-27 08:01:00,588 : INFO : EventManager : Event: ======'machine_var_audits_shots_right_orbit_travel_dirtmouth_to_frogotten_crossroads'====== Args={'value': 27, 'prev_value': None, 'change': True}
2025-11-27 08:01:00,588 : INFO : EventManager : Event: ======'machine_var_audits_shots_right_outlane'====== Args={'value': 12, 'prev_value': None, 'change': True}
2025-11-27 08:01:00,588 : INFO : EventManager : Event: ======'machine_var_audits_shots_saucer'====== Args={'value': 31, 'prev_value': None, 'change': True}
2025-11-27 08:01:00,588 : INFO : EventManager : Event: ======'machine_var_audits_shots_saucer_dirtmouth'====== Args={'value': 16, 'prev_value': None, 'change': True}
2025-11-27 08:01:00,588 : INFO : EventManager : Event: ======'machine_var_audits_shots_top_left_slingshot'====== Args={'value': 1, 'prev_value': None, 'change': True}
2025-11-27 08:01:00,588 : INFO : EventManager : Event: ======'machine_var_audits_shots_top_right_slingshot'====== Args={'value': 6, 'prev_value': None, 'change': True}
2025-11-27 08:01:00,588 : INFO : EventManager : Event: ======'machine_var_audits_shots_vuk'====== Args={'value': 170, 'prev_value': None, 'change': True}
2025-11-27 08:01:00,588 : INFO : EventManager : Event: ======'machine_var_audits_shots_vuk_dirtmouth'====== Args={'value': 91, 'prev_value': None, 'change': True}
2025-11-27 08:01:00,588 : INFO : EventManager : Event: ======'machine_var_audits_switches_s_back_left_target'====== Args={'value': 6, 'prev_value': None, 'change': True}
2025-11-27 08:01:00,588 : INFO : EventManager : Event: ======'machine_var_audits_switches_s_back_middle_left_target'====== Args={'value': 4, 'prev_value': None, 'change': True}
2025-11-27 08:01:00,588 : INFO : EventManager : Event: ======'machine_var_audits_switches_s_back_middle_right_target'====== Args={'value': 5, 'prev_value': None, 'change': True}
2025-11-27 08:01:00,588 : INFO : EventManager : Event: ======'machine_var_audits_switches_s_back_right_target'====== Args={'value': 3, 'prev_value': None, 'change': True}
2025-11-27 08:01:00,588 : INFO : EventManager : Event: ======'machine_var_audits_switches_s_bottom_left_slingshot'====== Args={'value': 27, 'prev_value': None, 'change': True}
2025-11-27 08:01:00,588 : INFO : EventManager : Event: ======'machine_var_audits_switches_s_bottom_right_slingshot'====== Args={'value': 26, 'prev_value': None, 'change': True}
2025-11-27 08:01:00,588 : INFO : EventManager : Event: ======'machine_var_audits_switches_s_front_left_target'====== Args={'value': 6, 'prev_value': None, 'change': True}
2025-11-27 08:01:00,588 : INFO : EventManager : Event: ======'machine_var_audits_switches_s_front_middle_target'====== Args={'value': 8, 'prev_value': None, 'change': True}
2025-11-27 08:01:00,588 : INFO : EventManager : Event: ======'machine_var_audits_switches_s_front_right_target'====== Args={'value': 7, 'prev_value': None, 'change': True}
2025-11-27 08:01:00,588 : INFO : EventManager : Event: ======'machine_var_audits_switches_s_lane_to_pop'====== Args={'value': 89, 'prev_value': None, 'change': True}
2025-11-27 08:01:00,588 : INFO : EventManager : Event: ======'machine_var_audits_switches_s_left_flipper'====== Args={'value': 1, 'prev_value': None, 'change': True}
2025-11-27 08:01:00,588 : INFO : EventManager : Event: ======'machine_var_audits_switches_s_left_inlane'====== Args={'value': 8, 'prev_value': None, 'change': True}
2025-11-27 08:01:00,588 : INFO : EventManager : Event: ======'machine_var_audits_switches_s_left_orbit'====== Args={'value': 110, 'prev_value': None, 'change': True}
2025-11-27 08:01:00,588 : INFO : EventManager : Event: ======'machine_var_audits_switches_s_left_outlane'====== Args={'value': 6, 'prev_value': None, 'change': True}
2025-11-27 08:01:00,588 : INFO : EventManager : Event: ======'machine_var_audits_switches_s_plunger_lane'====== Args={'value': 264, 'prev_value': None, 'change': True}
2025-11-27 08:01:00,588 : INFO : EventManager : Event: ======'machine_var_audits_switches_s_pop_bumper'====== Args={'value': 23, 'prev_value': None, 'change': True}
2025-11-27 08:01:00,588 : INFO : EventManager : Event: ======'machine_var_audits_switches_s_ramp'====== Args={'value': 73, 'prev_value': None, 'change': True}
2025-11-27 08:01:00,588 : INFO : EventManager : Event: ======'machine_var_audits_switches_s_right_flipper'====== Args={'value': 5, 'prev_value': None, 'change': True}
2025-11-27 08:01:00,588 : INFO : EventManager : Event: ======'machine_var_audits_switches_s_right_inlane'====== Args={'value': 15, 'prev_value': None, 'change': True}
2025-11-27 08:01:00,588 : INFO : EventManager : Event: ======'machine_var_audits_switches_s_right_orbit'====== Args={'value': 280, 'prev_value': None, 'change': True}
2025-11-27 08:01:00,589 : INFO : EventManager : Event: ======'machine_var_audits_switches_s_right_outlane'====== Args={'value': 13, 'prev_value': None, 'change': True}
2025-11-27 08:01:00,589 : INFO : EventManager : Event: ======'machine_var_audits_switches_s_saucer'====== Args={'value': 38, 'prev_value': None, 'change': True}
2025-11-27 08:01:00,589 : INFO : EventManager : Event: ======'machine_var_audits_switches_s_start'====== Args={'value': 43, 'prev_value': None, 'change': True}
2025-11-27 08:01:00,589 : INFO : EventManager : Event: ======'machine_var_audits_switches_s_top_left_slingshot'====== Args={'value': 22, 'prev_value': None, 'change': True}
2025-11-27 08:01:00,589 : INFO : EventManager : Event: ======'machine_var_audits_switches_s_top_right_slingshot'====== Args={'value': 25, 'prev_value': None, 'change': True}
2025-11-27 08:01:00,589 : INFO : EventManager : Event: ======'machine_var_audits_switches_s_trough_1'====== Args={'value': 68, 'prev_value': None, 'change': True}
2025-11-27 08:01:00,589 : INFO : EventManager : Event: ======'machine_var_audits_switches_s_trough_2'====== Args={'value': 9, 'prev_value': None, 'change': True}
2025-11-27 08:01:00,589 : INFO : EventManager : Event: ======'machine_var_audits_switches_s_trough_3'====== Args={'value': 52, 'prev_value': None, 'change': True}
2025-11-27 08:01:00,589 : INFO : EventManager : Event: ======'machine_var_audits_switches_s_vuk'====== Args={'value': 188, 'prev_value': None, 'change': True}
2025-11-27 08:01:00,589 : INFO : EventManager : Event: ======'init_phase_5'====== Args={}
2025-11-27 08:01:00,590 : INFO : EventManager : Event: ======'init_done'====== Args={}
2025-11-27 08:01:00,590 : INFO : EventManager : Event: ======'machine_reset_phase_1'====== Args={}
2025-11-27 08:01:00,602 : INFO : EventManager : Event: ======'machine_reset_phase_2'====== Args={}
2025-11-27 08:01:00,602 : INFO : EventManager : Event: ======'machine_reset_phase_3'====== Args={}
2025-11-27 08:01:00,603 : INFO : EventManager : Event: ======'reset_complete'====== Args={}
2025-11-27 08:01:00,603 : INFO : EventManager : Event: ======'mode_attract_will_start'====== Args={}
2025-11-27 08:01:00,603 : INFO : Timer.attract_carousel_timer : Starting Timer.
2025-11-27 08:01:00,603 : INFO : EventManager : Event: ======'timer_attract_carousel_timer_started'====== Args={'ticks': 0, 'ticks_remaining': 1}
2025-11-27 08:01:00,603 : INFO : EventManager : Event: ======'timer_attract_carousel_timer_tick'====== Args={'ticks': 0, 'ticks_remaining': 1}
2025-11-27 08:01:00,603 : INFO : EventManager : Event: ======'mode_attract_starting'====== Args={}
2025-11-27 08:01:00,604 : INFO : Mode.attract : Started. Priority: 10
2025-11-27 08:01:00,604 : INFO : EventManager : Event: ======'modes_active_modes_changed'====== Args={}
2025-11-27 08:01:00,604 : INFO : EventManager : Event: ======'mode_attract_started'====== Args={}
2025-11-27 08:01:00,604 : INFO : EventManager : Event: ======'collecting_balls_complete'====== Args={}
2025-11-27 08:01:00,604 : INFO : EventManager : Event: ======'carousel_item_highlighted'====== Args={'carousel': 'attract', 'direction': None, 'item': 'title'}
2025-11-27 08:01:00,605 : INFO : Machine : Starting the main run loop with active modes: [<Mode.attract>]
2025-11-27 08:01:00,706 : INFO : EventManager : Event: ======'slide_attract_created'====== Args={'_from_bcp': True}
2025-11-27 08:01:00,707 : INFO : EventManager : Event: ======'slide__removed'====== Args={'_from_bcp': True}
2025-11-27 08:01:00,707 : INFO : EventManager : Event: ======'slide_attract_active'====== Args={'original_context': 'attract', 'original_calling_context': 'mode_attract_started', 'priority': 10.0, 'cmd': 'slides_play', '_from_bcp': True}
2025-11-27 08:01:01,209 : INFO : BcpServer : New client connected.
2025-11-27 08:01:04,500 : INFO : SwitchController : <<<<<<< 's_start' active >>>>>>>
2025-11-27 08:01:04,599 : INFO : SwitchController : <<<<<<< 's_start' inactive >>>>>>>
2025-11-27 08:01:04,599 : INFO : EventManager : Event: ======'request_to_start_game'====== Args={}
2025-11-27 08:01:04,600 : INFO : EventManager : Event: ======'game_start'====== Args={'buttons': [], 'hold_time': 0.09922358393669128}
2025-11-27 08:01:04,600 : INFO : EventManager : Event: ======'mode_game_will_start'====== Args={'buttons': [], 'hold_time': 0.09922358393669128}
2025-11-27 08:01:04,601 : INFO : EventManager : Event: ======'mode_game_starting'====== Args={'buttons': [], 'hold_time': 0.09922358393669128}
2025-11-27 08:01:04,602 : INFO : EventManager : Event: ======'mode_attract_will_stop'====== Args={}
2025-11-27 08:01:04,603 : INFO : EventManager : Event: ======'mode_attract_stopping'====== Args={}
2025-11-27 08:01:04,603 : INFO : Mode.attract : Stopped.
2025-11-27 08:01:04,603 : INFO : EventManager : Event: ======'modes_active_modes_changed'====== Args={}
2025-11-27 08:01:04,604 : INFO : EventManager : Event: ======'mode_attract_stopped'====== Args={}
2025-11-27 08:01:04,604 : INFO : EventManager : Event: ======'clear'====== Args={'key': 'attract'}
2025-11-27 08:01:04,604 : INFO : Timer.attract_carousel_timer : Stopping Timer
2025-11-27 08:01:04,605 : INFO : EventManager : Event: ======'timer_attract_carousel_timer_stopped'====== Args={'ticks': 0, 'ticks_remaining': 1}
2025-11-27 08:01:04,605 : INFO : Mode.game : Started. Priority: 20
2025-11-27 08:01:04,605 : INFO : EventManager : Event: ======'modes_active_modes_changed'====== Args={}
2025-11-27 08:01:04,605 : INFO : EventManager : Event: ======'mode_game_started'====== Args={'buttons': [], 'hold_time': 0.09922358393669128}
2025-11-27 08:01:04,606 : INFO : EventManager : Event: ======'game_will_start'====== Args={}
2025-11-27 08:01:04,607 : INFO : EventManager : Event: ======'game_starting'====== Args={'game': <Mode.game>}
2025-11-27 08:01:04,608 : INFO : EventManager : Unordered handler for class <Auditor> on event game_ended with priority 1. Handlers: [RegisteredHandler(callback=<bound method Auditor.disable of <Auditor>>, priority=1, kwargs={}, key=UUID('ff8e4156-da3d-46e6-bbbd-d5087094f61f'), condition=None, blocking_facility=None), RegisteredHandler(callback=<bound method Auditor._save_audits of <Auditor>>, priority=1, kwargs={}, key=UUID('f061efc2-2026-41a7-a3f1-e29292618d4b'), condition=None, blocking_facility=None)]. The order of those handlers is not defined and they will be executed in random order. This might lead to race conditions and potential bugs.
2025-11-27 08:01:04,608 : INFO : EventManager : Event: ======'player_add_request'====== Args={}
2025-11-27 08:01:04,608 : INFO : EventManager : Event: ======'player_will_add'====== Args={'number': 1}
2025-11-27 08:01:04,609 : INFO : EventManager : Event: ======'player_adding'====== Args={'player': <Player 1>, 'number': 1}
2025-11-27 08:01:04,609 : INFO : EventManager : Event: ======'player_added'====== Args={'player': <Player 1>, 'num': 1}
2025-11-27 08:01:04,610 : INFO : Mode.game : Player added successfully. Total players: 1
2025-11-27 08:01:04,610 : INFO : EventManager : Event: ======'player_index'====== Args={'value': 0, 'prev_value': 0, 'change': 0, 'player_num': 1}
2025-11-27 08:01:04,610 : INFO : EventManager : Event: ======'player_number'====== Args={'value': 1, 'prev_value': 1, 'change': 0, 'player_num': 1}
2025-11-27 08:01:04,612 : INFO : EventManager : Event: ======'player_dirtmouth_active'====== Args={'value': 0, 'prev_value': 0, 'change': 0, 'player_num': 1}
2025-11-27 08:01:04,613 : INFO : EventManager : Event: ======'player_false_knight_controller_active'====== Args={'value': 0, 'prev_value': 0, 'change': 0, 'player_num': 1}
2025-11-27 08:01:04,613 : INFO : EventManager : Event: ======'player_lane_to_pop_active'====== Args={'value': 0, 'prev_value': 0, 'change': 0, 'player_num': 1}
2025-11-27 08:01:04,613 : INFO : EventManager : Event: ======'player_lanes_active'====== Args={'value': 0, 'prev_value': 0, 'change': 0, 'player_num': 1}
2025-11-27 08:01:04,614 : INFO : EventManager : Event: ======'player_left_orbit_active'====== Args={'value': 0, 'prev_value': 0, 'change': 0, 'player_num': 1}
2025-11-27 08:01:04,614 : INFO : EventManager : Event: ======'player_pop_bumper_active'====== Args={'value': 0, 'prev_value': 0, 'change': 0, 'player_num': 1}
2025-11-27 08:01:04,614 : INFO : EventManager : Event: ======'player_ramp_active'====== Args={'value': 0, 'prev_value': 0, 'change': 0, 'player_num': 1}
2025-11-27 08:01:04,614 : INFO : EventManager : Event: ======'player_right_orbit_active'====== Args={'value': 0, 'prev_value': 0, 'change': 0, 'player_num': 1}
2025-11-27 08:01:04,615 : INFO : EventManager : Event: ======'player_saucer_active'====== Args={'value': 0, 'prev_value': 0, 'change': 0, 'player_num': 1}
2025-11-27 08:01:04,615 : INFO : EventManager : Event: ======'player_slingshots_active'====== Args={'value': 0, 'prev_value': 0, 'change': 0, 'player_num': 1}
2025-11-27 08:01:04,615 : INFO : EventManager : Event: ======'player_targets_active'====== Args={'value': 0, 'prev_value': 0, 'change': 0, 'player_num': 1}
2025-11-27 08:01:04,615 : INFO : EventManager : Event: ======'player_vuk_active'====== Args={'value': 0, 'prev_value': 0, 'change': 0, 'player_num': 1}
2025-11-27 08:01:04,616 : INFO : EventManager : Event: ======'player_travel_progress'====== Args={'value': 0, 'prev_value': 0, 'change': 0, 'player_num': 1}
2025-11-27 08:01:04,616 : INFO : EventManager : Event: ======'player_travel_time_remaining_travel_dirtmouth_to_frogotten_crossroads'====== Args={'value': 40.0, 'prev_value': 40.0, 'change': 0, 'player_num': 1}
2025-11-27 08:01:04,616 : INFO : EventManager : Event: ======'player_travel_shots_remaining_travel_dirtmouth_to_frogotten_crossroads'====== Args={'value': 2, 'prev_value': 2, 'change': 0, 'player_num': 1}
2025-11-27 08:01:04,616 : INFO : EventManager : Event: ======'player_score'====== Args={'value': 0, 'prev_value': 0, 'change': 0, 'player_num': 1}
2025-11-27 08:01:04,623 : INFO : EventManager : Event: ======'game_started'====== Args={}
2025-11-27 08:01:04,630 : INFO : EventManager : Event: ======'player_turn_will_start'====== Args={'player': <Player 1>, 'number': 1}
2025-11-27 08:01:04,631 : INFO : EventManager : Event: ======'player_turn_starting'====== Args={'player': <Player 1>, 'number': 1}
2025-11-27 08:01:04,631 : INFO : EventManager : Event: ======'player_ball'====== Args={'value': 1, 'prev_value': 0, 'change': 1, 'player_num': 1}
2025-11-27 08:01:04,631 : INFO : EventManager : Event: ======'player_turn_started'====== Args={'player': <Player 1>, 'number': 1}
2025-11-27 08:01:04,631 : INFO : EventManager : Event: ======'ball_will_start'====== Args={'player': 1, 'ball': 1, 'balls_remaining': 2, 'is_extra_ball': False}
2025-11-27 08:01:04,632 : INFO : EventManager : Event: ======'ball_starting'====== Args={'player': 1, 'ball': 1, 'balls_remaining': 2, 'is_extra_ball': False}
2025-11-27 08:01:04,632 : INFO : EventManager : Event: ======'mode_base_will_start'====== Args={'queue': <QueuedEvent>, 'player': 1, 'ball': 1, 'balls_remaining': 2, 'is_extra_ball': False}
2025-11-27 08:01:04,632 : INFO : EventManager : Event: ======'mode_base_starting'====== Args={'queue': <QueuedEvent>, 'player': 1, 'ball': 1, 'balls_remaining': 2, 'is_extra_ball': False}
2025-11-27 08:01:04,632 : INFO : Mode.base : Started. Priority: 100
2025-11-27 08:01:04,632 : INFO : EventManager : Event: ======'modes_active_modes_changed'====== Args={}
2025-11-27 08:01:04,632 : INFO : EventManager : Event: ======'mode_base_started'====== Args={'queue': <QueuedEvent>, 'player': 1, 'ball': 1, 'balls_remaining': 2, 'is_extra_ball': False}
2025-11-27 08:01:04,633 : INFO : EventManager : Event: ======'start_mode_right_orbit'====== Args={'priority': 0}
2025-11-27 08:01:04,633 : INFO : EventManager : Event: ======'start_mode_slingshots'====== Args={'priority': 0}
2025-11-27 08:01:04,633 : INFO : EventManager : Event: ======'start_mode_lanes'====== Args={'priority': 0}
2025-11-27 08:01:04,633 : INFO : EventManager : Event: ======'start_mode_vuk'====== Args={'priority': 0}
2025-11-27 08:01:04,633 : INFO : EventManager : Event: ======'start_mode_ramp'====== Args={'priority': 0}
2025-11-27 08:01:04,633 : INFO : EventManager : Event: ======'start_mode_left_orbit'====== Args={'priority': 0}
2025-11-27 08:01:04,633 : INFO : EventManager : Event: ======'start_mode_lane_to_pop'====== Args={'priority': 0}
2025-11-27 08:01:04,633 : INFO : EventManager : Event: ======'start_mode_saucer'====== Args={'priority': 0}
2025-11-27 08:01:04,633 : INFO : EventManager : Event: ======'start_mode_targets'====== Args={'priority': 0}
2025-11-27 08:01:04,633 : INFO : EventManager : Event: ======'start_mode_pop_bumper'====== Args={'priority': 0}
2025-11-27 08:01:04,633 : INFO : EventManager : Event: ======'start_mode_dirtmouth'====== Args={'priority': 0}
2025-11-27 08:01:04,633 : INFO : EventManager : Event: ======'mode_right_orbit_will_start'====== Args={'priority': 0}
2025-11-27 08:01:04,633 : INFO : EventManager : Event: ======'player_shot_right_orbit_enabled'====== Args={'value': True, 'prev_value': 0, 'change': 1, 'player_num': 1}
2025-11-27 08:01:04,634 : INFO : EventManager : Event: ======'mode_right_orbit_starting'====== Args={'priority': 0}
2025-11-27 08:01:04,634 : INFO : EventManager : Event: ======'mode_slingshots_will_start'====== Args={'priority': 0}
2025-11-27 08:01:04,634 : INFO : EventManager : Event: ======'player_shot_top_left_slingshot_enabled'====== Args={'value': True, 'prev_value': 0, 'change': 1, 'player_num': 1}
2025-11-27 08:01:04,634 : INFO : EventManager : Event: ======'player_shot_bottom_left_slingshot_enabled'====== Args={'value': True, 'prev_value': 0, 'change': 1, 'player_num': 1}
2025-11-27 08:01:04,634 : INFO : EventManager : Event: ======'player_shot_top_right_slingshot_enabled'====== Args={'value': True, 'prev_value': 0, 'change': 1, 'player_num': 1}
2025-11-27 08:01:04,634 : INFO : EventManager : Event: ======'player_shot_bottom_right_slingshot_enabled'====== Args={'value': True, 'prev_value': 0, 'change': 1, 'player_num': 1}
2025-11-27 08:01:04,635 : INFO : EventManager : Event: ======'slingshots_complete'====== Args={'state': 'unlit'}
2025-11-27 08:01:04,635 : INFO : EventManager : Event: ======'slingshots_unlit_complete'====== Args={}
2025-11-27 08:01:04,635 : INFO : EventManager : Event: ======'mode_slingshots_starting'====== Args={'priority': 0}
2025-11-27 08:01:04,635 : INFO : EventManager : Event: ======'mode_lanes_will_start'====== Args={'priority': 0}
2025-11-27 08:01:04,635 : INFO : EventManager : Event: ======'player_shot_left_outlane_enabled'====== Args={'value': True, 'prev_value': 0, 'change': 1, 'player_num': 1}
2025-11-27 08:01:04,635 : INFO : EventManager : Event: ======'player_shot_left_inlane_enabled'====== Args={'value': True, 'prev_value': 0, 'change': 1, 'player_num': 1}
2025-11-27 08:01:04,636 : INFO : EventManager : Event: ======'player_shot_right_inlane_enabled'====== Args={'value': True, 'prev_value': 0, 'change': 1, 'player_num': 1}
2025-11-27 08:01:04,636 : INFO : EventManager : Event: ======'player_shot_right_outlane_enabled'====== Args={'value': True, 'prev_value': 0, 'change': 1, 'player_num': 1}
2025-11-27 08:01:04,636 : INFO : EventManager : Event: ======'lanes_complete'====== Args={'state': 'unlit'}
2025-11-27 08:01:04,636 : INFO : EventManager : Event: ======'lanes_unlit_complete'====== Args={}
2025-11-27 08:01:04,636 : INFO : EventManager : Event: ======'mode_lanes_starting'====== Args={'priority': 0}
2025-11-27 08:01:04,637 : INFO : EventManager : Event: ======'mode_vuk_will_start'====== Args={'priority': 0}
2025-11-27 08:01:04,637 : INFO : EventManager : Event: ======'player_shot_vuk_enabled'====== Args={'value': True, 'prev_value': 0, 'change': 1, 'player_num': 1}
2025-11-27 08:01:04,637 : INFO : EventManager : Event: ======'mode_vuk_starting'====== Args={'priority': 0}
2025-11-27 08:01:04,637 : INFO : EventManager : Event: ======'mode_ramp_will_start'====== Args={'priority': 0}
2025-11-27 08:01:04,637 : INFO : EventManager : Event: ======'player_shot_ramp_enabled'====== Args={'value': True, 'prev_value': 0, 'change': 1, 'player_num': 1}
2025-11-27 08:01:04,638 : INFO : EventManager : Event: ======'mode_ramp_starting'====== Args={'priority': 0}
2025-11-27 08:01:04,638 : INFO : EventManager : Event: ======'mode_left_orbit_will_start'====== Args={'priority': 0}
2025-11-27 08:01:04,638 : INFO : EventManager : Event: ======'player_shot_left_orbit_enabled'====== Args={'value': True, 'prev_value': 0, 'change': 1, 'player_num': 1}
2025-11-27 08:01:04,638 : INFO : EventManager : Event: ======'mode_left_orbit_starting'====== Args={'priority': 0}
2025-11-27 08:01:04,638 : INFO : EventManager : Event: ======'mode_lane_to_pop_will_start'====== Args={'priority': 0}
2025-11-27 08:01:04,638 : INFO : EventManager : Event: ======'player_shot_lane_to_pop_enabled'====== Args={'value': True, 'prev_value': 0, 'change': 1, 'player_num': 1}
2025-11-27 08:01:04,638 : INFO : EventManager : Event: ======'mode_lane_to_pop_starting'====== Args={'priority': 0}
2025-11-27 08:01:04,638 : INFO : EventManager : Event: ======'mode_saucer_will_start'====== Args={'priority': 0}
2025-11-27 08:01:04,639 : INFO : EventManager : Event: ======'player_shot_saucer_enabled'====== Args={'value': True, 'prev_value': 0, 'change': 1, 'player_num': 1}
2025-11-27 08:01:04,639 : INFO : EventManager : Event: ======'mode_saucer_starting'====== Args={'priority': 0}
2025-11-27 08:01:04,639 : INFO : EventManager : Event: ======'mode_targets_will_start'====== Args={'priority': 0}
2025-11-27 08:01:04,639 : INFO : EventManager : Event: ======'player_shot_front_left_target_enabled'====== Args={'value': True, 'prev_value': 0, 'change': 1, 'player_num': 1}
2025-11-27 08:01:04,639 : INFO : EventManager : Event: ======'player_shot_front_middle_target_enabled'====== Args={'value': True, 'prev_value': 0, 'change': 1, 'player_num': 1}
2025-11-27 08:01:04,639 : INFO : EventManager : Event: ======'player_shot_front_right_target_enabled'====== Args={'value': True, 'prev_value': 0, 'change': 1, 'player_num': 1}
2025-11-27 08:01:04,639 : INFO : EventManager : Event: ======'player_shot_back_left_target_enabled'====== Args={'value': True, 'prev_value': 0, 'change': 1, 'player_num': 1}
2025-11-27 08:01:04,639 : INFO : EventManager : Event: ======'player_shot_bakc_middle_left_target_enabled'====== Args={'value': True, 'prev_value': 0, 'change': 1, 'player_num': 1}
2025-11-27 08:01:04,640 : INFO : EventManager : Event: ======'player_shot_back_middle_right_target_enabled'====== Args={'value': True, 'prev_value': 0, 'change': 1, 'player_num': 1}
2025-11-27 08:01:04,640 : INFO : EventManager : Event: ======'player_shot_back_right_target_enabled'====== Args={'value': True, 'prev_value': 0, 'change': 1, 'player_num': 1}
2025-11-27 08:01:04,640 : INFO : EventManager : Event: ======'targets_complete'====== Args={'state': 'unlit'}
2025-11-27 08:01:04,640 : INFO : EventManager : Event: ======'targets_unlit_complete'====== Args={}
2025-11-27 08:01:04,640 : INFO : EventManager : Event: ======'mode_targets_starting'====== Args={'priority': 0}
2025-11-27 08:01:04,640 : INFO : EventManager : Event: ======'mode_pop_bumper_will_start'====== Args={'priority': 0}
2025-11-27 08:01:04,640 : INFO : EventManager : Event: ======'player_shot_pop_bumper_enabled'====== Args={'value': True, 'prev_value': 0, 'change': 1, 'player_num': 1}
2025-11-27 08:01:04,641 : INFO : EventManager : Event: ======'mode_pop_bumper_starting'====== Args={'priority': 0}
2025-11-27 08:01:04,641 : INFO : EventManager : Event: ======'mode_dirtmouth_will_start'====== Args={'priority': 0}
2025-11-27 08:01:04,641 : INFO : EventManager : Event: ======'player_shot_vuk_dirtmouth_enabled'====== Args={'value': True, 'prev_value': 0, 'change': 1, 'player_num': 1}
2025-11-27 08:01:04,641 : INFO : EventManager : Event: ======'player_shot_saucer_dirtmouth_enabled'====== Args={'value': True, 'prev_value': 0, 'change': 1, 'player_num': 1}
2025-11-27 08:01:04,641 : INFO : EventManager : Event: ======'locks_complete'====== Args={'state': 'unlit'}
2025-11-27 08:01:04,641 : INFO : EventManager : Event: ======'locks_unlit_complete'====== Args={}
2025-11-27 08:01:04,642 : INFO : EventManager : Event: ======'mode_dirtmouth_starting'====== Args={'priority': 0}
2025-11-27 08:01:04,642 : INFO : Mode.dirtmouth : Started. Priority: 250
2025-11-27 08:01:04,642 : INFO : EventManager : Event: ======'modes_active_modes_changed'====== Args={}
2025-11-27 08:01:04,642 : INFO : EventManager : Event: ======'mode_dirtmouth_started'====== Args={'priority': 0}
2025-11-27 08:01:04,642 : INFO : EventManager : Event: ======'player_dirtmouth_active'====== Args={'value': 1, 'prev_value': 0, 'change': 1, 'player_num': 1, 'source': 'dirtmouth'}
2025-11-27 08:01:04,643 : INFO : Mode.pop_bumper : Started. Priority: 150
2025-11-27 08:01:04,643 : INFO : EventManager : Event: ======'modes_active_modes_changed'====== Args={}
2025-11-27 08:01:04,643 : INFO : EventManager : Event: ======'mode_pop_bumper_started'====== Args={'priority': 0}
2025-11-27 08:01:04,643 : INFO : EventManager : Event: ======'player_pop_bumper_active'====== Args={'value': 1, 'prev_value': 0, 'change': 1, 'player_num': 1, 'source': 'pop_bumper'}
2025-11-27 08:01:04,644 : INFO : Mode.targets : Started. Priority: 175
2025-11-27 08:01:04,644 : INFO : EventManager : Event: ======'modes_active_modes_changed'====== Args={}
2025-11-27 08:01:04,644 : INFO : EventManager : Event: ======'mode_targets_started'====== Args={'priority': 0}
2025-11-27 08:01:04,644 : INFO : EventManager : Event: ======'player_targets_active'====== Args={'value': 1, 'prev_value': 0, 'change': 1, 'player_num': 1, 'source': 'targets'}
2025-11-27 08:01:04,644 : INFO : Mode.saucer : Started. Priority: 200
2025-11-27 08:01:04,644 : INFO : EventManager : Event: ======'modes_active_modes_changed'====== Args={}
2025-11-27 08:01:04,645 : INFO : EventManager : Event: ======'mode_saucer_started'====== Args={'priority': 0}
2025-11-27 08:01:04,645 : INFO : EventManager : Event: ======'player_saucer_active'====== Args={'value': 1, 'prev_value': 0, 'change': 1, 'player_num': 1, 'source': 'saucer'}
2025-11-27 08:01:04,645 : INFO : Mode.lane_to_pop : Started. Priority: 200
2025-11-27 08:01:04,645 : INFO : EventManager : Event: ======'modes_active_modes_changed'====== Args={}
2025-11-27 08:01:04,645 : INFO : EventManager : Event: ======'mode_lane_to_pop_started'====== Args={'priority': 0}
2025-11-27 08:01:04,645 : INFO : EventManager : Event: ======'player_lane_to_pop_active'====== Args={'value': 1, 'prev_value': 0, 'change': 1, 'player_num': 1, 'source': 'lane_to_pop'}
2025-11-27 08:01:04,646 : INFO : Mode.left_orbit : Started. Priority: 200
2025-11-27 08:01:04,646 : INFO : EventManager : Event: ======'modes_active_modes_changed'====== Args={}
2025-11-27 08:01:04,646 : INFO : EventManager : Event: ======'mode_left_orbit_started'====== Args={'priority': 0}
2025-11-27 08:01:04,646 : INFO : EventManager : Event: ======'player_left_orbit_active'====== Args={'value': 1, 'prev_value': 0, 'change': 1, 'player_num': 1, 'source': 'left_orbit'}
2025-11-27 08:01:04,647 : INFO : Mode.ramp : Started. Priority: 200
2025-11-27 08:01:04,647 : INFO : EventManager : Event: ======'modes_active_modes_changed'====== Args={}
2025-11-27 08:01:04,647 : INFO : EventManager : Event: ======'mode_ramp_started'====== Args={'priority': 0}
2025-11-27 08:01:04,647 : INFO : EventManager : Event: ======'player_ramp_active'====== Args={'value': 1, 'prev_value': 0, 'change': 1, 'player_num': 1, 'source': 'ramp'}
2025-11-27 08:01:04,648 : INFO : Mode.vuk : Started. Priority: 200
2025-11-27 08:01:04,648 : INFO : EventManager : Event: ======'modes_active_modes_changed'====== Args={}
2025-11-27 08:01:04,648 : INFO : EventManager : Event: ======'mode_vuk_started'====== Args={'priority': 0}
2025-11-27 08:01:04,648 : INFO : EventManager : Event: ======'player_vuk_active'====== Args={'value': 1, 'prev_value': 0, 'change': 1, 'player_num': 1, 'source': 'vuk'}
2025-11-27 08:01:04,649 : INFO : Mode.lanes : Started. Priority: 150
2025-11-27 08:01:04,649 : INFO : EventManager : Event: ======'modes_active_modes_changed'====== Args={}
2025-11-27 08:01:04,649 : INFO : EventManager : Event: ======'mode_lanes_started'====== Args={'priority': 0}
2025-11-27 08:01:04,649 : INFO : EventManager : Event: ======'player_lanes_active'====== Args={'value': 1, 'prev_value': 0, 'change': 1, 'player_num': 1, 'source': 'lanes'}
2025-11-27 08:01:04,650 : INFO : Mode.slingshots : Started. Priority: 150
2025-11-27 08:01:04,650 : INFO : EventManager : Event: ======'modes_active_modes_changed'====== Args={}
2025-11-27 08:01:04,650 : INFO : EventManager : Event: ======'mode_slingshots_started'====== Args={'priority': 0}
2025-11-27 08:01:04,650 : INFO : EventManager : Event: ======'player_slingshots_active'====== Args={'value': 1, 'prev_value': 0, 'change': 1, 'player_num': 1, 'source': 'slingshots'}
2025-11-27 08:01:04,650 : INFO : Mode.right_orbit : Started. Priority: 200
2025-11-27 08:01:04,650 : INFO : EventManager : Event: ======'modes_active_modes_changed'====== Args={}
2025-11-27 08:01:04,650 : INFO : EventManager : Event: ======'mode_right_orbit_started'====== Args={'priority': 0}
2025-11-27 08:01:04,651 : INFO : EventManager : Event: ======'player_right_orbit_active'====== Args={'value': 1, 'prev_value': 0, 'change': 1, 'player_num': 1, 'source': 'right_orbit'}
2025-11-27 08:01:04,651 : INFO : EventManager : Event: ======'balls_in_play'====== Args={'balls': 1}
2025-11-27 08:01:04,651 : INFO : EventManager : Event: ======'ball_started'====== Args={'player': 1, 'ball': 1, 'balls_remaining': 2, 'is_extra_ball': False}
2025-11-27 08:01:04,653 : INFO : EventManager : Event: ======'single_player_ball_started'====== Args={}
2025-11-27 08:01:04,653 : INFO : EventManager : Event: ======'slide_base_created'====== Args={'_from_bcp': True}
2025-11-27 08:01:04,653 : INFO : EventManager : Event: ======'slide_attract_inactive'====== Args={'is_removing': True, '_from_bcp': True}
2025-11-27 08:01:04,653 : INFO : EventManager : Event: ======'slide_base_active'====== Args={'original_context': 'base', 'original_calling_context': 'mode_base_started', 'priority': 100.0, 'queue': '<QueuedEvent>', 'player': 1.0, 'ball': 1.0, 'balls_remaining': 2.0, 'is_extra_ball': False, 'cmd': 'slides_play', '_from_bcp': True}
2025-11-27 08:01:04,653 : INFO : EventManager : Event: ======'slide_attract_removed'====== Args={'_from_bcp': True}
2025-11-27 08:01:04,653 : INFO : EventManager : Event: ======'ball_start_target'====== Args={'target': 'playfield'}
2025-11-27 08:01:04,654 : INFO : ball_device.bd_trough : Setting up player-controlled eject. Balls: 1, Target: <playfield.playfield>, player_controlled_eject_event: None
2025-11-27 08:01:04,654 : INFO : ball_device.bd_trough : Adding 1 ball(s) to the eject_queue with target <playfield.playfield>.
2025-11-27 08:01:04,654 : INFO : EventManager : Event: ======'balldevice_balls_available'====== Args={}
2025-11-27 08:01:04,654 : INFO : ball_device.bd_trough : State: waiting_for_target_ready
2025-11-27 08:01:04,654 : INFO : EventManager : Event: ======'balldevice_bd_trough_ball_eject_attempt'====== Args={'balls': 1, 'target': <ball_device.bd_plunger>, 'source': <ball_device.bd_trough>, 'mechanical_eject': False, 'num_attempts': 0}
2025-11-27 08:01:04,654 : INFO : ball_device.bd_plunger : State: waiting_for_ball
2025-11-27 08:01:04,654 : INFO : ball_device.bd_trough : State: ejecting
2025-11-27 08:01:04,654 : INFO : ball_device.bd_trough : Ejecting ball to <ball_device.bd_plunger>
2025-11-27 08:01:04,654 : INFO : EventManager : Event: ======'balldevice_bd_trough_ejecting_ball'====== Args={'balls': 1, 'target': <ball_device.bd_plunger>, 'source': <ball_device.bd_trough>, 'mechanical_eject': False, 'num_attempts': 0}
2025-11-27 08:01:04,654 : INFO : ball_device.bd_trough : Wait for ball to leave device
2025-11-27 08:01:04,655 : INFO : coil.c_trough_eject : Pulsing Driver for 10ms (1.0 pulse_power)
2025-11-27 08:01:04,655 : INFO : SwitchController : <<<<<<< 's_trough_1' inactive >>>>>>>
2025-11-27 08:01:04,655 : INFO : ball_device.bd_trough : State: ball_left
2025-11-27 08:01:04,655 : INFO : ball_device.bd_trough : Ball left
2025-11-27 08:01:04,655 : INFO : ball_device.bd_trough : Wait for confirm with timeout 10.0
2025-11-27 08:01:04,671 : INFO : EventManager : Event: ======'slide_dirtmouth_created'====== Args={'_from_bcp': True}
2025-11-27 08:01:04,671 : INFO : EventManager : Event: ======'slide_base_inactive'====== Args={'is_removing': False, '_from_bcp': True}
2025-11-27 08:01:04,671 : INFO : EventManager : Event: ======'slide_dirtmouth_active'====== Args={'original_context': 'dirtmouth', 'original_calling_context': 'mode_dirtmouth_started', 'priority': 250.0, 'cmd': 'slides_play', '_from_bcp': True}
2025-11-27 08:01:04,756 : INFO : SwitchController : <<<<<<< 's_plunger_lane' active >>>>>>>
2025-11-27 08:01:04,756 : INFO : EventManager : Event: ======'machine_var_audits_switches_s_plunger_lane'====== Args={'value': 265, 'prev_value': 264, 'change': 1}
2025-11-27 08:01:05,257 : INFO : ball_device.bd_plunger : Received ball from <ball_device.bd_trough>
2025-11-27 08:01:05,258 : INFO : EventManager : Event: ======'balldevice_bd_plunger_ball_enter'====== Args={'new_balls': 1, 'unclaimed_balls': 0, 'new_available_balls': 0, 'device': <ball_device.bd_plunger>}
2025-11-27 08:01:05,259 : INFO : EventManager : Event: ======'balldevice_bd_plunger_ball_entered'====== Args={'new_balls': 0, 'device': <ball_device.bd_plunger>}
2025-11-27 08:01:05,260 : INFO : EventManager : Event: ======'balldevice_bd_plunger_ball_count_changed'====== Args={'balls': 1}
2025-11-27 08:01:05,260 : INFO : ball_device.bd_trough : Got eject confirm
2025-11-27 08:01:05,260 : INFO : ball_device.bd_trough : Eject successful
2025-11-27 08:01:05,260 : INFO : EventManager : Event: ======'balldevice_bd_trough_ball_eject_success'====== Args={'balls': 1, 'target': <ball_device.bd_plunger>}
2025-11-27 08:01:05,261 : INFO : EventManager : Event: ======'balldevice_bd_trough_ball_count_changed'====== Args={'balls': 2}
2025-11-27 08:01:05,261 : INFO : ball_device.bd_trough : State: idle
2025-11-27 08:01:05,262 : INFO : ball_device.bd_plunger : State: waiting_for_target_ready
2025-11-27 08:01:05,263 : INFO : EventManager : Event: ======'balldevice_bd_plunger_ball_eject_attempt'====== Args={'balls': 1, 'target': <playfield.playfield>, 'source': <ball_device.bd_plunger>, 'mechanical_eject': False, 'num_attempts': 0}
2025-11-27 08:01:05,263 : INFO : ball_device.bd_plunger : State: ejecting
2025-11-27 08:01:05,263 : INFO : ball_device.bd_plunger : Ejecting ball to <playfield.playfield>
2025-11-27 08:01:05,264 : INFO : EventManager : Event: ======'balldevice_bd_plunger_ejecting_ball'====== Args={'balls': 1, 'target': <playfield.playfield>, 'source': <ball_device.bd_plunger>, 'mechanical_eject': False, 'num_attempts': 0}
2025-11-27 08:01:05,264 : INFO : ball_device.bd_plunger : Wait for ball to leave device
2025-11-27 08:01:06,850 : INFO : SwitchController : <<<<<<< 's_plunger_lane' inactive >>>>>>>
2025-11-27 08:01:06,851 : INFO : ball_device.bd_plunger : State: ball_left
2025-11-27 08:01:06,851 : INFO : ball_device.bd_plunger : Ball left
2025-11-27 08:01:06,851 : INFO : ball_device.bd_plunger : Wait for confirm with timeout 10.0
2025-11-27 08:01:10,664 : INFO : SwitchController : <<<<<<< 's_vuk' active >>>>>>>
2025-11-27 08:01:10,664 : INFO : EventManager : Event: ======'playfield_active'====== Args={'source': 'vuk'}
2025-11-27 08:01:10,664 : INFO : EventManager : Event: ======'playfield_active'====== Args={'source': 'vuk_dirtmouth'}
2025-11-27 08:01:10,664 : INFO : EventManager : Event: ======'s_vuk_active'====== Args={}
2025-11-27 08:01:10,664 : INFO : EventManager : Event: ======'machine_var_audits_switches_s_vuk'====== Args={'value': 189, 'prev_value': 188, 'change': 1}
2025-11-27 08:01:10,665 : INFO : EventManager : Event: ======'player_shot_vuk_dirtmouth'====== Args={'value': 1, 'prev_value': 0, 'change': 1, 'player_num': 1}
2025-11-27 08:01:10,665 : INFO : EventManager : Event: ======'machine_var_audits_shots_vuk_dirtmouth'====== Args={'value': 92, 'prev_value': 91, 'change': 1}
2025-11-27 08:01:10,665 : INFO : EventManager : Event: ======'vuk_dirtmouth_hit'====== Args={'profile': 'default', 'state': 'unlit', 'advancing': True}
2025-11-27 08:01:10,666 : INFO : EventManager : Event: ======'vuk_dirtmouth_default_hit'====== Args={'profile': 'default', 'state': 'unlit', 'advancing': True}
2025-11-27 08:01:10,666 : INFO : EventManager : Event: ======'vuk_dirtmouth_default_unlit_hit'====== Args={'profile': 'default', 'state': 'unlit', 'advancing': True}
2025-11-27 08:01:10,666 : INFO : EventManager : Event: ======'vuk_dirtmouth_unlit_hit'====== Args={'profile': 'default', 'state': 'unlit', 'advancing': True}
2025-11-27 08:01:10,666 : INFO : EventManager : Event: ======'player_shot_vuk'====== Args={'value': 1, 'prev_value': 0, 'change': 1, 'player_num': 1}
2025-11-27 08:01:10,666 : INFO : EventManager : Event: ======'machine_var_audits_shots_vuk'====== Args={'value': 171, 'prev_value': 170, 'change': 1}
2025-11-27 08:01:10,666 : INFO : EventManager : Event: ======'vuk_hit'====== Args={'profile': 'default', 'state': 'unlit', 'advancing': True}
2025-11-27 08:01:10,666 : INFO : EventManager : Event: ======'vuk_default_hit'====== Args={'profile': 'default', 'state': 'unlit', 'advancing': True}
2025-11-27 08:01:10,666 : INFO : EventManager : Event: ======'vuk_default_unlit_hit'====== Args={'profile': 'default', 'state': 'unlit', 'advancing': True}
2025-11-27 08:01:10,666 : INFO : EventManager : Event: ======'vuk_unlit_hit'====== Args={'profile': 'default', 'state': 'unlit', 'advancing': True}
2025-11-27 08:01:10,666 : INFO : EventManager : Event: ======'locks_hit'====== Args={'shot': 'vuk_dirtmouth'}
2025-11-27 08:01:10,666 : INFO : EventManager : Event: ======'locks_unlit_hit'====== Args={'shot': 'vuk_dirtmouth'}
2025-11-27 08:01:10,666 : INFO : EventManager : Event: ======'start_mode_travel_dirtmouth_to_frogotten_crossroads'====== Args={'priority': 0}
2025-11-27 08:01:10,666 : INFO : EventManager : Event: ======'mode_travel_dirtmouth_to_frogotten_crossroads_will_start'====== Args={'priority': 0}
2025-11-27 08:01:10,671 : INFO : EventManager : Event: ======'player_shot_ramp_travel_dirtmouth_to_frogotten_crossroads_enabled'====== Args={'value': True, 'prev_value': 0, 'change': 1, 'player_num': 1}
2025-11-27 08:01:10,671 : INFO : EventManager : Event: ======'player_shot_right_orbit_travel_dirtmouth_to_frogotten_crossroads_enabled'====== Args={'value': True, 'prev_value': 0, 'change': 1, 'player_num': 1}
2025-11-27 08:01:10,671 : INFO : EventManager : Event: ======'player_shot_left_orbit_travel_dirtmouth_to_frogotten_crossroads_enabled'====== Args={'value': True, 'prev_value': 0, 'change': 1, 'player_num': 1}
2025-11-27 08:01:10,671 : INFO : EventManager : Event: ======'travel_complete'====== Args={'state': 'unlit'}
2025-11-27 08:01:10,671 : INFO : EventManager : Event: ======'travel_unlit_complete'====== Args={}
2025-11-27 08:01:10,672 : INFO : EventManager : Event: ======'player_travel_dirtmouth_to_frogotten_crossroads_travel_display_timer_tick'====== Args={'value': 0, 'prev_value': 0, 'change': 0, 'player_num': 1}
2025-11-27 08:01:10,672 : INFO : Timer.travel_display_timer : Starting Timer.
2025-11-27 08:01:10,672 : INFO : EventManager : Event: ======'timer_travel_display_timer_started'====== Args={'ticks': 0, 'ticks_remaining': 1}
2025-11-27 08:01:10,672 : INFO : EventManager : Event: ======'timer_travel_display_timer_tick'====== Args={'ticks': 0, 'ticks_remaining': 1}
2025-11-27 08:01:10,672 : INFO : EventManager : Event: ======'player_travel_dirtmouth_to_frogotten_crossroads_travel_end_timer_tick'====== Args={'value': 0, 'prev_value': 0, 'change': 0, 'player_num': 1}
2025-11-27 08:01:10,672 : INFO : Timer.travel_end_timer : Starting Timer.
2025-11-27 08:01:10,672 : INFO : EventManager : Event: ======'timer_travel_end_timer_started'====== Args={'ticks': 0, 'ticks_remaining': 40}
2025-11-27 08:01:10,672 : INFO : EventManager : Event: ======'timer_travel_end_timer_tick'====== Args={'ticks': 0, 'ticks_remaining': 40}
2025-11-27 08:01:10,673 : INFO : EventManager : Event: ======'mode_travel_dirtmouth_to_frogotten_crossroads_starting'====== Args={'priority': 0}
2025-11-27 08:01:10,673 : INFO : EventManager : Event: ======'player_score'====== Args={'value': 5000, 'prev_value': 0, 'change': 5000, 'player_num': 1, 'source': 'vuk'}
2025-11-27 08:01:10,674 : INFO : Mode.travel_dirtmouth_to_frogotten_crossroads : Started. Priority: 300
2025-11-27 08:01:10,674 : INFO : EventManager : Event: ======'modes_active_modes_changed'====== Args={}
2025-11-27 08:01:10,674 : INFO : EventManager : Event: ======'mode_travel_dirtmouth_to_frogotten_crossroads_started'====== Args={'priority': 0}
2025-11-27 08:01:10,674 : INFO : EventManager : Event: ======'player_score'====== Args={'value': 15000, 'prev_value': 5000, 'change': 10000, 'player_num': 1, 'source': 'travel_dirtmouth_to_frogotten_crossroads'}
2025-11-27 08:01:10,674 : INFO : EventManager : Event: ======'player_time_remaining_travel_dirtmouth_to_frogotten_crossroads'====== Args={'value': 40.0, 'prev_value': 0, 'change': 40.0, 'player_num': 1, 'source': 'travel_dirtmouth_to_frogotten_crossroads'}
2025-11-27 08:01:10,674 : INFO : EventManager : Event: ======'player_travel_shots_remaining_travel_dirtmouth_to_frogotten_crossroads'====== Args={'value': 3, 'prev_value': 2, 'change': 1, 'player_num': 1, 'source': 'travel_dirtmouth_to_frogotten_crossroads'}
2025-11-27 08:01:10,678 : INFO : ball_device.bd_plunger : Got eject confirm
2025-11-27 08:01:10,678 : INFO : ball_device.bd_plunger : Eject successful
2025-11-27 08:01:10,678 : INFO : EventManager : Event: ======'balldevice_bd_plunger_ball_eject_success'====== Args={'balls': 1, 'target': <playfield.playfield>}
2025-11-27 08:01:10,678 : INFO : EventManager : Event: ======'balldevice_playfield_ball_enter'====== Args={'new_balls': 1, 'unclaimed_balls': 1, 'device': <playfield.playfield>}
2025-11-27 08:01:10,678 : INFO : EventManager : Event: ======'playfield_ball_count_change'====== Args={'balls': 1, 'change': 1}
2025-11-27 08:01:10,679 : INFO : EventManager : Event: ======'balldevice_bd_plunger_ball_count_changed'====== Args={'balls': 0}
2025-11-27 08:01:10,679 : INFO : ball_device.bd_plunger : State: idle
2025-11-27 08:01:10,747 : INFO : EventManager : Event: ======'slide_travel_dirtmouth_to_frogotten_crossroads_created'====== Args={'_from_bcp': True}
2025-11-27 08:01:10,748 : INFO : EventManager : Event: ======'slide_dirtmouth_inactive'====== Args={'is_removing': False, '_from_bcp': True}
2025-11-27 08:01:10,748 : INFO : EventManager : Event: ======'slide_travel_dirtmouth_to_frogotten_crossroads_active'====== Args={'original_context': 'travel_dirtmouth_to_frogotten_crossroads', 'original_calling_context': 'mode_travel_dirtmouth_to_frogotten_crossroads_started', 'priority': 300.0, 'cmd': 'slides_play', '_from_bcp': True}
2025-11-27 08:01:10,751 : INFO : SwitchController : <<<<<<< 's_vuk' inactive >>>>>>>
2025-11-27 08:01:11,673 : INFO : EventManager : Event: ======'player_travel_dirtmouth_to_frogotten_crossroads_travel_end_timer_tick'====== Args={'value': 1, 'prev_value': 0, 'change': 1, 'player_num': 1}
2025-11-27 08:01:11,674 : INFO : EventManager : Event: ======'timer_travel_end_timer_tick'====== Args={'ticks': 1, 'ticks_remaining': 39}
2025-11-27 08:01:11,676 : INFO : EventManager : Event: ======'player_time_remaining_travel_dirtmouth_to_frogotten_crossroads'====== Args={'value': 39.0, 'prev_value': 40.0, 'change': -1.0, 'player_num': 1, 'source': 'travel_dirtmouth_to_frogotten_crossroads'}
2025-11-27 08:01:12,673 : INFO : EventManager : Event: ======'player_travel_dirtmouth_to_frogotten_crossroads_travel_end_timer_tick'====== Args={'value': 2, 'prev_value': 1, 'change': 1, 'player_num': 1}
2025-11-27 08:01:12,675 : INFO : EventManager : Event: ======'timer_travel_end_timer_tick'====== Args={'ticks': 2, 'ticks_remaining': 38}
2025-11-27 08:01:12,679 : INFO : EventManager : Event: ======'player_time_remaining_travel_dirtmouth_to_frogotten_crossroads'====== Args={'value': 38.0, 'prev_value': 39.0, 'change': -1.0, 'player_num': 1, 'source': 'travel_dirtmouth_to_frogotten_crossroads'}
2025-11-27 08:01:13,673 : INFO : EventManager : Event: ======'player_travel_dirtmouth_to_frogotten_crossroads_travel_end_timer_tick'====== Args={'value': 3, 'prev_value': 2, 'change': 1, 'player_num': 1}
2025-11-27 08:01:13,674 : INFO : EventManager : Event: ======'timer_travel_end_timer_tick'====== Args={'ticks': 3, 'ticks_remaining': 37}
2025-11-27 08:01:13,678 : INFO : EventManager : Event: ======'player_time_remaining_travel_dirtmouth_to_frogotten_crossroads'====== Args={'value': 37.0, 'prev_value': 38.0, 'change': -1.0, 'player_num': 1, 'source': 'travel_dirtmouth_to_frogotten_crossroads'}
2025-11-27 08:01:14,151 : INFO : SwitchController : <<<<<<< 's_left_orbit' active >>>>>>>
2025-11-27 08:01:14,151 : INFO : EventManager : Event: ======'s_left_orbit_active'====== Args={}
2025-11-27 08:01:14,152 : INFO : EventManager : Event: ======'machine_var_audits_switches_s_left_orbit'====== Args={'value': 111, 'prev_value': 110, 'change': 1}
2025-11-27 08:01:14,152 : INFO : EventManager : Event: ======'player_shot_left_orbit_travel_dirtmouth_to_frogotten_crossroads'====== Args={'value': 1, 'prev_value': 0, 'change': 1, 'player_num': 1}
2025-11-27 08:01:14,165 : INFO : EventManager : Event: ======'machine_var_audits_shots_left_orbit_travel_dirtmouth_to_frogotten_crossroads'====== Args={'value': 23, 'prev_value': 22, 'change': 1}
2025-11-27 08:01:14,165 : INFO : EventManager : Event: ======'left_orbit_travel_dirtmouth_to_frogotten_crossroads_hit'====== Args={'profile': 'default', 'state': 'unlit', 'advancing': True}
2025-11-27 08:01:14,165 : INFO : EventManager : Event: ======'left_orbit_travel_dirtmouth_to_frogotten_crossroads_default_hit'====== Args={'profile': 'default', 'state': 'unlit', 'advancing': True}
2025-11-27 08:01:14,166 : INFO : EventManager : Event: ======'left_orbit_travel_dirtmouth_to_frogotten_crossroads_default_unlit_hit'====== Args={'profile': 'default', 'state': 'unlit', 'advancing': True}
2025-11-27 08:01:14,166 : INFO : EventManager : Event: ======'left_orbit_travel_dirtmouth_to_frogotten_crossroads_unlit_hit'====== Args={'profile': 'default', 'state': 'unlit', 'advancing': True}
2025-11-27 08:01:14,166 : INFO : EventManager : Event: ======'player_shot_left_orbit'====== Args={'value': 1, 'prev_value': 0, 'change': 1, 'player_num': 1}
2025-11-27 08:01:14,166 : INFO : EventManager : Event: ======'machine_var_audits_shots_left_orbit'====== Args={'value': 109, 'prev_value': 108, 'change': 1}
2025-11-27 08:01:14,167 : INFO : EventManager : Event: ======'left_orbit_hit'====== Args={'profile': 'default', 'state': 'unlit', 'advancing': True}
2025-11-27 08:01:14,167 : INFO : EventManager : Event: ======'left_orbit_default_hit'====== Args={'profile': 'default', 'state': 'unlit', 'advancing': True}
2025-11-27 08:01:14,167 : INFO : EventManager : Event: ======'left_orbit_default_unlit_hit'====== Args={'profile': 'default', 'state': 'unlit', 'advancing': True}
2025-11-27 08:01:14,167 : INFO : EventManager : Event: ======'left_orbit_unlit_hit'====== Args={'profile': 'default', 'state': 'unlit', 'advancing': True}
2025-11-27 08:01:14,167 : INFO : EventManager : Event: ======'travel_hit'====== Args={'shot': 'left_orbit_travel_dirtmouth_to_frogotten_crossroads'}
2025-11-27 08:01:14,167 : INFO : EventManager : Event: ======'travel_unlit_hit'====== Args={'shot': 'left_orbit_travel_dirtmouth_to_frogotten_crossroads'}
2025-11-27 08:01:14,167 : INFO : EventManager : Event: ======'player_travel_progress'====== Args={'value': 1, 'prev_value': 0, 'change': 1, 'player_num': 1, 'source': 'travel_dirtmouth_to_frogotten_crossroads'}
2025-11-27 08:01:14,168 : INFO : EventManager : Event: ======'player_score'====== Args={'value': 55000, 'prev_value': 15000, 'change': 40000, 'player_num': 1, 'source': 'travel_dirtmouth_to_frogotten_crossroads'}
2025-11-27 08:01:14,171 : INFO : EventManager : Event: ======'player_score'====== Args={'value': 60000, 'prev_value': 55000, 'change': 5000, 'player_num': 1, 'source': 'left_orbit'}
2025-11-27 08:01:14,314 : INFO : SwitchController : <<<<<<< 's_left_orbit' inactive >>>>>>>
2025-11-27 08:01:14,673 : INFO : EventManager : Event: ======'player_travel_dirtmouth_to_frogotten_crossroads_travel_end_timer_tick'====== Args={'value': 4, 'prev_value': 3, 'change': 1, 'player_num': 1}
2025-11-27 08:01:14,675 : INFO : EventManager : Event: ======'timer_travel_end_timer_tick'====== Args={'ticks': 4, 'ticks_remaining': 36}
2025-11-27 08:01:14,680 : INFO : EventManager : Event: ======'player_time_remaining_travel_dirtmouth_to_frogotten_crossroads'====== Args={'value': 36.0, 'prev_value': 37.0, 'change': -1.0, 'player_num': 1, 'source': 'travel_dirtmouth_to_frogotten_crossroads'}
2025-11-27 08:01:14,681 : INFO : EventManager : Event: ======'player_travel_shots_remaining_travel_dirtmouth_to_frogotten_crossroads'====== Args={'value': 2, 'prev_value': 3, 'change': -1, 'player_num': 1, 'source': 'travel_dirtmouth_to_frogotten_crossroads'}
2025-11-27 08:01:15,673 : INFO : EventManager : Event: ======'player_travel_dirtmouth_to_frogotten_crossroads_travel_end_timer_tick'====== Args={'value': 5, 'prev_value': 4, 'change': 1, 'player_num': 1}
2025-11-27 08:01:15,674 : INFO : EventManager : Event: ======'timer_travel_end_timer_tick'====== Args={'ticks': 5, 'ticks_remaining': 35}
2025-11-27 08:01:15,679 : INFO : EventManager : Event: ======'player_time_remaining_travel_dirtmouth_to_frogotten_crossroads'====== Args={'value': 35.0, 'prev_value': 36.0, 'change': -1.0, 'player_num': 1, 'source': 'travel_dirtmouth_to_frogotten_crossroads'}
2025-11-27 08:01:16,673 : INFO : EventManager : Event: ======'player_travel_dirtmouth_to_frogotten_crossroads_travel_end_timer_tick'====== Args={'value': 6, 'prev_value': 5, 'change': 1, 'player_num': 1}
2025-11-27 08:01:16,675 : INFO : EventManager : Event: ======'timer_travel_end_timer_tick'====== Args={'ticks': 6, 'ticks_remaining': 34}
2025-11-27 08:01:16,680 : INFO : EventManager : Event: ======'player_time_remaining_travel_dirtmouth_to_frogotten_crossroads'====== Args={'value': 34.0, 'prev_value': 35.0, 'change': -1.0, 'player_num': 1, 'source': 'travel_dirtmouth_to_frogotten_crossroads'}
2025-11-27 08:01:17,673 : INFO : EventManager : Event: ======'player_travel_dirtmouth_to_frogotten_crossroads_travel_end_timer_tick'====== Args={'value': 7, 'prev_value': 6, 'change': 1, 'player_num': 1}
2025-11-27 08:01:17,675 : INFO : EventManager : Event: ======'timer_travel_end_timer_tick'====== Args={'ticks': 7, 'ticks_remaining': 33}
2025-11-27 08:01:17,678 : INFO : EventManager : Event: ======'player_time_remaining_travel_dirtmouth_to_frogotten_crossroads'====== Args={'value': 33.0, 'prev_value': 34.0, 'change': -1.0, 'player_num': 1, 'source': 'travel_dirtmouth_to_frogotten_crossroads'}
2025-11-27 08:01:18,172 : INFO : EventManager : Event: ======'player_travel_dirtmouth_to_frogotten_crossroads_travel_display_timer_tick'====== Args={'value': 1, 'prev_value': 0, 'change': 1, 'player_num': 1}
2025-11-27 08:01:18,173 : INFO : Timer.travel_display_timer : Timer Complete
2025-11-27 08:01:18,173 : INFO : Timer.travel_display_timer : Stopping Timer
2025-11-27 08:01:18,174 : INFO : EventManager : Event: ======'timer_travel_display_timer_stopped'====== Args={'ticks': 1, 'ticks_remaining': 1}
2025-11-27 08:01:18,174 : INFO : EventManager : Event: ======'timer_travel_display_timer_complete'====== Args={'ticks': 1, 'ticks_remaining': 1}
2025-11-27 08:01:18,674 : INFO : EventManager : Event: ======'player_travel_dirtmouth_to_frogotten_crossroads_travel_end_timer_tick'====== Args={'value': 8, 'prev_value': 7, 'change': 1, 'player_num': 1}
2025-11-27 08:01:18,675 : INFO : EventManager : Event: ======'timer_travel_end_timer_tick'====== Args={'ticks': 8, 'ticks_remaining': 32}
2025-11-27 08:01:18,681 : INFO : EventManager : Event: ======'player_time_remaining_travel_dirtmouth_to_frogotten_crossroads'====== Args={'value': 32.0, 'prev_value': 33.0, 'change': -1.0, 'player_num': 1, 'source': 'travel_dirtmouth_to_frogotten_crossroads'}
2025-11-27 08:01:18,850 : INFO : SwitchController : <<<<<<< 's_ramp' active >>>>>>>
2025-11-27 08:01:18,851 : INFO : EventManager : Event: ======'s_ramp_active'====== Args={}
2025-11-27 08:01:18,851 : INFO : EventManager : Event: ======'machine_var_audits_switches_s_ramp'====== Args={'value': 74, 'prev_value': 73, 'change': 1}
2025-11-27 08:01:18,852 : INFO : EventManager : Event: ======'player_shot_ramp_travel_dirtmouth_to_frogotten_crossroads'====== Args={'value': 1, 'prev_value': 0, 'change': 1, 'player_num': 1}
2025-11-27 08:01:18,872 : INFO : EventManager : Event: ======'machine_var_audits_shots_ramp_travel_dirtmouth_to_frogotten_crossroads'====== Args={'value': 4, 'prev_value': 3, 'change': 1}
2025-11-27 08:01:18,873 : INFO : EventManager : Event: ======'ramp_travel_dirtmouth_to_frogotten_crossroads_hit'====== Args={'profile': 'default', 'state': 'unlit', 'advancing': True}
2025-11-27 08:01:18,873 : INFO : EventManager : Event: ======'ramp_travel_dirtmouth_to_frogotten_crossroads_default_hit'====== Args={'profile': 'default', 'state': 'unlit', 'advancing': True}
2025-11-27 08:01:18,880 : INFO : EventManager : Event: ======'ramp_travel_dirtmouth_to_frogotten_crossroads_default_unlit_hit'====== Args={'profile': 'default', 'state': 'unlit', 'advancing': True}
2025-11-27 08:01:18,881 : INFO : EventManager : Event: ======'ramp_travel_dirtmouth_to_frogotten_crossroads_unlit_hit'====== Args={'profile': 'default', 'state': 'unlit', 'advancing': True}
2025-11-27 08:01:18,882 : INFO : EventManager : Event: ======'player_shot_ramp'====== Args={'value': 1, 'prev_value': 0, 'change': 1, 'player_num': 1}
2025-11-27 08:01:18,882 : INFO : EventManager : Event: ======'machine_var_audits_shots_ramp'====== Args={'value': 72, 'prev_value': 71, 'change': 1}
2025-11-27 08:01:18,882 : INFO : EventManager : Event: ======'ramp_hit'====== Args={'profile': 'default', 'state': 'unlit', 'advancing': True}
2025-11-27 08:01:18,882 : INFO : EventManager : Event: ======'ramp_default_hit'====== Args={'profile': 'default', 'state': 'unlit', 'advancing': True}
2025-11-27 08:01:18,882 : INFO : EventManager : Event: ======'ramp_default_unlit_hit'====== Args={'profile': 'default', 'state': 'unlit', 'advancing': True}
2025-11-27 08:01:18,882 : INFO : EventManager : Event: ======'ramp_unlit_hit'====== Args={'profile': 'default', 'state': 'unlit', 'advancing': True}
2025-11-27 08:01:18,883 : INFO : EventManager : Event: ======'travel_hit'====== Args={'shot': 'ramp_travel_dirtmouth_to_frogotten_crossroads'}
2025-11-27 08:01:18,883 : INFO : EventManager : Event: ======'travel_unlit_hit'====== Args={'shot': 'ramp_travel_dirtmouth_to_frogotten_crossroads'}
2025-11-27 08:01:18,883 : INFO : EventManager : Event: ======'player_travel_progress'====== Args={'value': 2, 'prev_value': 1, 'change': 1, 'player_num': 1, 'source': 'travel_dirtmouth_to_frogotten_crossroads'}
2025-11-27 08:01:18,883 : INFO : EventManager : Event: ======'player_score'====== Args={'value': 100000, 'prev_value': 60000, 'change': 40000, 'player_num': 1, 'source': 'travel_dirtmouth_to_frogotten_crossroads'}
2025-11-27 08:01:18,889 : INFO : EventManager : Event: ======'player_score'====== Args={'value': 105000, 'prev_value': 100000, 'change': 5000, 'player_num': 1, 'source': 'ramp'}
2025-11-27 08:01:19,032 : INFO : SwitchController : <<<<<<< 's_ramp' inactive >>>>>>>
2025-11-27 08:01:19,673 : INFO : EventManager : Event: ======'player_travel_dirtmouth_to_frogotten_crossroads_travel_end_timer_tick'====== Args={'value': 9, 'prev_value': 8, 'change': 1, 'player_num': 1}
2025-11-27 08:01:19,674 : INFO : EventManager : Event: ======'timer_travel_end_timer_tick'====== Args={'ticks': 9, 'ticks_remaining': 31}
2025-11-27 08:01:19,680 : INFO : EventManager : Event: ======'player_time_remaining_travel_dirtmouth_to_frogotten_crossroads'====== Args={'value': 31.0, 'prev_value': 32.0, 'change': -1.0, 'player_num': 1, 'source': 'travel_dirtmouth_to_frogotten_crossroads'}
2025-11-27 08:01:19,680 : INFO : EventManager : Event: ======'player_travel_shots_remaining_travel_dirtmouth_to_frogotten_crossroads'====== Args={'value': 1, 'prev_value': 2, 'change': -1, 'player_num': 1, 'source': 'travel_dirtmouth_to_frogotten_crossroads'}
2025-11-27 08:01:20,674 : INFO : EventManager : Event: ======'player_travel_dirtmouth_to_frogotten_crossroads_travel_end_timer_tick'====== Args={'value': 10, 'prev_value': 9, 'change': 1, 'player_num': 1}
2025-11-27 08:01:20,675 : INFO : EventManager : Event: ======'timer_travel_end_timer_tick'====== Args={'ticks': 10, 'ticks_remaining': 30}
2025-11-27 08:01:20,681 : INFO : EventManager : Event: ======'player_time_remaining_travel_dirtmouth_to_frogotten_crossroads'====== Args={'value': 30.0, 'prev_value': 31.0, 'change': -1.0, 'player_num': 1, 'source': 'travel_dirtmouth_to_frogotten_crossroads'}
2025-11-27 08:01:21,674 : INFO : EventManager : Event: ======'player_travel_dirtmouth_to_frogotten_crossroads_travel_end_timer_tick'====== Args={'value': 11, 'prev_value': 10, 'change': 1, 'player_num': 1}
2025-11-27 08:01:21,675 : INFO : EventManager : Event: ======'timer_travel_end_timer_tick'====== Args={'ticks': 11, 'ticks_remaining': 29}
2025-11-27 08:01:21,679 : INFO : EventManager : Event: ======'player_time_remaining_travel_dirtmouth_to_frogotten_crossroads'====== Args={'value': 29.0, 'prev_value': 30.0, 'change': -1.0, 'player_num': 1, 'source': 'travel_dirtmouth_to_frogotten_crossroads'}
2025-11-27 08:01:22,673 : INFO : EventManager : Event: ======'player_travel_dirtmouth_to_frogotten_crossroads_travel_end_timer_tick'====== Args={'value': 12, 'prev_value': 11, 'change': 1, 'player_num': 1}
2025-11-27 08:01:22,675 : INFO : EventManager : Event: ======'timer_travel_end_timer_tick'====== Args={'ticks': 12, 'ticks_remaining': 28}
2025-11-27 08:01:22,681 : INFO : EventManager : Event: ======'player_time_remaining_travel_dirtmouth_to_frogotten_crossroads'====== Args={'value': 28.0, 'prev_value': 29.0, 'change': -1.0, 'player_num': 1, 'source': 'travel_dirtmouth_to_frogotten_crossroads'}
2025-11-27 08:01:23,674 : INFO : EventManager : Event: ======'player_travel_dirtmouth_to_frogotten_crossroads_travel_end_timer_tick'====== Args={'value': 13, 'prev_value': 12, 'change': 1, 'player_num': 1}
2025-11-27 08:01:23,675 : INFO : EventManager : Event: ======'timer_travel_end_timer_tick'====== Args={'ticks': 13, 'ticks_remaining': 27}
2025-11-27 08:01:23,685 : INFO : EventManager : Event: ======'player_time_remaining_travel_dirtmouth_to_frogotten_crossroads'====== Args={'value': 27.0, 'prev_value': 28.0, 'change': -1.0, 'player_num': 1, 'source': 'travel_dirtmouth_to_frogotten_crossroads'}
2025-11-27 08:01:24,674 : INFO : EventManager : Event: ======'player_travel_dirtmouth_to_frogotten_crossroads_travel_end_timer_tick'====== Args={'value': 14, 'prev_value': 13, 'change': 1, 'player_num': 1}
2025-11-27 08:01:24,675 : INFO : EventManager : Event: ======'timer_travel_end_timer_tick'====== Args={'ticks': 14, 'ticks_remaining': 26}
2025-11-27 08:01:24,681 : INFO : EventManager : Event: ======'player_time_remaining_travel_dirtmouth_to_frogotten_crossroads'====== Args={'value': 26.0, 'prev_value': 27.0, 'change': -1.0, 'player_num': 1, 'source': 'travel_dirtmouth_to_frogotten_crossroads'}
2025-11-27 08:01:25,674 : INFO : EventManager : Event: ======'player_travel_dirtmouth_to_frogotten_crossroads_travel_end_timer_tick'====== Args={'value': 15, 'prev_value': 14, 'change': 1, 'player_num': 1}
2025-11-27 08:01:25,675 : INFO : EventManager : Event: ======'timer_travel_end_timer_tick'====== Args={'ticks': 15, 'ticks_remaining': 25}
2025-11-27 08:01:25,681 : INFO : EventManager : Event: ======'player_time_remaining_travel_dirtmouth_to_frogotten_crossroads'====== Args={'value': 25.0, 'prev_value': 26.0, 'change': -1.0, 'player_num': 1, 'source': 'travel_dirtmouth_to_frogotten_crossroads'}
2025-11-27 08:01:26,674 : INFO : EventManager : Event: ======'player_travel_dirtmouth_to_frogotten_crossroads_travel_end_timer_tick'====== Args={'value': 16, 'prev_value': 15, 'change': 1, 'player_num': 1}
2025-11-27 08:01:26,675 : INFO : EventManager : Event: ======'timer_travel_end_timer_tick'====== Args={'ticks': 16, 'ticks_remaining': 24}
2025-11-27 08:01:26,682 : INFO : EventManager : Event: ======'player_time_remaining_travel_dirtmouth_to_frogotten_crossroads'====== Args={'value': 24.0, 'prev_value': 25.0, 'change': -1.0, 'player_num': 1, 'source': 'travel_dirtmouth_to_frogotten_crossroads'}
2025-11-27 08:01:27,674 : INFO : EventManager : Event: ======'player_travel_dirtmouth_to_frogotten_crossroads_travel_end_timer_tick'====== Args={'value': 17, 'prev_value': 16, 'change': 1, 'player_num': 1}
2025-11-27 08:01:27,675 : INFO : EventManager : Event: ======'timer_travel_end_timer_tick'====== Args={'ticks': 17, 'ticks_remaining': 23}
2025-11-27 08:01:27,682 : INFO : EventManager : Event: ======'player_time_remaining_travel_dirtmouth_to_frogotten_crossroads'====== Args={'value': 23.0, 'prev_value': 24.0, 'change': -1.0, 'player_num': 1, 'source': 'travel_dirtmouth_to_frogotten_crossroads'}
2025-11-27 08:01:28,674 : INFO : EventManager : Event: ======'player_travel_dirtmouth_to_frogotten_crossroads_travel_end_timer_tick'====== Args={'value': 18, 'prev_value': 17, 'change': 1, 'player_num': 1}
2025-11-27 08:01:28,675 : INFO : EventManager : Event: ======'timer_travel_end_timer_tick'====== Args={'ticks': 18, 'ticks_remaining': 22}
2025-11-27 08:01:28,678 : INFO : EventManager : Event: ======'player_time_remaining_travel_dirtmouth_to_frogotten_crossroads'====== Args={'value': 22.0, 'prev_value': 23.0, 'change': -1.0, 'player_num': 1, 'source': 'travel_dirtmouth_to_frogotten_crossroads'}
2025-11-27 08:01:29,028 : INFO : Machine : Shutting down...
2025-11-27 08:01:29,028 : INFO : EventManager : Event: ======'shutdown'====== Args={}
2025-11-27 08:01:29,034 : INFO : EventManager : Event: ======'mode_game_will_stop'====== Args={}
2025-11-27 08:01:29,034 : INFO : EventManager : Event: ======'mode_game_stopping'====== Args={}
2025-11-27 08:01:29,035 : INFO : EventManager : Event: ======'mode_targets_will_stop'====== Args={}
2025-11-27 08:01:29,035 : INFO : EventManager : Event: ======'mode_targets_stopping'====== Args={}
2025-11-27 08:01:29,035 : INFO : EventManager : Event: ======'mode_travel_dirtmouth_to_frogotten_crossroads_will_stop'====== Args={}
2025-11-27 08:01:29,035 : INFO : EventManager : Event: ======'mode_travel_dirtmouth_to_frogotten_crossroads_stopping'====== Args={}
2025-11-27 08:01:29,035 : INFO : EventManager : Event: ======'mode_slingshots_will_stop'====== Args={}
2025-11-27 08:01:29,035 : INFO : EventManager : Event: ======'mode_slingshots_stopping'====== Args={}
2025-11-27 08:01:29,035 : INFO : EventManager : Event: ======'mode_saucer_will_stop'====== Args={}
2025-11-27 08:01:29,035 : INFO : EventManager : Event: ======'mode_saucer_stopping'====== Args={}
2025-11-27 08:01:29,035 : INFO : EventManager : Event: ======'mode_pop_bumper_will_stop'====== Args={}
2025-11-27 08:01:29,035 : INFO : EventManager : Event: ======'mode_pop_bumper_stopping'====== Args={}
2025-11-27 08:01:29,035 : INFO : EventManager : Event: ======'mode_vuk_will_stop'====== Args={}
2025-11-27 08:01:29,035 : INFO : EventManager : Event: ======'mode_vuk_stopping'====== Args={}
2025-11-27 08:01:29,035 : INFO : EventManager : Event: ======'mode_ramp_will_stop'====== Args={}
2025-11-27 08:01:29,036 : INFO : EventManager : Event: ======'mode_ramp_stopping'====== Args={}
2025-11-27 08:01:29,036 : INFO : EventManager : Event: ======'mode_dirtmouth_will_stop'====== Args={}
2025-11-27 08:01:29,036 : INFO : EventManager : Event: ======'mode_dirtmouth_stopping'====== Args={}
2025-11-27 08:01:29,036 : INFO : EventManager : Event: ======'mode_base_will_stop'====== Args={}
2025-11-27 08:01:29,036 : INFO : EventManager : Event: ======'mode_base_stopping'====== Args={}
2025-11-27 08:01:29,036 : INFO : EventManager : Event: ======'mode_lanes_will_stop'====== Args={}
2025-11-27 08:01:29,036 : INFO : EventManager : Event: ======'mode_lanes_stopping'====== Args={}
2025-11-27 08:01:29,036 : INFO : EventManager : Event: ======'mode_lane_to_pop_will_stop'====== Args={}
2025-11-27 08:01:29,036 : INFO : EventManager : Event: ======'mode_lane_to_pop_stopping'====== Args={}
2025-11-27 08:01:29,036 : INFO : EventManager : Event: ======'mode_right_orbit_will_stop'====== Args={}
2025-11-27 08:01:29,036 : INFO : EventManager : Event: ======'mode_right_orbit_stopping'====== Args={}
2025-11-27 08:01:29,036 : INFO : EventManager : Event: ======'mode_left_orbit_will_stop'====== Args={}
2025-11-27 08:01:29,036 : INFO : EventManager : Event: ======'mode_left_orbit_stopping'====== Args={}
2025-11-27 08:01:29,037 : INFO : EventManager : Event: ======'stop_mode_right_orbit'====== Args={'priority': 0}
2025-11-27 08:01:29,037 : INFO : EventManager : Event: ======'stop_mode_slingshots'====== Args={'priority': 0}
2025-11-27 08:01:29,037 : INFO : EventManager : Event: ======'stop_mode_lanes'====== Args={'priority': 0}
2025-11-27 08:01:29,037 : INFO : EventManager : Event: ======'stop_mode_vuk'====== Args={'priority': 0}
2025-11-27 08:01:29,037 : INFO : EventManager : Event: ======'stop_mode_ramp'====== Args={'priority': 0}
2025-11-27 08:01:29,037 : INFO : EventManager : Event: ======'stop_mode_left_orbit'====== Args={'priority': 0}
2025-11-27 08:01:29,037 : INFO : EventManager : Event: ======'stop_mode_lane_to_pop'====== Args={'priority': 0}
2025-11-27 08:01:29,037 : INFO : EventManager : Event: ======'stop_mode_saucer'====== Args={'priority': 0}
2025-11-27 08:01:29,037 : INFO : EventManager : Event: ======'stop_mode_targets'====== Args={'priority': 0}
2025-11-27 08:01:29,037 : INFO : EventManager : Event: ======'stop_mode_pop_bumper'====== Args={'priority': 0}
2025-11-27 08:01:29,037 : INFO : EventManager : Event: ======'stop_mode_dirtmouth'====== Args={'priority': 0}
2025-11-27 08:01:29,037 : INFO : EventManager : Event: ======'stop_mode_false_knight_controller'====== Args={'priority': 0}
2025-11-27 08:01:29,037 : INFO : EventManager : Event: ======'stop_mode_frogotten_crossroads'====== Args={'priority': 0}
2025-11-27 08:01:29,037 : INFO : EventManager : Event: ======'stop_mode_travel_dirtmouth_to_frogotten_crossroads'====== Args={'priority': 0}
2025-11-27 08:01:29,038 : INFO : Mode.left_orbit : Stopped.
2025-11-27 08:01:29,038 : INFO : EventManager : Event: ======'modes_active_modes_changed'====== Args={}
2025-11-27 08:01:29,038 : INFO : EventManager : Event: ======'mode_left_orbit_stopped'====== Args={}
2025-11-27 08:01:29,038 : INFO : EventManager : Event: ======'clear'====== Args={'key': 'left_orbit'}
2025-11-27 08:01:29,038 : INFO : Mode.right_orbit : Stopped.
2025-11-27 08:01:29,038 : INFO : EventManager : Event: ======'modes_active_modes_changed'====== Args={}
2025-11-27 08:01:29,038 : INFO : EventManager : Event: ======'mode_right_orbit_stopped'====== Args={}
2025-11-27 08:01:29,038 : INFO : EventManager : Event: ======'clear'====== Args={'key': 'right_orbit'}
2025-11-27 08:01:29,038 : INFO : Mode.lane_to_pop : Stopped.
2025-11-27 08:01:29,038 : INFO : EventManager : Event: ======'modes_active_modes_changed'====== Args={}
2025-11-27 08:01:29,038 : INFO : EventManager : Event: ======'mode_lane_to_pop_stopped'====== Args={}
2025-11-27 08:01:29,038 : INFO : EventManager : Event: ======'clear'====== Args={'key': 'lane_to_pop'}
2025-11-27 08:01:29,038 : INFO : Mode.lanes : Stopped.
2025-11-27 08:01:29,039 : INFO : EventManager : Event: ======'modes_active_modes_changed'====== Args={}
2025-11-27 08:01:29,039 : INFO : EventManager : Event: ======'mode_lanes_stopped'====== Args={}
2025-11-27 08:01:29,039 : INFO : EventManager : Event: ======'clear'====== Args={'key': 'lanes'}
2025-11-27 08:01:29,039 : INFO : Mode.base : Stopped.
2025-11-27 08:01:29,040 : INFO : EventManager : Event: ======'modes_active_modes_changed'====== Args={}
2025-11-27 08:01:29,040 : INFO : EventManager : Event: ======'mode_base_stopped'====== Args={}
2025-11-27 08:01:29,040 : INFO : EventManager : Event: ======'clear'====== Args={'key': 'base'}
2025-11-27 08:01:29,040 : INFO : Mode.dirtmouth : Stopped.
2025-11-27 08:01:29,040 : INFO : EventManager : Event: ======'modes_active_modes_changed'====== Args={}
2025-11-27 08:01:29,040 : INFO : EventManager : Event: ======'mode_dirtmouth_stopped'====== Args={}
2025-11-27 08:01:29,040 : INFO : EventManager : Event: ======'clear'====== Args={'key': 'dirtmouth'}
2025-11-27 08:01:29,040 : INFO : Mode.ramp : Stopped.
2025-11-27 08:01:29,040 : INFO : EventManager : Event: ======'modes_active_modes_changed'====== Args={}
2025-11-27 08:01:29,041 : INFO : EventManager : Event: ======'mode_ramp_stopped'====== Args={}
2025-11-27 08:01:29,041 : INFO : EventManager : Event: ======'clear'====== Args={'key': 'ramp'}
2025-11-27 08:01:29,041 : INFO : Mode.vuk : Stopped.
2025-11-27 08:01:29,041 : INFO : EventManager : Event: ======'modes_active_modes_changed'====== Args={}
2025-11-27 08:01:29,041 : INFO : EventManager : Event: ======'mode_vuk_stopped'====== Args={}
2025-11-27 08:01:29,041 : INFO : EventManager : Event: ======'clear'====== Args={'key': 'vuk'}
2025-11-27 08:01:29,041 : INFO : Mode.pop_bumper : Stopped.
2025-11-27 08:01:29,041 : INFO : EventManager : Event: ======'modes_active_modes_changed'====== Args={}
2025-11-27 08:01:29,041 : INFO : EventManager : Event: ======'mode_pop_bumper_stopped'====== Args={}
2025-11-27 08:01:29,041 : INFO : EventManager : Event: ======'clear'====== Args={'key': 'pop_bumper'}
2025-11-27 08:01:29,041 : INFO : Mode.saucer : Stopped.
2025-11-27 08:01:29,041 : INFO : EventManager : Event: ======'modes_active_modes_changed'====== Args={}
2025-11-27 08:01:29,041 : INFO : EventManager : Event: ======'mode_saucer_stopped'====== Args={}
2025-11-27 08:01:29,041 : INFO : EventManager : Event: ======'clear'====== Args={'key': 'saucer'}
2025-11-27 08:01:29,041 : INFO : Mode.slingshots : Stopped.
2025-11-27 08:01:29,041 : INFO : EventManager : Event: ======'modes_active_modes_changed'====== Args={}
2025-11-27 08:01:29,042 : INFO : EventManager : Event: ======'mode_slingshots_stopped'====== Args={}
2025-11-27 08:01:29,042 : INFO : EventManager : Event: ======'clear'====== Args={'key': 'slingshots'}
2025-11-27 08:01:29,042 : INFO : Mode.travel_dirtmouth_to_frogotten_crossroads : Stopped.
2025-11-27 08:01:29,042 : INFO : EventManager : Event: ======'modes_active_modes_changed'====== Args={}
2025-11-27 08:01:29,042 : INFO : EventManager : Event: ======'mode_travel_dirtmouth_to_frogotten_crossroads_stopped'====== Args={}
2025-11-27 08:01:29,042 : INFO : EventManager : Event: ======'clear'====== Args={'key': 'travel_dirtmouth_to_frogotten_crossroads'}
2025-11-27 08:01:29,042 : INFO : Timer.travel_display_timer : Stopping Timer
2025-11-27 08:01:29,042 : INFO : EventManager : Event: ======'timer_travel_display_timer_stopped'====== Args={'ticks': 1, 'ticks_remaining': 1}
2025-11-27 08:01:29,042 : INFO : Timer.travel_end_timer : Stopping Timer
2025-11-27 08:01:29,042 : INFO : EventManager : Event: ======'timer_travel_end_timer_stopped'====== Args={'ticks': 18, 'ticks_remaining': 22}
2025-11-27 08:01:29,043 : INFO : Mode.targets : Stopped.
2025-11-27 08:01:29,043 : INFO : EventManager : Event: ======'modes_active_modes_changed'====== Args={}
2025-11-27 08:01:29,043 : INFO : EventManager : Event: ======'mode_targets_stopped'====== Args={}
2025-11-27 08:01:29,043 : INFO : EventManager : Event: ======'clear'====== Args={'key': 'targets'}
2025-11-27 08:01:29,044 : INFO : Mode.game : Stopped.
2025-11-27 08:01:29,044 : INFO : EventManager : Event: ======'modes_active_modes_changed'====== Args={}
2025-11-27 08:01:29,044 : INFO : EventManager : Event: ======'mode_game_stopped'====== Args={}
2025-11-27 08:01:29,044 : INFO : EventManager : Event: ======'clear'====== Args={'key': 'game'}
2025-11-27 08:01:29,046 : INFO : root : MPF run loop ended.
