2025-11-23 17:38:30,640 : INFO : root : Loading config.
2025-11-23 17:38:30,641 : INFO : YamlMultifileConfigLoader : Machine config file #1: config.yaml
2025-11-23 17:38:30,641 : INFO : ConfigProcessor : Loading config from cache: /var/folders/k0/j_dpx55x4kndbs36pl2nt9l00000gn/T/92f7f295141fbdde09e201e7fd0f1349.mpf_cache
2025-11-23 17:38:30,665 : INFO : ConfigProcessor : Loading config from cache: /var/folders/k0/j_dpx55x4kndbs36pl2nt9l00000gn/T/7b77bdcd1da4c54cc720d492bab55a0d.mpf_cache
2025-11-23 17:38:30,666 : INFO : ConfigProcessor : Loading config from cache: /var/folders/k0/j_dpx55x4kndbs36pl2nt9l00000gn/T/501e18c1625d42f1ba9bf53b020c49c5.mpf_cache
2025-11-23 17:38:30,666 : INFO : ConfigProcessor : Loading config from cache: /var/folders/k0/j_dpx55x4kndbs36pl2nt9l00000gn/T/7b77bdcd1da4c54cc720d492bab55a0d.mpf_cache
2025-11-23 17:38:30,666 : INFO : ConfigProcessor : Loading config from cache: /var/folders/k0/j_dpx55x4kndbs36pl2nt9l00000gn/T/dda6f4da00898f9f0a4796a41d9a2ef0.mpf_cache
2025-11-23 17:38:30,666 : INFO : Machine : Mission Pinball Framework Core Engine v0.80.0.dev11
2025-11-23 17:38:30,666 : INFO : Machine : Command line arguments: {'no_load_cache': False, 'create_config_cache': True, 'bcp': True, 'configfile': ['config.yaml'], 'force_assets_load': False, 'platform_integration_test': False, 'jsonlogging': False, 'logfile': 'logs/2025-11-23-17-38-30-mpf-Mac.lan.log', 'pause': False, 'production': False, 'text_ui': True, 'loglevel': 15, 'consoleloglevel': 20, 'force_platform': 'virtual', 'syslog_address': None, 'full_logfile_path': '/Users/samhughes/Desktop/Hollow-Knight-Pinball/logs/2025-11-23-17-38-30-mpf-Mac.lan.log'}
2025-11-23 17:38:30,666 : INFO : Machine : MPF path: /Users/samhughes/mpf/lib/python3.13/site-packages/mpf
2025-11-23 17:38:30,666 : INFO : Machine : Machine path: /Users/samhughes/Desktop/Hollow-Knight-Pinball
2025-11-23 17:38:30,666 : INFO : Machine : Platform: darwin
2025-11-23 17:38:30,666 : INFO : Machine : Python executable location: /Users/samhughes/mpf/bin/python3.13
2025-11-23 17:38:30,666 : INFO : Machine : Python version: 3.13.2 (64-bit)
2025-11-23 17:38:30,667 : INFO : Machine : Initializing MPF...
2025-11-23 17:38:30,697 : INFO : EventManager : Event: ======'machine_var_credits_string'====== Args={'value': 'FREE PLAY', 'prev_value': None, 'change': True}
2025-11-23 17:38:30,702 : INFO : EventManager : Event: ======'machine_var_master_volume'====== Args={'value': 0.5, 'prev_value': None, 'change': True}
2025-11-23 17:38:30,702 : INFO : EventManager : Event: ======'machine_var_mpf_version'====== Args={'value': 'Mission Pinball Framework v0.80.0.dev11', 'prev_value': None, 'change': True}
2025-11-23 17:38:30,702 : INFO : EventManager : Event: ======'machine_var_mpf_extended_version'====== Args={'value': 'Mission Pinball Framework v0.80.0.dev11, Config version:6, Show version: 6, BCP version:1.1', 'prev_value': None, 'change': True}
2025-11-23 17:38:30,702 : INFO : EventManager : Event: ======'machine_var_python_version'====== Args={'value': '3.13.2', 'prev_value': None, 'change': True}
2025-11-23 17:38:30,708 : INFO : EventManager : Event: ======'machine_var_platform'====== Args={'value': 'macOS-15.6.1-arm64-arm-64bit-Mach-O', 'prev_value': None, 'change': True}
2025-11-23 17:38:30,708 : INFO : EventManager : Event: ======'machine_var_platform_system'====== Args={'value': 'Darwin', 'prev_value': None, 'change': True}
2025-11-23 17:38:30,708 : INFO : EventManager : Event: ======'machine_var_platform_release'====== Args={'value': '24.6.0', 'prev_value': None, 'change': True}
2025-11-23 17:38:30,708 : INFO : EventManager : Event: ======'machine_var_platform_version'====== Args={'value': 'Darwin Kernel Version 24.6.0: Mon Jul 14 11:29:54 PDT 2025; root:xnu-11417.140.69~1/RELEASE_ARM64_T8122', 'prev_value': None, 'change': True}
2025-11-23 17:38:30,708 : INFO : EventManager : Event: ======'machine_var_platform_machine'====== Args={'value': 'arm64', 'prev_value': None, 'change': True}
2025-11-23 17:38:30,708 : INFO : EventManager : Event: ======'machine_var_log_file_path'====== Args={'value': '/Users/samhughes/Desktop/Hollow-Knight-Pinball/logs/2025-11-23-17-38-30-mpf-Mac.lan.log', 'prev_value': None, 'change': True}
2025-11-23 17:38:30,708 : INFO : EventManager : Event: ======'init_phase_1'====== Args={}
2025-11-23 17:38:30,713 : INFO : EventManager : Event: ======'init_phase_2'====== Args={}
2025-11-23 17:38:30,713 : INFO : EventManager : Event: ======'bcp_connection_attempt'====== Args={'name': 'local_display', 'host': 'localhost', 'port': 5050}
2025-11-23 17:38:30,714 : INFO : BCPClientSocket : Connecting BCP to 'local_display' at localhost:5050...
2025-11-23 17:38:30,717 : INFO : BCPClientSocket : Connected BCP to 'local_display' localhost:5050
2025-11-23 17:38:30,717 : INFO : EventManager : Event: ======'bcp_clients_connected'====== Args={}
2025-11-23 17:38:30,717 : INFO : ball_device.bd_trough : BCH: Initial count: 0
2025-11-23 17:38:30,717 : INFO : ball_device.bd_trough : State: idle
2025-11-23 17:38:30,718 : INFO : ball_device.bd_plunger : BCH: Initial count: 0
2025-11-23 17:38:30,718 : INFO : ball_device.bd_plunger : State: idle
2025-11-23 17:38:30,720 : INFO : EventManager : Event: ======'init_phase_3'====== Args={}
2025-11-23 17:38:30,720 : INFO : EventManager : Event: ======'init_phase_4'====== Args={}
2025-11-23 17:38:30,720 : INFO : BallController : Initial balls found: 0
2025-11-23 17:38:30,721 : INFO : EventManager : Event: ======'machine_var_audits_switches_s_trough_1'====== Args={'value': 0, 'prev_value': None, 'change': True}
2025-11-23 17:38:30,721 : INFO : EventManager : Event: ======'machine_var_audits_switches_s_trough_2'====== Args={'value': 0, 'prev_value': None, 'change': True}
2025-11-23 17:38:30,721 : INFO : EventManager : Event: ======'machine_var_audits_switches_s_left_flipper'====== Args={'value': 0, 'prev_value': None, 'change': True}
2025-11-23 17:38:30,721 : INFO : EventManager : Event: ======'machine_var_audits_switches_s_trough_3'====== Args={'value': 0, 'prev_value': None, 'change': True}
2025-11-23 17:38:30,721 : INFO : EventManager : Event: ======'machine_var_audits_switches_s_plunger_lane'====== Args={'value': 0, 'prev_value': None, 'change': True}
2025-11-23 17:38:30,721 : INFO : EventManager : Event: ======'machine_var_audits_switches_s_right_flipper'====== Args={'value': 0, 'prev_value': None, 'change': True}
2025-11-23 17:38:30,721 : INFO : EventManager : Event: ======'machine_var_audits_events_game_started'====== Args={'value': 0, 'prev_value': None, 'change': True}
2025-11-23 17:38:30,721 : INFO : EventManager : Event: ======'machine_var_audits_events_game_ended'====== Args={'value': 0, 'prev_value': None, 'change': True}
2025-11-23 17:38:30,721 : INFO : EventManager : Event: ======'machine_var_audits_player_score'====== Args={'value': {'top': [], 'average': 0, 'total': 0}, 'prev_value': None, 'change': True}
2025-11-23 17:38:30,721 : INFO : EventManager : Event: ======'init_phase_5'====== Args={}
2025-11-23 17:38:30,721 : INFO : EventManager : Event: ======'init_done'====== Args={}
2025-11-23 17:38:30,721 : INFO : EventManager : Event: ======'machine_reset_phase_1'====== Args={}
2025-11-23 17:38:30,736 : INFO : EventManager : Event: ======'machine_reset_phase_2'====== Args={}
2025-11-23 17:38:30,736 : INFO : EventManager : Event: ======'machine_reset_phase_3'====== Args={}
2025-11-23 17:38:30,737 : INFO : EventManager : Event: ======'reset_complete'====== Args={}
2025-11-23 17:38:30,737 : INFO : EventManager : Event: ======'mode_attract_will_start'====== Args={}
2025-11-23 17:38:30,737 : INFO : EventManager : Event: ======'mode_attract_starting'====== Args={}
2025-11-23 17:38:30,737 : INFO : Mode.attract : Started. Priority: 10
2025-11-23 17:38:30,737 : INFO : EventManager : Event: ======'modes_active_modes_changed'====== Args={}
2025-11-23 17:38:30,737 : INFO : EventManager : Event: ======'mode_attract_started'====== Args={}
2025-11-23 17:38:30,737 : INFO : EventManager : Event: ======'collecting_balls_complete'====== Args={}
2025-11-23 17:38:30,737 : INFO : EventManager : Event: ======'carousel_item_highlighted'====== Args={'carousel': 'attract', 'direction': None, 'item': 'title'}
2025-11-23 17:38:30,737 : INFO : Machine : Starting the main run loop with active modes: [<Mode.attract>]
2025-11-23 17:38:30,862 : INFO : EventManager : Event: ======'slide_attract_created'====== Args={'_from_bcp': True}
2025-11-23 17:38:30,862 : INFO : EventManager : Event: ======'slide__removed'====== Args={'_from_bcp': True}
2025-11-23 17:38:30,862 : INFO : EventManager : Event: ======'slide_attract_active'====== Args={'original_context': 'attract', 'original_calling_context': 'mode_attract_started', 'priority': 10.0, 'cmd': 'slides_play', '_from_bcp': True}
2025-11-23 17:38:35,136 : INFO : SwitchController : <<<<<<< 's_right_flipper' active >>>>>>>
2025-11-23 17:38:35,136 : INFO : EventManager : Event: ======'s_right_flipper_active'====== Args={}
2025-11-23 17:38:35,137 : INFO : EventManager : Event: ======'carousel_item_highlighted'====== Args={'carousel': 'attract', 'direction': 'forwards', 'item': 'credits'}
2025-11-23 17:38:35,269 : INFO : SwitchController : <<<<<<< 's_right_flipper' inactive >>>>>>>
2025-11-23 17:38:35,636 : INFO : SwitchController : <<<<<<< 's_right_flipper' active >>>>>>>
2025-11-23 17:38:35,636 : INFO : EventManager : Event: ======'s_right_flipper_active'====== Args={}
2025-11-23 17:38:35,637 : INFO : EventManager : Event: ======'carousel_item_highlighted'====== Args={'carousel': 'attract', 'direction': 'forwards', 'item': 'mpf_logo'}
2025-11-23 17:38:35,752 : INFO : SwitchController : <<<<<<< 's_right_flipper' inactive >>>>>>>
2025-11-23 17:38:36,003 : INFO : SwitchController : <<<<<<< 's_right_flipper' active >>>>>>>
2025-11-23 17:38:36,003 : INFO : EventManager : Event: ======'s_right_flipper_active'====== Args={}
2025-11-23 17:38:36,003 : INFO : EventManager : Event: ======'carousel_item_highlighted'====== Args={'carousel': 'attract', 'direction': 'forwards', 'item': 'title'}
2025-11-23 17:38:36,119 : INFO : SwitchController : <<<<<<< 's_right_flipper' inactive >>>>>>>
2025-11-23 17:38:36,553 : INFO : SwitchController : <<<<<<< 's_right_flipper' active >>>>>>>
2025-11-23 17:38:36,553 : INFO : EventManager : Event: ======'s_right_flipper_active'====== Args={}
2025-11-23 17:38:36,553 : INFO : EventManager : Event: ======'carousel_item_highlighted'====== Args={'carousel': 'attract', 'direction': 'forwards', 'item': 'credits'}
2025-11-23 17:38:36,669 : INFO : SwitchController : <<<<<<< 's_right_flipper' inactive >>>>>>>
2025-11-23 17:38:36,902 : INFO : SwitchController : <<<<<<< 's_right_flipper' active >>>>>>>
2025-11-23 17:38:36,903 : INFO : EventManager : Event: ======'s_right_flipper_active'====== Args={}
2025-11-23 17:38:36,903 : INFO : EventManager : Event: ======'carousel_item_highlighted'====== Args={'carousel': 'attract', 'direction': 'forwards', 'item': 'mpf_logo'}
2025-11-23 17:38:37,019 : INFO : SwitchController : <<<<<<< 's_right_flipper' inactive >>>>>>>
2025-11-23 17:38:37,236 : INFO : SwitchController : <<<<<<< 's_right_flipper' active >>>>>>>
2025-11-23 17:38:37,236 : INFO : EventManager : Event: ======'s_right_flipper_active'====== Args={}
2025-11-23 17:38:37,237 : INFO : EventManager : Event: ======'carousel_item_highlighted'====== Args={'carousel': 'attract', 'direction': 'forwards', 'item': 'title'}
2025-11-23 17:38:37,353 : INFO : SwitchController : <<<<<<< 's_right_flipper' inactive >>>>>>>
2025-11-23 17:38:37,519 : INFO : SwitchController : <<<<<<< 's_right_flipper' active >>>>>>>
2025-11-23 17:38:37,519 : INFO : EventManager : Event: ======'s_right_flipper_active'====== Args={}
2025-11-23 17:38:37,520 : INFO : EventManager : Event: ======'carousel_item_highlighted'====== Args={'carousel': 'attract', 'direction': 'forwards', 'item': 'credits'}
2025-11-23 17:38:37,603 : INFO : SwitchController : <<<<<<< 's_right_flipper' inactive >>>>>>>
2025-11-23 17:38:37,719 : INFO : SwitchController : <<<<<<< 's_right_flipper' active >>>>>>>
2025-11-23 17:38:37,719 : INFO : EventManager : Event: ======'s_right_flipper_active'====== Args={}
2025-11-23 17:38:37,720 : INFO : EventManager : Event: ======'carousel_item_highlighted'====== Args={'carousel': 'attract', 'direction': 'forwards', 'item': 'mpf_logo'}
2025-11-23 17:38:37,819 : INFO : SwitchController : <<<<<<< 's_right_flipper' inactive >>>>>>>
2025-11-23 17:38:37,936 : INFO : SwitchController : <<<<<<< 's_right_flipper' active >>>>>>>
2025-11-23 17:38:37,936 : INFO : EventManager : Event: ======'s_right_flipper_active'====== Args={}
2025-11-23 17:38:37,937 : INFO : EventManager : Event: ======'carousel_item_highlighted'====== Args={'carousel': 'attract', 'direction': 'forwards', 'item': 'title'}
2025-11-23 17:38:38,019 : INFO : SwitchController : <<<<<<< 's_right_flipper' inactive >>>>>>>
2025-11-23 17:38:38,136 : INFO : SwitchController : <<<<<<< 's_right_flipper' active >>>>>>>
2025-11-23 17:38:38,136 : INFO : EventManager : Event: ======'s_right_flipper_active'====== Args={}
2025-11-23 17:38:38,137 : INFO : EventManager : Event: ======'carousel_item_highlighted'====== Args={'carousel': 'attract', 'direction': 'forwards', 'item': 'credits'}
2025-11-23 17:38:38,203 : INFO : SwitchController : <<<<<<< 's_right_flipper' inactive >>>>>>>
2025-11-23 17:38:38,286 : INFO : SwitchController : <<<<<<< 's_left_flipper' active >>>>>>>
2025-11-23 17:38:38,286 : INFO : EventManager : Event: ======'s_left_flipper_active'====== Args={}
2025-11-23 17:38:38,287 : INFO : EventManager : Event: ======'carousel_item_highlighted'====== Args={'carousel': 'attract', 'direction': 'backwards', 'item': 'title'}
2025-11-23 17:38:38,403 : INFO : SwitchController : <<<<<<< 's_left_flipper' inactive >>>>>>>
2025-11-23 17:38:38,519 : INFO : SwitchController : <<<<<<< 's_left_flipper' active >>>>>>>
2025-11-23 17:38:38,520 : INFO : EventManager : Event: ======'s_left_flipper_active'====== Args={}
2025-11-23 17:38:38,520 : INFO : EventManager : Event: ======'carousel_item_highlighted'====== Args={'carousel': 'attract', 'direction': 'backwards', 'item': 'mpf_logo'}
2025-11-23 17:38:38,636 : INFO : SwitchController : <<<<<<< 's_left_flipper' inactive >>>>>>>
2025-11-23 17:38:38,752 : INFO : SwitchController : <<<<<<< 's_left_flipper' active >>>>>>>
2025-11-23 17:38:38,753 : INFO : EventManager : Event: ======'s_left_flipper_active'====== Args={}
2025-11-23 17:38:38,754 : INFO : EventManager : Event: ======'carousel_item_highlighted'====== Args={'carousel': 'attract', 'direction': 'backwards', 'item': 'credits'}
2025-11-23 17:38:38,836 : INFO : SwitchController : <<<<<<< 's_left_flipper' inactive >>>>>>>
2025-11-23 17:38:38,952 : INFO : SwitchController : <<<<<<< 's_left_flipper' active >>>>>>>
2025-11-23 17:38:38,953 : INFO : EventManager : Event: ======'s_left_flipper_active'====== Args={}
2025-11-23 17:38:38,953 : INFO : EventManager : Event: ======'carousel_item_highlighted'====== Args={'carousel': 'attract', 'direction': 'backwards', 'item': 'title'}
2025-11-23 17:38:39,069 : INFO : SwitchController : <<<<<<< 's_left_flipper' inactive >>>>>>>
2025-11-23 17:38:39,852 : INFO : SwitchController : <<<<<<< 's_right_flipper' active >>>>>>>
2025-11-23 17:38:39,852 : INFO : EventManager : Event: ======'s_right_flipper_active'====== Args={}
2025-11-23 17:38:39,853 : INFO : EventManager : Event: ======'carousel_item_highlighted'====== Args={'carousel': 'attract', 'direction': 'forwards', 'item': 'credits'}
2025-11-23 17:38:39,969 : INFO : SwitchController : <<<<<<< 's_right_flipper' inactive >>>>>>>
2025-11-23 17:38:40,302 : INFO : SwitchController : <<<<<<< 's_right_flipper' active >>>>>>>
2025-11-23 17:38:40,303 : INFO : EventManager : Event: ======'s_right_flipper_active'====== Args={}
2025-11-23 17:38:40,303 : INFO : EventManager : Event: ======'carousel_item_highlighted'====== Args={'carousel': 'attract', 'direction': 'forwards', 'item': 'mpf_logo'}
2025-11-23 17:38:40,435 : INFO : SwitchController : <<<<<<< 's_right_flipper' inactive >>>>>>>
2025-11-23 17:38:40,920 : INFO : SwitchController : <<<<<<< 's_right_flipper' active >>>>>>>
2025-11-23 17:38:40,920 : INFO : EventManager : Event: ======'s_right_flipper_active'====== Args={}
2025-11-23 17:38:40,921 : INFO : EventManager : Event: ======'carousel_item_highlighted'====== Args={'carousel': 'attract', 'direction': 'forwards', 'item': 'title'}
2025-11-23 17:38:41,020 : INFO : SwitchController : <<<<<<< 's_right_flipper' inactive >>>>>>>
2025-11-23 17:38:41,170 : INFO : SwitchController : <<<<<<< 's_right_flipper' active >>>>>>>
2025-11-23 17:38:41,170 : INFO : EventManager : Event: ======'s_right_flipper_active'====== Args={}
2025-11-23 17:38:41,170 : INFO : EventManager : Event: ======'carousel_item_highlighted'====== Args={'carousel': 'attract', 'direction': 'forwards', 'item': 'credits'}
2025-11-23 17:38:41,269 : INFO : SwitchController : <<<<<<< 's_right_flipper' inactive >>>>>>>
2025-11-23 17:38:41,670 : INFO : SwitchController : <<<<<<< 's_right_flipper' active >>>>>>>
2025-11-23 17:38:41,670 : INFO : EventManager : Event: ======'s_right_flipper_active'====== Args={}
2025-11-23 17:38:41,670 : INFO : EventManager : Event: ======'carousel_item_highlighted'====== Args={'carousel': 'attract', 'direction': 'forwards', 'item': 'mpf_logo'}
2025-11-23 17:38:41,786 : INFO : SwitchController : <<<<<<< 's_right_flipper' inactive >>>>>>>
2025-11-23 17:38:42,036 : INFO : SwitchController : <<<<<<< 's_left_flipper' active >>>>>>>
2025-11-23 17:38:42,036 : INFO : EventManager : Event: ======'s_left_flipper_active'====== Args={}
2025-11-23 17:38:42,036 : INFO : EventManager : Event: ======'carousel_item_highlighted'====== Args={'carousel': 'attract', 'direction': 'backwards', 'item': 'credits'}
2025-11-23 17:38:42,152 : INFO : SwitchController : <<<<<<< 's_left_flipper' inactive >>>>>>>
2025-11-23 17:38:42,553 : INFO : SwitchController : <<<<<<< 's_left_flipper' active >>>>>>>
2025-11-23 17:38:42,553 : INFO : EventManager : Event: ======'s_left_flipper_active'====== Args={}
2025-11-23 17:38:42,553 : INFO : EventManager : Event: ======'carousel_item_highlighted'====== Args={'carousel': 'attract', 'direction': 'backwards', 'item': 'title'}
2025-11-23 17:38:42,686 : INFO : SwitchController : <<<<<<< 's_left_flipper' inactive >>>>>>>
2025-11-23 17:38:59,347 : INFO : Machine : Shutting down...
2025-11-23 17:38:59,347 : INFO : EventManager : Event: ======'shutdown'====== Args={}
2025-11-23 17:38:59,354 : INFO : root : MPF run loop ended.
