2025-11-23 17:41:44,502 : INFO : root : Loading config.
2025-11-23 17:41:44,504 : INFO : YamlMultifileConfigLoader : Machine config file #1: config.yaml
2025-11-23 17:41:44,504 : INFO : ConfigProcessor : Loading config from cache: /var/folders/k0/j_dpx55x4kndbs36pl2nt9l00000gn/T/92f7f295141fbdde09e201e7fd0f1349.mpf_cache
2025-11-23 17:41:44,528 : INFO : ConfigProcessor : Loading config from cache: /var/folders/k0/j_dpx55x4kndbs36pl2nt9l00000gn/T/7b77bdcd1da4c54cc720d492bab55a0d.mpf_cache
2025-11-23 17:41:44,528 : INFO : ConfigProcessor : Loading config from cache: /var/folders/k0/j_dpx55x4kndbs36pl2nt9l00000gn/T/501e18c1625d42f1ba9bf53b020c49c5.mpf_cache
2025-11-23 17:41:44,528 : INFO : ConfigProcessor : Loading config from cache: /var/folders/k0/j_dpx55x4kndbs36pl2nt9l00000gn/T/7b77bdcd1da4c54cc720d492bab55a0d.mpf_cache
2025-11-23 17:41:44,528 : INFO : ConfigProcessor : Loading config from cache: /var/folders/k0/j_dpx55x4kndbs36pl2nt9l00000gn/T/dda6f4da00898f9f0a4796a41d9a2ef0.mpf_cache
2025-11-23 17:41:44,528 : INFO : Machine : Mission Pinball Framework Core Engine v0.80.0.dev11
2025-11-23 17:41:44,528 : INFO : Machine : Command line arguments: {'no_load_cache': False, 'create_config_cache': True, 'bcp': True, 'configfile': ['config.yaml'], 'force_assets_load': False, 'platform_integration_test': False, 'jsonlogging': False, 'logfile': 'logs/2025-11-23-17-41-44-mpf-Mac.lan.log', 'pause': False, 'production': False, 'text_ui': False, 'loglevel': 15, 'consoleloglevel': 20, 'force_platform': 'virtual', 'syslog_address': None, 'full_logfile_path': '/Users/samhughes/Desktop/Hollow-Knight-Pinball/logs/2025-11-23-17-41-44-mpf-Mac.lan.log'}
2025-11-23 17:41:44,528 : INFO : Machine : MPF path: /Users/samhughes/mpf/lib/python3.13/site-packages/mpf
2025-11-23 17:41:44,528 : INFO : Machine : Machine path: /Users/samhughes/Desktop/Hollow-Knight-Pinball
2025-11-23 17:41:44,528 : INFO : Machine : Platform: darwin
2025-11-23 17:41:44,528 : INFO : Machine : Python executable location: /Users/samhughes/mpf/bin/python3.13
2025-11-23 17:41:44,528 : INFO : Machine : Python version: 3.13.2 (64-bit)
2025-11-23 17:41:44,529 : INFO : Machine : Initializing MPF...
2025-11-23 17:41:44,556 : INFO : EventManager : Event: ======'machine_var_credits_string'====== Args={'value': 'FREE PLAY', 'prev_value': None, 'change': True}
2025-11-23 17:41:44,561 : INFO : EventManager : Event: ======'machine_var_master_volume'====== Args={'value': 0.5, 'prev_value': None, 'change': True}
2025-11-23 17:41:44,561 : INFO : EventManager : Event: ======'machine_var_mpf_version'====== Args={'value': 'Mission Pinball Framework v0.80.0.dev11', 'prev_value': None, 'change': True}
2025-11-23 17:41:44,562 : INFO : EventManager : Event: ======'machine_var_mpf_extended_version'====== Args={'value': 'Mission Pinball Framework v0.80.0.dev11, Config version:6, Show version: 6, BCP version:1.1', 'prev_value': None, 'change': True}
2025-11-23 17:41:44,562 : INFO : EventManager : Event: ======'machine_var_python_version'====== Args={'value': '3.13.2', 'prev_value': None, 'change': True}
2025-11-23 17:41:44,570 : INFO : EventManager : Event: ======'machine_var_platform'====== Args={'value': 'macOS-15.6.1-arm64-arm-64bit-Mach-O', 'prev_value': None, 'change': True}
2025-11-23 17:41:44,570 : INFO : EventManager : Event: ======'machine_var_platform_system'====== Args={'value': 'Darwin', 'prev_value': None, 'change': True}
2025-11-23 17:41:44,570 : INFO : EventManager : Event: ======'machine_var_platform_release'====== Args={'value': '24.6.0', 'prev_value': None, 'change': True}
2025-11-23 17:41:44,570 : INFO : EventManager : Event: ======'machine_var_platform_version'====== Args={'value': 'Darwin Kernel Version 24.6.0: Mon Jul 14 11:29:54 PDT 2025; root:xnu-11417.140.69~1/RELEASE_ARM64_T8122', 'prev_value': None, 'change': True}
2025-11-23 17:41:44,570 : INFO : EventManager : Event: ======'machine_var_platform_machine'====== Args={'value': 'arm64', 'prev_value': None, 'change': True}
2025-11-23 17:41:44,570 : INFO : EventManager : Event: ======'machine_var_log_file_path'====== Args={'value': '/Users/samhughes/Desktop/Hollow-Knight-Pinball/logs/2025-11-23-17-41-44-mpf-Mac.lan.log', 'prev_value': None, 'change': True}
2025-11-23 17:41:44,570 : INFO : EventManager : Event: ======'init_phase_1'====== Args={}
2025-11-23 17:41:44,576 : INFO : EventManager : Event: ======'init_phase_2'====== Args={}
2025-11-23 17:41:44,576 : INFO : EventManager : Event: ======'bcp_connection_attempt'====== Args={'name': 'local_display', 'host': 'localhost', 'port': 5050}
2025-11-23 17:41:44,577 : INFO : BCPClientSocket : Connecting BCP to 'local_display' at localhost:5050...
2025-11-23 17:41:44,580 : INFO : BCPClientSocket : Connected BCP to 'local_display' localhost:5050
2025-11-23 17:41:44,580 : INFO : EventManager : Event: ======'bcp_clients_connected'====== Args={}
2025-11-23 17:41:44,580 : INFO : ball_device.bd_trough : BCH: Initial count: 0
2025-11-23 17:41:44,580 : INFO : ball_device.bd_trough : State: idle
2025-11-23 17:41:44,580 : INFO : ball_device.bd_plunger : BCH: Initial count: 0
2025-11-23 17:41:44,580 : INFO : ball_device.bd_plunger : State: idle
2025-11-23 17:41:44,583 : INFO : EventManager : Event: ======'init_phase_3'====== Args={}
2025-11-23 17:41:44,583 : INFO : EventManager : Event: ======'init_phase_4'====== Args={}
2025-11-23 17:41:44,584 : INFO : BallController : Initial balls found: 0
2025-11-23 17:41:44,584 : INFO : EventManager : Event: ======'machine_var_audits_switches_s_left_flipper'====== Args={'value': 0, 'prev_value': None, 'change': True}
2025-11-23 17:41:44,584 : INFO : EventManager : Event: ======'machine_var_audits_switches_s_trough_3'====== Args={'value': 0, 'prev_value': None, 'change': True}
2025-11-23 17:41:44,584 : INFO : EventManager : Event: ======'machine_var_audits_switches_s_trough_1'====== Args={'value': 0, 'prev_value': None, 'change': True}
2025-11-23 17:41:44,584 : INFO : EventManager : Event: ======'machine_var_audits_switches_s_plunger_lane'====== Args={'value': 0, 'prev_value': None, 'change': True}
2025-11-23 17:41:44,584 : INFO : EventManager : Event: ======'machine_var_audits_switches_s_right_flipper'====== Args={'value': 0, 'prev_value': None, 'change': True}
2025-11-23 17:41:44,584 : INFO : EventManager : Event: ======'machine_var_audits_switches_s_trough_2'====== Args={'value': 0, 'prev_value': None, 'change': True}
2025-11-23 17:41:44,584 : INFO : EventManager : Event: ======'machine_var_audits_events_game_started'====== Args={'value': 0, 'prev_value': None, 'change': True}
2025-11-23 17:41:44,584 : INFO : EventManager : Event: ======'machine_var_audits_events_game_ended'====== Args={'value': 0, 'prev_value': None, 'change': True}
2025-11-23 17:41:44,584 : INFO : EventManager : Event: ======'machine_var_audits_player_score'====== Args={'value': {'top': [], 'average': 0, 'total': 0}, 'prev_value': None, 'change': True}
2025-11-23 17:41:44,584 : INFO : EventManager : Event: ======'init_phase_5'====== Args={}
2025-11-23 17:41:44,584 : INFO : EventManager : Event: ======'init_done'====== Args={}
2025-11-23 17:41:44,584 : INFO : EventManager : Event: ======'machine_reset_phase_1'====== Args={}
2025-11-23 17:41:44,593 : INFO : EventManager : Event: ======'machine_reset_phase_2'====== Args={}
2025-11-23 17:41:44,593 : INFO : EventManager : Event: ======'machine_reset_phase_3'====== Args={}
2025-11-23 17:41:44,593 : INFO : EventManager : Event: ======'reset_complete'====== Args={}
2025-11-23 17:41:44,594 : INFO : EventManager : Event: ======'mode_attract_will_start'====== Args={}
2025-11-23 17:41:44,594 : INFO : EventManager : Event: ======'mode_attract_starting'====== Args={}
2025-11-23 17:41:44,594 : INFO : Mode.attract : Started. Priority: 10
2025-11-23 17:41:44,594 : INFO : EventManager : Event: ======'modes_active_modes_changed'====== Args={}
2025-11-23 17:41:44,594 : INFO : EventManager : Event: ======'mode_attract_started'====== Args={}
2025-11-23 17:41:44,594 : INFO : EventManager : Event: ======'collecting_balls_complete'====== Args={}
2025-11-23 17:41:44,594 : INFO : EventManager : Event: ======'carousel_item_highlighted'====== Args={'carousel': 'attract', 'direction': None, 'item': 'title'}
2025-11-23 17:41:44,594 : INFO : Machine : Starting the main run loop with active modes: [<Mode.attract>]
2025-11-23 17:41:44,684 : INFO : EventManager : Event: ======'slide_attract_created'====== Args={'_from_bcp': True}
2025-11-23 17:41:44,684 : INFO : EventManager : Event: ======'slide__removed'====== Args={'_from_bcp': True}
2025-11-23 17:41:44,684 : INFO : EventManager : Event: ======'slide_attract_active'====== Args={'original_context': 'attract', 'original_calling_context': 'mode_attract_started', 'priority': 10.0, 'cmd': 'slides_play', '_from_bcp': True}
2025-11-23 17:41:46,650 : INFO : SwitchController : <<<<<<< 's_right_flipper' active >>>>>>>
2025-11-23 17:41:46,651 : INFO : EventManager : Event: ======'s_right_flipper_active'====== Args={}
2025-11-23 17:41:46,651 : INFO : EventManager : Event: ======'carousel_item_highlighted'====== Args={'carousel': 'attract', 'direction': 'forwards', 'item': 'credits'}
2025-11-23 17:41:46,734 : INFO : SwitchController : <<<<<<< 's_right_flipper' inactive >>>>>>>
2025-11-23 17:41:47,067 : INFO : SwitchController : <<<<<<< 's_right_flipper' active >>>>>>>
2025-11-23 17:41:47,067 : INFO : EventManager : Event: ======'s_right_flipper_active'====== Args={}
2025-11-23 17:41:47,068 : INFO : EventManager : Event: ======'carousel_item_highlighted'====== Args={'carousel': 'attract', 'direction': 'forwards', 'item': 'mpf_logo'}
2025-11-23 17:41:47,167 : INFO : SwitchController : <<<<<<< 's_right_flipper' inactive >>>>>>>
2025-11-23 17:41:47,550 : INFO : SwitchController : <<<<<<< 's_left_flipper' active >>>>>>>
2025-11-23 17:41:47,550 : INFO : EventManager : Event: ======'s_left_flipper_active'====== Args={}
2025-11-23 17:41:47,551 : INFO : EventManager : Event: ======'carousel_item_highlighted'====== Args={'carousel': 'attract', 'direction': 'backwards', 'item': 'credits'}
2025-11-23 17:41:47,634 : INFO : SwitchController : <<<<<<< 's_left_flipper' inactive >>>>>>>
2025-11-23 17:41:47,750 : INFO : SwitchController : <<<<<<< 's_left_flipper' active >>>>>>>
2025-11-23 17:41:47,751 : INFO : EventManager : Event: ======'s_left_flipper_active'====== Args={}
2025-11-23 17:41:47,752 : INFO : EventManager : Event: ======'carousel_item_highlighted'====== Args={'carousel': 'attract', 'direction': 'backwards', 'item': 'title'}
2025-11-23 17:41:47,834 : INFO : SwitchController : <<<<<<< 's_left_flipper' inactive >>>>>>>
2025-11-23 17:41:48,101 : INFO : SwitchController : <<<<<<< 's_right_flipper' active >>>>>>>
2025-11-23 17:41:48,101 : INFO : EventManager : Event: ======'s_right_flipper_active'====== Args={}
2025-11-23 17:41:48,102 : INFO : EventManager : Event: ======'carousel_item_highlighted'====== Args={'carousel': 'attract', 'direction': 'forwards', 'item': 'credits'}
2025-11-23 17:41:48,199 : INFO : SwitchController : <<<<<<< 's_right_flipper' inactive >>>>>>>
2025-11-23 17:41:48,317 : INFO : SwitchController : <<<<<<< 's_right_flipper' active >>>>>>>
2025-11-23 17:41:48,317 : INFO : EventManager : Event: ======'s_right_flipper_active'====== Args={}
2025-11-23 17:41:48,318 : INFO : EventManager : Event: ======'carousel_item_highlighted'====== Args={'carousel': 'attract', 'direction': 'forwards', 'item': 'mpf_logo'}
2025-11-23 17:41:48,401 : INFO : SwitchController : <<<<<<< 's_right_flipper' inactive >>>>>>>
2025-11-23 17:41:48,500 : INFO : SwitchController : <<<<<<< 's_right_flipper' active >>>>>>>
2025-11-23 17:41:48,500 : INFO : EventManager : Event: ======'s_right_flipper_active'====== Args={}
2025-11-23 17:41:48,501 : INFO : EventManager : Event: ======'carousel_item_highlighted'====== Args={'carousel': 'attract', 'direction': 'forwards', 'item': 'title'}
2025-11-23 17:41:48,567 : INFO : SwitchController : <<<<<<< 's_right_flipper' inactive >>>>>>>
2025-11-23 17:41:48,667 : INFO : SwitchController : <<<<<<< 's_right_flipper' active >>>>>>>
2025-11-23 17:41:48,667 : INFO : EventManager : Event: ======'s_right_flipper_active'====== Args={}
2025-11-23 17:41:48,668 : INFO : EventManager : Event: ======'carousel_item_highlighted'====== Args={'carousel': 'attract', 'direction': 'forwards', 'item': 'credits'}
2025-11-23 17:41:48,733 : INFO : SwitchController : <<<<<<< 's_right_flipper' inactive >>>>>>>
2025-11-23 17:41:48,867 : INFO : SwitchController : <<<<<<< 's_right_flipper' active >>>>>>>
2025-11-23 17:41:48,867 : INFO : EventManager : Event: ======'s_right_flipper_active'====== Args={}
2025-11-23 17:41:48,868 : INFO : EventManager : Event: ======'carousel_item_highlighted'====== Args={'carousel': 'attract', 'direction': 'forwards', 'item': 'mpf_logo'}
2025-11-23 17:41:48,917 : INFO : SwitchController : <<<<<<< 's_right_flipper' inactive >>>>>>>
2025-11-23 17:41:49,017 : INFO : SwitchController : <<<<<<< 's_right_flipper' active >>>>>>>
2025-11-23 17:41:49,017 : INFO : EventManager : Event: ======'s_right_flipper_active'====== Args={}
2025-11-23 17:41:49,018 : INFO : EventManager : Event: ======'carousel_item_highlighted'====== Args={'carousel': 'attract', 'direction': 'forwards', 'item': 'title'}
2025-11-23 17:41:49,083 : INFO : SwitchController : <<<<<<< 's_right_flipper' inactive >>>>>>>
2025-11-23 17:41:49,217 : INFO : SwitchController : <<<<<<< 's_right_flipper' active >>>>>>>
2025-11-23 17:41:49,217 : INFO : EventManager : Event: ======'s_right_flipper_active'====== Args={}
2025-11-23 17:41:49,218 : INFO : EventManager : Event: ======'carousel_item_highlighted'====== Args={'carousel': 'attract', 'direction': 'forwards', 'item': 'credits'}
2025-11-23 17:41:49,300 : INFO : SwitchController : <<<<<<< 's_right_flipper' inactive >>>>>>>
2025-11-23 17:41:49,884 : INFO : SwitchController : <<<<<<< 's_left_flipper' active >>>>>>>
2025-11-23 17:41:49,884 : INFO : EventManager : Event: ======'s_left_flipper_active'====== Args={}
2025-11-23 17:41:49,884 : INFO : EventManager : Event: ======'carousel_item_highlighted'====== Args={'carousel': 'attract', 'direction': 'backwards', 'item': 'title'}
2025-11-23 17:41:50,034 : INFO : SwitchController : <<<<<<< 's_left_flipper' inactive >>>>>>>
2025-11-23 17:41:52,516 : INFO : SwitchController : <<<<<<< 's_right_flipper' active >>>>>>>
2025-11-23 17:41:52,517 : INFO : EventManager : Event: ======'s_right_flipper_active'====== Args={}
2025-11-23 17:41:52,517 : INFO : EventManager : Event: ======'carousel_item_highlighted'====== Args={'carousel': 'attract', 'direction': 'forwards', 'item': 'credits'}
2025-11-23 17:41:52,600 : INFO : SwitchController : <<<<<<< 's_right_flipper' inactive >>>>>>>
2025-11-23 17:41:52,867 : INFO : SwitchController : <<<<<<< 's_right_flipper' active >>>>>>>
2025-11-23 17:41:52,867 : INFO : EventManager : Event: ======'s_right_flipper_active'====== Args={}
2025-11-23 17:41:52,867 : INFO : EventManager : Event: ======'carousel_item_highlighted'====== Args={'carousel': 'attract', 'direction': 'forwards', 'item': 'mpf_logo'}
2025-11-23 17:41:52,967 : INFO : SwitchController : <<<<<<< 's_right_flipper' inactive >>>>>>>
2025-11-23 17:41:55,065 : INFO : SwitchController : <<<<<<< 's_right_flipper' active >>>>>>>
2025-11-23 17:41:55,066 : INFO : EventManager : Event: ======'s_right_flipper_active'====== Args={}
2025-11-23 17:41:55,066 : INFO : EventManager : Event: ======'carousel_item_highlighted'====== Args={'carousel': 'attract', 'direction': 'forwards', 'item': 'title'}
2025-11-23 17:41:55,217 : INFO : SwitchController : <<<<<<< 's_right_flipper' inactive >>>>>>>
2025-11-23 17:41:55,600 : INFO : SwitchController : <<<<<<< 's_left_flipper' active >>>>>>>
2025-11-23 17:41:55,601 : INFO : EventManager : Event: ======'s_left_flipper_active'====== Args={}
2025-11-23 17:41:55,601 : INFO : EventManager : Event: ======'carousel_item_highlighted'====== Args={'carousel': 'attract', 'direction': 'backwards', 'item': 'mpf_logo'}
2025-11-23 17:41:55,733 : INFO : SwitchController : <<<<<<< 's_left_flipper' inactive >>>>>>>
2025-11-23 17:41:56,350 : INFO : SwitchController : <<<<<<< 's_left_flipper' active >>>>>>>
2025-11-23 17:41:56,350 : INFO : EventManager : Event: ======'s_left_flipper_active'====== Args={}
2025-11-23 17:41:56,350 : INFO : EventManager : Event: ======'carousel_item_highlighted'====== Args={'carousel': 'attract', 'direction': 'backwards', 'item': 'credits'}
2025-11-23 17:41:56,484 : INFO : SwitchController : <<<<<<< 's_left_flipper' inactive >>>>>>>
2025-11-23 17:41:56,733 : INFO : SwitchController : <<<<<<< 's_left_flipper' active >>>>>>>
2025-11-23 17:41:56,733 : INFO : EventManager : Event: ======'s_left_flipper_active'====== Args={}
2025-11-23 17:41:56,734 : INFO : EventManager : Event: ======'carousel_item_highlighted'====== Args={'carousel': 'attract', 'direction': 'backwards', 'item': 'title'}
2025-11-23 17:41:56,817 : INFO : SwitchController : <<<<<<< 's_left_flipper' inactive >>>>>>>
2025-11-23 17:41:57,050 : INFO : SwitchController : <<<<<<< 's_left_flipper' active >>>>>>>
2025-11-23 17:41:57,050 : INFO : EventManager : Event: ======'s_left_flipper_active'====== Args={}
2025-11-23 17:41:57,051 : INFO : EventManager : Event: ======'carousel_item_highlighted'====== Args={'carousel': 'attract', 'direction': 'backwards', 'item': 'mpf_logo'}
2025-11-23 17:41:57,133 : INFO : SwitchController : <<<<<<< 's_left_flipper' inactive >>>>>>>
2025-11-23 17:41:57,366 : INFO : SwitchController : <<<<<<< 's_left_flipper' active >>>>>>>
2025-11-23 17:41:57,367 : INFO : EventManager : Event: ======'s_left_flipper_active'====== Args={}
2025-11-23 17:41:57,367 : INFO : EventManager : Event: ======'carousel_item_highlighted'====== Args={'carousel': 'attract', 'direction': 'backwards', 'item': 'credits'}
2025-11-23 17:41:57,467 : INFO : SwitchController : <<<<<<< 's_left_flipper' inactive >>>>>>>
2025-11-23 17:41:57,633 : INFO : SwitchController : <<<<<<< 's_left_flipper' active >>>>>>>
2025-11-23 17:41:57,634 : INFO : EventManager : Event: ======'s_left_flipper_active'====== Args={}
2025-11-23 17:41:57,634 : INFO : EventManager : Event: ======'carousel_item_highlighted'====== Args={'carousel': 'attract', 'direction': 'backwards', 'item': 'title'}
2025-11-23 17:41:57,732 : INFO : SwitchController : <<<<<<< 's_left_flipper' inactive >>>>>>>
2025-11-23 17:41:57,983 : INFO : SwitchController : <<<<<<< 's_right_flipper' active >>>>>>>
2025-11-23 17:41:57,984 : INFO : EventManager : Event: ======'s_right_flipper_active'====== Args={}
2025-11-23 17:41:57,984 : INFO : EventManager : Event: ======'carousel_item_highlighted'====== Args={'carousel': 'attract', 'direction': 'forwards', 'item': 'credits'}
2025-11-23 17:41:58,100 : INFO : SwitchController : <<<<<<< 's_right_flipper' inactive >>>>>>>
2025-11-23 17:41:58,283 : INFO : SwitchController : <<<<<<< 's_right_flipper' active >>>>>>>
2025-11-23 17:41:58,284 : INFO : EventManager : Event: ======'s_right_flipper_active'====== Args={}
2025-11-23 17:41:58,284 : INFO : EventManager : Event: ======'carousel_item_highlighted'====== Args={'carousel': 'attract', 'direction': 'forwards', 'item': 'mpf_logo'}
2025-11-23 17:41:58,333 : INFO : SwitchController : <<<<<<< 's_right_flipper' inactive >>>>>>>
2025-11-23 17:41:58,533 : INFO : SwitchController : <<<<<<< 's_right_flipper' active >>>>>>>
2025-11-23 17:41:58,533 : INFO : EventManager : Event: ======'s_right_flipper_active'====== Args={}
2025-11-23 17:41:58,534 : INFO : EventManager : Event: ======'carousel_item_highlighted'====== Args={'carousel': 'attract', 'direction': 'forwards', 'item': 'title'}
2025-11-23 17:41:58,650 : INFO : SwitchController : <<<<<<< 's_right_flipper' inactive >>>>>>>
2025-11-23 17:41:59,467 : INFO : SwitchController : <<<<<<< 's_right_flipper' active >>>>>>>
2025-11-23 17:41:59,467 : INFO : EventManager : Event: ======'s_right_flipper_active'====== Args={}
2025-11-23 17:41:59,468 : INFO : EventManager : Event: ======'carousel_item_highlighted'====== Args={'carousel': 'attract', 'direction': 'forwards', 'item': 'credits'}
2025-11-23 17:41:59,633 : INFO : SwitchController : <<<<<<< 's_right_flipper' inactive >>>>>>>
2025-11-23 17:42:00,018 : INFO : SwitchController : <<<<<<< 's_right_flipper' active >>>>>>>
2025-11-23 17:42:00,018 : INFO : EventManager : Event: ======'s_right_flipper_active'====== Args={}
2025-11-23 17:42:00,019 : INFO : EventManager : Event: ======'carousel_item_highlighted'====== Args={'carousel': 'attract', 'direction': 'forwards', 'item': 'mpf_logo'}
2025-11-23 17:42:00,166 : INFO : SwitchController : <<<<<<< 's_right_flipper' inactive >>>>>>>
2025-11-23 17:42:00,500 : INFO : SwitchController : <<<<<<< 's_right_flipper' active >>>>>>>
2025-11-23 17:42:00,501 : INFO : EventManager : Event: ======'s_right_flipper_active'====== Args={}
2025-11-23 17:42:00,501 : INFO : EventManager : Event: ======'carousel_item_highlighted'====== Args={'carousel': 'attract', 'direction': 'forwards', 'item': 'title'}
2025-11-23 17:42:00,633 : INFO : SwitchController : <<<<<<< 's_right_flipper' inactive >>>>>>>
2025-11-23 17:42:00,916 : INFO : SwitchController : <<<<<<< 's_right_flipper' active >>>>>>>
2025-11-23 17:42:00,916 : INFO : EventManager : Event: ======'s_right_flipper_active'====== Args={}
2025-11-23 17:42:00,917 : INFO : EventManager : Event: ======'carousel_item_highlighted'====== Args={'carousel': 'attract', 'direction': 'forwards', 'item': 'credits'}
2025-11-23 17:42:01,084 : INFO : SwitchController : <<<<<<< 's_right_flipper' inactive >>>>>>>
2025-11-23 17:42:01,317 : INFO : SwitchController : <<<<<<< 's_right_flipper' active >>>>>>>
2025-11-23 17:42:01,317 : INFO : EventManager : Event: ======'s_right_flipper_active'====== Args={}
2025-11-23 17:42:01,317 : INFO : EventManager : Event: ======'carousel_item_highlighted'====== Args={'carousel': 'attract', 'direction': 'forwards', 'item': 'mpf_logo'}
2025-11-23 17:42:01,534 : INFO : SwitchController : <<<<<<< 's_right_flipper' inactive >>>>>>>
2025-11-23 17:42:01,717 : INFO : SwitchController : <<<<<<< 's_right_flipper' active >>>>>>>
2025-11-23 17:42:01,717 : INFO : EventManager : Event: ======'s_right_flipper_active'====== Args={}
2025-11-23 17:42:01,718 : INFO : EventManager : Event: ======'carousel_item_highlighted'====== Args={'carousel': 'attract', 'direction': 'forwards', 'item': 'title'}
2025-11-23 17:42:01,850 : INFO : SwitchController : <<<<<<< 's_right_flipper' inactive >>>>>>>
2025-11-23 17:42:07,291 : INFO : Machine : Shutting down...
2025-11-23 17:42:07,291 : INFO : EventManager : Event: ======'shutdown'====== Args={}
2025-11-23 17:42:07,294 : INFO : root : MPF run loop ended.
