2025-11-23 17:25:41,848 : INFO : root : Loading config.
2025-11-23 17:25:41,850 : INFO : YamlMultifileConfigLoader : Machine config file #1: config.yaml
2025-11-23 17:25:41,850 : INFO : ConfigProcessor : Loading config from cache: /var/folders/k0/j_dpx55x4kndbs36pl2nt9l00000gn/T/92f7f295141fbdde09e201e7fd0f1349.mpf_cache
2025-11-23 17:25:41,877 : INFO : ConfigProcessor : Loading config from cache: /var/folders/k0/j_dpx55x4kndbs36pl2nt9l00000gn/T/7b77bdcd1da4c54cc720d492bab55a0d.mpf_cache
2025-11-23 17:25:41,878 : INFO : ConfigProcessor : Loading config from cache: /var/folders/k0/j_dpx55x4kndbs36pl2nt9l00000gn/T/501e18c1625d42f1ba9bf53b020c49c5.mpf_cache
2025-11-23 17:25:41,878 : INFO : ConfigProcessor : Loading config from cache: /var/folders/k0/j_dpx55x4kndbs36pl2nt9l00000gn/T/7b77bdcd1da4c54cc720d492bab55a0d.mpf_cache
2025-11-23 17:25:41,878 : INFO : ConfigProcessor : Loading config from cache: /var/folders/k0/j_dpx55x4kndbs36pl2nt9l00000gn/T/dda6f4da00898f9f0a4796a41d9a2ef0.mpf_cache
2025-11-23 17:25:41,878 : INFO : Machine : Mission Pinball Framework Core Engine v0.80.0.dev11
2025-11-23 17:25:41,878 : INFO : Machine : Command line arguments: {'no_load_cache': False, 'create_config_cache': True, 'bcp': True, 'configfile': ['config.yaml'], 'force_assets_load': False, 'platform_integration_test': False, 'jsonlogging': False, 'logfile': 'logs/2025-11-23-17-25-41-mpf-Mac.lan.log', 'pause': False, 'production': False, 'text_ui': False, 'loglevel': 15, 'consoleloglevel': 20, 'force_platform': 'virtual', 'syslog_address': None, 'full_logfile_path': '/Users/samhughes/Desktop/Hollow-Knight-Pinball/logs/2025-11-23-17-25-41-mpf-Mac.lan.log'}
2025-11-23 17:25:41,878 : INFO : Machine : MPF path: /Users/samhughes/mpf/lib/python3.13/site-packages/mpf
2025-11-23 17:25:41,878 : INFO : Machine : Machine path: /Users/samhughes/Desktop/Hollow-Knight-Pinball
2025-11-23 17:25:41,878 : INFO : Machine : Platform: darwin
2025-11-23 17:25:41,878 : INFO : Machine : Python executable location: /Users/samhughes/mpf/bin/python3.13
2025-11-23 17:25:41,878 : INFO : Machine : Python version: 3.13.2 (64-bit)
2025-11-23 17:25:41,879 : INFO : Machine : Initializing MPF...
2025-11-23 17:25:41,906 : INFO : EventManager : Event: ======'machine_var_credits_string'====== Args={'value': 'FREE PLAY', 'prev_value': None, 'change': True}
2025-11-23 17:25:41,911 : INFO : EventManager : Event: ======'machine_var_master_volume'====== Args={'value': 0.5, 'prev_value': None, 'change': True}
2025-11-23 17:25:41,911 : INFO : EventManager : Event: ======'machine_var_mpf_version'====== Args={'value': 'Mission Pinball Framework v0.80.0.dev11', 'prev_value': None, 'change': True}
2025-11-23 17:25:41,911 : INFO : EventManager : Event: ======'machine_var_mpf_extended_version'====== Args={'value': 'Mission Pinball Framework v0.80.0.dev11, Config version:6, Show version: 6, BCP version:1.1', 'prev_value': None, 'change': True}
2025-11-23 17:25:41,911 : INFO : EventManager : Event: ======'machine_var_python_version'====== Args={'value': '3.13.2', 'prev_value': None, 'change': True}
2025-11-23 17:25:41,923 : INFO : EventManager : Event: ======'machine_var_platform'====== Args={'value': 'macOS-15.6.1-arm64-arm-64bit-Mach-O', 'prev_value': None, 'change': True}
2025-11-23 17:25:41,923 : INFO : EventManager : Event: ======'machine_var_platform_system'====== Args={'value': 'Darwin', 'prev_value': None, 'change': True}
2025-11-23 17:25:41,923 : INFO : EventManager : Event: ======'machine_var_platform_release'====== Args={'value': '24.6.0', 'prev_value': None, 'change': True}
2025-11-23 17:25:41,923 : INFO : EventManager : Event: ======'machine_var_platform_version'====== Args={'value': 'Darwin Kernel Version 24.6.0: Mon Jul 14 11:29:54 PDT 2025; root:xnu-11417.140.69~1/RELEASE_ARM64_T8122', 'prev_value': None, 'change': True}
2025-11-23 17:25:41,923 : INFO : EventManager : Event: ======'machine_var_platform_machine'====== Args={'value': 'arm64', 'prev_value': None, 'change': True}
2025-11-23 17:25:41,923 : INFO : EventManager : Event: ======'machine_var_log_file_path'====== Args={'value': '/Users/samhughes/Desktop/Hollow-Knight-Pinball/logs/2025-11-23-17-25-41-mpf-Mac.lan.log', 'prev_value': None, 'change': True}
2025-11-23 17:25:41,923 : INFO : EventManager : Event: ======'init_phase_1'====== Args={}
2025-11-23 17:25:41,929 : INFO : EventManager : Event: ======'init_phase_2'====== Args={}
2025-11-23 17:25:41,930 : INFO : EventManager : Event: ======'bcp_connection_attempt'====== Args={'name': 'local_display', 'host': 'localhost', 'port': 5050}
2025-11-23 17:25:41,930 : INFO : BCPClientSocket : Connecting BCP to 'local_display' at localhost:5050...
2025-11-23 17:25:41,934 : INFO : BCPClientSocket : Connected BCP to 'local_display' localhost:5050
2025-11-23 17:25:41,934 : INFO : EventManager : Event: ======'bcp_clients_connected'====== Args={}
2025-11-23 17:25:41,934 : INFO : ball_device.bd_trough : BCH: Initial count: 0
2025-11-23 17:25:41,934 : INFO : ball_device.bd_trough : State: idle
2025-11-23 17:25:41,934 : INFO : ball_device.bd_plunger : BCH: Initial count: 0
2025-11-23 17:25:41,934 : INFO : ball_device.bd_plunger : State: idle
2025-11-23 17:25:41,937 : INFO : EventManager : Event: ======'init_phase_3'====== Args={}
2025-11-23 17:25:41,937 : INFO : EventManager : Event: ======'init_phase_4'====== Args={}
2025-11-23 17:25:41,938 : INFO : BallController : Initial balls found: 0
2025-11-23 17:25:41,938 : INFO : EventManager : Event: ======'machine_var_audits_switches_s_trough_3'====== Args={'value': 0, 'prev_value': None, 'change': True}
2025-11-23 17:25:41,938 : INFO : EventManager : Event: ======'machine_var_audits_switches_s_trough_2'====== Args={'value': 0, 'prev_value': None, 'change': True}
2025-11-23 17:25:41,938 : INFO : EventManager : Event: ======'machine_var_audits_switches_s_trough_1'====== Args={'value': 0, 'prev_value': None, 'change': True}
2025-11-23 17:25:41,938 : INFO : EventManager : Event: ======'machine_var_audits_switches_s_left_flipper'====== Args={'value': 0, 'prev_value': None, 'change': True}
2025-11-23 17:25:41,938 : INFO : EventManager : Event: ======'machine_var_audits_switches_s_right_flipper'====== Args={'value': 0, 'prev_value': None, 'change': True}
2025-11-23 17:25:41,938 : INFO : EventManager : Event: ======'machine_var_audits_switches_s_plunger_lane'====== Args={'value': 0, 'prev_value': None, 'change': True}
2025-11-23 17:25:41,938 : INFO : EventManager : Event: ======'machine_var_audits_events_game_started'====== Args={'value': 0, 'prev_value': None, 'change': True}
2025-11-23 17:25:41,938 : INFO : EventManager : Event: ======'machine_var_audits_events_game_ended'====== Args={'value': 0, 'prev_value': None, 'change': True}
2025-11-23 17:25:41,938 : INFO : EventManager : Event: ======'machine_var_audits_player_score'====== Args={'value': {'top': [], 'average': 0, 'total': 0}, 'prev_value': None, 'change': True}
2025-11-23 17:25:41,938 : INFO : EventManager : Event: ======'init_phase_5'====== Args={}
2025-11-23 17:25:41,938 : INFO : EventManager : Event: ======'init_done'====== Args={}
2025-11-23 17:25:41,938 : INFO : EventManager : Event: ======'machine_reset_phase_1'====== Args={}
2025-11-23 17:25:41,941 : INFO : EventManager : Event: ======'machine_reset_phase_2'====== Args={}
2025-11-23 17:25:41,941 : INFO : EventManager : Event: ======'machine_reset_phase_3'====== Args={}
2025-11-23 17:25:41,941 : INFO : EventManager : Event: ======'reset_complete'====== Args={}
2025-11-23 17:25:41,941 : INFO : EventManager : Event: ======'mode_attract_will_start'====== Args={}
2025-11-23 17:25:41,941 : INFO : EventManager : Event: ======'mode_attract_starting'====== Args={}
2025-11-23 17:25:41,941 : INFO : Mode.attract : Started. Priority: 10
2025-11-23 17:25:41,941 : INFO : EventManager : Event: ======'modes_active_modes_changed'====== Args={}
2025-11-23 17:25:41,941 : INFO : EventManager : Event: ======'mode_attract_started'====== Args={}
2025-11-23 17:25:41,941 : INFO : EventManager : Event: ======'collecting_balls_complete'====== Args={}
2025-11-23 17:25:41,941 : INFO : EventManager : Event: ======'carousel_item_highlighted'====== Args={'carousel': 'attract', 'direction': None, 'item': 'title'}
2025-11-23 17:25:41,942 : INFO : Machine : Starting the main run loop with active modes: [<Mode.attract>]
2025-11-23 17:25:41,993 : INFO : EventManager : Event: ======'slide_attract_created'====== Args={'_from_bcp': True}
2025-11-23 17:25:41,993 : INFO : EventManager : Event: ======'slide__removed'====== Args={'_from_bcp': True}
2025-11-23 17:25:41,993 : INFO : EventManager : Event: ======'slide_attract_active'====== Args={'original_context': 'attract', 'original_calling_context': 'mode_attract_started', 'priority': 10.0, 'cmd': 'slides_play', '_from_bcp': True}
2025-11-23 17:25:45,624 : INFO : SwitchController : <<<<<<< 's_right_flipper' active >>>>>>>
2025-11-23 17:25:45,624 : INFO : EventManager : Event: ======'s_right_flipper_active'====== Args={}
2025-11-23 17:25:45,625 : INFO : EventManager : Event: ======'carousel_item_highlighted'====== Args={'carousel': 'attract', 'direction': 'forwards', 'item': 'credits'}
2025-11-23 17:25:45,741 : INFO : SwitchController : <<<<<<< 's_right_flipper' inactive >>>>>>>
2025-11-23 17:25:45,957 : INFO : SwitchController : <<<<<<< 's_right_flipper' active >>>>>>>
2025-11-23 17:25:45,957 : INFO : EventManager : Event: ======'s_right_flipper_active'====== Args={}
2025-11-23 17:25:45,958 : INFO : EventManager : Event: ======'carousel_item_highlighted'====== Args={'carousel': 'attract', 'direction': 'forwards', 'item': 'mpf_logo'}
2025-11-23 17:25:46,074 : INFO : SwitchController : <<<<<<< 's_right_flipper' inactive >>>>>>>
2025-11-23 17:25:46,373 : INFO : SwitchController : <<<<<<< 's_right_flipper' active >>>>>>>
2025-11-23 17:25:46,374 : INFO : EventManager : Event: ======'s_right_flipper_active'====== Args={}
2025-11-23 17:25:46,374 : INFO : EventManager : Event: ======'carousel_item_highlighted'====== Args={'carousel': 'attract', 'direction': 'forwards', 'item': 'title'}
2025-11-23 17:25:46,507 : INFO : SwitchController : <<<<<<< 's_right_flipper' inactive >>>>>>>
2025-11-23 17:25:46,707 : INFO : SwitchController : <<<<<<< 's_right_flipper' active >>>>>>>
2025-11-23 17:25:46,707 : INFO : EventManager : Event: ======'s_right_flipper_active'====== Args={}
2025-11-23 17:25:46,707 : INFO : EventManager : Event: ======'carousel_item_highlighted'====== Args={'carousel': 'attract', 'direction': 'forwards', 'item': 'credits'}
2025-11-23 17:25:46,823 : INFO : SwitchController : <<<<<<< 's_right_flipper' inactive >>>>>>>
2025-11-23 17:25:46,958 : INFO : SwitchController : <<<<<<< 's_right_flipper' active >>>>>>>
2025-11-23 17:25:46,958 : INFO : EventManager : Event: ======'s_right_flipper_active'====== Args={}
2025-11-23 17:25:46,958 : INFO : EventManager : Event: ======'carousel_item_highlighted'====== Args={'carousel': 'attract', 'direction': 'forwards', 'item': 'mpf_logo'}
2025-11-23 17:25:47,057 : INFO : SwitchController : <<<<<<< 's_right_flipper' inactive >>>>>>>
2025-11-23 17:25:47,173 : INFO : SwitchController : <<<<<<< 's_right_flipper' active >>>>>>>
2025-11-23 17:25:47,174 : INFO : EventManager : Event: ======'s_right_flipper_active'====== Args={}
2025-11-23 17:25:47,174 : INFO : EventManager : Event: ======'carousel_item_highlighted'====== Args={'carousel': 'attract', 'direction': 'forwards', 'item': 'title'}
2025-11-23 17:25:47,257 : INFO : SwitchController : <<<<<<< 's_right_flipper' inactive >>>>>>>
2025-11-23 17:25:47,374 : INFO : SwitchController : <<<<<<< 's_right_flipper' active >>>>>>>
2025-11-23 17:25:47,374 : INFO : EventManager : Event: ======'s_right_flipper_active'====== Args={}
2025-11-23 17:25:47,374 : INFO : EventManager : Event: ======'carousel_item_highlighted'====== Args={'carousel': 'attract', 'direction': 'forwards', 'item': 'credits'}
2025-11-23 17:25:47,457 : INFO : SwitchController : <<<<<<< 's_right_flipper' inactive >>>>>>>
2025-11-23 17:25:47,608 : INFO : SwitchController : <<<<<<< 's_right_flipper' active >>>>>>>
2025-11-23 17:25:47,608 : INFO : EventManager : Event: ======'s_right_flipper_active'====== Args={}
2025-11-23 17:25:47,608 : INFO : EventManager : Event: ======'carousel_item_highlighted'====== Args={'carousel': 'attract', 'direction': 'forwards', 'item': 'mpf_logo'}
2025-11-23 17:25:47,707 : INFO : SwitchController : <<<<<<< 's_right_flipper' inactive >>>>>>>
2025-11-23 17:25:48,107 : INFO : SwitchController : <<<<<<< 's_right_flipper' active >>>>>>>
2025-11-23 17:25:48,107 : INFO : EventManager : Event: ======'s_right_flipper_active'====== Args={}
2025-11-23 17:25:48,108 : INFO : EventManager : Event: ======'carousel_item_highlighted'====== Args={'carousel': 'attract', 'direction': 'forwards', 'item': 'title'}
2025-11-23 17:25:48,207 : INFO : SwitchController : <<<<<<< 's_right_flipper' inactive >>>>>>>
2025-11-23 17:25:54,048 : INFO : Machine : Shutting down...
2025-11-23 17:25:54,048 : INFO : EventManager : Event: ======'shutdown'====== Args={}
2025-11-23 17:25:54,051 : INFO : root : MPF run loop ended.
