2025-11-24 20:43:59,931 : INFO : root : Loading config.
2025-11-24 20:43:59,933 : INFO : YamlMultifileConfigLoader : Machine config file #1: config.yaml
2025-11-24 20:43:59,934 : WARNING : ConfigProcessor : Config file in cache changed: /Users/samhughes/Desktop/Hollow-Knight-Pinball/config/config.yaml
2025-11-24 20:43:59,934 : INFO : ConfigProcessor : Loading config from file /Users/samhughes/mpf/lib/python3.13/site-packages/mpf/mpfconfig.yaml.
2025-11-24 20:43:59,949 : INFO : ConfigProcessor : Loading config: /Users/samhughes/mpf/lib/python3.13/site-packages/mpf/mpfconfig.yaml
2025-11-24 20:43:59,949 : INFO : ConfigProcessor : Loading config from file /Users/samhughes/Desktop/Hollow-Knight-Pinball/config/config.yaml.
2025-11-24 20:43:59,950 : INFO : ConfigProcessor : Loading config: /Users/samhughes/Desktop/Hollow-Knight-Pinball/config/config.yaml
2025-11-24 20:43:59,953 : INFO : ConfigProcessor : Loading config: /Users/samhughes/Desktop/Hollow-Knight-Pinball/config/config_switches.yaml
2025-11-24 20:43:59,954 : INFO : ConfigProcessor : Loading config: /Users/samhughes/Desktop/Hollow-Knight-Pinball/config/config_coils.yaml
2025-11-24 20:43:59,955 : INFO : ConfigProcessor : Loading config: /Users/samhughes/Desktop/Hollow-Knight-Pinball/config/config_ball_devices.yaml
2025-11-24 20:43:59,955 : INFO : ConfigProcessor : Config file cache created: /var/folders/k0/j_dpx55x4kndbs36pl2nt9l00000gn/T/92f7f295141fbdde09e201e7fd0f1349.mpf_cache
2025-11-24 20:43:59,982 : INFO : ConfigProcessor : Loading config from cache: /var/folders/k0/j_dpx55x4kndbs36pl2nt9l00000gn/T/7b77bdcd1da4c54cc720d492bab55a0d.mpf_cache
2025-11-24 20:43:59,983 : INFO : ConfigProcessor : Loading config from cache: /var/folders/k0/j_dpx55x4kndbs36pl2nt9l00000gn/T/501e18c1625d42f1ba9bf53b020c49c5.mpf_cache
2025-11-24 20:43:59,983 : INFO : ConfigProcessor : Loading config from cache: /var/folders/k0/j_dpx55x4kndbs36pl2nt9l00000gn/T/7b77bdcd1da4c54cc720d492bab55a0d.mpf_cache
2025-11-24 20:43:59,983 : WARNING : ConfigProcessor : Config file in cache changed: /Users/samhughes/Desktop/Hollow-Knight-Pinball/modes/base/config/base.yaml
2025-11-24 20:43:59,983 : INFO : ConfigProcessor : Loading config from file /Users/samhughes/Desktop/Hollow-Knight-Pinball/modes/base/config/base.yaml.
2025-11-24 20:43:59,984 : INFO : ConfigProcessor : Loading config: /Users/samhughes/Desktop/Hollow-Knight-Pinball/modes/base/config/base.yaml
2025-11-24 20:43:59,984 : INFO : ConfigProcessor : Config file cache created: /var/folders/k0/j_dpx55x4kndbs36pl2nt9l00000gn/T/dda6f4da00898f9f0a4796a41d9a2ef0.mpf_cache
2025-11-24 20:43:59,984 : INFO : ConfigProcessor : Loading config from file /Users/samhughes/Desktop/Hollow-Knight-Pinball/modes/right_orbit/config/right_orbit.yaml.
2025-11-24 20:43:59,985 : INFO : ConfigProcessor : Loading config: /Users/samhughes/Desktop/Hollow-Knight-Pinball/modes/right_orbit/config/right_orbit.yaml
2025-11-24 20:43:59,985 : INFO : ConfigProcessor : Config file cache created: /var/folders/k0/j_dpx55x4kndbs36pl2nt9l00000gn/T/522fc819f659907ecbd91e12554f307a.mpf_cache
2025-11-24 20:43:59,986 : INFO : Machine : Mission Pinball Framework Core Engine v0.80.0.dev11
2025-11-24 20:43:59,986 : INFO : Machine : Command line arguments: {'no_load_cache': False, 'create_config_cache': True, 'bcp': True, 'configfile': ['config.yaml'], 'force_assets_load': False, 'platform_integration_test': False, 'jsonlogging': False, 'logfile': 'logs/2025-11-24-20-43-59-mpf-Sams-MacBook-Air-2.local.log', 'pause': False, 'production': False, 'text_ui': False, 'loglevel': 15, 'consoleloglevel': 20, 'force_platform': 'virtual', 'syslog_address': None, 'full_logfile_path': '/Users/samhughes/Desktop/Hollow-Knight-Pinball/logs/2025-11-24-20-43-59-mpf-Sams-MacBook-Air-2.local.log'}
2025-11-24 20:43:59,986 : INFO : Machine : MPF path: /Users/samhughes/mpf/lib/python3.13/site-packages/mpf
2025-11-24 20:43:59,986 : INFO : Machine : Machine path: /Users/samhughes/Desktop/Hollow-Knight-Pinball
2025-11-24 20:43:59,986 : INFO : Machine : Platform: darwin
2025-11-24 20:43:59,986 : INFO : Machine : Python executable location: /Users/samhughes/mpf/bin/python3.13
2025-11-24 20:43:59,986 : INFO : Machine : Python version: 3.13.2 (64-bit)
2025-11-24 20:43:59,986 : INFO : Machine : Initializing MPF...
2025-11-24 20:44:00,014 : INFO : EventManager : Event: ======'machine_var_credits_string'====== Args={'value': 'FREE PLAY', 'prev_value': None, 'change': True}
2025-11-24 20:44:00,019 : INFO : EventManager : Event: ======'machine_var_master_volume'====== Args={'value': 0.5, 'prev_value': None, 'change': True}
2025-11-24 20:44:00,019 : INFO : EventManager : Event: ======'machine_var_mpf_version'====== Args={'value': 'Mission Pinball Framework v0.80.0.dev11', 'prev_value': None, 'change': True}
2025-11-24 20:44:00,019 : INFO : EventManager : Event: ======'machine_var_mpf_extended_version'====== Args={'value': 'Mission Pinball Framework v0.80.0.dev11, Config version:6, Show version: 6, BCP version:1.1', 'prev_value': None, 'change': True}
2025-11-24 20:44:00,020 : INFO : EventManager : Event: ======'machine_var_python_version'====== Args={'value': '3.13.2', 'prev_value': None, 'change': True}
2025-11-24 20:44:00,028 : INFO : EventManager : Event: ======'machine_var_platform'====== Args={'value': 'macOS-15.6.1-arm64-arm-64bit-Mach-O', 'prev_value': None, 'change': True}
2025-11-24 20:44:00,028 : INFO : EventManager : Event: ======'machine_var_platform_system'====== Args={'value': 'Darwin', 'prev_value': None, 'change': True}
2025-11-24 20:44:00,028 : INFO : EventManager : Event: ======'machine_var_platform_release'====== Args={'value': '24.6.0', 'prev_value': None, 'change': True}
2025-11-24 20:44:00,028 : INFO : EventManager : Event: ======'machine_var_platform_version'====== Args={'value': 'Darwin Kernel Version 24.6.0: Mon Jul 14 11:29:54 PDT 2025; root:xnu-11417.140.69~1/RELEASE_ARM64_T8122', 'prev_value': None, 'change': True}
2025-11-24 20:44:00,028 : INFO : EventManager : Event: ======'machine_var_platform_machine'====== Args={'value': 'arm64', 'prev_value': None, 'change': True}
2025-11-24 20:44:00,028 : INFO : EventManager : Event: ======'machine_var_log_file_path'====== Args={'value': '/Users/samhughes/Desktop/Hollow-Knight-Pinball/logs/2025-11-24-20-43-59-mpf-Sams-MacBook-Air-2.local.log', 'prev_value': None, 'change': True}
2025-11-24 20:44:00,028 : INFO : EventManager : Event: ======'init_phase_1'====== Args={}
2025-11-24 20:44:00,034 : INFO : EventManager : Event: ======'init_phase_2'====== Args={}
2025-11-24 20:44:00,035 : INFO : EventManager : Event: ======'bcp_connection_attempt'====== Args={'name': 'local_display', 'host': 'localhost', 'port': 5050}
2025-11-24 20:44:00,036 : INFO : BCPClientSocket : Connecting BCP to 'local_display' at localhost:5050...
2025-11-24 20:44:00,039 : INFO : BCPClientSocket : Connected BCP to 'local_display' localhost:5050
2025-11-24 20:44:00,039 : INFO : EventManager : Event: ======'bcp_clients_connected'====== Args={}
2025-11-24 20:44:00,039 : INFO : ball_device.bd_trough : BCH: Initial count: 0
2025-11-24 20:44:00,039 : INFO : ball_device.bd_trough : State: idle
2025-11-24 20:44:00,039 : INFO : ball_device.bd_plunger : BCH: Initial count: 0
2025-11-24 20:44:00,039 : INFO : ball_device.bd_plunger : State: idle
2025-11-24 20:44:00,042 : INFO : EventManager : Event: ======'init_phase_3'====== Args={}
2025-11-24 20:44:00,043 : INFO : EventManager : Event: ======'init_phase_4'====== Args={}
2025-11-24 20:44:00,043 : INFO : BallController : Initial balls found: 0
2025-11-24 20:44:00,043 : INFO : EventManager : Event: ======'machine_var_audits_switches_s_back_right_target'====== Args={'value': 0, 'prev_value': None, 'change': True}
2025-11-24 20:44:00,043 : INFO : EventManager : Event: ======'machine_var_audits_switches_s_plunger_lane'====== Args={'value': 0, 'prev_value': None, 'change': True}
2025-11-24 20:44:00,043 : INFO : EventManager : Event: ======'machine_var_audits_switches_s_back_middle_right_target'====== Args={'value': 0, 'prev_value': None, 'change': True}
2025-11-24 20:44:00,043 : INFO : EventManager : Event: ======'machine_var_audits_switches_s_vuk'====== Args={'value': 0, 'prev_value': None, 'change': True}
2025-11-24 20:44:00,043 : INFO : EventManager : Event: ======'machine_var_audits_switches_s_top_right_slingshot'====== Args={'value': 0, 'prev_value': None, 'change': True}
2025-11-24 20:44:00,043 : INFO : EventManager : Event: ======'machine_var_audits_switches_s_bottom_left_slingshot'====== Args={'value': 0, 'prev_value': None, 'change': True}
2025-11-24 20:44:00,043 : INFO : EventManager : Event: ======'machine_var_audits_switches_s_front_middle_target'====== Args={'value': 0, 'prev_value': None, 'change': True}
2025-11-24 20:44:00,043 : INFO : EventManager : Event: ======'machine_var_audits_switches_s_left_orbit'====== Args={'value': 0, 'prev_value': None, 'change': True}
2025-11-24 20:44:00,043 : INFO : EventManager : Event: ======'machine_var_audits_switches_s_back_middle_left_target'====== Args={'value': 0, 'prev_value': None, 'change': True}
2025-11-24 20:44:00,043 : INFO : EventManager : Event: ======'machine_var_audits_switches_s_left_flipper'====== Args={'value': 0, 'prev_value': None, 'change': True}
2025-11-24 20:44:00,043 : INFO : EventManager : Event: ======'machine_var_audits_switches_s_right_orbit'====== Args={'value': 0, 'prev_value': None, 'change': True}
2025-11-24 20:44:00,043 : INFO : EventManager : Event: ======'machine_var_audits_switches_s_left_outlane'====== Args={'value': 0, 'prev_value': None, 'change': True}
2025-11-24 20:44:00,043 : INFO : EventManager : Event: ======'machine_var_audits_switches_s_left_inlane'====== Args={'value': 0, 'prev_value': None, 'change': True}
2025-11-24 20:44:00,043 : INFO : EventManager : Event: ======'machine_var_audits_switches_s_top_left_slingshot'====== Args={'value': 0, 'prev_value': None, 'change': True}
2025-11-24 20:44:00,043 : INFO : EventManager : Event: ======'machine_var_audits_switches_s_right_outlane'====== Args={'value': 0, 'prev_value': None, 'change': True}
2025-11-24 20:44:00,043 : INFO : EventManager : Event: ======'machine_var_audits_switches_s_trough_3'====== Args={'value': 0, 'prev_value': None, 'change': True}
2025-11-24 20:44:00,043 : INFO : EventManager : Event: ======'machine_var_audits_switches_s_back_left_target'====== Args={'value': 0, 'prev_value': None, 'change': True}
2025-11-24 20:44:00,043 : INFO : EventManager : Event: ======'machine_var_audits_switches_s_saucer'====== Args={'value': 0, 'prev_value': None, 'change': True}
2025-11-24 20:44:00,043 : INFO : EventManager : Event: ======'machine_var_audits_switches_s_pop_bumper'====== Args={'value': 0, 'prev_value': None, 'change': True}
2025-11-24 20:44:00,043 : INFO : EventManager : Event: ======'machine_var_audits_switches_s_front_right_target'====== Args={'value': 0, 'prev_value': None, 'change': True}
2025-11-24 20:44:00,043 : INFO : EventManager : Event: ======'machine_var_audits_switches_s_lane_to_pop'====== Args={'value': 0, 'prev_value': None, 'change': True}
2025-11-24 20:44:00,043 : INFO : EventManager : Event: ======'machine_var_audits_switches_s_front_left_target'====== Args={'value': 0, 'prev_value': None, 'change': True}
2025-11-24 20:44:00,043 : INFO : EventManager : Event: ======'machine_var_audits_switches_s_ramp'====== Args={'value': 0, 'prev_value': None, 'change': True}
2025-11-24 20:44:00,043 : INFO : EventManager : Event: ======'machine_var_audits_switches_s_trough_1'====== Args={'value': 0, 'prev_value': None, 'change': True}
2025-11-24 20:44:00,043 : INFO : EventManager : Event: ======'machine_var_audits_switches_s_right_flipper'====== Args={'value': 0, 'prev_value': None, 'change': True}
2025-11-24 20:44:00,043 : INFO : EventManager : Event: ======'machine_var_audits_switches_s_trough_2'====== Args={'value': 0, 'prev_value': None, 'change': True}
2025-11-24 20:44:00,043 : INFO : EventManager : Event: ======'machine_var_audits_switches_s_bottom_right_slingshot'====== Args={'value': 0, 'prev_value': None, 'change': True}
2025-11-24 20:44:00,043 : INFO : EventManager : Event: ======'machine_var_audits_switches_s_right_inlane'====== Args={'value': 0, 'prev_value': None, 'change': True}
2025-11-24 20:44:00,043 : INFO : EventManager : Event: ======'machine_var_audits_events_game_started'====== Args={'value': 0, 'prev_value': None, 'change': True}
2025-11-24 20:44:00,043 : INFO : EventManager : Event: ======'machine_var_audits_events_game_ended'====== Args={'value': 0, 'prev_value': None, 'change': True}
2025-11-24 20:44:00,043 : INFO : EventManager : Event: ======'machine_var_audits_player_score'====== Args={'value': {'top': [], 'average': 0, 'total': 0}, 'prev_value': None, 'change': True}
2025-11-24 20:44:00,043 : INFO : EventManager : Event: ======'init_phase_5'====== Args={}
2025-11-24 20:44:00,044 : INFO : EventManager : Event: ======'init_done'====== Args={}
2025-11-24 20:44:00,044 : INFO : EventManager : Event: ======'machine_reset_phase_1'====== Args={}
2025-11-24 20:44:00,057 : INFO : EventManager : Event: ======'machine_reset_phase_2'====== Args={}
2025-11-24 20:44:00,058 : INFO : EventManager : Event: ======'machine_reset_phase_3'====== Args={}
2025-11-24 20:44:00,058 : INFO : EventManager : Event: ======'reset_complete'====== Args={}
2025-11-24 20:44:00,058 : INFO : EventManager : Event: ======'mode_attract_will_start'====== Args={}
2025-11-24 20:44:00,058 : INFO : Timer.attract_carousel_timer : Starting Timer.
2025-11-24 20:44:00,058 : INFO : EventManager : Event: ======'timer_attract_carousel_timer_started'====== Args={'ticks': 0, 'ticks_remaining': 1}
2025-11-24 20:44:00,058 : INFO : EventManager : Event: ======'timer_attract_carousel_timer_tick'====== Args={'ticks': 0, 'ticks_remaining': 1}
2025-11-24 20:44:00,058 : INFO : EventManager : Event: ======'mode_attract_starting'====== Args={}
2025-11-24 20:44:00,058 : INFO : Mode.attract : Started. Priority: 10
2025-11-24 20:44:00,059 : INFO : EventManager : Event: ======'modes_active_modes_changed'====== Args={}
2025-11-24 20:44:00,059 : INFO : EventManager : Event: ======'mode_attract_started'====== Args={}
2025-11-24 20:44:00,059 : INFO : EventManager : Event: ======'collecting_balls_complete'====== Args={}
2025-11-24 20:44:00,059 : INFO : EventManager : Event: ======'carousel_item_highlighted'====== Args={'carousel': 'attract', 'direction': None, 'item': 'title'}
2025-11-24 20:44:00,059 : INFO : Machine : Starting the main run loop with active modes: [<Mode.attract>]
2025-11-24 20:44:00,166 : INFO : EventManager : Event: ======'slide_attract_created'====== Args={'_from_bcp': True}
2025-11-24 20:44:00,166 : INFO : EventManager : Event: ======'slide__removed'====== Args={'_from_bcp': True}
2025-11-24 20:44:00,166 : INFO : EventManager : Event: ======'slide_attract_active'====== Args={'original_context': 'attract', 'original_calling_context': 'mode_attract_started', 'priority': 10.0, 'cmd': 'slides_play', '_from_bcp': True}
2025-11-24 20:44:05,060 : INFO : Timer.attract_carousel_timer : Timer Complete
2025-11-24 20:44:05,060 : INFO : Timer.attract_carousel_timer : Stopping Timer
2025-11-24 20:44:05,060 : INFO : EventManager : Event: ======'timer_attract_carousel_timer_stopped'====== Args={'ticks': 1, 'ticks_remaining': 1}
2025-11-24 20:44:05,060 : INFO : EventManager : Event: ======'timer_attract_carousel_timer_complete'====== Args={'ticks': 1, 'ticks_remaining': 1}
2025-11-24 20:44:05,061 : INFO : EventManager : Event: ======'carousel_item_highlighted'====== Args={'carousel': 'attract', 'direction': 'forwards', 'item': 'map'}
2025-11-24 20:44:05,061 : INFO : Timer.attract_carousel_timer : Starting Timer.
2025-11-24 20:44:05,061 : INFO : EventManager : Event: ======'timer_attract_carousel_timer_started'====== Args={'ticks': 0, 'ticks_remaining': 1}
2025-11-24 20:44:05,061 : INFO : EventManager : Event: ======'timer_attract_carousel_timer_tick'====== Args={'ticks': 0, 'ticks_remaining': 1}
2025-11-24 20:44:05,107 : INFO : SwitchController : <<<<<<< 's_right_flipper' active >>>>>>>
2025-11-24 20:44:05,107 : INFO : EventManager : Event: ======'s_right_flipper_active'====== Args={}
2025-11-24 20:44:05,108 : INFO : EventManager : Event: ======'carousel_item_highlighted'====== Args={'carousel': 'attract', 'direction': 'forwards', 'item': 'credits'}
2025-11-24 20:44:05,206 : INFO : SwitchController : <<<<<<< 's_right_flipper' inactive >>>>>>>
2025-11-24 20:44:05,539 : INFO : SwitchController : <<<<<<< 's_right_flipper' active >>>>>>>
2025-11-24 20:44:05,539 : INFO : EventManager : Event: ======'s_right_flipper_active'====== Args={}
2025-11-24 20:44:05,539 : INFO : EventManager : Event: ======'carousel_item_highlighted'====== Args={'carousel': 'attract', 'direction': 'forwards', 'item': 'mpf_and_cobrapin_logo'}
2025-11-24 20:44:05,672 : INFO : SwitchController : <<<<<<< 's_right_flipper' inactive >>>>>>>
2025-11-24 20:44:06,122 : INFO : SwitchController : <<<<<<< 's_right_flipper' active >>>>>>>
2025-11-24 20:44:06,122 : INFO : EventManager : Event: ======'s_right_flipper_active'====== Args={}
2025-11-24 20:44:06,123 : INFO : EventManager : Event: ======'carousel_item_highlighted'====== Args={'carousel': 'attract', 'direction': 'forwards', 'item': 'team_cherry'}
2025-11-24 20:44:06,255 : INFO : SwitchController : <<<<<<< 's_right_flipper' inactive >>>>>>>
2025-11-24 20:44:06,789 : INFO : SwitchController : <<<<<<< 's_right_flipper' active >>>>>>>
2025-11-24 20:44:06,789 : INFO : EventManager : Event: ======'s_right_flipper_active'====== Args={}
2025-11-24 20:44:06,790 : INFO : EventManager : Event: ======'carousel_item_highlighted'====== Args={'carousel': 'attract', 'direction': 'forwards', 'item': 'title'}
2025-11-24 20:44:06,889 : INFO : SwitchController : <<<<<<< 's_right_flipper' inactive >>>>>>>
2025-11-24 20:44:07,271 : INFO : SwitchController : <<<<<<< 's_right_flipper' active >>>>>>>
2025-11-24 20:44:07,272 : INFO : EventManager : Event: ======'s_right_flipper_active'====== Args={}
2025-11-24 20:44:07,272 : INFO : EventManager : Event: ======'carousel_item_highlighted'====== Args={'carousel': 'attract', 'direction': 'forwards', 'item': 'map'}
2025-11-24 20:44:07,372 : INFO : SwitchController : <<<<<<< 's_right_flipper' inactive >>>>>>>
2025-11-24 20:44:07,772 : INFO : SwitchController : <<<<<<< 's_right_flipper' active >>>>>>>
2025-11-24 20:44:07,772 : INFO : EventManager : Event: ======'s_right_flipper_active'====== Args={}
2025-11-24 20:44:07,773 : INFO : EventManager : Event: ======'carousel_item_highlighted'====== Args={'carousel': 'attract', 'direction': 'forwards', 'item': 'credits'}
2025-11-24 20:44:07,872 : INFO : SwitchController : <<<<<<< 's_right_flipper' inactive >>>>>>>
2025-11-24 20:44:08,139 : INFO : SwitchController : <<<<<<< 's_right_flipper' active >>>>>>>
2025-11-24 20:44:08,140 : INFO : EventManager : Event: ======'s_right_flipper_active'====== Args={}
2025-11-24 20:44:08,140 : INFO : EventManager : Event: ======'carousel_item_highlighted'====== Args={'carousel': 'attract', 'direction': 'forwards', 'item': 'mpf_and_cobrapin_logo'}
2025-11-24 20:44:08,239 : INFO : SwitchController : <<<<<<< 's_right_flipper' inactive >>>>>>>
2025-11-24 20:44:08,522 : INFO : SwitchController : <<<<<<< 's_right_flipper' active >>>>>>>
2025-11-24 20:44:08,522 : INFO : EventManager : Event: ======'s_right_flipper_active'====== Args={}
2025-11-24 20:44:08,523 : INFO : EventManager : Event: ======'carousel_item_highlighted'====== Args={'carousel': 'attract', 'direction': 'forwards', 'item': 'team_cherry'}
2025-11-24 20:44:08,572 : INFO : SwitchController : <<<<<<< 's_right_flipper' inactive >>>>>>>
2025-11-24 20:44:08,722 : INFO : SwitchController : <<<<<<< 's_right_flipper' active >>>>>>>
2025-11-24 20:44:08,722 : INFO : EventManager : Event: ======'s_right_flipper_active'====== Args={}
2025-11-24 20:44:08,723 : INFO : EventManager : Event: ======'carousel_item_highlighted'====== Args={'carousel': 'attract', 'direction': 'forwards', 'item': 'title'}
2025-11-24 20:44:08,805 : INFO : SwitchController : <<<<<<< 's_right_flipper' inactive >>>>>>>
2025-11-24 20:44:08,939 : INFO : SwitchController : <<<<<<< 's_right_flipper' active >>>>>>>
2025-11-24 20:44:08,939 : INFO : EventManager : Event: ======'s_right_flipper_active'====== Args={}
2025-11-24 20:44:08,940 : INFO : EventManager : Event: ======'carousel_item_highlighted'====== Args={'carousel': 'attract', 'direction': 'forwards', 'item': 'map'}
2025-11-24 20:44:09,006 : INFO : SwitchController : <<<<<<< 's_right_flipper' inactive >>>>>>>
2025-11-24 20:44:09,139 : INFO : SwitchController : <<<<<<< 's_right_flipper' active >>>>>>>
2025-11-24 20:44:09,139 : INFO : EventManager : Event: ======'s_right_flipper_active'====== Args={}
2025-11-24 20:44:09,140 : INFO : EventManager : Event: ======'carousel_item_highlighted'====== Args={'carousel': 'attract', 'direction': 'forwards', 'item': 'credits'}
2025-11-24 20:44:09,205 : INFO : SwitchController : <<<<<<< 's_right_flipper' inactive >>>>>>>
2025-11-24 20:44:09,322 : INFO : SwitchController : <<<<<<< 's_right_flipper' active >>>>>>>
2025-11-24 20:44:09,323 : INFO : EventManager : Event: ======'s_right_flipper_active'====== Args={}
2025-11-24 20:44:09,323 : INFO : EventManager : Event: ======'carousel_item_highlighted'====== Args={'carousel': 'attract', 'direction': 'forwards', 'item': 'mpf_and_cobrapin_logo'}
2025-11-24 20:44:09,389 : INFO : SwitchController : <<<<<<< 's_right_flipper' inactive >>>>>>>
2025-11-24 20:44:10,062 : INFO : Timer.attract_carousel_timer : Timer Complete
2025-11-24 20:44:10,063 : INFO : Timer.attract_carousel_timer : Stopping Timer
2025-11-24 20:44:10,063 : INFO : EventManager : Event: ======'timer_attract_carousel_timer_stopped'====== Args={'ticks': 1, 'ticks_remaining': 1}
2025-11-24 20:44:10,063 : INFO : EventManager : Event: ======'timer_attract_carousel_timer_complete'====== Args={'ticks': 1, 'ticks_remaining': 1}
2025-11-24 20:44:10,063 : INFO : EventManager : Event: ======'carousel_item_highlighted'====== Args={'carousel': 'attract', 'direction': 'forwards', 'item': 'team_cherry'}
2025-11-24 20:44:10,064 : INFO : Timer.attract_carousel_timer : Starting Timer.
2025-11-24 20:44:10,064 : INFO : EventManager : Event: ======'timer_attract_carousel_timer_started'====== Args={'ticks': 0, 'ticks_remaining': 1}
2025-11-24 20:44:10,064 : INFO : EventManager : Event: ======'timer_attract_carousel_timer_tick'====== Args={'ticks': 0, 'ticks_remaining': 1}
2025-11-24 20:44:10,172 : INFO : SwitchController : <<<<<<< 's_right_flipper' active >>>>>>>
2025-11-24 20:44:10,173 : INFO : EventManager : Event: ======'s_right_flipper_active'====== Args={}
2025-11-24 20:44:10,173 : INFO : EventManager : Event: ======'carousel_item_highlighted'====== Args={'carousel': 'attract', 'direction': 'forwards', 'item': 'title'}
2025-11-24 20:44:10,322 : INFO : SwitchController : <<<<<<< 's_right_flipper' inactive >>>>>>>
2025-11-24 20:44:10,672 : INFO : SwitchController : <<<<<<< 's_right_flipper' active >>>>>>>
2025-11-24 20:44:10,672 : INFO : EventManager : Event: ======'s_right_flipper_active'====== Args={}
2025-11-24 20:44:10,673 : INFO : EventManager : Event: ======'carousel_item_highlighted'====== Args={'carousel': 'attract', 'direction': 'forwards', 'item': 'map'}
2025-11-24 20:44:10,772 : INFO : SwitchController : <<<<<<< 's_right_flipper' inactive >>>>>>>
2025-11-24 20:44:11,188 : INFO : SwitchController : <<<<<<< 's_left_flipper' active >>>>>>>
2025-11-24 20:44:11,189 : INFO : EventManager : Event: ======'s_left_flipper_active'====== Args={}
2025-11-24 20:44:11,189 : INFO : EventManager : Event: ======'carousel_item_highlighted'====== Args={'carousel': 'attract', 'direction': 'backwards', 'item': 'title'}
2025-11-24 20:44:11,288 : INFO : SwitchController : <<<<<<< 's_left_flipper' inactive >>>>>>>
2025-11-24 20:44:11,722 : INFO : SwitchController : <<<<<<< 's_left_flipper' active >>>>>>>
2025-11-24 20:44:11,723 : INFO : EventManager : Event: ======'s_left_flipper_active'====== Args={}
2025-11-24 20:44:11,723 : INFO : EventManager : Event: ======'carousel_item_highlighted'====== Args={'carousel': 'attract', 'direction': 'backwards', 'item': 'team_cherry'}
2025-11-24 20:44:11,805 : INFO : SwitchController : <<<<<<< 's_left_flipper' inactive >>>>>>>
2025-11-24 20:44:12,305 : INFO : SwitchController : <<<<<<< 's_left_flipper' active >>>>>>>
2025-11-24 20:44:12,306 : INFO : EventManager : Event: ======'s_left_flipper_active'====== Args={}
2025-11-24 20:44:12,306 : INFO : EventManager : Event: ======'carousel_item_highlighted'====== Args={'carousel': 'attract', 'direction': 'backwards', 'item': 'mpf_and_cobrapin_logo'}
2025-11-24 20:44:12,355 : INFO : SwitchController : <<<<<<< 's_left_flipper' inactive >>>>>>>
2025-11-24 20:44:12,872 : INFO : SwitchController : <<<<<<< 's_left_flipper' active >>>>>>>
2025-11-24 20:44:12,872 : INFO : EventManager : Event: ======'s_left_flipper_active'====== Args={}
2025-11-24 20:44:12,873 : INFO : EventManager : Event: ======'carousel_item_highlighted'====== Args={'carousel': 'attract', 'direction': 'backwards', 'item': 'credits'}
2025-11-24 20:44:12,922 : INFO : SwitchController : <<<<<<< 's_left_flipper' inactive >>>>>>>
2025-11-24 20:44:13,406 : INFO : SwitchController : <<<<<<< 's_left_flipper' active >>>>>>>
2025-11-24 20:44:13,406 : INFO : EventManager : Event: ======'s_left_flipper_active'====== Args={}
2025-11-24 20:44:13,406 : INFO : EventManager : Event: ======'carousel_item_highlighted'====== Args={'carousel': 'attract', 'direction': 'backwards', 'item': 'map'}
2025-11-24 20:44:13,472 : INFO : SwitchController : <<<<<<< 's_left_flipper' inactive >>>>>>>
2025-11-24 20:44:13,838 : INFO : SwitchController : <<<<<<< 's_left_flipper' active >>>>>>>
2025-11-24 20:44:13,839 : INFO : EventManager : Event: ======'s_left_flipper_active'====== Args={}
2025-11-24 20:44:13,839 : INFO : EventManager : Event: ======'carousel_item_highlighted'====== Args={'carousel': 'attract', 'direction': 'backwards', 'item': 'title'}
2025-11-24 20:44:13,922 : INFO : SwitchController : <<<<<<< 's_left_flipper' inactive >>>>>>>
2025-11-24 20:44:14,238 : INFO : SwitchController : <<<<<<< 's_left_flipper' active >>>>>>>
2025-11-24 20:44:14,239 : INFO : EventManager : Event: ======'s_left_flipper_active'====== Args={}
2025-11-24 20:44:14,240 : INFO : EventManager : Event: ======'carousel_item_highlighted'====== Args={'carousel': 'attract', 'direction': 'backwards', 'item': 'team_cherry'}
2025-11-24 20:44:14,338 : INFO : SwitchController : <<<<<<< 's_left_flipper' inactive >>>>>>>
2025-11-24 20:44:14,756 : INFO : SwitchController : <<<<<<< 's_right_flipper' active >>>>>>>
2025-11-24 20:44:14,756 : INFO : EventManager : Event: ======'s_right_flipper_active'====== Args={}
2025-11-24 20:44:14,757 : INFO : EventManager : Event: ======'carousel_item_highlighted'====== Args={'carousel': 'attract', 'direction': 'forwards', 'item': 'title'}
2025-11-24 20:44:14,872 : INFO : SwitchController : <<<<<<< 's_right_flipper' inactive >>>>>>>
2025-11-24 20:44:15,065 : INFO : Timer.attract_carousel_timer : Timer Complete
2025-11-24 20:44:15,065 : INFO : Timer.attract_carousel_timer : Stopping Timer
2025-11-24 20:44:15,065 : INFO : EventManager : Event: ======'timer_attract_carousel_timer_stopped'====== Args={'ticks': 1, 'ticks_remaining': 1}
2025-11-24 20:44:15,065 : INFO : EventManager : Event: ======'timer_attract_carousel_timer_complete'====== Args={'ticks': 1, 'ticks_remaining': 1}
2025-11-24 20:44:15,066 : INFO : EventManager : Event: ======'carousel_item_highlighted'====== Args={'carousel': 'attract', 'direction': 'forwards', 'item': 'map'}
2025-11-24 20:44:15,066 : INFO : Timer.attract_carousel_timer : Starting Timer.
2025-11-24 20:44:15,066 : INFO : EventManager : Event: ======'timer_attract_carousel_timer_started'====== Args={'ticks': 0, 'ticks_remaining': 1}
2025-11-24 20:44:15,066 : INFO : EventManager : Event: ======'timer_attract_carousel_timer_tick'====== Args={'ticks': 0, 'ticks_remaining': 1}
2025-11-24 20:44:20,067 : INFO : Timer.attract_carousel_timer : Timer Complete
2025-11-24 20:44:20,068 : INFO : Timer.attract_carousel_timer : Stopping Timer
2025-11-24 20:44:20,068 : INFO : EventManager : Event: ======'timer_attract_carousel_timer_stopped'====== Args={'ticks': 1, 'ticks_remaining': 1}
2025-11-24 20:44:20,068 : INFO : EventManager : Event: ======'timer_attract_carousel_timer_complete'====== Args={'ticks': 1, 'ticks_remaining': 1}
2025-11-24 20:44:20,068 : INFO : EventManager : Event: ======'carousel_item_highlighted'====== Args={'carousel': 'attract', 'direction': 'forwards', 'item': 'credits'}
2025-11-24 20:44:20,069 : INFO : Timer.attract_carousel_timer : Starting Timer.
2025-11-24 20:44:20,069 : INFO : EventManager : Event: ======'timer_attract_carousel_timer_started'====== Args={'ticks': 0, 'ticks_remaining': 1}
2025-11-24 20:44:20,069 : INFO : EventManager : Event: ======'timer_attract_carousel_timer_tick'====== Args={'ticks': 0, 'ticks_remaining': 1}
2025-11-24 20:44:25,071 : INFO : Timer.attract_carousel_timer : Timer Complete
2025-11-24 20:44:25,071 : INFO : Timer.attract_carousel_timer : Stopping Timer
2025-11-24 20:44:25,072 : INFO : EventManager : Event: ======'timer_attract_carousel_timer_stopped'====== Args={'ticks': 1, 'ticks_remaining': 1}
2025-11-24 20:44:25,072 : INFO : EventManager : Event: ======'timer_attract_carousel_timer_complete'====== Args={'ticks': 1, 'ticks_remaining': 1}
2025-11-24 20:44:25,073 : INFO : EventManager : Event: ======'carousel_item_highlighted'====== Args={'carousel': 'attract', 'direction': 'forwards', 'item': 'mpf_and_cobrapin_logo'}
2025-11-24 20:44:25,073 : INFO : Timer.attract_carousel_timer : Starting Timer.
2025-11-24 20:44:25,073 : INFO : EventManager : Event: ======'timer_attract_carousel_timer_started'====== Args={'ticks': 0, 'ticks_remaining': 1}
2025-11-24 20:44:25,073 : INFO : EventManager : Event: ======'timer_attract_carousel_timer_tick'====== Args={'ticks': 0, 'ticks_remaining': 1}
2025-11-24 20:44:30,073 : INFO : Timer.attract_carousel_timer : Timer Complete
2025-11-24 20:44:30,073 : INFO : Timer.attract_carousel_timer : Stopping Timer
2025-11-24 20:44:30,073 : INFO : EventManager : Event: ======'timer_attract_carousel_timer_stopped'====== Args={'ticks': 1, 'ticks_remaining': 1}
2025-11-24 20:44:30,074 : INFO : EventManager : Event: ======'timer_attract_carousel_timer_complete'====== Args={'ticks': 1, 'ticks_remaining': 1}
2025-11-24 20:44:30,074 : INFO : EventManager : Event: ======'carousel_item_highlighted'====== Args={'carousel': 'attract', 'direction': 'forwards', 'item': 'team_cherry'}
2025-11-24 20:44:30,074 : INFO : Timer.attract_carousel_timer : Starting Timer.
2025-11-24 20:44:30,074 : INFO : EventManager : Event: ======'timer_attract_carousel_timer_started'====== Args={'ticks': 0, 'ticks_remaining': 1}
2025-11-24 20:44:30,074 : INFO : EventManager : Event: ======'timer_attract_carousel_timer_tick'====== Args={'ticks': 0, 'ticks_remaining': 1}
2025-11-24 20:44:32,566 : INFO : Machine : Shutting down...
2025-11-24 20:44:32,566 : INFO : EventManager : Event: ======'shutdown'====== Args={}
2025-11-24 20:44:32,569 : INFO : root : MPF run loop ended.
