2025-11-25 06:53:30,896 : INFO : root : Loading config.
2025-11-25 06:53:30,898 : INFO : YamlMultifileConfigLoader : Machine config file #1: config.yaml
2025-11-25 06:53:30,898 : INFO : ConfigProcessor : Loading config from cache: /var/folders/k0/j_dpx55x4kndbs36pl2nt9l00000gn/T/92f7f295141fbdde09e201e7fd0f1349.mpf_cache
2025-11-25 06:53:30,919 : INFO : ConfigProcessor : Loading config from cache: /var/folders/k0/j_dpx55x4kndbs36pl2nt9l00000gn/T/7b77bdcd1da4c54cc720d492bab55a0d.mpf_cache
2025-11-25 06:53:30,919 : INFO : ConfigProcessor : Loading config from cache: /var/folders/k0/j_dpx55x4kndbs36pl2nt9l00000gn/T/501e18c1625d42f1ba9bf53b020c49c5.mpf_cache
2025-11-25 06:53:30,919 : INFO : ConfigProcessor : Loading config from cache: /var/folders/k0/j_dpx55x4kndbs36pl2nt9l00000gn/T/7b77bdcd1da4c54cc720d492bab55a0d.mpf_cache
2025-11-25 06:53:30,920 : INFO : ConfigProcessor : Loading config from cache: /var/folders/k0/j_dpx55x4kndbs36pl2nt9l00000gn/T/dda6f4da00898f9f0a4796a41d9a2ef0.mpf_cache
2025-11-25 06:53:30,920 : INFO : ConfigProcessor : Loading config from cache: /var/folders/k0/j_dpx55x4kndbs36pl2nt9l00000gn/T/522fc819f659907ecbd91e12554f307a.mpf_cache
2025-11-25 06:53:30,920 : INFO : Machine : Mission Pinball Framework Core Engine v0.80.0.dev11
2025-11-25 06:53:30,920 : INFO : Machine : Command line arguments: {'no_load_cache': False, 'create_config_cache': True, 'bcp': True, 'configfile': ['config.yaml'], 'force_assets_load': False, 'platform_integration_test': False, 'jsonlogging': False, 'logfile': 'logs/2025-11-25-06-53-30-mpf-Sams-MacBook-Air-2.local.log', 'pause': False, 'production': False, 'text_ui': True, 'loglevel': 15, 'consoleloglevel': 20, 'force_platform': 'virtual', 'syslog_address': None, 'full_logfile_path': '/Users/samhughes/Desktop/Hollow-Knight-Pinball/logs/2025-11-25-06-53-30-mpf-Sams-MacBook-Air-2.local.log'}
2025-11-25 06:53:30,920 : INFO : Machine : MPF path: /Users/samhughes/mpf/lib/python3.13/site-packages/mpf
2025-11-25 06:53:30,920 : INFO : Machine : Machine path: /Users/samhughes/Desktop/Hollow-Knight-Pinball
2025-11-25 06:53:30,920 : INFO : Machine : Platform: darwin
2025-11-25 06:53:30,920 : INFO : Machine : Python executable location: /Users/samhughes/mpf/bin/python3.13
2025-11-25 06:53:30,920 : INFO : Machine : Python version: 3.13.2 (64-bit)
2025-11-25 06:53:30,921 : INFO : Machine : Initializing MPF...
2025-11-25 06:53:30,944 : INFO : EventManager : Event: ======'machine_var_credits_string'====== Args={'value': 'FREE PLAY', 'prev_value': None, 'change': True}
2025-11-25 06:53:30,948 : INFO : EventManager : Event: ======'machine_var_master_volume'====== Args={'value': 0.5, 'prev_value': None, 'change': True}
2025-11-25 06:53:30,948 : INFO : EventManager : Event: ======'machine_var_mpf_version'====== Args={'value': 'Mission Pinball Framework v0.80.0.dev11', 'prev_value': None, 'change': True}
2025-11-25 06:53:30,948 : INFO : EventManager : Event: ======'machine_var_mpf_extended_version'====== Args={'value': 'Mission Pinball Framework v0.80.0.dev11, Config version:6, Show version: 6, BCP version:1.1', 'prev_value': None, 'change': True}
2025-11-25 06:53:30,948 : INFO : EventManager : Event: ======'machine_var_python_version'====== Args={'value': '3.13.2', 'prev_value': None, 'change': True}
2025-11-25 06:53:30,955 : INFO : EventManager : Event: ======'machine_var_platform'====== Args={'value': 'macOS-15.6.1-arm64-arm-64bit-Mach-O', 'prev_value': None, 'change': True}
2025-11-25 06:53:30,955 : INFO : EventManager : Event: ======'machine_var_platform_system'====== Args={'value': 'Darwin', 'prev_value': None, 'change': True}
2025-11-25 06:53:30,955 : INFO : EventManager : Event: ======'machine_var_platform_release'====== Args={'value': '24.6.0', 'prev_value': None, 'change': True}
2025-11-25 06:53:30,955 : INFO : EventManager : Event: ======'machine_var_platform_version'====== Args={'value': 'Darwin Kernel Version 24.6.0: Mon Jul 14 11:29:54 PDT 2025; root:xnu-11417.140.69~1/RELEASE_ARM64_T8122', 'prev_value': None, 'change': True}
2025-11-25 06:53:30,955 : INFO : EventManager : Event: ======'machine_var_platform_machine'====== Args={'value': 'arm64', 'prev_value': None, 'change': True}
2025-11-25 06:53:30,955 : INFO : EventManager : Event: ======'machine_var_log_file_path'====== Args={'value': '/Users/samhughes/Desktop/Hollow-Knight-Pinball/logs/2025-11-25-06-53-30-mpf-Sams-MacBook-Air-2.local.log', 'prev_value': None, 'change': True}
2025-11-25 06:53:30,955 : INFO : EventManager : Event: ======'init_phase_1'====== Args={}
2025-11-25 06:53:30,961 : INFO : EventManager : Event: ======'init_phase_2'====== Args={}
2025-11-25 06:53:30,961 : INFO : SwitchController : Found active switch: (1002, <Platform.Virtual>) <switch.s_trough_1>
2025-11-25 06:53:30,961 : INFO : SwitchController : Found active switch: (1003, <Platform.Virtual>) <switch.s_trough_2>
2025-11-25 06:53:30,961 : INFO : SwitchController : Found active switch: (1004, <Platform.Virtual>) <switch.s_trough_3>
2025-11-25 06:53:30,962 : INFO : EventManager : Event: ======'bcp_connection_attempt'====== Args={'name': 'local_display', 'host': 'localhost', 'port': 5050}
2025-11-25 06:53:30,963 : INFO : BCPClientSocket : Connecting BCP to 'local_display' at localhost:5050...
2025-11-25 06:53:30,965 : INFO : BCPClientSocket : Connected BCP to 'local_display' localhost:5050
2025-11-25 06:53:30,965 : INFO : EventManager : Event: ======'bcp_clients_connected'====== Args={}
2025-11-25 06:53:30,966 : INFO : ball_device.bd_trough : BCH: Initial count: 3
2025-11-25 06:53:30,966 : INFO : ball_device.bd_trough : State: idle
2025-11-25 06:53:30,966 : INFO : ball_device.bd_plunger : BCH: Initial count: 0
2025-11-25 06:53:30,966 : INFO : ball_device.bd_plunger : State: idle
2025-11-25 06:53:30,971 : INFO : EventManager : Event: ======'init_phase_3'====== Args={}
2025-11-25 06:53:30,972 : INFO : EventManager : Event: ======'init_phase_4'====== Args={}
2025-11-25 06:53:30,973 : INFO : BallController : Initial balls found: 3
2025-11-25 06:53:30,973 : INFO : EventManager : Event: ======'machine_var_audits_events_game_ended'====== Args={'value': 0, 'prev_value': None, 'change': True}
2025-11-25 06:53:30,973 : INFO : EventManager : Event: ======'machine_var_audits_events_game_started'====== Args={'value': 12, 'prev_value': None, 'change': True}
2025-11-25 06:53:30,973 : INFO : EventManager : Event: ======'machine_var_audits_missing_switches_s_back_left_target'====== Args={'value': 12, 'prev_value': None, 'change': True}
2025-11-25 06:53:30,973 : INFO : EventManager : Event: ======'machine_var_audits_missing_switches_s_back_middle_left_target'====== Args={'value': 10, 'prev_value': None, 'change': True}
2025-11-25 06:53:30,973 : INFO : EventManager : Event: ======'machine_var_audits_missing_switches_s_back_middle_right_target'====== Args={'value': 10, 'prev_value': None, 'change': True}
2025-11-25 06:53:30,973 : INFO : EventManager : Event: ======'machine_var_audits_missing_switches_s_back_right_target'====== Args={'value': 10, 'prev_value': None, 'change': True}
2025-11-25 06:53:30,973 : INFO : EventManager : Event: ======'machine_var_audits_missing_switches_s_bottom_left_slingshot'====== Args={'value': 12, 'prev_value': None, 'change': True}
2025-11-25 06:53:30,973 : INFO : EventManager : Event: ======'machine_var_audits_missing_switches_s_bottom_right_slingshot'====== Args={'value': 12, 'prev_value': None, 'change': True}
2025-11-25 06:53:30,973 : INFO : EventManager : Event: ======'machine_var_audits_missing_switches_s_front_left_target'====== Args={'value': 12, 'prev_value': None, 'change': True}
2025-11-25 06:53:30,973 : INFO : EventManager : Event: ======'machine_var_audits_missing_switches_s_front_middle_target'====== Args={'value': 10, 'prev_value': None, 'change': True}
2025-11-25 06:53:30,973 : INFO : EventManager : Event: ======'machine_var_audits_missing_switches_s_front_right_target'====== Args={'value': 10, 'prev_value': None, 'change': True}
2025-11-25 06:53:30,973 : INFO : EventManager : Event: ======'machine_var_audits_missing_switches_s_lane_to_pop'====== Args={'value': 10, 'prev_value': None, 'change': True}
2025-11-25 06:53:30,973 : INFO : EventManager : Event: ======'machine_var_audits_missing_switches_s_left_flipper'====== Args={'value': 12, 'prev_value': None, 'change': True}
2025-11-25 06:53:30,973 : INFO : EventManager : Event: ======'machine_var_audits_missing_switches_s_left_inlane'====== Args={'value': 10, 'prev_value': None, 'change': True}
2025-11-25 06:53:30,973 : INFO : EventManager : Event: ======'machine_var_audits_missing_switches_s_left_orbit'====== Args={'value': 10, 'prev_value': None, 'change': True}
2025-11-25 06:53:30,973 : INFO : EventManager : Event: ======'machine_var_audits_missing_switches_s_left_outlane'====== Args={'value': 10, 'prev_value': None, 'change': True}
2025-11-25 06:53:30,973 : INFO : EventManager : Event: ======'machine_var_audits_missing_switches_s_pop_bumper'====== Args={'value': 12, 'prev_value': None, 'change': True}
2025-11-25 06:53:30,973 : INFO : EventManager : Event: ======'machine_var_audits_missing_switches_s_ramp'====== Args={'value': 10, 'prev_value': None, 'change': True}
2025-11-25 06:53:30,973 : INFO : EventManager : Event: ======'machine_var_audits_missing_switches_s_right_flipper'====== Args={'value': 12, 'prev_value': None, 'change': True}
2025-11-25 06:53:30,973 : INFO : EventManager : Event: ======'machine_var_audits_missing_switches_s_right_inlane'====== Args={'value': 10, 'prev_value': None, 'change': True}
2025-11-25 06:53:30,973 : INFO : EventManager : Event: ======'machine_var_audits_missing_switches_s_right_outlane'====== Args={'value': 10, 'prev_value': None, 'change': True}
2025-11-25 06:53:30,973 : INFO : EventManager : Event: ======'machine_var_audits_missing_switches_s_saucer'====== Args={'value': 10, 'prev_value': None, 'change': True}
2025-11-25 06:53:30,973 : INFO : EventManager : Event: ======'machine_var_audits_missing_switches_s_start'====== Args={'value': 3, 'prev_value': None, 'change': True}
2025-11-25 06:53:30,973 : INFO : EventManager : Event: ======'machine_var_audits_missing_switches_s_top_left_slingshot'====== Args={'value': 12, 'prev_value': None, 'change': True}
2025-11-25 06:53:30,973 : INFO : EventManager : Event: ======'machine_var_audits_missing_switches_s_top_right_slingshot'====== Args={'value': 12, 'prev_value': None, 'change': True}
2025-11-25 06:53:30,974 : INFO : EventManager : Event: ======'machine_var_audits_missing_switches_s_vuk'====== Args={'value': 10, 'prev_value': None, 'change': True}
2025-11-25 06:53:30,974 : INFO : EventManager : Event: ======'machine_var_audits_player_score'====== Args={'value': {'average': 0, 'top': [], 'total': 0}, 'prev_value': None, 'change': True}
2025-11-25 06:53:30,974 : INFO : EventManager : Event: ======'machine_var_audits_shots_right_orbit'====== Args={'value': 157, 'prev_value': None, 'change': True}
2025-11-25 06:53:30,974 : INFO : EventManager : Event: ======'machine_var_audits_switches_s_back_left_target'====== Args={'value': 0, 'prev_value': None, 'change': True}
2025-11-25 06:53:30,974 : INFO : EventManager : Event: ======'machine_var_audits_switches_s_back_middle_left_target'====== Args={'value': 1, 'prev_value': None, 'change': True}
2025-11-25 06:53:30,974 : INFO : EventManager : Event: ======'machine_var_audits_switches_s_back_middle_right_target'====== Args={'value': 1, 'prev_value': None, 'change': True}
2025-11-25 06:53:30,974 : INFO : EventManager : Event: ======'machine_var_audits_switches_s_back_right_target'====== Args={'value': 1, 'prev_value': None, 'change': True}
2025-11-25 06:53:30,974 : INFO : EventManager : Event: ======'machine_var_audits_switches_s_bottom_left_slingshot'====== Args={'value': 0, 'prev_value': None, 'change': True}
2025-11-25 06:53:30,974 : INFO : EventManager : Event: ======'machine_var_audits_switches_s_bottom_right_slingshot'====== Args={'value': 0, 'prev_value': None, 'change': True}
2025-11-25 06:53:30,974 : INFO : EventManager : Event: ======'machine_var_audits_switches_s_front_left_target'====== Args={'value': 0, 'prev_value': None, 'change': True}
2025-11-25 06:53:30,974 : INFO : EventManager : Event: ======'machine_var_audits_switches_s_front_middle_target'====== Args={'value': 1, 'prev_value': None, 'change': True}
2025-11-25 06:53:30,974 : INFO : EventManager : Event: ======'machine_var_audits_switches_s_front_right_target'====== Args={'value': 1, 'prev_value': None, 'change': True}
2025-11-25 06:53:30,974 : INFO : EventManager : Event: ======'machine_var_audits_switches_s_lane_to_pop'====== Args={'value': 2, 'prev_value': None, 'change': True}
2025-11-25 06:53:30,974 : INFO : EventManager : Event: ======'machine_var_audits_switches_s_left_flipper'====== Args={'value': 0, 'prev_value': None, 'change': True}
2025-11-25 06:53:30,974 : INFO : EventManager : Event: ======'machine_var_audits_switches_s_left_inlane'====== Args={'value': 1, 'prev_value': None, 'change': True}
2025-11-25 06:53:30,974 : INFO : EventManager : Event: ======'machine_var_audits_switches_s_left_orbit'====== Args={'value': 2, 'prev_value': None, 'change': True}
2025-11-25 06:53:30,974 : INFO : EventManager : Event: ======'machine_var_audits_switches_s_left_outlane'====== Args={'value': 1, 'prev_value': None, 'change': True}
2025-11-25 06:53:30,974 : INFO : EventManager : Event: ======'machine_var_audits_switches_s_plunger_lane'====== Args={'value': 95, 'prev_value': None, 'change': True}
2025-11-25 06:53:30,974 : INFO : EventManager : Event: ======'machine_var_audits_switches_s_pop_bumper'====== Args={'value': 0, 'prev_value': None, 'change': True}
2025-11-25 06:53:30,974 : INFO : EventManager : Event: ======'machine_var_audits_switches_s_ramp'====== Args={'value': 2, 'prev_value': None, 'change': True}
2025-11-25 06:53:30,974 : INFO : EventManager : Event: ======'machine_var_audits_switches_s_right_flipper'====== Args={'value': 0, 'prev_value': None, 'change': True}
2025-11-25 06:53:30,974 : INFO : EventManager : Event: ======'machine_var_audits_switches_s_right_inlane'====== Args={'value': 1, 'prev_value': None, 'change': True}
2025-11-25 06:53:30,974 : INFO : EventManager : Event: ======'machine_var_audits_switches_s_right_orbit'====== Args={'value': 171, 'prev_value': None, 'change': True}
2025-11-25 06:53:30,974 : INFO : EventManager : Event: ======'machine_var_audits_switches_s_right_outlane'====== Args={'value': 1, 'prev_value': None, 'change': True}
2025-11-25 06:53:30,974 : INFO : EventManager : Event: ======'machine_var_audits_switches_s_saucer'====== Args={'value': 4, 'prev_value': None, 'change': True}
2025-11-25 06:53:30,974 : INFO : EventManager : Event: ======'machine_var_audits_switches_s_start'====== Args={'value': 16, 'prev_value': None, 'change': True}
2025-11-25 06:53:30,974 : INFO : EventManager : Event: ======'machine_var_audits_switches_s_top_left_slingshot'====== Args={'value': 0, 'prev_value': None, 'change': True}
2025-11-25 06:53:30,974 : INFO : EventManager : Event: ======'machine_var_audits_switches_s_top_right_slingshot'====== Args={'value': 0, 'prev_value': None, 'change': True}
2025-11-25 06:53:30,974 : INFO : EventManager : Event: ======'machine_var_audits_switches_s_trough_1'====== Args={'value': 4, 'prev_value': None, 'change': True}
2025-11-25 06:53:30,974 : INFO : EventManager : Event: ======'machine_var_audits_switches_s_trough_2'====== Args={'value': 7, 'prev_value': None, 'change': True}
2025-11-25 06:53:30,974 : INFO : EventManager : Event: ======'machine_var_audits_switches_s_trough_3'====== Args={'value': 48, 'prev_value': None, 'change': True}
2025-11-25 06:53:30,974 : INFO : EventManager : Event: ======'machine_var_audits_switches_s_vuk'====== Args={'value': 2, 'prev_value': None, 'change': True}
2025-11-25 06:53:30,974 : INFO : EventManager : Event: ======'init_phase_5'====== Args={}
2025-11-25 06:53:30,974 : INFO : EventManager : Event: ======'init_done'====== Args={}
2025-11-25 06:53:30,974 : INFO : EventManager : Event: ======'machine_reset_phase_1'====== Args={}
2025-11-25 06:53:30,975 : INFO : EventManager : Event: ======'machine_reset_phase_2'====== Args={}
2025-11-25 06:53:30,975 : INFO : EventManager : Event: ======'machine_reset_phase_3'====== Args={}
2025-11-25 06:53:30,976 : INFO : EventManager : Event: ======'reset_complete'====== Args={}
2025-11-25 06:53:30,976 : INFO : EventManager : Event: ======'mode_attract_will_start'====== Args={}
2025-11-25 06:53:30,976 : INFO : Timer.attract_carousel_timer : Starting Timer.
2025-11-25 06:53:30,976 : INFO : EventManager : Event: ======'timer_attract_carousel_timer_started'====== Args={'ticks': 0, 'ticks_remaining': 1}
2025-11-25 06:53:30,976 : INFO : EventManager : Event: ======'timer_attract_carousel_timer_tick'====== Args={'ticks': 0, 'ticks_remaining': 1}
2025-11-25 06:53:30,976 : INFO : EventManager : Event: ======'mode_attract_starting'====== Args={}
2025-11-25 06:53:30,976 : INFO : Mode.attract : Started. Priority: 10
2025-11-25 06:53:30,976 : INFO : EventManager : Event: ======'modes_active_modes_changed'====== Args={}
2025-11-25 06:53:30,976 : INFO : EventManager : Event: ======'mode_attract_started'====== Args={}
2025-11-25 06:53:30,977 : INFO : EventManager : Event: ======'collecting_balls_complete'====== Args={}
2025-11-25 06:53:30,977 : INFO : EventManager : Event: ======'carousel_item_highlighted'====== Args={'carousel': 'attract', 'direction': None, 'item': 'title'}
2025-11-25 06:53:30,977 : INFO : Machine : Starting the main run loop with active modes: [<Mode.attract>]
2025-11-25 06:53:31,093 : INFO : EventManager : Event: ======'slide_attract_created'====== Args={'_from_bcp': True}
2025-11-25 06:53:31,093 : INFO : EventManager : Event: ======'slide__removed'====== Args={'_from_bcp': True}
2025-11-25 06:53:31,093 : INFO : EventManager : Event: ======'slide_attract_active'====== Args={'original_context': 'attract', 'original_calling_context': 'mode_attract_started', 'priority': 10.0, 'cmd': 'slides_play', '_from_bcp': True}
2025-11-25 06:53:33,110 : INFO : SwitchController : <<<<<<< 's_right_flipper' active >>>>>>>
2025-11-25 06:53:33,110 : INFO : EventManager : Event: ======'s_right_flipper_active'====== Args={}
2025-11-25 06:53:33,111 : INFO : EventManager : Event: ======'carousel_item_highlighted'====== Args={'carousel': 'attract', 'direction': 'forwards', 'item': 'map'}
2025-11-25 06:53:33,293 : INFO : SwitchController : <<<<<<< 's_right_flipper' inactive >>>>>>>
2025-11-25 06:53:33,576 : INFO : SwitchController : <<<<<<< 's_right_flipper' active >>>>>>>
2025-11-25 06:53:33,576 : INFO : EventManager : Event: ======'s_right_flipper_active'====== Args={}
2025-11-25 06:53:33,577 : INFO : EventManager : Event: ======'carousel_item_highlighted'====== Args={'carousel': 'attract', 'direction': 'forwards', 'item': 'credits'}
2025-11-25 06:53:33,710 : INFO : SwitchController : <<<<<<< 's_right_flipper' inactive >>>>>>>
2025-11-25 06:53:33,926 : INFO : SwitchController : <<<<<<< 's_right_flipper' active >>>>>>>
2025-11-25 06:53:33,927 : INFO : EventManager : Event: ======'s_right_flipper_active'====== Args={}
2025-11-25 06:53:33,927 : INFO : EventManager : Event: ======'carousel_item_highlighted'====== Args={'carousel': 'attract', 'direction': 'forwards', 'item': 'mpf_and_cobrapin_logo'}
2025-11-25 06:53:34,010 : INFO : SwitchController : <<<<<<< 's_right_flipper' inactive >>>>>>>
2025-11-25 06:53:34,259 : INFO : SwitchController : <<<<<<< 's_right_flipper' active >>>>>>>
2025-11-25 06:53:34,259 : INFO : EventManager : Event: ======'s_right_flipper_active'====== Args={}
2025-11-25 06:53:34,260 : INFO : EventManager : Event: ======'carousel_item_highlighted'====== Args={'carousel': 'attract', 'direction': 'forwards', 'item': 'team_cherry'}
2025-11-25 06:53:34,394 : INFO : SwitchController : <<<<<<< 's_right_flipper' inactive >>>>>>>
2025-11-25 06:53:34,559 : INFO : SwitchController : <<<<<<< 's_right_flipper' active >>>>>>>
2025-11-25 06:53:34,559 : INFO : EventManager : Event: ======'s_right_flipper_active'====== Args={}
2025-11-25 06:53:34,560 : INFO : EventManager : Event: ======'carousel_item_highlighted'====== Args={'carousel': 'attract', 'direction': 'forwards', 'item': 'title'}
2025-11-25 06:53:34,693 : INFO : SwitchController : <<<<<<< 's_right_flipper' inactive >>>>>>>
2025-11-25 06:53:35,277 : INFO : SwitchController : <<<<<<< 's_right_flipper' active >>>>>>>
2025-11-25 06:53:35,277 : INFO : EventManager : Event: ======'s_right_flipper_active'====== Args={}
2025-11-25 06:53:35,278 : INFO : EventManager : Event: ======'carousel_item_highlighted'====== Args={'carousel': 'attract', 'direction': 'forwards', 'item': 'map'}
2025-11-25 06:53:35,310 : INFO : SwitchController : <<<<<<< 's_left_flipper' active >>>>>>>
2025-11-25 06:53:35,311 : INFO : EventManager : Event: ======'s_left_flipper_active'====== Args={}
2025-11-25 06:53:35,311 : INFO : EventManager : Event: ======'flipper_cancel'====== Args={'triggering_group': 1, 'triggering_switch': 's_left_flipper'}
2025-11-25 06:53:35,311 : INFO : EventManager : Event: ======'carousel_item_highlighted'====== Args={'carousel': 'attract', 'direction': 'backwards', 'item': 'title'}
2025-11-25 06:53:35,327 : INFO : SwitchController : <<<<<<< 's_right_flipper' inactive >>>>>>>
2025-11-25 06:53:35,328 : INFO : EventManager : Event: ======'both_flippers_one'====== Args={'triggering_group': 2, 'triggering_switch': 's_right_flipper'}
2025-11-25 06:53:35,409 : INFO : SwitchController : <<<<<<< 's_left_flipper' inactive >>>>>>>
2025-11-25 06:53:35,410 : INFO : EventManager : Event: ======'both_flippers_inactive'====== Args={'triggering_group': 1, 'triggering_switch': 's_left_flipper'}
2025-11-25 06:53:35,509 : INFO : SwitchController : <<<<<<< 's_right_flipper' active >>>>>>>
2025-11-25 06:53:35,510 : INFO : EventManager : Event: ======'s_right_flipper_active'====== Args={}
2025-11-25 06:53:35,511 : INFO : EventManager : Event: ======'carousel_item_highlighted'====== Args={'carousel': 'attract', 'direction': 'forwards', 'item': 'map'}
2025-11-25 06:53:35,693 : INFO : SwitchController : <<<<<<< 's_right_flipper' inactive >>>>>>>
2025-11-25 06:53:35,743 : INFO : SwitchController : <<<<<<< 's_left_flipper' active >>>>>>>
2025-11-25 06:53:35,743 : INFO : EventManager : Event: ======'s_left_flipper_active'====== Args={}
2025-11-25 06:53:35,744 : INFO : EventManager : Event: ======'carousel_item_highlighted'====== Args={'carousel': 'attract', 'direction': 'backwards', 'item': 'title'}
2025-11-25 06:53:35,876 : INFO : SwitchController : <<<<<<< 's_left_flipper' inactive >>>>>>>
2025-11-25 06:53:35,978 : INFO : Timer.attract_carousel_timer : Timer Complete
2025-11-25 06:53:35,978 : INFO : Timer.attract_carousel_timer : Stopping Timer
2025-11-25 06:53:35,978 : INFO : EventManager : Event: ======'timer_attract_carousel_timer_stopped'====== Args={'ticks': 1, 'ticks_remaining': 1}
2025-11-25 06:53:35,978 : INFO : EventManager : Event: ======'timer_attract_carousel_timer_complete'====== Args={'ticks': 1, 'ticks_remaining': 1}
2025-11-25 06:53:35,979 : INFO : EventManager : Event: ======'carousel_item_highlighted'====== Args={'carousel': 'attract', 'direction': 'forwards', 'item': 'map'}
2025-11-25 06:53:35,979 : INFO : Timer.attract_carousel_timer : Starting Timer.
2025-11-25 06:53:35,979 : INFO : EventManager : Event: ======'timer_attract_carousel_timer_started'====== Args={'ticks': 0, 'ticks_remaining': 1}
2025-11-25 06:53:35,979 : INFO : EventManager : Event: ======'timer_attract_carousel_timer_tick'====== Args={'ticks': 0, 'ticks_remaining': 1}
2025-11-25 06:53:36,009 : INFO : SwitchController : <<<<<<< 's_left_flipper' active >>>>>>>
2025-11-25 06:53:36,010 : INFO : EventManager : Event: ======'s_left_flipper_active'====== Args={}
2025-11-25 06:53:36,010 : INFO : EventManager : Event: ======'carousel_item_highlighted'====== Args={'carousel': 'attract', 'direction': 'backwards', 'item': 'title'}
2025-11-25 06:53:36,093 : INFO : SwitchController : <<<<<<< 's_left_flipper' inactive >>>>>>>
2025-11-25 06:53:36,209 : INFO : SwitchController : <<<<<<< 's_left_flipper' active >>>>>>>
2025-11-25 06:53:36,210 : INFO : EventManager : Event: ======'s_left_flipper_active'====== Args={}
2025-11-25 06:53:36,210 : INFO : EventManager : Event: ======'carousel_item_highlighted'====== Args={'carousel': 'attract', 'direction': 'backwards', 'item': 'team_cherry'}
2025-11-25 06:53:36,293 : INFO : SwitchController : <<<<<<< 's_left_flipper' inactive >>>>>>>
2025-11-25 06:53:36,393 : INFO : SwitchController : <<<<<<< 's_left_flipper' active >>>>>>>
2025-11-25 06:53:36,393 : INFO : EventManager : Event: ======'s_left_flipper_active'====== Args={}
2025-11-25 06:53:36,394 : INFO : EventManager : Event: ======'carousel_item_highlighted'====== Args={'carousel': 'attract', 'direction': 'backwards', 'item': 'mpf_and_cobrapin_logo'}
2025-11-25 06:53:36,493 : INFO : SwitchController : <<<<<<< 's_left_flipper' inactive >>>>>>>
2025-11-25 06:53:36,626 : INFO : SwitchController : <<<<<<< 's_left_flipper' active >>>>>>>
2025-11-25 06:53:36,626 : INFO : EventManager : Event: ======'s_left_flipper_active'====== Args={}
2025-11-25 06:53:36,627 : INFO : EventManager : Event: ======'carousel_item_highlighted'====== Args={'carousel': 'attract', 'direction': 'backwards', 'item': 'credits'}
2025-11-25 06:53:36,709 : INFO : SwitchController : <<<<<<< 's_left_flipper' inactive >>>>>>>
2025-11-25 06:53:36,843 : INFO : SwitchController : <<<<<<< 's_left_flipper' active >>>>>>>
2025-11-25 06:53:36,843 : INFO : EventManager : Event: ======'s_left_flipper_active'====== Args={}
2025-11-25 06:53:36,844 : INFO : EventManager : Event: ======'carousel_item_highlighted'====== Args={'carousel': 'attract', 'direction': 'backwards', 'item': 'map'}
2025-11-25 06:53:36,959 : INFO : SwitchController : <<<<<<< 's_right_flipper' active >>>>>>>
2025-11-25 06:53:36,960 : INFO : EventManager : Event: ======'s_right_flipper_active'====== Args={}
2025-11-25 06:53:36,960 : INFO : EventManager : Event: ======'flipper_cancel'====== Args={'triggering_group': 2, 'triggering_switch': 's_right_flipper'}
2025-11-25 06:53:36,960 : INFO : EventManager : Event: ======'carousel_item_highlighted'====== Args={'carousel': 'attract', 'direction': 'forwards', 'item': 'credits'}
2025-11-25 06:53:36,976 : INFO : SwitchController : <<<<<<< 's_left_flipper' inactive >>>>>>>
2025-11-25 06:53:36,976 : INFO : EventManager : Event: ======'both_flippers_one'====== Args={'triggering_group': 1, 'triggering_switch': 's_left_flipper'}
2025-11-25 06:53:37,143 : INFO : SwitchController : <<<<<<< 's_right_flipper' inactive >>>>>>>
2025-11-25 06:53:37,144 : INFO : EventManager : Event: ======'both_flippers_inactive'====== Args={'triggering_group': 2, 'triggering_switch': 's_right_flipper'}
2025-11-25 06:53:37,160 : INFO : SwitchController : <<<<<<< 's_left_flipper' active >>>>>>>
2025-11-25 06:53:37,160 : INFO : EventManager : Event: ======'s_left_flipper_active'====== Args={}
2025-11-25 06:53:37,160 : INFO : EventManager : Event: ======'carousel_item_highlighted'====== Args={'carousel': 'attract', 'direction': 'backwards', 'item': 'map'}
2025-11-25 06:53:37,292 : INFO : SwitchController : <<<<<<< 's_left_flipper' inactive >>>>>>>
2025-11-25 06:53:37,394 : INFO : SwitchController : <<<<<<< 's_right_flipper' active >>>>>>>
2025-11-25 06:53:37,394 : INFO : EventManager : Event: ======'s_right_flipper_active'====== Args={}
2025-11-25 06:53:37,395 : INFO : EventManager : Event: ======'carousel_item_highlighted'====== Args={'carousel': 'attract', 'direction': 'forwards', 'item': 'credits'}
2025-11-25 06:53:37,459 : INFO : SwitchController : <<<<<<< 's_left_flipper' active >>>>>>>
2025-11-25 06:53:37,460 : INFO : EventManager : Event: ======'s_left_flipper_active'====== Args={}
2025-11-25 06:53:37,460 : INFO : EventManager : Event: ======'flipper_cancel'====== Args={'triggering_group': 1, 'triggering_switch': 's_left_flipper'}
2025-11-25 06:53:37,461 : INFO : EventManager : Event: ======'carousel_item_highlighted'====== Args={'carousel': 'attract', 'direction': 'backwards', 'item': 'map'}
2025-11-25 06:53:37,493 : INFO : SwitchController : <<<<<<< 's_right_flipper' inactive >>>>>>>
2025-11-25 06:53:37,493 : INFO : EventManager : Event: ======'both_flippers_one'====== Args={'triggering_group': 2, 'triggering_switch': 's_right_flipper'}
2025-11-25 06:53:37,610 : INFO : SwitchController : <<<<<<< 's_left_flipper' inactive >>>>>>>
2025-11-25 06:53:37,610 : INFO : EventManager : Event: ======'both_flippers_inactive'====== Args={'triggering_group': 1, 'triggering_switch': 's_left_flipper'}
2025-11-25 06:53:37,775 : INFO : SwitchController : <<<<<<< 's_left_flipper' active >>>>>>>
2025-11-25 06:53:37,776 : INFO : EventManager : Event: ======'s_left_flipper_active'====== Args={}
2025-11-25 06:53:37,776 : INFO : EventManager : Event: ======'carousel_item_highlighted'====== Args={'carousel': 'attract', 'direction': 'backwards', 'item': 'title'}
2025-11-25 06:53:37,859 : INFO : SwitchController : <<<<<<< 's_left_flipper' inactive >>>>>>>
2025-11-25 06:53:37,994 : INFO : SwitchController : <<<<<<< 's_left_flipper' active >>>>>>>
2025-11-25 06:53:37,994 : INFO : EventManager : Event: ======'s_left_flipper_active'====== Args={}
2025-11-25 06:53:37,994 : INFO : EventManager : Event: ======'carousel_item_highlighted'====== Args={'carousel': 'attract', 'direction': 'backwards', 'item': 'team_cherry'}
2025-11-25 06:53:38,059 : INFO : SwitchController : <<<<<<< 's_left_flipper' inactive >>>>>>>
2025-11-25 06:53:38,193 : INFO : SwitchController : <<<<<<< 's_left_flipper' active >>>>>>>
2025-11-25 06:53:38,193 : INFO : EventManager : Event: ======'s_left_flipper_active'====== Args={}
2025-11-25 06:53:38,194 : INFO : EventManager : Event: ======'carousel_item_highlighted'====== Args={'carousel': 'attract', 'direction': 'backwards', 'item': 'mpf_and_cobrapin_logo'}
2025-11-25 06:53:38,276 : INFO : SwitchController : <<<<<<< 's_left_flipper' inactive >>>>>>>
2025-11-25 06:53:40,733 : INFO : Machine : Shutting down...
2025-11-25 06:53:40,733 : INFO : EventManager : Event: ======'shutdown'====== Args={}
2025-11-25 06:53:40,737 : INFO : root : MPF run loop ended.
