2025-11-29 10:18:21,476 : INFO : root : Loading config.
2025-11-29 10:18:21,477 : INFO : YamlMultifileConfigLoader : Machine config file #1: config.yaml
2025-11-29 10:18:21,477 : INFO : ConfigProcessor : Loading config from cache: /var/folders/k0/j_dpx55x4kndbs36pl2nt9l00000gn/T/92f7f295141fbdde09e201e7fd0f1349.mpf_cache
2025-11-29 10:18:21,489 : INFO : ConfigProcessor : Loading config from cache: /var/folders/k0/j_dpx55x4kndbs36pl2nt9l00000gn/T/7b77bdcd1da4c54cc720d492bab55a0d.mpf_cache
2025-11-29 10:18:21,489 : INFO : ConfigProcessor : Loading config from cache: /var/folders/k0/j_dpx55x4kndbs36pl2nt9l00000gn/T/501e18c1625d42f1ba9bf53b020c49c5.mpf_cache
2025-11-29 10:18:21,490 : INFO : ConfigProcessor : Loading config from cache: /var/folders/k0/j_dpx55x4kndbs36pl2nt9l00000gn/T/7b77bdcd1da4c54cc720d492bab55a0d.mpf_cache
2025-11-29 10:18:21,490 : INFO : ConfigProcessor : Loading config from cache: /var/folders/k0/j_dpx55x4kndbs36pl2nt9l00000gn/T/dda6f4da00898f9f0a4796a41d9a2ef0.mpf_cache
2025-11-29 10:18:21,490 : INFO : ConfigProcessor : Loading config from cache: /var/folders/k0/j_dpx55x4kndbs36pl2nt9l00000gn/T/522fc819f659907ecbd91e12554f307a.mpf_cache
2025-11-29 10:18:21,490 : INFO : ConfigProcessor : Loading config from cache: /var/folders/k0/j_dpx55x4kndbs36pl2nt9l00000gn/T/05e9cee2d62266bbcd3eb3df28f11ba0.mpf_cache
2025-11-29 10:18:21,490 : INFO : ConfigProcessor : Loading config from cache: /var/folders/k0/j_dpx55x4kndbs36pl2nt9l00000gn/T/a751b7622f38b4d73d2da25b66d734b1.mpf_cache
2025-11-29 10:18:21,490 : INFO : ConfigProcessor : Loading config from cache: /var/folders/k0/j_dpx55x4kndbs36pl2nt9l00000gn/T/515d12d22bfc89771946156b9f4733e7.mpf_cache
2025-11-29 10:18:21,490 : INFO : ConfigProcessor : Loading config from cache: /var/folders/k0/j_dpx55x4kndbs36pl2nt9l00000gn/T/3db5df4db04e3e0d951f803bb6fa84e6.mpf_cache
2025-11-29 10:18:21,490 : INFO : ConfigProcessor : Loading config from cache: /var/folders/k0/j_dpx55x4kndbs36pl2nt9l00000gn/T/3572cafb19834c572118c1dfbec55588.mpf_cache
2025-11-29 10:18:21,490 : INFO : ConfigProcessor : Loading config from cache: /var/folders/k0/j_dpx55x4kndbs36pl2nt9l00000gn/T/39b20d9bce0c2f44f75a85f57a0d45f4.mpf_cache
2025-11-29 10:18:21,490 : INFO : ConfigProcessor : Loading config from cache: /var/folders/k0/j_dpx55x4kndbs36pl2nt9l00000gn/T/189edcb2679eb1788c8ca3be3e29f2f1.mpf_cache
2025-11-29 10:18:21,490 : INFO : ConfigProcessor : Loading config from cache: /var/folders/k0/j_dpx55x4kndbs36pl2nt9l00000gn/T/f00019ffccce993d2850c9d82b9dc44e.mpf_cache
2025-11-29 10:18:21,490 : INFO : ConfigProcessor : Loading config from cache: /var/folders/k0/j_dpx55x4kndbs36pl2nt9l00000gn/T/14560612c17bb039b05632d29f192033.mpf_cache
2025-11-29 10:18:21,490 : WARNING : ConfigProcessor : Config file in cache changed: /Users/samhughes/Desktop/Hollow-Knight-Pinball/modes/dirtmouth/config/dirtmouth.yaml
2025-11-29 10:18:21,490 : INFO : ConfigProcessor : Loading config from file /Users/samhughes/Desktop/Hollow-Knight-Pinball/modes/dirtmouth/config/dirtmouth.yaml.
2025-11-29 10:18:21,492 : INFO : ConfigProcessor : Loading config: /Users/samhughes/Desktop/Hollow-Knight-Pinball/modes/dirtmouth/config/dirtmouth.yaml
2025-11-29 10:18:21,492 : INFO : ConfigProcessor : Config file cache created: /var/folders/k0/j_dpx55x4kndbs36pl2nt9l00000gn/T/1b88d79160cc8850354d058f9a270569.mpf_cache
2025-11-29 10:18:21,493 : INFO : ConfigProcessor : Loading config from cache: /var/folders/k0/j_dpx55x4kndbs36pl2nt9l00000gn/T/db143814423fb474166c86cac053d40c.mpf_cache
2025-11-29 10:18:21,493 : WARNING : ConfigProcessor : Config file in cache changed: /Users/samhughes/Desktop/Hollow-Knight-Pinball/modes/frogotten_crossroads/config/frogotten_crossroads.yaml
2025-11-29 10:18:21,493 : INFO : ConfigProcessor : Loading config from file /Users/samhughes/Desktop/Hollow-Knight-Pinball/modes/frogotten_crossroads/config/frogotten_crossroads.yaml.
2025-11-29 10:18:21,494 : INFO : ConfigProcessor : Loading config: /Users/samhughes/Desktop/Hollow-Knight-Pinball/modes/frogotten_crossroads/config/frogotten_crossroads.yaml
2025-11-29 10:18:21,494 : INFO : ConfigProcessor : Config file cache created: /var/folders/k0/j_dpx55x4kndbs36pl2nt9l00000gn/T/77ecd758607ea296c19f456a8642983d.mpf_cache
2025-11-29 10:18:21,494 : INFO : ConfigProcessor : Loading config from cache: /var/folders/k0/j_dpx55x4kndbs36pl2nt9l00000gn/T/7c3641fae2b7003d26f031771405f733.mpf_cache
2025-11-29 10:18:21,494 : INFO : ConfigProcessor : Loading config from cache: /var/folders/k0/j_dpx55x4kndbs36pl2nt9l00000gn/T/fb7f263f29c0f8af46e6dfce6099ce86.mpf_cache
2025-11-29 10:18:21,495 : INFO : Machine : Mission Pinball Framework Core Engine v0.80.0.dev11
2025-11-29 10:18:21,495 : INFO : Machine : Command line arguments: {'no_load_cache': False, 'create_config_cache': True, 'bcp': True, 'configfile': ['config.yaml'], 'force_assets_load': False, 'platform_integration_test': False, 'jsonlogging': False, 'logfile': 'logs/2025-11-29-10-18-21-mpf-Sams-MacBook-Air-2.local.log', 'pause': False, 'production': False, 'text_ui': True, 'loglevel': 15, 'consoleloglevel': 20, 'force_platform': 'smart_virtual', 'syslog_address': None, 'full_logfile_path': '/Users/samhughes/Desktop/Hollow-Knight-Pinball/logs/2025-11-29-10-18-21-mpf-Sams-MacBook-Air-2.local.log'}
2025-11-29 10:18:21,495 : INFO : Machine : MPF path: /Users/samhughes/mpf/lib/python3.13/site-packages/mpf
2025-11-29 10:18:21,495 : INFO : Machine : Machine path: /Users/samhughes/Desktop/Hollow-Knight-Pinball
2025-11-29 10:18:21,495 : INFO : Machine : Platform: darwin
2025-11-29 10:18:21,495 : INFO : Machine : Python executable location: /Users/samhughes/mpf/bin/python3.13
2025-11-29 10:18:21,495 : INFO : Machine : Python version: 3.13.2 (64-bit)
2025-11-29 10:18:21,495 : INFO : Machine : Initializing MPF...
2025-11-29 10:18:21,509 : INFO : EventManager : Event: ======'machine_var_credits_string'====== Args={'value': 'FREE PLAY', 'prev_value': None, 'change': True}
2025-11-29 10:18:21,512 : INFO : EventManager : Event: ======'machine_var_master_volume'====== Args={'value': 0.5, 'prev_value': None, 'change': True}
2025-11-29 10:18:21,512 : INFO : EventManager : Event: ======'machine_var_player1_score'====== Args={'value': 81940, 'prev_value': None, 'change': True}
2025-11-29 10:18:21,513 : INFO : EventManager : Event: ======'machine_var_mpf_version'====== Args={'value': 'Mission Pinball Framework v0.80.0.dev11', 'prev_value': None, 'change': True}
2025-11-29 10:18:21,513 : INFO : EventManager : Event: ======'machine_var_mpf_extended_version'====== Args={'value': 'Mission Pinball Framework v0.80.0.dev11, Config version:6, Show version: 6, BCP version:1.1', 'prev_value': None, 'change': True}
2025-11-29 10:18:21,513 : INFO : EventManager : Event: ======'machine_var_python_version'====== Args={'value': '3.13.2', 'prev_value': None, 'change': True}
2025-11-29 10:18:21,518 : INFO : EventManager : Event: ======'machine_var_platform'====== Args={'value': 'macOS-15.6.1-arm64-arm-64bit-Mach-O', 'prev_value': None, 'change': True}
2025-11-29 10:18:21,518 : INFO : EventManager : Event: ======'machine_var_platform_system'====== Args={'value': 'Darwin', 'prev_value': None, 'change': True}
2025-11-29 10:18:21,518 : INFO : EventManager : Event: ======'machine_var_platform_release'====== Args={'value': '24.6.0', 'prev_value': None, 'change': True}
2025-11-29 10:18:21,518 : INFO : EventManager : Event: ======'machine_var_platform_version'====== Args={'value': 'Darwin Kernel Version 24.6.0: Mon Jul 14 11:29:54 PDT 2025; root:xnu-11417.140.69~1/RELEASE_ARM64_T8122', 'prev_value': None, 'change': True}
2025-11-29 10:18:21,518 : INFO : EventManager : Event: ======'machine_var_platform_machine'====== Args={'value': 'arm64', 'prev_value': None, 'change': True}
2025-11-29 10:18:21,518 : INFO : EventManager : Event: ======'machine_var_log_file_path'====== Args={'value': '/Users/samhughes/Desktop/Hollow-Knight-Pinball/logs/2025-11-29-10-18-21-mpf-Sams-MacBook-Air-2.local.log', 'prev_value': None, 'change': True}
2025-11-29 10:18:21,518 : INFO : EventManager : Event: ======'init_phase_1'====== Args={}
2025-11-29 10:18:21,525 : INFO : EventManager : Event: ======'init_phase_2'====== Args={}
2025-11-29 10:18:21,525 : INFO : SwitchController : Found active switch: (1002, <Platform.SmartVirtual>) <switch.s_trough_1>
2025-11-29 10:18:21,525 : INFO : SwitchController : Found active switch: (1003, <Platform.SmartVirtual>) <switch.s_trough_2>
2025-11-29 10:18:21,525 : INFO : SwitchController : Found active switch: (1004, <Platform.SmartVirtual>) <switch.s_trough_3>
2025-11-29 10:18:21,526 : INFO : EventManager : Event: ======'bcp_connection_attempt'====== Args={'name': 'local_display', 'host': 'localhost', 'port': 5050}
2025-11-29 10:18:21,527 : INFO : BCPClientSocket : Connecting BCP to 'local_display' at localhost:5050...
2025-11-29 10:18:26,395 : INFO : BCPClientSocket : Connected BCP to 'local_display' localhost:5050
2025-11-29 10:18:26,396 : INFO : EventManager : Event: ======'bcp_clients_connected'====== Args={}
2025-11-29 10:18:26,398 : INFO : ball_device.bd_trough : BCH: Initial count: 3
2025-11-29 10:18:26,398 : INFO : ball_device.bd_trough : State: idle
2025-11-29 10:18:26,399 : INFO : ball_device.bd_plunger : BCH: Initial count: 0
2025-11-29 10:18:26,399 : INFO : ball_device.bd_plunger : State: idle
2025-11-29 10:18:26,421 : INFO : EventManager : Event: ======'init_phase_3'====== Args={}
2025-11-29 10:18:26,425 : INFO : EventManager : Event: ======'init_phase_4'====== Args={}
2025-11-29 10:18:26,425 : INFO : BallController : Initial balls found: 3
2025-11-29 10:18:26,425 : INFO : EventManager : Event: ======'machine_var_audits_events_game_ended'====== Args={'value': 6, 'prev_value': None, 'change': True}
2025-11-29 10:18:26,425 : INFO : EventManager : Event: ======'machine_var_audits_events_game_started'====== Args={'value': 129, 'prev_value': None, 'change': True}
2025-11-29 10:18:26,425 : INFO : EventManager : Event: ======'machine_var_audits_missing_switches_s_back_left_target'====== Args={'value': 1, 'prev_value': None, 'change': True}
2025-11-29 10:18:26,425 : INFO : EventManager : Event: ======'machine_var_audits_missing_switches_s_back_middle_left_target'====== Args={'value': 91, 'prev_value': None, 'change': True}
2025-11-29 10:18:26,426 : INFO : EventManager : Event: ======'machine_var_audits_missing_switches_s_back_middle_right_target'====== Args={'value': 90, 'prev_value': None, 'change': True}
2025-11-29 10:18:26,426 : INFO : EventManager : Event: ======'machine_var_audits_missing_switches_s_back_right_target'====== Args={'value': 91, 'prev_value': None, 'change': True}
2025-11-29 10:18:26,426 : INFO : EventManager : Event: ======'machine_var_audits_missing_switches_s_bottom_left_slingshot'====== Args={'value': 86, 'prev_value': None, 'change': True}
2025-11-29 10:18:26,426 : INFO : EventManager : Event: ======'machine_var_audits_missing_switches_s_bottom_right_slingshot'====== Args={'value': 88, 'prev_value': None, 'change': True}
2025-11-29 10:18:26,426 : INFO : EventManager : Event: ======'machine_var_audits_missing_switches_s_front_left_target'====== Args={'value': 98, 'prev_value': None, 'change': True}
2025-11-29 10:18:26,426 : INFO : EventManager : Event: ======'machine_var_audits_missing_switches_s_front_middle_target'====== Args={'value': 1, 'prev_value': None, 'change': True}
2025-11-29 10:18:26,426 : INFO : EventManager : Event: ======'machine_var_audits_missing_switches_s_front_right_target'====== Args={'value': 98, 'prev_value': None, 'change': True}
2025-11-29 10:18:26,426 : INFO : EventManager : Event: ======'machine_var_audits_missing_switches_s_lane_to_pop'====== Args={'value': 28, 'prev_value': None, 'change': True}
2025-11-29 10:18:26,426 : INFO : EventManager : Event: ======'machine_var_audits_missing_switches_s_left_flipper'====== Args={'value': 2, 'prev_value': None, 'change': True}
2025-11-29 10:18:26,426 : INFO : EventManager : Event: ======'machine_var_audits_missing_switches_s_left_inlane'====== Args={'value': 86, 'prev_value': None, 'change': True}
2025-11-29 10:18:26,426 : INFO : EventManager : Event: ======'machine_var_audits_missing_switches_s_left_orbit'====== Args={'value': 1, 'prev_value': None, 'change': True}
2025-11-29 10:18:26,426 : INFO : EventManager : Event: ======'machine_var_audits_missing_switches_s_left_outlane'====== Args={'value': 98, 'prev_value': None, 'change': True}
2025-11-29 10:18:26,426 : INFO : EventManager : Event: ======'machine_var_audits_missing_switches_s_pop_bumper'====== Args={'value': 86, 'prev_value': None, 'change': True}
2025-11-29 10:18:26,426 : INFO : EventManager : Event: ======'machine_var_audits_missing_switches_s_ramp'====== Args={'value': 3, 'prev_value': None, 'change': True}
2025-11-29 10:18:26,426 : INFO : EventManager : Event: ======'machine_var_audits_missing_switches_s_right_flipper'====== Args={'value': 2, 'prev_value': None, 'change': True}
2025-11-29 10:18:26,426 : INFO : EventManager : Event: ======'machine_var_audits_missing_switches_s_right_inlane'====== Args={'value': 50, 'prev_value': None, 'change': True}
2025-11-29 10:18:26,426 : INFO : EventManager : Event: ======'machine_var_audits_missing_switches_s_right_orbit'====== Args={'value': 1, 'prev_value': None, 'change': True}
2025-11-29 10:18:26,426 : INFO : EventManager : Event: ======'machine_var_audits_missing_switches_s_right_outlane'====== Args={'value': 98, 'prev_value': None, 'change': True}
2025-11-29 10:18:26,426 : INFO : EventManager : Event: ======'machine_var_audits_missing_switches_s_saucer'====== Args={'value': 1, 'prev_value': None, 'change': True}
2025-11-29 10:18:26,426 : INFO : EventManager : Event: ======'machine_var_audits_missing_switches_s_start'====== Args={'value': 78, 'prev_value': None, 'change': True}
2025-11-29 10:18:26,426 : INFO : EventManager : Event: ======'machine_var_audits_missing_switches_s_top_left_slingshot'====== Args={'value': 84, 'prev_value': None, 'change': True}
2025-11-29 10:18:26,426 : INFO : EventManager : Event: ======'machine_var_audits_missing_switches_s_top_right_slingshot'====== Args={'value': 86, 'prev_value': None, 'change': True}
2025-11-29 10:18:26,426 : INFO : EventManager : Event: ======'machine_var_audits_missing_switches_s_trough_1'====== Args={'value': 92, 'prev_value': None, 'change': True}
2025-11-29 10:18:26,426 : INFO : EventManager : Event: ======'machine_var_audits_missing_switches_s_trough_2'====== Args={'value': 116, 'prev_value': None, 'change': True}
2025-11-29 10:18:26,426 : INFO : EventManager : Event: ======'machine_var_audits_missing_switches_s_trough_3'====== Args={'value': 114, 'prev_value': None, 'change': True}
2025-11-29 10:18:26,426 : INFO : EventManager : Event: ======'machine_var_audits_player_score'====== Args={'value': {'average': 36284, 'top': [173500, 81940, 45000, 15000, 15000, 15000, 15000, 15000, 15000, 15000], 'total': 12}, 'prev_value': None, 'change': True}
2025-11-29 10:18:26,426 : INFO : EventManager : Event: ======'machine_var_audits_shots_back_left_target'====== Args={'value': 7, 'prev_value': None, 'change': True}
2025-11-29 10:18:26,426 : INFO : EventManager : Event: ======'machine_var_audits_shots_back_middle_right_target'====== Args={'value': 4, 'prev_value': None, 'change': True}
2025-11-29 10:18:26,426 : INFO : EventManager : Event: ======'machine_var_audits_shots_back_right_target'====== Args={'value': 2, 'prev_value': None, 'change': True}
2025-11-29 10:18:26,426 : INFO : EventManager : Event: ======'machine_var_audits_shots_bakc_middle_left_target'====== Args={'value': 3, 'prev_value': None, 'change': True}
2025-11-29 10:18:26,426 : INFO : EventManager : Event: ======'machine_var_audits_shots_bottom_left_slingshot'====== Args={'value': 1, 'prev_value': None, 'change': True}
2025-11-29 10:18:26,427 : INFO : EventManager : Event: ======'machine_var_audits_shots_front_left_target'====== Args={'value': 6, 'prev_value': None, 'change': True}
2025-11-29 10:18:26,427 : INFO : EventManager : Event: ======'machine_var_audits_shots_front_middle_target'====== Args={'value': 8, 'prev_value': None, 'change': True}
2025-11-29 10:18:26,427 : INFO : EventManager : Event: ======'machine_var_audits_shots_front_right_target'====== Args={'value': 6, 'prev_value': None, 'change': True}
2025-11-29 10:18:26,427 : INFO : EventManager : Event: ======'machine_var_audits_shots_lane_to_pop'====== Args={'value': 89, 'prev_value': None, 'change': True}
2025-11-29 10:18:26,427 : INFO : EventManager : Event: ======'machine_var_audits_shots_left_inlane'====== Args={'value': 7, 'prev_value': None, 'change': True}
2025-11-29 10:18:26,427 : INFO : EventManager : Event: ======'machine_var_audits_shots_left_orbit'====== Args={'value': 118, 'prev_value': None, 'change': True}
2025-11-29 10:18:26,427 : INFO : EventManager : Event: ======'machine_var_audits_shots_left_orbit_travel_dirtmouth_to_frogotten_crossroads'====== Args={'value': 31, 'prev_value': None, 'change': True}
2025-11-29 10:18:26,427 : INFO : EventManager : Event: ======'machine_var_audits_shots_left_outlane'====== Args={'value': 5, 'prev_value': None, 'change': True}
2025-11-29 10:18:26,427 : INFO : EventManager : Event: ======'machine_var_audits_shots_pop_bumper'====== Args={'value': 23, 'prev_value': None, 'change': True}
2025-11-29 10:18:26,427 : INFO : EventManager : Event: ======'machine_var_audits_shots_ramp'====== Args={'value': 77, 'prev_value': None, 'change': True}
2025-11-29 10:18:26,427 : INFO : EventManager : Event: ======'machine_var_audits_shots_ramp_travel_dirtmouth_to_frogotten_crossroads'====== Args={'value': 7, 'prev_value': None, 'change': True}
2025-11-29 10:18:26,427 : INFO : EventManager : Event: ======'machine_var_audits_shots_right_inlane'====== Args={'value': 14, 'prev_value': None, 'change': True}
2025-11-29 10:18:26,427 : INFO : EventManager : Event: ======'machine_var_audits_shots_right_orbit'====== Args={'value': 258, 'prev_value': None, 'change': True}
2025-11-29 10:18:26,427 : INFO : EventManager : Event: ======'machine_var_audits_shots_right_orbit_travel_dirtmouth_to_frogotten_crossroads'====== Args={'value': 38, 'prev_value': None, 'change': True}
2025-11-29 10:18:26,427 : INFO : EventManager : Event: ======'machine_var_audits_shots_right_outlane'====== Args={'value': 12, 'prev_value': None, 'change': True}
2025-11-29 10:18:26,427 : INFO : EventManager : Event: ======'machine_var_audits_shots_saucer'====== Args={'value': 33, 'prev_value': None, 'change': True}
2025-11-29 10:18:26,427 : INFO : EventManager : Event: ======'machine_var_audits_shots_saucer_dirtmouth'====== Args={'value': 18, 'prev_value': None, 'change': True}
2025-11-29 10:18:26,427 : INFO : EventManager : Event: ======'machine_var_audits_shots_top_left_slingshot'====== Args={'value': 1, 'prev_value': None, 'change': True}
2025-11-29 10:18:26,427 : INFO : EventManager : Event: ======'machine_var_audits_shots_top_right_slingshot'====== Args={'value': 6, 'prev_value': None, 'change': True}
2025-11-29 10:18:26,427 : INFO : EventManager : Event: ======'machine_var_audits_shots_vuk'====== Args={'value': 229, 'prev_value': None, 'change': True}
2025-11-29 10:18:26,427 : INFO : EventManager : Event: ======'machine_var_audits_shots_vuk_dirtmouth'====== Args={'value': 149, 'prev_value': None, 'change': True}
2025-11-29 10:18:26,427 : INFO : EventManager : Event: ======'machine_var_audits_switches_s_back_left_target'====== Args={'value': 7, 'prev_value': None, 'change': True}
2025-11-29 10:18:26,427 : INFO : EventManager : Event: ======'machine_var_audits_switches_s_back_middle_left_target'====== Args={'value': 4, 'prev_value': None, 'change': True}
2025-11-29 10:18:26,427 : INFO : EventManager : Event: ======'machine_var_audits_switches_s_back_middle_right_target'====== Args={'value': 5, 'prev_value': None, 'change': True}
2025-11-29 10:18:26,427 : INFO : EventManager : Event: ======'machine_var_audits_switches_s_back_right_target'====== Args={'value': 3, 'prev_value': None, 'change': True}
2025-11-29 10:18:26,427 : INFO : EventManager : Event: ======'machine_var_audits_switches_s_bottom_left_slingshot'====== Args={'value': 27, 'prev_value': None, 'change': True}
2025-11-29 10:18:26,427 : INFO : EventManager : Event: ======'machine_var_audits_switches_s_bottom_right_slingshot'====== Args={'value': 26, 'prev_value': None, 'change': True}
2025-11-29 10:18:26,427 : INFO : EventManager : Event: ======'machine_var_audits_switches_s_front_left_target'====== Args={'value': 6, 'prev_value': None, 'change': True}
2025-11-29 10:18:26,427 : INFO : EventManager : Event: ======'machine_var_audits_switches_s_front_middle_target'====== Args={'value': 9, 'prev_value': None, 'change': True}
2025-11-29 10:18:26,427 : INFO : EventManager : Event: ======'machine_var_audits_switches_s_front_right_target'====== Args={'value': 7, 'prev_value': None, 'change': True}
2025-11-29 10:18:26,427 : INFO : EventManager : Event: ======'machine_var_audits_switches_s_lane_to_pop'====== Args={'value': 91, 'prev_value': None, 'change': True}
2025-11-29 10:18:26,427 : INFO : EventManager : Event: ======'machine_var_audits_switches_s_left_flipper'====== Args={'value': 10, 'prev_value': None, 'change': True}
2025-11-29 10:18:26,427 : INFO : EventManager : Event: ======'machine_var_audits_switches_s_left_inlane'====== Args={'value': 8, 'prev_value': None, 'change': True}
2025-11-29 10:18:26,427 : INFO : EventManager : Event: ======'machine_var_audits_switches_s_left_orbit'====== Args={'value': 120, 'prev_value': None, 'change': True}
2025-11-29 10:18:26,427 : INFO : EventManager : Event: ======'machine_var_audits_switches_s_left_outlane'====== Args={'value': 6, 'prev_value': None, 'change': True}
2025-11-29 10:18:26,427 : INFO : EventManager : Event: ======'machine_var_audits_switches_s_plunger_lane'====== Args={'value': 306, 'prev_value': None, 'change': True}
2025-11-29 10:18:26,427 : INFO : EventManager : Event: ======'machine_var_audits_switches_s_pop_bumper'====== Args={'value': 23, 'prev_value': None, 'change': True}
2025-11-29 10:18:26,427 : INFO : EventManager : Event: ======'machine_var_audits_switches_s_ramp'====== Args={'value': 79, 'prev_value': None, 'change': True}
2025-11-29 10:18:26,427 : INFO : EventManager : Event: ======'machine_var_audits_switches_s_right_flipper'====== Args={'value': 16, 'prev_value': None, 'change': True}
2025-11-29 10:18:26,427 : INFO : EventManager : Event: ======'machine_var_audits_switches_s_right_inlane'====== Args={'value': 15, 'prev_value': None, 'change': True}
2025-11-29 10:18:26,427 : INFO : EventManager : Event: ======'machine_var_audits_switches_s_right_orbit'====== Args={'value': 292, 'prev_value': None, 'change': True}
2025-11-29 10:18:26,427 : INFO : EventManager : Event: ======'machine_var_audits_switches_s_right_outlane'====== Args={'value': 13, 'prev_value': None, 'change': True}
2025-11-29 10:18:26,428 : INFO : EventManager : Event: ======'machine_var_audits_switches_s_saucer'====== Args={'value': 40, 'prev_value': None, 'change': True}
2025-11-29 10:18:26,428 : INFO : EventManager : Event: ======'machine_var_audits_switches_s_start'====== Args={'value': 43, 'prev_value': None, 'change': True}
2025-11-29 10:18:26,428 : INFO : EventManager : Event: ======'machine_var_audits_switches_s_top_left_slingshot'====== Args={'value': 22, 'prev_value': None, 'change': True}
2025-11-29 10:18:26,428 : INFO : EventManager : Event: ======'machine_var_audits_switches_s_top_right_slingshot'====== Args={'value': 25, 'prev_value': None, 'change': True}
2025-11-29 10:18:26,428 : INFO : EventManager : Event: ======'machine_var_audits_switches_s_trough_1'====== Args={'value': 68, 'prev_value': None, 'change': True}
2025-11-29 10:18:26,428 : INFO : EventManager : Event: ======'machine_var_audits_switches_s_trough_2'====== Args={'value': 9, 'prev_value': None, 'change': True}
2025-11-29 10:18:26,428 : INFO : EventManager : Event: ======'machine_var_audits_switches_s_trough_3'====== Args={'value': 52, 'prev_value': None, 'change': True}
2025-11-29 10:18:26,428 : INFO : EventManager : Event: ======'machine_var_audits_switches_s_vuk'====== Args={'value': 249, 'prev_value': None, 'change': True}
2025-11-29 10:18:26,428 : INFO : EventManager : Event: ======'init_phase_5'====== Args={}
2025-11-29 10:18:26,428 : INFO : EventManager : Event: ======'init_done'====== Args={}
2025-11-29 10:18:26,428 : INFO : EventManager : Event: ======'machine_reset_phase_1'====== Args={}
2025-11-29 10:18:26,437 : INFO : EventManager : Event: ======'machine_reset_phase_2'====== Args={}
2025-11-29 10:18:26,439 : INFO : EventManager : Event: ======'machine_reset_phase_3'====== Args={}
2025-11-29 10:18:26,439 : INFO : EventManager : Event: ======'reset_complete'====== Args={}
2025-11-29 10:18:26,439 : INFO : EventManager : Event: ======'mode_attract_will_start'====== Args={}
2025-11-29 10:18:26,439 : INFO : Timer.attract_carousel_timer : Starting Timer.
2025-11-29 10:18:26,439 : INFO : EventManager : Event: ======'timer_attract_carousel_timer_started'====== Args={'ticks': 0, 'ticks_remaining': 1}
2025-11-29 10:18:26,439 : INFO : EventManager : Event: ======'timer_attract_carousel_timer_tick'====== Args={'ticks': 0, 'ticks_remaining': 1}
2025-11-29 10:18:26,440 : INFO : EventManager : Event: ======'mode_attract_starting'====== Args={}
2025-11-29 10:18:26,440 : INFO : Mode.attract : Started. Priority: 10
2025-11-29 10:18:26,440 : INFO : EventManager : Event: ======'modes_active_modes_changed'====== Args={}
2025-11-29 10:18:26,440 : INFO : EventManager : Event: ======'mode_attract_started'====== Args={}
2025-11-29 10:18:26,440 : INFO : EventManager : Event: ======'collecting_balls_complete'====== Args={}
2025-11-29 10:18:26,441 : INFO : EventManager : Event: ======'carousel_item_highlighted'====== Args={'carousel': 'attract', 'direction': None, 'item': 'title'}
2025-11-29 10:18:26,441 : INFO : Machine : Starting the main run loop with active modes: [<Mode.attract>]
2025-11-29 10:18:26,572 : INFO : EventManager : Event: ======'slide_attract_created'====== Args={'_from_bcp': True}
2025-11-29 10:18:26,573 : INFO : EventManager : Event: ======'slide__removed'====== Args={'_from_bcp': True}
2025-11-29 10:18:26,573 : INFO : EventManager : Event: ======'slide_attract_active'====== Args={'original_context': 'attract', 'original_calling_context': 'mode_attract_started', 'priority': 10.0, 'cmd': 'slides_play', '_from_bcp': True}
2025-11-29 10:18:30,080 : INFO : SwitchController : <<<<<<< 's_start' active >>>>>>>
2025-11-29 10:18:30,313 : INFO : SwitchController : <<<<<<< 's_start' inactive >>>>>>>
2025-11-29 10:18:30,313 : INFO : EventManager : Event: ======'request_to_start_game'====== Args={}
2025-11-29 10:18:30,314 : INFO : EventManager : Event: ======'game_start'====== Args={'buttons': [], 'hold_time': 0.2332139999998617}
2025-11-29 10:18:30,314 : INFO : EventManager : Event: ======'mode_game_will_start'====== Args={'buttons': [], 'hold_time': 0.2332139999998617}
2025-11-29 10:18:30,315 : INFO : EventManager : Event: ======'mode_game_starting'====== Args={'buttons': [], 'hold_time': 0.2332139999998617}
2025-11-29 10:18:30,315 : INFO : EventManager : Event: ======'mode_attract_will_stop'====== Args={}
2025-11-29 10:18:30,316 : INFO : EventManager : Event: ======'mode_attract_stopping'====== Args={}
2025-11-29 10:18:30,316 : INFO : Mode.attract : Stopped.
2025-11-29 10:18:30,316 : INFO : EventManager : Event: ======'modes_active_modes_changed'====== Args={}
2025-11-29 10:18:30,316 : INFO : EventManager : Event: ======'mode_attract_stopped'====== Args={}
2025-11-29 10:18:30,316 : INFO : EventManager : Event: ======'clear'====== Args={'key': 'attract'}
2025-11-29 10:18:30,317 : INFO : Timer.attract_carousel_timer : Stopping Timer
2025-11-29 10:18:30,317 : INFO : EventManager : Event: ======'timer_attract_carousel_timer_stopped'====== Args={'ticks': 0, 'ticks_remaining': 1}
2025-11-29 10:18:30,317 : INFO : Mode.game : Started. Priority: 20
2025-11-29 10:18:30,317 : INFO : EventManager : Event: ======'modes_active_modes_changed'====== Args={}
2025-11-29 10:18:30,317 : INFO : EventManager : Event: ======'mode_game_started'====== Args={'buttons': [], 'hold_time': 0.2332139999998617}
2025-11-29 10:18:30,318 : INFO : EventManager : Event: ======'game_will_start'====== Args={}
2025-11-29 10:18:30,319 : INFO : EventManager : Event: ======'game_starting'====== Args={'game': <Mode.game>}
2025-11-29 10:18:30,320 : INFO : EventManager : Unordered handler for class <Auditor> on event game_ended with priority 1. Handlers: [RegisteredHandler(callback=<bound method Auditor.disable of <Auditor>>, priority=1, kwargs={}, key=UUID('17612214-867b-4dac-baed-9aa2aabb41f9'), condition=None, blocking_facility=None), RegisteredHandler(callback=<bound method Auditor._save_audits of <Auditor>>, priority=1, kwargs={}, key=UUID('d84e23c8-a78f-4997-9548-d093c8f2643a'), condition=None, blocking_facility=None)]. The order of those handlers is not defined and they will be executed in random order. This might lead to race conditions and potential bugs.
2025-11-29 10:18:30,320 : INFO : EventManager : Event: ======'player_add_request'====== Args={}
2025-11-29 10:18:30,321 : INFO : EventManager : Event: ======'player_will_add'====== Args={'number': 1}
2025-11-29 10:18:30,321 : INFO : EventManager : Event: ======'player_adding'====== Args={'player': <Player 1>, 'number': 1}
2025-11-29 10:18:30,321 : INFO : EventManager : Event: ======'player_added'====== Args={'player': <Player 1>, 'num': 1}
2025-11-29 10:18:30,321 : INFO : Mode.game : Player added successfully. Total players: 1
2025-11-29 10:18:30,322 : INFO : EventManager : Event: ======'player_index'====== Args={'value': 0, 'prev_value': 0, 'change': 0, 'player_num': 1}
2025-11-29 10:18:30,322 : INFO : EventManager : Event: ======'player_number'====== Args={'value': 1, 'prev_value': 1, 'change': 0, 'player_num': 1}
2025-11-29 10:18:30,322 : INFO : EventManager : Event: ======'player_dirtmouth_active'====== Args={'value': 0, 'prev_value': 0, 'change': 0, 'player_num': 1}
2025-11-29 10:18:30,322 : INFO : EventManager : Event: ======'player_mode_active'====== Args={'value': 0, 'prev_value': 0, 'change': 0, 'player_num': 1}
2025-11-29 10:18:30,323 : INFO : EventManager : Event: ======'player_lane_to_pop_active'====== Args={'value': 0, 'prev_value': 0, 'change': 0, 'player_num': 1}
2025-11-29 10:18:30,323 : INFO : EventManager : Event: ======'player_lanes_active'====== Args={'value': 0, 'prev_value': 0, 'change': 0, 'player_num': 1}
2025-11-29 10:18:30,323 : INFO : EventManager : Event: ======'player_left_orbit_active'====== Args={'value': 0, 'prev_value': 0, 'change': 0, 'player_num': 1}
2025-11-29 10:18:30,323 : INFO : EventManager : Event: ======'player_pop_bumper_active'====== Args={'value': 0, 'prev_value': 0, 'change': 0, 'player_num': 1}
2025-11-29 10:18:30,323 : INFO : EventManager : Event: ======'player_ramp_active'====== Args={'value': 0, 'prev_value': 0, 'change': 0, 'player_num': 1}
2025-11-29 10:18:30,324 : INFO : EventManager : Event: ======'player_right_orbit_active'====== Args={'value': 0, 'prev_value': 0, 'change': 0, 'player_num': 1}
2025-11-29 10:18:30,324 : INFO : EventManager : Event: ======'player_saucer_active'====== Args={'value': 0, 'prev_value': 0, 'change': 0, 'player_num': 1}
2025-11-29 10:18:30,324 : INFO : EventManager : Event: ======'player_slingshots_active'====== Args={'value': 0, 'prev_value': 0, 'change': 0, 'player_num': 1}
2025-11-29 10:18:30,324 : INFO : EventManager : Event: ======'player_targets_active'====== Args={'value': 0, 'prev_value': 0, 'change': 0, 'player_num': 1}
2025-11-29 10:18:30,324 : INFO : EventManager : Event: ======'player_vuk_active'====== Args={'value': 0, 'prev_value': 0, 'change': 0, 'player_num': 1}
2025-11-29 10:18:30,324 : INFO : EventManager : Event: ======'player_travel_progress'====== Args={'value': 0, 'prev_value': 0, 'change': 0, 'player_num': 1}
2025-11-29 10:18:30,325 : INFO : EventManager : Event: ======'player_travel_time_remaining_travel_dirtmouth_to_frogotten_crossroads'====== Args={'value': 40.0, 'prev_value': 40.0, 'change': 0, 'player_num': 1}
2025-11-29 10:18:30,325 : INFO : EventManager : Event: ======'player_travel_shots_remaining_travel_dirtmouth_to_frogotten_crossroads'====== Args={'value': 2, 'prev_value': 2, 'change': 0, 'player_num': 1}
2025-11-29 10:18:30,325 : INFO : EventManager : Event: ======'player_frogotten_crossroads_active'====== Args={'value': 0, 'prev_value': 0, 'change': 0, 'player_num': 1}
2025-11-29 10:18:30,325 : INFO : EventManager : Event: ======'player_score'====== Args={'value': 0, 'prev_value': 0, 'change': 0, 'player_num': 1}
2025-11-29 10:18:30,327 : INFO : EventManager : Event: ======'game_started'====== Args={}
2025-11-29 10:18:30,332 : INFO : EventManager : Event: ======'player_turn_will_start'====== Args={'player': <Player 1>, 'number': 1}
2025-11-29 10:18:30,332 : INFO : EventManager : Event: ======'player_turn_starting'====== Args={'player': <Player 1>, 'number': 1}
2025-11-29 10:18:30,339 : INFO : EventManager : Event: ======'player_ball'====== Args={'value': 1, 'prev_value': 0, 'change': 1, 'player_num': 1}
2025-11-29 10:18:30,341 : INFO : EventManager : Event: ======'player_turn_started'====== Args={'player': <Player 1>, 'number': 1}
2025-11-29 10:18:30,342 : INFO : EventManager : Event: ======'ball_will_start'====== Args={'player': 1, 'ball': 1, 'balls_remaining': 2, 'is_extra_ball': False}
2025-11-29 10:18:30,343 : INFO : EventManager : Event: ======'ball_starting'====== Args={'player': 1, 'ball': 1, 'balls_remaining': 2, 'is_extra_ball': False}
2025-11-29 10:18:30,343 : INFO : EventManager : Event: ======'mode_base_will_start'====== Args={'queue': <QueuedEvent>, 'player': 1, 'ball': 1, 'balls_remaining': 2, 'is_extra_ball': False}
2025-11-29 10:18:30,343 : INFO : EventManager : Event: ======'mode_base_starting'====== Args={'queue': <QueuedEvent>, 'player': 1, 'ball': 1, 'balls_remaining': 2, 'is_extra_ball': False}
2025-11-29 10:18:30,343 : INFO : Mode.base : Started. Priority: 100
2025-11-29 10:18:30,343 : INFO : EventManager : Event: ======'modes_active_modes_changed'====== Args={}
2025-11-29 10:18:30,343 : INFO : EventManager : Event: ======'mode_base_started'====== Args={'queue': <QueuedEvent>, 'player': 1, 'ball': 1, 'balls_remaining': 2, 'is_extra_ball': False}
2025-11-29 10:18:30,343 : INFO : EventManager : Event: ======'start_mode_right_orbit'====== Args={'priority': 0}
2025-11-29 10:18:30,344 : INFO : EventManager : Event: ======'start_mode_slingshots'====== Args={'priority': 0}
2025-11-29 10:18:30,344 : INFO : EventManager : Event: ======'start_mode_lanes'====== Args={'priority': 0}
2025-11-29 10:18:30,344 : INFO : EventManager : Event: ======'start_mode_vuk'====== Args={'priority': 0}
2025-11-29 10:18:30,344 : INFO : EventManager : Event: ======'start_mode_ramp'====== Args={'priority': 0}
2025-11-29 10:18:30,344 : INFO : EventManager : Event: ======'start_mode_left_orbit'====== Args={'priority': 0}
2025-11-29 10:18:30,344 : INFO : EventManager : Event: ======'start_mode_lane_to_pop'====== Args={'priority': 0}
2025-11-29 10:18:30,344 : INFO : EventManager : Event: ======'start_mode_saucer'====== Args={'priority': 0}
2025-11-29 10:18:30,344 : INFO : EventManager : Event: ======'start_mode_targets'====== Args={'priority': 0}
2025-11-29 10:18:30,344 : INFO : EventManager : Event: ======'start_mode_pop_bumper'====== Args={'priority': 0}
2025-11-29 10:18:30,344 : INFO : EventManager : Event: ======'start_mode_dirtmouth'====== Args={'priority': 0}
2025-11-29 10:18:30,344 : INFO : EventManager : Event: ======'mode_right_orbit_will_start'====== Args={'priority': 0}
2025-11-29 10:18:30,344 : INFO : EventManager : Event: ======'player_shot_right_orbit_enabled'====== Args={'value': True, 'prev_value': 0, 'change': 1, 'player_num': 1}
2025-11-29 10:18:30,345 : INFO : EventManager : Event: ======'mode_right_orbit_starting'====== Args={'priority': 0}
2025-11-29 10:18:30,345 : INFO : EventManager : Event: ======'mode_slingshots_will_start'====== Args={'priority': 0}
2025-11-29 10:18:30,345 : INFO : EventManager : Event: ======'player_shot_top_left_slingshot_enabled'====== Args={'value': True, 'prev_value': 0, 'change': 1, 'player_num': 1}
2025-11-29 10:18:30,345 : INFO : EventManager : Event: ======'player_shot_bottom_left_slingshot_enabled'====== Args={'value': True, 'prev_value': 0, 'change': 1, 'player_num': 1}
2025-11-29 10:18:30,345 : INFO : EventManager : Event: ======'player_shot_top_right_slingshot_enabled'====== Args={'value': True, 'prev_value': 0, 'change': 1, 'player_num': 1}
2025-11-29 10:18:30,346 : INFO : EventManager : Event: ======'player_shot_bottom_right_slingshot_enabled'====== Args={'value': True, 'prev_value': 0, 'change': 1, 'player_num': 1}
2025-11-29 10:18:30,346 : INFO : EventManager : Event: ======'slingshots_complete'====== Args={'state': 'unlit'}
2025-11-29 10:18:30,346 : INFO : EventManager : Event: ======'slingshots_unlit_complete'====== Args={}
2025-11-29 10:18:30,346 : INFO : EventManager : Event: ======'mode_slingshots_starting'====== Args={'priority': 0}
2025-11-29 10:18:30,346 : INFO : EventManager : Event: ======'mode_lanes_will_start'====== Args={'priority': 0}
2025-11-29 10:18:30,347 : INFO : EventManager : Event: ======'player_shot_left_outlane_enabled'====== Args={'value': True, 'prev_value': 0, 'change': 1, 'player_num': 1}
2025-11-29 10:18:30,347 : INFO : EventManager : Event: ======'player_shot_left_inlane_enabled'====== Args={'value': True, 'prev_value': 0, 'change': 1, 'player_num': 1}
2025-11-29 10:18:30,347 : INFO : EventManager : Event: ======'player_shot_right_inlane_enabled'====== Args={'value': True, 'prev_value': 0, 'change': 1, 'player_num': 1}
2025-11-29 10:18:30,347 : INFO : EventManager : Event: ======'player_shot_right_outlane_enabled'====== Args={'value': True, 'prev_value': 0, 'change': 1, 'player_num': 1}
2025-11-29 10:18:30,347 : INFO : EventManager : Event: ======'lanes_complete'====== Args={'state': 'unlit'}
2025-11-29 10:18:30,347 : INFO : EventManager : Event: ======'lanes_unlit_complete'====== Args={}
2025-11-29 10:18:30,348 : INFO : EventManager : Event: ======'mode_lanes_starting'====== Args={'priority': 0}
2025-11-29 10:18:30,348 : INFO : EventManager : Event: ======'mode_vuk_will_start'====== Args={'priority': 0}
2025-11-29 10:18:30,348 : INFO : EventManager : Event: ======'player_shot_vuk_enabled'====== Args={'value': True, 'prev_value': 0, 'change': 1, 'player_num': 1}
2025-11-29 10:18:30,348 : INFO : EventManager : Event: ======'mode_vuk_starting'====== Args={'priority': 0}
2025-11-29 10:18:30,348 : INFO : EventManager : Event: ======'mode_ramp_will_start'====== Args={'priority': 0}
2025-11-29 10:18:30,349 : INFO : EventManager : Event: ======'player_shot_ramp_enabled'====== Args={'value': True, 'prev_value': 0, 'change': 1, 'player_num': 1}
2025-11-29 10:18:30,349 : INFO : EventManager : Event: ======'mode_ramp_starting'====== Args={'priority': 0}
2025-11-29 10:18:30,349 : INFO : EventManager : Event: ======'mode_left_orbit_will_start'====== Args={'priority': 0}
2025-11-29 10:18:30,349 : INFO : EventManager : Event: ======'player_shot_left_orbit_enabled'====== Args={'value': True, 'prev_value': 0, 'change': 1, 'player_num': 1}
2025-11-29 10:18:30,349 : INFO : EventManager : Event: ======'mode_left_orbit_starting'====== Args={'priority': 0}
2025-11-29 10:18:30,349 : INFO : EventManager : Event: ======'mode_lane_to_pop_will_start'====== Args={'priority': 0}
2025-11-29 10:18:30,350 : INFO : EventManager : Event: ======'player_shot_lane_to_pop_enabled'====== Args={'value': True, 'prev_value': 0, 'change': 1, 'player_num': 1}
2025-11-29 10:18:30,350 : INFO : EventManager : Event: ======'mode_lane_to_pop_starting'====== Args={'priority': 0}
2025-11-29 10:18:30,350 : INFO : EventManager : Event: ======'mode_saucer_will_start'====== Args={'priority': 0}
2025-11-29 10:18:30,350 : INFO : EventManager : Event: ======'player_shot_saucer_enabled'====== Args={'value': True, 'prev_value': 0, 'change': 1, 'player_num': 1}
2025-11-29 10:18:30,350 : INFO : EventManager : Event: ======'mode_saucer_starting'====== Args={'priority': 0}
2025-11-29 10:18:30,350 : INFO : EventManager : Event: ======'mode_targets_will_start'====== Args={'priority': 0}
2025-11-29 10:18:30,351 : INFO : EventManager : Event: ======'player_shot_front_left_target_enabled'====== Args={'value': True, 'prev_value': 0, 'change': 1, 'player_num': 1}
2025-11-29 10:18:30,351 : INFO : EventManager : Event: ======'player_shot_front_middle_target_enabled'====== Args={'value': True, 'prev_value': 0, 'change': 1, 'player_num': 1}
2025-11-29 10:18:30,351 : INFO : EventManager : Event: ======'player_shot_front_right_target_enabled'====== Args={'value': True, 'prev_value': 0, 'change': 1, 'player_num': 1}
2025-11-29 10:18:30,351 : INFO : EventManager : Event: ======'player_shot_back_left_target_enabled'====== Args={'value': True, 'prev_value': 0, 'change': 1, 'player_num': 1}
2025-11-29 10:18:30,351 : INFO : EventManager : Event: ======'player_shot_bakc_middle_left_target_enabled'====== Args={'value': True, 'prev_value': 0, 'change': 1, 'player_num': 1}
2025-11-29 10:18:30,351 : INFO : EventManager : Event: ======'player_shot_back_middle_right_target_enabled'====== Args={'value': True, 'prev_value': 0, 'change': 1, 'player_num': 1}
2025-11-29 10:18:30,352 : INFO : EventManager : Event: ======'player_shot_back_right_target_enabled'====== Args={'value': True, 'prev_value': 0, 'change': 1, 'player_num': 1}
2025-11-29 10:18:30,352 : INFO : EventManager : Event: ======'targets_complete'====== Args={'state': 'unlit'}
2025-11-29 10:18:30,352 : INFO : EventManager : Event: ======'targets_unlit_complete'====== Args={}
2025-11-29 10:18:30,352 : INFO : EventManager : Event: ======'mode_targets_starting'====== Args={'priority': 0}
2025-11-29 10:18:30,352 : INFO : EventManager : Event: ======'mode_pop_bumper_will_start'====== Args={'priority': 0}
2025-11-29 10:18:30,352 : INFO : EventManager : Event: ======'player_shot_pop_bumper_enabled'====== Args={'value': True, 'prev_value': 0, 'change': 1, 'player_num': 1}
2025-11-29 10:18:30,353 : INFO : EventManager : Event: ======'mode_pop_bumper_starting'====== Args={'priority': 0}
2025-11-29 10:18:30,353 : INFO : EventManager : Event: ======'mode_dirtmouth_will_start'====== Args={'priority': 0}
2025-11-29 10:18:30,353 : INFO : EventManager : Event: ======'player_shot_vuk_dirtmouth_enabled'====== Args={'value': True, 'prev_value': 0, 'change': 1, 'player_num': 1}
2025-11-29 10:18:30,353 : INFO : EventManager : Event: ======'player_shot_saucer_dirtmouth_enabled'====== Args={'value': True, 'prev_value': 0, 'change': 1, 'player_num': 1}
2025-11-29 10:18:30,353 : INFO : EventManager : Event: ======'locks_dirtmouth_complete'====== Args={'state': 'unlit'}
2025-11-29 10:18:30,353 : INFO : EventManager : Event: ======'locks_dirtmouth_unlit_complete'====== Args={}
2025-11-29 10:18:30,354 : INFO : EventManager : Event: ======'mode_dirtmouth_starting'====== Args={'priority': 0}
2025-11-29 10:18:30,354 : INFO : Mode.dirtmouth : Started. Priority: 250
2025-11-29 10:18:30,354 : INFO : EventManager : Event: ======'modes_active_modes_changed'====== Args={}
2025-11-29 10:18:30,354 : INFO : EventManager : Event: ======'mode_dirtmouth_started'====== Args={'priority': 0}
2025-11-29 10:18:30,354 : INFO : EventManager : Event: ======'player_dirtmouth_active'====== Args={'value': 1, 'prev_value': 0, 'change': 1, 'player_num': 1, 'source': 'dirtmouth'}
2025-11-29 10:18:30,355 : INFO : Mode.pop_bumper : Started. Priority: 150
2025-11-29 10:18:30,355 : INFO : EventManager : Event: ======'modes_active_modes_changed'====== Args={}
2025-11-29 10:18:30,355 : INFO : EventManager : Event: ======'mode_pop_bumper_started'====== Args={'priority': 0}
2025-11-29 10:18:30,355 : INFO : EventManager : Event: ======'player_pop_bumper_active'====== Args={'value': 1, 'prev_value': 0, 'change': 1, 'player_num': 1, 'source': 'pop_bumper'}
2025-11-29 10:18:30,356 : INFO : Mode.targets : Started. Priority: 175
2025-11-29 10:18:30,356 : INFO : EventManager : Event: ======'modes_active_modes_changed'====== Args={}
2025-11-29 10:18:30,356 : INFO : EventManager : Event: ======'mode_targets_started'====== Args={'priority': 0}
2025-11-29 10:18:30,357 : INFO : EventManager : Event: ======'player_targets_active'====== Args={'value': 1, 'prev_value': 0, 'change': 1, 'player_num': 1, 'source': 'targets'}
2025-11-29 10:18:30,357 : INFO : Mode.saucer : Started. Priority: 200
2025-11-29 10:18:30,357 : INFO : EventManager : Event: ======'modes_active_modes_changed'====== Args={}
2025-11-29 10:18:30,357 : INFO : EventManager : Event: ======'mode_saucer_started'====== Args={'priority': 0}
2025-11-29 10:18:30,358 : INFO : EventManager : Event: ======'player_saucer_active'====== Args={'value': 1, 'prev_value': 0, 'change': 1, 'player_num': 1, 'source': 'saucer'}
2025-11-29 10:18:30,358 : INFO : Mode.lane_to_pop : Started. Priority: 200
2025-11-29 10:18:30,358 : INFO : EventManager : Event: ======'modes_active_modes_changed'====== Args={}
2025-11-29 10:18:30,358 : INFO : EventManager : Event: ======'mode_lane_to_pop_started'====== Args={'priority': 0}
2025-11-29 10:18:30,359 : INFO : EventManager : Event: ======'player_lane_to_pop_active'====== Args={'value': 1, 'prev_value': 0, 'change': 1, 'player_num': 1, 'source': 'lane_to_pop'}
2025-11-29 10:18:30,359 : INFO : Mode.left_orbit : Started. Priority: 200
2025-11-29 10:18:30,359 : INFO : EventManager : Event: ======'modes_active_modes_changed'====== Args={}
2025-11-29 10:18:30,359 : INFO : EventManager : Event: ======'mode_left_orbit_started'====== Args={'priority': 0}
2025-11-29 10:18:30,359 : INFO : EventManager : Event: ======'player_left_orbit_active'====== Args={'value': 1, 'prev_value': 0, 'change': 1, 'player_num': 1, 'source': 'left_orbit'}
2025-11-29 10:18:30,360 : INFO : Mode.ramp : Started. Priority: 200
2025-11-29 10:18:30,360 : INFO : EventManager : Event: ======'modes_active_modes_changed'====== Args={}
2025-11-29 10:18:30,360 : INFO : EventManager : Event: ======'mode_ramp_started'====== Args={'priority': 0}
2025-11-29 10:18:30,361 : INFO : EventManager : Event: ======'player_ramp_active'====== Args={'value': 1, 'prev_value': 0, 'change': 1, 'player_num': 1, 'source': 'ramp'}
2025-11-29 10:18:30,361 : INFO : Mode.vuk : Started. Priority: 200
2025-11-29 10:18:30,361 : INFO : EventManager : Event: ======'modes_active_modes_changed'====== Args={}
2025-11-29 10:18:30,361 : INFO : EventManager : Event: ======'mode_vuk_started'====== Args={'priority': 0}
2025-11-29 10:18:30,361 : INFO : EventManager : Event: ======'player_vuk_active'====== Args={'value': 1, 'prev_value': 0, 'change': 1, 'player_num': 1, 'source': 'vuk'}
2025-11-29 10:18:30,362 : INFO : Mode.lanes : Started. Priority: 150
2025-11-29 10:18:30,362 : INFO : EventManager : Event: ======'modes_active_modes_changed'====== Args={}
2025-11-29 10:18:30,362 : INFO : EventManager : Event: ======'mode_lanes_started'====== Args={'priority': 0}
2025-11-29 10:18:30,362 : INFO : EventManager : Event: ======'player_lanes_active'====== Args={'value': 1, 'prev_value': 0, 'change': 1, 'player_num': 1, 'source': 'lanes'}
2025-11-29 10:18:30,363 : INFO : Mode.slingshots : Started. Priority: 150
2025-11-29 10:18:30,363 : INFO : EventManager : Event: ======'modes_active_modes_changed'====== Args={}
2025-11-29 10:18:30,363 : INFO : EventManager : Event: ======'mode_slingshots_started'====== Args={'priority': 0}
2025-11-29 10:18:30,363 : INFO : EventManager : Event: ======'player_slingshots_active'====== Args={'value': 1, 'prev_value': 0, 'change': 1, 'player_num': 1, 'source': 'slingshots'}
2025-11-29 10:18:30,364 : INFO : Mode.right_orbit : Started. Priority: 200
2025-11-29 10:18:30,364 : INFO : EventManager : Event: ======'modes_active_modes_changed'====== Args={}
2025-11-29 10:18:30,364 : INFO : EventManager : Event: ======'mode_right_orbit_started'====== Args={'priority': 0}
2025-11-29 10:18:30,364 : INFO : EventManager : Event: ======'player_right_orbit_active'====== Args={'value': 1, 'prev_value': 0, 'change': 1, 'player_num': 1, 'source': 'right_orbit'}
2025-11-29 10:18:30,365 : INFO : EventManager : Event: ======'balls_in_play'====== Args={'balls': 1}
2025-11-29 10:18:30,365 : INFO : EventManager : Event: ======'ball_started'====== Args={'player': 1, 'ball': 1, 'balls_remaining': 2, 'is_extra_ball': False}
2025-11-29 10:18:30,367 : INFO : EventManager : Event: ======'single_player_ball_started'====== Args={}
2025-11-29 10:18:30,367 : INFO : EventManager : Event: ======'slide_base_created'====== Args={'_from_bcp': True}
2025-11-29 10:18:30,367 : INFO : EventManager : Event: ======'slide_attract_inactive'====== Args={'is_removing': True, '_from_bcp': True}
2025-11-29 10:18:30,367 : INFO : EventManager : Event: ======'ball_start_target'====== Args={'target': 'playfield'}
2025-11-29 10:18:30,367 : INFO : EventManager : Event: ======'slide_base_active'====== Args={'original_context': 'base', 'original_calling_context': 'mode_base_started', 'priority': 100.0, 'queue': '<QueuedEvent>', 'player': 1.0, 'ball': 1.0, 'balls_remaining': 2.0, 'is_extra_ball': False, 'cmd': 'slides_play', '_from_bcp': True}
2025-11-29 10:18:30,368 : INFO : ball_device.bd_trough : Setting up player-controlled eject. Balls: 1, Target: <playfield.playfield>, player_controlled_eject_event: None
2025-11-29 10:18:30,368 : INFO : ball_device.bd_trough : Adding 1 ball(s) to the eject_queue with target <playfield.playfield>.
2025-11-29 10:18:30,368 : INFO : EventManager : Event: ======'balldevice_balls_available'====== Args={}
2025-11-29 10:18:30,368 : INFO : EventManager : Event: ======'slide_attract_removed'====== Args={'_from_bcp': True}
2025-11-29 10:18:30,368 : INFO : ball_device.bd_trough : State: waiting_for_target_ready
2025-11-29 10:18:30,368 : INFO : EventManager : Event: ======'balldevice_bd_trough_ball_eject_attempt'====== Args={'balls': 1, 'target': <ball_device.bd_plunger>, 'source': <ball_device.bd_trough>, 'mechanical_eject': False, 'num_attempts': 0}
2025-11-29 10:18:30,368 : INFO : ball_device.bd_plunger : State: waiting_for_ball
2025-11-29 10:18:30,368 : INFO : ball_device.bd_trough : State: ejecting
2025-11-29 10:18:30,368 : INFO : ball_device.bd_trough : Ejecting ball to <ball_device.bd_plunger>
2025-11-29 10:18:30,368 : INFO : EventManager : Event: ======'balldevice_bd_trough_ejecting_ball'====== Args={'balls': 1, 'target': <ball_device.bd_plunger>, 'source': <ball_device.bd_trough>, 'mechanical_eject': False, 'num_attempts': 0}
2025-11-29 10:18:30,369 : INFO : ball_device.bd_trough : Wait for ball to leave device
2025-11-29 10:18:30,369 : INFO : coil.c_trough_eject : Pulsing Driver for 10ms (1.0 pulse_power)
2025-11-29 10:18:30,369 : INFO : SwitchController : <<<<<<< 's_trough_1' inactive >>>>>>>
2025-11-29 10:18:30,369 : INFO : ball_device.bd_trough : State: ball_left
2025-11-29 10:18:30,369 : INFO : ball_device.bd_trough : Ball left
2025-11-29 10:18:30,369 : INFO : ball_device.bd_trough : Wait for confirm with timeout 10.0
2025-11-29 10:18:30,406 : INFO : EventManager : Event: ======'slide_dirtmouth_created'====== Args={'_from_bcp': True}
2025-11-29 10:18:30,406 : INFO : EventManager : Event: ======'slide_base_inactive'====== Args={'is_removing': False, '_from_bcp': True}
2025-11-29 10:18:30,406 : INFO : EventManager : Event: ======'slide_dirtmouth_active'====== Args={'original_context': 'dirtmouth', 'original_calling_context': 'mode_dirtmouth_started', 'priority': 250.0, 'cmd': 'slides_play', '_from_bcp': True}
2025-11-29 10:18:30,470 : INFO : SwitchController : <<<<<<< 's_plunger_lane' active >>>>>>>
2025-11-29 10:18:30,470 : INFO : EventManager : Event: ======'machine_var_audits_switches_s_plunger_lane'====== Args={'value': 307, 'prev_value': 306, 'change': 1}
2025-11-29 10:18:30,972 : INFO : ball_device.bd_plunger : Received ball from <ball_device.bd_trough>
2025-11-29 10:18:30,972 : INFO : EventManager : Event: ======'balldevice_bd_plunger_ball_enter'====== Args={'new_balls': 1, 'unclaimed_balls': 0, 'new_available_balls': 0, 'device': <ball_device.bd_plunger>}
2025-11-29 10:18:30,973 : INFO : EventManager : Event: ======'balldevice_bd_plunger_ball_entered'====== Args={'new_balls': 0, 'device': <ball_device.bd_plunger>}
2025-11-29 10:18:30,973 : INFO : EventManager : Event: ======'balldevice_bd_plunger_ball_count_changed'====== Args={'balls': 1}
2025-11-29 10:18:30,973 : INFO : ball_device.bd_trough : Got eject confirm
2025-11-29 10:18:30,973 : INFO : ball_device.bd_trough : Eject successful
2025-11-29 10:18:30,974 : INFO : EventManager : Event: ======'balldevice_bd_trough_ball_eject_success'====== Args={'balls': 1, 'target': <ball_device.bd_plunger>}
2025-11-29 10:18:30,974 : INFO : ball_device.bd_plunger : State: waiting_for_target_ready
2025-11-29 10:18:30,974 : INFO : EventManager : Event: ======'balldevice_bd_plunger_ball_eject_attempt'====== Args={'balls': 1, 'target': <playfield.playfield>, 'source': <ball_device.bd_plunger>, 'mechanical_eject': False, 'num_attempts': 0}
2025-11-29 10:18:30,974 : INFO : EventManager : Event: ======'balldevice_bd_trough_ball_count_changed'====== Args={'balls': 2}
2025-11-29 10:18:30,975 : INFO : ball_device.bd_trough : State: idle
2025-11-29 10:18:30,975 : INFO : ball_device.bd_plunger : State: ejecting
2025-11-29 10:18:30,975 : INFO : ball_device.bd_plunger : Ejecting ball to <playfield.playfield>
2025-11-29 10:18:30,975 : INFO : EventManager : Event: ======'balldevice_bd_plunger_ejecting_ball'====== Args={'balls': 1, 'target': <playfield.playfield>, 'source': <ball_device.bd_plunger>, 'mechanical_eject': False, 'num_attempts': 0}
2025-11-29 10:18:30,977 : INFO : ball_device.bd_plunger : Wait for ball to leave device
2025-11-29 10:18:31,613 : INFO : SwitchController : <<<<<<< 's_vuk' active >>>>>>>
2025-11-29 10:18:31,613 : INFO : EventManager : Event: ======'playfield_active'====== Args={'source': 'vuk'}
2025-11-29 10:18:31,613 : INFO : EventManager : Event: ======'playfield_active'====== Args={'source': 'vuk_frogotten_crossroads'}
2025-11-29 10:18:31,613 : INFO : EventManager : Event: ======'playfield_active'====== Args={'source': 'vuk_dirtmouth'}
2025-11-29 10:18:31,613 : INFO : EventManager : Event: ======'s_vuk_active'====== Args={}
2025-11-29 10:18:31,613 : INFO : EventManager : Event: ======'machine_var_audits_switches_s_vuk'====== Args={'value': 250, 'prev_value': 249, 'change': 1}
2025-11-29 10:18:31,614 : INFO : EventManager : Event: ======'player_shot_vuk_dirtmouth'====== Args={'value': 1, 'prev_value': 0, 'change': 1, 'player_num': 1}
2025-11-29 10:18:31,615 : INFO : EventManager : Event: ======'machine_var_audits_shots_vuk_dirtmouth'====== Args={'value': 150, 'prev_value': 149, 'change': 1}
2025-11-29 10:18:31,615 : INFO : EventManager : Event: ======'vuk_dirtmouth_hit'====== Args={'profile': 'default', 'state': 'unlit', 'advancing': True}
2025-11-29 10:18:31,615 : INFO : EventManager : Event: ======'vuk_dirtmouth_default_hit'====== Args={'profile': 'default', 'state': 'unlit', 'advancing': True}
2025-11-29 10:18:31,615 : INFO : EventManager : Event: ======'vuk_dirtmouth_default_unlit_hit'====== Args={'profile': 'default', 'state': 'unlit', 'advancing': True}
2025-11-29 10:18:31,615 : INFO : EventManager : Event: ======'vuk_dirtmouth_unlit_hit'====== Args={'profile': 'default', 'state': 'unlit', 'advancing': True}
2025-11-29 10:18:31,616 : INFO : EventManager : Event: ======'player_shot_vuk'====== Args={'value': 1, 'prev_value': 0, 'change': 1, 'player_num': 1}
2025-11-29 10:18:31,616 : INFO : EventManager : Event: ======'machine_var_audits_shots_vuk'====== Args={'value': 230, 'prev_value': 229, 'change': 1}
2025-11-29 10:18:31,616 : INFO : EventManager : Event: ======'vuk_hit'====== Args={'profile': 'default', 'state': 'unlit', 'advancing': True}
2025-11-29 10:18:31,617 : INFO : EventManager : Event: ======'vuk_default_hit'====== Args={'profile': 'default', 'state': 'unlit', 'advancing': True}
2025-11-29 10:18:31,617 : INFO : EventManager : Event: ======'vuk_default_unlit_hit'====== Args={'profile': 'default', 'state': 'unlit', 'advancing': True}
2025-11-29 10:18:31,617 : INFO : EventManager : Event: ======'vuk_unlit_hit'====== Args={'profile': 'default', 'state': 'unlit', 'advancing': True}
2025-11-29 10:18:31,617 : INFO : EventManager : Event: ======'locks_dirtmouth_hit'====== Args={'shot': 'vuk_dirtmouth'}
2025-11-29 10:18:31,617 : INFO : EventManager : Event: ======'locks_dirtmouth_unlit_hit'====== Args={'shot': 'vuk_dirtmouth'}
2025-11-29 10:18:31,617 : INFO : EventManager : Event: ======'start_mode_carousel_mode_select'====== Args={'priority': 0}
2025-11-29 10:18:31,617 : INFO : EventManager : Event: ======'mode_carousel_mode_select_will_start'====== Args={'priority': 0}
2025-11-29 10:18:31,618 : INFO : EventManager : Event: ======'mode_carousel_mode_select_starting'====== Args={'priority': 0}
2025-11-29 10:18:31,619 : INFO : EventManager : Event: ======'player_score'====== Args={'value': 5000, 'prev_value': 0, 'change': 5000, 'player_num': 1, 'source': 'vuk'}
2025-11-29 10:18:31,622 : INFO : Mode.carousel_mode_select : Started. Priority: 500
2025-11-29 10:18:31,622 : INFO : EventManager : Event: ======'modes_active_modes_changed'====== Args={}
2025-11-29 10:18:31,622 : INFO : EventManager : Event: ======'mode_carousel_mode_select_started'====== Args={'priority': 0}
2025-11-29 10:18:31,623 : INFO : EventManager : Event: ======'carousel_item_highlighted'====== Args={'carousel': 'carousel_mode_select', 'direction': None, 'item': 'travel_dirtmouth_to_frogotten_crossroads'}
2025-11-29 10:18:38,795 : INFO : Machine : Shutting down...
2025-11-29 10:18:38,796 : INFO : EventManager : Event: ======'shutdown'====== Args={}
2025-11-29 10:18:38,797 : INFO : EventManager : Event: ======'mode_game_will_stop'====== Args={}
2025-11-29 10:18:38,797 : INFO : EventManager : Event: ======'mode_game_stopping'====== Args={}
2025-11-29 10:18:38,798 : INFO : EventManager : Event: ======'mode_lane_to_pop_will_stop'====== Args={}
2025-11-29 10:18:38,798 : INFO : EventManager : Event: ======'mode_lane_to_pop_stopping'====== Args={}
2025-11-29 10:18:38,798 : INFO : EventManager : Event: ======'mode_slingshots_will_stop'====== Args={}
2025-11-29 10:18:38,798 : INFO : EventManager : Event: ======'mode_slingshots_stopping'====== Args={}
2025-11-29 10:18:38,798 : INFO : EventManager : Event: ======'mode_right_orbit_will_stop'====== Args={}
2025-11-29 10:18:38,798 : INFO : EventManager : Event: ======'mode_right_orbit_stopping'====== Args={}
2025-11-29 10:18:38,798 : INFO : EventManager : Event: ======'mode_base_will_stop'====== Args={}
2025-11-29 10:18:38,798 : INFO : EventManager : Event: ======'mode_base_stopping'====== Args={}
2025-11-29 10:18:38,798 : INFO : EventManager : Event: ======'mode_left_orbit_will_stop'====== Args={}
2025-11-29 10:18:38,798 : INFO : EventManager : Event: ======'mode_left_orbit_stopping'====== Args={}
2025-11-29 10:18:38,798 : INFO : EventManager : Event: ======'mode_vuk_will_stop'====== Args={}
2025-11-29 10:18:38,798 : INFO : EventManager : Event: ======'mode_vuk_stopping'====== Args={}
2025-11-29 10:18:38,799 : INFO : EventManager : Event: ======'mode_lanes_will_stop'====== Args={}
2025-11-29 10:18:38,799 : INFO : EventManager : Event: ======'mode_lanes_stopping'====== Args={}
2025-11-29 10:18:38,799 : INFO : EventManager : Event: ======'mode_targets_will_stop'====== Args={}
2025-11-29 10:18:38,799 : INFO : EventManager : Event: ======'mode_targets_stopping'====== Args={}
2025-11-29 10:18:38,799 : INFO : EventManager : Event: ======'mode_carousel_mode_select_will_stop'====== Args={}
2025-11-29 10:18:38,799 : INFO : EventManager : Event: ======'mode_carousel_mode_select_stopping'====== Args={}
2025-11-29 10:18:38,799 : INFO : EventManager : Event: ======'mode_saucer_will_stop'====== Args={}
2025-11-29 10:18:38,799 : INFO : EventManager : Event: ======'mode_saucer_stopping'====== Args={}
2025-11-29 10:18:38,799 : INFO : EventManager : Event: ======'mode_pop_bumper_will_stop'====== Args={}
2025-11-29 10:18:38,799 : INFO : EventManager : Event: ======'mode_pop_bumper_stopping'====== Args={}
2025-11-29 10:18:38,799 : INFO : EventManager : Event: ======'mode_dirtmouth_will_stop'====== Args={}
2025-11-29 10:18:38,799 : INFO : EventManager : Event: ======'mode_dirtmouth_stopping'====== Args={}
2025-11-29 10:18:38,799 : INFO : EventManager : Event: ======'mode_ramp_will_stop'====== Args={}
2025-11-29 10:18:38,799 : INFO : EventManager : Event: ======'mode_ramp_stopping'====== Args={}
2025-11-29 10:18:38,799 : INFO : EventManager : Event: ======'stop_mode_right_orbit'====== Args={'priority': 0}
2025-11-29 10:18:38,800 : INFO : EventManager : Event: ======'stop_mode_slingshots'====== Args={'priority': 0}
2025-11-29 10:18:38,800 : INFO : EventManager : Event: ======'stop_mode_lanes'====== Args={'priority': 0}
2025-11-29 10:18:38,800 : INFO : EventManager : Event: ======'stop_mode_vuk'====== Args={'priority': 0}
2025-11-29 10:18:38,800 : INFO : EventManager : Event: ======'stop_mode_ramp'====== Args={'priority': 0}
2025-11-29 10:18:38,800 : INFO : EventManager : Event: ======'stop_mode_left_orbit'====== Args={'priority': 0}
2025-11-29 10:18:38,800 : INFO : EventManager : Event: ======'stop_mode_lane_to_pop'====== Args={'priority': 0}
2025-11-29 10:18:38,800 : INFO : EventManager : Event: ======'stop_mode_saucer'====== Args={'priority': 0}
2025-11-29 10:18:38,800 : INFO : EventManager : Event: ======'stop_mode_targets'====== Args={'priority': 0}
2025-11-29 10:18:38,800 : INFO : EventManager : Event: ======'stop_mode_pop_bumper'====== Args={'priority': 0}
2025-11-29 10:18:38,800 : INFO : EventManager : Event: ======'stop_mode_dirtmouth'====== Args={'priority': 0}
2025-11-29 10:18:38,800 : INFO : EventManager : Event: ======'stop_mode_false_knight_controller'====== Args={'priority': 0}
2025-11-29 10:18:38,800 : INFO : EventManager : Event: ======'stop_mode_frogotten_crossroads'====== Args={'priority': 0}
2025-11-29 10:18:38,800 : INFO : EventManager : Event: ======'stop_mode_travel_dirtmouth_to_frogotten_crossroads'====== Args={'priority': 0}
2025-11-29 10:18:38,800 : INFO : EventManager : Event: ======'stop_mode_carousel_mode_select'====== Args={'priority': 0}
2025-11-29 10:18:38,800 : INFO : Mode.ramp : Stopped.
2025-11-29 10:18:38,800 : INFO : EventManager : Event: ======'modes_active_modes_changed'====== Args={}
2025-11-29 10:18:38,800 : INFO : EventManager : Event: ======'mode_ramp_stopped'====== Args={}
2025-11-29 10:18:38,800 : INFO : EventManager : Event: ======'clear'====== Args={'key': 'ramp'}
2025-11-29 10:18:38,801 : INFO : Mode.dirtmouth : Stopped.
2025-11-29 10:18:38,801 : INFO : EventManager : Event: ======'modes_active_modes_changed'====== Args={}
2025-11-29 10:18:38,801 : INFO : EventManager : Event: ======'mode_dirtmouth_stopped'====== Args={}
2025-11-29 10:18:38,801 : INFO : EventManager : Event: ======'clear'====== Args={'key': 'dirtmouth'}
2025-11-29 10:18:38,802 : INFO : Mode.pop_bumper : Stopped.
2025-11-29 10:18:38,802 : INFO : EventManager : Event: ======'modes_active_modes_changed'====== Args={}
2025-11-29 10:18:38,802 : INFO : EventManager : Event: ======'mode_pop_bumper_stopped'====== Args={}
2025-11-29 10:18:38,802 : INFO : EventManager : Event: ======'clear'====== Args={'key': 'pop_bumper'}
2025-11-29 10:18:38,802 : INFO : Mode.saucer : Stopped.
2025-11-29 10:18:38,802 : INFO : EventManager : Event: ======'modes_active_modes_changed'====== Args={}
2025-11-29 10:18:38,802 : INFO : EventManager : Event: ======'mode_saucer_stopped'====== Args={}
2025-11-29 10:18:38,802 : INFO : EventManager : Event: ======'clear'====== Args={'key': 'saucer'}
2025-11-29 10:18:38,802 : INFO : Mode.carousel_mode_select : Stopped.
2025-11-29 10:18:38,802 : INFO : EventManager : Event: ======'modes_active_modes_changed'====== Args={}
2025-11-29 10:18:38,802 : INFO : EventManager : Event: ======'mode_carousel_mode_select_stopped'====== Args={}
2025-11-29 10:18:38,802 : INFO : EventManager : Event: ======'clear'====== Args={'key': 'carousel_mode_select'}
2025-11-29 10:18:38,802 : INFO : Mode.targets : Stopped.
2025-11-29 10:18:38,802 : INFO : EventManager : Event: ======'modes_active_modes_changed'====== Args={}
2025-11-29 10:18:38,802 : INFO : EventManager : Event: ======'mode_targets_stopped'====== Args={}
2025-11-29 10:18:38,802 : INFO : EventManager : Event: ======'clear'====== Args={'key': 'targets'}
2025-11-29 10:18:38,803 : INFO : Mode.lanes : Stopped.
2025-11-29 10:18:38,803 : INFO : EventManager : Event: ======'modes_active_modes_changed'====== Args={}
2025-11-29 10:18:38,803 : INFO : EventManager : Event: ======'mode_lanes_stopped'====== Args={}
2025-11-29 10:18:38,803 : INFO : EventManager : Event: ======'clear'====== Args={'key': 'lanes'}
2025-11-29 10:18:38,803 : INFO : Mode.vuk : Stopped.
2025-11-29 10:18:38,804 : INFO : EventManager : Event: ======'modes_active_modes_changed'====== Args={}
2025-11-29 10:18:38,804 : INFO : EventManager : Event: ======'mode_vuk_stopped'====== Args={}
2025-11-29 10:18:38,804 : INFO : EventManager : Event: ======'clear'====== Args={'key': 'vuk'}
2025-11-29 10:18:38,804 : INFO : Mode.left_orbit : Stopped.
2025-11-29 10:18:38,804 : INFO : EventManager : Event: ======'modes_active_modes_changed'====== Args={}
2025-11-29 10:18:38,804 : INFO : EventManager : Event: ======'mode_left_orbit_stopped'====== Args={}
2025-11-29 10:18:38,804 : INFO : EventManager : Event: ======'clear'====== Args={'key': 'left_orbit'}
2025-11-29 10:18:38,804 : INFO : Mode.base : Stopped.
2025-11-29 10:18:38,804 : INFO : EventManager : Event: ======'modes_active_modes_changed'====== Args={}
2025-11-29 10:18:38,804 : INFO : EventManager : Event: ======'mode_base_stopped'====== Args={}
2025-11-29 10:18:38,804 : INFO : EventManager : Event: ======'clear'====== Args={'key': 'base'}
2025-11-29 10:18:38,804 : INFO : Mode.right_orbit : Stopped.
2025-11-29 10:18:38,804 : INFO : EventManager : Event: ======'modes_active_modes_changed'====== Args={}
2025-11-29 10:18:38,804 : INFO : EventManager : Event: ======'mode_right_orbit_stopped'====== Args={}
2025-11-29 10:18:38,804 : INFO : EventManager : Event: ======'clear'====== Args={'key': 'right_orbit'}
2025-11-29 10:18:38,804 : INFO : Mode.slingshots : Stopped.
2025-11-29 10:18:38,804 : INFO : EventManager : Event: ======'modes_active_modes_changed'====== Args={}
2025-11-29 10:18:38,804 : INFO : EventManager : Event: ======'mode_slingshots_stopped'====== Args={}
2025-11-29 10:18:38,805 : INFO : EventManager : Event: ======'clear'====== Args={'key': 'slingshots'}
2025-11-29 10:18:38,805 : INFO : Mode.lane_to_pop : Stopped.
2025-11-29 10:18:38,805 : INFO : EventManager : Event: ======'modes_active_modes_changed'====== Args={}
2025-11-29 10:18:38,805 : INFO : EventManager : Event: ======'mode_lane_to_pop_stopped'====== Args={}
2025-11-29 10:18:38,805 : INFO : EventManager : Event: ======'clear'====== Args={'key': 'lane_to_pop'}
2025-11-29 10:18:38,806 : INFO : Mode.game : Stopped.
2025-11-29 10:18:38,806 : INFO : EventManager : Event: ======'modes_active_modes_changed'====== Args={}
2025-11-29 10:18:38,806 : INFO : EventManager : Event: ======'mode_game_stopped'====== Args={}
2025-11-29 10:18:38,806 : INFO : EventManager : Event: ======'clear'====== Args={'key': 'game'}
2025-11-29 10:18:38,808 : INFO : root : MPF run loop ended.
