2025-11-29 10:22:28,994 : INFO : root : Loading config.
2025-11-29 10:22:28,995 : INFO : YamlMultifileConfigLoader : Machine config file #1: config.yaml
2025-11-29 10:22:28,995 : INFO : ConfigProcessor : Loading config from cache: /var/folders/k0/j_dpx55x4kndbs36pl2nt9l00000gn/T/92f7f295141fbdde09e201e7fd0f1349.mpf_cache
2025-11-29 10:22:29,019 : INFO : ConfigProcessor : Loading config from cache: /var/folders/k0/j_dpx55x4kndbs36pl2nt9l00000gn/T/7b77bdcd1da4c54cc720d492bab55a0d.mpf_cache
2025-11-29 10:22:29,019 : INFO : ConfigProcessor : Loading config from cache: /var/folders/k0/j_dpx55x4kndbs36pl2nt9l00000gn/T/501e18c1625d42f1ba9bf53b020c49c5.mpf_cache
2025-11-29 10:22:29,019 : INFO : ConfigProcessor : Loading config from cache: /var/folders/k0/j_dpx55x4kndbs36pl2nt9l00000gn/T/7b77bdcd1da4c54cc720d492bab55a0d.mpf_cache
2025-11-29 10:22:29,019 : INFO : ConfigProcessor : Loading config from cache: /var/folders/k0/j_dpx55x4kndbs36pl2nt9l00000gn/T/dda6f4da00898f9f0a4796a41d9a2ef0.mpf_cache
2025-11-29 10:22:29,020 : INFO : ConfigProcessor : Loading config from cache: /var/folders/k0/j_dpx55x4kndbs36pl2nt9l00000gn/T/522fc819f659907ecbd91e12554f307a.mpf_cache
2025-11-29 10:22:29,020 : INFO : ConfigProcessor : Loading config from cache: /var/folders/k0/j_dpx55x4kndbs36pl2nt9l00000gn/T/05e9cee2d62266bbcd3eb3df28f11ba0.mpf_cache
2025-11-29 10:22:29,021 : INFO : ConfigProcessor : Loading config from cache: /var/folders/k0/j_dpx55x4kndbs36pl2nt9l00000gn/T/a751b7622f38b4d73d2da25b66d734b1.mpf_cache
2025-11-29 10:22:29,021 : INFO : ConfigProcessor : Loading config from cache: /var/folders/k0/j_dpx55x4kndbs36pl2nt9l00000gn/T/515d12d22bfc89771946156b9f4733e7.mpf_cache
2025-11-29 10:22:29,021 : INFO : ConfigProcessor : Loading config from cache: /var/folders/k0/j_dpx55x4kndbs36pl2nt9l00000gn/T/3db5df4db04e3e0d951f803bb6fa84e6.mpf_cache
2025-11-29 10:22:29,022 : INFO : ConfigProcessor : Loading config from cache: /var/folders/k0/j_dpx55x4kndbs36pl2nt9l00000gn/T/3572cafb19834c572118c1dfbec55588.mpf_cache
2025-11-29 10:22:29,023 : INFO : ConfigProcessor : Loading config from cache: /var/folders/k0/j_dpx55x4kndbs36pl2nt9l00000gn/T/39b20d9bce0c2f44f75a85f57a0d45f4.mpf_cache
2025-11-29 10:22:29,023 : INFO : ConfigProcessor : Loading config from cache: /var/folders/k0/j_dpx55x4kndbs36pl2nt9l00000gn/T/189edcb2679eb1788c8ca3be3e29f2f1.mpf_cache
2025-11-29 10:22:29,023 : INFO : ConfigProcessor : Loading config from cache: /var/folders/k0/j_dpx55x4kndbs36pl2nt9l00000gn/T/f00019ffccce993d2850c9d82b9dc44e.mpf_cache
2025-11-29 10:22:29,023 : INFO : ConfigProcessor : Loading config from cache: /var/folders/k0/j_dpx55x4kndbs36pl2nt9l00000gn/T/14560612c17bb039b05632d29f192033.mpf_cache
2025-11-29 10:22:29,024 : INFO : ConfigProcessor : Loading config from cache: /var/folders/k0/j_dpx55x4kndbs36pl2nt9l00000gn/T/1b88d79160cc8850354d058f9a270569.mpf_cache
2025-11-29 10:22:29,024 : INFO : ConfigProcessor : Loading config from cache: /var/folders/k0/j_dpx55x4kndbs36pl2nt9l00000gn/T/db143814423fb474166c86cac053d40c.mpf_cache
2025-11-29 10:22:29,024 : INFO : ConfigProcessor : Loading config from cache: /var/folders/k0/j_dpx55x4kndbs36pl2nt9l00000gn/T/77ecd758607ea296c19f456a8642983d.mpf_cache
2025-11-29 10:22:29,024 : INFO : ConfigProcessor : Loading config from cache: /var/folders/k0/j_dpx55x4kndbs36pl2nt9l00000gn/T/7c3641fae2b7003d26f031771405f733.mpf_cache
2025-11-29 10:22:29,024 : WARNING : ConfigProcessor : Config file in cache changed: /Users/samhughes/Desktop/Hollow-Knight-Pinball/modes/carousel_mode_select/config/carousel_mode_select.yaml
2025-11-29 10:22:29,024 : INFO : ConfigProcessor : Loading config from file /Users/samhughes/Desktop/Hollow-Knight-Pinball/modes/carousel_mode_select/config/carousel_mode_select.yaml.
2025-11-29 10:22:29,026 : INFO : ConfigProcessor : Loading config: /Users/samhughes/Desktop/Hollow-Knight-Pinball/modes/carousel_mode_select/config/carousel_mode_select.yaml
2025-11-29 10:22:29,026 : INFO : ConfigProcessor : Config file cache created: /var/folders/k0/j_dpx55x4kndbs36pl2nt9l00000gn/T/fb7f263f29c0f8af46e6dfce6099ce86.mpf_cache
2025-11-29 10:22:29,026 : INFO : Machine : Mission Pinball Framework Core Engine v0.80.0.dev11
2025-11-29 10:22:29,026 : INFO : Machine : Command line arguments: {'no_load_cache': False, 'create_config_cache': True, 'bcp': True, 'configfile': ['config.yaml'], 'force_assets_load': False, 'platform_integration_test': False, 'jsonlogging': False, 'logfile': 'logs/2025-11-29-10-22-28-mpf-Sams-MacBook-Air-2.local.log', 'pause': False, 'production': False, 'text_ui': True, 'loglevel': 15, 'consoleloglevel': 20, 'force_platform': 'smart_virtual', 'syslog_address': None, 'full_logfile_path': '/Users/samhughes/Desktop/Hollow-Knight-Pinball/logs/2025-11-29-10-22-28-mpf-Sams-MacBook-Air-2.local.log'}
2025-11-29 10:22:29,026 : INFO : Machine : MPF path: /Users/samhughes/mpf/lib/python3.13/site-packages/mpf
2025-11-29 10:22:29,026 : INFO : Machine : Machine path: /Users/samhughes/Desktop/Hollow-Knight-Pinball
2025-11-29 10:22:29,026 : INFO : Machine : Platform: darwin
2025-11-29 10:22:29,026 : INFO : Machine : Python executable location: /Users/samhughes/mpf/bin/python3.13
2025-11-29 10:22:29,026 : INFO : Machine : Python version: 3.13.2 (64-bit)
2025-11-29 10:22:29,027 : INFO : Machine : Initializing MPF...
2025-11-29 10:22:29,052 : INFO : EventManager : Event: ======'machine_var_credits_string'====== Args={'value': 'FREE PLAY', 'prev_value': None, 'change': True}
2025-11-29 10:22:29,057 : INFO : EventManager : Event: ======'machine_var_master_volume'====== Args={'value': 0.5, 'prev_value': None, 'change': True}
2025-11-29 10:22:29,057 : INFO : EventManager : Event: ======'machine_var_player1_score'====== Args={'value': 81940, 'prev_value': None, 'change': True}
2025-11-29 10:22:29,057 : INFO : EventManager : Event: ======'machine_var_mpf_version'====== Args={'value': 'Mission Pinball Framework v0.80.0.dev11', 'prev_value': None, 'change': True}
2025-11-29 10:22:29,057 : INFO : EventManager : Event: ======'machine_var_mpf_extended_version'====== Args={'value': 'Mission Pinball Framework v0.80.0.dev11, Config version:6, Show version: 6, BCP version:1.1', 'prev_value': None, 'change': True}
2025-11-29 10:22:29,057 : INFO : EventManager : Event: ======'machine_var_python_version'====== Args={'value': '3.13.2', 'prev_value': None, 'change': True}
2025-11-29 10:22:29,063 : INFO : EventManager : Event: ======'machine_var_platform'====== Args={'value': 'macOS-15.6.1-arm64-arm-64bit-Mach-O', 'prev_value': None, 'change': True}
2025-11-29 10:22:29,063 : INFO : EventManager : Event: ======'machine_var_platform_system'====== Args={'value': 'Darwin', 'prev_value': None, 'change': True}
2025-11-29 10:22:29,063 : INFO : EventManager : Event: ======'machine_var_platform_release'====== Args={'value': '24.6.0', 'prev_value': None, 'change': True}
2025-11-29 10:22:29,063 : INFO : EventManager : Event: ======'machine_var_platform_version'====== Args={'value': 'Darwin Kernel Version 24.6.0: Mon Jul 14 11:29:54 PDT 2025; root:xnu-11417.140.69~1/RELEASE_ARM64_T8122', 'prev_value': None, 'change': True}
2025-11-29 10:22:29,063 : INFO : EventManager : Event: ======'machine_var_platform_machine'====== Args={'value': 'arm64', 'prev_value': None, 'change': True}
2025-11-29 10:22:29,063 : INFO : EventManager : Event: ======'machine_var_log_file_path'====== Args={'value': '/Users/samhughes/Desktop/Hollow-Knight-Pinball/logs/2025-11-29-10-22-28-mpf-Sams-MacBook-Air-2.local.log', 'prev_value': None, 'change': True}
2025-11-29 10:22:29,063 : INFO : EventManager : Event: ======'init_phase_1'====== Args={}
2025-11-29 10:22:29,070 : INFO : EventManager : Event: ======'init_phase_2'====== Args={}
2025-11-29 10:22:29,070 : INFO : SwitchController : Found active switch: (1002, <Platform.SmartVirtual>) <switch.s_trough_1>
2025-11-29 10:22:29,070 : INFO : SwitchController : Found active switch: (1003, <Platform.SmartVirtual>) <switch.s_trough_2>
2025-11-29 10:22:29,070 : INFO : SwitchController : Found active switch: (1004, <Platform.SmartVirtual>) <switch.s_trough_3>
2025-11-29 10:22:29,071 : INFO : EventManager : Event: ======'bcp_connection_attempt'====== Args={'name': 'local_display', 'host': 'localhost', 'port': 5050}
2025-11-29 10:22:29,072 : INFO : BCPClientSocket : Connecting BCP to 'local_display' at localhost:5050...
2025-11-29 10:22:34,247 : INFO : BCPClientSocket : Connected BCP to 'local_display' localhost:5050
2025-11-29 10:22:34,248 : INFO : EventManager : Event: ======'bcp_clients_connected'====== Args={}
2025-11-29 10:22:34,249 : INFO : ball_device.bd_trough : BCH: Initial count: 3
2025-11-29 10:22:34,250 : INFO : ball_device.bd_trough : State: idle
2025-11-29 10:22:34,250 : INFO : ball_device.bd_plunger : BCH: Initial count: 0
2025-11-29 10:22:34,250 : INFO : ball_device.bd_plunger : State: idle
2025-11-29 10:22:34,274 : INFO : EventManager : Event: ======'init_phase_3'====== Args={}
2025-11-29 10:22:34,275 : INFO : EventManager : Event: ======'init_phase_4'====== Args={}
2025-11-29 10:22:34,276 : INFO : BallController : Initial balls found: 3
2025-11-29 10:22:34,276 : INFO : EventManager : Event: ======'machine_var_audits_events_game_ended'====== Args={'value': 6, 'prev_value': None, 'change': True}
2025-11-29 10:22:34,276 : INFO : EventManager : Event: ======'machine_var_audits_events_game_started'====== Args={'value': 132, 'prev_value': None, 'change': True}
2025-11-29 10:22:34,276 : INFO : EventManager : Event: ======'machine_var_audits_missing_switches_s_back_left_target'====== Args={'value': 4, 'prev_value': None, 'change': True}
2025-11-29 10:22:34,276 : INFO : EventManager : Event: ======'machine_var_audits_missing_switches_s_back_middle_left_target'====== Args={'value': 94, 'prev_value': None, 'change': True}
2025-11-29 10:22:34,276 : INFO : EventManager : Event: ======'machine_var_audits_missing_switches_s_back_middle_right_target'====== Args={'value': 93, 'prev_value': None, 'change': True}
2025-11-29 10:22:34,276 : INFO : EventManager : Event: ======'machine_var_audits_missing_switches_s_back_right_target'====== Args={'value': 94, 'prev_value': None, 'change': True}
2025-11-29 10:22:34,276 : INFO : EventManager : Event: ======'machine_var_audits_missing_switches_s_bottom_left_slingshot'====== Args={'value': 89, 'prev_value': None, 'change': True}
2025-11-29 10:22:34,276 : INFO : EventManager : Event: ======'machine_var_audits_missing_switches_s_bottom_right_slingshot'====== Args={'value': 91, 'prev_value': None, 'change': True}
2025-11-29 10:22:34,276 : INFO : EventManager : Event: ======'machine_var_audits_missing_switches_s_front_left_target'====== Args={'value': 101, 'prev_value': None, 'change': True}
2025-11-29 10:22:34,276 : INFO : EventManager : Event: ======'machine_var_audits_missing_switches_s_front_middle_target'====== Args={'value': 4, 'prev_value': None, 'change': True}
2025-11-29 10:22:34,276 : INFO : EventManager : Event: ======'machine_var_audits_missing_switches_s_front_right_target'====== Args={'value': 101, 'prev_value': None, 'change': True}
2025-11-29 10:22:34,276 : INFO : EventManager : Event: ======'machine_var_audits_missing_switches_s_lane_to_pop'====== Args={'value': 31, 'prev_value': None, 'change': True}
2025-11-29 10:22:34,276 : INFO : EventManager : Event: ======'machine_var_audits_missing_switches_s_left_flipper'====== Args={'value': 1, 'prev_value': None, 'change': True}
2025-11-29 10:22:34,276 : INFO : EventManager : Event: ======'machine_var_audits_missing_switches_s_left_inlane'====== Args={'value': 89, 'prev_value': None, 'change': True}
2025-11-29 10:22:34,276 : INFO : EventManager : Event: ======'machine_var_audits_missing_switches_s_left_orbit'====== Args={'value': 4, 'prev_value': None, 'change': True}
2025-11-29 10:22:34,276 : INFO : EventManager : Event: ======'machine_var_audits_missing_switches_s_left_outlane'====== Args={'value': 101, 'prev_value': None, 'change': True}
2025-11-29 10:22:34,276 : INFO : EventManager : Event: ======'machine_var_audits_missing_switches_s_pop_bumper'====== Args={'value': 89, 'prev_value': None, 'change': True}
2025-11-29 10:22:34,276 : INFO : EventManager : Event: ======'machine_var_audits_missing_switches_s_ramp'====== Args={'value': 6, 'prev_value': None, 'change': True}
2025-11-29 10:22:34,276 : INFO : EventManager : Event: ======'machine_var_audits_missing_switches_s_right_flipper'====== Args={'value': 1, 'prev_value': None, 'change': True}
2025-11-29 10:22:34,276 : INFO : EventManager : Event: ======'machine_var_audits_missing_switches_s_right_inlane'====== Args={'value': 53, 'prev_value': None, 'change': True}
2025-11-29 10:22:34,276 : INFO : EventManager : Event: ======'machine_var_audits_missing_switches_s_right_orbit'====== Args={'value': 4, 'prev_value': None, 'change': True}
2025-11-29 10:22:34,276 : INFO : EventManager : Event: ======'machine_var_audits_missing_switches_s_right_outlane'====== Args={'value': 101, 'prev_value': None, 'change': True}
2025-11-29 10:22:34,276 : INFO : EventManager : Event: ======'machine_var_audits_missing_switches_s_saucer'====== Args={'value': 4, 'prev_value': None, 'change': True}
2025-11-29 10:22:34,276 : INFO : EventManager : Event: ======'machine_var_audits_missing_switches_s_top_left_slingshot'====== Args={'value': 87, 'prev_value': None, 'change': True}
2025-11-29 10:22:34,276 : INFO : EventManager : Event: ======'machine_var_audits_missing_switches_s_top_right_slingshot'====== Args={'value': 89, 'prev_value': None, 'change': True}
2025-11-29 10:22:34,276 : INFO : EventManager : Event: ======'machine_var_audits_missing_switches_s_trough_1'====== Args={'value': 95, 'prev_value': None, 'change': True}
2025-11-29 10:22:34,276 : INFO : EventManager : Event: ======'machine_var_audits_missing_switches_s_trough_2'====== Args={'value': 119, 'prev_value': None, 'change': True}
2025-11-29 10:22:34,276 : INFO : EventManager : Event: ======'machine_var_audits_missing_switches_s_trough_3'====== Args={'value': 117, 'prev_value': None, 'change': True}
2025-11-29 10:22:34,276 : INFO : EventManager : Event: ======'machine_var_audits_player_score'====== Args={'value': {'average': 36284, 'top': [173500, 81940, 45000, 15000, 15000, 15000, 15000, 15000, 15000, 15000], 'total': 12}, 'prev_value': None, 'change': True}
2025-11-29 10:22:34,276 : INFO : EventManager : Event: ======'machine_var_audits_shots_back_left_target'====== Args={'value': 7, 'prev_value': None, 'change': True}
2025-11-29 10:22:34,276 : INFO : EventManager : Event: ======'machine_var_audits_shots_back_middle_right_target'====== Args={'value': 4, 'prev_value': None, 'change': True}
2025-11-29 10:22:34,276 : INFO : EventManager : Event: ======'machine_var_audits_shots_back_right_target'====== Args={'value': 2, 'prev_value': None, 'change': True}
2025-11-29 10:22:34,276 : INFO : EventManager : Event: ======'machine_var_audits_shots_bakc_middle_left_target'====== Args={'value': 3, 'prev_value': None, 'change': True}
2025-11-29 10:22:34,277 : INFO : EventManager : Event: ======'machine_var_audits_shots_bottom_left_slingshot'====== Args={'value': 1, 'prev_value': None, 'change': True}
2025-11-29 10:22:34,277 : INFO : EventManager : Event: ======'machine_var_audits_shots_front_left_target'====== Args={'value': 6, 'prev_value': None, 'change': True}
2025-11-29 10:22:34,277 : INFO : EventManager : Event: ======'machine_var_audits_shots_front_middle_target'====== Args={'value': 8, 'prev_value': None, 'change': True}
2025-11-29 10:22:34,277 : INFO : EventManager : Event: ======'machine_var_audits_shots_front_right_target'====== Args={'value': 6, 'prev_value': None, 'change': True}
2025-11-29 10:22:34,277 : INFO : EventManager : Event: ======'machine_var_audits_shots_lane_to_pop'====== Args={'value': 89, 'prev_value': None, 'change': True}
2025-11-29 10:22:34,277 : INFO : EventManager : Event: ======'machine_var_audits_shots_left_inlane'====== Args={'value': 7, 'prev_value': None, 'change': True}
2025-11-29 10:22:34,277 : INFO : EventManager : Event: ======'machine_var_audits_shots_left_orbit'====== Args={'value': 118, 'prev_value': None, 'change': True}
2025-11-29 10:22:34,277 : INFO : EventManager : Event: ======'machine_var_audits_shots_left_orbit_travel_dirtmouth_to_frogotten_crossroads'====== Args={'value': 31, 'prev_value': None, 'change': True}
2025-11-29 10:22:34,277 : INFO : EventManager : Event: ======'machine_var_audits_shots_left_outlane'====== Args={'value': 5, 'prev_value': None, 'change': True}
2025-11-29 10:22:34,277 : INFO : EventManager : Event: ======'machine_var_audits_shots_pop_bumper'====== Args={'value': 23, 'prev_value': None, 'change': True}
2025-11-29 10:22:34,277 : INFO : EventManager : Event: ======'machine_var_audits_shots_ramp'====== Args={'value': 77, 'prev_value': None, 'change': True}
2025-11-29 10:22:34,277 : INFO : EventManager : Event: ======'machine_var_audits_shots_ramp_travel_dirtmouth_to_frogotten_crossroads'====== Args={'value': 7, 'prev_value': None, 'change': True}
2025-11-29 10:22:34,277 : INFO : EventManager : Event: ======'machine_var_audits_shots_right_inlane'====== Args={'value': 14, 'prev_value': None, 'change': True}
2025-11-29 10:22:34,277 : INFO : EventManager : Event: ======'machine_var_audits_shots_right_orbit'====== Args={'value': 258, 'prev_value': None, 'change': True}
2025-11-29 10:22:34,277 : INFO : EventManager : Event: ======'machine_var_audits_shots_right_orbit_travel_dirtmouth_to_frogotten_crossroads'====== Args={'value': 38, 'prev_value': None, 'change': True}
2025-11-29 10:22:34,277 : INFO : EventManager : Event: ======'machine_var_audits_shots_right_outlane'====== Args={'value': 12, 'prev_value': None, 'change': True}
2025-11-29 10:22:34,277 : INFO : EventManager : Event: ======'machine_var_audits_shots_saucer'====== Args={'value': 33, 'prev_value': None, 'change': True}
2025-11-29 10:22:34,277 : INFO : EventManager : Event: ======'machine_var_audits_shots_saucer_dirtmouth'====== Args={'value': 18, 'prev_value': None, 'change': True}
2025-11-29 10:22:34,277 : INFO : EventManager : Event: ======'machine_var_audits_shots_top_left_slingshot'====== Args={'value': 1, 'prev_value': None, 'change': True}
2025-11-29 10:22:34,277 : INFO : EventManager : Event: ======'machine_var_audits_shots_top_right_slingshot'====== Args={'value': 6, 'prev_value': None, 'change': True}
2025-11-29 10:22:34,277 : INFO : EventManager : Event: ======'machine_var_audits_shots_vuk'====== Args={'value': 232, 'prev_value': None, 'change': True}
2025-11-29 10:22:34,277 : INFO : EventManager : Event: ======'machine_var_audits_shots_vuk_dirtmouth'====== Args={'value': 152, 'prev_value': None, 'change': True}
2025-11-29 10:22:34,277 : INFO : EventManager : Event: ======'machine_var_audits_switches_s_back_left_target'====== Args={'value': 7, 'prev_value': None, 'change': True}
2025-11-29 10:22:34,277 : INFO : EventManager : Event: ======'machine_var_audits_switches_s_back_middle_left_target'====== Args={'value': 4, 'prev_value': None, 'change': True}
2025-11-29 10:22:34,277 : INFO : EventManager : Event: ======'machine_var_audits_switches_s_back_middle_right_target'====== Args={'value': 5, 'prev_value': None, 'change': True}
2025-11-29 10:22:34,277 : INFO : EventManager : Event: ======'machine_var_audits_switches_s_back_right_target'====== Args={'value': 3, 'prev_value': None, 'change': True}
2025-11-29 10:22:34,277 : INFO : EventManager : Event: ======'machine_var_audits_switches_s_bottom_left_slingshot'====== Args={'value': 27, 'prev_value': None, 'change': True}
2025-11-29 10:22:34,277 : INFO : EventManager : Event: ======'machine_var_audits_switches_s_bottom_right_slingshot'====== Args={'value': 26, 'prev_value': None, 'change': True}
2025-11-29 10:22:34,277 : INFO : EventManager : Event: ======'machine_var_audits_switches_s_front_left_target'====== Args={'value': 6, 'prev_value': None, 'change': True}
2025-11-29 10:22:34,277 : INFO : EventManager : Event: ======'machine_var_audits_switches_s_front_middle_target'====== Args={'value': 9, 'prev_value': None, 'change': True}
2025-11-29 10:22:34,277 : INFO : EventManager : Event: ======'machine_var_audits_switches_s_front_right_target'====== Args={'value': 7, 'prev_value': None, 'change': True}
2025-11-29 10:22:34,277 : INFO : EventManager : Event: ======'machine_var_audits_switches_s_lane_to_pop'====== Args={'value': 91, 'prev_value': None, 'change': True}
2025-11-29 10:22:34,277 : INFO : EventManager : Event: ======'machine_var_audits_switches_s_left_flipper'====== Args={'value': 15, 'prev_value': None, 'change': True}
2025-11-29 10:22:34,277 : INFO : EventManager : Event: ======'machine_var_audits_switches_s_left_inlane'====== Args={'value': 8, 'prev_value': None, 'change': True}
2025-11-29 10:22:34,277 : INFO : EventManager : Event: ======'machine_var_audits_switches_s_left_orbit'====== Args={'value': 120, 'prev_value': None, 'change': True}
2025-11-29 10:22:34,277 : INFO : EventManager : Event: ======'machine_var_audits_switches_s_left_outlane'====== Args={'value': 6, 'prev_value': None, 'change': True}
2025-11-29 10:22:34,277 : INFO : EventManager : Event: ======'machine_var_audits_switches_s_plunger_lane'====== Args={'value': 309, 'prev_value': None, 'change': True}
2025-11-29 10:22:34,277 : INFO : EventManager : Event: ======'machine_var_audits_switches_s_pop_bumper'====== Args={'value': 23, 'prev_value': None, 'change': True}
2025-11-29 10:22:34,277 : INFO : EventManager : Event: ======'machine_var_audits_switches_s_ramp'====== Args={'value': 79, 'prev_value': None, 'change': True}
2025-11-29 10:22:34,278 : INFO : EventManager : Event: ======'machine_var_audits_switches_s_right_flipper'====== Args={'value': 25, 'prev_value': None, 'change': True}
2025-11-29 10:22:34,278 : INFO : EventManager : Event: ======'machine_var_audits_switches_s_right_inlane'====== Args={'value': 15, 'prev_value': None, 'change': True}
2025-11-29 10:22:34,278 : INFO : EventManager : Event: ======'machine_var_audits_switches_s_right_orbit'====== Args={'value': 292, 'prev_value': None, 'change': True}
2025-11-29 10:22:34,278 : INFO : EventManager : Event: ======'machine_var_audits_switches_s_right_outlane'====== Args={'value': 13, 'prev_value': None, 'change': True}
2025-11-29 10:22:34,278 : INFO : EventManager : Event: ======'machine_var_audits_switches_s_saucer'====== Args={'value': 40, 'prev_value': None, 'change': True}
2025-11-29 10:22:34,278 : INFO : EventManager : Event: ======'machine_var_audits_switches_s_start'====== Args={'value': 57, 'prev_value': None, 'change': True}
2025-11-29 10:22:34,278 : INFO : EventManager : Event: ======'machine_var_audits_switches_s_top_left_slingshot'====== Args={'value': 22, 'prev_value': None, 'change': True}
2025-11-29 10:22:34,278 : INFO : EventManager : Event: ======'machine_var_audits_switches_s_top_right_slingshot'====== Args={'value': 25, 'prev_value': None, 'change': True}
2025-11-29 10:22:34,278 : INFO : EventManager : Event: ======'machine_var_audits_switches_s_trough_1'====== Args={'value': 68, 'prev_value': None, 'change': True}
2025-11-29 10:22:34,278 : INFO : EventManager : Event: ======'machine_var_audits_switches_s_trough_2'====== Args={'value': 9, 'prev_value': None, 'change': True}
2025-11-29 10:22:34,278 : INFO : EventManager : Event: ======'machine_var_audits_switches_s_trough_3'====== Args={'value': 52, 'prev_value': None, 'change': True}
2025-11-29 10:22:34,278 : INFO : EventManager : Event: ======'machine_var_audits_switches_s_vuk'====== Args={'value': 252, 'prev_value': None, 'change': True}
2025-11-29 10:22:34,278 : INFO : EventManager : Event: ======'init_phase_5'====== Args={}
2025-11-29 10:22:34,279 : INFO : EventManager : Event: ======'init_done'====== Args={}
2025-11-29 10:22:34,279 : INFO : EventManager : Event: ======'machine_reset_phase_1'====== Args={}
2025-11-29 10:22:34,292 : INFO : EventManager : Event: ======'machine_reset_phase_2'====== Args={}
2025-11-29 10:22:34,293 : INFO : EventManager : Event: ======'machine_reset_phase_3'====== Args={}
2025-11-29 10:22:34,293 : INFO : EventManager : Event: ======'reset_complete'====== Args={}
2025-11-29 10:22:34,293 : INFO : EventManager : Event: ======'mode_attract_will_start'====== Args={}
2025-11-29 10:22:34,293 : INFO : Timer.attract_carousel_timer : Starting Timer.
2025-11-29 10:22:34,293 : INFO : EventManager : Event: ======'timer_attract_carousel_timer_started'====== Args={'ticks': 0, 'ticks_remaining': 1}
2025-11-29 10:22:34,293 : INFO : EventManager : Event: ======'timer_attract_carousel_timer_tick'====== Args={'ticks': 0, 'ticks_remaining': 1}
2025-11-29 10:22:34,293 : INFO : EventManager : Event: ======'mode_attract_starting'====== Args={}
2025-11-29 10:22:34,293 : INFO : Mode.attract : Started. Priority: 10
2025-11-29 10:22:34,293 : INFO : EventManager : Event: ======'modes_active_modes_changed'====== Args={}
2025-11-29 10:22:34,293 : INFO : EventManager : Event: ======'mode_attract_started'====== Args={}
2025-11-29 10:22:34,293 : INFO : EventManager : Event: ======'collecting_balls_complete'====== Args={}
2025-11-29 10:22:34,294 : INFO : EventManager : Event: ======'carousel_item_highlighted'====== Args={'carousel': 'attract', 'direction': None, 'item': 'title'}
2025-11-29 10:22:34,294 : INFO : Machine : Starting the main run loop with active modes: [<Mode.attract>]
2025-11-29 10:22:34,408 : INFO : EventManager : Event: ======'slide_attract_created'====== Args={'_from_bcp': True}
2025-11-29 10:22:34,408 : INFO : EventManager : Event: ======'slide__removed'====== Args={'_from_bcp': True}
2025-11-29 10:22:34,409 : INFO : EventManager : Event: ======'slide_attract_active'====== Args={'original_context': 'attract', 'original_calling_context': 'mode_attract_started', 'priority': 10.0, 'cmd': 'slides_play', '_from_bcp': True}
2025-11-29 10:22:40,278 : INFO : SwitchController : <<<<<<< 's_start' active >>>>>>>
2025-11-29 10:22:40,394 : INFO : SwitchController : <<<<<<< 's_start' inactive >>>>>>>
2025-11-29 10:22:40,395 : INFO : EventManager : Event: ======'request_to_start_game'====== Args={}
2025-11-29 10:22:40,395 : INFO : EventManager : Event: ======'game_start'====== Args={'buttons': [], 'hold_time': 0.11680599999817787}
2025-11-29 10:22:40,396 : INFO : EventManager : Event: ======'mode_game_will_start'====== Args={'buttons': [], 'hold_time': 0.11680599999817787}
2025-11-29 10:22:40,396 : INFO : EventManager : Event: ======'mode_game_starting'====== Args={'buttons': [], 'hold_time': 0.11680599999817787}
2025-11-29 10:22:40,397 : INFO : EventManager : Event: ======'mode_attract_will_stop'====== Args={}
2025-11-29 10:22:40,397 : INFO : EventManager : Event: ======'mode_attract_stopping'====== Args={}
2025-11-29 10:22:40,397 : INFO : Mode.attract : Stopped.
2025-11-29 10:22:40,397 : INFO : EventManager : Event: ======'modes_active_modes_changed'====== Args={}
2025-11-29 10:22:40,398 : INFO : EventManager : Event: ======'mode_attract_stopped'====== Args={}
2025-11-29 10:22:40,398 : INFO : EventManager : Event: ======'clear'====== Args={'key': 'attract'}
2025-11-29 10:22:40,398 : INFO : Timer.attract_carousel_timer : Stopping Timer
2025-11-29 10:22:40,398 : INFO : EventManager : Event: ======'timer_attract_carousel_timer_stopped'====== Args={'ticks': 0, 'ticks_remaining': 1}
2025-11-29 10:22:40,398 : INFO : Mode.game : Started. Priority: 20
2025-11-29 10:22:40,399 : INFO : EventManager : Event: ======'modes_active_modes_changed'====== Args={}
2025-11-29 10:22:40,399 : INFO : EventManager : Event: ======'mode_game_started'====== Args={'buttons': [], 'hold_time': 0.11680599999817787}
2025-11-29 10:22:40,400 : INFO : EventManager : Event: ======'game_will_start'====== Args={}
2025-11-29 10:22:40,400 : INFO : EventManager : Event: ======'game_starting'====== Args={'game': <Mode.game>}
2025-11-29 10:22:40,401 : INFO : EventManager : Unordered handler for class <Auditor> on event game_ended with priority 1. Handlers: [RegisteredHandler(callback=<bound method Auditor.disable of <Auditor>>, priority=1, kwargs={}, key=UUID('2ac5aa76-aa5a-4750-a921-e17943d432d9'), condition=None, blocking_facility=None), RegisteredHandler(callback=<bound method Auditor._save_audits of <Auditor>>, priority=1, kwargs={}, key=UUID('a3e06d5c-541c-4430-9bae-658e99ca6bae'), condition=None, blocking_facility=None)]. The order of those handlers is not defined and they will be executed in random order. This might lead to race conditions and potential bugs.
2025-11-29 10:22:40,401 : INFO : EventManager : Event: ======'player_add_request'====== Args={}
2025-11-29 10:22:40,402 : INFO : EventManager : Event: ======'player_will_add'====== Args={'number': 1}
2025-11-29 10:22:40,402 : INFO : EventManager : Event: ======'player_adding'====== Args={'player': <Player 1>, 'number': 1}
2025-11-29 10:22:40,403 : INFO : EventManager : Event: ======'player_added'====== Args={'player': <Player 1>, 'num': 1}
2025-11-29 10:22:40,403 : INFO : Mode.game : Player added successfully. Total players: 1
2025-11-29 10:22:40,403 : INFO : EventManager : Event: ======'player_index'====== Args={'value': 0, 'prev_value': 0, 'change': 0, 'player_num': 1}
2025-11-29 10:22:40,403 : INFO : EventManager : Event: ======'player_number'====== Args={'value': 1, 'prev_value': 1, 'change': 0, 'player_num': 1}
2025-11-29 10:22:40,404 : INFO : EventManager : Event: ======'player_dirtmouth_active'====== Args={'value': 0, 'prev_value': 0, 'change': 0, 'player_num': 1}
2025-11-29 10:22:40,404 : INFO : EventManager : Event: ======'player_mode_active'====== Args={'value': 0, 'prev_value': 0, 'change': 0, 'player_num': 1}
2025-11-29 10:22:40,404 : INFO : EventManager : Event: ======'player_lane_to_pop_active'====== Args={'value': 0, 'prev_value': 0, 'change': 0, 'player_num': 1}
2025-11-29 10:22:40,405 : INFO : EventManager : Event: ======'player_lanes_active'====== Args={'value': 0, 'prev_value': 0, 'change': 0, 'player_num': 1}
2025-11-29 10:22:40,405 : INFO : EventManager : Event: ======'player_left_orbit_active'====== Args={'value': 0, 'prev_value': 0, 'change': 0, 'player_num': 1}
2025-11-29 10:22:40,405 : INFO : EventManager : Event: ======'player_pop_bumper_active'====== Args={'value': 0, 'prev_value': 0, 'change': 0, 'player_num': 1}
2025-11-29 10:22:40,405 : INFO : EventManager : Event: ======'player_ramp_active'====== Args={'value': 0, 'prev_value': 0, 'change': 0, 'player_num': 1}
2025-11-29 10:22:40,405 : INFO : EventManager : Event: ======'player_right_orbit_active'====== Args={'value': 0, 'prev_value': 0, 'change': 0, 'player_num': 1}
2025-11-29 10:22:40,406 : INFO : EventManager : Event: ======'player_saucer_active'====== Args={'value': 0, 'prev_value': 0, 'change': 0, 'player_num': 1}
2025-11-29 10:22:40,406 : INFO : EventManager : Event: ======'player_slingshots_active'====== Args={'value': 0, 'prev_value': 0, 'change': 0, 'player_num': 1}
2025-11-29 10:22:40,406 : INFO : EventManager : Event: ======'player_targets_active'====== Args={'value': 0, 'prev_value': 0, 'change': 0, 'player_num': 1}
2025-11-29 10:22:40,406 : INFO : EventManager : Event: ======'player_vuk_active'====== Args={'value': 0, 'prev_value': 0, 'change': 0, 'player_num': 1}
2025-11-29 10:22:40,406 : INFO : EventManager : Event: ======'player_travel_progress'====== Args={'value': 0, 'prev_value': 0, 'change': 0, 'player_num': 1}
2025-11-29 10:22:40,407 : INFO : EventManager : Event: ======'player_travel_time_remaining_travel_dirtmouth_to_frogotten_crossroads'====== Args={'value': 40.0, 'prev_value': 40.0, 'change': 0, 'player_num': 1}
2025-11-29 10:22:40,407 : INFO : EventManager : Event: ======'player_travel_shots_remaining_travel_dirtmouth_to_frogotten_crossroads'====== Args={'value': 2, 'prev_value': 2, 'change': 0, 'player_num': 1}
2025-11-29 10:22:40,407 : INFO : EventManager : Event: ======'player_frogotten_crossroads_active'====== Args={'value': 0, 'prev_value': 0, 'change': 0, 'player_num': 1}
2025-11-29 10:22:40,407 : INFO : EventManager : Event: ======'player_score'====== Args={'value': 0, 'prev_value': 0, 'change': 0, 'player_num': 1}
2025-11-29 10:22:40,410 : INFO : EventManager : Event: ======'game_started'====== Args={}
2025-11-29 10:22:40,422 : INFO : EventManager : Event: ======'player_turn_will_start'====== Args={'player': <Player 1>, 'number': 1}
2025-11-29 10:22:40,423 : INFO : EventManager : Event: ======'player_turn_starting'====== Args={'player': <Player 1>, 'number': 1}
2025-11-29 10:22:40,423 : INFO : EventManager : Event: ======'player_ball'====== Args={'value': 1, 'prev_value': 0, 'change': 1, 'player_num': 1}
2025-11-29 10:22:40,423 : INFO : EventManager : Event: ======'player_turn_started'====== Args={'player': <Player 1>, 'number': 1}
2025-11-29 10:22:40,424 : INFO : EventManager : Event: ======'ball_will_start'====== Args={'player': 1, 'ball': 1, 'balls_remaining': 2, 'is_extra_ball': False}
2025-11-29 10:22:40,424 : INFO : EventManager : Event: ======'ball_starting'====== Args={'player': 1, 'ball': 1, 'balls_remaining': 2, 'is_extra_ball': False}
2025-11-29 10:22:40,425 : INFO : EventManager : Event: ======'mode_base_will_start'====== Args={'queue': <QueuedEvent>, 'player': 1, 'ball': 1, 'balls_remaining': 2, 'is_extra_ball': False}
2025-11-29 10:22:40,425 : INFO : EventManager : Event: ======'mode_base_starting'====== Args={'queue': <QueuedEvent>, 'player': 1, 'ball': 1, 'balls_remaining': 2, 'is_extra_ball': False}
2025-11-29 10:22:40,425 : INFO : Mode.base : Started. Priority: 100
2025-11-29 10:22:40,425 : INFO : EventManager : Event: ======'modes_active_modes_changed'====== Args={}
2025-11-29 10:22:40,425 : INFO : EventManager : Event: ======'mode_base_started'====== Args={'queue': <QueuedEvent>, 'player': 1, 'ball': 1, 'balls_remaining': 2, 'is_extra_ball': False}
2025-11-29 10:22:40,425 : INFO : EventManager : Event: ======'start_mode_right_orbit'====== Args={'priority': 0}
2025-11-29 10:22:40,425 : INFO : EventManager : Event: ======'start_mode_slingshots'====== Args={'priority': 0}
2025-11-29 10:22:40,425 : INFO : EventManager : Event: ======'start_mode_lanes'====== Args={'priority': 0}
2025-11-29 10:22:40,425 : INFO : EventManager : Event: ======'start_mode_vuk'====== Args={'priority': 0}
2025-11-29 10:22:40,425 : INFO : EventManager : Event: ======'start_mode_ramp'====== Args={'priority': 0}
2025-11-29 10:22:40,425 : INFO : EventManager : Event: ======'start_mode_left_orbit'====== Args={'priority': 0}
2025-11-29 10:22:40,426 : INFO : EventManager : Event: ======'start_mode_lane_to_pop'====== Args={'priority': 0}
2025-11-29 10:22:40,426 : INFO : EventManager : Event: ======'start_mode_saucer'====== Args={'priority': 0}
2025-11-29 10:22:40,426 : INFO : EventManager : Event: ======'start_mode_targets'====== Args={'priority': 0}
2025-11-29 10:22:40,426 : INFO : EventManager : Event: ======'start_mode_pop_bumper'====== Args={'priority': 0}
2025-11-29 10:22:40,426 : INFO : EventManager : Event: ======'start_mode_dirtmouth'====== Args={'priority': 0}
2025-11-29 10:22:40,426 : INFO : EventManager : Event: ======'mode_right_orbit_will_start'====== Args={'priority': 0}
2025-11-29 10:22:40,426 : INFO : EventManager : Event: ======'player_shot_right_orbit_enabled'====== Args={'value': True, 'prev_value': 0, 'change': 1, 'player_num': 1}
2025-11-29 10:22:40,427 : INFO : EventManager : Event: ======'mode_right_orbit_starting'====== Args={'priority': 0}
2025-11-29 10:22:40,427 : INFO : EventManager : Event: ======'mode_slingshots_will_start'====== Args={'priority': 0}
2025-11-29 10:22:40,427 : INFO : EventManager : Event: ======'player_shot_top_left_slingshot_enabled'====== Args={'value': True, 'prev_value': 0, 'change': 1, 'player_num': 1}
2025-11-29 10:22:40,427 : INFO : EventManager : Event: ======'player_shot_bottom_left_slingshot_enabled'====== Args={'value': True, 'prev_value': 0, 'change': 1, 'player_num': 1}
2025-11-29 10:22:40,427 : INFO : EventManager : Event: ======'player_shot_top_right_slingshot_enabled'====== Args={'value': True, 'prev_value': 0, 'change': 1, 'player_num': 1}
2025-11-29 10:22:40,428 : INFO : EventManager : Event: ======'player_shot_bottom_right_slingshot_enabled'====== Args={'value': True, 'prev_value': 0, 'change': 1, 'player_num': 1}
2025-11-29 10:22:40,428 : INFO : EventManager : Event: ======'slingshots_complete'====== Args={'state': 'unlit'}
2025-11-29 10:22:40,428 : INFO : EventManager : Event: ======'slingshots_unlit_complete'====== Args={}
2025-11-29 10:22:40,428 : INFO : EventManager : Event: ======'mode_slingshots_starting'====== Args={'priority': 0}
2025-11-29 10:22:40,428 : INFO : EventManager : Event: ======'mode_lanes_will_start'====== Args={'priority': 0}
2025-11-29 10:22:40,429 : INFO : EventManager : Event: ======'player_shot_left_outlane_enabled'====== Args={'value': True, 'prev_value': 0, 'change': 1, 'player_num': 1}
2025-11-29 10:22:40,429 : INFO : EventManager : Event: ======'player_shot_left_inlane_enabled'====== Args={'value': True, 'prev_value': 0, 'change': 1, 'player_num': 1}
2025-11-29 10:22:40,429 : INFO : EventManager : Event: ======'player_shot_right_inlane_enabled'====== Args={'value': True, 'prev_value': 0, 'change': 1, 'player_num': 1}
2025-11-29 10:22:40,429 : INFO : EventManager : Event: ======'player_shot_right_outlane_enabled'====== Args={'value': True, 'prev_value': 0, 'change': 1, 'player_num': 1}
2025-11-29 10:22:40,429 : INFO : EventManager : Event: ======'lanes_complete'====== Args={'state': 'unlit'}
2025-11-29 10:22:40,429 : INFO : EventManager : Event: ======'lanes_unlit_complete'====== Args={}
2025-11-29 10:22:40,430 : INFO : EventManager : Event: ======'mode_lanes_starting'====== Args={'priority': 0}
2025-11-29 10:22:40,430 : INFO : EventManager : Event: ======'mode_vuk_will_start'====== Args={'priority': 0}
2025-11-29 10:22:40,430 : INFO : EventManager : Event: ======'player_shot_vuk_enabled'====== Args={'value': True, 'prev_value': 0, 'change': 1, 'player_num': 1}
2025-11-29 10:22:40,430 : INFO : EventManager : Event: ======'mode_vuk_starting'====== Args={'priority': 0}
2025-11-29 10:22:40,430 : INFO : EventManager : Event: ======'mode_ramp_will_start'====== Args={'priority': 0}
2025-11-29 10:22:40,431 : INFO : EventManager : Event: ======'player_shot_ramp_enabled'====== Args={'value': True, 'prev_value': 0, 'change': 1, 'player_num': 1}
2025-11-29 10:22:40,431 : INFO : EventManager : Event: ======'mode_ramp_starting'====== Args={'priority': 0}
2025-11-29 10:22:40,431 : INFO : EventManager : Event: ======'mode_left_orbit_will_start'====== Args={'priority': 0}
2025-11-29 10:22:40,431 : INFO : EventManager : Event: ======'player_shot_left_orbit_enabled'====== Args={'value': True, 'prev_value': 0, 'change': 1, 'player_num': 1}
2025-11-29 10:22:40,431 : INFO : EventManager : Event: ======'mode_left_orbit_starting'====== Args={'priority': 0}
2025-11-29 10:22:40,432 : INFO : EventManager : Event: ======'mode_lane_to_pop_will_start'====== Args={'priority': 0}
2025-11-29 10:22:40,432 : INFO : EventManager : Event: ======'player_shot_lane_to_pop_enabled'====== Args={'value': True, 'prev_value': 0, 'change': 1, 'player_num': 1}
2025-11-29 10:22:40,432 : INFO : EventManager : Event: ======'mode_lane_to_pop_starting'====== Args={'priority': 0}
2025-11-29 10:22:40,432 : INFO : EventManager : Event: ======'mode_saucer_will_start'====== Args={'priority': 0}
2025-11-29 10:22:40,432 : INFO : EventManager : Event: ======'player_shot_saucer_enabled'====== Args={'value': True, 'prev_value': 0, 'change': 1, 'player_num': 1}
2025-11-29 10:22:40,433 : INFO : EventManager : Event: ======'mode_saucer_starting'====== Args={'priority': 0}
2025-11-29 10:22:40,433 : INFO : EventManager : Event: ======'mode_targets_will_start'====== Args={'priority': 0}
2025-11-29 10:22:40,433 : INFO : EventManager : Event: ======'player_shot_front_left_target_enabled'====== Args={'value': True, 'prev_value': 0, 'change': 1, 'player_num': 1}
2025-11-29 10:22:40,433 : INFO : EventManager : Event: ======'player_shot_front_middle_target_enabled'====== Args={'value': True, 'prev_value': 0, 'change': 1, 'player_num': 1}
2025-11-29 10:22:40,433 : INFO : EventManager : Event: ======'player_shot_front_right_target_enabled'====== Args={'value': True, 'prev_value': 0, 'change': 1, 'player_num': 1}
2025-11-29 10:22:40,433 : INFO : EventManager : Event: ======'player_shot_back_left_target_enabled'====== Args={'value': True, 'prev_value': 0, 'change': 1, 'player_num': 1}
2025-11-29 10:22:40,433 : INFO : EventManager : Event: ======'player_shot_bakc_middle_left_target_enabled'====== Args={'value': True, 'prev_value': 0, 'change': 1, 'player_num': 1}
2025-11-29 10:22:40,433 : INFO : EventManager : Event: ======'player_shot_back_middle_right_target_enabled'====== Args={'value': True, 'prev_value': 0, 'change': 1, 'player_num': 1}
2025-11-29 10:22:40,434 : INFO : EventManager : Event: ======'player_shot_back_right_target_enabled'====== Args={'value': True, 'prev_value': 0, 'change': 1, 'player_num': 1}
2025-11-29 10:22:40,434 : INFO : EventManager : Event: ======'targets_complete'====== Args={'state': 'unlit'}
2025-11-29 10:22:40,434 : INFO : EventManager : Event: ======'targets_unlit_complete'====== Args={}
2025-11-29 10:22:40,434 : INFO : EventManager : Event: ======'mode_targets_starting'====== Args={'priority': 0}
2025-11-29 10:22:40,434 : INFO : EventManager : Event: ======'mode_pop_bumper_will_start'====== Args={'priority': 0}
2025-11-29 10:22:40,434 : INFO : EventManager : Event: ======'player_shot_pop_bumper_enabled'====== Args={'value': True, 'prev_value': 0, 'change': 1, 'player_num': 1}
2025-11-29 10:22:40,435 : INFO : EventManager : Event: ======'mode_pop_bumper_starting'====== Args={'priority': 0}
2025-11-29 10:22:40,435 : INFO : EventManager : Event: ======'mode_dirtmouth_will_start'====== Args={'priority': 0}
2025-11-29 10:22:40,435 : INFO : EventManager : Event: ======'player_shot_vuk_dirtmouth_enabled'====== Args={'value': True, 'prev_value': 0, 'change': 1, 'player_num': 1}
2025-11-29 10:22:40,435 : INFO : EventManager : Event: ======'player_shot_saucer_dirtmouth_enabled'====== Args={'value': True, 'prev_value': 0, 'change': 1, 'player_num': 1}
2025-11-29 10:22:40,435 : INFO : EventManager : Event: ======'locks_dirtmouth_complete'====== Args={'state': 'unlit'}
2025-11-29 10:22:40,435 : INFO : EventManager : Event: ======'locks_dirtmouth_unlit_complete'====== Args={}
2025-11-29 10:22:40,436 : INFO : EventManager : Event: ======'mode_dirtmouth_starting'====== Args={'priority': 0}
2025-11-29 10:22:40,436 : INFO : Mode.dirtmouth : Started. Priority: 250
2025-11-29 10:22:40,436 : INFO : EventManager : Event: ======'modes_active_modes_changed'====== Args={}
2025-11-29 10:22:40,436 : INFO : EventManager : Event: ======'mode_dirtmouth_started'====== Args={'priority': 0}
2025-11-29 10:22:40,436 : INFO : EventManager : Event: ======'player_dirtmouth_active'====== Args={'value': 1, 'prev_value': 0, 'change': 1, 'player_num': 1, 'source': 'dirtmouth'}
2025-11-29 10:22:40,437 : INFO : Mode.pop_bumper : Started. Priority: 150
2025-11-29 10:22:40,437 : INFO : EventManager : Event: ======'modes_active_modes_changed'====== Args={}
2025-11-29 10:22:40,437 : INFO : EventManager : Event: ======'mode_pop_bumper_started'====== Args={'priority': 0}
2025-11-29 10:22:40,437 : INFO : EventManager : Event: ======'player_pop_bumper_active'====== Args={'value': 1, 'prev_value': 0, 'change': 1, 'player_num': 1, 'source': 'pop_bumper'}
2025-11-29 10:22:40,438 : INFO : Mode.targets : Started. Priority: 175
2025-11-29 10:22:40,438 : INFO : EventManager : Event: ======'modes_active_modes_changed'====== Args={}
2025-11-29 10:22:40,438 : INFO : EventManager : Event: ======'mode_targets_started'====== Args={'priority': 0}
2025-11-29 10:22:40,438 : INFO : EventManager : Event: ======'player_targets_active'====== Args={'value': 1, 'prev_value': 0, 'change': 1, 'player_num': 1, 'source': 'targets'}
2025-11-29 10:22:40,439 : INFO : Mode.saucer : Started. Priority: 200
2025-11-29 10:22:40,439 : INFO : EventManager : Event: ======'modes_active_modes_changed'====== Args={}
2025-11-29 10:22:40,439 : INFO : EventManager : Event: ======'mode_saucer_started'====== Args={'priority': 0}
2025-11-29 10:22:40,439 : INFO : EventManager : Event: ======'player_saucer_active'====== Args={'value': 1, 'prev_value': 0, 'change': 1, 'player_num': 1, 'source': 'saucer'}
2025-11-29 10:22:40,440 : INFO : Mode.lane_to_pop : Started. Priority: 200
2025-11-29 10:22:40,440 : INFO : EventManager : Event: ======'modes_active_modes_changed'====== Args={}
2025-11-29 10:22:40,440 : INFO : EventManager : Event: ======'mode_lane_to_pop_started'====== Args={'priority': 0}
2025-11-29 10:22:40,440 : INFO : EventManager : Event: ======'player_lane_to_pop_active'====== Args={'value': 1, 'prev_value': 0, 'change': 1, 'player_num': 1, 'source': 'lane_to_pop'}
2025-11-29 10:22:40,441 : INFO : Mode.left_orbit : Started. Priority: 200
2025-11-29 10:22:40,441 : INFO : EventManager : Event: ======'modes_active_modes_changed'====== Args={}
2025-11-29 10:22:40,441 : INFO : EventManager : Event: ======'mode_left_orbit_started'====== Args={'priority': 0}
2025-11-29 10:22:40,441 : INFO : EventManager : Event: ======'player_left_orbit_active'====== Args={'value': 1, 'prev_value': 0, 'change': 1, 'player_num': 1, 'source': 'left_orbit'}
2025-11-29 10:22:40,442 : INFO : Mode.ramp : Started. Priority: 200
2025-11-29 10:22:40,442 : INFO : EventManager : Event: ======'modes_active_modes_changed'====== Args={}
2025-11-29 10:22:40,442 : INFO : EventManager : Event: ======'mode_ramp_started'====== Args={'priority': 0}
2025-11-29 10:22:40,442 : INFO : EventManager : Event: ======'player_ramp_active'====== Args={'value': 1, 'prev_value': 0, 'change': 1, 'player_num': 1, 'source': 'ramp'}
2025-11-29 10:22:40,443 : INFO : Mode.vuk : Started. Priority: 200
2025-11-29 10:22:40,443 : INFO : EventManager : Event: ======'modes_active_modes_changed'====== Args={}
2025-11-29 10:22:40,443 : INFO : EventManager : Event: ======'mode_vuk_started'====== Args={'priority': 0}
2025-11-29 10:22:40,443 : INFO : EventManager : Event: ======'player_vuk_active'====== Args={'value': 1, 'prev_value': 0, 'change': 1, 'player_num': 1, 'source': 'vuk'}
2025-11-29 10:22:40,444 : INFO : Mode.lanes : Started. Priority: 150
2025-11-29 10:22:40,444 : INFO : EventManager : Event: ======'modes_active_modes_changed'====== Args={}
2025-11-29 10:22:40,444 : INFO : EventManager : Event: ======'mode_lanes_started'====== Args={'priority': 0}
2025-11-29 10:22:40,444 : INFO : EventManager : Event: ======'player_lanes_active'====== Args={'value': 1, 'prev_value': 0, 'change': 1, 'player_num': 1, 'source': 'lanes'}
2025-11-29 10:22:40,445 : INFO : Mode.slingshots : Started. Priority: 150
2025-11-29 10:22:40,445 : INFO : EventManager : Event: ======'modes_active_modes_changed'====== Args={}
2025-11-29 10:22:40,445 : INFO : EventManager : Event: ======'mode_slingshots_started'====== Args={'priority': 0}
2025-11-29 10:22:40,445 : INFO : EventManager : Event: ======'player_slingshots_active'====== Args={'value': 1, 'prev_value': 0, 'change': 1, 'player_num': 1, 'source': 'slingshots'}
2025-11-29 10:22:40,446 : INFO : Mode.right_orbit : Started. Priority: 200
2025-11-29 10:22:40,446 : INFO : EventManager : Event: ======'modes_active_modes_changed'====== Args={}
2025-11-29 10:22:40,446 : INFO : EventManager : Event: ======'mode_right_orbit_started'====== Args={'priority': 0}
2025-11-29 10:22:40,446 : INFO : EventManager : Event: ======'player_right_orbit_active'====== Args={'value': 1, 'prev_value': 0, 'change': 1, 'player_num': 1, 'source': 'right_orbit'}
2025-11-29 10:22:40,447 : INFO : EventManager : Event: ======'balls_in_play'====== Args={'balls': 1}
2025-11-29 10:22:40,447 : INFO : EventManager : Event: ======'ball_started'====== Args={'player': 1, 'ball': 1, 'balls_remaining': 2, 'is_extra_ball': False}
2025-11-29 10:22:40,449 : INFO : EventManager : Event: ======'single_player_ball_started'====== Args={}
2025-11-29 10:22:40,449 : INFO : EventManager : Event: ======'slide_base_created'====== Args={'_from_bcp': True}
2025-11-29 10:22:40,449 : INFO : EventManager : Event: ======'slide_attract_inactive'====== Args={'is_removing': True, '_from_bcp': True}
2025-11-29 10:22:40,449 : INFO : EventManager : Event: ======'slide_base_active'====== Args={'original_context': 'base', 'original_calling_context': 'mode_base_started', 'priority': 100.0, 'queue': '<QueuedEvent>', 'player': 1.0, 'ball': 1.0, 'balls_remaining': 2.0, 'is_extra_ball': False, 'cmd': 'slides_play', '_from_bcp': True}
2025-11-29 10:22:40,449 : INFO : EventManager : Event: ======'slide_attract_removed'====== Args={'_from_bcp': True}
2025-11-29 10:22:40,449 : INFO : EventManager : Event: ======'ball_start_target'====== Args={'target': 'playfield'}
2025-11-29 10:22:40,449 : INFO : ball_device.bd_trough : Setting up player-controlled eject. Balls: 1, Target: <playfield.playfield>, player_controlled_eject_event: None
2025-11-29 10:22:40,449 : INFO : ball_device.bd_trough : Adding 1 ball(s) to the eject_queue with target <playfield.playfield>.
2025-11-29 10:22:40,449 : INFO : EventManager : Event: ======'balldevice_balls_available'====== Args={}
2025-11-29 10:22:40,450 : INFO : ball_device.bd_trough : State: waiting_for_target_ready
2025-11-29 10:22:40,450 : INFO : EventManager : Event: ======'balldevice_bd_trough_ball_eject_attempt'====== Args={'balls': 1, 'target': <ball_device.bd_plunger>, 'source': <ball_device.bd_trough>, 'mechanical_eject': False, 'num_attempts': 0}
2025-11-29 10:22:40,450 : INFO : ball_device.bd_plunger : State: waiting_for_ball
2025-11-29 10:22:40,450 : INFO : ball_device.bd_trough : State: ejecting
2025-11-29 10:22:40,450 : INFO : ball_device.bd_trough : Ejecting ball to <ball_device.bd_plunger>
2025-11-29 10:22:40,450 : INFO : EventManager : Event: ======'balldevice_bd_trough_ejecting_ball'====== Args={'balls': 1, 'target': <ball_device.bd_plunger>, 'source': <ball_device.bd_trough>, 'mechanical_eject': False, 'num_attempts': 0}
2025-11-29 10:22:40,450 : INFO : ball_device.bd_trough : Wait for ball to leave device
2025-11-29 10:22:40,450 : INFO : coil.c_trough_eject : Pulsing Driver for 10ms (1.0 pulse_power)
2025-11-29 10:22:40,450 : INFO : SwitchController : <<<<<<< 's_trough_1' inactive >>>>>>>
2025-11-29 10:22:40,451 : INFO : ball_device.bd_trough : State: ball_left
2025-11-29 10:22:40,451 : INFO : ball_device.bd_trough : Ball left
2025-11-29 10:22:40,451 : INFO : ball_device.bd_trough : Wait for confirm with timeout 10.0
2025-11-29 10:22:40,474 : INFO : EventManager : Event: ======'slide_dirtmouth_created'====== Args={'_from_bcp': True}
2025-11-29 10:22:40,474 : INFO : EventManager : Event: ======'slide_base_inactive'====== Args={'is_removing': False, '_from_bcp': True}
2025-11-29 10:22:40,474 : INFO : EventManager : Event: ======'slide_dirtmouth_active'====== Args={'original_context': 'dirtmouth', 'original_calling_context': 'mode_dirtmouth_started', 'priority': 250.0, 'cmd': 'slides_play', '_from_bcp': True}
2025-11-29 10:22:40,552 : INFO : SwitchController : <<<<<<< 's_plunger_lane' active >>>>>>>
2025-11-29 10:22:40,552 : INFO : EventManager : Event: ======'machine_var_audits_switches_s_plunger_lane'====== Args={'value': 310, 'prev_value': 309, 'change': 1}
2025-11-29 10:22:41,053 : INFO : ball_device.bd_plunger : Received ball from <ball_device.bd_trough>
2025-11-29 10:22:41,053 : INFO : EventManager : Event: ======'balldevice_bd_plunger_ball_enter'====== Args={'new_balls': 1, 'unclaimed_balls': 0, 'new_available_balls': 0, 'device': <ball_device.bd_plunger>}
2025-11-29 10:22:41,054 : INFO : EventManager : Event: ======'balldevice_bd_plunger_ball_entered'====== Args={'new_balls': 0, 'device': <ball_device.bd_plunger>}
2025-11-29 10:22:41,054 : INFO : EventManager : Event: ======'balldevice_bd_plunger_ball_count_changed'====== Args={'balls': 1}
2025-11-29 10:22:41,054 : INFO : ball_device.bd_trough : Got eject confirm
2025-11-29 10:22:41,055 : INFO : ball_device.bd_trough : Eject successful
2025-11-29 10:22:41,055 : INFO : EventManager : Event: ======'balldevice_bd_trough_ball_eject_success'====== Args={'balls': 1, 'target': <ball_device.bd_plunger>}
2025-11-29 10:22:41,055 : INFO : ball_device.bd_plunger : State: waiting_for_target_ready
2025-11-29 10:22:41,055 : INFO : EventManager : Event: ======'balldevice_bd_plunger_ball_eject_attempt'====== Args={'balls': 1, 'target': <playfield.playfield>, 'source': <ball_device.bd_plunger>, 'mechanical_eject': False, 'num_attempts': 0}
2025-11-29 10:22:41,055 : INFO : EventManager : Event: ======'balldevice_bd_trough_ball_count_changed'====== Args={'balls': 2}
2025-11-29 10:22:41,056 : INFO : ball_device.bd_trough : State: idle
2025-11-29 10:22:41,056 : INFO : ball_device.bd_plunger : State: ejecting
2025-11-29 10:22:41,056 : INFO : ball_device.bd_plunger : Ejecting ball to <playfield.playfield>
2025-11-29 10:22:41,056 : INFO : EventManager : Event: ======'balldevice_bd_plunger_ejecting_ball'====== Args={'balls': 1, 'target': <playfield.playfield>, 'source': <ball_device.bd_plunger>, 'mechanical_eject': False, 'num_attempts': 0}
2025-11-29 10:22:41,058 : INFO : ball_device.bd_plunger : Wait for ball to leave device
2025-11-29 10:22:41,461 : INFO : SwitchController : <<<<<<< 's_vuk' active >>>>>>>
2025-11-29 10:22:41,461 : INFO : EventManager : Event: ======'playfield_active'====== Args={'source': 'vuk'}
2025-11-29 10:22:41,461 : INFO : EventManager : Event: ======'playfield_active'====== Args={'source': 'vuk_frogotten_crossroads'}
2025-11-29 10:22:41,461 : INFO : EventManager : Event: ======'playfield_active'====== Args={'source': 'vuk_dirtmouth'}
2025-11-29 10:22:41,461 : INFO : EventManager : Event: ======'s_vuk_active'====== Args={}
2025-11-29 10:22:41,461 : INFO : EventManager : Event: ======'machine_var_audits_switches_s_vuk'====== Args={'value': 253, 'prev_value': 252, 'change': 1}
2025-11-29 10:22:41,462 : INFO : EventManager : Event: ======'player_shot_vuk_dirtmouth'====== Args={'value': 1, 'prev_value': 0, 'change': 1, 'player_num': 1}
2025-11-29 10:22:41,462 : INFO : EventManager : Event: ======'machine_var_audits_shots_vuk_dirtmouth'====== Args={'value': 153, 'prev_value': 152, 'change': 1}
2025-11-29 10:22:41,463 : INFO : EventManager : Event: ======'vuk_dirtmouth_hit'====== Args={'profile': 'default', 'state': 'unlit', 'advancing': True}
2025-11-29 10:22:41,463 : INFO : EventManager : Event: ======'vuk_dirtmouth_default_hit'====== Args={'profile': 'default', 'state': 'unlit', 'advancing': True}
2025-11-29 10:22:41,463 : INFO : EventManager : Event: ======'vuk_dirtmouth_default_unlit_hit'====== Args={'profile': 'default', 'state': 'unlit', 'advancing': True}
2025-11-29 10:22:41,463 : INFO : EventManager : Event: ======'vuk_dirtmouth_unlit_hit'====== Args={'profile': 'default', 'state': 'unlit', 'advancing': True}
2025-11-29 10:22:41,463 : INFO : EventManager : Event: ======'player_shot_vuk'====== Args={'value': 1, 'prev_value': 0, 'change': 1, 'player_num': 1}
2025-11-29 10:22:41,463 : INFO : EventManager : Event: ======'machine_var_audits_shots_vuk'====== Args={'value': 233, 'prev_value': 232, 'change': 1}
2025-11-29 10:22:41,463 : INFO : EventManager : Event: ======'vuk_hit'====== Args={'profile': 'default', 'state': 'unlit', 'advancing': True}
2025-11-29 10:22:41,463 : INFO : EventManager : Event: ======'vuk_default_hit'====== Args={'profile': 'default', 'state': 'unlit', 'advancing': True}
2025-11-29 10:22:41,463 : INFO : EventManager : Event: ======'vuk_default_unlit_hit'====== Args={'profile': 'default', 'state': 'unlit', 'advancing': True}
2025-11-29 10:22:41,463 : INFO : EventManager : Event: ======'vuk_unlit_hit'====== Args={'profile': 'default', 'state': 'unlit', 'advancing': True}
2025-11-29 10:22:41,463 : INFO : EventManager : Event: ======'locks_dirtmouth_hit'====== Args={'shot': 'vuk_dirtmouth'}
2025-11-29 10:22:41,464 : INFO : EventManager : Event: ======'locks_dirtmouth_unlit_hit'====== Args={'shot': 'vuk_dirtmouth'}
2025-11-29 10:22:41,464 : INFO : EventManager : Event: ======'start_mode_carousel_mode_select'====== Args={'priority': 0}
2025-11-29 10:22:41,464 : INFO : EventManager : Event: ======'mode_carousel_mode_select_will_start'====== Args={'priority': 0}
2025-11-29 10:22:41,465 : INFO : EventManager : Event: ======'mode_carousel_mode_select_starting'====== Args={'priority': 0}
2025-11-29 10:22:41,465 : INFO : EventManager : Event: ======'player_score'====== Args={'value': 5000, 'prev_value': 0, 'change': 5000, 'player_num': 1, 'source': 'vuk'}
2025-11-29 10:22:41,467 : INFO : Mode.carousel_mode_select : Started. Priority: 500
2025-11-29 10:22:41,467 : INFO : EventManager : Event: ======'modes_active_modes_changed'====== Args={}
2025-11-29 10:22:41,467 : INFO : EventManager : Event: ======'mode_carousel_mode_select_started'====== Args={'priority': 0}
2025-11-29 10:22:41,468 : INFO : EventManager : Event: ======'carousel_item_highlighted'====== Args={'carousel': 'carousel_mode_select', 'direction': None, 'item': 'travel_dirtmouth_to_frogotten_crossroads'}
2025-11-29 10:22:41,528 : INFO : EventManager : Event: ======'slide_carousel_mode_select_created'====== Args={'_from_bcp': True}
2025-11-29 10:22:41,529 : INFO : EventManager : Event: ======'slide_dirtmouth_inactive'====== Args={'is_removing': False, '_from_bcp': True}
2025-11-29 10:22:41,529 : INFO : EventManager : Event: ======'slide_carousel_mode_select_active'====== Args={'original_context': 'carousel_mode_select', 'original_calling_context': 'mode_carousel_mode_select_started', 'priority': 500.0, 'cmd': 'slides_play', '_from_bcp': True}
2025-11-29 10:22:41,576 : INFO : SwitchController : <<<<<<< 's_vuk' inactive >>>>>>>
2025-11-29 10:22:43,211 : INFO : SwitchController : <<<<<<< 's_left_flipper' active >>>>>>>
2025-11-29 10:22:43,211 : INFO : EventManager : Event: ======'s_left_flipper_active'====== Args={}
2025-11-29 10:22:43,211 : INFO : EventManager : Event: ======'machine_var_audits_switches_s_left_flipper'====== Args={'value': 16, 'prev_value': 15, 'change': 1}
2025-11-29 10:22:43,212 : INFO : EventManager : Event: ======'carousel_item_highlighted'====== Args={'carousel': 'carousel_mode_select', 'direction': 'backwards', 'item': 'leave'}
2025-11-29 10:22:43,213 : INFO : SwitchController : <<<<<<< 's_right_flipper' active >>>>>>>
2025-11-29 10:22:43,213 : INFO : EventManager : Event: ======'s_right_flipper_active'====== Args={}
2025-11-29 10:22:43,213 : INFO : EventManager : Event: ======'flipper_cancel'====== Args={'triggering_group': 2, 'triggering_switch': 's_right_flipper'}
2025-11-29 10:22:43,213 : INFO : EventManager : Event: ======'machine_var_audits_switches_s_right_flipper'====== Args={'value': 26, 'prev_value': 25, 'change': 1}
2025-11-29 10:22:43,214 : INFO : EventManager : Event: ======'carousel_item_highlighted'====== Args={'carousel': 'carousel_mode_select', 'direction': 'forwards', 'item': 'travel_dirtmouth_to_frogotten_crossroads'}
2025-11-29 10:22:43,214 : INFO : EventManager : Event: ======'carousel_item_selected'====== Args={'carousel': 'carousel_mode_select', 'item': 'travel_dirtmouth_to_frogotten_crossroads'}
2025-11-29 10:22:43,361 : INFO : SwitchController : <<<<<<< 's_right_flipper' inactive >>>>>>>
2025-11-29 10:22:43,361 : INFO : EventManager : Event: ======'both_flippers_one'====== Args={'triggering_group': 2, 'triggering_switch': 's_right_flipper'}
2025-11-29 10:22:43,379 : INFO : SwitchController : <<<<<<< 's_left_flipper' inactive >>>>>>>
2025-11-29 10:22:43,379 : INFO : EventManager : Event: ======'both_flippers_inactive'====== Args={'triggering_group': 1, 'triggering_switch': 's_left_flipper'}
2025-11-29 10:22:44,211 : INFO : SwitchController : <<<<<<< 's_right_flipper' active >>>>>>>
2025-11-29 10:22:44,211 : INFO : EventManager : Event: ======'s_right_flipper_active'====== Args={}
2025-11-29 10:22:44,212 : INFO : EventManager : Event: ======'machine_var_audits_switches_s_right_flipper'====== Args={'value': 27, 'prev_value': 26, 'change': 1}
2025-11-29 10:22:44,213 : INFO : SwitchController : <<<<<<< 's_left_flipper' active >>>>>>>
2025-11-29 10:22:44,213 : INFO : EventManager : Event: ======'s_left_flipper_active'====== Args={}
2025-11-29 10:22:44,213 : INFO : EventManager : Event: ======'flipper_cancel'====== Args={'triggering_group': 1, 'triggering_switch': 's_left_flipper'}
2025-11-29 10:22:44,213 : INFO : EventManager : Event: ======'machine_var_audits_switches_s_left_flipper'====== Args={'value': 17, 'prev_value': 16, 'change': 1}
2025-11-29 10:22:45,260 : INFO : SwitchController : <<<<<<< 's_right_flipper' inactive >>>>>>>
2025-11-29 10:22:45,260 : INFO : EventManager : Event: ======'both_flippers_one'====== Args={'triggering_group': 2, 'triggering_switch': 's_right_flipper'}
2025-11-29 10:22:45,293 : INFO : SwitchController : <<<<<<< 's_left_flipper' inactive >>>>>>>
2025-11-29 10:22:45,294 : INFO : EventManager : Event: ======'both_flippers_inactive'====== Args={'triggering_group': 1, 'triggering_switch': 's_left_flipper'}
2025-11-29 10:22:45,660 : INFO : SwitchController : <<<<<<< 's_right_flipper' active >>>>>>>
2025-11-29 10:22:45,661 : INFO : EventManager : Event: ======'s_right_flipper_active'====== Args={}
2025-11-29 10:22:45,661 : INFO : EventManager : Event: ======'machine_var_audits_switches_s_right_flipper'====== Args={'value': 28, 'prev_value': 27, 'change': 1}
2025-11-29 10:22:45,694 : INFO : SwitchController : <<<<<<< 's_left_flipper' active >>>>>>>
2025-11-29 10:22:45,694 : INFO : EventManager : Event: ======'s_left_flipper_active'====== Args={}
2025-11-29 10:22:45,694 : INFO : EventManager : Event: ======'flipper_cancel'====== Args={'triggering_group': 1, 'triggering_switch': 's_left_flipper'}
2025-11-29 10:22:45,694 : INFO : EventManager : Event: ======'machine_var_audits_switches_s_left_flipper'====== Args={'value': 18, 'prev_value': 17, 'change': 1}
2025-11-29 10:22:45,977 : INFO : SwitchController : <<<<<<< 's_left_flipper' inactive >>>>>>>
2025-11-29 10:22:45,978 : INFO : EventManager : Event: ======'both_flippers_one'====== Args={'triggering_group': 1, 'triggering_switch': 's_left_flipper'}
2025-11-29 10:22:45,979 : INFO : SwitchController : <<<<<<< 's_right_flipper' inactive >>>>>>>
2025-11-29 10:22:45,979 : INFO : EventManager : Event: ======'both_flippers_inactive'====== Args={'triggering_group': 2, 'triggering_switch': 's_right_flipper'}
2025-11-29 10:22:46,310 : INFO : SwitchController : <<<<<<< 's_right_flipper' active >>>>>>>
2025-11-29 10:22:46,311 : INFO : EventManager : Event: ======'s_right_flipper_active'====== Args={}
2025-11-29 10:22:46,311 : INFO : EventManager : Event: ======'machine_var_audits_switches_s_right_flipper'====== Args={'value': 29, 'prev_value': 28, 'change': 1}
2025-11-29 10:22:46,328 : INFO : SwitchController : <<<<<<< 's_left_flipper' active >>>>>>>
2025-11-29 10:22:46,328 : INFO : EventManager : Event: ======'s_left_flipper_active'====== Args={}
2025-11-29 10:22:46,328 : INFO : EventManager : Event: ======'flipper_cancel'====== Args={'triggering_group': 1, 'triggering_switch': 's_left_flipper'}
2025-11-29 10:22:46,328 : INFO : EventManager : Event: ======'machine_var_audits_switches_s_left_flipper'====== Args={'value': 19, 'prev_value': 18, 'change': 1}
2025-11-29 10:22:46,560 : INFO : SwitchController : <<<<<<< 's_left_flipper' inactive >>>>>>>
2025-11-29 10:22:46,561 : INFO : EventManager : Event: ======'both_flippers_one'====== Args={'triggering_group': 1, 'triggering_switch': 's_left_flipper'}
2025-11-29 10:22:46,562 : INFO : SwitchController : <<<<<<< 's_right_flipper' inactive >>>>>>>
2025-11-29 10:22:46,562 : INFO : EventManager : Event: ======'both_flippers_inactive'====== Args={'triggering_group': 2, 'triggering_switch': 's_right_flipper'}
2025-11-29 10:22:47,843 : WARNING : SwitchController : Received duplicate switch state 1 for switch s_plunger_lane from the platform interface. Log Code: Log-SwitchController-1 (https://missionpinball.org/logs)
2025-11-29 10:22:47,977 : INFO : SwitchController : <<<<<<< 's_plunger_lane' inactive >>>>>>>
2025-11-29 10:22:47,978 : INFO : ball_device.bd_plunger : State: ball_left
2025-11-29 10:22:47,978 : INFO : ball_device.bd_plunger : Ball left
2025-11-29 10:22:47,978 : INFO : ball_device.bd_plunger : Wait for confirm with timeout 10.0
2025-11-29 10:22:48,694 : INFO : SwitchController : <<<<<<< 's_right_flipper' active >>>>>>>
2025-11-29 10:22:48,694 : INFO : EventManager : Event: ======'s_right_flipper_active'====== Args={}
2025-11-29 10:22:48,695 : INFO : EventManager : Event: ======'machine_var_audits_switches_s_right_flipper'====== Args={'value': 30, 'prev_value': 29, 'change': 1}
2025-11-29 10:22:48,696 : INFO : SwitchController : <<<<<<< 's_left_flipper' active >>>>>>>
2025-11-29 10:22:48,696 : INFO : EventManager : Event: ======'s_left_flipper_active'====== Args={}
2025-11-29 10:22:48,696 : INFO : EventManager : Event: ======'flipper_cancel'====== Args={'triggering_group': 1, 'triggering_switch': 's_left_flipper'}
2025-11-29 10:22:48,697 : INFO : EventManager : Event: ======'machine_var_audits_switches_s_left_flipper'====== Args={'value': 20, 'prev_value': 19, 'change': 1}
2025-11-29 10:22:48,944 : INFO : SwitchController : <<<<<<< 's_right_flipper' inactive >>>>>>>
2025-11-29 10:22:48,944 : INFO : EventManager : Event: ======'both_flippers_one'====== Args={'triggering_group': 2, 'triggering_switch': 's_right_flipper'}
2025-11-29 10:22:48,961 : INFO : SwitchController : <<<<<<< 's_left_flipper' inactive >>>>>>>
2025-11-29 10:22:48,962 : INFO : EventManager : Event: ======'both_flippers_inactive'====== Args={'triggering_group': 1, 'triggering_switch': 's_left_flipper'}
2025-11-29 10:22:49,377 : INFO : SwitchController : <<<<<<< 's_right_flipper' active >>>>>>>
2025-11-29 10:22:49,378 : INFO : EventManager : Event: ======'s_right_flipper_active'====== Args={}
2025-11-29 10:22:49,378 : INFO : EventManager : Event: ======'machine_var_audits_switches_s_right_flipper'====== Args={'value': 31, 'prev_value': 30, 'change': 1}
2025-11-29 10:22:49,379 : INFO : SwitchController : <<<<<<< 's_left_flipper' active >>>>>>>
2025-11-29 10:22:49,379 : INFO : EventManager : Event: ======'s_left_flipper_active'====== Args={}
2025-11-29 10:22:49,379 : INFO : EventManager : Event: ======'flipper_cancel'====== Args={'triggering_group': 1, 'triggering_switch': 's_left_flipper'}
2025-11-29 10:22:49,380 : INFO : EventManager : Event: ======'machine_var_audits_switches_s_left_flipper'====== Args={'value': 21, 'prev_value': 20, 'change': 1}
2025-11-29 10:22:49,627 : INFO : SwitchController : <<<<<<< 's_right_flipper' inactive >>>>>>>
2025-11-29 10:22:49,627 : INFO : EventManager : Event: ======'both_flippers_one'====== Args={'triggering_group': 2, 'triggering_switch': 's_right_flipper'}
2025-11-29 10:22:49,643 : INFO : SwitchController : <<<<<<< 's_left_flipper' inactive >>>>>>>
2025-11-29 10:22:49,643 : INFO : EventManager : Event: ======'both_flippers_inactive'====== Args={'triggering_group': 1, 'triggering_switch': 's_left_flipper'}
2025-11-29 10:22:49,977 : INFO : SwitchController : <<<<<<< 's_right_flipper' active >>>>>>>
2025-11-29 10:22:49,977 : INFO : EventManager : Event: ======'s_right_flipper_active'====== Args={}
2025-11-29 10:22:49,978 : INFO : EventManager : Event: ======'machine_var_audits_switches_s_right_flipper'====== Args={'value': 32, 'prev_value': 31, 'change': 1}
2025-11-29 10:22:49,979 : INFO : SwitchController : <<<<<<< 's_left_flipper' active >>>>>>>
2025-11-29 10:22:49,979 : INFO : EventManager : Event: ======'s_left_flipper_active'====== Args={}
2025-11-29 10:22:49,979 : INFO : EventManager : Event: ======'flipper_cancel'====== Args={'triggering_group': 1, 'triggering_switch': 's_left_flipper'}
2025-11-29 10:22:49,979 : INFO : EventManager : Event: ======'machine_var_audits_switches_s_left_flipper'====== Args={'value': 22, 'prev_value': 21, 'change': 1}
2025-11-29 10:22:50,160 : INFO : SwitchController : <<<<<<< 's_right_flipper' inactive >>>>>>>
2025-11-29 10:22:50,161 : INFO : EventManager : Event: ======'both_flippers_one'====== Args={'triggering_group': 2, 'triggering_switch': 's_right_flipper'}
2025-11-29 10:22:50,194 : INFO : SwitchController : <<<<<<< 's_left_flipper' inactive >>>>>>>
2025-11-29 10:22:50,194 : INFO : EventManager : Event: ======'both_flippers_inactive'====== Args={'triggering_group': 1, 'triggering_switch': 's_left_flipper'}
2025-11-29 10:22:50,427 : INFO : SwitchController : <<<<<<< 's_left_flipper' active >>>>>>>
2025-11-29 10:22:50,427 : INFO : EventManager : Event: ======'s_left_flipper_active'====== Args={}
2025-11-29 10:22:50,428 : INFO : EventManager : Event: ======'machine_var_audits_switches_s_left_flipper'====== Args={'value': 23, 'prev_value': 22, 'change': 1}
2025-11-29 10:22:50,429 : INFO : SwitchController : <<<<<<< 's_right_flipper' active >>>>>>>
2025-11-29 10:22:50,429 : INFO : EventManager : Event: ======'s_right_flipper_active'====== Args={}
2025-11-29 10:22:50,429 : INFO : EventManager : Event: ======'flipper_cancel'====== Args={'triggering_group': 2, 'triggering_switch': 's_right_flipper'}
2025-11-29 10:22:50,429 : INFO : EventManager : Event: ======'machine_var_audits_switches_s_right_flipper'====== Args={'value': 33, 'prev_value': 32, 'change': 1}
2025-11-29 10:22:50,560 : INFO : SwitchController : <<<<<<< 's_right_flipper' inactive >>>>>>>
2025-11-29 10:22:50,560 : INFO : EventManager : Event: ======'both_flippers_one'====== Args={'triggering_group': 2, 'triggering_switch': 's_right_flipper'}
2025-11-29 10:22:50,578 : INFO : SwitchController : <<<<<<< 's_left_flipper' inactive >>>>>>>
2025-11-29 10:22:50,578 : INFO : EventManager : Event: ======'both_flippers_inactive'====== Args={'triggering_group': 1, 'triggering_switch': 's_left_flipper'}
2025-11-29 10:22:50,777 : INFO : SwitchController : <<<<<<< 's_right_flipper' active >>>>>>>
2025-11-29 10:22:50,777 : INFO : EventManager : Event: ======'s_right_flipper_active'====== Args={}
2025-11-29 10:22:50,778 : INFO : EventManager : Event: ======'machine_var_audits_switches_s_right_flipper'====== Args={'value': 34, 'prev_value': 33, 'change': 1}
2025-11-29 10:22:50,796 : INFO : SwitchController : <<<<<<< 's_left_flipper' active >>>>>>>
2025-11-29 10:22:50,796 : INFO : EventManager : Event: ======'s_left_flipper_active'====== Args={}
2025-11-29 10:22:50,796 : INFO : EventManager : Event: ======'flipper_cancel'====== Args={'triggering_group': 1, 'triggering_switch': 's_left_flipper'}
2025-11-29 10:22:50,797 : INFO : EventManager : Event: ======'machine_var_audits_switches_s_left_flipper'====== Args={'value': 24, 'prev_value': 23, 'change': 1}
2025-11-29 10:22:50,943 : INFO : SwitchController : <<<<<<< 's_right_flipper' inactive >>>>>>>
2025-11-29 10:22:50,944 : INFO : EventManager : Event: ======'both_flippers_one'====== Args={'triggering_group': 2, 'triggering_switch': 's_right_flipper'}
2025-11-29 10:22:50,945 : INFO : SwitchController : <<<<<<< 's_left_flipper' inactive >>>>>>>
2025-11-29 10:22:50,945 : INFO : EventManager : Event: ======'both_flippers_inactive'====== Args={'triggering_group': 1, 'triggering_switch': 's_left_flipper'}
2025-11-29 10:22:51,161 : INFO : SwitchController : <<<<<<< 's_right_flipper' active >>>>>>>
2025-11-29 10:22:51,161 : INFO : EventManager : Event: ======'s_right_flipper_active'====== Args={}
2025-11-29 10:22:51,162 : INFO : EventManager : Event: ======'machine_var_audits_switches_s_right_flipper'====== Args={'value': 35, 'prev_value': 34, 'change': 1}
2025-11-29 10:22:51,180 : INFO : SwitchController : <<<<<<< 's_left_flipper' active >>>>>>>
2025-11-29 10:22:51,180 : INFO : EventManager : Event: ======'s_left_flipper_active'====== Args={}
2025-11-29 10:22:51,181 : INFO : EventManager : Event: ======'flipper_cancel'====== Args={'triggering_group': 1, 'triggering_switch': 's_left_flipper'}
2025-11-29 10:22:51,181 : INFO : EventManager : Event: ======'machine_var_audits_switches_s_left_flipper'====== Args={'value': 25, 'prev_value': 24, 'change': 1}
2025-11-29 10:22:51,344 : INFO : SwitchController : <<<<<<< 's_right_flipper' inactive >>>>>>>
2025-11-29 10:22:51,344 : INFO : EventManager : Event: ======'both_flippers_one'====== Args={'triggering_group': 2, 'triggering_switch': 's_right_flipper'}
2025-11-29 10:22:51,345 : INFO : SwitchController : <<<<<<< 's_left_flipper' inactive >>>>>>>
2025-11-29 10:22:51,345 : INFO : EventManager : Event: ======'both_flippers_inactive'====== Args={'triggering_group': 1, 'triggering_switch': 's_left_flipper'}
2025-11-29 10:22:51,527 : INFO : SwitchController : <<<<<<< 's_right_flipper' active >>>>>>>
2025-11-29 10:22:51,527 : INFO : EventManager : Event: ======'s_right_flipper_active'====== Args={}
2025-11-29 10:22:51,528 : INFO : EventManager : Event: ======'machine_var_audits_switches_s_right_flipper'====== Args={'value': 36, 'prev_value': 35, 'change': 1}
2025-11-29 10:22:51,545 : INFO : SwitchController : <<<<<<< 's_left_flipper' active >>>>>>>
2025-11-29 10:22:51,545 : INFO : EventManager : Event: ======'s_left_flipper_active'====== Args={}
2025-11-29 10:22:51,546 : INFO : EventManager : Event: ======'flipper_cancel'====== Args={'triggering_group': 1, 'triggering_switch': 's_left_flipper'}
2025-11-29 10:22:51,546 : INFO : EventManager : Event: ======'machine_var_audits_switches_s_left_flipper'====== Args={'value': 26, 'prev_value': 25, 'change': 1}
2025-11-29 10:22:51,694 : INFO : SwitchController : <<<<<<< 's_left_flipper' inactive >>>>>>>
2025-11-29 10:22:51,694 : INFO : EventManager : Event: ======'both_flippers_one'====== Args={'triggering_group': 1, 'triggering_switch': 's_left_flipper'}
2025-11-29 10:22:51,695 : INFO : SwitchController : <<<<<<< 's_right_flipper' inactive >>>>>>>
2025-11-29 10:22:51,695 : INFO : EventManager : Event: ======'both_flippers_inactive'====== Args={'triggering_group': 2, 'triggering_switch': 's_right_flipper'}
2025-11-29 10:22:51,911 : INFO : SwitchController : <<<<<<< 's_right_flipper' active >>>>>>>
2025-11-29 10:22:51,911 : INFO : EventManager : Event: ======'s_right_flipper_active'====== Args={}
2025-11-29 10:22:51,912 : INFO : EventManager : Event: ======'machine_var_audits_switches_s_right_flipper'====== Args={'value': 37, 'prev_value': 36, 'change': 1}
2025-11-29 10:22:51,930 : INFO : SwitchController : <<<<<<< 's_left_flipper' active >>>>>>>
2025-11-29 10:22:51,931 : INFO : EventManager : Event: ======'s_left_flipper_active'====== Args={}
2025-11-29 10:22:51,931 : INFO : EventManager : Event: ======'flipper_cancel'====== Args={'triggering_group': 1, 'triggering_switch': 's_left_flipper'}
2025-11-29 10:22:51,931 : INFO : EventManager : Event: ======'machine_var_audits_switches_s_left_flipper'====== Args={'value': 27, 'prev_value': 26, 'change': 1}
2025-11-29 10:22:52,110 : INFO : SwitchController : <<<<<<< 's_right_flipper' inactive >>>>>>>
2025-11-29 10:22:52,110 : INFO : EventManager : Event: ======'both_flippers_one'====== Args={'triggering_group': 2, 'triggering_switch': 's_right_flipper'}
2025-11-29 10:22:52,126 : INFO : SwitchController : <<<<<<< 's_left_flipper' inactive >>>>>>>
2025-11-29 10:22:52,127 : INFO : EventManager : Event: ======'both_flippers_inactive'====== Args={'triggering_group': 1, 'triggering_switch': 's_left_flipper'}
2025-11-29 10:22:52,710 : INFO : SwitchController : <<<<<<< 's_right_flipper' active >>>>>>>
2025-11-29 10:22:52,711 : INFO : EventManager : Event: ======'s_right_flipper_active'====== Args={}
2025-11-29 10:22:52,711 : INFO : EventManager : Event: ======'machine_var_audits_switches_s_right_flipper'====== Args={'value': 38, 'prev_value': 37, 'change': 1}
2025-11-29 10:22:52,760 : INFO : SwitchController : <<<<<<< 's_left_flipper' active >>>>>>>
2025-11-29 10:22:52,760 : INFO : EventManager : Event: ======'s_left_flipper_active'====== Args={}
2025-11-29 10:22:52,760 : INFO : EventManager : Event: ======'flipper_cancel'====== Args={'triggering_group': 1, 'triggering_switch': 's_left_flipper'}
2025-11-29 10:22:52,761 : INFO : EventManager : Event: ======'machine_var_audits_switches_s_left_flipper'====== Args={'value': 28, 'prev_value': 27, 'change': 1}
2025-11-29 10:22:53,510 : INFO : SwitchController : <<<<<<< 's_left_flipper' inactive >>>>>>>
2025-11-29 10:22:53,511 : INFO : EventManager : Event: ======'both_flippers_one'====== Args={'triggering_group': 1, 'triggering_switch': 's_left_flipper'}
2025-11-29 10:22:53,512 : INFO : SwitchController : <<<<<<< 's_right_flipper' inactive >>>>>>>
2025-11-29 10:22:53,512 : INFO : EventManager : Event: ======'both_flippers_inactive'====== Args={'triggering_group': 2, 'triggering_switch': 's_right_flipper'}
2025-11-29 10:22:57,979 : INFO : ball_device.bd_plunger : State: failed_confirm
2025-11-29 10:22:57,980 : INFO : ball_device.bd_plunger : Got timeout (10.0s) before confirm from <playfield.playfield>
2025-11-29 10:22:58,081 : INFO : ball_device.bd_plunger : Confirming eject because target is playfield and ball did not return.
2025-11-29 10:22:58,082 : INFO : ball_device.bd_plunger : Eject successful
2025-11-29 10:22:58,082 : INFO : EventManager : Event: ======'balldevice_bd_plunger_ball_eject_success'====== Args={'balls': 1, 'target': <playfield.playfield>}
2025-11-29 10:22:58,082 : INFO : EventManager : Event: ======'balldevice_playfield_ball_enter'====== Args={'new_balls': 1, 'unclaimed_balls': 1, 'device': <playfield.playfield>}
2025-11-29 10:22:58,082 : INFO : EventManager : Event: ======'playfield_ball_count_change'====== Args={'balls': 1, 'change': 1}
2025-11-29 10:22:58,083 : INFO : EventManager : Event: ======'balldevice_bd_plunger_ball_count_changed'====== Args={'balls': 0}
2025-11-29 10:22:58,083 : INFO : ball_device.bd_plunger : State: idle
2025-11-29 10:22:58,760 : INFO : SwitchController : <<<<<<< 's_right_flipper' active >>>>>>>
2025-11-29 10:22:58,761 : INFO : EventManager : Event: ======'s_right_flipper_active'====== Args={}
2025-11-29 10:22:58,761 : INFO : EventManager : Event: ======'machine_var_audits_switches_s_right_flipper'====== Args={'value': 39, 'prev_value': 38, 'change': 1}
2025-11-29 10:22:58,809 : INFO : SwitchController : <<<<<<< 's_left_flipper' active >>>>>>>
2025-11-29 10:22:58,809 : INFO : EventManager : Event: ======'s_left_flipper_active'====== Args={}
2025-11-29 10:22:58,809 : INFO : EventManager : Event: ======'flipper_cancel'====== Args={'triggering_group': 1, 'triggering_switch': 's_left_flipper'}
2025-11-29 10:22:58,809 : INFO : EventManager : Event: ======'machine_var_audits_switches_s_left_flipper'====== Args={'value': 29, 'prev_value': 28, 'change': 1}
2025-11-29 10:22:59,243 : INFO : SwitchController : <<<<<<< 's_right_flipper' inactive >>>>>>>
2025-11-29 10:22:59,243 : INFO : EventManager : Event: ======'both_flippers_one'====== Args={'triggering_group': 2, 'triggering_switch': 's_right_flipper'}
2025-11-29 10:22:59,294 : INFO : SwitchController : <<<<<<< 's_left_flipper' inactive >>>>>>>
2025-11-29 10:22:59,294 : INFO : EventManager : Event: ======'both_flippers_inactive'====== Args={'triggering_group': 1, 'triggering_switch': 's_left_flipper'}
2025-11-29 10:22:59,510 : INFO : SwitchController : <<<<<<< 's_right_flipper' active >>>>>>>
2025-11-29 10:22:59,511 : INFO : EventManager : Event: ======'s_right_flipper_active'====== Args={}
2025-11-29 10:22:59,511 : INFO : EventManager : Event: ======'machine_var_audits_switches_s_right_flipper'====== Args={'value': 40, 'prev_value': 39, 'change': 1}
2025-11-29 10:22:59,527 : INFO : SwitchController : <<<<<<< 's_left_flipper' active >>>>>>>
2025-11-29 10:22:59,527 : INFO : EventManager : Event: ======'s_left_flipper_active'====== Args={}
2025-11-29 10:22:59,527 : INFO : EventManager : Event: ======'flipper_cancel'====== Args={'triggering_group': 1, 'triggering_switch': 's_left_flipper'}
2025-11-29 10:22:59,527 : INFO : EventManager : Event: ======'machine_var_audits_switches_s_left_flipper'====== Args={'value': 30, 'prev_value': 29, 'change': 1}
2025-11-29 10:23:00,276 : INFO : SwitchController : <<<<<<< 's_left_flipper' inactive >>>>>>>
2025-11-29 10:23:00,276 : INFO : EventManager : Event: ======'both_flippers_one'====== Args={'triggering_group': 1, 'triggering_switch': 's_left_flipper'}
2025-11-29 10:23:00,326 : INFO : SwitchController : <<<<<<< 's_right_flipper' inactive >>>>>>>
2025-11-29 10:23:00,327 : INFO : EventManager : Event: ======'both_flippers_inactive'====== Args={'triggering_group': 2, 'triggering_switch': 's_right_flipper'}
2025-11-29 10:23:06,284 : INFO : Machine : Shutting down...
2025-11-29 10:23:06,284 : INFO : EventManager : Event: ======'shutdown'====== Args={}
2025-11-29 10:23:06,286 : INFO : EventManager : Event: ======'mode_game_will_stop'====== Args={}
2025-11-29 10:23:06,286 : INFO : EventManager : Event: ======'mode_game_stopping'====== Args={}
2025-11-29 10:23:06,287 : INFO : EventManager : Event: ======'mode_vuk_will_stop'====== Args={}
2025-11-29 10:23:06,287 : INFO : EventManager : Event: ======'mode_vuk_stopping'====== Args={}
2025-11-29 10:23:06,287 : INFO : EventManager : Event: ======'mode_ramp_will_stop'====== Args={}
2025-11-29 10:23:06,287 : INFO : EventManager : Event: ======'mode_ramp_stopping'====== Args={}
2025-11-29 10:23:06,287 : INFO : EventManager : Event: ======'mode_lane_to_pop_will_stop'====== Args={}
2025-11-29 10:23:06,287 : INFO : EventManager : Event: ======'mode_lane_to_pop_stopping'====== Args={}
2025-11-29 10:23:06,287 : INFO : EventManager : Event: ======'mode_saucer_will_stop'====== Args={}
2025-11-29 10:23:06,287 : INFO : EventManager : Event: ======'mode_saucer_stopping'====== Args={}
2025-11-29 10:23:06,287 : INFO : EventManager : Event: ======'mode_dirtmouth_will_stop'====== Args={}
2025-11-29 10:23:06,287 : INFO : EventManager : Event: ======'mode_dirtmouth_stopping'====== Args={}
2025-11-29 10:23:06,287 : INFO : EventManager : Event: ======'mode_left_orbit_will_stop'====== Args={}
2025-11-29 10:23:06,287 : INFO : EventManager : Event: ======'mode_left_orbit_stopping'====== Args={}
2025-11-29 10:23:06,287 : INFO : EventManager : Event: ======'mode_slingshots_will_stop'====== Args={}
2025-11-29 10:23:06,287 : INFO : EventManager : Event: ======'mode_slingshots_stopping'====== Args={}
2025-11-29 10:23:06,287 : INFO : EventManager : Event: ======'mode_pop_bumper_will_stop'====== Args={}
2025-11-29 10:23:06,287 : INFO : EventManager : Event: ======'mode_pop_bumper_stopping'====== Args={}
2025-11-29 10:23:06,287 : INFO : EventManager : Event: ======'mode_right_orbit_will_stop'====== Args={}
2025-11-29 10:23:06,287 : INFO : EventManager : Event: ======'mode_right_orbit_stopping'====== Args={}
2025-11-29 10:23:06,287 : INFO : EventManager : Event: ======'mode_lanes_will_stop'====== Args={}
2025-11-29 10:23:06,287 : INFO : EventManager : Event: ======'mode_lanes_stopping'====== Args={}
2025-11-29 10:23:06,287 : INFO : EventManager : Event: ======'mode_carousel_mode_select_will_stop'====== Args={}
2025-11-29 10:23:06,287 : INFO : EventManager : Event: ======'mode_carousel_mode_select_stopping'====== Args={}
2025-11-29 10:23:06,287 : INFO : EventManager : Event: ======'mode_targets_will_stop'====== Args={}
2025-11-29 10:23:06,287 : INFO : EventManager : Event: ======'mode_targets_stopping'====== Args={}
2025-11-29 10:23:06,287 : INFO : EventManager : Event: ======'mode_base_will_stop'====== Args={}
2025-11-29 10:23:06,287 : INFO : EventManager : Event: ======'mode_base_stopping'====== Args={}
2025-11-29 10:23:06,288 : INFO : EventManager : Event: ======'stop_mode_right_orbit'====== Args={'priority': 0}
2025-11-29 10:23:06,288 : INFO : EventManager : Event: ======'stop_mode_slingshots'====== Args={'priority': 0}
2025-11-29 10:23:06,288 : INFO : EventManager : Event: ======'stop_mode_lanes'====== Args={'priority': 0}
2025-11-29 10:23:06,288 : INFO : EventManager : Event: ======'stop_mode_vuk'====== Args={'priority': 0}
2025-11-29 10:23:06,288 : INFO : EventManager : Event: ======'stop_mode_ramp'====== Args={'priority': 0}
2025-11-29 10:23:06,288 : INFO : EventManager : Event: ======'stop_mode_left_orbit'====== Args={'priority': 0}
2025-11-29 10:23:06,288 : INFO : EventManager : Event: ======'stop_mode_lane_to_pop'====== Args={'priority': 0}
2025-11-29 10:23:06,288 : INFO : EventManager : Event: ======'stop_mode_saucer'====== Args={'priority': 0}
2025-11-29 10:23:06,288 : INFO : EventManager : Event: ======'stop_mode_targets'====== Args={'priority': 0}
2025-11-29 10:23:06,288 : INFO : EventManager : Event: ======'stop_mode_pop_bumper'====== Args={'priority': 0}
2025-11-29 10:23:06,288 : INFO : EventManager : Event: ======'stop_mode_dirtmouth'====== Args={'priority': 0}
2025-11-29 10:23:06,288 : INFO : EventManager : Event: ======'stop_mode_false_knight_controller'====== Args={'priority': 0}
2025-11-29 10:23:06,288 : INFO : EventManager : Event: ======'stop_mode_frogotten_crossroads'====== Args={'priority': 0}
2025-11-29 10:23:06,288 : INFO : EventManager : Event: ======'stop_mode_travel_dirtmouth_to_frogotten_crossroads'====== Args={'priority': 0}
2025-11-29 10:23:06,288 : INFO : EventManager : Event: ======'stop_mode_carousel_mode_select'====== Args={'priority': 0}
2025-11-29 10:23:06,288 : INFO : Mode.base : Stopped.
2025-11-29 10:23:06,288 : INFO : EventManager : Event: ======'modes_active_modes_changed'====== Args={}
2025-11-29 10:23:06,288 : INFO : EventManager : Event: ======'mode_base_stopped'====== Args={}
2025-11-29 10:23:06,288 : INFO : EventManager : Event: ======'clear'====== Args={'key': 'base'}
2025-11-29 10:23:06,288 : INFO : Mode.targets : Stopped.
2025-11-29 10:23:06,288 : INFO : EventManager : Event: ======'modes_active_modes_changed'====== Args={}
2025-11-29 10:23:06,288 : INFO : EventManager : Event: ======'mode_targets_stopped'====== Args={}
2025-11-29 10:23:06,289 : INFO : EventManager : Event: ======'clear'====== Args={'key': 'targets'}
2025-11-29 10:23:06,289 : INFO : Mode.carousel_mode_select : Stopped.
2025-11-29 10:23:06,289 : INFO : EventManager : Event: ======'modes_active_modes_changed'====== Args={}
2025-11-29 10:23:06,289 : INFO : EventManager : Event: ======'mode_carousel_mode_select_stopped'====== Args={}
2025-11-29 10:23:06,289 : INFO : EventManager : Event: ======'clear'====== Args={'key': 'carousel_mode_select'}
2025-11-29 10:23:06,289 : INFO : Mode.lanes : Stopped.
2025-11-29 10:23:06,289 : INFO : EventManager : Event: ======'modes_active_modes_changed'====== Args={}
2025-11-29 10:23:06,289 : INFO : EventManager : Event: ======'mode_lanes_stopped'====== Args={}
2025-11-29 10:23:06,289 : INFO : EventManager : Event: ======'clear'====== Args={'key': 'lanes'}
2025-11-29 10:23:06,290 : INFO : Mode.right_orbit : Stopped.
2025-11-29 10:23:06,290 : INFO : EventManager : Event: ======'modes_active_modes_changed'====== Args={}
2025-11-29 10:23:06,290 : INFO : EventManager : Event: ======'mode_right_orbit_stopped'====== Args={}
2025-11-29 10:23:06,290 : INFO : EventManager : Event: ======'clear'====== Args={'key': 'right_orbit'}
2025-11-29 10:23:06,290 : INFO : Mode.pop_bumper : Stopped.
2025-11-29 10:23:06,290 : INFO : EventManager : Event: ======'modes_active_modes_changed'====== Args={}
2025-11-29 10:23:06,290 : INFO : EventManager : Event: ======'mode_pop_bumper_stopped'====== Args={}
2025-11-29 10:23:06,290 : INFO : EventManager : Event: ======'clear'====== Args={'key': 'pop_bumper'}
2025-11-29 10:23:06,290 : INFO : Mode.slingshots : Stopped.
2025-11-29 10:23:06,290 : INFO : EventManager : Event: ======'modes_active_modes_changed'====== Args={}
2025-11-29 10:23:06,290 : INFO : EventManager : Event: ======'mode_slingshots_stopped'====== Args={}
2025-11-29 10:23:06,290 : INFO : EventManager : Event: ======'clear'====== Args={'key': 'slingshots'}
2025-11-29 10:23:06,291 : INFO : Mode.left_orbit : Stopped.
2025-11-29 10:23:06,291 : INFO : EventManager : Event: ======'modes_active_modes_changed'====== Args={}
2025-11-29 10:23:06,291 : INFO : EventManager : Event: ======'mode_left_orbit_stopped'====== Args={}
2025-11-29 10:23:06,291 : INFO : EventManager : Event: ======'clear'====== Args={'key': 'left_orbit'}
2025-11-29 10:23:06,291 : INFO : Mode.dirtmouth : Stopped.
2025-11-29 10:23:06,291 : INFO : EventManager : Event: ======'modes_active_modes_changed'====== Args={}
2025-11-29 10:23:06,291 : INFO : EventManager : Event: ======'mode_dirtmouth_stopped'====== Args={}
2025-11-29 10:23:06,291 : INFO : EventManager : Event: ======'clear'====== Args={'key': 'dirtmouth'}
2025-11-29 10:23:06,291 : INFO : Mode.saucer : Stopped.
2025-11-29 10:23:06,291 : INFO : EventManager : Event: ======'modes_active_modes_changed'====== Args={}
2025-11-29 10:23:06,291 : INFO : EventManager : Event: ======'mode_saucer_stopped'====== Args={}
2025-11-29 10:23:06,291 : INFO : EventManager : Event: ======'clear'====== Args={'key': 'saucer'}
2025-11-29 10:23:06,291 : INFO : Mode.lane_to_pop : Stopped.
2025-11-29 10:23:06,291 : INFO : EventManager : Event: ======'modes_active_modes_changed'====== Args={}
2025-11-29 10:23:06,292 : INFO : EventManager : Event: ======'mode_lane_to_pop_stopped'====== Args={}
2025-11-29 10:23:06,292 : INFO : EventManager : Event: ======'clear'====== Args={'key': 'lane_to_pop'}
2025-11-29 10:23:06,292 : INFO : Mode.ramp : Stopped.
2025-11-29 10:23:06,292 : INFO : EventManager : Event: ======'modes_active_modes_changed'====== Args={}
2025-11-29 10:23:06,292 : INFO : EventManager : Event: ======'mode_ramp_stopped'====== Args={}
2025-11-29 10:23:06,292 : INFO : EventManager : Event: ======'clear'====== Args={'key': 'ramp'}
2025-11-29 10:23:06,292 : INFO : Mode.vuk : Stopped.
2025-11-29 10:23:06,292 : INFO : EventManager : Event: ======'modes_active_modes_changed'====== Args={}
2025-11-29 10:23:06,292 : INFO : EventManager : Event: ======'mode_vuk_stopped'====== Args={}
2025-11-29 10:23:06,292 : INFO : EventManager : Event: ======'clear'====== Args={'key': 'vuk'}
2025-11-29 10:23:06,293 : INFO : Mode.game : Stopped.
2025-11-29 10:23:06,293 : INFO : EventManager : Event: ======'modes_active_modes_changed'====== Args={}
2025-11-29 10:23:06,293 : INFO : EventManager : Event: ======'mode_game_stopped'====== Args={}
2025-11-29 10:23:06,293 : INFO : EventManager : Event: ======'clear'====== Args={'key': 'game'}
2025-11-29 10:23:06,294 : INFO : root : MPF run loop ended.
