2025-11-25 06:55:42,639 : INFO : root : Loading config.
2025-11-25 06:55:42,641 : INFO : YamlMultifileConfigLoader : Machine config file #1: config.yaml
2025-11-25 06:55:42,641 : INFO : ConfigProcessor : Loading config from cache: /var/folders/k0/j_dpx55x4kndbs36pl2nt9l00000gn/T/92f7f295141fbdde09e201e7fd0f1349.mpf_cache
2025-11-25 06:55:42,665 : INFO : ConfigProcessor : Loading config from cache: /var/folders/k0/j_dpx55x4kndbs36pl2nt9l00000gn/T/7b77bdcd1da4c54cc720d492bab55a0d.mpf_cache
2025-11-25 06:55:42,666 : INFO : ConfigProcessor : Loading config from cache: /var/folders/k0/j_dpx55x4kndbs36pl2nt9l00000gn/T/501e18c1625d42f1ba9bf53b020c49c5.mpf_cache
2025-11-25 06:55:42,666 : INFO : ConfigProcessor : Loading config from cache: /var/folders/k0/j_dpx55x4kndbs36pl2nt9l00000gn/T/7b77bdcd1da4c54cc720d492bab55a0d.mpf_cache
2025-11-25 06:55:42,666 : INFO : ConfigProcessor : Loading config from cache: /var/folders/k0/j_dpx55x4kndbs36pl2nt9l00000gn/T/dda6f4da00898f9f0a4796a41d9a2ef0.mpf_cache
2025-11-25 06:55:42,666 : INFO : ConfigProcessor : Loading config from cache: /var/folders/k0/j_dpx55x4kndbs36pl2nt9l00000gn/T/522fc819f659907ecbd91e12554f307a.mpf_cache
2025-11-25 06:55:42,666 : INFO : Machine : Mission Pinball Framework Core Engine v0.80.0.dev11
2025-11-25 06:55:42,666 : INFO : Machine : Command line arguments: {'no_load_cache': False, 'create_config_cache': True, 'bcp': True, 'configfile': ['config.yaml'], 'force_assets_load': False, 'platform_integration_test': False, 'jsonlogging': False, 'logfile': 'logs/2025-11-25-06-55-42-mpf-Sams-MacBook-Air-2.local.log', 'pause': False, 'production': False, 'text_ui': True, 'loglevel': 15, 'consoleloglevel': 20, 'force_platform': 'virtual', 'syslog_address': None, 'full_logfile_path': '/Users/samhughes/Desktop/Hollow-Knight-Pinball/logs/2025-11-25-06-55-42-mpf-Sams-MacBook-Air-2.local.log'}
2025-11-25 06:55:42,666 : INFO : Machine : MPF path: /Users/samhughes/mpf/lib/python3.13/site-packages/mpf
2025-11-25 06:55:42,666 : INFO : Machine : Machine path: /Users/samhughes/Desktop/Hollow-Knight-Pinball
2025-11-25 06:55:42,666 : INFO : Machine : Platform: darwin
2025-11-25 06:55:42,666 : INFO : Machine : Python executable location: /Users/samhughes/mpf/bin/python3.13
2025-11-25 06:55:42,666 : INFO : Machine : Python version: 3.13.2 (64-bit)
2025-11-25 06:55:42,667 : INFO : Machine : Initializing MPF...
2025-11-25 06:55:42,695 : INFO : EventManager : Event: ======'machine_var_credits_string'====== Args={'value': 'FREE PLAY', 'prev_value': None, 'change': True}
2025-11-25 06:55:42,700 : INFO : EventManager : Event: ======'machine_var_master_volume'====== Args={'value': 0.5, 'prev_value': None, 'change': True}
2025-11-25 06:55:42,700 : INFO : EventManager : Event: ======'machine_var_mpf_version'====== Args={'value': 'Mission Pinball Framework v0.80.0.dev11', 'prev_value': None, 'change': True}
2025-11-25 06:55:42,700 : INFO : EventManager : Event: ======'machine_var_mpf_extended_version'====== Args={'value': 'Mission Pinball Framework v0.80.0.dev11, Config version:6, Show version: 6, BCP version:1.1', 'prev_value': None, 'change': True}
2025-11-25 06:55:42,700 : INFO : EventManager : Event: ======'machine_var_python_version'====== Args={'value': '3.13.2', 'prev_value': None, 'change': True}
2025-11-25 06:55:42,708 : INFO : EventManager : Event: ======'machine_var_platform'====== Args={'value': 'macOS-15.6.1-arm64-arm-64bit-Mach-O', 'prev_value': None, 'change': True}
2025-11-25 06:55:42,708 : INFO : EventManager : Event: ======'machine_var_platform_system'====== Args={'value': 'Darwin', 'prev_value': None, 'change': True}
2025-11-25 06:55:42,708 : INFO : EventManager : Event: ======'machine_var_platform_release'====== Args={'value': '24.6.0', 'prev_value': None, 'change': True}
2025-11-25 06:55:42,708 : INFO : EventManager : Event: ======'machine_var_platform_version'====== Args={'value': 'Darwin Kernel Version 24.6.0: Mon Jul 14 11:29:54 PDT 2025; root:xnu-11417.140.69~1/RELEASE_ARM64_T8122', 'prev_value': None, 'change': True}
2025-11-25 06:55:42,708 : INFO : EventManager : Event: ======'machine_var_platform_machine'====== Args={'value': 'arm64', 'prev_value': None, 'change': True}
2025-11-25 06:55:42,708 : INFO : EventManager : Event: ======'machine_var_log_file_path'====== Args={'value': '/Users/samhughes/Desktop/Hollow-Knight-Pinball/logs/2025-11-25-06-55-42-mpf-Sams-MacBook-Air-2.local.log', 'prev_value': None, 'change': True}
2025-11-25 06:55:42,708 : INFO : EventManager : Event: ======'init_phase_1'====== Args={}
2025-11-25 06:55:42,715 : INFO : EventManager : Event: ======'init_phase_2'====== Args={}
2025-11-25 06:55:42,715 : INFO : SwitchController : Found active switch: (1002, <Platform.Virtual>) <switch.s_trough_1>
2025-11-25 06:55:42,715 : INFO : SwitchController : Found active switch: (1003, <Platform.Virtual>) <switch.s_trough_2>
2025-11-25 06:55:42,715 : INFO : SwitchController : Found active switch: (1004, <Platform.Virtual>) <switch.s_trough_3>
2025-11-25 06:55:42,716 : INFO : EventManager : Event: ======'bcp_connection_attempt'====== Args={'name': 'local_display', 'host': 'localhost', 'port': 5050}
2025-11-25 06:55:42,716 : INFO : BCPClientSocket : Connecting BCP to 'local_display' at localhost:5050...
2025-11-25 06:55:42,719 : INFO : BCPClientSocket : Connected BCP to 'local_display' localhost:5050
2025-11-25 06:55:42,719 : INFO : EventManager : Event: ======'bcp_clients_connected'====== Args={}
2025-11-25 06:55:42,720 : INFO : ball_device.bd_trough : BCH: Initial count: 3
2025-11-25 06:55:42,720 : INFO : ball_device.bd_trough : State: idle
2025-11-25 06:55:42,720 : INFO : ball_device.bd_plunger : BCH: Initial count: 0
2025-11-25 06:55:42,720 : INFO : ball_device.bd_plunger : State: idle
2025-11-25 06:55:42,726 : INFO : EventManager : Event: ======'init_phase_3'====== Args={}
2025-11-25 06:55:42,727 : INFO : EventManager : Event: ======'init_phase_4'====== Args={}
2025-11-25 06:55:42,727 : INFO : BallController : Initial balls found: 3
2025-11-25 06:55:42,727 : INFO : EventManager : Event: ======'machine_var_audits_events_game_ended'====== Args={'value': 0, 'prev_value': None, 'change': True}
2025-11-25 06:55:42,727 : INFO : EventManager : Event: ======'machine_var_audits_events_game_started'====== Args={'value': 13, 'prev_value': None, 'change': True}
2025-11-25 06:55:42,727 : INFO : EventManager : Event: ======'machine_var_audits_missing_switches_s_back_left_target'====== Args={'value': 13, 'prev_value': None, 'change': True}
2025-11-25 06:55:42,727 : INFO : EventManager : Event: ======'machine_var_audits_missing_switches_s_back_middle_left_target'====== Args={'value': 11, 'prev_value': None, 'change': True}
2025-11-25 06:55:42,727 : INFO : EventManager : Event: ======'machine_var_audits_missing_switches_s_back_middle_right_target'====== Args={'value': 11, 'prev_value': None, 'change': True}
2025-11-25 06:55:42,727 : INFO : EventManager : Event: ======'machine_var_audits_missing_switches_s_back_right_target'====== Args={'value': 11, 'prev_value': None, 'change': True}
2025-11-25 06:55:42,727 : INFO : EventManager : Event: ======'machine_var_audits_missing_switches_s_bottom_left_slingshot'====== Args={'value': 13, 'prev_value': None, 'change': True}
2025-11-25 06:55:42,727 : INFO : EventManager : Event: ======'machine_var_audits_missing_switches_s_bottom_right_slingshot'====== Args={'value': 13, 'prev_value': None, 'change': True}
2025-11-25 06:55:42,727 : INFO : EventManager : Event: ======'machine_var_audits_missing_switches_s_front_left_target'====== Args={'value': 13, 'prev_value': None, 'change': True}
2025-11-25 06:55:42,727 : INFO : EventManager : Event: ======'machine_var_audits_missing_switches_s_front_middle_target'====== Args={'value': 11, 'prev_value': None, 'change': True}
2025-11-25 06:55:42,727 : INFO : EventManager : Event: ======'machine_var_audits_missing_switches_s_front_right_target'====== Args={'value': 11, 'prev_value': None, 'change': True}
2025-11-25 06:55:42,727 : INFO : EventManager : Event: ======'machine_var_audits_missing_switches_s_lane_to_pop'====== Args={'value': 11, 'prev_value': None, 'change': True}
2025-11-25 06:55:42,727 : INFO : EventManager : Event: ======'machine_var_audits_missing_switches_s_left_flipper'====== Args={'value': 13, 'prev_value': None, 'change': True}
2025-11-25 06:55:42,727 : INFO : EventManager : Event: ======'machine_var_audits_missing_switches_s_left_inlane'====== Args={'value': 11, 'prev_value': None, 'change': True}
2025-11-25 06:55:42,727 : INFO : EventManager : Event: ======'machine_var_audits_missing_switches_s_left_orbit'====== Args={'value': 11, 'prev_value': None, 'change': True}
2025-11-25 06:55:42,727 : INFO : EventManager : Event: ======'machine_var_audits_missing_switches_s_left_outlane'====== Args={'value': 11, 'prev_value': None, 'change': True}
2025-11-25 06:55:42,727 : INFO : EventManager : Event: ======'machine_var_audits_missing_switches_s_pop_bumper'====== Args={'value': 13, 'prev_value': None, 'change': True}
2025-11-25 06:55:42,727 : INFO : EventManager : Event: ======'machine_var_audits_missing_switches_s_ramp'====== Args={'value': 11, 'prev_value': None, 'change': True}
2025-11-25 06:55:42,728 : INFO : EventManager : Event: ======'machine_var_audits_missing_switches_s_right_flipper'====== Args={'value': 13, 'prev_value': None, 'change': True}
2025-11-25 06:55:42,728 : INFO : EventManager : Event: ======'machine_var_audits_missing_switches_s_right_inlane'====== Args={'value': 11, 'prev_value': None, 'change': True}
2025-11-25 06:55:42,728 : INFO : EventManager : Event: ======'machine_var_audits_missing_switches_s_right_outlane'====== Args={'value': 11, 'prev_value': None, 'change': True}
2025-11-25 06:55:42,728 : INFO : EventManager : Event: ======'machine_var_audits_missing_switches_s_saucer'====== Args={'value': 11, 'prev_value': None, 'change': True}
2025-11-25 06:55:42,728 : INFO : EventManager : Event: ======'machine_var_audits_missing_switches_s_start'====== Args={'value': 4, 'prev_value': None, 'change': True}
2025-11-25 06:55:42,728 : INFO : EventManager : Event: ======'machine_var_audits_missing_switches_s_top_left_slingshot'====== Args={'value': 13, 'prev_value': None, 'change': True}
2025-11-25 06:55:42,728 : INFO : EventManager : Event: ======'machine_var_audits_missing_switches_s_top_right_slingshot'====== Args={'value': 13, 'prev_value': None, 'change': True}
2025-11-25 06:55:42,728 : INFO : EventManager : Event: ======'machine_var_audits_missing_switches_s_vuk'====== Args={'value': 11, 'prev_value': None, 'change': True}
2025-11-25 06:55:42,728 : INFO : EventManager : Event: ======'machine_var_audits_player_score'====== Args={'value': {'average': 0, 'top': [], 'total': 0}, 'prev_value': None, 'change': True}
2025-11-25 06:55:42,728 : INFO : EventManager : Event: ======'machine_var_audits_shots_right_orbit'====== Args={'value': 165, 'prev_value': None, 'change': True}
2025-11-25 06:55:42,728 : INFO : EventManager : Event: ======'machine_var_audits_switches_s_back_left_target'====== Args={'value': 0, 'prev_value': None, 'change': True}
2025-11-25 06:55:42,728 : INFO : EventManager : Event: ======'machine_var_audits_switches_s_back_middle_left_target'====== Args={'value': 1, 'prev_value': None, 'change': True}
2025-11-25 06:55:42,728 : INFO : EventManager : Event: ======'machine_var_audits_switches_s_back_middle_right_target'====== Args={'value': 1, 'prev_value': None, 'change': True}
2025-11-25 06:55:42,728 : INFO : EventManager : Event: ======'machine_var_audits_switches_s_back_right_target'====== Args={'value': 1, 'prev_value': None, 'change': True}
2025-11-25 06:55:42,728 : INFO : EventManager : Event: ======'machine_var_audits_switches_s_bottom_left_slingshot'====== Args={'value': 0, 'prev_value': None, 'change': True}
2025-11-25 06:55:42,728 : INFO : EventManager : Event: ======'machine_var_audits_switches_s_bottom_right_slingshot'====== Args={'value': 0, 'prev_value': None, 'change': True}
2025-11-25 06:55:42,728 : INFO : EventManager : Event: ======'machine_var_audits_switches_s_front_left_target'====== Args={'value': 0, 'prev_value': None, 'change': True}
2025-11-25 06:55:42,728 : INFO : EventManager : Event: ======'machine_var_audits_switches_s_front_middle_target'====== Args={'value': 1, 'prev_value': None, 'change': True}
2025-11-25 06:55:42,728 : INFO : EventManager : Event: ======'machine_var_audits_switches_s_front_right_target'====== Args={'value': 1, 'prev_value': None, 'change': True}
2025-11-25 06:55:42,728 : INFO : EventManager : Event: ======'machine_var_audits_switches_s_lane_to_pop'====== Args={'value': 2, 'prev_value': None, 'change': True}
2025-11-25 06:55:42,728 : INFO : EventManager : Event: ======'machine_var_audits_switches_s_left_flipper'====== Args={'value': 0, 'prev_value': None, 'change': True}
2025-11-25 06:55:42,728 : INFO : EventManager : Event: ======'machine_var_audits_switches_s_left_inlane'====== Args={'value': 1, 'prev_value': None, 'change': True}
2025-11-25 06:55:42,728 : INFO : EventManager : Event: ======'machine_var_audits_switches_s_left_orbit'====== Args={'value': 2, 'prev_value': None, 'change': True}
2025-11-25 06:55:42,728 : INFO : EventManager : Event: ======'machine_var_audits_switches_s_left_outlane'====== Args={'value': 1, 'prev_value': None, 'change': True}
2025-11-25 06:55:42,728 : INFO : EventManager : Event: ======'machine_var_audits_switches_s_plunger_lane'====== Args={'value': 104, 'prev_value': None, 'change': True}
2025-11-25 06:55:42,728 : INFO : EventManager : Event: ======'machine_var_audits_switches_s_pop_bumper'====== Args={'value': 0, 'prev_value': None, 'change': True}
2025-11-25 06:55:42,728 : INFO : EventManager : Event: ======'machine_var_audits_switches_s_ramp'====== Args={'value': 2, 'prev_value': None, 'change': True}
2025-11-25 06:55:42,728 : INFO : EventManager : Event: ======'machine_var_audits_switches_s_right_flipper'====== Args={'value': 0, 'prev_value': None, 'change': True}
2025-11-25 06:55:42,728 : INFO : EventManager : Event: ======'machine_var_audits_switches_s_right_inlane'====== Args={'value': 1, 'prev_value': None, 'change': True}
2025-11-25 06:55:42,728 : INFO : EventManager : Event: ======'machine_var_audits_switches_s_right_orbit'====== Args={'value': 179, 'prev_value': None, 'change': True}
2025-11-25 06:55:42,728 : INFO : EventManager : Event: ======'machine_var_audits_switches_s_right_outlane'====== Args={'value': 1, 'prev_value': None, 'change': True}
2025-11-25 06:55:42,728 : INFO : EventManager : Event: ======'machine_var_audits_switches_s_saucer'====== Args={'value': 4, 'prev_value': None, 'change': True}
2025-11-25 06:55:42,728 : INFO : EventManager : Event: ======'machine_var_audits_switches_s_start'====== Args={'value': 16, 'prev_value': None, 'change': True}
2025-11-25 06:55:42,728 : INFO : EventManager : Event: ======'machine_var_audits_switches_s_top_left_slingshot'====== Args={'value': 0, 'prev_value': None, 'change': True}
2025-11-25 06:55:42,728 : INFO : EventManager : Event: ======'machine_var_audits_switches_s_top_right_slingshot'====== Args={'value': 0, 'prev_value': None, 'change': True}
2025-11-25 06:55:42,728 : INFO : EventManager : Event: ======'machine_var_audits_switches_s_trough_1'====== Args={'value': 9, 'prev_value': None, 'change': True}
2025-11-25 06:55:42,728 : INFO : EventManager : Event: ======'machine_var_audits_switches_s_trough_2'====== Args={'value': 9, 'prev_value': None, 'change': True}
2025-11-25 06:55:42,728 : INFO : EventManager : Event: ======'machine_var_audits_switches_s_trough_3'====== Args={'value': 49, 'prev_value': None, 'change': True}
2025-11-25 06:55:42,728 : INFO : EventManager : Event: ======'machine_var_audits_switches_s_vuk'====== Args={'value': 2, 'prev_value': None, 'change': True}
2025-11-25 06:55:42,728 : INFO : EventManager : Event: ======'init_phase_5'====== Args={}
2025-11-25 06:55:42,728 : INFO : EventManager : Event: ======'init_done'====== Args={}
2025-11-25 06:55:42,728 : INFO : EventManager : Event: ======'machine_reset_phase_1'====== Args={}
2025-11-25 06:55:42,734 : INFO : EventManager : Event: ======'machine_reset_phase_2'====== Args={}
2025-11-25 06:55:42,734 : INFO : EventManager : Event: ======'machine_reset_phase_3'====== Args={}
2025-11-25 06:55:42,734 : INFO : EventManager : Event: ======'reset_complete'====== Args={}
2025-11-25 06:55:42,734 : INFO : EventManager : Event: ======'mode_attract_will_start'====== Args={}
2025-11-25 06:55:42,734 : INFO : Timer.attract_carousel_timer : Starting Timer.
2025-11-25 06:55:42,734 : INFO : EventManager : Event: ======'timer_attract_carousel_timer_started'====== Args={'ticks': 0, 'ticks_remaining': 1}
2025-11-25 06:55:42,734 : INFO : EventManager : Event: ======'timer_attract_carousel_timer_tick'====== Args={'ticks': 0, 'ticks_remaining': 1}
2025-11-25 06:55:42,734 : INFO : EventManager : Event: ======'mode_attract_starting'====== Args={}
2025-11-25 06:55:42,734 : INFO : Mode.attract : Started. Priority: 10
2025-11-25 06:55:42,734 : INFO : EventManager : Event: ======'modes_active_modes_changed'====== Args={}
2025-11-25 06:55:42,734 : INFO : EventManager : Event: ======'mode_attract_started'====== Args={}
2025-11-25 06:55:42,735 : INFO : EventManager : Event: ======'collecting_balls_complete'====== Args={}
2025-11-25 06:55:42,735 : INFO : EventManager : Event: ======'carousel_item_highlighted'====== Args={'carousel': 'attract', 'direction': None, 'item': 'title'}
2025-11-25 06:55:42,735 : INFO : Machine : Starting the main run loop with active modes: [<Mode.attract>]
2025-11-25 06:55:42,885 : INFO : EventManager : Event: ======'slide_attract_created'====== Args={'_from_bcp': True}
2025-11-25 06:55:42,885 : INFO : EventManager : Event: ======'slide__removed'====== Args={'_from_bcp': True}
2025-11-25 06:55:42,886 : INFO : EventManager : Event: ======'slide_attract_active'====== Args={'original_context': 'attract', 'original_calling_context': 'mode_attract_started', 'priority': 10.0, 'cmd': 'slides_play', '_from_bcp': True}
2025-11-25 06:55:44,825 : INFO : SwitchController : <<<<<<< 's_start' active >>>>>>>
2025-11-25 06:55:44,941 : INFO : SwitchController : <<<<<<< 's_start' inactive >>>>>>>
2025-11-25 06:55:44,942 : INFO : EventManager : Event: ======'request_to_start_game'====== Args={}
2025-11-25 06:55:44,942 : INFO : EventManager : Event: ======'game_start'====== Args={'buttons': [], 'hold_time': 0.11638087499886751}
2025-11-25 06:55:44,943 : INFO : EventManager : Event: ======'mode_game_will_start'====== Args={'buttons': [], 'hold_time': 0.11638087499886751}
2025-11-25 06:55:44,944 : INFO : EventManager : Event: ======'mode_game_starting'====== Args={'buttons': [], 'hold_time': 0.11638087499886751}
2025-11-25 06:55:44,944 : INFO : EventManager : Event: ======'mode_attract_will_stop'====== Args={}
2025-11-25 06:55:44,944 : INFO : EventManager : Event: ======'mode_attract_stopping'====== Args={}
2025-11-25 06:55:44,945 : INFO : Mode.attract : Stopped.
2025-11-25 06:55:44,945 : INFO : EventManager : Event: ======'modes_active_modes_changed'====== Args={}
2025-11-25 06:55:44,945 : INFO : EventManager : Event: ======'mode_attract_stopped'====== Args={}
2025-11-25 06:55:44,946 : INFO : EventManager : Event: ======'clear'====== Args={'key': 'attract'}
2025-11-25 06:55:44,946 : INFO : Timer.attract_carousel_timer : Stopping Timer
2025-11-25 06:55:44,946 : INFO : EventManager : Event: ======'timer_attract_carousel_timer_stopped'====== Args={'ticks': 0, 'ticks_remaining': 1}
2025-11-25 06:55:44,946 : INFO : Mode.game : Started. Priority: 20
2025-11-25 06:55:44,946 : INFO : EventManager : Event: ======'modes_active_modes_changed'====== Args={}
2025-11-25 06:55:44,947 : INFO : EventManager : Event: ======'mode_game_started'====== Args={'buttons': [], 'hold_time': 0.11638087499886751}
2025-11-25 06:55:44,948 : INFO : EventManager : Event: ======'game_will_start'====== Args={}
2025-11-25 06:55:44,948 : INFO : EventManager : Event: ======'game_starting'====== Args={'game': <Mode.game>}
2025-11-25 06:55:44,949 : INFO : EventManager : Unordered handler for class <Auditor> on event game_ended with priority 1. Handlers: [RegisteredHandler(callback=<bound method Auditor.disable of <Auditor>>, priority=1, kwargs={}, key=UUID('f8d2c9e5-c647-49a5-b665-aa3f838e0da7'), condition=None, blocking_facility=None), RegisteredHandler(callback=<bound method Auditor._save_audits of <Auditor>>, priority=1, kwargs={}, key=UUID('4890d2bb-0a46-47c4-96d9-861c0be5499b'), condition=None, blocking_facility=None)]. The order of those handlers is not defined and they will be executed in random order. This might lead to race conditions and potential bugs.
2025-11-25 06:55:44,949 : INFO : EventManager : Event: ======'player_add_request'====== Args={}
2025-11-25 06:55:44,949 : INFO : EventManager : Event: ======'player_will_add'====== Args={'number': 1}
2025-11-25 06:55:44,950 : INFO : EventManager : Event: ======'player_adding'====== Args={'player': <Player 1>, 'number': 1}
2025-11-25 06:55:44,950 : INFO : EventManager : Event: ======'player_added'====== Args={'player': <Player 1>, 'num': 1}
2025-11-25 06:55:44,950 : INFO : Mode.game : Player added successfully. Total players: 1
2025-11-25 06:55:44,950 : INFO : EventManager : Event: ======'player_index'====== Args={'value': 0, 'prev_value': 0, 'change': 0, 'player_num': 1}
2025-11-25 06:55:44,950 : INFO : EventManager : Event: ======'player_number'====== Args={'value': 1, 'prev_value': 1, 'change': 0, 'player_num': 1}
2025-11-25 06:55:44,950 : INFO : EventManager : Event: ======'player_score'====== Args={'value': 0, 'prev_value': 0, 'change': 0, 'player_num': 1}
2025-11-25 06:55:44,951 : INFO : EventManager : Event: ======'game_started'====== Args={}
2025-11-25 06:55:44,951 : INFO : EventManager : Event: ======'player_turn_will_start'====== Args={'player': <Player 1>, 'number': 1}
2025-11-25 06:55:44,952 : INFO : EventManager : Event: ======'player_turn_starting'====== Args={'player': <Player 1>, 'number': 1}
2025-11-25 06:55:44,958 : INFO : EventManager : Event: ======'player_ball'====== Args={'value': 1, 'prev_value': 0, 'change': 1, 'player_num': 1}
2025-11-25 06:55:44,961 : INFO : EventManager : Event: ======'player_turn_started'====== Args={'player': <Player 1>, 'number': 1}
2025-11-25 06:55:44,964 : INFO : EventManager : Event: ======'ball_will_start'====== Args={'player': 1, 'ball': 1, 'balls_remaining': 2, 'is_extra_ball': False}
2025-11-25 06:55:44,965 : INFO : EventManager : Event: ======'ball_starting'====== Args={'player': 1, 'ball': 1, 'balls_remaining': 2, 'is_extra_ball': False}
2025-11-25 06:55:44,965 : INFO : EventManager : Event: ======'mode_base_will_start'====== Args={'queue': <QueuedEvent>, 'player': 1, 'ball': 1, 'balls_remaining': 2, 'is_extra_ball': False}
2025-11-25 06:55:44,966 : INFO : EventManager : Event: ======'mode_base_starting'====== Args={'queue': <QueuedEvent>, 'player': 1, 'ball': 1, 'balls_remaining': 2, 'is_extra_ball': False}
2025-11-25 06:55:44,966 : INFO : Mode.base : Started. Priority: 100
2025-11-25 06:55:44,966 : INFO : EventManager : Event: ======'modes_active_modes_changed'====== Args={}
2025-11-25 06:55:44,966 : INFO : EventManager : Event: ======'mode_base_started'====== Args={'queue': <QueuedEvent>, 'player': 1, 'ball': 1, 'balls_remaining': 2, 'is_extra_ball': False}
2025-11-25 06:55:44,966 : INFO : EventManager : Event: ======'start_mode_right_orbit'====== Args={'priority': 0}
2025-11-25 06:55:44,966 : INFO : EventManager : Event: ======'mode_right_orbit_will_start'====== Args={'priority': 0}
2025-11-25 06:55:44,967 : INFO : EventManager : Event: ======'player_shot_right_orbit_enabled'====== Args={'value': True, 'prev_value': 0, 'change': 1, 'player_num': 1}
2025-11-25 06:55:44,967 : INFO : EventManager : Event: ======'mode_right_orbit_starting'====== Args={'priority': 0}
2025-11-25 06:55:44,967 : INFO : Mode.right_orbit : Started. Priority: 200
2025-11-25 06:55:44,967 : INFO : EventManager : Event: ======'modes_active_modes_changed'====== Args={}
2025-11-25 06:55:44,967 : INFO : EventManager : Event: ======'mode_right_orbit_started'====== Args={'priority': 0}
2025-11-25 06:55:44,968 : INFO : EventManager : Event: ======'balls_in_play'====== Args={'balls': 1}
2025-11-25 06:55:44,968 : INFO : EventManager : Event: ======'ball_started'====== Args={'player': 1, 'ball': 1, 'balls_remaining': 2, 'is_extra_ball': False}
2025-11-25 06:55:44,968 : INFO : EventManager : Event: ======'single_player_ball_started'====== Args={}
2025-11-25 06:55:44,968 : INFO : EventManager : Event: ======'ball_start_target'====== Args={'target': 'playfield'}
2025-11-25 06:55:44,968 : INFO : ball_device.bd_trough : Setting up player-controlled eject. Balls: 1, Target: <playfield.playfield>, player_controlled_eject_event: None
2025-11-25 06:55:44,969 : INFO : ball_device.bd_trough : Adding 1 ball(s) to the eject_queue with target <playfield.playfield>.
2025-11-25 06:55:44,969 : INFO : EventManager : Event: ======'balldevice_balls_available'====== Args={}
2025-11-25 06:55:44,969 : INFO : ball_device.bd_trough : State: waiting_for_target_ready
2025-11-25 06:55:44,969 : INFO : EventManager : Event: ======'balldevice_bd_trough_ball_eject_attempt'====== Args={'balls': 1, 'target': <ball_device.bd_plunger>, 'source': <ball_device.bd_trough>, 'mechanical_eject': False, 'num_attempts': 0}
2025-11-25 06:55:44,969 : INFO : ball_device.bd_plunger : State: waiting_for_ball
2025-11-25 06:55:44,969 : INFO : ball_device.bd_trough : State: ejecting
2025-11-25 06:55:44,969 : INFO : ball_device.bd_trough : Ejecting ball to <ball_device.bd_plunger>
2025-11-25 06:55:44,969 : INFO : EventManager : Event: ======'balldevice_bd_trough_ejecting_ball'====== Args={'balls': 1, 'target': <ball_device.bd_plunger>, 'source': <ball_device.bd_trough>, 'mechanical_eject': False, 'num_attempts': 0}
2025-11-25 06:55:44,970 : INFO : ball_device.bd_trough : Wait for ball to leave device
2025-11-25 06:55:44,970 : INFO : coil.c_trough_eject : Pulsing Driver for 10ms (1.0 pulse_power)
2025-11-25 06:55:44,977 : INFO : EventManager : Event: ======'slide_base_created'====== Args={'_from_bcp': True}
2025-11-25 06:55:44,977 : INFO : EventManager : Event: ======'slide_attract_inactive'====== Args={'is_removing': True, '_from_bcp': True}
2025-11-25 06:55:44,977 : INFO : EventManager : Event: ======'slide_base_active'====== Args={'original_context': 'base', 'original_calling_context': 'mode_base_started', 'priority': 100.0, 'queue': '<QueuedEvent>', 'player': 1.0, 'ball': 1.0, 'balls_remaining': 2.0, 'is_extra_ball': False, 'cmd': 'slides_play', '_from_bcp': True}
2025-11-25 06:55:44,978 : INFO : EventManager : Event: ======'slide_attract_removed'====== Args={'_from_bcp': True}
2025-11-25 06:55:50,592 : INFO : SwitchController : <<<<<<< 's_right_orbit' active >>>>>>>
2025-11-25 06:55:50,592 : INFO : EventManager : Event: ======'playfield_active'====== Args={'source': 'right_orbit'}
2025-11-25 06:55:50,592 : INFO : EventManager : Event: ======'unexpected_ball_on_playfield'====== Args={}
2025-11-25 06:55:50,592 : INFO : EventManager : Event: ======'s_right_orbit_active'====== Args={}
2025-11-25 06:55:50,592 : INFO : EventManager : Event: ======'machine_var_audits_switches_s_right_orbit'====== Args={'value': 180, 'prev_value': 179, 'change': 1}
2025-11-25 06:55:50,593 : INFO : EventManager : Event: ======'player_shot_right_orbit'====== Args={'value': 1, 'prev_value': 0, 'change': 1, 'player_num': 1}
2025-11-25 06:55:50,601 : INFO : EventManager : Event: ======'machine_var_audits_shots_right_orbit'====== Args={'value': 166, 'prev_value': 165, 'change': 1}
2025-11-25 06:55:50,608 : INFO : EventManager : Event: ======'right_orbit_hit'====== Args={'profile': 'default', 'state': 'unlit', 'advancing': True}
2025-11-25 06:55:50,608 : INFO : EventManager : Event: ======'right_orbit_default_hit'====== Args={'profile': 'default', 'state': 'unlit', 'advancing': True}
2025-11-25 06:55:50,608 : INFO : EventManager : Event: ======'right_orbit_default_unlit_hit'====== Args={'profile': 'default', 'state': 'unlit', 'advancing': True}
2025-11-25 06:55:50,608 : INFO : EventManager : Event: ======'right_orbit_unlit_hit'====== Args={'profile': 'default', 'state': 'unlit', 'advancing': True}
2025-11-25 06:55:50,608 : INFO : EventManager : Event: ======'player_score'====== Args={'value': 5000, 'prev_value': 0, 'change': 5000, 'player_num': 1, 'source': 'right_orbit'}
2025-11-25 06:55:50,675 : INFO : SwitchController : <<<<<<< 's_right_orbit' inactive >>>>>>>
2025-11-25 06:55:51,425 : INFO : SwitchController : <<<<<<< 's_right_orbit' active >>>>>>>
2025-11-25 06:55:51,426 : INFO : EventManager : Event: ======'playfield_active'====== Args={'source': 'right_orbit'}
2025-11-25 06:55:51,426 : INFO : EventManager : Event: ======'unexpected_ball_on_playfield'====== Args={}
2025-11-25 06:55:51,426 : INFO : EventManager : Event: ======'s_right_orbit_active'====== Args={}
2025-11-25 06:55:51,426 : INFO : EventManager : Event: ======'machine_var_audits_switches_s_right_orbit'====== Args={'value': 181, 'prev_value': 180, 'change': 1}
2025-11-25 06:55:51,427 : INFO : EventManager : Event: ======'machine_var_audits_shots_right_orbit'====== Args={'value': 167, 'prev_value': 166, 'change': 1}
2025-11-25 06:55:51,427 : INFO : EventManager : Event: ======'right_orbit_hit'====== Args={'profile': 'default', 'state': 'lit', 'advancing': False}
2025-11-25 06:55:51,427 : INFO : EventManager : Event: ======'right_orbit_default_hit'====== Args={'profile': 'default', 'state': 'lit', 'advancing': False}
2025-11-25 06:55:51,427 : INFO : EventManager : Event: ======'right_orbit_default_lit_hit'====== Args={'profile': 'default', 'state': 'lit', 'advancing': False}
2025-11-25 06:55:51,428 : INFO : EventManager : Event: ======'right_orbit_lit_hit'====== Args={'profile': 'default', 'state': 'lit', 'advancing': False}
2025-11-25 06:55:51,428 : INFO : EventManager : Event: ======'player_score'====== Args={'value': 10000, 'prev_value': 5000, 'change': 5000, 'player_num': 1, 'source': 'right_orbit'}
2025-11-25 06:55:51,558 : INFO : SwitchController : <<<<<<< 's_right_orbit' inactive >>>>>>>
2025-11-25 06:55:54,971 : INFO : EventManager : Event: ======'balldevice_bd_trough_ball_eject_failed'====== Args={'target': <ball_device.bd_plunger>, 'balls': 1, 'retry': True, 'num_attempts': 1}
2025-11-25 06:55:54,974 : INFO : ball_device.bd_trough : State: waiting_for_target_ready
2025-11-25 06:55:54,974 : INFO : EventManager : Event: ======'balldevice_bd_trough_ball_eject_attempt'====== Args={'balls': 1, 'target': <ball_device.bd_plunger>, 'source': <ball_device.bd_trough>, 'mechanical_eject': False, 'num_attempts': 1}
2025-11-25 06:55:54,975 : INFO : ball_device.bd_trough : State: ejecting
2025-11-25 06:55:54,975 : INFO : ball_device.bd_trough : Ejecting ball to <ball_device.bd_plunger>
2025-11-25 06:55:54,976 : INFO : EventManager : Event: ======'balldevice_bd_trough_ejecting_ball'====== Args={'balls': 1, 'target': <ball_device.bd_plunger>, 'source': <ball_device.bd_trough>, 'mechanical_eject': False, 'num_attempts': 1}
2025-11-25 06:55:54,977 : INFO : ball_device.bd_trough : Wait for ball to leave device
2025-11-25 06:55:54,977 : INFO : coil.c_trough_eject : Pulsing Driver for 10ms (1.0 pulse_power)
2025-11-25 06:55:56,208 : INFO : SwitchController : <<<<<<< 's_trough_3' inactive >>>>>>>
2025-11-25 06:55:56,209 : INFO : ball_device.bd_trough : State: ball_left
2025-11-25 06:55:56,210 : INFO : ball_device.bd_trough : Ball left
2025-11-25 06:55:56,210 : INFO : ball_device.bd_trough : Wait for confirm with timeout 10.0
2025-11-25 06:56:00,975 : INFO : SwitchController : <<<<<<< 's_plunger_lane' active >>>>>>>
2025-11-25 06:56:00,975 : INFO : EventManager : Event: ======'machine_var_audits_switches_s_plunger_lane'====== Args={'value': 105, 'prev_value': 104, 'change': 1}
2025-11-25 06:56:01,175 : INFO : SwitchController : <<<<<<< 's_plunger_lane' inactive >>>>>>>
2025-11-25 06:56:01,558 : INFO : SwitchController : <<<<<<< 's_plunger_lane' active >>>>>>>
2025-11-25 06:56:01,559 : INFO : EventManager : Event: ======'machine_var_audits_switches_s_plunger_lane'====== Args={'value': 106, 'prev_value': 105, 'change': 1}
2025-11-25 06:56:01,725 : INFO : SwitchController : <<<<<<< 's_plunger_lane' inactive >>>>>>>
2025-11-25 06:56:01,991 : INFO : SwitchController : <<<<<<< 's_plunger_lane' active >>>>>>>
2025-11-25 06:56:01,992 : INFO : EventManager : Event: ======'machine_var_audits_switches_s_plunger_lane'====== Args={'value': 107, 'prev_value': 106, 'change': 1}
2025-11-25 06:56:02,108 : INFO : SwitchController : <<<<<<< 's_plunger_lane' inactive >>>>>>>
2025-11-25 06:56:02,308 : INFO : SwitchController : <<<<<<< 's_plunger_lane' active >>>>>>>
2025-11-25 06:56:02,308 : INFO : EventManager : Event: ======'machine_var_audits_switches_s_plunger_lane'====== Args={'value': 108, 'prev_value': 107, 'change': 1}
2025-11-25 06:56:02,443 : INFO : SwitchController : <<<<<<< 's_plunger_lane' inactive >>>>>>>
2025-11-25 06:56:02,625 : INFO : SwitchController : <<<<<<< 's_plunger_lane' active >>>>>>>
2025-11-25 06:56:02,625 : INFO : EventManager : Event: ======'machine_var_audits_switches_s_plunger_lane'====== Args={'value': 109, 'prev_value': 108, 'change': 1}
2025-11-25 06:56:02,758 : INFO : SwitchController : <<<<<<< 's_plunger_lane' inactive >>>>>>>
2025-11-25 06:56:02,925 : INFO : SwitchController : <<<<<<< 's_plunger_lane' active >>>>>>>
2025-11-25 06:56:02,925 : INFO : EventManager : Event: ======'machine_var_audits_switches_s_plunger_lane'====== Args={'value': 110, 'prev_value': 109, 'change': 1}
2025-11-25 06:56:03,042 : INFO : SwitchController : <<<<<<< 's_plunger_lane' inactive >>>>>>>
2025-11-25 06:56:03,275 : INFO : SwitchController : <<<<<<< 's_plunger_lane' active >>>>>>>
2025-11-25 06:56:03,275 : INFO : EventManager : Event: ======'machine_var_audits_switches_s_plunger_lane'====== Args={'value': 111, 'prev_value': 110, 'change': 1}
2025-11-25 06:56:03,358 : INFO : SwitchController : <<<<<<< 's_plunger_lane' inactive >>>>>>>
2025-11-25 06:56:04,392 : INFO : SwitchController : <<<<<<< 's_trough_3' active >>>>>>>
2025-11-25 06:56:04,393 : INFO : EventManager : Event: ======'machine_var_audits_switches_s_trough_3'====== Args={'value': 50, 'prev_value': 49, 'change': 1}
2025-11-25 06:56:06,191 : INFO : SwitchController : <<<<<<< 's_right_orbit' active >>>>>>>
2025-11-25 06:56:06,192 : INFO : EventManager : Event: ======'playfield_active'====== Args={'source': 'right_orbit'}
2025-11-25 06:56:06,192 : INFO : EventManager : Event: ======'unexpected_ball_on_playfield'====== Args={}
2025-11-25 06:56:06,192 : INFO : EventManager : Event: ======'s_right_orbit_active'====== Args={}
2025-11-25 06:56:06,192 : INFO : EventManager : Event: ======'machine_var_audits_switches_s_right_orbit'====== Args={'value': 182, 'prev_value': 181, 'change': 1}
2025-11-25 06:56:06,193 : INFO : EventManager : Event: ======'machine_var_audits_shots_right_orbit'====== Args={'value': 168, 'prev_value': 167, 'change': 1}
2025-11-25 06:56:06,193 : INFO : EventManager : Event: ======'right_orbit_hit'====== Args={'profile': 'default', 'state': 'lit', 'advancing': False}
2025-11-25 06:56:06,193 : INFO : EventManager : Event: ======'right_orbit_default_hit'====== Args={'profile': 'default', 'state': 'lit', 'advancing': False}
2025-11-25 06:56:06,194 : INFO : EventManager : Event: ======'right_orbit_default_lit_hit'====== Args={'profile': 'default', 'state': 'lit', 'advancing': False}
2025-11-25 06:56:06,194 : INFO : EventManager : Event: ======'right_orbit_lit_hit'====== Args={'profile': 'default', 'state': 'lit', 'advancing': False}
2025-11-25 06:56:06,194 : INFO : EventManager : Event: ======'player_score'====== Args={'value': 15000, 'prev_value': 10000, 'change': 5000, 'player_num': 1, 'source': 'right_orbit'}
2025-11-25 06:56:06,211 : INFO : ball_device.bd_trough : State: failed_confirm
2025-11-25 06:56:06,211 : INFO : ball_device.bd_trough : Got timeout (10.0s) before confirm from <ball_device.bd_plunger>
2025-11-25 06:56:06,212 : INFO : ball_device.bd_plunger : Expecting incoming ball which may skip the device.
2025-11-25 06:56:06,212 : INFO : EventManager : Event: ======'balldevice_bd_plunger_ejecting_ball'====== Args={'balls': 1, 'target': <playfield.playfield>, 'source': <ball_device.bd_plunger>, 'mechanical_eject': False, 'num_attempts': 1}
2025-11-25 06:56:06,213 : INFO : ball_device.bd_trough : Got unknown balls. Assuming a ball returned.
2025-11-25 06:56:06,213 : INFO : EventManager : Event: ======'balldevice_bd_trough_ball_eject_failed'====== Args={'target': <ball_device.bd_plunger>, 'balls': 1, 'retry': True, 'num_attempts': 2}
2025-11-25 06:56:06,214 : INFO : EventManager : Event: ======'balldevice_bd_plunger_ball_eject_failed'====== Args={'target': <playfield.playfield>, 'balls': 1, 'retry': True, 'num_attempts': 1}
2025-11-25 06:56:06,214 : INFO : ball_device.bd_trough : State: waiting_for_target_ready
2025-11-25 06:56:06,214 : INFO : EventManager : Event: ======'balldevice_bd_trough_ball_eject_attempt'====== Args={'balls': 1, 'target': <ball_device.bd_plunger>, 'source': <ball_device.bd_trough>, 'mechanical_eject': False, 'num_attempts': 2}
2025-11-25 06:56:06,214 : INFO : ball_device.bd_plunger : No longer expecting incoming ball which may skip the device.
2025-11-25 06:56:06,214 : INFO : ball_device.bd_trough : State: ejecting
2025-11-25 06:56:06,215 : INFO : ball_device.bd_trough : Ejecting ball to <ball_device.bd_plunger>
2025-11-25 06:56:06,215 : INFO : EventManager : Event: ======'balldevice_bd_trough_ejecting_ball'====== Args={'balls': 1, 'target': <ball_device.bd_plunger>, 'source': <ball_device.bd_trough>, 'mechanical_eject': False, 'num_attempts': 2}
2025-11-25 06:56:06,215 : INFO : ball_device.bd_plunger : State: waiting_for_ball
2025-11-25 06:56:06,215 : INFO : ball_device.bd_trough : Wait for ball to leave device
2025-11-25 06:56:06,215 : INFO : coil.c_trough_eject : Pulsing Driver for 10ms (1.0 pulse_power)
2025-11-25 06:56:06,358 : INFO : SwitchController : <<<<<<< 's_right_orbit' inactive >>>>>>>
2025-11-25 06:56:06,959 : INFO : SwitchController : <<<<<<< 's_right_orbit' active >>>>>>>
2025-11-25 06:56:06,959 : INFO : EventManager : Event: ======'playfield_active'====== Args={'source': 'right_orbit'}
2025-11-25 06:56:06,959 : INFO : EventManager : Event: ======'unexpected_ball_on_playfield'====== Args={}
2025-11-25 06:56:06,959 : INFO : EventManager : Event: ======'s_right_orbit_active'====== Args={}
2025-11-25 06:56:06,959 : INFO : EventManager : Event: ======'machine_var_audits_switches_s_right_orbit'====== Args={'value': 183, 'prev_value': 182, 'change': 1}
2025-11-25 06:56:06,960 : INFO : EventManager : Event: ======'machine_var_audits_shots_right_orbit'====== Args={'value': 169, 'prev_value': 168, 'change': 1}
2025-11-25 06:56:06,961 : INFO : EventManager : Event: ======'right_orbit_hit'====== Args={'profile': 'default', 'state': 'lit', 'advancing': False}
2025-11-25 06:56:06,961 : INFO : EventManager : Event: ======'right_orbit_default_hit'====== Args={'profile': 'default', 'state': 'lit', 'advancing': False}
2025-11-25 06:56:06,961 : INFO : EventManager : Event: ======'right_orbit_default_lit_hit'====== Args={'profile': 'default', 'state': 'lit', 'advancing': False}
2025-11-25 06:56:06,961 : INFO : EventManager : Event: ======'right_orbit_lit_hit'====== Args={'profile': 'default', 'state': 'lit', 'advancing': False}
2025-11-25 06:56:06,961 : INFO : EventManager : Event: ======'player_score'====== Args={'value': 20000, 'prev_value': 15000, 'change': 5000, 'player_num': 1, 'source': 'right_orbit'}
2025-11-25 06:56:07,108 : INFO : SwitchController : <<<<<<< 's_right_orbit' inactive >>>>>>>
2025-11-25 06:56:08,791 : INFO : SwitchController : <<<<<<< 's_plunger_lane' active >>>>>>>
2025-11-25 06:56:08,792 : INFO : EventManager : Event: ======'machine_var_audits_switches_s_plunger_lane'====== Args={'value': 112, 'prev_value': 111, 'change': 1}
2025-11-25 06:56:08,874 : INFO : SwitchController : <<<<<<< 's_plunger_lane' inactive >>>>>>>
2025-11-25 06:56:09,075 : INFO : SwitchController : <<<<<<< 's_plunger_lane' active >>>>>>>
2025-11-25 06:56:09,075 : INFO : EventManager : Event: ======'machine_var_audits_switches_s_plunger_lane'====== Args={'value': 113, 'prev_value': 112, 'change': 1}
2025-11-25 06:56:09,175 : INFO : SwitchController : <<<<<<< 's_plunger_lane' inactive >>>>>>>
2025-11-25 06:56:09,341 : INFO : SwitchController : <<<<<<< 's_plunger_lane' active >>>>>>>
2025-11-25 06:56:09,342 : INFO : EventManager : Event: ======'machine_var_audits_switches_s_plunger_lane'====== Args={'value': 114, 'prev_value': 113, 'change': 1}
2025-11-25 06:56:09,458 : INFO : SwitchController : <<<<<<< 's_plunger_lane' inactive >>>>>>>
2025-11-25 06:56:09,624 : INFO : SwitchController : <<<<<<< 's_plunger_lane' active >>>>>>>
2025-11-25 06:56:09,625 : INFO : EventManager : Event: ======'machine_var_audits_switches_s_plunger_lane'====== Args={'value': 115, 'prev_value': 114, 'change': 1}
2025-11-25 06:56:09,708 : INFO : SwitchController : <<<<<<< 's_plunger_lane' inactive >>>>>>>
2025-11-25 06:56:09,857 : INFO : SwitchController : <<<<<<< 's_plunger_lane' active >>>>>>>
2025-11-25 06:56:09,858 : INFO : EventManager : Event: ======'machine_var_audits_switches_s_plunger_lane'====== Args={'value': 116, 'prev_value': 115, 'change': 1}
2025-11-25 06:56:09,974 : INFO : SwitchController : <<<<<<< 's_plunger_lane' inactive >>>>>>>
2025-11-25 06:56:10,092 : INFO : SwitchController : <<<<<<< 's_plunger_lane' active >>>>>>>
2025-11-25 06:56:10,092 : INFO : EventManager : Event: ======'machine_var_audits_switches_s_plunger_lane'====== Args={'value': 117, 'prev_value': 116, 'change': 1}
2025-11-25 06:56:10,158 : INFO : SwitchController : <<<<<<< 's_plunger_lane' inactive >>>>>>>
2025-11-25 06:56:10,274 : INFO : SwitchController : <<<<<<< 's_plunger_lane' active >>>>>>>
2025-11-25 06:56:10,275 : INFO : EventManager : Event: ======'machine_var_audits_switches_s_plunger_lane'====== Args={'value': 118, 'prev_value': 117, 'change': 1}
2025-11-25 06:56:10,374 : INFO : SwitchController : <<<<<<< 's_plunger_lane' inactive >>>>>>>
2025-11-25 06:56:10,491 : INFO : SwitchController : <<<<<<< 's_plunger_lane' active >>>>>>>
2025-11-25 06:56:10,492 : INFO : EventManager : Event: ======'machine_var_audits_switches_s_plunger_lane'====== Args={'value': 119, 'prev_value': 118, 'change': 1}
2025-11-25 06:56:10,541 : INFO : SwitchController : <<<<<<< 's_plunger_lane' inactive >>>>>>>
2025-11-25 06:56:10,641 : INFO : SwitchController : <<<<<<< 's_plunger_lane' active >>>>>>>
2025-11-25 06:56:10,642 : INFO : EventManager : Event: ======'machine_var_audits_switches_s_plunger_lane'====== Args={'value': 120, 'prev_value': 119, 'change': 1}
2025-11-25 06:56:10,724 : INFO : SwitchController : <<<<<<< 's_plunger_lane' inactive >>>>>>>
2025-11-25 06:56:10,848 : INFO : SwitchController : <<<<<<< 's_plunger_lane' active >>>>>>>
2025-11-25 06:56:10,848 : INFO : EventManager : Event: ======'machine_var_audits_switches_s_plunger_lane'====== Args={'value': 121, 'prev_value': 120, 'change': 1}
2025-11-25 06:56:10,908 : INFO : SwitchController : <<<<<<< 's_plunger_lane' inactive >>>>>>>
2025-11-25 06:56:11,024 : INFO : SwitchController : <<<<<<< 's_plunger_lane' active >>>>>>>
2025-11-25 06:56:11,025 : INFO : EventManager : Event: ======'machine_var_audits_switches_s_plunger_lane'====== Args={'value': 122, 'prev_value': 121, 'change': 1}
2025-11-25 06:56:11,092 : INFO : SwitchController : <<<<<<< 's_plunger_lane' inactive >>>>>>>
2025-11-25 06:56:11,208 : INFO : SwitchController : <<<<<<< 's_plunger_lane' active >>>>>>>
2025-11-25 06:56:11,208 : INFO : EventManager : Event: ======'machine_var_audits_switches_s_plunger_lane'====== Args={'value': 123, 'prev_value': 122, 'change': 1}
2025-11-25 06:56:11,274 : INFO : SwitchController : <<<<<<< 's_plunger_lane' inactive >>>>>>>
2025-11-25 06:56:11,391 : INFO : SwitchController : <<<<<<< 's_plunger_lane' active >>>>>>>
2025-11-25 06:56:11,391 : INFO : EventManager : Event: ======'machine_var_audits_switches_s_plunger_lane'====== Args={'value': 124, 'prev_value': 123, 'change': 1}
2025-11-25 06:56:11,491 : INFO : SwitchController : <<<<<<< 's_plunger_lane' inactive >>>>>>>
2025-11-25 06:56:13,799 : INFO : Machine : Shutting down...
2025-11-25 06:56:13,799 : INFO : EventManager : Event: ======'shutdown'====== Args={}
2025-11-25 06:56:13,805 : INFO : EventManager : Event: ======'mode_game_will_stop'====== Args={}
2025-11-25 06:56:13,805 : INFO : EventManager : Event: ======'mode_game_stopping'====== Args={}
2025-11-25 06:56:13,805 : INFO : EventManager : Event: ======'mode_base_will_stop'====== Args={}
2025-11-25 06:56:13,805 : INFO : EventManager : Event: ======'mode_base_stopping'====== Args={}
2025-11-25 06:56:13,806 : INFO : EventManager : Event: ======'mode_right_orbit_will_stop'====== Args={}
2025-11-25 06:56:13,806 : INFO : EventManager : Event: ======'mode_right_orbit_stopping'====== Args={}
2025-11-25 06:56:13,806 : INFO : EventManager : Event: ======'stop_mode_right_orbit'====== Args={'priority': 0}
2025-11-25 06:56:13,806 : INFO : Mode.right_orbit : Stopped.
2025-11-25 06:56:13,806 : INFO : EventManager : Event: ======'modes_active_modes_changed'====== Args={}
2025-11-25 06:56:13,808 : INFO : EventManager : Event: ======'mode_right_orbit_stopped'====== Args={}
2025-11-25 06:56:13,808 : INFO : EventManager : Event: ======'clear'====== Args={'key': 'right_orbit'}
2025-11-25 06:56:13,809 : INFO : Mode.base : Stopped.
2025-11-25 06:56:13,809 : INFO : EventManager : Event: ======'modes_active_modes_changed'====== Args={}
2025-11-25 06:56:13,809 : INFO : EventManager : Event: ======'mode_base_stopped'====== Args={}
2025-11-25 06:56:13,809 : INFO : EventManager : Event: ======'clear'====== Args={'key': 'base'}
2025-11-25 06:56:13,810 : INFO : Mode.game : Stopped.
2025-11-25 06:56:13,810 : INFO : EventManager : Event: ======'modes_active_modes_changed'====== Args={}
2025-11-25 06:56:13,810 : INFO : EventManager : Event: ======'mode_game_stopped'====== Args={}
2025-11-25 06:56:13,810 : INFO : EventManager : Event: ======'clear'====== Args={'key': 'game'}
2025-11-25 06:56:13,812 : INFO : root : MPF run loop ended.
