2025-11-26 12:00:58,424 : INFO : root : Loading config.
2025-11-26 12:00:58,426 : INFO : YamlMultifileConfigLoader : Machine config file #1: config.yaml
2025-11-26 12:00:58,426 : INFO : ConfigProcessor : Loading config from cache: /var/folders/k0/j_dpx55x4kndbs36pl2nt9l00000gn/T/92f7f295141fbdde09e201e7fd0f1349.mpf_cache
2025-11-26 12:00:58,454 : INFO : ConfigProcessor : Loading config from cache: /var/folders/k0/j_dpx55x4kndbs36pl2nt9l00000gn/T/7b77bdcd1da4c54cc720d492bab55a0d.mpf_cache
2025-11-26 12:00:58,454 : INFO : ConfigProcessor : Loading config from cache: /var/folders/k0/j_dpx55x4kndbs36pl2nt9l00000gn/T/501e18c1625d42f1ba9bf53b020c49c5.mpf_cache
2025-11-26 12:00:58,454 : INFO : ConfigProcessor : Loading config from cache: /var/folders/k0/j_dpx55x4kndbs36pl2nt9l00000gn/T/7b77bdcd1da4c54cc720d492bab55a0d.mpf_cache
2025-11-26 12:00:58,454 : INFO : ConfigProcessor : Loading config from cache: /var/folders/k0/j_dpx55x4kndbs36pl2nt9l00000gn/T/dda6f4da00898f9f0a4796a41d9a2ef0.mpf_cache
2025-11-26 12:00:58,455 : INFO : ConfigProcessor : Loading config from cache: /var/folders/k0/j_dpx55x4kndbs36pl2nt9l00000gn/T/522fc819f659907ecbd91e12554f307a.mpf_cache
2025-11-26 12:00:58,455 : INFO : ConfigProcessor : Loading config from cache: /var/folders/k0/j_dpx55x4kndbs36pl2nt9l00000gn/T/05e9cee2d62266bbcd3eb3df28f11ba0.mpf_cache
2025-11-26 12:00:58,455 : INFO : ConfigProcessor : Loading config from cache: /var/folders/k0/j_dpx55x4kndbs36pl2nt9l00000gn/T/a751b7622f38b4d73d2da25b66d734b1.mpf_cache
2025-11-26 12:00:58,455 : INFO : ConfigProcessor : Loading config from cache: /var/folders/k0/j_dpx55x4kndbs36pl2nt9l00000gn/T/515d12d22bfc89771946156b9f4733e7.mpf_cache
2025-11-26 12:00:58,455 : INFO : ConfigProcessor : Loading config from cache: /var/folders/k0/j_dpx55x4kndbs36pl2nt9l00000gn/T/3db5df4db04e3e0d951f803bb6fa84e6.mpf_cache
2025-11-26 12:00:58,455 : INFO : ConfigProcessor : Loading config from cache: /var/folders/k0/j_dpx55x4kndbs36pl2nt9l00000gn/T/3572cafb19834c572118c1dfbec55588.mpf_cache
2025-11-26 12:00:58,456 : INFO : ConfigProcessor : Loading config from cache: /var/folders/k0/j_dpx55x4kndbs36pl2nt9l00000gn/T/39b20d9bce0c2f44f75a85f57a0d45f4.mpf_cache
2025-11-26 12:00:58,456 : INFO : ConfigProcessor : Loading config from cache: /var/folders/k0/j_dpx55x4kndbs36pl2nt9l00000gn/T/189edcb2679eb1788c8ca3be3e29f2f1.mpf_cache
2025-11-26 12:00:58,456 : INFO : ConfigProcessor : Loading config from cache: /var/folders/k0/j_dpx55x4kndbs36pl2nt9l00000gn/T/f00019ffccce993d2850c9d82b9dc44e.mpf_cache
2025-11-26 12:00:58,456 : INFO : ConfigProcessor : Loading config from cache: /var/folders/k0/j_dpx55x4kndbs36pl2nt9l00000gn/T/14560612c17bb039b05632d29f192033.mpf_cache
2025-11-26 12:00:58,456 : WARNING : ConfigProcessor : Config file in cache changed: /Users/samhughes/Desktop/Hollow-Knight-Pinball/modes/dirtmouth/config/dirtmouth.yaml
2025-11-26 12:00:58,456 : INFO : ConfigProcessor : Loading config from file /Users/samhughes/Desktop/Hollow-Knight-Pinball/modes/dirtmouth/config/dirtmouth.yaml.
2025-11-26 12:00:58,458 : INFO : ConfigProcessor : Loading config: /Users/samhughes/Desktop/Hollow-Knight-Pinball/modes/dirtmouth/config/dirtmouth.yaml
2025-11-26 12:00:58,458 : INFO : ConfigProcessor : Config file cache created: /var/folders/k0/j_dpx55x4kndbs36pl2nt9l00000gn/T/1b88d79160cc8850354d058f9a270569.mpf_cache
2025-11-26 12:00:58,458 : INFO : Machine : Mission Pinball Framework Core Engine v0.80.0.dev11
2025-11-26 12:00:58,458 : INFO : Machine : Command line arguments: {'no_load_cache': False, 'create_config_cache': True, 'bcp': True, 'configfile': ['config.yaml'], 'force_assets_load': False, 'platform_integration_test': False, 'jsonlogging': False, 'logfile': 'logs/2025-11-26-12-00-58-mpf-Sams-MacBook-Air-2.local.log', 'pause': False, 'production': False, 'text_ui': True, 'loglevel': 15, 'consoleloglevel': 20, 'force_platform': 'smart_virtual', 'syslog_address': None, 'full_logfile_path': '/Users/samhughes/Desktop/Hollow-Knight-Pinball/logs/2025-11-26-12-00-58-mpf-Sams-MacBook-Air-2.local.log'}
2025-11-26 12:00:58,458 : INFO : Machine : MPF path: /Users/samhughes/mpf/lib/python3.13/site-packages/mpf
2025-11-26 12:00:58,458 : INFO : Machine : Machine path: /Users/samhughes/Desktop/Hollow-Knight-Pinball
2025-11-26 12:00:58,458 : INFO : Machine : Platform: darwin
2025-11-26 12:00:58,458 : INFO : Machine : Python executable location: /Users/samhughes/mpf/bin/python3.13
2025-11-26 12:00:58,458 : INFO : Machine : Python version: 3.13.2 (64-bit)
2025-11-26 12:00:58,458 : INFO : Machine : Initializing MPF...
2025-11-26 12:00:58,489 : INFO : EventManager : Event: ======'machine_var_credits_string'====== Args={'value': 'FREE PLAY', 'prev_value': None, 'change': True}
2025-11-26 12:00:58,494 : INFO : EventManager : Event: ======'machine_var_master_volume'====== Args={'value': 0.5, 'prev_value': None, 'change': True}
2025-11-26 12:00:58,494 : INFO : EventManager : Event: ======'machine_var_player1_score'====== Args={'value': 81940, 'prev_value': None, 'change': True}
2025-11-26 12:00:58,494 : INFO : EventManager : Event: ======'machine_var_mpf_version'====== Args={'value': 'Mission Pinball Framework v0.80.0.dev11', 'prev_value': None, 'change': True}
2025-11-26 12:00:58,494 : INFO : EventManager : Event: ======'machine_var_mpf_extended_version'====== Args={'value': 'Mission Pinball Framework v0.80.0.dev11, Config version:6, Show version: 6, BCP version:1.1', 'prev_value': None, 'change': True}
2025-11-26 12:00:58,494 : INFO : EventManager : Event: ======'machine_var_python_version'====== Args={'value': '3.13.2', 'prev_value': None, 'change': True}
2025-11-26 12:00:58,504 : INFO : EventManager : Event: ======'machine_var_platform'====== Args={'value': 'macOS-15.6.1-arm64-arm-64bit-Mach-O', 'prev_value': None, 'change': True}
2025-11-26 12:00:58,504 : INFO : EventManager : Event: ======'machine_var_platform_system'====== Args={'value': 'Darwin', 'prev_value': None, 'change': True}
2025-11-26 12:00:58,504 : INFO : EventManager : Event: ======'machine_var_platform_release'====== Args={'value': '24.6.0', 'prev_value': None, 'change': True}
2025-11-26 12:00:58,504 : INFO : EventManager : Event: ======'machine_var_platform_version'====== Args={'value': 'Darwin Kernel Version 24.6.0: Mon Jul 14 11:29:54 PDT 2025; root:xnu-11417.140.69~1/RELEASE_ARM64_T8122', 'prev_value': None, 'change': True}
2025-11-26 12:00:58,504 : INFO : EventManager : Event: ======'machine_var_platform_machine'====== Args={'value': 'arm64', 'prev_value': None, 'change': True}
2025-11-26 12:00:58,504 : INFO : EventManager : Event: ======'machine_var_log_file_path'====== Args={'value': '/Users/samhughes/Desktop/Hollow-Knight-Pinball/logs/2025-11-26-12-00-58-mpf-Sams-MacBook-Air-2.local.log', 'prev_value': None, 'change': True}
2025-11-26 12:00:58,504 : INFO : EventManager : Event: ======'init_phase_1'====== Args={}
2025-11-26 12:00:58,511 : INFO : EventManager : Event: ======'init_phase_2'====== Args={}
2025-11-26 12:00:58,511 : INFO : SwitchController : Found active switch: (1002, <Platform.SmartVirtual>) <switch.s_trough_1>
2025-11-26 12:00:58,511 : INFO : SwitchController : Found active switch: (1003, <Platform.SmartVirtual>) <switch.s_trough_2>
2025-11-26 12:00:58,511 : INFO : SwitchController : Found active switch: (1004, <Platform.SmartVirtual>) <switch.s_trough_3>
2025-11-26 12:00:58,512 : INFO : EventManager : Event: ======'bcp_connection_attempt'====== Args={'name': 'local_display', 'host': 'localhost', 'port': 5050}
2025-11-26 12:00:58,513 : INFO : BCPClientSocket : Connecting BCP to 'local_display' at localhost:5050...
2025-11-26 12:01:02,686 : INFO : BCPClientSocket : Connected BCP to 'local_display' localhost:5050
2025-11-26 12:01:02,687 : INFO : EventManager : Event: ======'bcp_clients_connected'====== Args={}
2025-11-26 12:01:02,689 : INFO : ball_device.bd_trough : BCH: Initial count: 3
2025-11-26 12:01:02,690 : INFO : ball_device.bd_trough : State: idle
2025-11-26 12:01:02,690 : INFO : ball_device.bd_plunger : BCH: Initial count: 0
2025-11-26 12:01:02,690 : INFO : ball_device.bd_plunger : State: idle
2025-11-26 12:01:02,709 : INFO : EventManager : Event: ======'init_phase_3'====== Args={}
2025-11-26 12:01:02,712 : INFO : EventManager : Event: ======'init_phase_4'====== Args={}
2025-11-26 12:01:02,712 : INFO : BallController : Initial balls found: 3
2025-11-26 12:01:02,712 : INFO : EventManager : Event: ======'machine_var_audits_events_game_ended'====== Args={'value': 6, 'prev_value': None, 'change': True}
2025-11-26 12:01:02,712 : INFO : EventManager : Event: ======'machine_var_audits_events_game_started'====== Args={'value': 47, 'prev_value': None, 'change': True}
2025-11-26 12:01:02,712 : INFO : EventManager : Event: ======'machine_var_audits_missing_switches_s_back_left_target'====== Args={'value': 9, 'prev_value': None, 'change': True}
2025-11-26 12:01:02,713 : INFO : EventManager : Event: ======'machine_var_audits_missing_switches_s_back_middle_left_target'====== Args={'value': 9, 'prev_value': None, 'change': True}
2025-11-26 12:01:02,713 : INFO : EventManager : Event: ======'machine_var_audits_missing_switches_s_back_middle_right_target'====== Args={'value': 8, 'prev_value': None, 'change': True}
2025-11-26 12:01:02,713 : INFO : EventManager : Event: ======'machine_var_audits_missing_switches_s_back_right_target'====== Args={'value': 9, 'prev_value': None, 'change': True}
2025-11-26 12:01:02,713 : INFO : EventManager : Event: ======'machine_var_audits_missing_switches_s_bottom_left_slingshot'====== Args={'value': 4, 'prev_value': None, 'change': True}
2025-11-26 12:01:02,713 : INFO : EventManager : Event: ======'machine_var_audits_missing_switches_s_bottom_right_slingshot'====== Args={'value': 6, 'prev_value': None, 'change': True}
2025-11-26 12:01:02,713 : INFO : EventManager : Event: ======'machine_var_audits_missing_switches_s_front_left_target'====== Args={'value': 16, 'prev_value': None, 'change': True}
2025-11-26 12:01:02,713 : INFO : EventManager : Event: ======'machine_var_audits_missing_switches_s_front_middle_target'====== Args={'value': 8, 'prev_value': None, 'change': True}
2025-11-26 12:01:02,713 : INFO : EventManager : Event: ======'machine_var_audits_missing_switches_s_front_right_target'====== Args={'value': 16, 'prev_value': None, 'change': True}
2025-11-26 12:01:02,713 : INFO : EventManager : Event: ======'machine_var_audits_missing_switches_s_lane_to_pop'====== Args={'value': 6, 'prev_value': None, 'change': True}
2025-11-26 12:01:02,713 : INFO : EventManager : Event: ======'machine_var_audits_missing_switches_s_left_flipper'====== Args={'value': 47, 'prev_value': None, 'change': True}
2025-11-26 12:01:02,713 : INFO : EventManager : Event: ======'machine_var_audits_missing_switches_s_left_inlane'====== Args={'value': 4, 'prev_value': None, 'change': True}
2025-11-26 12:01:02,713 : INFO : EventManager : Event: ======'machine_var_audits_missing_switches_s_left_orbit'====== Args={'value': 9, 'prev_value': None, 'change': True}
2025-11-26 12:01:02,713 : INFO : EventManager : Event: ======'machine_var_audits_missing_switches_s_left_outlane'====== Args={'value': 16, 'prev_value': None, 'change': True}
2025-11-26 12:01:02,713 : INFO : EventManager : Event: ======'machine_var_audits_missing_switches_s_pop_bumper'====== Args={'value': 4, 'prev_value': None, 'change': True}
2025-11-26 12:01:02,713 : INFO : EventManager : Event: ======'machine_var_audits_missing_switches_s_ramp'====== Args={'value': 12, 'prev_value': None, 'change': True}
2025-11-26 12:01:02,713 : INFO : EventManager : Event: ======'machine_var_audits_missing_switches_s_right_flipper'====== Args={'value': 19, 'prev_value': None, 'change': True}
2025-11-26 12:01:02,713 : INFO : EventManager : Event: ======'machine_var_audits_missing_switches_s_right_inlane'====== Args={'value': 16, 'prev_value': None, 'change': True}
2025-11-26 12:01:02,713 : INFO : EventManager : Event: ======'machine_var_audits_missing_switches_s_right_orbit'====== Args={'value': 20, 'prev_value': None, 'change': True}
2025-11-26 12:01:02,713 : INFO : EventManager : Event: ======'machine_var_audits_missing_switches_s_right_outlane'====== Args={'value': 16, 'prev_value': None, 'change': True}
2025-11-26 12:01:02,713 : INFO : EventManager : Event: ======'machine_var_audits_missing_switches_s_saucer'====== Args={'value': 2, 'prev_value': None, 'change': True}
2025-11-26 12:01:02,713 : INFO : EventManager : Event: ======'machine_var_audits_missing_switches_s_start'====== Args={'value': 9, 'prev_value': None, 'change': True}
2025-11-26 12:01:02,713 : INFO : EventManager : Event: ======'machine_var_audits_missing_switches_s_top_left_slingshot'====== Args={'value': 2, 'prev_value': None, 'change': True}
2025-11-26 12:01:02,713 : INFO : EventManager : Event: ======'machine_var_audits_missing_switches_s_top_right_slingshot'====== Args={'value': 4, 'prev_value': None, 'change': True}
2025-11-26 12:01:02,713 : INFO : EventManager : Event: ======'machine_var_audits_missing_switches_s_trough_1'====== Args={'value': 10, 'prev_value': None, 'change': True}
2025-11-26 12:01:02,713 : INFO : EventManager : Event: ======'machine_var_audits_missing_switches_s_trough_2'====== Args={'value': 34, 'prev_value': None, 'change': True}
2025-11-26 12:01:02,713 : INFO : EventManager : Event: ======'machine_var_audits_missing_switches_s_trough_3'====== Args={'value': 32, 'prev_value': None, 'change': True}
2025-11-26 12:01:02,713 : INFO : EventManager : Event: ======'machine_var_audits_player_score'====== Args={'value': {'average': 36284, 'top': [173500, 81940, 45000, 15000, 15000, 15000, 15000, 15000, 15000, 15000], 'total': 12}, 'prev_value': None, 'change': True}
2025-11-26 12:01:02,713 : INFO : EventManager : Event: ======'machine_var_audits_shots_back_left_target'====== Args={'value': 6, 'prev_value': None, 'change': True}
2025-11-26 12:01:02,713 : INFO : EventManager : Event: ======'machine_var_audits_shots_back_middle_right_target'====== Args={'value': 4, 'prev_value': None, 'change': True}
2025-11-26 12:01:02,713 : INFO : EventManager : Event: ======'machine_var_audits_shots_back_right_target'====== Args={'value': 2, 'prev_value': None, 'change': True}
2025-11-26 12:01:02,714 : INFO : EventManager : Event: ======'machine_var_audits_shots_bakc_middle_left_target'====== Args={'value': 3, 'prev_value': None, 'change': True}
2025-11-26 12:01:02,714 : INFO : EventManager : Event: ======'machine_var_audits_shots_bottom_left_slingshot'====== Args={'value': 1, 'prev_value': None, 'change': True}
2025-11-26 12:01:02,714 : INFO : EventManager : Event: ======'machine_var_audits_shots_front_left_target'====== Args={'value': 6, 'prev_value': None, 'change': True}
2025-11-26 12:01:02,714 : INFO : EventManager : Event: ======'machine_var_audits_shots_front_middle_target'====== Args={'value': 7, 'prev_value': None, 'change': True}
2025-11-26 12:01:02,714 : INFO : EventManager : Event: ======'machine_var_audits_shots_front_right_target'====== Args={'value': 6, 'prev_value': None, 'change': True}
2025-11-26 12:01:02,714 : INFO : EventManager : Event: ======'machine_var_audits_shots_lane_to_pop'====== Args={'value': 78, 'prev_value': None, 'change': True}
2025-11-26 12:01:02,714 : INFO : EventManager : Event: ======'machine_var_audits_shots_left_inlane'====== Args={'value': 7, 'prev_value': None, 'change': True}
2025-11-26 12:01:02,714 : INFO : EventManager : Event: ======'machine_var_audits_shots_left_orbit'====== Args={'value': 80, 'prev_value': None, 'change': True}
2025-11-26 12:01:02,714 : INFO : EventManager : Event: ======'machine_var_audits_shots_left_outlane'====== Args={'value': 5, 'prev_value': None, 'change': True}
2025-11-26 12:01:02,714 : INFO : EventManager : Event: ======'machine_var_audits_shots_pop_bumper'====== Args={'value': 23, 'prev_value': None, 'change': True}
2025-11-26 12:01:02,714 : INFO : EventManager : Event: ======'machine_var_audits_shots_ramp'====== Args={'value': 68, 'prev_value': None, 'change': True}
2025-11-26 12:01:02,714 : INFO : EventManager : Event: ======'machine_var_audits_shots_right_inlane'====== Args={'value': 13, 'prev_value': None, 'change': True}
2025-11-26 12:01:02,714 : INFO : EventManager : Event: ======'machine_var_audits_shots_right_orbit'====== Args={'value': 216, 'prev_value': None, 'change': True}
2025-11-26 12:01:02,714 : INFO : EventManager : Event: ======'machine_var_audits_shots_right_outlane'====== Args={'value': 12, 'prev_value': None, 'change': True}
2025-11-26 12:01:02,714 : INFO : EventManager : Event: ======'machine_var_audits_shots_saucer'====== Args={'value': 18, 'prev_value': None, 'change': True}
2025-11-26 12:01:02,714 : INFO : EventManager : Event: ======'machine_var_audits_shots_saucer_dirtmouth'====== Args={'value': 3, 'prev_value': None, 'change': True}
2025-11-26 12:01:02,714 : INFO : EventManager : Event: ======'machine_var_audits_shots_top_left_slingshot'====== Args={'value': 1, 'prev_value': None, 'change': True}
2025-11-26 12:01:02,714 : INFO : EventManager : Event: ======'machine_var_audits_shots_top_right_slingshot'====== Args={'value': 6, 'prev_value': None, 'change': True}
2025-11-26 12:01:02,714 : INFO : EventManager : Event: ======'machine_var_audits_shots_vuk'====== Args={'value': 91, 'prev_value': None, 'change': True}
2025-11-26 12:01:02,714 : INFO : EventManager : Event: ======'machine_var_audits_shots_vuk_dirtmouth'====== Args={'value': 12, 'prev_value': None, 'change': True}
2025-11-26 12:01:02,714 : INFO : EventManager : Event: ======'machine_var_audits_switches_s_back_left_target'====== Args={'value': 6, 'prev_value': None, 'change': True}
2025-11-26 12:01:02,714 : INFO : EventManager : Event: ======'machine_var_audits_switches_s_back_middle_left_target'====== Args={'value': 4, 'prev_value': None, 'change': True}
2025-11-26 12:01:02,714 : INFO : EventManager : Event: ======'machine_var_audits_switches_s_back_middle_right_target'====== Args={'value': 5, 'prev_value': None, 'change': True}
2025-11-26 12:01:02,714 : INFO : EventManager : Event: ======'machine_var_audits_switches_s_back_right_target'====== Args={'value': 3, 'prev_value': None, 'change': True}
2025-11-26 12:01:02,714 : INFO : EventManager : Event: ======'machine_var_audits_switches_s_bottom_left_slingshot'====== Args={'value': 27, 'prev_value': None, 'change': True}
2025-11-26 12:01:02,714 : INFO : EventManager : Event: ======'machine_var_audits_switches_s_bottom_right_slingshot'====== Args={'value': 26, 'prev_value': None, 'change': True}
2025-11-26 12:01:02,714 : INFO : EventManager : Event: ======'machine_var_audits_switches_s_front_left_target'====== Args={'value': 6, 'prev_value': None, 'change': True}
2025-11-26 12:01:02,714 : INFO : EventManager : Event: ======'machine_var_audits_switches_s_front_middle_target'====== Args={'value': 8, 'prev_value': None, 'change': True}
2025-11-26 12:01:02,715 : INFO : EventManager : Event: ======'machine_var_audits_switches_s_front_right_target'====== Args={'value': 7, 'prev_value': None, 'change': True}
2025-11-26 12:01:02,715 : INFO : EventManager : Event: ======'machine_var_audits_switches_s_lane_to_pop'====== Args={'value': 80, 'prev_value': None, 'change': True}
2025-11-26 12:01:02,715 : INFO : EventManager : Event: ======'machine_var_audits_switches_s_left_flipper'====== Args={'value': 0, 'prev_value': None, 'change': True}
2025-11-26 12:01:02,715 : INFO : EventManager : Event: ======'machine_var_audits_switches_s_left_inlane'====== Args={'value': 8, 'prev_value': None, 'change': True}
2025-11-26 12:01:02,715 : INFO : EventManager : Event: ======'machine_var_audits_switches_s_left_orbit'====== Args={'value': 82, 'prev_value': None, 'change': True}
2025-11-26 12:01:02,715 : INFO : EventManager : Event: ======'machine_var_audits_switches_s_left_outlane'====== Args={'value': 6, 'prev_value': None, 'change': True}
2025-11-26 12:01:02,715 : INFO : EventManager : Event: ======'machine_var_audits_switches_s_plunger_lane'====== Args={'value': 224, 'prev_value': None, 'change': True}
2025-11-26 12:01:02,715 : INFO : EventManager : Event: ======'machine_var_audits_switches_s_pop_bumper'====== Args={'value': 23, 'prev_value': None, 'change': True}
2025-11-26 12:01:02,715 : INFO : EventManager : Event: ======'machine_var_audits_switches_s_ramp'====== Args={'value': 70, 'prev_value': None, 'change': True}
2025-11-26 12:01:02,715 : INFO : EventManager : Event: ======'machine_var_audits_switches_s_right_flipper'====== Args={'value': 4, 'prev_value': None, 'change': True}
2025-11-26 12:01:02,715 : INFO : EventManager : Event: ======'machine_var_audits_switches_s_right_inlane'====== Args={'value': 14, 'prev_value': None, 'change': True}
2025-11-26 12:01:02,715 : INFO : EventManager : Event: ======'machine_var_audits_switches_s_right_orbit'====== Args={'value': 250, 'prev_value': None, 'change': True}
2025-11-26 12:01:02,715 : INFO : EventManager : Event: ======'machine_var_audits_switches_s_right_outlane'====== Args={'value': 13, 'prev_value': None, 'change': True}
2025-11-26 12:01:02,715 : INFO : EventManager : Event: ======'machine_var_audits_switches_s_saucer'====== Args={'value': 25, 'prev_value': None, 'change': True}
2025-11-26 12:01:02,715 : INFO : EventManager : Event: ======'machine_var_audits_switches_s_start'====== Args={'value': 40, 'prev_value': None, 'change': True}
2025-11-26 12:01:02,715 : INFO : EventManager : Event: ======'machine_var_audits_switches_s_top_left_slingshot'====== Args={'value': 22, 'prev_value': None, 'change': True}
2025-11-26 12:01:02,715 : INFO : EventManager : Event: ======'machine_var_audits_switches_s_top_right_slingshot'====== Args={'value': 25, 'prev_value': None, 'change': True}
2025-11-26 12:01:02,715 : INFO : EventManager : Event: ======'machine_var_audits_switches_s_trough_1'====== Args={'value': 68, 'prev_value': None, 'change': True}
2025-11-26 12:01:02,715 : INFO : EventManager : Event: ======'machine_var_audits_switches_s_trough_2'====== Args={'value': 9, 'prev_value': None, 'change': True}
2025-11-26 12:01:02,715 : INFO : EventManager : Event: ======'machine_var_audits_switches_s_trough_3'====== Args={'value': 52, 'prev_value': None, 'change': True}
2025-11-26 12:01:02,715 : INFO : EventManager : Event: ======'machine_var_audits_switches_s_vuk'====== Args={'value': 107, 'prev_value': None, 'change': True}
2025-11-26 12:01:02,716 : INFO : EventManager : Event: ======'init_phase_5'====== Args={}
2025-11-26 12:01:02,716 : INFO : EventManager : Event: ======'init_done'====== Args={}
2025-11-26 12:01:02,717 : INFO : EventManager : Event: ======'machine_reset_phase_1'====== Args={}
2025-11-26 12:01:02,723 : INFO : EventManager : Event: ======'machine_reset_phase_2'====== Args={}
2025-11-26 12:01:02,725 : INFO : EventManager : Event: ======'machine_reset_phase_3'====== Args={}
2025-11-26 12:01:02,725 : INFO : EventManager : Event: ======'reset_complete'====== Args={}
2025-11-26 12:01:02,725 : INFO : EventManager : Event: ======'mode_attract_will_start'====== Args={}
2025-11-26 12:01:02,725 : INFO : Timer.attract_carousel_timer : Starting Timer.
2025-11-26 12:01:02,725 : INFO : EventManager : Event: ======'timer_attract_carousel_timer_started'====== Args={'ticks': 0, 'ticks_remaining': 1}
2025-11-26 12:01:02,725 : INFO : EventManager : Event: ======'timer_attract_carousel_timer_tick'====== Args={'ticks': 0, 'ticks_remaining': 1}
2025-11-26 12:01:02,726 : INFO : EventManager : Event: ======'mode_attract_starting'====== Args={}
2025-11-26 12:01:02,726 : INFO : Mode.attract : Started. Priority: 10
2025-11-26 12:01:02,726 : INFO : EventManager : Event: ======'modes_active_modes_changed'====== Args={}
2025-11-26 12:01:02,726 : INFO : EventManager : Event: ======'mode_attract_started'====== Args={}
2025-11-26 12:01:02,727 : INFO : EventManager : Event: ======'collecting_balls_complete'====== Args={}
2025-11-26 12:01:02,727 : INFO : EventManager : Event: ======'carousel_item_highlighted'====== Args={'carousel': 'attract', 'direction': None, 'item': 'title'}
2025-11-26 12:01:02,727 : INFO : Machine : Starting the main run loop with active modes: [<Mode.attract>]
2025-11-26 12:01:02,820 : INFO : EventManager : Event: ======'slide_attract_created'====== Args={'_from_bcp': True}
2025-11-26 12:01:02,820 : INFO : EventManager : Event: ======'slide__removed'====== Args={'_from_bcp': True}
2025-11-26 12:01:02,820 : INFO : EventManager : Event: ======'slide_attract_active'====== Args={'original_context': 'attract', 'original_calling_context': 'mode_attract_started', 'priority': 10.0, 'cmd': 'slides_play', '_from_bcp': True}
2025-11-26 12:01:10,227 : INFO : Timer.attract_carousel_timer : Timer Complete
2025-11-26 12:01:10,228 : INFO : Timer.attract_carousel_timer : Stopping Timer
2025-11-26 12:01:10,229 : INFO : EventManager : Event: ======'timer_attract_carousel_timer_stopped'====== Args={'ticks': 1, 'ticks_remaining': 1}
2025-11-26 12:01:10,229 : INFO : EventManager : Event: ======'timer_attract_carousel_timer_complete'====== Args={'ticks': 1, 'ticks_remaining': 1}
2025-11-26 12:01:10,230 : INFO : EventManager : Event: ======'carousel_item_highlighted'====== Args={'carousel': 'attract', 'direction': 'forwards', 'item': 'map'}
2025-11-26 12:01:10,230 : INFO : Timer.attract_carousel_timer : Starting Timer.
2025-11-26 12:01:10,230 : INFO : EventManager : Event: ======'timer_attract_carousel_timer_started'====== Args={'ticks': 0, 'ticks_remaining': 1}
2025-11-26 12:01:10,230 : INFO : EventManager : Event: ======'timer_attract_carousel_timer_tick'====== Args={'ticks': 0, 'ticks_remaining': 1}
2025-11-26 12:01:10,281 : INFO : BcpServer : New client connected.
2025-11-26 12:01:11,750 : INFO : SwitchController : <<<<<<< 's_start' active >>>>>>>
2025-11-26 12:01:11,815 : INFO : SwitchController : <<<<<<< 's_start' inactive >>>>>>>
2025-11-26 12:01:11,815 : INFO : EventManager : Event: ======'request_to_start_game'====== Args={}
2025-11-26 12:01:11,816 : INFO : EventManager : Event: ======'game_start'====== Args={'buttons': [], 'hold_time': 0.065258749993518}
2025-11-26 12:01:11,817 : INFO : EventManager : Event: ======'mode_game_will_start'====== Args={'buttons': [], 'hold_time': 0.065258749993518}
2025-11-26 12:01:11,818 : INFO : EventManager : Event: ======'mode_game_starting'====== Args={'buttons': [], 'hold_time': 0.065258749993518}
2025-11-26 12:01:11,818 : INFO : EventManager : Event: ======'mode_attract_will_stop'====== Args={}
2025-11-26 12:01:11,819 : INFO : EventManager : Event: ======'mode_attract_stopping'====== Args={}
2025-11-26 12:01:11,819 : INFO : Mode.attract : Stopped.
2025-11-26 12:01:11,819 : INFO : EventManager : Event: ======'modes_active_modes_changed'====== Args={}
2025-11-26 12:01:11,820 : INFO : EventManager : Event: ======'mode_attract_stopped'====== Args={}
2025-11-26 12:01:11,820 : INFO : EventManager : Event: ======'clear'====== Args={'key': 'attract'}
2025-11-26 12:01:11,821 : INFO : Timer.attract_carousel_timer : Stopping Timer
2025-11-26 12:01:11,821 : INFO : EventManager : Event: ======'timer_attract_carousel_timer_stopped'====== Args={'ticks': 0, 'ticks_remaining': 1}
2025-11-26 12:01:11,821 : INFO : Mode.game : Started. Priority: 20
2025-11-26 12:01:11,821 : INFO : EventManager : Event: ======'modes_active_modes_changed'====== Args={}
2025-11-26 12:01:11,822 : INFO : EventManager : Event: ======'mode_game_started'====== Args={'buttons': [], 'hold_time': 0.065258749993518}
2025-11-26 12:01:11,823 : INFO : EventManager : Event: ======'game_will_start'====== Args={}
2025-11-26 12:01:11,823 : INFO : EventManager : Event: ======'game_starting'====== Args={'game': <Mode.game>}
2025-11-26 12:01:11,824 : INFO : EventManager : Unordered handler for class <Auditor> on event game_ended with priority 1. Handlers: [RegisteredHandler(callback=<bound method Auditor.disable of <Auditor>>, priority=1, kwargs={}, key=UUID('c93ac3f4-8b3a-4c14-89f4-ff075173b4a4'), condition=None, blocking_facility=None), RegisteredHandler(callback=<bound method Auditor._save_audits of <Auditor>>, priority=1, kwargs={}, key=UUID('b496b33c-6a66-483b-814f-db5218956792'), condition=None, blocking_facility=None)]. The order of those handlers is not defined and they will be executed in random order. This might lead to race conditions and potential bugs.
2025-11-26 12:01:11,824 : INFO : EventManager : Event: ======'player_add_request'====== Args={}
2025-11-26 12:01:11,824 : INFO : EventManager : Event: ======'player_will_add'====== Args={'number': 1}
2025-11-26 12:01:11,825 : INFO : EventManager : Event: ======'player_adding'====== Args={'player': <Player 1>, 'number': 1}
2025-11-26 12:01:11,825 : INFO : EventManager : Event: ======'player_added'====== Args={'player': <Player 1>, 'num': 1}
2025-11-26 12:01:11,825 : INFO : Mode.game : Player added successfully. Total players: 1
2025-11-26 12:01:11,825 : INFO : EventManager : Event: ======'player_index'====== Args={'value': 0, 'prev_value': 0, 'change': 0, 'player_num': 1}
2025-11-26 12:01:11,825 : INFO : EventManager : Event: ======'player_number'====== Args={'value': 1, 'prev_value': 1, 'change': 0, 'player_num': 1}
2025-11-26 12:01:11,826 : INFO : EventManager : Event: ======'player_slingshots_active'====== Args={'value': 0, 'prev_value': 0, 'change': 0, 'player_num': 1}
2025-11-26 12:01:11,826 : INFO : EventManager : Event: ======'player_score'====== Args={'value': 0, 'prev_value': 0, 'change': 0, 'player_num': 1}
2025-11-26 12:01:11,828 : INFO : EventManager : Event: ======'game_started'====== Args={}
2025-11-26 12:01:11,831 : INFO : EventManager : Event: ======'player_turn_will_start'====== Args={'player': <Player 1>, 'number': 1}
2025-11-26 12:01:11,838 : INFO : EventManager : Event: ======'player_turn_starting'====== Args={'player': <Player 1>, 'number': 1}
2025-11-26 12:01:11,839 : INFO : EventManager : Event: ======'player_ball'====== Args={'value': 1, 'prev_value': 0, 'change': 1, 'player_num': 1}
2025-11-26 12:01:11,839 : INFO : EventManager : Event: ======'player_turn_started'====== Args={'player': <Player 1>, 'number': 1}
2025-11-26 12:01:11,840 : INFO : EventManager : Event: ======'ball_will_start'====== Args={'player': 1, 'ball': 1, 'balls_remaining': 2, 'is_extra_ball': False}
2025-11-26 12:01:11,840 : INFO : EventManager : Event: ======'ball_starting'====== Args={'player': 1, 'ball': 1, 'balls_remaining': 2, 'is_extra_ball': False}
2025-11-26 12:01:11,840 : INFO : EventManager : Event: ======'mode_base_will_start'====== Args={'queue': <QueuedEvent>, 'player': 1, 'ball': 1, 'balls_remaining': 2, 'is_extra_ball': False}
2025-11-26 12:01:11,841 : INFO : EventManager : Event: ======'mode_base_starting'====== Args={'queue': <QueuedEvent>, 'player': 1, 'ball': 1, 'balls_remaining': 2, 'is_extra_ball': False}
2025-11-26 12:01:11,841 : INFO : Mode.base : Started. Priority: 100
2025-11-26 12:01:11,841 : INFO : EventManager : Event: ======'modes_active_modes_changed'====== Args={}
2025-11-26 12:01:11,841 : INFO : EventManager : Event: ======'mode_base_started'====== Args={'queue': <QueuedEvent>, 'player': 1, 'ball': 1, 'balls_remaining': 2, 'is_extra_ball': False}
2025-11-26 12:01:11,841 : INFO : EventManager : Event: ======'start_mode_right_orbit'====== Args={'priority': 0}
2025-11-26 12:01:11,841 : INFO : EventManager : Event: ======'start_mode_slingshots'====== Args={'priority': 0}
2025-11-26 12:01:11,841 : INFO : EventManager : Event: ======'start_mode_lanes'====== Args={'priority': 0}
2025-11-26 12:01:11,841 : INFO : EventManager : Event: ======'start_mode_vuk'====== Args={'priority': 0}
2025-11-26 12:01:11,841 : INFO : EventManager : Event: ======'start_mode_ramp'====== Args={'priority': 0}
2025-11-26 12:01:11,841 : INFO : EventManager : Event: ======'start_mode_left_orbit'====== Args={'priority': 0}
2025-11-26 12:01:11,841 : INFO : EventManager : Event: ======'start_mode_lane_to_pop'====== Args={'priority': 0}
2025-11-26 12:01:11,842 : INFO : EventManager : Event: ======'start_mode_saucer'====== Args={'priority': 0}
2025-11-26 12:01:11,842 : INFO : EventManager : Event: ======'start_mode_targets'====== Args={'priority': 0}
2025-11-26 12:01:11,842 : INFO : EventManager : Event: ======'start_mode_pop_bumper'====== Args={'priority': 0}
2025-11-26 12:01:11,842 : INFO : EventManager : Event: ======'start_mode_dirtmouth'====== Args={'priority': 0}
2025-11-26 12:01:11,842 : INFO : EventManager : Event: ======'mode_right_orbit_will_start'====== Args={'priority': 0}
2025-11-26 12:01:11,842 : INFO : EventManager : Event: ======'player_shot_right_orbit_enabled'====== Args={'value': True, 'prev_value': 0, 'change': 1, 'player_num': 1}
2025-11-26 12:01:11,843 : INFO : EventManager : Event: ======'mode_right_orbit_starting'====== Args={'priority': 0}
2025-11-26 12:01:11,843 : INFO : EventManager : Event: ======'mode_slingshots_will_start'====== Args={'priority': 0}
2025-11-26 12:01:11,843 : INFO : EventManager : Event: ======'player_shot_top_left_slingshot_enabled'====== Args={'value': True, 'prev_value': 0, 'change': 1, 'player_num': 1}
2025-11-26 12:01:11,843 : INFO : EventManager : Event: ======'player_shot_bottom_left_slingshot_enabled'====== Args={'value': True, 'prev_value': 0, 'change': 1, 'player_num': 1}
2025-11-26 12:01:11,844 : INFO : EventManager : Event: ======'player_shot_top_right_slingshot_enabled'====== Args={'value': True, 'prev_value': 0, 'change': 1, 'player_num': 1}
2025-11-26 12:01:11,844 : INFO : EventManager : Event: ======'player_shot_bottom_right_slingshot_enabled'====== Args={'value': True, 'prev_value': 0, 'change': 1, 'player_num': 1}
2025-11-26 12:01:11,844 : INFO : EventManager : Event: ======'slingshots_complete'====== Args={'state': 'unlit'}
2025-11-26 12:01:11,845 : INFO : EventManager : Event: ======'slingshots_unlit_complete'====== Args={}
2025-11-26 12:01:11,845 : INFO : EventManager : Event: ======'mode_slingshots_starting'====== Args={'priority': 0}
2025-11-26 12:01:11,845 : INFO : EventManager : Event: ======'mode_lanes_will_start'====== Args={'priority': 0}
2025-11-26 12:01:11,846 : INFO : EventManager : Event: ======'player_shot_left_outlane_enabled'====== Args={'value': True, 'prev_value': 0, 'change': 1, 'player_num': 1}
2025-11-26 12:01:11,846 : INFO : EventManager : Event: ======'player_shot_left_inlane_enabled'====== Args={'value': True, 'prev_value': 0, 'change': 1, 'player_num': 1}
2025-11-26 12:01:11,846 : INFO : EventManager : Event: ======'player_shot_right_inlane_enabled'====== Args={'value': True, 'prev_value': 0, 'change': 1, 'player_num': 1}
2025-11-26 12:01:11,846 : INFO : EventManager : Event: ======'player_shot_right_outlane_enabled'====== Args={'value': True, 'prev_value': 0, 'change': 1, 'player_num': 1}
2025-11-26 12:01:11,846 : INFO : EventManager : Event: ======'lanes_complete'====== Args={'state': 'unlit'}
2025-11-26 12:01:11,846 : INFO : EventManager : Event: ======'lanes_unlit_complete'====== Args={}
2025-11-26 12:01:11,847 : INFO : EventManager : Event: ======'mode_lanes_starting'====== Args={'priority': 0}
2025-11-26 12:01:11,847 : INFO : EventManager : Event: ======'mode_vuk_will_start'====== Args={'priority': 0}
2025-11-26 12:01:11,847 : INFO : EventManager : Event: ======'player_shot_vuk_enabled'====== Args={'value': True, 'prev_value': 0, 'change': 1, 'player_num': 1}
2025-11-26 12:01:11,847 : INFO : EventManager : Event: ======'mode_vuk_starting'====== Args={'priority': 0}
2025-11-26 12:01:11,847 : INFO : EventManager : Event: ======'mode_ramp_will_start'====== Args={'priority': 0}
2025-11-26 12:01:11,848 : INFO : EventManager : Event: ======'player_shot_ramp_enabled'====== Args={'value': True, 'prev_value': 0, 'change': 1, 'player_num': 1}
2025-11-26 12:01:11,848 : INFO : EventManager : Event: ======'mode_ramp_starting'====== Args={'priority': 0}
2025-11-26 12:01:11,848 : INFO : EventManager : Event: ======'mode_left_orbit_will_start'====== Args={'priority': 0}
2025-11-26 12:01:11,848 : INFO : EventManager : Event: ======'player_shot_left_orbit_enabled'====== Args={'value': True, 'prev_value': 0, 'change': 1, 'player_num': 1}
2025-11-26 12:01:11,848 : INFO : EventManager : Event: ======'mode_left_orbit_starting'====== Args={'priority': 0}
2025-11-26 12:01:11,848 : INFO : EventManager : Event: ======'mode_lane_to_pop_will_start'====== Args={'priority': 0}
2025-11-26 12:01:11,848 : INFO : EventManager : Event: ======'player_shot_lane_to_pop_enabled'====== Args={'value': True, 'prev_value': 0, 'change': 1, 'player_num': 1}
2025-11-26 12:01:11,849 : INFO : EventManager : Event: ======'mode_lane_to_pop_starting'====== Args={'priority': 0}
2025-11-26 12:01:11,849 : INFO : EventManager : Event: ======'mode_saucer_will_start'====== Args={'priority': 0}
2025-11-26 12:01:11,849 : INFO : EventManager : Event: ======'player_shot_saucer_enabled'====== Args={'value': True, 'prev_value': 0, 'change': 1, 'player_num': 1}
2025-11-26 12:01:11,849 : INFO : EventManager : Event: ======'mode_saucer_starting'====== Args={'priority': 0}
2025-11-26 12:01:11,849 : INFO : EventManager : Event: ======'mode_targets_will_start'====== Args={'priority': 0}
2025-11-26 12:01:11,849 : INFO : EventManager : Event: ======'player_shot_front_left_target_enabled'====== Args={'value': True, 'prev_value': 0, 'change': 1, 'player_num': 1}
2025-11-26 12:01:11,850 : INFO : EventManager : Event: ======'player_shot_front_middle_target_enabled'====== Args={'value': True, 'prev_value': 0, 'change': 1, 'player_num': 1}
2025-11-26 12:01:11,850 : INFO : EventManager : Event: ======'player_shot_front_right_target_enabled'====== Args={'value': True, 'prev_value': 0, 'change': 1, 'player_num': 1}
2025-11-26 12:01:11,850 : INFO : EventManager : Event: ======'player_shot_back_left_target_enabled'====== Args={'value': True, 'prev_value': 0, 'change': 1, 'player_num': 1}
2025-11-26 12:01:11,850 : INFO : EventManager : Event: ======'player_shot_bakc_middle_left_target_enabled'====== Args={'value': True, 'prev_value': 0, 'change': 1, 'player_num': 1}
2025-11-26 12:01:11,850 : INFO : EventManager : Event: ======'player_shot_back_middle_right_target_enabled'====== Args={'value': True, 'prev_value': 0, 'change': 1, 'player_num': 1}
2025-11-26 12:01:11,850 : INFO : EventManager : Event: ======'player_shot_back_right_target_enabled'====== Args={'value': True, 'prev_value': 0, 'change': 1, 'player_num': 1}
2025-11-26 12:01:11,851 : INFO : EventManager : Event: ======'targets_complete'====== Args={'state': 'unlit'}
2025-11-26 12:01:11,851 : INFO : EventManager : Event: ======'targets_unlit_complete'====== Args={}
2025-11-26 12:01:11,851 : INFO : EventManager : Event: ======'mode_targets_starting'====== Args={'priority': 0}
2025-11-26 12:01:11,851 : INFO : EventManager : Event: ======'mode_pop_bumper_will_start'====== Args={'priority': 0}
2025-11-26 12:01:11,851 : INFO : EventManager : Event: ======'player_shot_pop_bumper_enabled'====== Args={'value': True, 'prev_value': 0, 'change': 1, 'player_num': 1}
2025-11-26 12:01:11,852 : INFO : EventManager : Event: ======'mode_pop_bumper_starting'====== Args={'priority': 0}
2025-11-26 12:01:11,852 : INFO : EventManager : Event: ======'mode_dirtmouth_will_start'====== Args={'priority': 0}
2025-11-26 12:01:11,852 : INFO : EventManager : Event: ======'player_shot_vuk_dirtmouth_enabled'====== Args={'value': True, 'prev_value': 0, 'change': 1, 'player_num': 1}
2025-11-26 12:01:11,852 : INFO : EventManager : Event: ======'player_shot_saucer_dirtmouth_enabled'====== Args={'value': True, 'prev_value': 0, 'change': 1, 'player_num': 1}
2025-11-26 12:01:11,852 : INFO : EventManager : Event: ======'locks_complete'====== Args={'state': 'unlit'}
2025-11-26 12:01:11,852 : INFO : EventManager : Event: ======'locks_unlit_complete'====== Args={}
2025-11-26 12:01:11,853 : INFO : EventManager : Event: ======'mode_dirtmouth_starting'====== Args={'priority': 0}
2025-11-26 12:01:11,853 : INFO : Mode.dirtmouth : Started. Priority: 250
2025-11-26 12:01:11,853 : INFO : EventManager : Event: ======'modes_active_modes_changed'====== Args={}
2025-11-26 12:01:11,853 : INFO : EventManager : Event: ======'mode_dirtmouth_started'====== Args={'priority': 0}
2025-11-26 12:01:11,853 : INFO : Mode.pop_bumper : Started. Priority: 150
2025-11-26 12:01:11,853 : INFO : EventManager : Event: ======'modes_active_modes_changed'====== Args={}
2025-11-26 12:01:11,853 : INFO : EventManager : Event: ======'mode_pop_bumper_started'====== Args={'priority': 0}
2025-11-26 12:01:11,853 : INFO : Mode.targets : Started. Priority: 175
2025-11-26 12:01:11,853 : INFO : EventManager : Event: ======'modes_active_modes_changed'====== Args={}
2025-11-26 12:01:11,853 : INFO : EventManager : Event: ======'mode_targets_started'====== Args={'priority': 0}
2025-11-26 12:01:11,853 : INFO : Mode.saucer : Started. Priority: 200
2025-11-26 12:01:11,853 : INFO : EventManager : Event: ======'modes_active_modes_changed'====== Args={}
2025-11-26 12:01:11,853 : INFO : EventManager : Event: ======'mode_saucer_started'====== Args={'priority': 0}
2025-11-26 12:01:11,853 : INFO : Mode.lane_to_pop : Started. Priority: 200
2025-11-26 12:01:11,853 : INFO : EventManager : Event: ======'modes_active_modes_changed'====== Args={}
2025-11-26 12:01:11,854 : INFO : EventManager : Event: ======'mode_lane_to_pop_started'====== Args={'priority': 0}
2025-11-26 12:01:11,854 : INFO : Mode.left_orbit : Started. Priority: 200
2025-11-26 12:01:11,854 : INFO : EventManager : Event: ======'modes_active_modes_changed'====== Args={}
2025-11-26 12:01:11,854 : INFO : EventManager : Event: ======'mode_left_orbit_started'====== Args={'priority': 0}
2025-11-26 12:01:11,854 : INFO : Mode.ramp : Started. Priority: 200
2025-11-26 12:01:11,854 : INFO : EventManager : Event: ======'modes_active_modes_changed'====== Args={}
2025-11-26 12:01:11,854 : INFO : EventManager : Event: ======'mode_ramp_started'====== Args={'priority': 0}
2025-11-26 12:01:11,854 : INFO : Mode.vuk : Started. Priority: 200
2025-11-26 12:01:11,854 : INFO : EventManager : Event: ======'modes_active_modes_changed'====== Args={}
2025-11-26 12:01:11,854 : INFO : EventManager : Event: ======'mode_vuk_started'====== Args={'priority': 0}
2025-11-26 12:01:11,854 : INFO : Mode.lanes : Started. Priority: 150
2025-11-26 12:01:11,854 : INFO : EventManager : Event: ======'modes_active_modes_changed'====== Args={}
2025-11-26 12:01:11,854 : INFO : EventManager : Event: ======'mode_lanes_started'====== Args={'priority': 0}
2025-11-26 12:01:11,855 : INFO : Mode.slingshots : Started. Priority: 150
2025-11-26 12:01:11,855 : INFO : EventManager : Event: ======'modes_active_modes_changed'====== Args={}
2025-11-26 12:01:11,855 : INFO : EventManager : Event: ======'mode_slingshots_started'====== Args={'priority': 0}
2025-11-26 12:01:11,855 : INFO : EventManager : Event: ======'player_slingshots_active'====== Args={'value': 1, 'prev_value': 0, 'change': 1, 'player_num': 1, 'source': 'slingshots'}
2025-11-26 12:01:11,855 : INFO : Mode.right_orbit : Started. Priority: 200
2025-11-26 12:01:11,855 : INFO : EventManager : Event: ======'modes_active_modes_changed'====== Args={}
2025-11-26 12:01:11,855 : INFO : EventManager : Event: ======'mode_right_orbit_started'====== Args={'priority': 0}
2025-11-26 12:01:11,856 : INFO : EventManager : Event: ======'balls_in_play'====== Args={'balls': 1}
2025-11-26 12:01:11,856 : INFO : EventManager : Event: ======'ball_started'====== Args={'player': 1, 'ball': 1, 'balls_remaining': 2, 'is_extra_ball': False}
2025-11-26 12:01:11,858 : INFO : EventManager : Event: ======'single_player_ball_started'====== Args={}
2025-11-26 12:01:11,858 : INFO : EventManager : Event: ======'ball_start_target'====== Args={'target': 'playfield'}
2025-11-26 12:01:11,858 : INFO : ball_device.bd_trough : Setting up player-controlled eject. Balls: 1, Target: <playfield.playfield>, player_controlled_eject_event: None
2025-11-26 12:01:11,858 : INFO : ball_device.bd_trough : Adding 1 ball(s) to the eject_queue with target <playfield.playfield>.
2025-11-26 12:01:11,858 : INFO : EventManager : Event: ======'balldevice_balls_available'====== Args={}
2025-11-26 12:01:11,859 : INFO : ball_device.bd_trough : State: waiting_for_target_ready
2025-11-26 12:01:11,859 : INFO : EventManager : Event: ======'balldevice_bd_trough_ball_eject_attempt'====== Args={'balls': 1, 'target': <ball_device.bd_plunger>, 'source': <ball_device.bd_trough>, 'mechanical_eject': False, 'num_attempts': 0}
2025-11-26 12:01:11,859 : INFO : ball_device.bd_plunger : State: waiting_for_ball
2025-11-26 12:01:11,859 : INFO : ball_device.bd_trough : State: ejecting
2025-11-26 12:01:11,859 : INFO : ball_device.bd_trough : Ejecting ball to <ball_device.bd_plunger>
2025-11-26 12:01:11,859 : INFO : EventManager : Event: ======'balldevice_bd_trough_ejecting_ball'====== Args={'balls': 1, 'target': <ball_device.bd_plunger>, 'source': <ball_device.bd_trough>, 'mechanical_eject': False, 'num_attempts': 0}
2025-11-26 12:01:11,859 : INFO : ball_device.bd_trough : Wait for ball to leave device
2025-11-26 12:01:11,859 : INFO : coil.c_trough_eject : Pulsing Driver for 10ms (1.0 pulse_power)
2025-11-26 12:01:11,859 : INFO : SwitchController : <<<<<<< 's_trough_1' inactive >>>>>>>
2025-11-26 12:01:11,860 : INFO : ball_device.bd_trough : State: ball_left
2025-11-26 12:01:11,860 : INFO : ball_device.bd_trough : Ball left
2025-11-26 12:01:11,860 : INFO : ball_device.bd_trough : Wait for confirm with timeout 10.0
2025-11-26 12:01:11,865 : INFO : EventManager : Event: ======'slide_base_created'====== Args={'_from_bcp': True}
2025-11-26 12:01:11,865 : INFO : EventManager : Event: ======'slide_attract_inactive'====== Args={'is_removing': True, '_from_bcp': True}
2025-11-26 12:01:11,865 : INFO : EventManager : Event: ======'slide_base_active'====== Args={'original_context': 'base', 'original_calling_context': 'mode_base_started', 'priority': 100.0, 'queue': '<QueuedEvent>', 'player': 1.0, 'ball': 1.0, 'balls_remaining': 2.0, 'is_extra_ball': False, 'cmd': 'slides_play', '_from_bcp': True}
2025-11-26 12:01:11,865 : INFO : EventManager : Event: ======'slide_attract_removed'====== Args={'_from_bcp': True}
2025-11-26 12:01:11,903 : INFO : EventManager : Event: ======'slide_dirtmouth_created'====== Args={'_from_bcp': True}
2025-11-26 12:01:11,903 : INFO : EventManager : Event: ======'slide_base_inactive'====== Args={'is_removing': False, '_from_bcp': True}
2025-11-26 12:01:11,903 : INFO : EventManager : Event: ======'slide_dirtmouth_active'====== Args={'original_context': 'dirtmouth', 'original_calling_context': 'mode_dirtmouth_started', 'priority': 250.0, 'cmd': 'slides_play', '_from_bcp': True}
2025-11-26 12:01:11,961 : INFO : SwitchController : <<<<<<< 's_plunger_lane' active >>>>>>>
2025-11-26 12:01:11,961 : INFO : EventManager : Event: ======'machine_var_audits_switches_s_plunger_lane'====== Args={'value': 225, 'prev_value': 224, 'change': 1}
2025-11-26 12:01:12,462 : INFO : ball_device.bd_plunger : Received ball from <ball_device.bd_trough>
2025-11-26 12:01:12,463 : INFO : EventManager : Event: ======'balldevice_bd_plunger_ball_enter'====== Args={'new_balls': 1, 'unclaimed_balls': 0, 'new_available_balls': 0, 'device': <ball_device.bd_plunger>}
2025-11-26 12:01:12,464 : INFO : EventManager : Event: ======'balldevice_bd_plunger_ball_entered'====== Args={'new_balls': 0, 'device': <ball_device.bd_plunger>}
2025-11-26 12:01:12,465 : INFO : EventManager : Event: ======'balldevice_bd_plunger_ball_count_changed'====== Args={'balls': 1}
2025-11-26 12:01:12,465 : INFO : ball_device.bd_trough : Got eject confirm
2025-11-26 12:01:12,465 : INFO : ball_device.bd_trough : Eject successful
2025-11-26 12:01:12,465 : INFO : EventManager : Event: ======'balldevice_bd_trough_ball_eject_success'====== Args={'balls': 1, 'target': <ball_device.bd_plunger>}
2025-11-26 12:01:12,466 : INFO : EventManager : Event: ======'balldevice_bd_trough_ball_count_changed'====== Args={'balls': 2}
2025-11-26 12:01:12,466 : INFO : ball_device.bd_trough : State: idle
2025-11-26 12:01:12,466 : INFO : ball_device.bd_plunger : State: waiting_for_target_ready
2025-11-26 12:01:12,467 : INFO : EventManager : Event: ======'balldevice_bd_plunger_ball_eject_attempt'====== Args={'balls': 1, 'target': <playfield.playfield>, 'source': <ball_device.bd_plunger>, 'mechanical_eject': False, 'num_attempts': 0}
2025-11-26 12:01:12,467 : INFO : ball_device.bd_plunger : State: ejecting
2025-11-26 12:01:12,467 : INFO : ball_device.bd_plunger : Ejecting ball to <playfield.playfield>
2025-11-26 12:01:12,467 : INFO : EventManager : Event: ======'balldevice_bd_plunger_ejecting_ball'====== Args={'balls': 1, 'target': <playfield.playfield>, 'source': <ball_device.bd_plunger>, 'mechanical_eject': False, 'num_attempts': 0}
2025-11-26 12:01:12,468 : INFO : ball_device.bd_plunger : Wait for ball to leave device
2025-11-26 12:01:14,464 : INFO : SwitchController : <<<<<<< 's_plunger_lane' inactive >>>>>>>
2025-11-26 12:01:14,465 : INFO : ball_device.bd_plunger : State: ball_left
2025-11-26 12:01:14,466 : INFO : ball_device.bd_plunger : Ball left
2025-11-26 12:01:14,466 : INFO : ball_device.bd_plunger : Wait for confirm with timeout 10.0
2025-11-26 12:01:16,533 : INFO : SwitchController : <<<<<<< 's_saucer' active >>>>>>>
2025-11-26 12:01:16,533 : INFO : EventManager : Event: ======'playfield_active'====== Args={'source': 'saucer_dirtmouth'}
2025-11-26 12:01:16,533 : INFO : EventManager : Event: ======'playfield_active'====== Args={'source': 'saucer'}
2025-11-26 12:01:16,534 : INFO : EventManager : Event: ======'s_saucer_active'====== Args={}
2025-11-26 12:01:16,534 : INFO : EventManager : Event: ======'machine_var_audits_switches_s_saucer'====== Args={'value': 26, 'prev_value': 25, 'change': 1}
2025-11-26 12:01:16,536 : INFO : EventManager : Event: ======'player_shot_saucer_dirtmouth'====== Args={'value': 1, 'prev_value': 0, 'change': 1, 'player_num': 1}
2025-11-26 12:01:16,548 : INFO : EventManager : Event: ======'machine_var_audits_shots_saucer_dirtmouth'====== Args={'value': 4, 'prev_value': 3, 'change': 1}
2025-11-26 12:01:16,548 : INFO : EventManager : Event: ======'saucer_dirtmouth_hit'====== Args={'profile': 'default', 'state': 'unlit', 'advancing': True}
2025-11-26 12:01:16,549 : INFO : EventManager : Event: ======'saucer_dirtmouth_default_hit'====== Args={'profile': 'default', 'state': 'unlit', 'advancing': True}
2025-11-26 12:01:16,549 : INFO : EventManager : Event: ======'saucer_dirtmouth_default_unlit_hit'====== Args={'profile': 'default', 'state': 'unlit', 'advancing': True}
2025-11-26 12:01:16,549 : INFO : EventManager : Event: ======'saucer_dirtmouth_unlit_hit'====== Args={'profile': 'default', 'state': 'unlit', 'advancing': True}
2025-11-26 12:01:16,549 : INFO : EventManager : Event: ======'player_shot_saucer'====== Args={'value': 1, 'prev_value': 0, 'change': 1, 'player_num': 1}
2025-11-26 12:01:16,549 : INFO : EventManager : Event: ======'machine_var_audits_shots_saucer'====== Args={'value': 19, 'prev_value': 18, 'change': 1}
2025-11-26 12:01:16,550 : INFO : EventManager : Event: ======'saucer_hit'====== Args={'profile': 'default', 'state': 'unlit', 'advancing': True}
2025-11-26 12:01:16,550 : INFO : EventManager : Event: ======'saucer_default_hit'====== Args={'profile': 'default', 'state': 'unlit', 'advancing': True}
2025-11-26 12:01:16,550 : INFO : EventManager : Event: ======'saucer_default_unlit_hit'====== Args={'profile': 'default', 'state': 'unlit', 'advancing': True}
2025-11-26 12:01:16,550 : INFO : EventManager : Event: ======'saucer_unlit_hit'====== Args={'profile': 'default', 'state': 'unlit', 'advancing': True}
2025-11-26 12:01:16,550 : INFO : EventManager : Event: ======'locks_hit'====== Args={'shot': 'saucer_dirtmouth'}
2025-11-26 12:01:16,550 : INFO : EventManager : Event: ======'locks_unlit_hit'====== Args={'shot': 'saucer_dirtmouth'}
2025-11-26 12:01:16,550 : INFO : EventManager : Event: ======'start_mode_false_knight_controller'====== Args={'priority': 0}
2025-11-26 12:01:16,550 : INFO : EventManager : Event: ======'player_score'====== Args={'value': 5000, 'prev_value': 0, 'change': 5000, 'player_num': 1, 'source': 'saucer'}
2025-11-26 12:01:16,554 : INFO : ball_device.bd_plunger : Got eject confirm
2025-11-26 12:01:16,554 : INFO : ball_device.bd_plunger : Eject successful
2025-11-26 12:01:16,554 : INFO : EventManager : Event: ======'balldevice_bd_plunger_ball_eject_success'====== Args={'balls': 1, 'target': <playfield.playfield>}
2025-11-26 12:01:16,554 : INFO : EventManager : Event: ======'balldevice_playfield_ball_enter'====== Args={'new_balls': 1, 'unclaimed_balls': 1, 'device': <playfield.playfield>}
2025-11-26 12:01:16,554 : INFO : EventManager : Event: ======'playfield_ball_count_change'====== Args={'balls': 1, 'change': 1}
2025-11-26 12:01:16,554 : INFO : EventManager : Event: ======'balldevice_bd_plunger_ball_count_changed'====== Args={'balls': 0}
2025-11-26 12:01:16,555 : INFO : ball_device.bd_plunger : State: idle
2025-11-26 12:01:16,630 : INFO : SwitchController : <<<<<<< 's_saucer' inactive >>>>>>>
2025-11-26 12:01:17,332 : INFO : SwitchController : <<<<<<< 's_saucer' active >>>>>>>
2025-11-26 12:01:17,332 : INFO : EventManager : Event: ======'s_saucer_active'====== Args={}
2025-11-26 12:01:17,333 : INFO : EventManager : Event: ======'machine_var_audits_switches_s_saucer'====== Args={'value': 27, 'prev_value': 26, 'change': 1}
2025-11-26 12:01:17,334 : INFO : EventManager : Event: ======'machine_var_audits_shots_saucer_dirtmouth'====== Args={'value': 5, 'prev_value': 4, 'change': 1}
2025-11-26 12:01:17,334 : INFO : EventManager : Event: ======'saucer_dirtmouth_hit'====== Args={'profile': 'default', 'state': 'lit', 'advancing': False}
2025-11-26 12:01:17,334 : INFO : EventManager : Event: ======'saucer_dirtmouth_default_hit'====== Args={'profile': 'default', 'state': 'lit', 'advancing': False}
2025-11-26 12:01:17,335 : INFO : EventManager : Event: ======'saucer_dirtmouth_default_lit_hit'====== Args={'profile': 'default', 'state': 'lit', 'advancing': False}
2025-11-26 12:01:17,335 : INFO : EventManager : Event: ======'saucer_dirtmouth_lit_hit'====== Args={'profile': 'default', 'state': 'lit', 'advancing': False}
2025-11-26 12:01:17,335 : INFO : EventManager : Event: ======'machine_var_audits_shots_saucer'====== Args={'value': 20, 'prev_value': 19, 'change': 1}
2025-11-26 12:01:17,336 : INFO : EventManager : Event: ======'saucer_hit'====== Args={'profile': 'default', 'state': 'lit', 'advancing': False}
2025-11-26 12:01:17,336 : INFO : EventManager : Event: ======'saucer_default_hit'====== Args={'profile': 'default', 'state': 'lit', 'advancing': False}
2025-11-26 12:01:17,336 : INFO : EventManager : Event: ======'saucer_default_lit_hit'====== Args={'profile': 'default', 'state': 'lit', 'advancing': False}
2025-11-26 12:01:17,336 : INFO : EventManager : Event: ======'saucer_lit_hit'====== Args={'profile': 'default', 'state': 'lit', 'advancing': False}
2025-11-26 12:01:17,337 : INFO : EventManager : Event: ======'locks_hit'====== Args={'shot': 'saucer_dirtmouth'}
2025-11-26 12:01:17,337 : INFO : EventManager : Event: ======'locks_lit_hit'====== Args={'shot': 'saucer_dirtmouth'}
2025-11-26 12:01:17,337 : INFO : EventManager : Event: ======'start_mode_false_knight_controller'====== Args={'priority': 0}
2025-11-26 12:01:17,337 : INFO : EventManager : Event: ======'player_score'====== Args={'value': 10000, 'prev_value': 5000, 'change': 5000, 'player_num': 1, 'source': 'saucer'}
2025-11-26 12:01:17,432 : INFO : SwitchController : <<<<<<< 's_saucer' inactive >>>>>>>
2025-11-26 12:01:17,799 : INFO : SwitchController : <<<<<<< 's_saucer' active >>>>>>>
2025-11-26 12:01:17,799 : INFO : EventManager : Event: ======'s_saucer_active'====== Args={}
2025-11-26 12:01:17,799 : INFO : EventManager : Event: ======'machine_var_audits_switches_s_saucer'====== Args={'value': 28, 'prev_value': 27, 'change': 1}
2025-11-26 12:01:17,800 : INFO : EventManager : Event: ======'machine_var_audits_shots_saucer_dirtmouth'====== Args={'value': 6, 'prev_value': 5, 'change': 1}
2025-11-26 12:01:17,801 : INFO : EventManager : Event: ======'saucer_dirtmouth_hit'====== Args={'profile': 'default', 'state': 'lit', 'advancing': False}
2025-11-26 12:01:17,801 : INFO : EventManager : Event: ======'saucer_dirtmouth_default_hit'====== Args={'profile': 'default', 'state': 'lit', 'advancing': False}
2025-11-26 12:01:17,801 : INFO : EventManager : Event: ======'saucer_dirtmouth_default_lit_hit'====== Args={'profile': 'default', 'state': 'lit', 'advancing': False}
2025-11-26 12:01:17,802 : INFO : EventManager : Event: ======'saucer_dirtmouth_lit_hit'====== Args={'profile': 'default', 'state': 'lit', 'advancing': False}
2025-11-26 12:01:17,802 : INFO : EventManager : Event: ======'machine_var_audits_shots_saucer'====== Args={'value': 21, 'prev_value': 20, 'change': 1}
2025-11-26 12:01:17,802 : INFO : EventManager : Event: ======'saucer_hit'====== Args={'profile': 'default', 'state': 'lit', 'advancing': False}
2025-11-26 12:01:17,803 : INFO : EventManager : Event: ======'saucer_default_hit'====== Args={'profile': 'default', 'state': 'lit', 'advancing': False}
2025-11-26 12:01:17,803 : INFO : EventManager : Event: ======'saucer_default_lit_hit'====== Args={'profile': 'default', 'state': 'lit', 'advancing': False}
2025-11-26 12:01:17,803 : INFO : EventManager : Event: ======'saucer_lit_hit'====== Args={'profile': 'default', 'state': 'lit', 'advancing': False}
2025-11-26 12:01:17,803 : INFO : EventManager : Event: ======'locks_hit'====== Args={'shot': 'saucer_dirtmouth'}
2025-11-26 12:01:17,803 : INFO : EventManager : Event: ======'locks_lit_hit'====== Args={'shot': 'saucer_dirtmouth'}
2025-11-26 12:01:17,803 : INFO : EventManager : Event: ======'start_mode_false_knight_controller'====== Args={'priority': 0}
2025-11-26 12:01:17,804 : INFO : EventManager : Event: ======'player_score'====== Args={'value': 15000, 'prev_value': 10000, 'change': 5000, 'player_num': 1, 'source': 'saucer'}
2025-11-26 12:01:17,881 : INFO : SwitchController : <<<<<<< 's_saucer' inactive >>>>>>>
2025-11-26 12:01:18,083 : INFO : SwitchController : <<<<<<< 's_saucer' active >>>>>>>
2025-11-26 12:01:18,083 : INFO : EventManager : Event: ======'s_saucer_active'====== Args={}
2025-11-26 12:01:18,083 : INFO : EventManager : Event: ======'machine_var_audits_switches_s_saucer'====== Args={'value': 29, 'prev_value': 28, 'change': 1}
2025-11-26 12:01:18,084 : INFO : EventManager : Event: ======'machine_var_audits_shots_saucer_dirtmouth'====== Args={'value': 7, 'prev_value': 6, 'change': 1}
2025-11-26 12:01:18,084 : INFO : EventManager : Event: ======'saucer_dirtmouth_hit'====== Args={'profile': 'default', 'state': 'lit', 'advancing': False}
2025-11-26 12:01:18,084 : INFO : EventManager : Event: ======'saucer_dirtmouth_default_hit'====== Args={'profile': 'default', 'state': 'lit', 'advancing': False}
2025-11-26 12:01:18,085 : INFO : EventManager : Event: ======'saucer_dirtmouth_default_lit_hit'====== Args={'profile': 'default', 'state': 'lit', 'advancing': False}
2025-11-26 12:01:18,085 : INFO : EventManager : Event: ======'saucer_dirtmouth_lit_hit'====== Args={'profile': 'default', 'state': 'lit', 'advancing': False}
2025-11-26 12:01:18,085 : INFO : EventManager : Event: ======'machine_var_audits_shots_saucer'====== Args={'value': 22, 'prev_value': 21, 'change': 1}
2025-11-26 12:01:18,085 : INFO : EventManager : Event: ======'saucer_hit'====== Args={'profile': 'default', 'state': 'lit', 'advancing': False}
2025-11-26 12:01:18,085 : INFO : EventManager : Event: ======'saucer_default_hit'====== Args={'profile': 'default', 'state': 'lit', 'advancing': False}
2025-11-26 12:01:18,085 : INFO : EventManager : Event: ======'saucer_default_lit_hit'====== Args={'profile': 'default', 'state': 'lit', 'advancing': False}
2025-11-26 12:01:18,086 : INFO : EventManager : Event: ======'saucer_lit_hit'====== Args={'profile': 'default', 'state': 'lit', 'advancing': False}
2025-11-26 12:01:18,086 : INFO : EventManager : Event: ======'locks_hit'====== Args={'shot': 'saucer_dirtmouth'}
2025-11-26 12:01:18,086 : INFO : EventManager : Event: ======'locks_lit_hit'====== Args={'shot': 'saucer_dirtmouth'}
2025-11-26 12:01:18,086 : INFO : EventManager : Event: ======'start_mode_false_knight_controller'====== Args={'priority': 0}
2025-11-26 12:01:18,086 : INFO : EventManager : Event: ======'player_score'====== Args={'value': 20000, 'prev_value': 15000, 'change': 5000, 'player_num': 1, 'source': 'saucer'}
2025-11-26 12:01:18,165 : INFO : SwitchController : <<<<<<< 's_saucer' inactive >>>>>>>
2025-11-26 12:01:18,316 : INFO : SwitchController : <<<<<<< 's_saucer' active >>>>>>>
2025-11-26 12:01:18,316 : INFO : EventManager : Event: ======'s_saucer_active'====== Args={}
2025-11-26 12:01:18,317 : INFO : EventManager : Event: ======'machine_var_audits_switches_s_saucer'====== Args={'value': 30, 'prev_value': 29, 'change': 1}
2025-11-26 12:01:18,317 : INFO : EventManager : Event: ======'machine_var_audits_shots_saucer_dirtmouth'====== Args={'value': 8, 'prev_value': 7, 'change': 1}
2025-11-26 12:01:18,318 : INFO : EventManager : Event: ======'saucer_dirtmouth_hit'====== Args={'profile': 'default', 'state': 'lit', 'advancing': False}
2025-11-26 12:01:18,318 : INFO : EventManager : Event: ======'saucer_dirtmouth_default_hit'====== Args={'profile': 'default', 'state': 'lit', 'advancing': False}
2025-11-26 12:01:18,318 : INFO : EventManager : Event: ======'saucer_dirtmouth_default_lit_hit'====== Args={'profile': 'default', 'state': 'lit', 'advancing': False}
2025-11-26 12:01:18,318 : INFO : EventManager : Event: ======'saucer_dirtmouth_lit_hit'====== Args={'profile': 'default', 'state': 'lit', 'advancing': False}
2025-11-26 12:01:18,319 : INFO : EventManager : Event: ======'machine_var_audits_shots_saucer'====== Args={'value': 23, 'prev_value': 22, 'change': 1}
2025-11-26 12:01:18,319 : INFO : EventManager : Event: ======'saucer_hit'====== Args={'profile': 'default', 'state': 'lit', 'advancing': False}
2025-11-26 12:01:18,319 : INFO : EventManager : Event: ======'saucer_default_hit'====== Args={'profile': 'default', 'state': 'lit', 'advancing': False}
2025-11-26 12:01:18,319 : INFO : EventManager : Event: ======'saucer_default_lit_hit'====== Args={'profile': 'default', 'state': 'lit', 'advancing': False}
2025-11-26 12:01:18,319 : INFO : EventManager : Event: ======'saucer_lit_hit'====== Args={'profile': 'default', 'state': 'lit', 'advancing': False}
2025-11-26 12:01:18,320 : INFO : EventManager : Event: ======'locks_hit'====== Args={'shot': 'saucer_dirtmouth'}
2025-11-26 12:01:18,320 : INFO : EventManager : Event: ======'locks_lit_hit'====== Args={'shot': 'saucer_dirtmouth'}
2025-11-26 12:01:18,320 : INFO : EventManager : Event: ======'start_mode_false_knight_controller'====== Args={'priority': 0}
2025-11-26 12:01:18,320 : INFO : EventManager : Event: ======'player_score'====== Args={'value': 25000, 'prev_value': 20000, 'change': 5000, 'player_num': 1, 'source': 'saucer'}
2025-11-26 12:01:18,414 : INFO : SwitchController : <<<<<<< 's_saucer' inactive >>>>>>>
2025-11-26 12:01:18,566 : INFO : SwitchController : <<<<<<< 's_saucer' active >>>>>>>
2025-11-26 12:01:18,566 : INFO : EventManager : Event: ======'s_saucer_active'====== Args={}
2025-11-26 12:01:18,569 : INFO : EventManager : Event: ======'machine_var_audits_switches_s_saucer'====== Args={'value': 31, 'prev_value': 30, 'change': 1}
2025-11-26 12:01:18,570 : INFO : EventManager : Event: ======'machine_var_audits_shots_saucer_dirtmouth'====== Args={'value': 9, 'prev_value': 8, 'change': 1}
2025-11-26 12:01:18,571 : INFO : EventManager : Event: ======'saucer_dirtmouth_hit'====== Args={'profile': 'default', 'state': 'lit', 'advancing': False}
2025-11-26 12:01:18,578 : INFO : EventManager : Event: ======'saucer_dirtmouth_default_hit'====== Args={'profile': 'default', 'state': 'lit', 'advancing': False}
2025-11-26 12:01:18,583 : INFO : EventManager : Event: ======'saucer_dirtmouth_default_lit_hit'====== Args={'profile': 'default', 'state': 'lit', 'advancing': False}
2025-11-26 12:01:18,584 : INFO : EventManager : Event: ======'saucer_dirtmouth_lit_hit'====== Args={'profile': 'default', 'state': 'lit', 'advancing': False}
2025-11-26 12:01:18,584 : INFO : EventManager : Event: ======'machine_var_audits_shots_saucer'====== Args={'value': 24, 'prev_value': 23, 'change': 1}
2025-11-26 12:01:18,584 : INFO : EventManager : Event: ======'saucer_hit'====== Args={'profile': 'default', 'state': 'lit', 'advancing': False}
2025-11-26 12:01:18,585 : INFO : EventManager : Event: ======'saucer_default_hit'====== Args={'profile': 'default', 'state': 'lit', 'advancing': False}
2025-11-26 12:01:18,585 : INFO : EventManager : Event: ======'saucer_default_lit_hit'====== Args={'profile': 'default', 'state': 'lit', 'advancing': False}
2025-11-26 12:01:18,585 : INFO : EventManager : Event: ======'saucer_lit_hit'====== Args={'profile': 'default', 'state': 'lit', 'advancing': False}
2025-11-26 12:01:18,585 : INFO : EventManager : Event: ======'locks_hit'====== Args={'shot': 'saucer_dirtmouth'}
2025-11-26 12:01:18,585 : INFO : EventManager : Event: ======'locks_lit_hit'====== Args={'shot': 'saucer_dirtmouth'}
2025-11-26 12:01:18,585 : INFO : EventManager : Event: ======'start_mode_false_knight_controller'====== Args={'priority': 0}
2025-11-26 12:01:18,585 : INFO : EventManager : Event: ======'player_score'====== Args={'value': 30000, 'prev_value': 25000, 'change': 5000, 'player_num': 1, 'source': 'saucer'}
2025-11-26 12:01:18,647 : INFO : SwitchController : <<<<<<< 's_saucer' inactive >>>>>>>
2025-11-26 12:01:18,815 : INFO : SwitchController : <<<<<<< 's_saucer' active >>>>>>>
2025-11-26 12:01:18,816 : INFO : EventManager : Event: ======'s_saucer_active'====== Args={}
2025-11-26 12:01:18,816 : INFO : EventManager : Event: ======'machine_var_audits_switches_s_saucer'====== Args={'value': 32, 'prev_value': 31, 'change': 1}
2025-11-26 12:01:18,817 : INFO : EventManager : Event: ======'machine_var_audits_shots_saucer_dirtmouth'====== Args={'value': 10, 'prev_value': 9, 'change': 1}
2025-11-26 12:01:18,817 : INFO : EventManager : Event: ======'saucer_dirtmouth_hit'====== Args={'profile': 'default', 'state': 'lit', 'advancing': False}
2025-11-26 12:01:18,817 : INFO : EventManager : Event: ======'saucer_dirtmouth_default_hit'====== Args={'profile': 'default', 'state': 'lit', 'advancing': False}
2025-11-26 12:01:18,817 : INFO : EventManager : Event: ======'saucer_dirtmouth_default_lit_hit'====== Args={'profile': 'default', 'state': 'lit', 'advancing': False}
2025-11-26 12:01:18,818 : INFO : EventManager : Event: ======'saucer_dirtmouth_lit_hit'====== Args={'profile': 'default', 'state': 'lit', 'advancing': False}
2025-11-26 12:01:18,818 : INFO : EventManager : Event: ======'machine_var_audits_shots_saucer'====== Args={'value': 25, 'prev_value': 24, 'change': 1}
2025-11-26 12:01:18,818 : INFO : EventManager : Event: ======'saucer_hit'====== Args={'profile': 'default', 'state': 'lit', 'advancing': False}
2025-11-26 12:01:18,818 : INFO : EventManager : Event: ======'saucer_default_hit'====== Args={'profile': 'default', 'state': 'lit', 'advancing': False}
2025-11-26 12:01:18,818 : INFO : EventManager : Event: ======'saucer_default_lit_hit'====== Args={'profile': 'default', 'state': 'lit', 'advancing': False}
2025-11-26 12:01:18,819 : INFO : EventManager : Event: ======'saucer_lit_hit'====== Args={'profile': 'default', 'state': 'lit', 'advancing': False}
2025-11-26 12:01:18,819 : INFO : EventManager : Event: ======'locks_hit'====== Args={'shot': 'saucer_dirtmouth'}
2025-11-26 12:01:18,819 : INFO : EventManager : Event: ======'locks_lit_hit'====== Args={'shot': 'saucer_dirtmouth'}
2025-11-26 12:01:18,819 : INFO : EventManager : Event: ======'start_mode_false_knight_controller'====== Args={'priority': 0}
2025-11-26 12:01:18,820 : INFO : EventManager : Event: ======'player_score'====== Args={'value': 35000, 'prev_value': 30000, 'change': 5000, 'player_num': 1, 'source': 'saucer'}
2025-11-26 12:01:18,897 : INFO : SwitchController : <<<<<<< 's_saucer' inactive >>>>>>>
2025-11-26 12:01:19,065 : INFO : SwitchController : <<<<<<< 's_saucer' active >>>>>>>
2025-11-26 12:01:19,066 : INFO : EventManager : Event: ======'s_saucer_active'====== Args={}
2025-11-26 12:01:19,066 : INFO : EventManager : Event: ======'machine_var_audits_switches_s_saucer'====== Args={'value': 33, 'prev_value': 32, 'change': 1}
2025-11-26 12:01:19,067 : INFO : EventManager : Event: ======'machine_var_audits_shots_saucer_dirtmouth'====== Args={'value': 11, 'prev_value': 10, 'change': 1}
2025-11-26 12:01:19,067 : INFO : EventManager : Event: ======'saucer_dirtmouth_hit'====== Args={'profile': 'default', 'state': 'lit', 'advancing': False}
2025-11-26 12:01:19,067 : INFO : EventManager : Event: ======'saucer_dirtmouth_default_hit'====== Args={'profile': 'default', 'state': 'lit', 'advancing': False}
2025-11-26 12:01:19,067 : INFO : EventManager : Event: ======'saucer_dirtmouth_default_lit_hit'====== Args={'profile': 'default', 'state': 'lit', 'advancing': False}
2025-11-26 12:01:19,067 : INFO : EventManager : Event: ======'saucer_dirtmouth_lit_hit'====== Args={'profile': 'default', 'state': 'lit', 'advancing': False}
2025-11-26 12:01:19,068 : INFO : EventManager : Event: ======'machine_var_audits_shots_saucer'====== Args={'value': 26, 'prev_value': 25, 'change': 1}
2025-11-26 12:01:19,068 : INFO : EventManager : Event: ======'saucer_hit'====== Args={'profile': 'default', 'state': 'lit', 'advancing': False}
2025-11-26 12:01:19,068 : INFO : EventManager : Event: ======'saucer_default_hit'====== Args={'profile': 'default', 'state': 'lit', 'advancing': False}
2025-11-26 12:01:19,068 : INFO : EventManager : Event: ======'saucer_default_lit_hit'====== Args={'profile': 'default', 'state': 'lit', 'advancing': False}
2025-11-26 12:01:19,068 : INFO : EventManager : Event: ======'saucer_lit_hit'====== Args={'profile': 'default', 'state': 'lit', 'advancing': False}
2025-11-26 12:01:19,069 : INFO : EventManager : Event: ======'locks_hit'====== Args={'shot': 'saucer_dirtmouth'}
2025-11-26 12:01:19,069 : INFO : EventManager : Event: ======'locks_lit_hit'====== Args={'shot': 'saucer_dirtmouth'}
2025-11-26 12:01:19,069 : INFO : EventManager : Event: ======'start_mode_false_knight_controller'====== Args={'priority': 0}
2025-11-26 12:01:19,069 : INFO : EventManager : Event: ======'player_score'====== Args={'value': 40000, 'prev_value': 35000, 'change': 5000, 'player_num': 1, 'source': 'saucer'}
2025-11-26 12:01:19,147 : INFO : SwitchController : <<<<<<< 's_saucer' inactive >>>>>>>
2025-11-26 12:01:20,316 : INFO : SwitchController : <<<<<<< 's_vuk' active >>>>>>>
2025-11-26 12:01:20,316 : INFO : EventManager : Event: ======'s_vuk_active'====== Args={}
2025-11-26 12:01:20,316 : INFO : EventManager : Event: ======'machine_var_audits_switches_s_vuk'====== Args={'value': 108, 'prev_value': 107, 'change': 1}
2025-11-26 12:01:20,318 : INFO : EventManager : Event: ======'player_shot_vuk_dirtmouth'====== Args={'value': 1, 'prev_value': 0, 'change': 1, 'player_num': 1}
2025-11-26 12:01:20,319 : INFO : EventManager : Event: ======'machine_var_audits_shots_vuk_dirtmouth'====== Args={'value': 13, 'prev_value': 12, 'change': 1}
2025-11-26 12:01:20,320 : INFO : EventManager : Event: ======'vuk_dirtmouth_hit'====== Args={'profile': 'default', 'state': 'unlit', 'advancing': True}
2025-11-26 12:01:20,320 : INFO : EventManager : Event: ======'vuk_dirtmouth_default_hit'====== Args={'profile': 'default', 'state': 'unlit', 'advancing': True}
2025-11-26 12:01:20,320 : INFO : EventManager : Event: ======'vuk_dirtmouth_default_unlit_hit'====== Args={'profile': 'default', 'state': 'unlit', 'advancing': True}
2025-11-26 12:01:20,320 : INFO : EventManager : Event: ======'vuk_dirtmouth_unlit_hit'====== Args={'profile': 'default', 'state': 'unlit', 'advancing': True}
2025-11-26 12:01:20,320 : INFO : EventManager : Event: ======'player_shot_vuk'====== Args={'value': 1, 'prev_value': 0, 'change': 1, 'player_num': 1}
2025-11-26 12:01:20,321 : INFO : EventManager : Event: ======'machine_var_audits_shots_vuk'====== Args={'value': 92, 'prev_value': 91, 'change': 1}
2025-11-26 12:01:20,321 : INFO : EventManager : Event: ======'vuk_hit'====== Args={'profile': 'default', 'state': 'unlit', 'advancing': True}
2025-11-26 12:01:20,322 : INFO : EventManager : Event: ======'vuk_default_hit'====== Args={'profile': 'default', 'state': 'unlit', 'advancing': True}
2025-11-26 12:01:20,322 : INFO : EventManager : Event: ======'vuk_default_unlit_hit'====== Args={'profile': 'default', 'state': 'unlit', 'advancing': True}
2025-11-26 12:01:20,322 : INFO : EventManager : Event: ======'vuk_unlit_hit'====== Args={'profile': 'default', 'state': 'unlit', 'advancing': True}
2025-11-26 12:01:20,322 : INFO : EventManager : Event: ======'locks_complete'====== Args={'state': 'lit'}
2025-11-26 12:01:20,322 : INFO : EventManager : Event: ======'locks_lit_complete'====== Args={}
2025-11-26 12:01:20,322 : INFO : EventManager : Event: ======'locks_hit'====== Args={'shot': 'vuk_dirtmouth'}
2025-11-26 12:01:20,322 : INFO : EventManager : Event: ======'locks_unlit_hit'====== Args={'shot': 'vuk_dirtmouth'}
2025-11-26 12:01:20,323 : INFO : EventManager : Event: ======'start_mode_false_knight_controller'====== Args={'priority': 0}
2025-11-26 12:01:20,323 : INFO : EventManager : Event: ======'player_score'====== Args={'value': 45000, 'prev_value': 40000, 'change': 5000, 'player_num': 1, 'source': 'vuk'}
2025-11-26 12:01:20,397 : INFO : SwitchController : <<<<<<< 's_vuk' inactive >>>>>>>
2025-11-26 12:01:20,732 : INFO : SwitchController : <<<<<<< 's_vuk' active >>>>>>>
2025-11-26 12:01:20,732 : INFO : EventManager : Event: ======'s_vuk_active'====== Args={}
2025-11-26 12:01:20,733 : INFO : EventManager : Event: ======'machine_var_audits_switches_s_vuk'====== Args={'value': 109, 'prev_value': 108, 'change': 1}
2025-11-26 12:01:20,734 : INFO : EventManager : Event: ======'machine_var_audits_shots_vuk_dirtmouth'====== Args={'value': 14, 'prev_value': 13, 'change': 1}
2025-11-26 12:01:20,734 : INFO : EventManager : Event: ======'vuk_dirtmouth_hit'====== Args={'profile': 'default', 'state': 'lit', 'advancing': False}
2025-11-26 12:01:20,735 : INFO : EventManager : Event: ======'vuk_dirtmouth_default_hit'====== Args={'profile': 'default', 'state': 'lit', 'advancing': False}
2025-11-26 12:01:20,735 : INFO : EventManager : Event: ======'vuk_dirtmouth_default_lit_hit'====== Args={'profile': 'default', 'state': 'lit', 'advancing': False}
2025-11-26 12:01:20,735 : INFO : EventManager : Event: ======'vuk_dirtmouth_lit_hit'====== Args={'profile': 'default', 'state': 'lit', 'advancing': False}
2025-11-26 12:01:20,736 : INFO : EventManager : Event: ======'machine_var_audits_shots_vuk'====== Args={'value': 93, 'prev_value': 92, 'change': 1}
2025-11-26 12:01:20,736 : INFO : EventManager : Event: ======'vuk_hit'====== Args={'profile': 'default', 'state': 'lit', 'advancing': False}
2025-11-26 12:01:20,736 : INFO : EventManager : Event: ======'vuk_default_hit'====== Args={'profile': 'default', 'state': 'lit', 'advancing': False}
2025-11-26 12:01:20,736 : INFO : EventManager : Event: ======'vuk_default_lit_hit'====== Args={'profile': 'default', 'state': 'lit', 'advancing': False}
2025-11-26 12:01:20,737 : INFO : EventManager : Event: ======'vuk_lit_hit'====== Args={'profile': 'default', 'state': 'lit', 'advancing': False}
2025-11-26 12:01:20,737 : INFO : EventManager : Event: ======'locks_hit'====== Args={'shot': 'vuk_dirtmouth'}
2025-11-26 12:01:20,737 : INFO : EventManager : Event: ======'locks_lit_hit'====== Args={'shot': 'vuk_dirtmouth'}
2025-11-26 12:01:20,737 : INFO : EventManager : Event: ======'start_mode_false_knight_controller'====== Args={'priority': 0}
2025-11-26 12:01:20,737 : INFO : EventManager : Event: ======'player_score'====== Args={'value': 50000, 'prev_value': 45000, 'change': 5000, 'player_num': 1, 'source': 'vuk'}
2025-11-26 12:01:20,831 : INFO : SwitchController : <<<<<<< 's_vuk' inactive >>>>>>>
2025-11-26 12:01:21,216 : INFO : SwitchController : <<<<<<< 's_vuk' active >>>>>>>
2025-11-26 12:01:21,216 : INFO : EventManager : Event: ======'s_vuk_active'====== Args={}
2025-11-26 12:01:21,217 : INFO : EventManager : Event: ======'machine_var_audits_switches_s_vuk'====== Args={'value': 110, 'prev_value': 109, 'change': 1}
2025-11-26 12:01:21,217 : INFO : EventManager : Event: ======'machine_var_audits_shots_vuk_dirtmouth'====== Args={'value': 15, 'prev_value': 14, 'change': 1}
2025-11-26 12:01:21,218 : INFO : EventManager : Event: ======'vuk_dirtmouth_hit'====== Args={'profile': 'default', 'state': 'lit', 'advancing': False}
2025-11-26 12:01:21,218 : INFO : EventManager : Event: ======'vuk_dirtmouth_default_hit'====== Args={'profile': 'default', 'state': 'lit', 'advancing': False}
2025-11-26 12:01:21,218 : INFO : EventManager : Event: ======'vuk_dirtmouth_default_lit_hit'====== Args={'profile': 'default', 'state': 'lit', 'advancing': False}
2025-11-26 12:01:21,218 : INFO : EventManager : Event: ======'vuk_dirtmouth_lit_hit'====== Args={'profile': 'default', 'state': 'lit', 'advancing': False}
2025-11-26 12:01:21,219 : INFO : EventManager : Event: ======'machine_var_audits_shots_vuk'====== Args={'value': 94, 'prev_value': 93, 'change': 1}
2025-11-26 12:01:21,219 : INFO : EventManager : Event: ======'vuk_hit'====== Args={'profile': 'default', 'state': 'lit', 'advancing': False}
2025-11-26 12:01:21,219 : INFO : EventManager : Event: ======'vuk_default_hit'====== Args={'profile': 'default', 'state': 'lit', 'advancing': False}
2025-11-26 12:01:21,219 : INFO : EventManager : Event: ======'vuk_default_lit_hit'====== Args={'profile': 'default', 'state': 'lit', 'advancing': False}
2025-11-26 12:01:21,220 : INFO : EventManager : Event: ======'vuk_lit_hit'====== Args={'profile': 'default', 'state': 'lit', 'advancing': False}
2025-11-26 12:01:21,220 : INFO : EventManager : Event: ======'locks_hit'====== Args={'shot': 'vuk_dirtmouth'}
2025-11-26 12:01:21,220 : INFO : EventManager : Event: ======'locks_lit_hit'====== Args={'shot': 'vuk_dirtmouth'}
2025-11-26 12:01:21,220 : INFO : EventManager : Event: ======'start_mode_false_knight_controller'====== Args={'priority': 0}
2025-11-26 12:01:21,221 : INFO : EventManager : Event: ======'player_score'====== Args={'value': 55000, 'prev_value': 50000, 'change': 5000, 'player_num': 1, 'source': 'vuk'}
2025-11-26 12:01:21,330 : INFO : SwitchController : <<<<<<< 's_vuk' inactive >>>>>>>
2025-11-26 12:01:21,999 : INFO : SwitchController : <<<<<<< 's_vuk' active >>>>>>>
2025-11-26 12:01:21,999 : INFO : EventManager : Event: ======'s_vuk_active'====== Args={}
2025-11-26 12:01:22,000 : INFO : EventManager : Event: ======'machine_var_audits_switches_s_vuk'====== Args={'value': 111, 'prev_value': 110, 'change': 1}
2025-11-26 12:01:22,001 : INFO : EventManager : Event: ======'machine_var_audits_shots_vuk_dirtmouth'====== Args={'value': 16, 'prev_value': 15, 'change': 1}
2025-11-26 12:01:22,001 : INFO : EventManager : Event: ======'vuk_dirtmouth_hit'====== Args={'profile': 'default', 'state': 'lit', 'advancing': False}
2025-11-26 12:01:22,001 : INFO : EventManager : Event: ======'vuk_dirtmouth_default_hit'====== Args={'profile': 'default', 'state': 'lit', 'advancing': False}
2025-11-26 12:01:22,002 : INFO : EventManager : Event: ======'vuk_dirtmouth_default_lit_hit'====== Args={'profile': 'default', 'state': 'lit', 'advancing': False}
2025-11-26 12:01:22,002 : INFO : EventManager : Event: ======'vuk_dirtmouth_lit_hit'====== Args={'profile': 'default', 'state': 'lit', 'advancing': False}
2025-11-26 12:01:22,002 : INFO : EventManager : Event: ======'machine_var_audits_shots_vuk'====== Args={'value': 95, 'prev_value': 94, 'change': 1}
2025-11-26 12:01:22,002 : INFO : EventManager : Event: ======'vuk_hit'====== Args={'profile': 'default', 'state': 'lit', 'advancing': False}
2025-11-26 12:01:22,002 : INFO : EventManager : Event: ======'vuk_default_hit'====== Args={'profile': 'default', 'state': 'lit', 'advancing': False}
2025-11-26 12:01:22,003 : INFO : EventManager : Event: ======'vuk_default_lit_hit'====== Args={'profile': 'default', 'state': 'lit', 'advancing': False}
2025-11-26 12:01:22,003 : INFO : EventManager : Event: ======'vuk_lit_hit'====== Args={'profile': 'default', 'state': 'lit', 'advancing': False}
2025-11-26 12:01:22,003 : INFO : EventManager : Event: ======'locks_hit'====== Args={'shot': 'vuk_dirtmouth'}
2025-11-26 12:01:22,003 : INFO : EventManager : Event: ======'locks_lit_hit'====== Args={'shot': 'vuk_dirtmouth'}
2025-11-26 12:01:22,003 : INFO : EventManager : Event: ======'start_mode_false_knight_controller'====== Args={'priority': 0}
2025-11-26 12:01:22,004 : INFO : EventManager : Event: ======'player_score'====== Args={'value': 60000, 'prev_value': 55000, 'change': 5000, 'player_num': 1, 'source': 'vuk'}
2025-11-26 12:01:22,097 : INFO : SwitchController : <<<<<<< 's_vuk' inactive >>>>>>>
2025-11-26 12:01:22,531 : INFO : SwitchController : <<<<<<< 's_vuk' active >>>>>>>
2025-11-26 12:01:22,531 : INFO : EventManager : Event: ======'s_vuk_active'====== Args={}
2025-11-26 12:01:22,531 : INFO : EventManager : Event: ======'machine_var_audits_switches_s_vuk'====== Args={'value': 112, 'prev_value': 111, 'change': 1}
2025-11-26 12:01:22,531 : INFO : EventManager : Event: ======'machine_var_audits_shots_vuk_dirtmouth'====== Args={'value': 17, 'prev_value': 16, 'change': 1}
2025-11-26 12:01:22,532 : INFO : EventManager : Event: ======'vuk_dirtmouth_hit'====== Args={'profile': 'default', 'state': 'lit', 'advancing': False}
2025-11-26 12:01:22,533 : INFO : EventManager : Event: ======'vuk_dirtmouth_default_hit'====== Args={'profile': 'default', 'state': 'lit', 'advancing': False}
2025-11-26 12:01:22,533 : INFO : EventManager : Event: ======'vuk_dirtmouth_default_lit_hit'====== Args={'profile': 'default', 'state': 'lit', 'advancing': False}
2025-11-26 12:01:22,533 : INFO : EventManager : Event: ======'vuk_dirtmouth_lit_hit'====== Args={'profile': 'default', 'state': 'lit', 'advancing': False}
2025-11-26 12:01:22,533 : INFO : EventManager : Event: ======'machine_var_audits_shots_vuk'====== Args={'value': 96, 'prev_value': 95, 'change': 1}
2025-11-26 12:01:22,534 : INFO : EventManager : Event: ======'vuk_hit'====== Args={'profile': 'default', 'state': 'lit', 'advancing': False}
2025-11-26 12:01:22,534 : INFO : EventManager : Event: ======'vuk_default_hit'====== Args={'profile': 'default', 'state': 'lit', 'advancing': False}
2025-11-26 12:01:22,534 : INFO : EventManager : Event: ======'vuk_default_lit_hit'====== Args={'profile': 'default', 'state': 'lit', 'advancing': False}
2025-11-26 12:01:22,534 : INFO : EventManager : Event: ======'vuk_lit_hit'====== Args={'profile': 'default', 'state': 'lit', 'advancing': False}
2025-11-26 12:01:22,534 : INFO : EventManager : Event: ======'locks_hit'====== Args={'shot': 'vuk_dirtmouth'}
2025-11-26 12:01:22,535 : INFO : EventManager : Event: ======'locks_lit_hit'====== Args={'shot': 'vuk_dirtmouth'}
2025-11-26 12:01:22,535 : INFO : EventManager : Event: ======'start_mode_false_knight_controller'====== Args={'priority': 0}
2025-11-26 12:01:22,535 : INFO : EventManager : Event: ======'player_score'====== Args={'value': 65000, 'prev_value': 60000, 'change': 5000, 'player_num': 1, 'source': 'vuk'}
2025-11-26 12:01:22,614 : INFO : SwitchController : <<<<<<< 's_vuk' inactive >>>>>>>
2025-11-26 12:01:22,799 : INFO : SwitchController : <<<<<<< 's_vuk' active >>>>>>>
2025-11-26 12:01:22,799 : INFO : EventManager : Event: ======'s_vuk_active'====== Args={}
2025-11-26 12:01:22,800 : INFO : EventManager : Event: ======'machine_var_audits_switches_s_vuk'====== Args={'value': 113, 'prev_value': 112, 'change': 1}
2025-11-26 12:01:22,801 : INFO : EventManager : Event: ======'machine_var_audits_shots_vuk_dirtmouth'====== Args={'value': 18, 'prev_value': 17, 'change': 1}
2025-11-26 12:01:22,801 : INFO : EventManager : Event: ======'vuk_dirtmouth_hit'====== Args={'profile': 'default', 'state': 'lit', 'advancing': False}
2025-11-26 12:01:22,801 : INFO : EventManager : Event: ======'vuk_dirtmouth_default_hit'====== Args={'profile': 'default', 'state': 'lit', 'advancing': False}
2025-11-26 12:01:22,802 : INFO : EventManager : Event: ======'vuk_dirtmouth_default_lit_hit'====== Args={'profile': 'default', 'state': 'lit', 'advancing': False}
2025-11-26 12:01:22,802 : INFO : EventManager : Event: ======'vuk_dirtmouth_lit_hit'====== Args={'profile': 'default', 'state': 'lit', 'advancing': False}
2025-11-26 12:01:22,802 : INFO : EventManager : Event: ======'machine_var_audits_shots_vuk'====== Args={'value': 97, 'prev_value': 96, 'change': 1}
2025-11-26 12:01:22,803 : INFO : EventManager : Event: ======'vuk_hit'====== Args={'profile': 'default', 'state': 'lit', 'advancing': False}
2025-11-26 12:01:22,803 : INFO : EventManager : Event: ======'vuk_default_hit'====== Args={'profile': 'default', 'state': 'lit', 'advancing': False}
2025-11-26 12:01:22,803 : INFO : EventManager : Event: ======'vuk_default_lit_hit'====== Args={'profile': 'default', 'state': 'lit', 'advancing': False}
2025-11-26 12:01:22,803 : INFO : EventManager : Event: ======'vuk_lit_hit'====== Args={'profile': 'default', 'state': 'lit', 'advancing': False}
2025-11-26 12:01:22,803 : INFO : EventManager : Event: ======'locks_hit'====== Args={'shot': 'vuk_dirtmouth'}
2025-11-26 12:01:22,804 : INFO : EventManager : Event: ======'locks_lit_hit'====== Args={'shot': 'vuk_dirtmouth'}
2025-11-26 12:01:22,804 : INFO : EventManager : Event: ======'start_mode_false_knight_controller'====== Args={'priority': 0}
2025-11-26 12:01:22,804 : INFO : EventManager : Event: ======'player_score'====== Args={'value': 70000, 'prev_value': 65000, 'change': 5000, 'player_num': 1, 'source': 'vuk'}
2025-11-26 12:01:22,897 : INFO : SwitchController : <<<<<<< 's_vuk' inactive >>>>>>>
2025-11-26 12:01:23,098 : INFO : SwitchController : <<<<<<< 's_vuk' active >>>>>>>
2025-11-26 12:01:23,099 : INFO : EventManager : Event: ======'s_vuk_active'====== Args={}
2025-11-26 12:01:23,099 : INFO : EventManager : Event: ======'machine_var_audits_switches_s_vuk'====== Args={'value': 114, 'prev_value': 113, 'change': 1}
2025-11-26 12:01:23,101 : INFO : EventManager : Event: ======'machine_var_audits_shots_vuk_dirtmouth'====== Args={'value': 19, 'prev_value': 18, 'change': 1}
2025-11-26 12:01:23,102 : INFO : EventManager : Event: ======'vuk_dirtmouth_hit'====== Args={'profile': 'default', 'state': 'lit', 'advancing': False}
2025-11-26 12:01:23,102 : INFO : EventManager : Event: ======'vuk_dirtmouth_default_hit'====== Args={'profile': 'default', 'state': 'lit', 'advancing': False}
2025-11-26 12:01:23,103 : INFO : EventManager : Event: ======'vuk_dirtmouth_default_lit_hit'====== Args={'profile': 'default', 'state': 'lit', 'advancing': False}
2025-11-26 12:01:23,103 : INFO : EventManager : Event: ======'vuk_dirtmouth_lit_hit'====== Args={'profile': 'default', 'state': 'lit', 'advancing': False}
2025-11-26 12:01:23,103 : INFO : EventManager : Event: ======'machine_var_audits_shots_vuk'====== Args={'value': 98, 'prev_value': 97, 'change': 1}
2025-11-26 12:01:23,104 : INFO : EventManager : Event: ======'vuk_hit'====== Args={'profile': 'default', 'state': 'lit', 'advancing': False}
2025-11-26 12:01:23,104 : INFO : EventManager : Event: ======'vuk_default_hit'====== Args={'profile': 'default', 'state': 'lit', 'advancing': False}
2025-11-26 12:01:23,104 : INFO : EventManager : Event: ======'vuk_default_lit_hit'====== Args={'profile': 'default', 'state': 'lit', 'advancing': False}
2025-11-26 12:01:23,104 : INFO : EventManager : Event: ======'vuk_lit_hit'====== Args={'profile': 'default', 'state': 'lit', 'advancing': False}
2025-11-26 12:01:23,104 : INFO : EventManager : Event: ======'locks_hit'====== Args={'shot': 'vuk_dirtmouth'}
2025-11-26 12:01:23,105 : INFO : EventManager : Event: ======'locks_lit_hit'====== Args={'shot': 'vuk_dirtmouth'}
2025-11-26 12:01:23,105 : INFO : EventManager : Event: ======'start_mode_false_knight_controller'====== Args={'priority': 0}
2025-11-26 12:01:23,105 : INFO : EventManager : Event: ======'player_score'====== Args={'value': 75000, 'prev_value': 70000, 'change': 5000, 'player_num': 1, 'source': 'vuk'}
2025-11-26 12:01:23,281 : INFO : SwitchController : <<<<<<< 's_vuk' inactive >>>>>>>
2025-11-26 12:02:05,347 : INFO : Machine : Shutting down...
2025-11-26 12:02:05,348 : INFO : EventManager : Event: ======'shutdown'====== Args={}
2025-11-26 12:02:05,349 : INFO : EventManager : Event: ======'mode_game_will_stop'====== Args={}
2025-11-26 12:02:05,349 : INFO : EventManager : Event: ======'mode_game_stopping'====== Args={}
2025-11-26 12:02:05,350 : INFO : EventManager : Event: ======'mode_targets_will_stop'====== Args={}
2025-11-26 12:02:05,350 : INFO : EventManager : Event: ======'mode_targets_stopping'====== Args={}
2025-11-26 12:02:05,350 : INFO : EventManager : Event: ======'mode_base_will_stop'====== Args={}
2025-11-26 12:02:05,350 : INFO : EventManager : Event: ======'mode_base_stopping'====== Args={}
2025-11-26 12:02:05,350 : INFO : EventManager : Event: ======'mode_right_orbit_will_stop'====== Args={}
2025-11-26 12:02:05,350 : INFO : EventManager : Event: ======'mode_right_orbit_stopping'====== Args={}
2025-11-26 12:02:05,350 : INFO : EventManager : Event: ======'mode_pop_bumper_will_stop'====== Args={}
2025-11-26 12:02:05,350 : INFO : EventManager : Event: ======'mode_pop_bumper_stopping'====== Args={}
2025-11-26 12:02:05,350 : INFO : EventManager : Event: ======'mode_dirtmouth_will_stop'====== Args={}
2025-11-26 12:02:05,350 : INFO : EventManager : Event: ======'mode_dirtmouth_stopping'====== Args={}
2025-11-26 12:02:05,350 : INFO : EventManager : Event: ======'mode_ramp_will_stop'====== Args={}
2025-11-26 12:02:05,350 : INFO : EventManager : Event: ======'mode_ramp_stopping'====== Args={}
2025-11-26 12:02:05,350 : INFO : EventManager : Event: ======'mode_saucer_will_stop'====== Args={}
2025-11-26 12:02:05,350 : INFO : EventManager : Event: ======'mode_saucer_stopping'====== Args={}
2025-11-26 12:02:05,350 : INFO : EventManager : Event: ======'mode_vuk_will_stop'====== Args={}
2025-11-26 12:02:05,350 : INFO : EventManager : Event: ======'mode_vuk_stopping'====== Args={}
2025-11-26 12:02:05,350 : INFO : EventManager : Event: ======'mode_left_orbit_will_stop'====== Args={}
2025-11-26 12:02:05,350 : INFO : EventManager : Event: ======'mode_left_orbit_stopping'====== Args={}
2025-11-26 12:02:05,350 : INFO : EventManager : Event: ======'mode_slingshots_will_stop'====== Args={}
2025-11-26 12:02:05,350 : INFO : EventManager : Event: ======'mode_slingshots_stopping'====== Args={}
2025-11-26 12:02:05,350 : INFO : EventManager : Event: ======'mode_lanes_will_stop'====== Args={}
2025-11-26 12:02:05,350 : INFO : EventManager : Event: ======'mode_lanes_stopping'====== Args={}
2025-11-26 12:02:05,350 : INFO : EventManager : Event: ======'mode_lane_to_pop_will_stop'====== Args={}
2025-11-26 12:02:05,350 : INFO : EventManager : Event: ======'mode_lane_to_pop_stopping'====== Args={}
2025-11-26 12:02:05,350 : INFO : EventManager : Event: ======'stop_mode_right_orbit'====== Args={'priority': 0}
2025-11-26 12:02:05,350 : INFO : EventManager : Event: ======'stop_mode_slingshots'====== Args={'priority': 0}
2025-11-26 12:02:05,350 : INFO : EventManager : Event: ======'stop_mode_lanes'====== Args={'priority': 0}
2025-11-26 12:02:05,350 : INFO : EventManager : Event: ======'stop_mode_vuk'====== Args={'priority': 0}
2025-11-26 12:02:05,350 : INFO : EventManager : Event: ======'stop_mode_ramp'====== Args={'priority': 0}
2025-11-26 12:02:05,350 : INFO : EventManager : Event: ======'stop_mode_left_orbit'====== Args={'priority': 0}
2025-11-26 12:02:05,351 : INFO : EventManager : Event: ======'stop_mode_lane_to_pop'====== Args={'priority': 0}
2025-11-26 12:02:05,351 : INFO : EventManager : Event: ======'stop_mode_saucer'====== Args={'priority': 0}
2025-11-26 12:02:05,351 : INFO : EventManager : Event: ======'stop_mode_targets'====== Args={'priority': 0}
2025-11-26 12:02:05,351 : INFO : EventManager : Event: ======'stop_mode_pop_bumper'====== Args={'priority': 0}
2025-11-26 12:02:05,351 : INFO : EventManager : Event: ======'stop_mode_dirtmouth'====== Args={'priority': 0}
2025-11-26 12:02:05,351 : INFO : Mode.lane_to_pop : Stopped.
2025-11-26 12:02:05,351 : INFO : EventManager : Event: ======'modes_active_modes_changed'====== Args={}
2025-11-26 12:02:05,351 : INFO : EventManager : Event: ======'mode_lane_to_pop_stopped'====== Args={}
2025-11-26 12:02:05,351 : INFO : EventManager : Event: ======'clear'====== Args={'key': 'lane_to_pop'}
2025-11-26 12:02:05,352 : INFO : Mode.lanes : Stopped.
2025-11-26 12:02:05,352 : INFO : EventManager : Event: ======'modes_active_modes_changed'====== Args={}
2025-11-26 12:02:05,352 : INFO : EventManager : Event: ======'mode_lanes_stopped'====== Args={}
2025-11-26 12:02:05,352 : INFO : EventManager : Event: ======'clear'====== Args={'key': 'lanes'}
2025-11-26 12:02:05,352 : INFO : Mode.slingshots : Stopped.
2025-11-26 12:02:05,352 : INFO : EventManager : Event: ======'modes_active_modes_changed'====== Args={}
2025-11-26 12:02:05,352 : INFO : EventManager : Event: ======'mode_slingshots_stopped'====== Args={}
2025-11-26 12:02:05,352 : INFO : EventManager : Event: ======'clear'====== Args={'key': 'slingshots'}
2025-11-26 12:02:05,353 : INFO : Mode.left_orbit : Stopped.
2025-11-26 12:02:05,353 : INFO : EventManager : Event: ======'modes_active_modes_changed'====== Args={}
2025-11-26 12:02:05,353 : INFO : EventManager : Event: ======'mode_left_orbit_stopped'====== Args={}
2025-11-26 12:02:05,353 : INFO : EventManager : Event: ======'clear'====== Args={'key': 'left_orbit'}
2025-11-26 12:02:05,353 : INFO : Mode.vuk : Stopped.
2025-11-26 12:02:05,353 : INFO : EventManager : Event: ======'modes_active_modes_changed'====== Args={}
2025-11-26 12:02:05,353 : INFO : EventManager : Event: ======'mode_vuk_stopped'====== Args={}
2025-11-26 12:02:05,353 : INFO : EventManager : Event: ======'clear'====== Args={'key': 'vuk'}
2025-11-26 12:02:05,353 : INFO : Mode.saucer : Stopped.
2025-11-26 12:02:05,353 : INFO : EventManager : Event: ======'modes_active_modes_changed'====== Args={}
2025-11-26 12:02:05,353 : INFO : EventManager : Event: ======'mode_saucer_stopped'====== Args={}
2025-11-26 12:02:05,353 : INFO : EventManager : Event: ======'clear'====== Args={'key': 'saucer'}
2025-11-26 12:02:05,353 : INFO : Mode.ramp : Stopped.
2025-11-26 12:02:05,353 : INFO : EventManager : Event: ======'modes_active_modes_changed'====== Args={}
2025-11-26 12:02:05,353 : INFO : EventManager : Event: ======'mode_ramp_stopped'====== Args={}
2025-11-26 12:02:05,353 : INFO : EventManager : Event: ======'clear'====== Args={'key': 'ramp'}
2025-11-26 12:02:05,353 : INFO : Mode.dirtmouth : Stopped.
2025-11-26 12:02:05,354 : INFO : EventManager : Event: ======'modes_active_modes_changed'====== Args={}
2025-11-26 12:02:05,354 : INFO : EventManager : Event: ======'mode_dirtmouth_stopped'====== Args={}
2025-11-26 12:02:05,354 : INFO : EventManager : Event: ======'clear'====== Args={'key': 'dirtmouth'}
2025-11-26 12:02:05,354 : INFO : Mode.pop_bumper : Stopped.
2025-11-26 12:02:05,354 : INFO : EventManager : Event: ======'modes_active_modes_changed'====== Args={}
2025-11-26 12:02:05,354 : INFO : EventManager : Event: ======'mode_pop_bumper_stopped'====== Args={}
2025-11-26 12:02:05,354 : INFO : EventManager : Event: ======'clear'====== Args={'key': 'pop_bumper'}
2025-11-26 12:02:05,354 : INFO : Mode.right_orbit : Stopped.
2025-11-26 12:02:05,354 : INFO : EventManager : Event: ======'modes_active_modes_changed'====== Args={}
2025-11-26 12:02:05,354 : INFO : EventManager : Event: ======'mode_right_orbit_stopped'====== Args={}
2025-11-26 12:02:05,354 : INFO : EventManager : Event: ======'clear'====== Args={'key': 'right_orbit'}
2025-11-26 12:02:05,354 : INFO : Mode.base : Stopped.
2025-11-26 12:02:05,354 : INFO : EventManager : Event: ======'modes_active_modes_changed'====== Args={}
2025-11-26 12:02:05,354 : INFO : EventManager : Event: ======'mode_base_stopped'====== Args={}
2025-11-26 12:02:05,354 : INFO : EventManager : Event: ======'clear'====== Args={'key': 'base'}
2025-11-26 12:02:05,354 : INFO : Mode.targets : Stopped.
2025-11-26 12:02:05,354 : INFO : EventManager : Event: ======'modes_active_modes_changed'====== Args={}
2025-11-26 12:02:05,355 : INFO : EventManager : Event: ======'mode_targets_stopped'====== Args={}
2025-11-26 12:02:05,355 : INFO : EventManager : Event: ======'clear'====== Args={'key': 'targets'}
2025-11-26 12:02:05,355 : INFO : Mode.game : Stopped.
2025-11-26 12:02:05,355 : INFO : EventManager : Event: ======'modes_active_modes_changed'====== Args={}
2025-11-26 12:02:05,355 : INFO : EventManager : Event: ======'mode_game_stopped'====== Args={}
2025-11-26 12:02:05,355 : INFO : EventManager : Event: ======'clear'====== Args={'key': 'game'}
2025-11-26 12:02:05,374 : INFO : root : MPF run loop ended.
