2025-11-25 15:36:50,632 : INFO : root : Loading config.
2025-11-25 15:36:50,635 : INFO : YamlMultifileConfigLoader : Machine config file #1: config.yaml
2025-11-25 15:36:50,635 : INFO : ConfigProcessor : Loading config from cache: /var/folders/k0/j_dpx55x4kndbs36pl2nt9l00000gn/T/92f7f295141fbdde09e201e7fd0f1349.mpf_cache
2025-11-25 15:36:50,663 : INFO : ConfigProcessor : Loading config from cache: /var/folders/k0/j_dpx55x4kndbs36pl2nt9l00000gn/T/7b77bdcd1da4c54cc720d492bab55a0d.mpf_cache
2025-11-25 15:36:50,663 : INFO : ConfigProcessor : Loading config from cache: /var/folders/k0/j_dpx55x4kndbs36pl2nt9l00000gn/T/501e18c1625d42f1ba9bf53b020c49c5.mpf_cache
2025-11-25 15:36:50,663 : INFO : ConfigProcessor : Loading config from cache: /var/folders/k0/j_dpx55x4kndbs36pl2nt9l00000gn/T/7b77bdcd1da4c54cc720d492bab55a0d.mpf_cache
2025-11-25 15:36:50,663 : INFO : ConfigProcessor : Loading config from cache: /var/folders/k0/j_dpx55x4kndbs36pl2nt9l00000gn/T/dda6f4da00898f9f0a4796a41d9a2ef0.mpf_cache
2025-11-25 15:36:50,664 : INFO : ConfigProcessor : Loading config from cache: /var/folders/k0/j_dpx55x4kndbs36pl2nt9l00000gn/T/522fc819f659907ecbd91e12554f307a.mpf_cache
2025-11-25 15:36:50,664 : INFO : ConfigProcessor : Loading config from cache: /var/folders/k0/j_dpx55x4kndbs36pl2nt9l00000gn/T/05e9cee2d62266bbcd3eb3df28f11ba0.mpf_cache
2025-11-25 15:36:50,664 : INFO : ConfigProcessor : Loading config from cache: /var/folders/k0/j_dpx55x4kndbs36pl2nt9l00000gn/T/a751b7622f38b4d73d2da25b66d734b1.mpf_cache
2025-11-25 15:36:50,665 : INFO : ConfigProcessor : Loading config from cache: /var/folders/k0/j_dpx55x4kndbs36pl2nt9l00000gn/T/515d12d22bfc89771946156b9f4733e7.mpf_cache
2025-11-25 15:36:50,665 : INFO : ConfigProcessor : Loading config from cache: /var/folders/k0/j_dpx55x4kndbs36pl2nt9l00000gn/T/3db5df4db04e3e0d951f803bb6fa84e6.mpf_cache
2025-11-25 15:36:50,665 : INFO : ConfigProcessor : Loading config from cache: /var/folders/k0/j_dpx55x4kndbs36pl2nt9l00000gn/T/3572cafb19834c572118c1dfbec55588.mpf_cache
2025-11-25 15:36:50,665 : INFO : ConfigProcessor : Loading config from cache: /var/folders/k0/j_dpx55x4kndbs36pl2nt9l00000gn/T/39b20d9bce0c2f44f75a85f57a0d45f4.mpf_cache
2025-11-25 15:36:50,666 : INFO : ConfigProcessor : Loading config from cache: /var/folders/k0/j_dpx55x4kndbs36pl2nt9l00000gn/T/189edcb2679eb1788c8ca3be3e29f2f1.mpf_cache
2025-11-25 15:36:50,667 : INFO : ConfigProcessor : Loading config from cache: /var/folders/k0/j_dpx55x4kndbs36pl2nt9l00000gn/T/f00019ffccce993d2850c9d82b9dc44e.mpf_cache
2025-11-25 15:36:50,667 : INFO : ConfigProcessor : Loading config from cache: /var/folders/k0/j_dpx55x4kndbs36pl2nt9l00000gn/T/14560612c17bb039b05632d29f192033.mpf_cache
2025-11-25 15:36:50,667 : INFO : ConfigProcessor : Loading config from cache: /var/folders/k0/j_dpx55x4kndbs36pl2nt9l00000gn/T/1b88d79160cc8850354d058f9a270569.mpf_cache
2025-11-25 15:36:50,668 : INFO : Machine : Mission Pinball Framework Core Engine v0.80.0.dev11
2025-11-25 15:36:50,668 : INFO : Machine : Command line arguments: {'no_load_cache': False, 'create_config_cache': True, 'bcp': True, 'configfile': ['config.yaml'], 'force_assets_load': False, 'platform_integration_test': False, 'jsonlogging': False, 'logfile': 'logs/2025-11-25-15-36-50-mpf-Sams-MacBook-Air-2.local.log', 'pause': False, 'production': False, 'text_ui': True, 'loglevel': 15, 'consoleloglevel': 20, 'force_platform': 'smart_virtual', 'syslog_address': None, 'full_logfile_path': '/Users/samhughes/Desktop/Hollow-Knight-Pinball/logs/2025-11-25-15-36-50-mpf-Sams-MacBook-Air-2.local.log'}
2025-11-25 15:36:50,668 : INFO : Machine : MPF path: /Users/samhughes/mpf/lib/python3.13/site-packages/mpf
2025-11-25 15:36:50,668 : INFO : Machine : Machine path: /Users/samhughes/Desktop/Hollow-Knight-Pinball
2025-11-25 15:36:50,668 : INFO : Machine : Platform: darwin
2025-11-25 15:36:50,668 : INFO : Machine : Python executable location: /Users/samhughes/mpf/bin/python3.13
2025-11-25 15:36:50,668 : INFO : Machine : Python version: 3.13.2 (64-bit)
2025-11-25 15:36:50,668 : INFO : Machine : Initializing MPF...
2025-11-25 15:36:50,701 : INFO : EventManager : Event: ======'machine_var_credits_string'====== Args={'value': 'FREE PLAY', 'prev_value': None, 'change': True}
2025-11-25 15:36:50,708 : INFO : EventManager : Event: ======'machine_var_master_volume'====== Args={'value': 0.5, 'prev_value': None, 'change': True}
2025-11-25 15:36:50,708 : INFO : EventManager : Event: ======'machine_var_player1_score'====== Args={'value': 81940, 'prev_value': None, 'change': True}
2025-11-25 15:36:50,708 : INFO : EventManager : Event: ======'machine_var_mpf_version'====== Args={'value': 'Mission Pinball Framework v0.80.0.dev11', 'prev_value': None, 'change': True}
2025-11-25 15:36:50,708 : INFO : EventManager : Event: ======'machine_var_mpf_extended_version'====== Args={'value': 'Mission Pinball Framework v0.80.0.dev11, Config version:6, Show version: 6, BCP version:1.1', 'prev_value': None, 'change': True}
2025-11-25 15:36:50,708 : INFO : EventManager : Event: ======'machine_var_python_version'====== Args={'value': '3.13.2', 'prev_value': None, 'change': True}
2025-11-25 15:36:50,717 : INFO : EventManager : Event: ======'machine_var_platform'====== Args={'value': 'macOS-15.6.1-arm64-arm-64bit-Mach-O', 'prev_value': None, 'change': True}
2025-11-25 15:36:50,717 : INFO : EventManager : Event: ======'machine_var_platform_system'====== Args={'value': 'Darwin', 'prev_value': None, 'change': True}
2025-11-25 15:36:50,717 : INFO : EventManager : Event: ======'machine_var_platform_release'====== Args={'value': '24.6.0', 'prev_value': None, 'change': True}
2025-11-25 15:36:50,717 : INFO : EventManager : Event: ======'machine_var_platform_version'====== Args={'value': 'Darwin Kernel Version 24.6.0: Mon Jul 14 11:29:54 PDT 2025; root:xnu-11417.140.69~1/RELEASE_ARM64_T8122', 'prev_value': None, 'change': True}
2025-11-25 15:36:50,717 : INFO : EventManager : Event: ======'machine_var_platform_machine'====== Args={'value': 'arm64', 'prev_value': None, 'change': True}
2025-11-25 15:36:50,717 : INFO : EventManager : Event: ======'machine_var_log_file_path'====== Args={'value': '/Users/samhughes/Desktop/Hollow-Knight-Pinball/logs/2025-11-25-15-36-50-mpf-Sams-MacBook-Air-2.local.log', 'prev_value': None, 'change': True}
2025-11-25 15:36:50,717 : INFO : EventManager : Event: ======'init_phase_1'====== Args={}
2025-11-25 15:36:50,725 : INFO : EventManager : Event: ======'init_phase_2'====== Args={}
2025-11-25 15:36:50,725 : INFO : SwitchController : Found active switch: (1002, <Platform.SmartVirtual>) <switch.s_trough_1>
2025-11-25 15:36:50,725 : INFO : SwitchController : Found active switch: (1003, <Platform.SmartVirtual>) <switch.s_trough_2>
2025-11-25 15:36:50,725 : INFO : SwitchController : Found active switch: (1004, <Platform.SmartVirtual>) <switch.s_trough_3>
2025-11-25 15:36:50,726 : INFO : EventManager : Event: ======'bcp_connection_attempt'====== Args={'name': 'local_display', 'host': 'localhost', 'port': 5050}
2025-11-25 15:36:50,726 : INFO : BCPClientSocket : Connecting BCP to 'local_display' at localhost:5050...
2025-11-25 15:36:55,693 : INFO : BCPClientSocket : Connected BCP to 'local_display' localhost:5050
2025-11-25 15:36:55,694 : INFO : EventManager : Event: ======'bcp_clients_connected'====== Args={}
2025-11-25 15:36:55,697 : INFO : ball_device.bd_trough : BCH: Initial count: 3
2025-11-25 15:36:55,697 : INFO : ball_device.bd_trough : State: idle
2025-11-25 15:36:55,698 : INFO : ball_device.bd_plunger : BCH: Initial count: 0
2025-11-25 15:36:55,698 : INFO : ball_device.bd_plunger : State: idle
2025-11-25 15:36:55,719 : INFO : EventManager : Event: ======'init_phase_3'====== Args={}
2025-11-25 15:36:55,723 : INFO : EventManager : Event: ======'init_phase_4'====== Args={}
2025-11-25 15:36:55,723 : INFO : BallController : Initial balls found: 3
2025-11-25 15:36:55,724 : INFO : EventManager : Event: ======'machine_var_audits_events_game_ended'====== Args={'value': 6, 'prev_value': None, 'change': True}
2025-11-25 15:36:55,724 : INFO : EventManager : Event: ======'machine_var_audits_events_game_started'====== Args={'value': 35, 'prev_value': None, 'change': True}
2025-11-25 15:36:55,724 : INFO : EventManager : Event: ======'machine_var_audits_missing_switches_s_back_left_target'====== Args={'value': 4, 'prev_value': None, 'change': True}
2025-11-25 15:36:55,724 : INFO : EventManager : Event: ======'machine_var_audits_missing_switches_s_back_middle_left_target'====== Args={'value': 8, 'prev_value': None, 'change': True}
2025-11-25 15:36:55,724 : INFO : EventManager : Event: ======'machine_var_audits_missing_switches_s_back_middle_right_target'====== Args={'value': 8, 'prev_value': None, 'change': True}
2025-11-25 15:36:55,724 : INFO : EventManager : Event: ======'machine_var_audits_missing_switches_s_back_right_target'====== Args={'value': 14, 'prev_value': None, 'change': True}
2025-11-25 15:36:55,724 : INFO : EventManager : Event: ======'machine_var_audits_missing_switches_s_bottom_left_slingshot'====== Args={'value': 35, 'prev_value': None, 'change': True}
2025-11-25 15:36:55,724 : INFO : EventManager : Event: ======'machine_var_audits_missing_switches_s_bottom_right_slingshot'====== Args={'value': 35, 'prev_value': None, 'change': True}
2025-11-25 15:36:55,724 : INFO : EventManager : Event: ======'machine_var_audits_missing_switches_s_front_left_target'====== Args={'value': 4, 'prev_value': None, 'change': True}
2025-11-25 15:36:55,724 : INFO : EventManager : Event: ======'machine_var_audits_missing_switches_s_front_middle_target'====== Args={'value': 4, 'prev_value': None, 'change': True}
2025-11-25 15:36:55,724 : INFO : EventManager : Event: ======'machine_var_audits_missing_switches_s_front_right_target'====== Args={'value': 4, 'prev_value': None, 'change': True}
2025-11-25 15:36:55,724 : INFO : EventManager : Event: ======'machine_var_audits_missing_switches_s_lane_to_pop'====== Args={'value': 1, 'prev_value': None, 'change': True}
2025-11-25 15:36:55,724 : INFO : EventManager : Event: ======'machine_var_audits_missing_switches_s_left_flipper'====== Args={'value': 35, 'prev_value': None, 'change': True}
2025-11-25 15:36:55,724 : INFO : EventManager : Event: ======'machine_var_audits_missing_switches_s_left_inlane'====== Args={'value': 4, 'prev_value': None, 'change': True}
2025-11-25 15:36:55,724 : INFO : EventManager : Event: ======'machine_var_audits_missing_switches_s_left_outlane'====== Args={'value': 4, 'prev_value': None, 'change': True}
2025-11-25 15:36:55,724 : INFO : EventManager : Event: ======'machine_var_audits_missing_switches_s_pop_bumper'====== Args={'value': 8, 'prev_value': None, 'change': True}
2025-11-25 15:36:55,724 : INFO : EventManager : Event: ======'machine_var_audits_missing_switches_s_right_flipper'====== Args={'value': 7, 'prev_value': None, 'change': True}
2025-11-25 15:36:55,724 : INFO : EventManager : Event: ======'machine_var_audits_missing_switches_s_right_inlane'====== Args={'value': 4, 'prev_value': None, 'change': True}
2025-11-25 15:36:55,724 : INFO : EventManager : Event: ======'machine_var_audits_missing_switches_s_right_orbit'====== Args={'value': 8, 'prev_value': None, 'change': True}
2025-11-25 15:36:55,724 : INFO : EventManager : Event: ======'machine_var_audits_missing_switches_s_right_outlane'====== Args={'value': 4, 'prev_value': None, 'change': True}
2025-11-25 15:36:55,724 : INFO : EventManager : Event: ======'machine_var_audits_missing_switches_s_saucer'====== Args={'value': 13, 'prev_value': None, 'change': True}
2025-11-25 15:36:55,725 : INFO : EventManager : Event: ======'machine_var_audits_missing_switches_s_top_left_slingshot'====== Args={'value': 35, 'prev_value': None, 'change': True}
2025-11-25 15:36:55,725 : INFO : EventManager : Event: ======'machine_var_audits_missing_switches_s_top_right_slingshot'====== Args={'value': 35, 'prev_value': None, 'change': True}
2025-11-25 15:36:55,725 : INFO : EventManager : Event: ======'machine_var_audits_missing_switches_s_trough_1'====== Args={'value': 3, 'prev_value': None, 'change': True}
2025-11-25 15:36:55,725 : INFO : EventManager : Event: ======'machine_var_audits_missing_switches_s_trough_2'====== Args={'value': 22, 'prev_value': None, 'change': True}
2025-11-25 15:36:55,725 : INFO : EventManager : Event: ======'machine_var_audits_missing_switches_s_trough_3'====== Args={'value': 20, 'prev_value': None, 'change': True}
2025-11-25 15:36:55,725 : INFO : EventManager : Event: ======'machine_var_audits_player_score'====== Args={'value': {'average': 36284, 'top': [173500, 81940, 45000, 15000, 15000, 15000, 15000, 15000, 15000, 15000], 'total': 12}, 'prev_value': None, 'change': True}
2025-11-25 15:36:55,725 : INFO : EventManager : Event: ======'machine_var_audits_shots_back_left_target'====== Args={'value': 5, 'prev_value': None, 'change': True}
2025-11-25 15:36:55,725 : INFO : EventManager : Event: ======'machine_var_audits_shots_back_middle_right_target'====== Args={'value': 3, 'prev_value': None, 'change': True}
2025-11-25 15:36:55,725 : INFO : EventManager : Event: ======'machine_var_audits_shots_back_right_target'====== Args={'value': 1, 'prev_value': None, 'change': True}
2025-11-25 15:36:55,725 : INFO : EventManager : Event: ======'machine_var_audits_shots_bakc_middle_left_target'====== Args={'value': 2, 'prev_value': None, 'change': True}
2025-11-25 15:36:55,725 : INFO : EventManager : Event: ======'machine_var_audits_shots_front_left_target'====== Args={'value': 6, 'prev_value': None, 'change': True}
2025-11-25 15:36:55,725 : INFO : EventManager : Event: ======'machine_var_audits_shots_front_middle_target'====== Args={'value': 6, 'prev_value': None, 'change': True}
2025-11-25 15:36:55,725 : INFO : EventManager : Event: ======'machine_var_audits_shots_front_right_target'====== Args={'value': 6, 'prev_value': None, 'change': True}
2025-11-25 15:36:55,725 : INFO : EventManager : Event: ======'machine_var_audits_shots_lane_to_pop'====== Args={'value': 74, 'prev_value': None, 'change': True}
2025-11-25 15:36:55,725 : INFO : EventManager : Event: ======'machine_var_audits_shots_left_inlane'====== Args={'value': 4, 'prev_value': None, 'change': True}
2025-11-25 15:36:55,725 : INFO : EventManager : Event: ======'machine_var_audits_shots_left_orbit'====== Args={'value': 79, 'prev_value': None, 'change': True}
2025-11-25 15:36:55,725 : INFO : EventManager : Event: ======'machine_var_audits_shots_left_outlane'====== Args={'value': 5, 'prev_value': None, 'change': True}
2025-11-25 15:36:55,725 : INFO : EventManager : Event: ======'machine_var_audits_shots_pop_bumper'====== Args={'value': 21, 'prev_value': None, 'change': True}
2025-11-25 15:36:55,725 : INFO : EventManager : Event: ======'machine_var_audits_shots_ramp'====== Args={'value': 68, 'prev_value': None, 'change': True}
2025-11-25 15:36:55,725 : INFO : EventManager : Event: ======'machine_var_audits_shots_right_inlane'====== Args={'value': 13, 'prev_value': None, 'change': True}
2025-11-25 15:36:55,725 : INFO : EventManager : Event: ======'machine_var_audits_shots_right_orbit'====== Args={'value': 216, 'prev_value': None, 'change': True}
2025-11-25 15:36:55,725 : INFO : EventManager : Event: ======'machine_var_audits_shots_right_outlane'====== Args={'value': 12, 'prev_value': None, 'change': True}
2025-11-25 15:36:55,725 : INFO : EventManager : Event: ======'machine_var_audits_shots_saucer'====== Args={'value': 12, 'prev_value': None, 'change': True}
2025-11-25 15:36:55,725 : INFO : EventManager : Event: ======'machine_var_audits_shots_vuk'====== Args={'value': 77, 'prev_value': None, 'change': True}
2025-11-25 15:36:55,726 : INFO : EventManager : Event: ======'machine_var_audits_switches_s_back_left_target'====== Args={'value': 5, 'prev_value': None, 'change': True}
2025-11-25 15:36:55,726 : INFO : EventManager : Event: ======'machine_var_audits_switches_s_back_middle_left_target'====== Args={'value': 3, 'prev_value': None, 'change': True}
2025-11-25 15:36:55,726 : INFO : EventManager : Event: ======'machine_var_audits_switches_s_back_middle_right_target'====== Args={'value': 4, 'prev_value': None, 'change': True}
2025-11-25 15:36:55,726 : INFO : EventManager : Event: ======'machine_var_audits_switches_s_back_right_target'====== Args={'value': 2, 'prev_value': None, 'change': True}
2025-11-25 15:36:55,726 : INFO : EventManager : Event: ======'machine_var_audits_switches_s_bottom_left_slingshot'====== Args={'value': 0, 'prev_value': None, 'change': True}
2025-11-25 15:36:55,726 : INFO : EventManager : Event: ======'machine_var_audits_switches_s_bottom_right_slingshot'====== Args={'value': 0, 'prev_value': None, 'change': True}
2025-11-25 15:36:55,726 : INFO : EventManager : Event: ======'machine_var_audits_switches_s_front_left_target'====== Args={'value': 6, 'prev_value': None, 'change': True}
2025-11-25 15:36:55,726 : INFO : EventManager : Event: ======'machine_var_audits_switches_s_front_middle_target'====== Args={'value': 7, 'prev_value': None, 'change': True}
2025-11-25 15:36:55,726 : INFO : EventManager : Event: ======'machine_var_audits_switches_s_front_right_target'====== Args={'value': 7, 'prev_value': None, 'change': True}
2025-11-25 15:36:55,726 : INFO : EventManager : Event: ======'machine_var_audits_switches_s_lane_to_pop'====== Args={'value': 76, 'prev_value': None, 'change': True}
2025-11-25 15:36:55,726 : INFO : EventManager : Event: ======'machine_var_audits_switches_s_left_flipper'====== Args={'value': 0, 'prev_value': None, 'change': True}
2025-11-25 15:36:55,726 : INFO : EventManager : Event: ======'machine_var_audits_switches_s_left_inlane'====== Args={'value': 5, 'prev_value': None, 'change': True}
2025-11-25 15:36:55,726 : INFO : EventManager : Event: ======'machine_var_audits_switches_s_left_orbit'====== Args={'value': 81, 'prev_value': None, 'change': True}
2025-11-25 15:36:55,726 : INFO : EventManager : Event: ======'machine_var_audits_switches_s_left_outlane'====== Args={'value': 6, 'prev_value': None, 'change': True}
2025-11-25 15:36:55,726 : INFO : EventManager : Event: ======'machine_var_audits_switches_s_plunger_lane'====== Args={'value': 211, 'prev_value': None, 'change': True}
2025-11-25 15:36:55,726 : INFO : EventManager : Event: ======'machine_var_audits_switches_s_pop_bumper'====== Args={'value': 21, 'prev_value': None, 'change': True}
2025-11-25 15:36:55,726 : INFO : EventManager : Event: ======'machine_var_audits_switches_s_ramp'====== Args={'value': 70, 'prev_value': None, 'change': True}
2025-11-25 15:36:55,726 : INFO : EventManager : Event: ======'machine_var_audits_switches_s_right_flipper'====== Args={'value': 4, 'prev_value': None, 'change': True}
2025-11-25 15:36:55,726 : INFO : EventManager : Event: ======'machine_var_audits_switches_s_right_inlane'====== Args={'value': 14, 'prev_value': None, 'change': True}
2025-11-25 15:36:55,726 : INFO : EventManager : Event: ======'machine_var_audits_switches_s_right_orbit'====== Args={'value': 250, 'prev_value': None, 'change': True}
2025-11-25 15:36:55,726 : INFO : EventManager : Event: ======'machine_var_audits_switches_s_right_outlane'====== Args={'value': 13, 'prev_value': None, 'change': True}
2025-11-25 15:36:55,726 : INFO : EventManager : Event: ======'machine_var_audits_switches_s_saucer'====== Args={'value': 19, 'prev_value': None, 'change': True}
2025-11-25 15:36:55,726 : INFO : EventManager : Event: ======'machine_var_audits_switches_s_start'====== Args={'value': 38, 'prev_value': None, 'change': True}
2025-11-25 15:36:55,726 : INFO : EventManager : Event: ======'machine_var_audits_switches_s_top_left_slingshot'====== Args={'value': 0, 'prev_value': None, 'change': True}
2025-11-25 15:36:55,726 : INFO : EventManager : Event: ======'machine_var_audits_switches_s_top_right_slingshot'====== Args={'value': 0, 'prev_value': None, 'change': True}
2025-11-25 15:36:55,726 : INFO : EventManager : Event: ======'machine_var_audits_switches_s_trough_1'====== Args={'value': 67, 'prev_value': None, 'change': True}
2025-11-25 15:36:55,726 : INFO : EventManager : Event: ======'machine_var_audits_switches_s_trough_2'====== Args={'value': 9, 'prev_value': None, 'change': True}
2025-11-25 15:36:55,726 : INFO : EventManager : Event: ======'machine_var_audits_switches_s_trough_3'====== Args={'value': 52, 'prev_value': None, 'change': True}
2025-11-25 15:36:55,726 : INFO : EventManager : Event: ======'machine_var_audits_switches_s_vuk'====== Args={'value': 93, 'prev_value': None, 'change': True}
2025-11-25 15:36:55,727 : INFO : EventManager : Event: ======'init_phase_5'====== Args={}
2025-11-25 15:36:55,727 : INFO : EventManager : Event: ======'init_done'====== Args={}
2025-11-25 15:36:55,727 : INFO : EventManager : Event: ======'machine_reset_phase_1'====== Args={}
2025-11-25 15:36:55,738 : INFO : EventManager : Event: ======'machine_reset_phase_2'====== Args={}
2025-11-25 15:36:55,738 : INFO : EventManager : Event: ======'machine_reset_phase_3'====== Args={}
2025-11-25 15:36:55,738 : INFO : EventManager : Event: ======'reset_complete'====== Args={}
2025-11-25 15:36:55,738 : INFO : EventManager : Event: ======'mode_attract_will_start'====== Args={}
2025-11-25 15:36:55,738 : INFO : Timer.attract_carousel_timer : Starting Timer.
2025-11-25 15:36:55,738 : INFO : EventManager : Event: ======'timer_attract_carousel_timer_started'====== Args={'ticks': 0, 'ticks_remaining': 1}
2025-11-25 15:36:55,738 : INFO : EventManager : Event: ======'timer_attract_carousel_timer_tick'====== Args={'ticks': 0, 'ticks_remaining': 1}
2025-11-25 15:36:55,739 : INFO : EventManager : Event: ======'mode_attract_starting'====== Args={}
2025-11-25 15:36:55,739 : INFO : Mode.attract : Started. Priority: 10
2025-11-25 15:36:55,739 : INFO : EventManager : Event: ======'modes_active_modes_changed'====== Args={}
2025-11-25 15:36:55,739 : INFO : EventManager : Event: ======'mode_attract_started'====== Args={}
2025-11-25 15:36:55,739 : INFO : EventManager : Event: ======'collecting_balls_complete'====== Args={}
2025-11-25 15:36:55,739 : INFO : EventManager : Event: ======'carousel_item_highlighted'====== Args={'carousel': 'attract', 'direction': None, 'item': 'title'}
2025-11-25 15:36:55,740 : INFO : Machine : Starting the main run loop with active modes: [<Mode.attract>]
2025-11-25 15:36:55,835 : INFO : EventManager : Event: ======'slide_attract_created'====== Args={'_from_bcp': True}
2025-11-25 15:36:55,835 : INFO : EventManager : Event: ======'slide__removed'====== Args={'_from_bcp': True}
2025-11-25 15:36:55,835 : INFO : EventManager : Event: ======'slide_attract_active'====== Args={'original_context': 'attract', 'original_calling_context': 'mode_attract_started', 'priority': 10.0, 'cmd': 'slides_play', '_from_bcp': True}
2025-11-25 15:36:56,604 : INFO : BcpServer : New client connected.
2025-11-25 15:37:03,240 : INFO : Timer.attract_carousel_timer : Timer Complete
2025-11-25 15:37:03,240 : INFO : Timer.attract_carousel_timer : Stopping Timer
2025-11-25 15:37:03,241 : INFO : EventManager : Event: ======'timer_attract_carousel_timer_stopped'====== Args={'ticks': 1, 'ticks_remaining': 1}
2025-11-25 15:37:03,242 : INFO : EventManager : Event: ======'timer_attract_carousel_timer_complete'====== Args={'ticks': 1, 'ticks_remaining': 1}
2025-11-25 15:37:03,243 : INFO : EventManager : Event: ======'carousel_item_highlighted'====== Args={'carousel': 'attract', 'direction': 'forwards', 'item': 'map'}
2025-11-25 15:37:03,244 : INFO : Timer.attract_carousel_timer : Starting Timer.
2025-11-25 15:37:03,244 : INFO : EventManager : Event: ======'timer_attract_carousel_timer_started'====== Args={'ticks': 0, 'ticks_remaining': 1}
2025-11-25 15:37:03,244 : INFO : EventManager : Event: ======'timer_attract_carousel_timer_tick'====== Args={'ticks': 0, 'ticks_remaining': 1}
2025-11-25 15:37:10,745 : INFO : Timer.attract_carousel_timer : Timer Complete
2025-11-25 15:37:10,745 : INFO : Timer.attract_carousel_timer : Stopping Timer
2025-11-25 15:37:10,746 : INFO : EventManager : Event: ======'timer_attract_carousel_timer_stopped'====== Args={'ticks': 1, 'ticks_remaining': 1}
2025-11-25 15:37:10,747 : INFO : EventManager : Event: ======'timer_attract_carousel_timer_complete'====== Args={'ticks': 1, 'ticks_remaining': 1}
2025-11-25 15:37:10,748 : INFO : EventManager : Event: ======'carousel_item_highlighted'====== Args={'carousel': 'attract', 'direction': 'forwards', 'item': 'credits'}
2025-11-25 15:37:10,748 : INFO : Timer.attract_carousel_timer : Starting Timer.
2025-11-25 15:37:10,749 : INFO : EventManager : Event: ======'timer_attract_carousel_timer_started'====== Args={'ticks': 0, 'ticks_remaining': 1}
2025-11-25 15:37:10,749 : INFO : EventManager : Event: ======'timer_attract_carousel_timer_tick'====== Args={'ticks': 0, 'ticks_remaining': 1}
2025-11-25 15:37:18,249 : INFO : Timer.attract_carousel_timer : Timer Complete
2025-11-25 15:37:18,249 : INFO : Timer.attract_carousel_timer : Stopping Timer
2025-11-25 15:37:18,250 : INFO : EventManager : Event: ======'timer_attract_carousel_timer_stopped'====== Args={'ticks': 1, 'ticks_remaining': 1}
2025-11-25 15:37:18,251 : INFO : EventManager : Event: ======'timer_attract_carousel_timer_complete'====== Args={'ticks': 1, 'ticks_remaining': 1}
2025-11-25 15:37:18,251 : INFO : EventManager : Event: ======'carousel_item_highlighted'====== Args={'carousel': 'attract', 'direction': 'forwards', 'item': 'mpf_and_cobrapin_logo'}
2025-11-25 15:37:18,252 : INFO : Timer.attract_carousel_timer : Starting Timer.
2025-11-25 15:37:18,253 : INFO : EventManager : Event: ======'timer_attract_carousel_timer_started'====== Args={'ticks': 0, 'ticks_remaining': 1}
2025-11-25 15:37:18,253 : INFO : EventManager : Event: ======'timer_attract_carousel_timer_tick'====== Args={'ticks': 0, 'ticks_remaining': 1}
2025-11-25 15:37:25,753 : INFO : Timer.attract_carousel_timer : Timer Complete
2025-11-25 15:37:25,754 : INFO : Timer.attract_carousel_timer : Stopping Timer
2025-11-25 15:37:25,754 : INFO : EventManager : Event: ======'timer_attract_carousel_timer_stopped'====== Args={'ticks': 1, 'ticks_remaining': 1}
2025-11-25 15:37:25,755 : INFO : EventManager : Event: ======'timer_attract_carousel_timer_complete'====== Args={'ticks': 1, 'ticks_remaining': 1}
2025-11-25 15:37:25,755 : INFO : EventManager : Event: ======'carousel_item_highlighted'====== Args={'carousel': 'attract', 'direction': 'forwards', 'item': 'team_cherry'}
2025-11-25 15:37:25,755 : INFO : Timer.attract_carousel_timer : Starting Timer.
2025-11-25 15:37:25,756 : INFO : EventManager : Event: ======'timer_attract_carousel_timer_started'====== Args={'ticks': 0, 'ticks_remaining': 1}
2025-11-25 15:37:25,756 : INFO : EventManager : Event: ======'timer_attract_carousel_timer_tick'====== Args={'ticks': 0, 'ticks_remaining': 1}
2025-11-25 15:37:33,261 : INFO : Timer.attract_carousel_timer : Timer Complete
2025-11-25 15:37:33,262 : INFO : Timer.attract_carousel_timer : Stopping Timer
2025-11-25 15:37:33,262 : INFO : EventManager : Event: ======'timer_attract_carousel_timer_stopped'====== Args={'ticks': 1, 'ticks_remaining': 1}
2025-11-25 15:37:33,262 : INFO : EventManager : Event: ======'timer_attract_carousel_timer_complete'====== Args={'ticks': 1, 'ticks_remaining': 1}
2025-11-25 15:37:33,263 : INFO : EventManager : Event: ======'carousel_item_highlighted'====== Args={'carousel': 'attract', 'direction': 'forwards', 'item': 'last_scores_1p'}
2025-11-25 15:37:33,263 : INFO : Timer.attract_carousel_timer : Starting Timer.
2025-11-25 15:37:33,263 : INFO : EventManager : Event: ======'timer_attract_carousel_timer_started'====== Args={'ticks': 0, 'ticks_remaining': 1}
2025-11-25 15:37:33,263 : INFO : EventManager : Event: ======'timer_attract_carousel_timer_tick'====== Args={'ticks': 0, 'ticks_remaining': 1}
2025-11-25 15:37:40,764 : INFO : Timer.attract_carousel_timer : Timer Complete
2025-11-25 15:37:40,764 : INFO : Timer.attract_carousel_timer : Stopping Timer
2025-11-25 15:37:40,765 : INFO : EventManager : Event: ======'timer_attract_carousel_timer_stopped'====== Args={'ticks': 1, 'ticks_remaining': 1}
2025-11-25 15:37:40,765 : INFO : EventManager : Event: ======'timer_attract_carousel_timer_complete'====== Args={'ticks': 1, 'ticks_remaining': 1}
2025-11-25 15:37:40,766 : INFO : EventManager : Event: ======'carousel_item_highlighted'====== Args={'carousel': 'attract', 'direction': 'forwards', 'item': 'title'}
2025-11-25 15:37:40,767 : INFO : Timer.attract_carousel_timer : Starting Timer.
2025-11-25 15:37:40,767 : INFO : EventManager : Event: ======'timer_attract_carousel_timer_started'====== Args={'ticks': 0, 'ticks_remaining': 1}
2025-11-25 15:37:40,767 : INFO : EventManager : Event: ======'timer_attract_carousel_timer_tick'====== Args={'ticks': 0, 'ticks_remaining': 1}
2025-11-25 15:37:48,268 : INFO : Timer.attract_carousel_timer : Timer Complete
2025-11-25 15:37:48,268 : INFO : Timer.attract_carousel_timer : Stopping Timer
2025-11-25 15:37:48,269 : INFO : EventManager : Event: ======'timer_attract_carousel_timer_stopped'====== Args={'ticks': 1, 'ticks_remaining': 1}
2025-11-25 15:37:48,270 : INFO : EventManager : Event: ======'timer_attract_carousel_timer_complete'====== Args={'ticks': 1, 'ticks_remaining': 1}
2025-11-25 15:37:48,270 : INFO : EventManager : Event: ======'carousel_item_highlighted'====== Args={'carousel': 'attract', 'direction': 'forwards', 'item': 'map'}
2025-11-25 15:37:48,271 : INFO : Timer.attract_carousel_timer : Starting Timer.
2025-11-25 15:37:48,271 : INFO : EventManager : Event: ======'timer_attract_carousel_timer_started'====== Args={'ticks': 0, 'ticks_remaining': 1}
2025-11-25 15:37:48,271 : INFO : EventManager : Event: ======'timer_attract_carousel_timer_tick'====== Args={'ticks': 0, 'ticks_remaining': 1}
2025-11-25 15:37:55,771 : INFO : Timer.attract_carousel_timer : Timer Complete
2025-11-25 15:37:55,771 : INFO : Timer.attract_carousel_timer : Stopping Timer
2025-11-25 15:37:55,772 : INFO : EventManager : Event: ======'timer_attract_carousel_timer_stopped'====== Args={'ticks': 1, 'ticks_remaining': 1}
2025-11-25 15:37:55,773 : INFO : EventManager : Event: ======'timer_attract_carousel_timer_complete'====== Args={'ticks': 1, 'ticks_remaining': 1}
2025-11-25 15:37:55,773 : INFO : EventManager : Event: ======'carousel_item_highlighted'====== Args={'carousel': 'attract', 'direction': 'forwards', 'item': 'credits'}
2025-11-25 15:37:55,774 : INFO : Timer.attract_carousel_timer : Starting Timer.
2025-11-25 15:37:55,775 : INFO : EventManager : Event: ======'timer_attract_carousel_timer_started'====== Args={'ticks': 0, 'ticks_remaining': 1}
2025-11-25 15:37:55,775 : INFO : EventManager : Event: ======'timer_attract_carousel_timer_tick'====== Args={'ticks': 0, 'ticks_remaining': 1}
2025-11-25 15:38:03,277 : INFO : Timer.attract_carousel_timer : Timer Complete
2025-11-25 15:38:03,277 : INFO : Timer.attract_carousel_timer : Stopping Timer
2025-11-25 15:38:03,278 : INFO : EventManager : Event: ======'timer_attract_carousel_timer_stopped'====== Args={'ticks': 1, 'ticks_remaining': 1}
2025-11-25 15:38:03,278 : INFO : EventManager : Event: ======'timer_attract_carousel_timer_complete'====== Args={'ticks': 1, 'ticks_remaining': 1}
2025-11-25 15:38:03,279 : INFO : EventManager : Event: ======'carousel_item_highlighted'====== Args={'carousel': 'attract', 'direction': 'forwards', 'item': 'mpf_and_cobrapin_logo'}
2025-11-25 15:38:03,280 : INFO : Timer.attract_carousel_timer : Starting Timer.
2025-11-25 15:38:03,280 : INFO : EventManager : Event: ======'timer_attract_carousel_timer_started'====== Args={'ticks': 0, 'ticks_remaining': 1}
2025-11-25 15:38:03,280 : INFO : EventManager : Event: ======'timer_attract_carousel_timer_tick'====== Args={'ticks': 0, 'ticks_remaining': 1}
2025-11-25 15:38:10,781 : INFO : Timer.attract_carousel_timer : Timer Complete
2025-11-25 15:38:10,782 : INFO : Timer.attract_carousel_timer : Stopping Timer
2025-11-25 15:38:10,783 : INFO : EventManager : Event: ======'timer_attract_carousel_timer_stopped'====== Args={'ticks': 1, 'ticks_remaining': 1}
2025-11-25 15:38:10,783 : INFO : EventManager : Event: ======'timer_attract_carousel_timer_complete'====== Args={'ticks': 1, 'ticks_remaining': 1}
2025-11-25 15:38:10,784 : INFO : EventManager : Event: ======'carousel_item_highlighted'====== Args={'carousel': 'attract', 'direction': 'forwards', 'item': 'team_cherry'}
2025-11-25 15:38:10,784 : INFO : Timer.attract_carousel_timer : Starting Timer.
2025-11-25 15:38:10,784 : INFO : EventManager : Event: ======'timer_attract_carousel_timer_started'====== Args={'ticks': 0, 'ticks_remaining': 1}
2025-11-25 15:38:10,784 : INFO : EventManager : Event: ======'timer_attract_carousel_timer_tick'====== Args={'ticks': 0, 'ticks_remaining': 1}
2025-11-25 15:38:18,285 : INFO : Timer.attract_carousel_timer : Timer Complete
2025-11-25 15:38:18,285 : INFO : Timer.attract_carousel_timer : Stopping Timer
2025-11-25 15:38:18,286 : INFO : EventManager : Event: ======'timer_attract_carousel_timer_stopped'====== Args={'ticks': 1, 'ticks_remaining': 1}
2025-11-25 15:38:18,286 : INFO : EventManager : Event: ======'timer_attract_carousel_timer_complete'====== Args={'ticks': 1, 'ticks_remaining': 1}
2025-11-25 15:38:18,287 : INFO : EventManager : Event: ======'carousel_item_highlighted'====== Args={'carousel': 'attract', 'direction': 'forwards', 'item': 'last_scores_1p'}
2025-11-25 15:38:18,287 : INFO : Timer.attract_carousel_timer : Starting Timer.
2025-11-25 15:38:18,287 : INFO : EventManager : Event: ======'timer_attract_carousel_timer_started'====== Args={'ticks': 0, 'ticks_remaining': 1}
2025-11-25 15:38:18,288 : INFO : EventManager : Event: ======'timer_attract_carousel_timer_tick'====== Args={'ticks': 0, 'ticks_remaining': 1}
2025-11-25 15:38:25,789 : INFO : Timer.attract_carousel_timer : Timer Complete
2025-11-25 15:38:25,789 : INFO : Timer.attract_carousel_timer : Stopping Timer
2025-11-25 15:38:25,790 : INFO : EventManager : Event: ======'timer_attract_carousel_timer_stopped'====== Args={'ticks': 1, 'ticks_remaining': 1}
2025-11-25 15:38:25,790 : INFO : EventManager : Event: ======'timer_attract_carousel_timer_complete'====== Args={'ticks': 1, 'ticks_remaining': 1}
2025-11-25 15:38:25,791 : INFO : EventManager : Event: ======'carousel_item_highlighted'====== Args={'carousel': 'attract', 'direction': 'forwards', 'item': 'title'}
2025-11-25 15:38:25,791 : INFO : Timer.attract_carousel_timer : Starting Timer.
2025-11-25 15:38:25,792 : INFO : EventManager : Event: ======'timer_attract_carousel_timer_started'====== Args={'ticks': 0, 'ticks_remaining': 1}
2025-11-25 15:38:25,792 : INFO : EventManager : Event: ======'timer_attract_carousel_timer_tick'====== Args={'ticks': 0, 'ticks_remaining': 1}
2025-11-25 15:38:33,294 : INFO : Timer.attract_carousel_timer : Timer Complete
2025-11-25 15:38:33,295 : INFO : Timer.attract_carousel_timer : Stopping Timer
2025-11-25 15:38:33,295 : INFO : EventManager : Event: ======'timer_attract_carousel_timer_stopped'====== Args={'ticks': 1, 'ticks_remaining': 1}
2025-11-25 15:38:33,295 : INFO : EventManager : Event: ======'timer_attract_carousel_timer_complete'====== Args={'ticks': 1, 'ticks_remaining': 1}
2025-11-25 15:38:33,296 : INFO : EventManager : Event: ======'carousel_item_highlighted'====== Args={'carousel': 'attract', 'direction': 'forwards', 'item': 'map'}
2025-11-25 15:38:33,296 : INFO : Timer.attract_carousel_timer : Starting Timer.
2025-11-25 15:38:33,296 : INFO : EventManager : Event: ======'timer_attract_carousel_timer_started'====== Args={'ticks': 0, 'ticks_remaining': 1}
2025-11-25 15:38:33,297 : INFO : EventManager : Event: ======'timer_attract_carousel_timer_tick'====== Args={'ticks': 0, 'ticks_remaining': 1}
2025-11-25 15:38:40,798 : INFO : Timer.attract_carousel_timer : Timer Complete
2025-11-25 15:38:40,798 : INFO : Timer.attract_carousel_timer : Stopping Timer
2025-11-25 15:38:40,799 : INFO : EventManager : Event: ======'timer_attract_carousel_timer_stopped'====== Args={'ticks': 1, 'ticks_remaining': 1}
2025-11-25 15:38:40,799 : INFO : EventManager : Event: ======'timer_attract_carousel_timer_complete'====== Args={'ticks': 1, 'ticks_remaining': 1}
2025-11-25 15:38:40,800 : INFO : EventManager : Event: ======'carousel_item_highlighted'====== Args={'carousel': 'attract', 'direction': 'forwards', 'item': 'credits'}
2025-11-25 15:38:40,801 : INFO : Timer.attract_carousel_timer : Starting Timer.
2025-11-25 15:38:40,801 : INFO : EventManager : Event: ======'timer_attract_carousel_timer_started'====== Args={'ticks': 0, 'ticks_remaining': 1}
2025-11-25 15:38:40,801 : INFO : EventManager : Event: ======'timer_attract_carousel_timer_tick'====== Args={'ticks': 0, 'ticks_remaining': 1}
2025-11-25 15:38:48,302 : INFO : Timer.attract_carousel_timer : Timer Complete
2025-11-25 15:38:48,303 : INFO : Timer.attract_carousel_timer : Stopping Timer
2025-11-25 15:38:48,303 : INFO : EventManager : Event: ======'timer_attract_carousel_timer_stopped'====== Args={'ticks': 1, 'ticks_remaining': 1}
2025-11-25 15:38:48,304 : INFO : EventManager : Event: ======'timer_attract_carousel_timer_complete'====== Args={'ticks': 1, 'ticks_remaining': 1}
2025-11-25 15:38:48,304 : INFO : EventManager : Event: ======'carousel_item_highlighted'====== Args={'carousel': 'attract', 'direction': 'forwards', 'item': 'mpf_and_cobrapin_logo'}
2025-11-25 15:38:48,305 : INFO : Timer.attract_carousel_timer : Starting Timer.
2025-11-25 15:38:48,305 : INFO : EventManager : Event: ======'timer_attract_carousel_timer_started'====== Args={'ticks': 0, 'ticks_remaining': 1}
2025-11-25 15:38:48,305 : INFO : EventManager : Event: ======'timer_attract_carousel_timer_tick'====== Args={'ticks': 0, 'ticks_remaining': 1}
2025-11-25 15:38:55,806 : INFO : Timer.attract_carousel_timer : Timer Complete
2025-11-25 15:38:55,807 : INFO : Timer.attract_carousel_timer : Stopping Timer
2025-11-25 15:38:55,807 : INFO : EventManager : Event: ======'timer_attract_carousel_timer_stopped'====== Args={'ticks': 1, 'ticks_remaining': 1}
2025-11-25 15:38:55,807 : INFO : EventManager : Event: ======'timer_attract_carousel_timer_complete'====== Args={'ticks': 1, 'ticks_remaining': 1}
2025-11-25 15:38:55,808 : INFO : EventManager : Event: ======'carousel_item_highlighted'====== Args={'carousel': 'attract', 'direction': 'forwards', 'item': 'team_cherry'}
2025-11-25 15:38:55,808 : INFO : Timer.attract_carousel_timer : Starting Timer.
2025-11-25 15:38:55,809 : INFO : EventManager : Event: ======'timer_attract_carousel_timer_started'====== Args={'ticks': 0, 'ticks_remaining': 1}
2025-11-25 15:38:55,809 : INFO : EventManager : Event: ======'timer_attract_carousel_timer_tick'====== Args={'ticks': 0, 'ticks_remaining': 1}
2025-11-25 15:39:03,310 : INFO : Timer.attract_carousel_timer : Timer Complete
2025-11-25 15:39:03,310 : INFO : Timer.attract_carousel_timer : Stopping Timer
2025-11-25 15:39:03,311 : INFO : EventManager : Event: ======'timer_attract_carousel_timer_stopped'====== Args={'ticks': 1, 'ticks_remaining': 1}
2025-11-25 15:39:03,311 : INFO : EventManager : Event: ======'timer_attract_carousel_timer_complete'====== Args={'ticks': 1, 'ticks_remaining': 1}
2025-11-25 15:39:03,312 : INFO : EventManager : Event: ======'carousel_item_highlighted'====== Args={'carousel': 'attract', 'direction': 'forwards', 'item': 'last_scores_1p'}
2025-11-25 15:39:03,312 : INFO : Timer.attract_carousel_timer : Starting Timer.
2025-11-25 15:39:03,313 : INFO : EventManager : Event: ======'timer_attract_carousel_timer_started'====== Args={'ticks': 0, 'ticks_remaining': 1}
2025-11-25 15:39:03,313 : INFO : EventManager : Event: ======'timer_attract_carousel_timer_tick'====== Args={'ticks': 0, 'ticks_remaining': 1}
2025-11-25 15:39:10,814 : INFO : Timer.attract_carousel_timer : Timer Complete
2025-11-25 15:39:10,814 : INFO : Timer.attract_carousel_timer : Stopping Timer
2025-11-25 15:39:10,815 : INFO : EventManager : Event: ======'timer_attract_carousel_timer_stopped'====== Args={'ticks': 1, 'ticks_remaining': 1}
2025-11-25 15:39:10,815 : INFO : EventManager : Event: ======'timer_attract_carousel_timer_complete'====== Args={'ticks': 1, 'ticks_remaining': 1}
2025-11-25 15:39:10,816 : INFO : EventManager : Event: ======'carousel_item_highlighted'====== Args={'carousel': 'attract', 'direction': 'forwards', 'item': 'title'}
2025-11-25 15:39:10,816 : INFO : Timer.attract_carousel_timer : Starting Timer.
2025-11-25 15:39:10,817 : INFO : EventManager : Event: ======'timer_attract_carousel_timer_started'====== Args={'ticks': 0, 'ticks_remaining': 1}
2025-11-25 15:39:10,817 : INFO : EventManager : Event: ======'timer_attract_carousel_timer_tick'====== Args={'ticks': 0, 'ticks_remaining': 1}
2025-11-25 15:39:18,318 : INFO : Timer.attract_carousel_timer : Timer Complete
2025-11-25 15:39:18,318 : INFO : Timer.attract_carousel_timer : Stopping Timer
2025-11-25 15:39:18,318 : INFO : EventManager : Event: ======'timer_attract_carousel_timer_stopped'====== Args={'ticks': 1, 'ticks_remaining': 1}
2025-11-25 15:39:18,318 : INFO : EventManager : Event: ======'timer_attract_carousel_timer_complete'====== Args={'ticks': 1, 'ticks_remaining': 1}
2025-11-25 15:39:18,319 : INFO : EventManager : Event: ======'carousel_item_highlighted'====== Args={'carousel': 'attract', 'direction': 'forwards', 'item': 'map'}
2025-11-25 15:39:18,319 : INFO : Timer.attract_carousel_timer : Starting Timer.
2025-11-25 15:39:18,319 : INFO : EventManager : Event: ======'timer_attract_carousel_timer_started'====== Args={'ticks': 0, 'ticks_remaining': 1}
2025-11-25 15:39:18,320 : INFO : EventManager : Event: ======'timer_attract_carousel_timer_tick'====== Args={'ticks': 0, 'ticks_remaining': 1}
2025-11-25 15:39:25,820 : INFO : Timer.attract_carousel_timer : Timer Complete
2025-11-25 15:39:25,821 : INFO : Timer.attract_carousel_timer : Stopping Timer
2025-11-25 15:39:25,821 : INFO : EventManager : Event: ======'timer_attract_carousel_timer_stopped'====== Args={'ticks': 1, 'ticks_remaining': 1}
2025-11-25 15:39:25,821 : INFO : EventManager : Event: ======'timer_attract_carousel_timer_complete'====== Args={'ticks': 1, 'ticks_remaining': 1}
2025-11-25 15:39:25,822 : INFO : EventManager : Event: ======'carousel_item_highlighted'====== Args={'carousel': 'attract', 'direction': 'forwards', 'item': 'credits'}
2025-11-25 15:39:25,823 : INFO : Timer.attract_carousel_timer : Starting Timer.
2025-11-25 15:39:25,823 : INFO : EventManager : Event: ======'timer_attract_carousel_timer_started'====== Args={'ticks': 0, 'ticks_remaining': 1}
2025-11-25 15:39:25,823 : INFO : EventManager : Event: ======'timer_attract_carousel_timer_tick'====== Args={'ticks': 0, 'ticks_remaining': 1}
2025-11-25 15:39:33,323 : INFO : Timer.attract_carousel_timer : Timer Complete
2025-11-25 15:39:33,323 : INFO : Timer.attract_carousel_timer : Stopping Timer
2025-11-25 15:39:33,324 : INFO : EventManager : Event: ======'timer_attract_carousel_timer_stopped'====== Args={'ticks': 1, 'ticks_remaining': 1}
2025-11-25 15:39:33,324 : INFO : EventManager : Event: ======'timer_attract_carousel_timer_complete'====== Args={'ticks': 1, 'ticks_remaining': 1}
2025-11-25 15:39:33,325 : INFO : EventManager : Event: ======'carousel_item_highlighted'====== Args={'carousel': 'attract', 'direction': 'forwards', 'item': 'mpf_and_cobrapin_logo'}
2025-11-25 15:39:33,325 : INFO : Timer.attract_carousel_timer : Starting Timer.
2025-11-25 15:39:33,325 : INFO : EventManager : Event: ======'timer_attract_carousel_timer_started'====== Args={'ticks': 0, 'ticks_remaining': 1}
2025-11-25 15:39:33,325 : INFO : EventManager : Event: ======'timer_attract_carousel_timer_tick'====== Args={'ticks': 0, 'ticks_remaining': 1}
2025-11-25 15:39:40,828 : INFO : Timer.attract_carousel_timer : Timer Complete
2025-11-25 15:39:40,829 : INFO : Timer.attract_carousel_timer : Stopping Timer
2025-11-25 15:39:40,830 : INFO : EventManager : Event: ======'timer_attract_carousel_timer_stopped'====== Args={'ticks': 1, 'ticks_remaining': 1}
2025-11-25 15:39:40,830 : INFO : EventManager : Event: ======'timer_attract_carousel_timer_complete'====== Args={'ticks': 1, 'ticks_remaining': 1}
2025-11-25 15:39:40,831 : INFO : EventManager : Event: ======'carousel_item_highlighted'====== Args={'carousel': 'attract', 'direction': 'forwards', 'item': 'team_cherry'}
2025-11-25 15:39:40,832 : INFO : Timer.attract_carousel_timer : Starting Timer.
2025-11-25 15:39:40,832 : INFO : EventManager : Event: ======'timer_attract_carousel_timer_started'====== Args={'ticks': 0, 'ticks_remaining': 1}
2025-11-25 15:39:40,833 : INFO : EventManager : Event: ======'timer_attract_carousel_timer_tick'====== Args={'ticks': 0, 'ticks_remaining': 1}
2025-11-25 15:39:48,333 : INFO : Timer.attract_carousel_timer : Timer Complete
2025-11-25 15:39:48,333 : INFO : Timer.attract_carousel_timer : Stopping Timer
2025-11-25 15:39:48,334 : INFO : EventManager : Event: ======'timer_attract_carousel_timer_stopped'====== Args={'ticks': 1, 'ticks_remaining': 1}
2025-11-25 15:39:48,334 : INFO : EventManager : Event: ======'timer_attract_carousel_timer_complete'====== Args={'ticks': 1, 'ticks_remaining': 1}
2025-11-25 15:39:48,335 : INFO : EventManager : Event: ======'carousel_item_highlighted'====== Args={'carousel': 'attract', 'direction': 'forwards', 'item': 'last_scores_1p'}
2025-11-25 15:39:48,336 : INFO : Timer.attract_carousel_timer : Starting Timer.
2025-11-25 15:39:48,336 : INFO : EventManager : Event: ======'timer_attract_carousel_timer_started'====== Args={'ticks': 0, 'ticks_remaining': 1}
2025-11-25 15:39:48,336 : INFO : EventManager : Event: ======'timer_attract_carousel_timer_tick'====== Args={'ticks': 0, 'ticks_remaining': 1}
2025-11-25 15:39:55,837 : INFO : Timer.attract_carousel_timer : Timer Complete
2025-11-25 15:39:55,838 : INFO : Timer.attract_carousel_timer : Stopping Timer
2025-11-25 15:39:55,838 : INFO : EventManager : Event: ======'timer_attract_carousel_timer_stopped'====== Args={'ticks': 1, 'ticks_remaining': 1}
2025-11-25 15:39:55,838 : INFO : EventManager : Event: ======'timer_attract_carousel_timer_complete'====== Args={'ticks': 1, 'ticks_remaining': 1}
2025-11-25 15:39:55,839 : INFO : EventManager : Event: ======'carousel_item_highlighted'====== Args={'carousel': 'attract', 'direction': 'forwards', 'item': 'title'}
2025-11-25 15:39:55,840 : INFO : Timer.attract_carousel_timer : Starting Timer.
2025-11-25 15:39:55,840 : INFO : EventManager : Event: ======'timer_attract_carousel_timer_started'====== Args={'ticks': 0, 'ticks_remaining': 1}
2025-11-25 15:39:55,841 : INFO : EventManager : Event: ======'timer_attract_carousel_timer_tick'====== Args={'ticks': 0, 'ticks_remaining': 1}
2025-11-25 15:40:03,341 : INFO : Timer.attract_carousel_timer : Timer Complete
2025-11-25 15:40:03,342 : INFO : Timer.attract_carousel_timer : Stopping Timer
2025-11-25 15:40:03,343 : INFO : EventManager : Event: ======'timer_attract_carousel_timer_stopped'====== Args={'ticks': 1, 'ticks_remaining': 1}
2025-11-25 15:40:03,344 : INFO : EventManager : Event: ======'timer_attract_carousel_timer_complete'====== Args={'ticks': 1, 'ticks_remaining': 1}
2025-11-25 15:40:03,345 : INFO : EventManager : Event: ======'carousel_item_highlighted'====== Args={'carousel': 'attract', 'direction': 'forwards', 'item': 'map'}
2025-11-25 15:40:03,345 : INFO : Timer.attract_carousel_timer : Starting Timer.
2025-11-25 15:40:03,346 : INFO : EventManager : Event: ======'timer_attract_carousel_timer_started'====== Args={'ticks': 0, 'ticks_remaining': 1}
2025-11-25 15:40:03,346 : INFO : EventManager : Event: ======'timer_attract_carousel_timer_tick'====== Args={'ticks': 0, 'ticks_remaining': 1}
2025-11-25 15:40:10,847 : INFO : Timer.attract_carousel_timer : Timer Complete
2025-11-25 15:40:10,847 : INFO : Timer.attract_carousel_timer : Stopping Timer
2025-11-25 15:40:10,848 : INFO : EventManager : Event: ======'timer_attract_carousel_timer_stopped'====== Args={'ticks': 1, 'ticks_remaining': 1}
2025-11-25 15:40:10,848 : INFO : EventManager : Event: ======'timer_attract_carousel_timer_complete'====== Args={'ticks': 1, 'ticks_remaining': 1}
2025-11-25 15:40:10,849 : INFO : EventManager : Event: ======'carousel_item_highlighted'====== Args={'carousel': 'attract', 'direction': 'forwards', 'item': 'credits'}
2025-11-25 15:40:10,849 : INFO : Timer.attract_carousel_timer : Starting Timer.
2025-11-25 15:40:10,849 : INFO : EventManager : Event: ======'timer_attract_carousel_timer_started'====== Args={'ticks': 0, 'ticks_remaining': 1}
2025-11-25 15:40:10,850 : INFO : EventManager : Event: ======'timer_attract_carousel_timer_tick'====== Args={'ticks': 0, 'ticks_remaining': 1}
2025-11-25 15:40:18,351 : INFO : Timer.attract_carousel_timer : Timer Complete
2025-11-25 15:40:18,351 : INFO : Timer.attract_carousel_timer : Stopping Timer
2025-11-25 15:40:18,352 : INFO : EventManager : Event: ======'timer_attract_carousel_timer_stopped'====== Args={'ticks': 1, 'ticks_remaining': 1}
2025-11-25 15:40:18,353 : INFO : EventManager : Event: ======'timer_attract_carousel_timer_complete'====== Args={'ticks': 1, 'ticks_remaining': 1}
2025-11-25 15:40:18,353 : INFO : EventManager : Event: ======'carousel_item_highlighted'====== Args={'carousel': 'attract', 'direction': 'forwards', 'item': 'mpf_and_cobrapin_logo'}
2025-11-25 15:40:18,354 : INFO : Timer.attract_carousel_timer : Starting Timer.
2025-11-25 15:40:18,354 : INFO : EventManager : Event: ======'timer_attract_carousel_timer_started'====== Args={'ticks': 0, 'ticks_remaining': 1}
2025-11-25 15:40:18,354 : INFO : EventManager : Event: ======'timer_attract_carousel_timer_tick'====== Args={'ticks': 0, 'ticks_remaining': 1}
2025-11-25 15:40:25,855 : INFO : Timer.attract_carousel_timer : Timer Complete
2025-11-25 15:40:25,855 : INFO : Timer.attract_carousel_timer : Stopping Timer
2025-11-25 15:40:25,855 : INFO : EventManager : Event: ======'timer_attract_carousel_timer_stopped'====== Args={'ticks': 1, 'ticks_remaining': 1}
2025-11-25 15:40:25,856 : INFO : EventManager : Event: ======'timer_attract_carousel_timer_complete'====== Args={'ticks': 1, 'ticks_remaining': 1}
2025-11-25 15:40:25,856 : INFO : EventManager : Event: ======'carousel_item_highlighted'====== Args={'carousel': 'attract', 'direction': 'forwards', 'item': 'team_cherry'}
2025-11-25 15:40:25,856 : INFO : Timer.attract_carousel_timer : Starting Timer.
2025-11-25 15:40:25,856 : INFO : EventManager : Event: ======'timer_attract_carousel_timer_started'====== Args={'ticks': 0, 'ticks_remaining': 1}
2025-11-25 15:40:25,856 : INFO : EventManager : Event: ======'timer_attract_carousel_timer_tick'====== Args={'ticks': 0, 'ticks_remaining': 1}
2025-11-25 15:40:31,519 : INFO : BcpServer : New client connected.
2025-11-25 15:40:33,358 : INFO : Timer.attract_carousel_timer : Timer Complete
2025-11-25 15:40:33,358 : INFO : Timer.attract_carousel_timer : Stopping Timer
2025-11-25 15:40:33,359 : INFO : EventManager : Event: ======'timer_attract_carousel_timer_stopped'====== Args={'ticks': 1, 'ticks_remaining': 1}
2025-11-25 15:40:33,359 : INFO : EventManager : Event: ======'timer_attract_carousel_timer_complete'====== Args={'ticks': 1, 'ticks_remaining': 1}
2025-11-25 15:40:33,361 : INFO : EventManager : Event: ======'carousel_item_highlighted'====== Args={'carousel': 'attract', 'direction': 'forwards', 'item': 'last_scores_1p'}
2025-11-25 15:40:33,361 : INFO : Timer.attract_carousel_timer : Starting Timer.
2025-11-25 15:40:33,362 : INFO : EventManager : Event: ======'timer_attract_carousel_timer_started'====== Args={'ticks': 0, 'ticks_remaining': 1}
2025-11-25 15:40:33,362 : INFO : EventManager : Event: ======'timer_attract_carousel_timer_tick'====== Args={'ticks': 0, 'ticks_remaining': 1}
2025-11-25 15:40:40,863 : INFO : Timer.attract_carousel_timer : Timer Complete
2025-11-25 15:40:40,863 : INFO : Timer.attract_carousel_timer : Stopping Timer
2025-11-25 15:40:40,864 : INFO : EventManager : Event: ======'timer_attract_carousel_timer_stopped'====== Args={'ticks': 1, 'ticks_remaining': 1}
2025-11-25 15:40:40,864 : INFO : EventManager : Event: ======'timer_attract_carousel_timer_complete'====== Args={'ticks': 1, 'ticks_remaining': 1}
2025-11-25 15:40:40,865 : INFO : EventManager : Event: ======'carousel_item_highlighted'====== Args={'carousel': 'attract', 'direction': 'forwards', 'item': 'title'}
2025-11-25 15:40:40,865 : INFO : Timer.attract_carousel_timer : Starting Timer.
2025-11-25 15:40:40,866 : INFO : EventManager : Event: ======'timer_attract_carousel_timer_started'====== Args={'ticks': 0, 'ticks_remaining': 1}
2025-11-25 15:40:40,866 : INFO : EventManager : Event: ======'timer_attract_carousel_timer_tick'====== Args={'ticks': 0, 'ticks_remaining': 1}
2025-11-25 15:40:48,366 : INFO : Timer.attract_carousel_timer : Timer Complete
2025-11-25 15:40:48,367 : INFO : Timer.attract_carousel_timer : Stopping Timer
2025-11-25 15:40:48,367 : INFO : EventManager : Event: ======'timer_attract_carousel_timer_stopped'====== Args={'ticks': 1, 'ticks_remaining': 1}
2025-11-25 15:40:48,368 : INFO : EventManager : Event: ======'timer_attract_carousel_timer_complete'====== Args={'ticks': 1, 'ticks_remaining': 1}
2025-11-25 15:40:48,368 : INFO : EventManager : Event: ======'carousel_item_highlighted'====== Args={'carousel': 'attract', 'direction': 'forwards', 'item': 'map'}
2025-11-25 15:40:48,369 : INFO : Timer.attract_carousel_timer : Starting Timer.
2025-11-25 15:40:48,369 : INFO : EventManager : Event: ======'timer_attract_carousel_timer_started'====== Args={'ticks': 0, 'ticks_remaining': 1}
2025-11-25 15:40:48,369 : INFO : EventManager : Event: ======'timer_attract_carousel_timer_tick'====== Args={'ticks': 0, 'ticks_remaining': 1}
2025-11-25 15:40:55,870 : INFO : Timer.attract_carousel_timer : Timer Complete
2025-11-25 15:40:55,870 : INFO : Timer.attract_carousel_timer : Stopping Timer
2025-11-25 15:40:55,871 : INFO : EventManager : Event: ======'timer_attract_carousel_timer_stopped'====== Args={'ticks': 1, 'ticks_remaining': 1}
2025-11-25 15:40:55,871 : INFO : EventManager : Event: ======'timer_attract_carousel_timer_complete'====== Args={'ticks': 1, 'ticks_remaining': 1}
2025-11-25 15:40:55,872 : INFO : EventManager : Event: ======'carousel_item_highlighted'====== Args={'carousel': 'attract', 'direction': 'forwards', 'item': 'credits'}
2025-11-25 15:40:55,873 : INFO : Timer.attract_carousel_timer : Starting Timer.
2025-11-25 15:40:55,873 : INFO : EventManager : Event: ======'timer_attract_carousel_timer_started'====== Args={'ticks': 0, 'ticks_remaining': 1}
2025-11-25 15:40:55,874 : INFO : EventManager : Event: ======'timer_attract_carousel_timer_tick'====== Args={'ticks': 0, 'ticks_remaining': 1}
2025-11-25 15:41:03,377 : INFO : Timer.attract_carousel_timer : Timer Complete
2025-11-25 15:41:03,377 : INFO : Timer.attract_carousel_timer : Stopping Timer
2025-11-25 15:41:03,378 : INFO : EventManager : Event: ======'timer_attract_carousel_timer_stopped'====== Args={'ticks': 1, 'ticks_remaining': 1}
2025-11-25 15:41:03,378 : INFO : EventManager : Event: ======'timer_attract_carousel_timer_complete'====== Args={'ticks': 1, 'ticks_remaining': 1}
2025-11-25 15:41:03,379 : INFO : EventManager : Event: ======'carousel_item_highlighted'====== Args={'carousel': 'attract', 'direction': 'forwards', 'item': 'mpf_and_cobrapin_logo'}
2025-11-25 15:41:03,379 : INFO : Timer.attract_carousel_timer : Starting Timer.
2025-11-25 15:41:03,379 : INFO : EventManager : Event: ======'timer_attract_carousel_timer_started'====== Args={'ticks': 0, 'ticks_remaining': 1}
2025-11-25 15:41:03,380 : INFO : EventManager : Event: ======'timer_attract_carousel_timer_tick'====== Args={'ticks': 0, 'ticks_remaining': 1}
2025-11-25 15:41:10,880 : INFO : Timer.attract_carousel_timer : Timer Complete
2025-11-25 15:41:10,880 : INFO : Timer.attract_carousel_timer : Stopping Timer
2025-11-25 15:41:10,881 : INFO : EventManager : Event: ======'timer_attract_carousel_timer_stopped'====== Args={'ticks': 1, 'ticks_remaining': 1}
2025-11-25 15:41:10,881 : INFO : EventManager : Event: ======'timer_attract_carousel_timer_complete'====== Args={'ticks': 1, 'ticks_remaining': 1}
2025-11-25 15:41:10,882 : INFO : EventManager : Event: ======'carousel_item_highlighted'====== Args={'carousel': 'attract', 'direction': 'forwards', 'item': 'team_cherry'}
2025-11-25 15:41:10,882 : INFO : Timer.attract_carousel_timer : Starting Timer.
2025-11-25 15:41:10,882 : INFO : EventManager : Event: ======'timer_attract_carousel_timer_started'====== Args={'ticks': 0, 'ticks_remaining': 1}
2025-11-25 15:41:10,883 : INFO : EventManager : Event: ======'timer_attract_carousel_timer_tick'====== Args={'ticks': 0, 'ticks_remaining': 1}
2025-11-25 15:41:17,104 : INFO : Machine : Shutting down...
2025-11-25 15:41:17,105 : INFO : EventManager : Event: ======'shutdown'====== Args={}
2025-11-25 15:41:17,115 : INFO : root : MPF run loop ended.
