2025-11-25 07:23:28,880 : INFO : root : Loading config.
2025-11-25 07:23:28,882 : INFO : YamlMultifileConfigLoader : Machine config file #1: config.yaml
2025-11-25 07:23:28,882 : INFO : ConfigProcessor : Loading config from cache: /var/folders/k0/j_dpx55x4kndbs36pl2nt9l00000gn/T/92f7f295141fbdde09e201e7fd0f1349.mpf_cache
2025-11-25 07:23:28,908 : INFO : ConfigProcessor : Loading config from cache: /var/folders/k0/j_dpx55x4kndbs36pl2nt9l00000gn/T/7b77bdcd1da4c54cc720d492bab55a0d.mpf_cache
2025-11-25 07:23:28,908 : INFO : ConfigProcessor : Loading config from cache: /var/folders/k0/j_dpx55x4kndbs36pl2nt9l00000gn/T/501e18c1625d42f1ba9bf53b020c49c5.mpf_cache
2025-11-25 07:23:28,909 : INFO : ConfigProcessor : Loading config from cache: /var/folders/k0/j_dpx55x4kndbs36pl2nt9l00000gn/T/7b77bdcd1da4c54cc720d492bab55a0d.mpf_cache
2025-11-25 07:23:28,909 : INFO : ConfigProcessor : Loading config from cache: /var/folders/k0/j_dpx55x4kndbs36pl2nt9l00000gn/T/dda6f4da00898f9f0a4796a41d9a2ef0.mpf_cache
2025-11-25 07:23:28,909 : INFO : ConfigProcessor : Loading config from cache: /var/folders/k0/j_dpx55x4kndbs36pl2nt9l00000gn/T/522fc819f659907ecbd91e12554f307a.mpf_cache
2025-11-25 07:23:28,909 : INFO : Machine : Mission Pinball Framework Core Engine v0.80.0.dev11
2025-11-25 07:23:28,909 : INFO : Machine : Command line arguments: {'no_load_cache': False, 'create_config_cache': True, 'bcp': True, 'configfile': ['config.yaml'], 'force_assets_load': False, 'platform_integration_test': False, 'jsonlogging': False, 'logfile': 'logs/2025-11-25-07-23-28-mpf-Sams-MacBook-Air-2.local.log', 'pause': False, 'production': False, 'text_ui': True, 'loglevel': 15, 'consoleloglevel': 20, 'force_platform': 'virtual', 'syslog_address': None, 'full_logfile_path': '/Users/samhughes/Desktop/Hollow-Knight-Pinball/logs/2025-11-25-07-23-28-mpf-Sams-MacBook-Air-2.local.log'}
2025-11-25 07:23:28,909 : INFO : Machine : MPF path: /Users/samhughes/mpf/lib/python3.13/site-packages/mpf
2025-11-25 07:23:28,909 : INFO : Machine : Machine path: /Users/samhughes/Desktop/Hollow-Knight-Pinball
2025-11-25 07:23:28,909 : INFO : Machine : Platform: darwin
2025-11-25 07:23:28,909 : INFO : Machine : Python executable location: /Users/samhughes/mpf/bin/python3.13
2025-11-25 07:23:28,909 : INFO : Machine : Python version: 3.13.2 (64-bit)
2025-11-25 07:23:28,909 : INFO : Machine : Initializing MPF...
2025-11-25 07:23:28,939 : INFO : EventManager : Event: ======'machine_var_credits_string'====== Args={'value': 'FREE PLAY', 'prev_value': None, 'change': True}
2025-11-25 07:23:28,943 : INFO : EventManager : Event: ======'machine_var_master_volume'====== Args={'value': 0.5, 'prev_value': None, 'change': True}
2025-11-25 07:23:28,943 : INFO : EventManager : Event: ======'machine_var_mpf_version'====== Args={'value': 'Mission Pinball Framework v0.80.0.dev11', 'prev_value': None, 'change': True}
2025-11-25 07:23:28,943 : INFO : EventManager : Event: ======'machine_var_mpf_extended_version'====== Args={'value': 'Mission Pinball Framework v0.80.0.dev11, Config version:6, Show version: 6, BCP version:1.1', 'prev_value': None, 'change': True}
2025-11-25 07:23:28,943 : INFO : EventManager : Event: ======'machine_var_python_version'====== Args={'value': '3.13.2', 'prev_value': None, 'change': True}
2025-11-25 07:23:28,952 : INFO : EventManager : Event: ======'machine_var_platform'====== Args={'value': 'macOS-15.6.1-arm64-arm-64bit-Mach-O', 'prev_value': None, 'change': True}
2025-11-25 07:23:28,952 : INFO : EventManager : Event: ======'machine_var_platform_system'====== Args={'value': 'Darwin', 'prev_value': None, 'change': True}
2025-11-25 07:23:28,952 : INFO : EventManager : Event: ======'machine_var_platform_release'====== Args={'value': '24.6.0', 'prev_value': None, 'change': True}
2025-11-25 07:23:28,952 : INFO : EventManager : Event: ======'machine_var_platform_version'====== Args={'value': 'Darwin Kernel Version 24.6.0: Mon Jul 14 11:29:54 PDT 2025; root:xnu-11417.140.69~1/RELEASE_ARM64_T8122', 'prev_value': None, 'change': True}
2025-11-25 07:23:28,952 : INFO : EventManager : Event: ======'machine_var_platform_machine'====== Args={'value': 'arm64', 'prev_value': None, 'change': True}
2025-11-25 07:23:28,952 : INFO : EventManager : Event: ======'machine_var_log_file_path'====== Args={'value': '/Users/samhughes/Desktop/Hollow-Knight-Pinball/logs/2025-11-25-07-23-28-mpf-Sams-MacBook-Air-2.local.log', 'prev_value': None, 'change': True}
2025-11-25 07:23:28,952 : INFO : EventManager : Event: ======'init_phase_1'====== Args={}
2025-11-25 07:23:28,958 : INFO : EventManager : Event: ======'init_phase_2'====== Args={}
2025-11-25 07:23:28,959 : INFO : SwitchController : Found active switch: (1002, <Platform.Virtual>) <switch.s_trough_1>
2025-11-25 07:23:28,959 : INFO : SwitchController : Found active switch: (1003, <Platform.Virtual>) <switch.s_trough_2>
2025-11-25 07:23:28,959 : INFO : SwitchController : Found active switch: (1004, <Platform.Virtual>) <switch.s_trough_3>
2025-11-25 07:23:28,959 : INFO : EventManager : Event: ======'bcp_connection_attempt'====== Args={'name': 'local_display', 'host': 'localhost', 'port': 5050}
2025-11-25 07:23:28,960 : INFO : BCPClientSocket : Connecting BCP to 'local_display' at localhost:5050...
2025-11-25 07:23:28,963 : INFO : BCPClientSocket : Connected BCP to 'local_display' localhost:5050
2025-11-25 07:23:28,963 : INFO : EventManager : Event: ======'bcp_clients_connected'====== Args={}
2025-11-25 07:23:28,963 : INFO : ball_device.bd_trough : BCH: Initial count: 3
2025-11-25 07:23:28,963 : INFO : ball_device.bd_trough : State: idle
2025-11-25 07:23:28,964 : INFO : ball_device.bd_plunger : BCH: Initial count: 0
2025-11-25 07:23:28,964 : INFO : ball_device.bd_plunger : State: idle
2025-11-25 07:23:28,969 : INFO : EventManager : Event: ======'init_phase_3'====== Args={}
2025-11-25 07:23:28,971 : INFO : EventManager : Event: ======'init_phase_4'====== Args={}
2025-11-25 07:23:28,971 : INFO : BallController : Initial balls found: 3
2025-11-25 07:23:28,971 : INFO : EventManager : Event: ======'machine_var_audits_events_game_ended'====== Args={'value': 0, 'prev_value': None, 'change': True}
2025-11-25 07:23:28,971 : INFO : EventManager : Event: ======'machine_var_audits_events_game_started'====== Args={'value': 16, 'prev_value': None, 'change': True}
2025-11-25 07:23:28,971 : INFO : EventManager : Event: ======'machine_var_audits_missing_switches_s_back_left_target'====== Args={'value': 16, 'prev_value': None, 'change': True}
2025-11-25 07:23:28,971 : INFO : EventManager : Event: ======'machine_var_audits_missing_switches_s_back_middle_left_target'====== Args={'value': 14, 'prev_value': None, 'change': True}
2025-11-25 07:23:28,971 : INFO : EventManager : Event: ======'machine_var_audits_missing_switches_s_back_middle_right_target'====== Args={'value': 14, 'prev_value': None, 'change': True}
2025-11-25 07:23:28,971 : INFO : EventManager : Event: ======'machine_var_audits_missing_switches_s_back_right_target'====== Args={'value': 14, 'prev_value': None, 'change': True}
2025-11-25 07:23:28,971 : INFO : EventManager : Event: ======'machine_var_audits_missing_switches_s_bottom_left_slingshot'====== Args={'value': 16, 'prev_value': None, 'change': True}
2025-11-25 07:23:28,971 : INFO : EventManager : Event: ======'machine_var_audits_missing_switches_s_bottom_right_slingshot'====== Args={'value': 16, 'prev_value': None, 'change': True}
2025-11-25 07:23:28,971 : INFO : EventManager : Event: ======'machine_var_audits_missing_switches_s_front_left_target'====== Args={'value': 16, 'prev_value': None, 'change': True}
2025-11-25 07:23:28,971 : INFO : EventManager : Event: ======'machine_var_audits_missing_switches_s_front_middle_target'====== Args={'value': 14, 'prev_value': None, 'change': True}
2025-11-25 07:23:28,971 : INFO : EventManager : Event: ======'machine_var_audits_missing_switches_s_front_right_target'====== Args={'value': 14, 'prev_value': None, 'change': True}
2025-11-25 07:23:28,971 : INFO : EventManager : Event: ======'machine_var_audits_missing_switches_s_lane_to_pop'====== Args={'value': 14, 'prev_value': None, 'change': True}
2025-11-25 07:23:28,971 : INFO : EventManager : Event: ======'machine_var_audits_missing_switches_s_left_flipper'====== Args={'value': 16, 'prev_value': None, 'change': True}
2025-11-25 07:23:28,971 : INFO : EventManager : Event: ======'machine_var_audits_missing_switches_s_left_inlane'====== Args={'value': 14, 'prev_value': None, 'change': True}
2025-11-25 07:23:28,971 : INFO : EventManager : Event: ======'machine_var_audits_missing_switches_s_left_orbit'====== Args={'value': 14, 'prev_value': None, 'change': True}
2025-11-25 07:23:28,971 : INFO : EventManager : Event: ======'machine_var_audits_missing_switches_s_left_outlane'====== Args={'value': 14, 'prev_value': None, 'change': True}
2025-11-25 07:23:28,972 : INFO : EventManager : Event: ======'machine_var_audits_missing_switches_s_pop_bumper'====== Args={'value': 16, 'prev_value': None, 'change': True}
2025-11-25 07:23:28,972 : INFO : EventManager : Event: ======'machine_var_audits_missing_switches_s_ramp'====== Args={'value': 14, 'prev_value': None, 'change': True}
2025-11-25 07:23:28,972 : INFO : EventManager : Event: ======'machine_var_audits_missing_switches_s_right_flipper'====== Args={'value': 16, 'prev_value': None, 'change': True}
2025-11-25 07:23:28,972 : INFO : EventManager : Event: ======'machine_var_audits_missing_switches_s_right_inlane'====== Args={'value': 14, 'prev_value': None, 'change': True}
2025-11-25 07:23:28,972 : INFO : EventManager : Event: ======'machine_var_audits_missing_switches_s_right_outlane'====== Args={'value': 14, 'prev_value': None, 'change': True}
2025-11-25 07:23:28,972 : INFO : EventManager : Event: ======'machine_var_audits_missing_switches_s_saucer'====== Args={'value': 14, 'prev_value': None, 'change': True}
2025-11-25 07:23:28,972 : INFO : EventManager : Event: ======'machine_var_audits_missing_switches_s_start'====== Args={'value': 7, 'prev_value': None, 'change': True}
2025-11-25 07:23:28,972 : INFO : EventManager : Event: ======'machine_var_audits_missing_switches_s_top_left_slingshot'====== Args={'value': 16, 'prev_value': None, 'change': True}
2025-11-25 07:23:28,972 : INFO : EventManager : Event: ======'machine_var_audits_missing_switches_s_top_right_slingshot'====== Args={'value': 16, 'prev_value': None, 'change': True}
2025-11-25 07:23:28,972 : INFO : EventManager : Event: ======'machine_var_audits_missing_switches_s_trough_2'====== Args={'value': 3, 'prev_value': None, 'change': True}
2025-11-25 07:23:28,972 : INFO : EventManager : Event: ======'machine_var_audits_missing_switches_s_trough_3'====== Args={'value': 1, 'prev_value': None, 'change': True}
2025-11-25 07:23:28,972 : INFO : EventManager : Event: ======'machine_var_audits_missing_switches_s_vuk'====== Args={'value': 14, 'prev_value': None, 'change': True}
2025-11-25 07:23:28,972 : INFO : EventManager : Event: ======'machine_var_audits_player_score'====== Args={'value': {'average': 0, 'top': [], 'total': 0}, 'prev_value': None, 'change': True}
2025-11-25 07:23:28,972 : INFO : EventManager : Event: ======'machine_var_audits_shots_right_orbit'====== Args={'value': 176, 'prev_value': None, 'change': True}
2025-11-25 07:23:28,972 : INFO : EventManager : Event: ======'machine_var_audits_switches_s_back_left_target'====== Args={'value': 0, 'prev_value': None, 'change': True}
2025-11-25 07:23:28,972 : INFO : EventManager : Event: ======'machine_var_audits_switches_s_back_middle_left_target'====== Args={'value': 1, 'prev_value': None, 'change': True}
2025-11-25 07:23:28,972 : INFO : EventManager : Event: ======'machine_var_audits_switches_s_back_middle_right_target'====== Args={'value': 1, 'prev_value': None, 'change': True}
2025-11-25 07:23:28,972 : INFO : EventManager : Event: ======'machine_var_audits_switches_s_back_right_target'====== Args={'value': 1, 'prev_value': None, 'change': True}
2025-11-25 07:23:28,972 : INFO : EventManager : Event: ======'machine_var_audits_switches_s_bottom_left_slingshot'====== Args={'value': 0, 'prev_value': None, 'change': True}
2025-11-25 07:23:28,972 : INFO : EventManager : Event: ======'machine_var_audits_switches_s_bottom_right_slingshot'====== Args={'value': 0, 'prev_value': None, 'change': True}
2025-11-25 07:23:28,972 : INFO : EventManager : Event: ======'machine_var_audits_switches_s_front_left_target'====== Args={'value': 0, 'prev_value': None, 'change': True}
2025-11-25 07:23:28,972 : INFO : EventManager : Event: ======'machine_var_audits_switches_s_front_middle_target'====== Args={'value': 1, 'prev_value': None, 'change': True}
2025-11-25 07:23:28,972 : INFO : EventManager : Event: ======'machine_var_audits_switches_s_front_right_target'====== Args={'value': 1, 'prev_value': None, 'change': True}
2025-11-25 07:23:28,972 : INFO : EventManager : Event: ======'machine_var_audits_switches_s_lane_to_pop'====== Args={'value': 2, 'prev_value': None, 'change': True}
2025-11-25 07:23:28,972 : INFO : EventManager : Event: ======'machine_var_audits_switches_s_left_flipper'====== Args={'value': 0, 'prev_value': None, 'change': True}
2025-11-25 07:23:28,972 : INFO : EventManager : Event: ======'machine_var_audits_switches_s_left_inlane'====== Args={'value': 1, 'prev_value': None, 'change': True}
2025-11-25 07:23:28,972 : INFO : EventManager : Event: ======'machine_var_audits_switches_s_left_orbit'====== Args={'value': 2, 'prev_value': None, 'change': True}
2025-11-25 07:23:28,972 : INFO : EventManager : Event: ======'machine_var_audits_switches_s_left_outlane'====== Args={'value': 1, 'prev_value': None, 'change': True}
2025-11-25 07:23:28,972 : INFO : EventManager : Event: ======'machine_var_audits_switches_s_plunger_lane'====== Args={'value': 133, 'prev_value': None, 'change': True}
2025-11-25 07:23:28,972 : INFO : EventManager : Event: ======'machine_var_audits_switches_s_pop_bumper'====== Args={'value': 0, 'prev_value': None, 'change': True}
2025-11-25 07:23:28,972 : INFO : EventManager : Event: ======'machine_var_audits_switches_s_ramp'====== Args={'value': 2, 'prev_value': None, 'change': True}
2025-11-25 07:23:28,972 : INFO : EventManager : Event: ======'machine_var_audits_switches_s_right_flipper'====== Args={'value': 0, 'prev_value': None, 'change': True}
2025-11-25 07:23:28,972 : INFO : EventManager : Event: ======'machine_var_audits_switches_s_right_inlane'====== Args={'value': 1, 'prev_value': None, 'change': True}
2025-11-25 07:23:28,972 : INFO : EventManager : Event: ======'machine_var_audits_switches_s_right_orbit'====== Args={'value': 197, 'prev_value': None, 'change': True}
2025-11-25 07:23:28,972 : INFO : EventManager : Event: ======'machine_var_audits_switches_s_right_outlane'====== Args={'value': 1, 'prev_value': None, 'change': True}
2025-11-25 07:23:28,972 : INFO : EventManager : Event: ======'machine_var_audits_switches_s_saucer'====== Args={'value': 4, 'prev_value': None, 'change': True}
2025-11-25 07:23:28,972 : INFO : EventManager : Event: ======'machine_var_audits_switches_s_start'====== Args={'value': 16, 'prev_value': None, 'change': True}
2025-11-25 07:23:28,972 : INFO : EventManager : Event: ======'machine_var_audits_switches_s_top_left_slingshot'====== Args={'value': 0, 'prev_value': None, 'change': True}
2025-11-25 07:23:28,972 : INFO : EventManager : Event: ======'machine_var_audits_switches_s_top_right_slingshot'====== Args={'value': 0, 'prev_value': None, 'change': True}
2025-11-25 07:23:28,972 : INFO : EventManager : Event: ======'machine_var_audits_switches_s_trough_1'====== Args={'value': 11, 'prev_value': None, 'change': True}
2025-11-25 07:23:28,972 : INFO : EventManager : Event: ======'machine_var_audits_switches_s_trough_2'====== Args={'value': 9, 'prev_value': None, 'change': True}
2025-11-25 07:23:28,972 : INFO : EventManager : Event: ======'machine_var_audits_switches_s_trough_3'====== Args={'value': 52, 'prev_value': None, 'change': True}
2025-11-25 07:23:28,972 : INFO : EventManager : Event: ======'machine_var_audits_switches_s_vuk'====== Args={'value': 2, 'prev_value': None, 'change': True}
2025-11-25 07:23:28,972 : INFO : EventManager : Event: ======'init_phase_5'====== Args={}
2025-11-25 07:23:28,972 : INFO : EventManager : Event: ======'init_done'====== Args={}
2025-11-25 07:23:28,972 : INFO : EventManager : Event: ======'machine_reset_phase_1'====== Args={}
2025-11-25 07:23:29,007 : INFO : EventManager : Event: ======'machine_reset_phase_2'====== Args={}
2025-11-25 07:23:29,007 : INFO : EventManager : Event: ======'machine_reset_phase_3'====== Args={}
2025-11-25 07:23:29,007 : INFO : EventManager : Event: ======'reset_complete'====== Args={}
2025-11-25 07:23:29,007 : INFO : EventManager : Event: ======'mode_attract_will_start'====== Args={}
2025-11-25 07:23:29,007 : INFO : Timer.attract_carousel_timer : Starting Timer.
2025-11-25 07:23:29,007 : INFO : EventManager : Event: ======'timer_attract_carousel_timer_started'====== Args={'ticks': 0, 'ticks_remaining': 1}
2025-11-25 07:23:29,007 : INFO : EventManager : Event: ======'timer_attract_carousel_timer_tick'====== Args={'ticks': 0, 'ticks_remaining': 1}
2025-11-25 07:23:29,007 : INFO : EventManager : Event: ======'mode_attract_starting'====== Args={}
2025-11-25 07:23:29,007 : INFO : Mode.attract : Started. Priority: 10
2025-11-25 07:23:29,007 : INFO : EventManager : Event: ======'modes_active_modes_changed'====== Args={}
2025-11-25 07:23:29,007 : INFO : EventManager : Event: ======'mode_attract_started'====== Args={}
2025-11-25 07:23:29,008 : INFO : EventManager : Event: ======'collecting_balls_complete'====== Args={}
2025-11-25 07:23:29,008 : INFO : EventManager : Event: ======'carousel_item_highlighted'====== Args={'carousel': 'attract', 'direction': None, 'item': 'title'}
2025-11-25 07:23:29,008 : INFO : Machine : Starting the main run loop with active modes: [<Mode.attract>]
2025-11-25 07:23:29,186 : INFO : EventManager : Event: ======'slide_attract_created'====== Args={'_from_bcp': True}
2025-11-25 07:23:29,186 : INFO : EventManager : Event: ======'slide__removed'====== Args={'_from_bcp': True}
2025-11-25 07:23:29,187 : INFO : EventManager : Event: ======'slide_attract_active'====== Args={'original_context': 'attract', 'original_calling_context': 'mode_attract_started', 'priority': 10.0, 'cmd': 'slides_play', '_from_bcp': True}
2025-11-25 07:23:30,684 : INFO : SwitchController : <<<<<<< 's_right_flipper' active >>>>>>>
2025-11-25 07:23:30,684 : INFO : EventManager : Event: ======'s_right_flipper_active'====== Args={}
2025-11-25 07:23:30,685 : INFO : EventManager : Event: ======'carousel_item_highlighted'====== Args={'carousel': 'attract', 'direction': 'forwards', 'item': 'map'}
2025-11-25 07:23:30,750 : INFO : SwitchController : <<<<<<< 's_right_flipper' inactive >>>>>>>
2025-11-25 07:23:30,867 : INFO : SwitchController : <<<<<<< 's_right_flipper' active >>>>>>>
2025-11-25 07:23:30,867 : INFO : EventManager : Event: ======'s_right_flipper_active'====== Args={}
2025-11-25 07:23:30,868 : INFO : EventManager : Event: ======'carousel_item_highlighted'====== Args={'carousel': 'attract', 'direction': 'forwards', 'item': 'credits'}
2025-11-25 07:23:30,984 : INFO : SwitchController : <<<<<<< 's_right_flipper' inactive >>>>>>>
2025-11-25 07:23:31,217 : INFO : SwitchController : <<<<<<< 's_right_flipper' active >>>>>>>
2025-11-25 07:23:31,217 : INFO : EventManager : Event: ======'s_right_flipper_active'====== Args={}
2025-11-25 07:23:31,218 : INFO : EventManager : Event: ======'carousel_item_highlighted'====== Args={'carousel': 'attract', 'direction': 'forwards', 'item': 'mpf_and_cobrapin_logo'}
2025-11-25 07:23:31,350 : INFO : SwitchController : <<<<<<< 's_right_flipper' inactive >>>>>>>
2025-11-25 07:23:31,617 : INFO : SwitchController : <<<<<<< 's_right_flipper' active >>>>>>>
2025-11-25 07:23:31,617 : INFO : EventManager : Event: ======'s_right_flipper_active'====== Args={}
2025-11-25 07:23:31,618 : INFO : EventManager : Event: ======'carousel_item_highlighted'====== Args={'carousel': 'attract', 'direction': 'forwards', 'item': 'team_cherry'}
2025-11-25 07:23:31,750 : INFO : SwitchController : <<<<<<< 's_right_flipper' inactive >>>>>>>
2025-11-25 07:23:32,084 : INFO : SwitchController : <<<<<<< 's_right_flipper' active >>>>>>>
2025-11-25 07:23:32,084 : INFO : EventManager : Event: ======'s_right_flipper_active'====== Args={}
2025-11-25 07:23:32,085 : INFO : EventManager : Event: ======'carousel_item_highlighted'====== Args={'carousel': 'attract', 'direction': 'forwards', 'item': 'title'}
2025-11-25 07:23:32,233 : INFO : SwitchController : <<<<<<< 's_right_flipper' inactive >>>>>>>
2025-11-25 07:23:32,600 : INFO : SwitchController : <<<<<<< 's_right_flipper' active >>>>>>>
2025-11-25 07:23:32,600 : INFO : EventManager : Event: ======'s_right_flipper_active'====== Args={}
2025-11-25 07:23:32,601 : INFO : EventManager : Event: ======'carousel_item_highlighted'====== Args={'carousel': 'attract', 'direction': 'forwards', 'item': 'map'}
2025-11-25 07:23:32,683 : INFO : SwitchController : <<<<<<< 's_right_flipper' inactive >>>>>>>
2025-11-25 07:23:32,817 : INFO : SwitchController : <<<<<<< 's_right_flipper' active >>>>>>>
2025-11-25 07:23:32,817 : INFO : EventManager : Event: ======'s_right_flipper_active'====== Args={}
2025-11-25 07:23:32,818 : INFO : EventManager : Event: ======'carousel_item_highlighted'====== Args={'carousel': 'attract', 'direction': 'forwards', 'item': 'credits'}
2025-11-25 07:23:32,884 : INFO : SwitchController : <<<<<<< 's_right_flipper' inactive >>>>>>>
2025-11-25 07:23:33,017 : INFO : SwitchController : <<<<<<< 's_right_flipper' active >>>>>>>
2025-11-25 07:23:33,017 : INFO : EventManager : Event: ======'s_right_flipper_active'====== Args={}
2025-11-25 07:23:33,018 : INFO : EventManager : Event: ======'carousel_item_highlighted'====== Args={'carousel': 'attract', 'direction': 'forwards', 'item': 'mpf_and_cobrapin_logo'}
2025-11-25 07:23:33,084 : INFO : SwitchController : <<<<<<< 's_right_flipper' inactive >>>>>>>
2025-11-25 07:23:33,183 : INFO : SwitchController : <<<<<<< 's_right_flipper' active >>>>>>>
2025-11-25 07:23:33,184 : INFO : EventManager : Event: ======'s_right_flipper_active'====== Args={}
2025-11-25 07:23:33,184 : INFO : EventManager : Event: ======'carousel_item_highlighted'====== Args={'carousel': 'attract', 'direction': 'forwards', 'item': 'team_cherry'}
2025-11-25 07:23:33,250 : INFO : SwitchController : <<<<<<< 's_right_flipper' inactive >>>>>>>
2025-11-25 07:23:33,351 : INFO : SwitchController : <<<<<<< 's_right_flipper' active >>>>>>>
2025-11-25 07:23:33,351 : INFO : EventManager : Event: ======'s_right_flipper_active'====== Args={}
2025-11-25 07:23:33,351 : INFO : EventManager : Event: ======'carousel_item_highlighted'====== Args={'carousel': 'attract', 'direction': 'forwards', 'item': 'title'}
2025-11-25 07:23:33,433 : INFO : SwitchController : <<<<<<< 's_right_flipper' inactive >>>>>>>
2025-11-25 07:23:33,534 : INFO : SwitchController : <<<<<<< 's_right_flipper' active >>>>>>>
2025-11-25 07:23:33,534 : INFO : EventManager : Event: ======'s_right_flipper_active'====== Args={}
2025-11-25 07:23:33,534 : INFO : EventManager : Event: ======'carousel_item_highlighted'====== Args={'carousel': 'attract', 'direction': 'forwards', 'item': 'map'}
2025-11-25 07:23:33,600 : INFO : SwitchController : <<<<<<< 's_right_flipper' inactive >>>>>>>
2025-11-25 07:23:33,734 : INFO : SwitchController : <<<<<<< 's_right_flipper' active >>>>>>>
2025-11-25 07:23:33,734 : INFO : EventManager : Event: ======'s_right_flipper_active'====== Args={}
2025-11-25 07:23:33,734 : INFO : EventManager : Event: ======'carousel_item_highlighted'====== Args={'carousel': 'attract', 'direction': 'forwards', 'item': 'credits'}
2025-11-25 07:23:33,817 : INFO : SwitchController : <<<<<<< 's_right_flipper' inactive >>>>>>>
2025-11-25 07:23:34,008 : INFO : Timer.attract_carousel_timer : Timer Complete
2025-11-25 07:23:34,008 : INFO : Timer.attract_carousel_timer : Stopping Timer
2025-11-25 07:23:34,008 : INFO : EventManager : Event: ======'timer_attract_carousel_timer_stopped'====== Args={'ticks': 1, 'ticks_remaining': 1}
2025-11-25 07:23:34,008 : INFO : EventManager : Event: ======'timer_attract_carousel_timer_complete'====== Args={'ticks': 1, 'ticks_remaining': 1}
2025-11-25 07:23:34,009 : INFO : EventManager : Event: ======'carousel_item_highlighted'====== Args={'carousel': 'attract', 'direction': 'forwards', 'item': 'mpf_and_cobrapin_logo'}
2025-11-25 07:23:34,009 : INFO : Timer.attract_carousel_timer : Starting Timer.
2025-11-25 07:23:34,009 : INFO : EventManager : Event: ======'timer_attract_carousel_timer_started'====== Args={'ticks': 0, 'ticks_remaining': 1}
2025-11-25 07:23:34,009 : INFO : EventManager : Event: ======'timer_attract_carousel_timer_tick'====== Args={'ticks': 0, 'ticks_remaining': 1}
2025-11-25 07:23:34,251 : INFO : SwitchController : <<<<<<< 's_right_flipper' active >>>>>>>
2025-11-25 07:23:34,251 : INFO : EventManager : Event: ======'s_right_flipper_active'====== Args={}
2025-11-25 07:23:34,252 : INFO : EventManager : Event: ======'carousel_item_highlighted'====== Args={'carousel': 'attract', 'direction': 'forwards', 'item': 'team_cherry'}
2025-11-25 07:23:34,385 : INFO : SwitchController : <<<<<<< 's_right_flipper' inactive >>>>>>>
2025-11-25 07:23:34,884 : INFO : SwitchController : <<<<<<< 's_left_flipper' active >>>>>>>
2025-11-25 07:23:34,884 : INFO : EventManager : Event: ======'s_left_flipper_active'====== Args={}
2025-11-25 07:23:34,885 : INFO : EventManager : Event: ======'carousel_item_highlighted'====== Args={'carousel': 'attract', 'direction': 'backwards', 'item': 'mpf_and_cobrapin_logo'}
2025-11-25 07:23:34,967 : INFO : SwitchController : <<<<<<< 's_left_flipper' inactive >>>>>>>
2025-11-25 07:23:35,834 : INFO : SwitchController : <<<<<<< 's_left_flipper' active >>>>>>>
2025-11-25 07:23:35,834 : INFO : EventManager : Event: ======'s_left_flipper_active'====== Args={}
2025-11-25 07:23:35,835 : INFO : EventManager : Event: ======'carousel_item_highlighted'====== Args={'carousel': 'attract', 'direction': 'backwards', 'item': 'credits'}
2025-11-25 07:23:35,952 : INFO : SwitchController : <<<<<<< 's_left_flipper' inactive >>>>>>>
2025-11-25 07:23:36,584 : INFO : SwitchController : <<<<<<< 's_left_flipper' active >>>>>>>
2025-11-25 07:23:36,584 : INFO : EventManager : Event: ======'s_left_flipper_active'====== Args={}
2025-11-25 07:23:36,585 : INFO : EventManager : Event: ======'carousel_item_highlighted'====== Args={'carousel': 'attract', 'direction': 'backwards', 'item': 'map'}
2025-11-25 07:23:36,700 : INFO : SwitchController : <<<<<<< 's_left_flipper' inactive >>>>>>>
2025-11-25 07:23:37,150 : INFO : SwitchController : <<<<<<< 's_left_flipper' active >>>>>>>
2025-11-25 07:23:37,151 : INFO : EventManager : Event: ======'s_left_flipper_active'====== Args={}
2025-11-25 07:23:37,151 : INFO : EventManager : Event: ======'carousel_item_highlighted'====== Args={'carousel': 'attract', 'direction': 'backwards', 'item': 'title'}
2025-11-25 07:23:37,234 : INFO : SwitchController : <<<<<<< 's_left_flipper' inactive >>>>>>>
2025-11-25 07:23:39,010 : INFO : Timer.attract_carousel_timer : Timer Complete
2025-11-25 07:23:39,011 : INFO : Timer.attract_carousel_timer : Stopping Timer
2025-11-25 07:23:39,011 : INFO : EventManager : Event: ======'timer_attract_carousel_timer_stopped'====== Args={'ticks': 1, 'ticks_remaining': 1}
2025-11-25 07:23:39,011 : INFO : EventManager : Event: ======'timer_attract_carousel_timer_complete'====== Args={'ticks': 1, 'ticks_remaining': 1}
2025-11-25 07:23:39,011 : INFO : EventManager : Event: ======'carousel_item_highlighted'====== Args={'carousel': 'attract', 'direction': 'forwards', 'item': 'map'}
2025-11-25 07:23:39,012 : INFO : Timer.attract_carousel_timer : Starting Timer.
2025-11-25 07:23:39,012 : INFO : EventManager : Event: ======'timer_attract_carousel_timer_started'====== Args={'ticks': 0, 'ticks_remaining': 1}
2025-11-25 07:23:39,012 : INFO : EventManager : Event: ======'timer_attract_carousel_timer_tick'====== Args={'ticks': 0, 'ticks_remaining': 1}
2025-11-25 07:23:42,500 : INFO : SwitchController : <<<<<<< 's_start' active >>>>>>>
2025-11-25 07:23:42,600 : INFO : SwitchController : <<<<<<< 's_start' inactive >>>>>>>
2025-11-25 07:23:42,600 : INFO : EventManager : Event: ======'request_to_start_game'====== Args={}
2025-11-25 07:23:42,601 : INFO : EventManager : Event: ======'game_start'====== Args={'buttons': [], 'hold_time': 0.09955654200166464}
2025-11-25 07:23:42,601 : INFO : EventManager : Event: ======'mode_game_will_start'====== Args={'buttons': [], 'hold_time': 0.09955654200166464}
2025-11-25 07:23:42,602 : INFO : EventManager : Event: ======'mode_game_starting'====== Args={'buttons': [], 'hold_time': 0.09955654200166464}
2025-11-25 07:23:42,602 : INFO : EventManager : Event: ======'mode_attract_will_stop'====== Args={}
2025-11-25 07:23:42,602 : INFO : EventManager : Event: ======'mode_attract_stopping'====== Args={}
2025-11-25 07:23:42,603 : INFO : Mode.attract : Stopped.
2025-11-25 07:23:42,603 : INFO : EventManager : Event: ======'modes_active_modes_changed'====== Args={}
2025-11-25 07:23:42,603 : INFO : EventManager : Event: ======'mode_attract_stopped'====== Args={}
2025-11-25 07:23:42,603 : INFO : EventManager : Event: ======'clear'====== Args={'key': 'attract'}
2025-11-25 07:23:42,604 : INFO : Timer.attract_carousel_timer : Stopping Timer
2025-11-25 07:23:42,604 : INFO : EventManager : Event: ======'timer_attract_carousel_timer_stopped'====== Args={'ticks': 0, 'ticks_remaining': 1}
2025-11-25 07:23:42,604 : INFO : Mode.game : Started. Priority: 20
2025-11-25 07:23:42,604 : INFO : EventManager : Event: ======'modes_active_modes_changed'====== Args={}
2025-11-25 07:23:42,604 : INFO : EventManager : Event: ======'mode_game_started'====== Args={'buttons': [], 'hold_time': 0.09955654200166464}
2025-11-25 07:23:42,605 : INFO : EventManager : Event: ======'game_will_start'====== Args={}
2025-11-25 07:23:42,606 : INFO : EventManager : Event: ======'game_starting'====== Args={'game': <Mode.game>}
2025-11-25 07:23:42,607 : INFO : EventManager : Unordered handler for class <Auditor> on event game_ended with priority 1. Handlers: [RegisteredHandler(callback=<bound method Auditor.disable of <Auditor>>, priority=1, kwargs={}, key=UUID('0524d9c4-4a06-48df-bc81-309acea9b049'), condition=None, blocking_facility=None), RegisteredHandler(callback=<bound method Auditor._save_audits of <Auditor>>, priority=1, kwargs={}, key=UUID('4a9dc806-c0d3-46da-bb85-322b984c1a09'), condition=None, blocking_facility=None)]. The order of those handlers is not defined and they will be executed in random order. This might lead to race conditions and potential bugs.
2025-11-25 07:23:42,607 : INFO : EventManager : Event: ======'player_add_request'====== Args={}
2025-11-25 07:23:42,607 : INFO : EventManager : Event: ======'player_will_add'====== Args={'number': 1}
2025-11-25 07:23:42,607 : INFO : EventManager : Event: ======'player_adding'====== Args={'player': <Player 1>, 'number': 1}
2025-11-25 07:23:42,607 : INFO : EventManager : Event: ======'player_added'====== Args={'player': <Player 1>, 'num': 1}
2025-11-25 07:23:42,608 : INFO : Mode.game : Player added successfully. Total players: 1
2025-11-25 07:23:42,608 : INFO : EventManager : Event: ======'player_index'====== Args={'value': 0, 'prev_value': 0, 'change': 0, 'player_num': 1}
2025-11-25 07:23:42,608 : INFO : EventManager : Event: ======'player_number'====== Args={'value': 1, 'prev_value': 1, 'change': 0, 'player_num': 1}
2025-11-25 07:23:42,608 : INFO : EventManager : Event: ======'player_score'====== Args={'value': 0, 'prev_value': 0, 'change': 0, 'player_num': 1}
2025-11-25 07:23:42,609 : INFO : EventManager : Event: ======'game_started'====== Args={}
2025-11-25 07:23:42,610 : INFO : EventManager : Event: ======'player_turn_will_start'====== Args={'player': <Player 1>, 'number': 1}
2025-11-25 07:23:42,610 : INFO : EventManager : Event: ======'player_turn_starting'====== Args={'player': <Player 1>, 'number': 1}
2025-11-25 07:23:42,623 : INFO : EventManager : Event: ======'player_ball'====== Args={'value': 1, 'prev_value': 0, 'change': 1, 'player_num': 1}
2025-11-25 07:23:42,624 : INFO : EventManager : Event: ======'player_turn_started'====== Args={'player': <Player 1>, 'number': 1}
2025-11-25 07:23:42,625 : INFO : EventManager : Event: ======'ball_will_start'====== Args={'player': 1, 'ball': 1, 'balls_remaining': 2, 'is_extra_ball': False}
2025-11-25 07:23:42,625 : INFO : EventManager : Event: ======'ball_starting'====== Args={'player': 1, 'ball': 1, 'balls_remaining': 2, 'is_extra_ball': False}
2025-11-25 07:23:42,625 : INFO : EventManager : Event: ======'mode_base_will_start'====== Args={'queue': <QueuedEvent>, 'player': 1, 'ball': 1, 'balls_remaining': 2, 'is_extra_ball': False}
2025-11-25 07:23:42,626 : INFO : EventManager : Event: ======'mode_base_starting'====== Args={'queue': <QueuedEvent>, 'player': 1, 'ball': 1, 'balls_remaining': 2, 'is_extra_ball': False}
2025-11-25 07:23:42,626 : INFO : Mode.base : Started. Priority: 100
2025-11-25 07:23:42,627 : INFO : EventManager : Event: ======'modes_active_modes_changed'====== Args={}
2025-11-25 07:23:42,627 : INFO : EventManager : Event: ======'mode_base_started'====== Args={'queue': <QueuedEvent>, 'player': 1, 'ball': 1, 'balls_remaining': 2, 'is_extra_ball': False}
2025-11-25 07:23:42,627 : INFO : EventManager : Event: ======'start_mode_right_orbit'====== Args={'priority': 0}
2025-11-25 07:23:42,627 : INFO : EventManager : Event: ======'mode_right_orbit_will_start'====== Args={'priority': 0}
2025-11-25 07:23:42,627 : INFO : EventManager : Event: ======'player_shot_right_orbit_enabled'====== Args={'value': True, 'prev_value': 0, 'change': 1, 'player_num': 1}
2025-11-25 07:23:42,628 : INFO : EventManager : Event: ======'mode_right_orbit_starting'====== Args={'priority': 0}
2025-11-25 07:23:42,628 : INFO : Mode.right_orbit : Started. Priority: 200
2025-11-25 07:23:42,628 : INFO : EventManager : Event: ======'modes_active_modes_changed'====== Args={}
2025-11-25 07:23:42,628 : INFO : EventManager : Event: ======'mode_right_orbit_started'====== Args={'priority': 0}
2025-11-25 07:23:42,628 : INFO : EventManager : Event: ======'balls_in_play'====== Args={'balls': 1}
2025-11-25 07:23:42,628 : INFO : EventManager : Event: ======'ball_started'====== Args={'player': 1, 'ball': 1, 'balls_remaining': 2, 'is_extra_ball': False}
2025-11-25 07:23:42,629 : INFO : EventManager : Event: ======'single_player_ball_started'====== Args={}
2025-11-25 07:23:42,629 : INFO : EventManager : Event: ======'ball_start_target'====== Args={'target': 'playfield'}
2025-11-25 07:23:42,629 : INFO : ball_device.bd_trough : Setting up player-controlled eject. Balls: 1, Target: <playfield.playfield>, player_controlled_eject_event: None
2025-11-25 07:23:42,629 : INFO : ball_device.bd_trough : Adding 1 ball(s) to the eject_queue with target <playfield.playfield>.
2025-11-25 07:23:42,629 : INFO : EventManager : Event: ======'balldevice_balls_available'====== Args={}
2025-11-25 07:23:42,630 : INFO : ball_device.bd_trough : State: waiting_for_target_ready
2025-11-25 07:23:42,630 : INFO : EventManager : Event: ======'balldevice_bd_trough_ball_eject_attempt'====== Args={'balls': 1, 'target': <ball_device.bd_plunger>, 'source': <ball_device.bd_trough>, 'mechanical_eject': False, 'num_attempts': 0}
2025-11-25 07:23:42,630 : INFO : ball_device.bd_plunger : State: waiting_for_ball
2025-11-25 07:23:42,630 : INFO : ball_device.bd_trough : State: ejecting
2025-11-25 07:23:42,630 : INFO : ball_device.bd_trough : Ejecting ball to <ball_device.bd_plunger>
2025-11-25 07:23:42,630 : INFO : EventManager : Event: ======'balldevice_bd_trough_ejecting_ball'====== Args={'balls': 1, 'target': <ball_device.bd_plunger>, 'source': <ball_device.bd_trough>, 'mechanical_eject': False, 'num_attempts': 0}
2025-11-25 07:23:42,630 : INFO : ball_device.bd_trough : Wait for ball to leave device
2025-11-25 07:23:42,630 : INFO : coil.c_trough_eject : Pulsing Driver for 10ms (1.0 pulse_power)
2025-11-25 07:23:42,713 : INFO : EventManager : Event: ======'slide_base_created'====== Args={'_from_bcp': True}
2025-11-25 07:23:42,713 : INFO : EventManager : Event: ======'slide_attract_inactive'====== Args={'is_removing': True, '_from_bcp': True}
2025-11-25 07:23:42,714 : INFO : EventManager : Event: ======'slide_base_active'====== Args={'original_context': 'base', 'original_calling_context': 'mode_base_started', 'priority': 100.0, 'queue': '<QueuedEvent>', 'player': 1.0, 'ball': 1.0, 'balls_remaining': 2.0, 'is_extra_ball': False, 'cmd': 'slides_play', '_from_bcp': True}
2025-11-25 07:23:42,714 : INFO : EventManager : Event: ======'slide_attract_removed'====== Args={'_from_bcp': True}
2025-11-25 07:23:52,632 : INFO : EventManager : Event: ======'balldevice_bd_trough_ball_eject_failed'====== Args={'target': <ball_device.bd_plunger>, 'balls': 1, 'retry': True, 'num_attempts': 1}
2025-11-25 07:23:52,635 : INFO : ball_device.bd_trough : State: waiting_for_target_ready
2025-11-25 07:23:52,636 : INFO : EventManager : Event: ======'balldevice_bd_trough_ball_eject_attempt'====== Args={'balls': 1, 'target': <ball_device.bd_plunger>, 'source': <ball_device.bd_trough>, 'mechanical_eject': False, 'num_attempts': 1}
2025-11-25 07:23:52,636 : INFO : ball_device.bd_trough : State: ejecting
2025-11-25 07:23:52,636 : INFO : ball_device.bd_trough : Ejecting ball to <ball_device.bd_plunger>
2025-11-25 07:23:52,636 : INFO : EventManager : Event: ======'balldevice_bd_trough_ejecting_ball'====== Args={'balls': 1, 'target': <ball_device.bd_plunger>, 'source': <ball_device.bd_trough>, 'mechanical_eject': False, 'num_attempts': 1}
2025-11-25 07:23:52,637 : INFO : ball_device.bd_trough : Wait for ball to leave device
2025-11-25 07:23:52,637 : INFO : coil.c_trough_eject : Pulsing Driver for 10ms (1.0 pulse_power)
2025-11-25 07:23:52,666 : INFO : SwitchController : <<<<<<< 's_trough_1' inactive >>>>>>>
2025-11-25 07:23:52,668 : INFO : ball_device.bd_trough : State: ball_left
2025-11-25 07:23:52,668 : INFO : ball_device.bd_trough : Ball left
2025-11-25 07:23:52,668 : INFO : ball_device.bd_trough : Wait for confirm with timeout 10.0
2025-11-25 07:23:52,817 : INFO : SwitchController : <<<<<<< 's_right_orbit' active >>>>>>>
2025-11-25 07:23:52,817 : INFO : EventManager : Event: ======'playfield_active'====== Args={'source': 'right_orbit'}
2025-11-25 07:23:52,817 : INFO : EventManager : Event: ======'unexpected_ball_on_playfield'====== Args={}
2025-11-25 07:23:52,817 : INFO : EventManager : Event: ======'s_right_orbit_active'====== Args={}
2025-11-25 07:23:52,817 : INFO : EventManager : Event: ======'machine_var_audits_switches_s_right_orbit'====== Args={'value': 198, 'prev_value': 197, 'change': 1}
2025-11-25 07:23:52,819 : INFO : EventManager : Event: ======'player_shot_right_orbit'====== Args={'value': 1, 'prev_value': 0, 'change': 1, 'player_num': 1}
2025-11-25 07:23:52,819 : INFO : EventManager : Event: ======'machine_var_audits_shots_right_orbit'====== Args={'value': 177, 'prev_value': 176, 'change': 1}
2025-11-25 07:23:52,820 : INFO : EventManager : Event: ======'right_orbit_hit'====== Args={'profile': 'default', 'state': 'unlit', 'advancing': True}
2025-11-25 07:23:52,820 : INFO : EventManager : Event: ======'right_orbit_default_hit'====== Args={'profile': 'default', 'state': 'unlit', 'advancing': True}
2025-11-25 07:23:52,820 : INFO : EventManager : Event: ======'right_orbit_default_unlit_hit'====== Args={'profile': 'default', 'state': 'unlit', 'advancing': True}
2025-11-25 07:23:52,820 : INFO : EventManager : Event: ======'right_orbit_unlit_hit'====== Args={'profile': 'default', 'state': 'unlit', 'advancing': True}
2025-11-25 07:23:52,820 : INFO : EventManager : Event: ======'player_score'====== Args={'value': 5000, 'prev_value': 0, 'change': 5000, 'player_num': 1, 'source': 'right_orbit'}
2025-11-25 07:23:52,933 : INFO : SwitchController : <<<<<<< 's_right_orbit' inactive >>>>>>>
2025-11-25 07:23:54,584 : INFO : SwitchController : <<<<<<< 's_plunger_lane' active >>>>>>>
2025-11-25 07:23:54,584 : INFO : EventManager : Event: ======'machine_var_audits_switches_s_plunger_lane'====== Args={'value': 134, 'prev_value': 133, 'change': 1}
2025-11-25 07:23:54,733 : INFO : SwitchController : <<<<<<< 's_plunger_lane' inactive >>>>>>>
2025-11-25 07:23:55,433 : INFO : SwitchController : <<<<<<< 's_saucer' active >>>>>>>
2025-11-25 07:23:55,434 : INFO : EventManager : Event: ======'machine_var_audits_switches_s_saucer'====== Args={'value': 5, 'prev_value': 4, 'change': 1}
2025-11-25 07:23:55,584 : INFO : SwitchController : <<<<<<< 's_saucer' inactive >>>>>>>
2025-11-25 07:23:55,716 : INFO : SwitchController : <<<<<<< 's_saucer' active >>>>>>>
2025-11-25 07:23:55,717 : INFO : EventManager : Event: ======'machine_var_audits_switches_s_saucer'====== Args={'value': 6, 'prev_value': 5, 'change': 1}
2025-11-25 07:23:55,783 : INFO : SwitchController : <<<<<<< 's_saucer' inactive >>>>>>>
2025-11-25 07:23:55,916 : INFO : SwitchController : <<<<<<< 's_saucer' active >>>>>>>
2025-11-25 07:23:55,917 : INFO : EventManager : Event: ======'machine_var_audits_switches_s_saucer'====== Args={'value': 7, 'prev_value': 6, 'change': 1}
2025-11-25 07:23:55,983 : INFO : SwitchController : <<<<<<< 's_saucer' inactive >>>>>>>
2025-11-25 07:23:57,941 : INFO : Machine : Shutting down...
2025-11-25 07:23:57,942 : INFO : EventManager : Event: ======'shutdown'====== Args={}
2025-11-25 07:23:57,943 : INFO : EventManager : Event: ======'mode_game_will_stop'====== Args={}
2025-11-25 07:23:57,944 : INFO : EventManager : Event: ======'mode_game_stopping'====== Args={}
2025-11-25 07:23:57,945 : INFO : EventManager : Event: ======'mode_base_will_stop'====== Args={}
2025-11-25 07:23:57,945 : INFO : EventManager : Event: ======'mode_base_stopping'====== Args={}
2025-11-25 07:23:57,946 : INFO : EventManager : Event: ======'mode_right_orbit_will_stop'====== Args={}
2025-11-25 07:23:57,946 : INFO : EventManager : Event: ======'mode_right_orbit_stopping'====== Args={}
2025-11-25 07:23:57,946 : INFO : EventManager : Event: ======'stop_mode_right_orbit'====== Args={'priority': 0}
2025-11-25 07:23:57,946 : INFO : Mode.right_orbit : Stopped.
2025-11-25 07:23:57,946 : INFO : EventManager : Event: ======'modes_active_modes_changed'====== Args={}
2025-11-25 07:23:57,946 : INFO : EventManager : Event: ======'mode_right_orbit_stopped'====== Args={}
2025-11-25 07:23:57,946 : INFO : EventManager : Event: ======'clear'====== Args={'key': 'right_orbit'}
2025-11-25 07:23:57,946 : INFO : Mode.base : Stopped.
2025-11-25 07:23:57,947 : INFO : EventManager : Event: ======'modes_active_modes_changed'====== Args={}
2025-11-25 07:23:57,947 : INFO : EventManager : Event: ======'mode_base_stopped'====== Args={}
2025-11-25 07:23:57,947 : INFO : EventManager : Event: ======'clear'====== Args={'key': 'base'}
2025-11-25 07:23:57,947 : INFO : Mode.game : Stopped.
2025-11-25 07:23:57,947 : INFO : EventManager : Event: ======'modes_active_modes_changed'====== Args={}
2025-11-25 07:23:57,947 : INFO : EventManager : Event: ======'mode_game_stopped'====== Args={}
2025-11-25 07:23:57,947 : INFO : EventManager : Event: ======'clear'====== Args={'key': 'game'}
2025-11-25 07:23:57,950 : INFO : root : MPF run loop ended.
