2025-11-25 06:50:31,540 : INFO : root : Loading config.
2025-11-25 06:50:31,541 : INFO : YamlMultifileConfigLoader : Machine config file #1: config.yaml
2025-11-25 06:50:31,541 : INFO : ConfigProcessor : Loading config from cache: /var/folders/k0/j_dpx55x4kndbs36pl2nt9l00000gn/T/92f7f295141fbdde09e201e7fd0f1349.mpf_cache
2025-11-25 06:50:31,563 : INFO : ConfigProcessor : Loading config from cache: /var/folders/k0/j_dpx55x4kndbs36pl2nt9l00000gn/T/7b77bdcd1da4c54cc720d492bab55a0d.mpf_cache
2025-11-25 06:50:31,564 : INFO : ConfigProcessor : Loading config from cache: /var/folders/k0/j_dpx55x4kndbs36pl2nt9l00000gn/T/501e18c1625d42f1ba9bf53b020c49c5.mpf_cache
2025-11-25 06:50:31,564 : INFO : ConfigProcessor : Loading config from cache: /var/folders/k0/j_dpx55x4kndbs36pl2nt9l00000gn/T/7b77bdcd1da4c54cc720d492bab55a0d.mpf_cache
2025-11-25 06:50:31,564 : INFO : ConfigProcessor : Loading config from cache: /var/folders/k0/j_dpx55x4kndbs36pl2nt9l00000gn/T/dda6f4da00898f9f0a4796a41d9a2ef0.mpf_cache
2025-11-25 06:50:31,564 : INFO : ConfigProcessor : Loading config from cache: /var/folders/k0/j_dpx55x4kndbs36pl2nt9l00000gn/T/522fc819f659907ecbd91e12554f307a.mpf_cache
2025-11-25 06:50:31,564 : INFO : Machine : Mission Pinball Framework Core Engine v0.80.0.dev11
2025-11-25 06:50:31,564 : INFO : Machine : Command line arguments: {'no_load_cache': False, 'create_config_cache': True, 'bcp': True, 'configfile': ['config.yaml'], 'force_assets_load': False, 'platform_integration_test': False, 'jsonlogging': False, 'logfile': 'logs/2025-11-25-06-50-31-mpf-Sams-MacBook-Air-2.local.log', 'pause': False, 'production': False, 'text_ui': True, 'loglevel': 15, 'consoleloglevel': 20, 'force_platform': 'virtual', 'syslog_address': None, 'full_logfile_path': '/Users/samhughes/Desktop/Hollow-Knight-Pinball/logs/2025-11-25-06-50-31-mpf-Sams-MacBook-Air-2.local.log'}
2025-11-25 06:50:31,564 : INFO : Machine : MPF path: /Users/samhughes/mpf/lib/python3.13/site-packages/mpf
2025-11-25 06:50:31,564 : INFO : Machine : Machine path: /Users/samhughes/Desktop/Hollow-Knight-Pinball
2025-11-25 06:50:31,564 : INFO : Machine : Platform: darwin
2025-11-25 06:50:31,564 : INFO : Machine : Python executable location: /Users/samhughes/mpf/bin/python3.13
2025-11-25 06:50:31,564 : INFO : Machine : Python version: 3.13.2 (64-bit)
2025-11-25 06:50:31,565 : INFO : Machine : Initializing MPF...
2025-11-25 06:50:31,593 : INFO : EventManager : Event: ======'machine_var_credits_string'====== Args={'value': 'FREE PLAY', 'prev_value': None, 'change': True}
2025-11-25 06:50:31,597 : INFO : EventManager : Event: ======'machine_var_master_volume'====== Args={'value': 0.5, 'prev_value': None, 'change': True}
2025-11-25 06:50:31,597 : INFO : EventManager : Event: ======'machine_var_mpf_version'====== Args={'value': 'Mission Pinball Framework v0.80.0.dev11', 'prev_value': None, 'change': True}
2025-11-25 06:50:31,597 : INFO : EventManager : Event: ======'machine_var_mpf_extended_version'====== Args={'value': 'Mission Pinball Framework v0.80.0.dev11, Config version:6, Show version: 6, BCP version:1.1', 'prev_value': None, 'change': True}
2025-11-25 06:50:31,597 : INFO : EventManager : Event: ======'machine_var_python_version'====== Args={'value': '3.13.2', 'prev_value': None, 'change': True}
2025-11-25 06:50:31,603 : INFO : EventManager : Event: ======'machine_var_platform'====== Args={'value': 'macOS-15.6.1-arm64-arm-64bit-Mach-O', 'prev_value': None, 'change': True}
2025-11-25 06:50:31,603 : INFO : EventManager : Event: ======'machine_var_platform_system'====== Args={'value': 'Darwin', 'prev_value': None, 'change': True}
2025-11-25 06:50:31,603 : INFO : EventManager : Event: ======'machine_var_platform_release'====== Args={'value': '24.6.0', 'prev_value': None, 'change': True}
2025-11-25 06:50:31,603 : INFO : EventManager : Event: ======'machine_var_platform_version'====== Args={'value': 'Darwin Kernel Version 24.6.0: Mon Jul 14 11:29:54 PDT 2025; root:xnu-11417.140.69~1/RELEASE_ARM64_T8122', 'prev_value': None, 'change': True}
2025-11-25 06:50:31,603 : INFO : EventManager : Event: ======'machine_var_platform_machine'====== Args={'value': 'arm64', 'prev_value': None, 'change': True}
2025-11-25 06:50:31,603 : INFO : EventManager : Event: ======'machine_var_log_file_path'====== Args={'value': '/Users/samhughes/Desktop/Hollow-Knight-Pinball/logs/2025-11-25-06-50-31-mpf-Sams-MacBook-Air-2.local.log', 'prev_value': None, 'change': True}
2025-11-25 06:50:31,603 : INFO : EventManager : Event: ======'init_phase_1'====== Args={}
2025-11-25 06:50:31,608 : INFO : EventManager : Event: ======'init_phase_2'====== Args={}
2025-11-25 06:50:31,608 : INFO : SwitchController : Found active switch: (1002, <Platform.Virtual>) <switch.s_trough_1>
2025-11-25 06:50:31,608 : INFO : SwitchController : Found active switch: (1003, <Platform.Virtual>) <switch.s_trough_2>
2025-11-25 06:50:31,608 : INFO : SwitchController : Found active switch: (1004, <Platform.Virtual>) <switch.s_trough_3>
2025-11-25 06:50:31,609 : INFO : EventManager : Event: ======'bcp_connection_attempt'====== Args={'name': 'local_display', 'host': 'localhost', 'port': 5050}
2025-11-25 06:50:31,609 : INFO : BCPClientSocket : Connecting BCP to 'local_display' at localhost:5050...
2025-11-25 06:50:31,612 : INFO : BCPClientSocket : Connected BCP to 'local_display' localhost:5050
2025-11-25 06:50:31,612 : INFO : EventManager : Event: ======'bcp_clients_connected'====== Args={}
2025-11-25 06:50:31,613 : INFO : ball_device.bd_trough : BCH: Initial count: 3
2025-11-25 06:50:31,613 : INFO : ball_device.bd_trough : State: idle
2025-11-25 06:50:31,613 : INFO : ball_device.bd_plunger : BCH: Initial count: 0
2025-11-25 06:50:31,613 : INFO : ball_device.bd_plunger : State: idle
2025-11-25 06:50:31,618 : INFO : EventManager : Event: ======'init_phase_3'====== Args={}
2025-11-25 06:50:31,619 : INFO : EventManager : Event: ======'init_phase_4'====== Args={}
2025-11-25 06:50:31,620 : INFO : BallController : Initial balls found: 3
2025-11-25 06:50:31,620 : INFO : EventManager : Event: ======'machine_var_audits_events_game_ended'====== Args={'value': 0, 'prev_value': None, 'change': True}
2025-11-25 06:50:31,620 : INFO : EventManager : Event: ======'machine_var_audits_events_game_started'====== Args={'value': 9, 'prev_value': None, 'change': True}
2025-11-25 06:50:31,620 : INFO : EventManager : Event: ======'machine_var_audits_missing_switches_s_back_left_target'====== Args={'value': 9, 'prev_value': None, 'change': True}
2025-11-25 06:50:31,620 : INFO : EventManager : Event: ======'machine_var_audits_missing_switches_s_back_middle_left_target'====== Args={'value': 7, 'prev_value': None, 'change': True}
2025-11-25 06:50:31,620 : INFO : EventManager : Event: ======'machine_var_audits_missing_switches_s_back_middle_right_target'====== Args={'value': 7, 'prev_value': None, 'change': True}
2025-11-25 06:50:31,620 : INFO : EventManager : Event: ======'machine_var_audits_missing_switches_s_back_right_target'====== Args={'value': 7, 'prev_value': None, 'change': True}
2025-11-25 06:50:31,620 : INFO : EventManager : Event: ======'machine_var_audits_missing_switches_s_bottom_left_slingshot'====== Args={'value': 9, 'prev_value': None, 'change': True}
2025-11-25 06:50:31,620 : INFO : EventManager : Event: ======'machine_var_audits_missing_switches_s_bottom_right_slingshot'====== Args={'value': 9, 'prev_value': None, 'change': True}
2025-11-25 06:50:31,620 : INFO : EventManager : Event: ======'machine_var_audits_missing_switches_s_front_left_target'====== Args={'value': 9, 'prev_value': None, 'change': True}
2025-11-25 06:50:31,620 : INFO : EventManager : Event: ======'machine_var_audits_missing_switches_s_front_middle_target'====== Args={'value': 7, 'prev_value': None, 'change': True}
2025-11-25 06:50:31,620 : INFO : EventManager : Event: ======'machine_var_audits_missing_switches_s_front_right_target'====== Args={'value': 7, 'prev_value': None, 'change': True}
2025-11-25 06:50:31,620 : INFO : EventManager : Event: ======'machine_var_audits_missing_switches_s_lane_to_pop'====== Args={'value': 7, 'prev_value': None, 'change': True}
2025-11-25 06:50:31,620 : INFO : EventManager : Event: ======'machine_var_audits_missing_switches_s_left_flipper'====== Args={'value': 9, 'prev_value': None, 'change': True}
2025-11-25 06:50:31,620 : INFO : EventManager : Event: ======'machine_var_audits_missing_switches_s_left_inlane'====== Args={'value': 7, 'prev_value': None, 'change': True}
2025-11-25 06:50:31,620 : INFO : EventManager : Event: ======'machine_var_audits_missing_switches_s_left_orbit'====== Args={'value': 7, 'prev_value': None, 'change': True}
2025-11-25 06:50:31,620 : INFO : EventManager : Event: ======'machine_var_audits_missing_switches_s_left_outlane'====== Args={'value': 7, 'prev_value': None, 'change': True}
2025-11-25 06:50:31,620 : INFO : EventManager : Event: ======'machine_var_audits_missing_switches_s_pop_bumper'====== Args={'value': 9, 'prev_value': None, 'change': True}
2025-11-25 06:50:31,620 : INFO : EventManager : Event: ======'machine_var_audits_missing_switches_s_ramp'====== Args={'value': 7, 'prev_value': None, 'change': True}
2025-11-25 06:50:31,620 : INFO : EventManager : Event: ======'machine_var_audits_missing_switches_s_right_flipper'====== Args={'value': 9, 'prev_value': None, 'change': True}
2025-11-25 06:50:31,620 : INFO : EventManager : Event: ======'machine_var_audits_missing_switches_s_right_inlane'====== Args={'value': 7, 'prev_value': None, 'change': True}
2025-11-25 06:50:31,620 : INFO : EventManager : Event: ======'machine_var_audits_missing_switches_s_right_outlane'====== Args={'value': 7, 'prev_value': None, 'change': True}
2025-11-25 06:50:31,620 : INFO : EventManager : Event: ======'machine_var_audits_missing_switches_s_saucer'====== Args={'value': 7, 'prev_value': None, 'change': True}
2025-11-25 06:50:31,620 : INFO : EventManager : Event: ======'machine_var_audits_missing_switches_s_top_left_slingshot'====== Args={'value': 9, 'prev_value': None, 'change': True}
2025-11-25 06:50:31,620 : INFO : EventManager : Event: ======'machine_var_audits_missing_switches_s_top_right_slingshot'====== Args={'value': 9, 'prev_value': None, 'change': True}
2025-11-25 06:50:31,620 : INFO : EventManager : Event: ======'machine_var_audits_missing_switches_s_vuk'====== Args={'value': 7, 'prev_value': None, 'change': True}
2025-11-25 06:50:31,620 : INFO : EventManager : Event: ======'machine_var_audits_player_score'====== Args={'value': {'average': 0, 'top': [], 'total': 0}, 'prev_value': None, 'change': True}
2025-11-25 06:50:31,620 : INFO : EventManager : Event: ======'machine_var_audits_shots_right_orbit'====== Args={'value': 128, 'prev_value': None, 'change': True}
2025-11-25 06:50:31,620 : INFO : EventManager : Event: ======'machine_var_audits_switches_s_back_left_target'====== Args={'value': 0, 'prev_value': None, 'change': True}
2025-11-25 06:50:31,620 : INFO : EventManager : Event: ======'machine_var_audits_switches_s_back_middle_left_target'====== Args={'value': 1, 'prev_value': None, 'change': True}
2025-11-25 06:50:31,620 : INFO : EventManager : Event: ======'machine_var_audits_switches_s_back_middle_right_target'====== Args={'value': 1, 'prev_value': None, 'change': True}
2025-11-25 06:50:31,620 : INFO : EventManager : Event: ======'machine_var_audits_switches_s_back_right_target'====== Args={'value': 1, 'prev_value': None, 'change': True}
2025-11-25 06:50:31,621 : INFO : EventManager : Event: ======'machine_var_audits_switches_s_bottom_left_slingshot'====== Args={'value': 0, 'prev_value': None, 'change': True}
2025-11-25 06:50:31,621 : INFO : EventManager : Event: ======'machine_var_audits_switches_s_bottom_right_slingshot'====== Args={'value': 0, 'prev_value': None, 'change': True}
2025-11-25 06:50:31,621 : INFO : EventManager : Event: ======'machine_var_audits_switches_s_front_left_target'====== Args={'value': 0, 'prev_value': None, 'change': True}
2025-11-25 06:50:31,621 : INFO : EventManager : Event: ======'machine_var_audits_switches_s_front_middle_target'====== Args={'value': 1, 'prev_value': None, 'change': True}
2025-11-25 06:50:31,621 : INFO : EventManager : Event: ======'machine_var_audits_switches_s_front_right_target'====== Args={'value': 1, 'prev_value': None, 'change': True}
2025-11-25 06:50:31,621 : INFO : EventManager : Event: ======'machine_var_audits_switches_s_lane_to_pop'====== Args={'value': 2, 'prev_value': None, 'change': True}
2025-11-25 06:50:31,621 : INFO : EventManager : Event: ======'machine_var_audits_switches_s_left_flipper'====== Args={'value': 0, 'prev_value': None, 'change': True}
2025-11-25 06:50:31,621 : INFO : EventManager : Event: ======'machine_var_audits_switches_s_left_inlane'====== Args={'value': 1, 'prev_value': None, 'change': True}
2025-11-25 06:50:31,621 : INFO : EventManager : Event: ======'machine_var_audits_switches_s_left_orbit'====== Args={'value': 2, 'prev_value': None, 'change': True}
2025-11-25 06:50:31,621 : INFO : EventManager : Event: ======'machine_var_audits_switches_s_left_outlane'====== Args={'value': 1, 'prev_value': None, 'change': True}
2025-11-25 06:50:31,621 : INFO : EventManager : Event: ======'machine_var_audits_switches_s_plunger_lane'====== Args={'value': 58, 'prev_value': None, 'change': True}
2025-11-25 06:50:31,621 : INFO : EventManager : Event: ======'machine_var_audits_switches_s_pop_bumper'====== Args={'value': 0, 'prev_value': None, 'change': True}
2025-11-25 06:50:31,621 : INFO : EventManager : Event: ======'machine_var_audits_switches_s_ramp'====== Args={'value': 2, 'prev_value': None, 'change': True}
2025-11-25 06:50:31,621 : INFO : EventManager : Event: ======'machine_var_audits_switches_s_right_flipper'====== Args={'value': 0, 'prev_value': None, 'change': True}
2025-11-25 06:50:31,621 : INFO : EventManager : Event: ======'machine_var_audits_switches_s_right_inlane'====== Args={'value': 1, 'prev_value': None, 'change': True}
2025-11-25 06:50:31,621 : INFO : EventManager : Event: ======'machine_var_audits_switches_s_right_orbit'====== Args={'value': 142, 'prev_value': None, 'change': True}
2025-11-25 06:50:31,621 : INFO : EventManager : Event: ======'machine_var_audits_switches_s_right_outlane'====== Args={'value': 1, 'prev_value': None, 'change': True}
2025-11-25 06:50:31,621 : INFO : EventManager : Event: ======'machine_var_audits_switches_s_saucer'====== Args={'value': 4, 'prev_value': None, 'change': True}
2025-11-25 06:50:31,621 : INFO : EventManager : Event: ======'machine_var_audits_switches_s_start'====== Args={'value': 16, 'prev_value': None, 'change': True}
2025-11-25 06:50:31,621 : INFO : EventManager : Event: ======'machine_var_audits_switches_s_top_left_slingshot'====== Args={'value': 0, 'prev_value': None, 'change': True}
2025-11-25 06:50:31,621 : INFO : EventManager : Event: ======'machine_var_audits_switches_s_top_right_slingshot'====== Args={'value': 0, 'prev_value': None, 'change': True}
2025-11-25 06:50:31,621 : INFO : EventManager : Event: ======'machine_var_audits_switches_s_trough_1'====== Args={'value': 2, 'prev_value': None, 'change': True}
2025-11-25 06:50:31,621 : INFO : EventManager : Event: ======'machine_var_audits_switches_s_trough_2'====== Args={'value': 4, 'prev_value': None, 'change': True}
2025-11-25 06:50:31,621 : INFO : EventManager : Event: ======'machine_var_audits_switches_s_trough_3'====== Args={'value': 27, 'prev_value': None, 'change': True}
2025-11-25 06:50:31,621 : INFO : EventManager : Event: ======'machine_var_audits_switches_s_vuk'====== Args={'value': 2, 'prev_value': None, 'change': True}
2025-11-25 06:50:31,621 : INFO : EventManager : Event: ======'init_phase_5'====== Args={}
2025-11-25 06:50:31,621 : INFO : EventManager : Event: ======'init_done'====== Args={}
2025-11-25 06:50:31,621 : INFO : EventManager : Event: ======'machine_reset_phase_1'====== Args={}
2025-11-25 06:50:31,627 : INFO : EventManager : Event: ======'machine_reset_phase_2'====== Args={}
2025-11-25 06:50:31,627 : INFO : EventManager : Event: ======'machine_reset_phase_3'====== Args={}
2025-11-25 06:50:31,627 : INFO : EventManager : Event: ======'reset_complete'====== Args={}
2025-11-25 06:50:31,627 : INFO : EventManager : Event: ======'mode_attract_will_start'====== Args={}
2025-11-25 06:50:31,627 : INFO : Timer.attract_carousel_timer : Starting Timer.
2025-11-25 06:50:31,627 : INFO : EventManager : Event: ======'timer_attract_carousel_timer_started'====== Args={'ticks': 0, 'ticks_remaining': 1}
2025-11-25 06:50:31,627 : INFO : EventManager : Event: ======'timer_attract_carousel_timer_tick'====== Args={'ticks': 0, 'ticks_remaining': 1}
2025-11-25 06:50:31,628 : INFO : EventManager : Event: ======'mode_attract_starting'====== Args={}
2025-11-25 06:50:31,628 : INFO : Mode.attract : Started. Priority: 10
2025-11-25 06:50:31,628 : INFO : EventManager : Event: ======'modes_active_modes_changed'====== Args={}
2025-11-25 06:50:31,628 : INFO : EventManager : Event: ======'mode_attract_started'====== Args={}
2025-11-25 06:50:31,628 : INFO : EventManager : Event: ======'collecting_balls_complete'====== Args={}
2025-11-25 06:50:31,628 : INFO : EventManager : Event: ======'carousel_item_highlighted'====== Args={'carousel': 'attract', 'direction': None, 'item': 'title'}
2025-11-25 06:50:31,629 : INFO : Machine : Starting the main run loop with active modes: [<Mode.attract>]
2025-11-25 06:50:31,757 : INFO : EventManager : Event: ======'slide_attract_created'====== Args={'_from_bcp': True}
2025-11-25 06:50:31,757 : INFO : EventManager : Event: ======'slide__removed'====== Args={'_from_bcp': True}
2025-11-25 06:50:31,758 : INFO : EventManager : Event: ======'slide_attract_active'====== Args={'original_context': 'attract', 'original_calling_context': 'mode_attract_started', 'priority': 10.0, 'cmd': 'slides_play', '_from_bcp': True}
2025-11-25 06:50:33,978 : INFO : SwitchController : <<<<<<< 's_start' active >>>>>>>
2025-11-25 06:50:34,078 : INFO : SwitchController : <<<<<<< 's_start' inactive >>>>>>>
2025-11-25 06:50:34,078 : INFO : EventManager : Event: ======'request_to_start_game'====== Args={}
2025-11-25 06:50:34,079 : INFO : EventManager : Event: ======'game_start'====== Args={'buttons': [], 'hold_time': 0.09966499998699874}
2025-11-25 06:50:34,079 : INFO : EventManager : Event: ======'mode_game_will_start'====== Args={'buttons': [], 'hold_time': 0.09966499998699874}
2025-11-25 06:50:34,080 : INFO : EventManager : Event: ======'mode_game_starting'====== Args={'buttons': [], 'hold_time': 0.09966499998699874}
2025-11-25 06:50:34,080 : INFO : EventManager : Event: ======'mode_attract_will_stop'====== Args={}
2025-11-25 06:50:34,080 : INFO : EventManager : Event: ======'mode_attract_stopping'====== Args={}
2025-11-25 06:50:34,080 : INFO : Mode.attract : Stopped.
2025-11-25 06:50:34,080 : INFO : EventManager : Event: ======'modes_active_modes_changed'====== Args={}
2025-11-25 06:50:34,081 : INFO : EventManager : Event: ======'mode_attract_stopped'====== Args={}
2025-11-25 06:50:34,081 : INFO : EventManager : Event: ======'clear'====== Args={'key': 'attract'}
2025-11-25 06:50:34,082 : INFO : Timer.attract_carousel_timer : Stopping Timer
2025-11-25 06:50:34,082 : INFO : EventManager : Event: ======'timer_attract_carousel_timer_stopped'====== Args={'ticks': 0, 'ticks_remaining': 1}
2025-11-25 06:50:34,082 : INFO : Mode.game : Started. Priority: 20
2025-11-25 06:50:34,082 : INFO : EventManager : Event: ======'modes_active_modes_changed'====== Args={}
2025-11-25 06:50:34,082 : INFO : EventManager : Event: ======'mode_game_started'====== Args={'buttons': [], 'hold_time': 0.09966499998699874}
2025-11-25 06:50:34,083 : INFO : EventManager : Event: ======'game_will_start'====== Args={}
2025-11-25 06:50:34,083 : INFO : EventManager : Event: ======'game_starting'====== Args={'game': <Mode.game>}
2025-11-25 06:50:34,084 : INFO : EventManager : Unordered handler for class <Auditor> on event game_ended with priority 1. Handlers: [RegisteredHandler(callback=<bound method Auditor.disable of <Auditor>>, priority=1, kwargs={}, key=UUID('8f2f941e-568f-4138-be0c-ece5c6c40c9e'), condition=None, blocking_facility=None), RegisteredHandler(callback=<bound method Auditor._save_audits of <Auditor>>, priority=1, kwargs={}, key=UUID('919df505-ca00-4c20-817c-89f646fb06db'), condition=None, blocking_facility=None)]. The order of those handlers is not defined and they will be executed in random order. This might lead to race conditions and potential bugs.
2025-11-25 06:50:34,085 : INFO : EventManager : Event: ======'player_add_request'====== Args={}
2025-11-25 06:50:34,085 : INFO : EventManager : Event: ======'player_will_add'====== Args={'number': 1}
2025-11-25 06:50:34,085 : INFO : EventManager : Event: ======'player_adding'====== Args={'player': <Player 1>, 'number': 1}
2025-11-25 06:50:34,085 : INFO : EventManager : Event: ======'player_added'====== Args={'player': <Player 1>, 'num': 1}
2025-11-25 06:50:34,085 : INFO : Mode.game : Player added successfully. Total players: 1
2025-11-25 06:50:34,085 : INFO : EventManager : Event: ======'player_index'====== Args={'value': 0, 'prev_value': 0, 'change': 0, 'player_num': 1}
2025-11-25 06:50:34,086 : INFO : EventManager : Event: ======'player_number'====== Args={'value': 1, 'prev_value': 1, 'change': 0, 'player_num': 1}
2025-11-25 06:50:34,086 : INFO : EventManager : Event: ======'player_score'====== Args={'value': 0, 'prev_value': 0, 'change': 0, 'player_num': 1}
2025-11-25 06:50:34,087 : INFO : EventManager : Event: ======'game_started'====== Args={}
2025-11-25 06:50:34,087 : INFO : EventManager : Event: ======'player_turn_will_start'====== Args={'player': <Player 1>, 'number': 1}
2025-11-25 06:50:34,088 : INFO : EventManager : Event: ======'player_turn_starting'====== Args={'player': <Player 1>, 'number': 1}
2025-11-25 06:50:34,095 : INFO : EventManager : Event: ======'player_ball'====== Args={'value': 1, 'prev_value': 0, 'change': 1, 'player_num': 1}
2025-11-25 06:50:34,097 : INFO : EventManager : Event: ======'player_turn_started'====== Args={'player': <Player 1>, 'number': 1}
2025-11-25 06:50:34,101 : INFO : EventManager : Event: ======'ball_will_start'====== Args={'player': 1, 'ball': 1, 'balls_remaining': 2, 'is_extra_ball': False}
2025-11-25 06:50:34,101 : INFO : EventManager : Event: ======'ball_starting'====== Args={'player': 1, 'ball': 1, 'balls_remaining': 2, 'is_extra_ball': False}
2025-11-25 06:50:34,101 : INFO : EventManager : Event: ======'mode_base_will_start'====== Args={'queue': <QueuedEvent>, 'player': 1, 'ball': 1, 'balls_remaining': 2, 'is_extra_ball': False}
2025-11-25 06:50:34,102 : INFO : EventManager : Event: ======'mode_base_starting'====== Args={'queue': <QueuedEvent>, 'player': 1, 'ball': 1, 'balls_remaining': 2, 'is_extra_ball': False}
2025-11-25 06:50:34,102 : INFO : Mode.base : Started. Priority: 100
2025-11-25 06:50:34,102 : INFO : EventManager : Event: ======'modes_active_modes_changed'====== Args={}
2025-11-25 06:50:34,102 : INFO : EventManager : Event: ======'mode_base_started'====== Args={'queue': <QueuedEvent>, 'player': 1, 'ball': 1, 'balls_remaining': 2, 'is_extra_ball': False}
2025-11-25 06:50:34,102 : INFO : EventManager : Event: ======'start_mode_right_orbit'====== Args={'priority': 0}
2025-11-25 06:50:34,103 : INFO : EventManager : Event: ======'mode_right_orbit_will_start'====== Args={'priority': 0}
2025-11-25 06:50:34,103 : INFO : EventManager : Event: ======'player_shot_right_orbit_enabled'====== Args={'value': True, 'prev_value': 0, 'change': 1, 'player_num': 1}
2025-11-25 06:50:34,103 : INFO : EventManager : Event: ======'mode_right_orbit_starting'====== Args={'priority': 0}
2025-11-25 06:50:34,104 : INFO : Mode.right_orbit : Started. Priority: 200
2025-11-25 06:50:34,104 : INFO : EventManager : Event: ======'modes_active_modes_changed'====== Args={}
2025-11-25 06:50:34,104 : INFO : EventManager : Event: ======'mode_right_orbit_started'====== Args={'priority': 0}
2025-11-25 06:50:34,104 : INFO : EventManager : Event: ======'balls_in_play'====== Args={'balls': 1}
2025-11-25 06:50:34,104 : INFO : EventManager : Event: ======'ball_started'====== Args={'player': 1, 'ball': 1, 'balls_remaining': 2, 'is_extra_ball': False}
2025-11-25 06:50:34,104 : INFO : EventManager : Event: ======'single_player_ball_started'====== Args={}
2025-11-25 06:50:34,105 : INFO : EventManager : Event: ======'ball_start_target'====== Args={'target': 'playfield'}
2025-11-25 06:50:34,105 : INFO : ball_device.bd_trough : Setting up player-controlled eject. Balls: 1, Target: <playfield.playfield>, player_controlled_eject_event: None
2025-11-25 06:50:34,105 : INFO : ball_device.bd_trough : Adding 1 ball(s) to the eject_queue with target <playfield.playfield>.
2025-11-25 06:50:34,105 : INFO : EventManager : Event: ======'balldevice_balls_available'====== Args={}
2025-11-25 06:50:34,105 : INFO : ball_device.bd_trough : State: waiting_for_target_ready
2025-11-25 06:50:34,106 : INFO : EventManager : Event: ======'balldevice_bd_trough_ball_eject_attempt'====== Args={'balls': 1, 'target': <ball_device.bd_plunger>, 'source': <ball_device.bd_trough>, 'mechanical_eject': False, 'num_attempts': 0}
2025-11-25 06:50:34,106 : INFO : ball_device.bd_plunger : State: waiting_for_ball
2025-11-25 06:50:34,106 : INFO : ball_device.bd_trough : State: ejecting
2025-11-25 06:50:34,106 : INFO : ball_device.bd_trough : Ejecting ball to <ball_device.bd_plunger>
2025-11-25 06:50:34,106 : INFO : EventManager : Event: ======'balldevice_bd_trough_ejecting_ball'====== Args={'balls': 1, 'target': <ball_device.bd_plunger>, 'source': <ball_device.bd_trough>, 'mechanical_eject': False, 'num_attempts': 0}
2025-11-25 06:50:34,106 : INFO : ball_device.bd_trough : Wait for ball to leave device
2025-11-25 06:50:34,106 : INFO : coil.c_trough_eject : Pulsing Driver for 10ms (1.0 pulse_power)
2025-11-25 06:50:34,129 : INFO : EventManager : Event: ======'slide_base_created'====== Args={'_from_bcp': True}
2025-11-25 06:50:34,130 : INFO : EventManager : Event: ======'slide_attract_inactive'====== Args={'is_removing': True, '_from_bcp': True}
2025-11-25 06:50:34,130 : INFO : EventManager : Event: ======'slide_base_active'====== Args={'original_context': 'base', 'original_calling_context': 'mode_base_started', 'priority': 100.0, 'queue': '<QueuedEvent>', 'player': 1.0, 'ball': 1.0, 'balls_remaining': 2.0, 'is_extra_ball': False, 'cmd': 'slides_play', '_from_bcp': True}
2025-11-25 06:50:34,130 : INFO : EventManager : Event: ======'slide_attract_removed'====== Args={'_from_bcp': True}
2025-11-25 06:50:44,108 : INFO : EventManager : Event: ======'balldevice_bd_trough_ball_eject_failed'====== Args={'target': <ball_device.bd_plunger>, 'balls': 1, 'retry': True, 'num_attempts': 1}
2025-11-25 06:50:44,111 : INFO : ball_device.bd_trough : State: waiting_for_target_ready
2025-11-25 06:50:44,111 : INFO : EventManager : Event: ======'balldevice_bd_trough_ball_eject_attempt'====== Args={'balls': 1, 'target': <ball_device.bd_plunger>, 'source': <ball_device.bd_trough>, 'mechanical_eject': False, 'num_attempts': 1}
2025-11-25 06:50:44,112 : INFO : ball_device.bd_trough : State: ejecting
2025-11-25 06:50:44,112 : INFO : ball_device.bd_trough : Ejecting ball to <ball_device.bd_plunger>
2025-11-25 06:50:44,112 : INFO : EventManager : Event: ======'balldevice_bd_trough_ejecting_ball'====== Args={'balls': 1, 'target': <ball_device.bd_plunger>, 'source': <ball_device.bd_trough>, 'mechanical_eject': False, 'num_attempts': 1}
2025-11-25 06:50:44,113 : INFO : ball_device.bd_trough : Wait for ball to leave device
2025-11-25 06:50:44,113 : INFO : coil.c_trough_eject : Pulsing Driver for 10ms (1.0 pulse_power)
2025-11-25 06:50:44,378 : INFO : SwitchController : <<<<<<< 's_trough_3' inactive >>>>>>>
2025-11-25 06:50:44,379 : INFO : ball_device.bd_trough : State: ball_left
2025-11-25 06:50:44,380 : INFO : ball_device.bd_trough : Ball left
2025-11-25 06:50:44,380 : INFO : ball_device.bd_trough : Wait for confirm with timeout 10.0
2025-11-25 06:50:44,878 : INFO : SwitchController : <<<<<<< 's_plunger_lane' active >>>>>>>
2025-11-25 06:50:44,879 : INFO : EventManager : Event: ======'machine_var_audits_switches_s_plunger_lane'====== Args={'value': 59, 'prev_value': 58, 'change': 1}
2025-11-25 06:50:44,995 : INFO : SwitchController : <<<<<<< 's_plunger_lane' inactive >>>>>>>
2025-11-25 06:50:51,928 : INFO : SwitchController : <<<<<<< 's_right_orbit' active >>>>>>>
2025-11-25 06:50:51,928 : INFO : EventManager : Event: ======'playfield_active'====== Args={'source': 'right_orbit'}
2025-11-25 06:50:51,928 : INFO : EventManager : Event: ======'unexpected_ball_on_playfield'====== Args={}
2025-11-25 06:50:51,928 : INFO : EventManager : Event: ======'s_right_orbit_active'====== Args={}
2025-11-25 06:50:51,929 : INFO : EventManager : Event: ======'machine_var_audits_switches_s_right_orbit'====== Args={'value': 143, 'prev_value': 142, 'change': 1}
2025-11-25 06:50:51,930 : INFO : EventManager : Event: ======'player_shot_right_orbit'====== Args={'value': 1, 'prev_value': 0, 'change': 1, 'player_num': 1}
2025-11-25 06:50:51,930 : INFO : EventManager : Event: ======'machine_var_audits_shots_right_orbit'====== Args={'value': 129, 'prev_value': 128, 'change': 1}
2025-11-25 06:50:51,937 : INFO : EventManager : Event: ======'right_orbit_hit'====== Args={'profile': 'default', 'state': 'unlit', 'advancing': True}
2025-11-25 06:50:51,937 : INFO : EventManager : Event: ======'right_orbit_default_hit'====== Args={'profile': 'default', 'state': 'unlit', 'advancing': True}
2025-11-25 06:50:51,938 : INFO : EventManager : Event: ======'right_orbit_default_unlit_hit'====== Args={'profile': 'default', 'state': 'unlit', 'advancing': True}
2025-11-25 06:50:51,938 : INFO : EventManager : Event: ======'right_orbit_unlit_hit'====== Args={'profile': 'default', 'state': 'unlit', 'advancing': True}
2025-11-25 06:50:51,938 : INFO : EventManager : Event: ======'player_score'====== Args={'value': 5000, 'prev_value': 0, 'change': 5000, 'player_num': 1, 'source': 'right_orbit'}
2025-11-25 06:50:52,044 : INFO : SwitchController : <<<<<<< 's_right_orbit' inactive >>>>>>>
2025-11-25 06:50:53,261 : INFO : SwitchController : <<<<<<< 's_right_orbit' active >>>>>>>
2025-11-25 06:50:53,261 : INFO : EventManager : Event: ======'playfield_active'====== Args={'source': 'right_orbit'}
2025-11-25 06:50:53,262 : INFO : EventManager : Event: ======'unexpected_ball_on_playfield'====== Args={}
2025-11-25 06:50:53,262 : INFO : EventManager : Event: ======'s_right_orbit_active'====== Args={}
2025-11-25 06:50:53,262 : INFO : EventManager : Event: ======'machine_var_audits_switches_s_right_orbit'====== Args={'value': 144, 'prev_value': 143, 'change': 1}
2025-11-25 06:50:53,263 : INFO : EventManager : Event: ======'machine_var_audits_shots_right_orbit'====== Args={'value': 130, 'prev_value': 129, 'change': 1}
2025-11-25 06:50:53,263 : INFO : EventManager : Event: ======'right_orbit_hit'====== Args={'profile': 'default', 'state': 'lit', 'advancing': False}
2025-11-25 06:50:53,263 : INFO : EventManager : Event: ======'right_orbit_default_hit'====== Args={'profile': 'default', 'state': 'lit', 'advancing': False}
2025-11-25 06:50:53,263 : INFO : EventManager : Event: ======'right_orbit_default_lit_hit'====== Args={'profile': 'default', 'state': 'lit', 'advancing': False}
2025-11-25 06:50:53,263 : INFO : EventManager : Event: ======'right_orbit_lit_hit'====== Args={'profile': 'default', 'state': 'lit', 'advancing': False}
2025-11-25 06:50:53,264 : INFO : EventManager : Event: ======'player_score'====== Args={'value': 10000, 'prev_value': 5000, 'change': 5000, 'player_num': 1, 'source': 'right_orbit'}
2025-11-25 06:50:53,394 : INFO : SwitchController : <<<<<<< 's_right_orbit' inactive >>>>>>>
2025-11-25 06:50:54,381 : INFO : ball_device.bd_trough : State: failed_confirm
2025-11-25 06:50:54,382 : INFO : ball_device.bd_trough : Got timeout (10.0s) before confirm from <ball_device.bd_plunger>
2025-11-25 06:50:54,383 : INFO : ball_device.bd_plunger : Expecting incoming ball which may skip the device.
2025-11-25 06:50:54,383 : INFO : EventManager : Event: ======'balldevice_bd_plunger_ejecting_ball'====== Args={'balls': 1, 'target': <playfield.playfield>, 'source': <ball_device.bd_plunger>, 'mechanical_eject': False, 'num_attempts': 1}
2025-11-25 06:50:57,261 : INFO : SwitchController : <<<<<<< 's_right_orbit' active >>>>>>>
2025-11-25 06:50:57,261 : INFO : EventManager : Event: ======'playfield_active'====== Args={'source': 'right_orbit'}
2025-11-25 06:50:57,261 : INFO : EventManager : Event: ======'s_right_orbit_active'====== Args={}
2025-11-25 06:50:57,261 : INFO : EventManager : Event: ======'machine_var_audits_switches_s_right_orbit'====== Args={'value': 145, 'prev_value': 144, 'change': 1}
2025-11-25 06:50:57,262 : INFO : EventManager : Event: ======'machine_var_audits_shots_right_orbit'====== Args={'value': 131, 'prev_value': 130, 'change': 1}
2025-11-25 06:50:57,262 : INFO : EventManager : Event: ======'right_orbit_hit'====== Args={'profile': 'default', 'state': 'lit', 'advancing': False}
2025-11-25 06:50:57,263 : INFO : EventManager : Event: ======'right_orbit_default_hit'====== Args={'profile': 'default', 'state': 'lit', 'advancing': False}
2025-11-25 06:50:57,263 : INFO : EventManager : Event: ======'right_orbit_default_lit_hit'====== Args={'profile': 'default', 'state': 'lit', 'advancing': False}
2025-11-25 06:50:57,263 : INFO : EventManager : Event: ======'right_orbit_lit_hit'====== Args={'profile': 'default', 'state': 'lit', 'advancing': False}
2025-11-25 06:50:57,263 : INFO : EventManager : Event: ======'player_score'====== Args={'value': 15000, 'prev_value': 10000, 'change': 5000, 'player_num': 1, 'source': 'right_orbit'}
2025-11-25 06:50:57,278 : INFO : ball_device.bd_plunger : Got confirm for skipping ball.
2025-11-25 06:50:57,278 : INFO : ball_device.bd_plunger : Eject successful
2025-11-25 06:50:57,278 : INFO : EventManager : Event: ======'balldevice_bd_plunger_ball_eject_success'====== Args={'balls': 1, 'target': <playfield.playfield>}
2025-11-25 06:50:57,279 : INFO : EventManager : Event: ======'balldevice_playfield_ball_enter'====== Args={'new_balls': 1, 'unclaimed_balls': 1, 'device': <playfield.playfield>}
2025-11-25 06:50:57,279 : INFO : EventManager : Event: ======'playfield_ball_count_change'====== Args={'balls': 1, 'change': 1}
2025-11-25 06:50:57,279 : INFO : ball_device.bd_plunger : State: idle
2025-11-25 06:50:57,280 : INFO : ball_device.bd_trough : Eject successful
2025-11-25 06:50:57,280 : INFO : EventManager : Event: ======'balldevice_bd_trough_ball_eject_success'====== Args={'balls': 1, 'target': <ball_device.bd_plunger>}
2025-11-25 06:50:57,280 : INFO : EventManager : Event: ======'balldevice_bd_trough_ball_count_changed'====== Args={'balls': 2}
2025-11-25 06:50:57,280 : INFO : ball_device.bd_trough : State: idle
2025-11-25 06:50:57,378 : INFO : SwitchController : <<<<<<< 's_right_orbit' inactive >>>>>>>
2025-11-25 06:51:03,211 : INFO : SwitchController : <<<<<<< 's_trough_3' active >>>>>>>
2025-11-25 06:51:03,211 : INFO : EventManager : Event: ======'machine_var_audits_switches_s_trough_3'====== Args={'value': 28, 'prev_value': 27, 'change': 1}
2025-11-25 06:51:03,712 : INFO : EventManager : Event: ======'balldevice_bd_trough_ball_count_changed'====== Args={'balls': 3}
2025-11-25 06:51:03,713 : INFO : ball_device.bd_trough : Received unexpected ball
2025-11-25 06:51:03,713 : INFO : EventManager : Event: ======'balldevice_captured_from_playfield'====== Args={'balls': 1}
2025-11-25 06:51:03,713 : INFO : EventManager : Event: ======'sw_playfield_active'====== Args={'balls': 1}
2025-11-25 06:51:03,713 : INFO : EventManager : Event: ======'playfield_ball_count_change'====== Args={'balls': 0, 'change': -1}
2025-11-25 06:51:03,714 : INFO : EventManager : Event: ======'balldevice_bd_trough_ball_enter'====== Args={'new_balls': 1, 'unclaimed_balls': 1, 'new_available_balls': 1, 'device': <ball_device.bd_trough>}
2025-11-25 06:51:03,714 : INFO : EventManager : Event: ======'ball_drain'====== Args={'device': <ball_device.bd_trough>, 'balls': 1}
2025-11-25 06:51:03,715 : INFO : EventManager : Event: ======'ball_will_end'====== Args={}
2025-11-25 06:51:03,715 : INFO : EventManager : Event: ======'balldevice_balls_available'====== Args={}
2025-11-25 06:51:03,715 : INFO : EventManager : Event: ======'balldevice_bd_trough_ball_entered'====== Args={'new_balls': 1, 'device': <ball_device.bd_trough>}
2025-11-25 06:51:03,716 : INFO : EventManager : Event: ======'mode_base_will_stop'====== Args={}
2025-11-25 06:51:03,716 : INFO : EventManager : Event: ======'mode_base_stopping'====== Args={}
2025-11-25 06:51:03,716 : INFO : EventManager : Event: ======'stop_mode_right_orbit'====== Args={'priority': 0}
2025-11-25 06:51:03,716 : INFO : EventManager : Event: ======'mode_right_orbit_will_stop'====== Args={}
2025-11-25 06:51:03,716 : INFO : EventManager : Event: ======'mode_right_orbit_stopping'====== Args={}
2025-11-25 06:51:03,716 : INFO : Mode.base : Stopped.
2025-11-25 06:51:03,716 : INFO : EventManager : Event: ======'modes_active_modes_changed'====== Args={}
2025-11-25 06:51:03,717 : INFO : EventManager : Event: ======'mode_base_stopped'====== Args={}
2025-11-25 06:51:03,717 : INFO : EventManager : Event: ======'clear'====== Args={'key': 'base'}
2025-11-25 06:51:03,717 : INFO : Mode.right_orbit : Stopped.
2025-11-25 06:51:03,717 : INFO : EventManager : Event: ======'modes_active_modes_changed'====== Args={}
2025-11-25 06:51:03,718 : INFO : EventManager : Event: ======'mode_right_orbit_stopped'====== Args={}
2025-11-25 06:51:03,718 : INFO : EventManager : Event: ======'clear'====== Args={'key': 'right_orbit'}
2025-11-25 06:51:03,719 : INFO : EventManager : Event: ======'ball_ending'====== Args={}
2025-11-25 06:51:03,719 : INFO : EventManager : Event: ======'ball_ended'====== Args={}
2025-11-25 06:51:03,720 : INFO : EventManager : Event: ======'player_turn_will_end'====== Args={'player': <Player 1>, 'number': 1}
2025-11-25 06:51:03,721 : INFO : EventManager : Event: ======'player_turn_ending'====== Args={'player': <Player 1>, 'number': 1}
2025-11-25 06:51:03,721 : INFO : EventManager : Event: ======'player_turn_ended'====== Args={'player': <Player 1>, 'number': 1}
2025-11-25 06:51:03,722 : INFO : EventManager : Event: ======'player_turn_will_start'====== Args={'player': <Player 1>, 'number': 1}
2025-11-25 06:51:03,722 : INFO : EventManager : Event: ======'player_turn_starting'====== Args={'player': <Player 1>, 'number': 1}
2025-11-25 06:51:03,722 : INFO : EventManager : Event: ======'player_ball'====== Args={'value': 2, 'prev_value': 1, 'change': 1, 'player_num': 1}
2025-11-25 06:51:03,722 : INFO : EventManager : Event: ======'player_turn_started'====== Args={'player': <Player 1>, 'number': 1}
2025-11-25 06:51:03,723 : INFO : EventManager : Event: ======'ball_will_start'====== Args={'player': 1, 'ball': 2, 'balls_remaining': 1, 'is_extra_ball': False}
2025-11-25 06:51:03,723 : INFO : EventManager : Event: ======'ball_starting'====== Args={'player': 1, 'ball': 2, 'balls_remaining': 1, 'is_extra_ball': False}
2025-11-25 06:51:03,724 : INFO : EventManager : Event: ======'mode_base_will_start'====== Args={'queue': <QueuedEvent>, 'player': 1, 'ball': 2, 'balls_remaining': 1, 'is_extra_ball': False}
2025-11-25 06:51:03,724 : INFO : EventManager : Event: ======'mode_base_starting'====== Args={'queue': <QueuedEvent>, 'player': 1, 'ball': 2, 'balls_remaining': 1, 'is_extra_ball': False}
2025-11-25 06:51:03,724 : INFO : Mode.base : Started. Priority: 100
2025-11-25 06:51:03,725 : INFO : EventManager : Event: ======'modes_active_modes_changed'====== Args={}
2025-11-25 06:51:03,725 : INFO : EventManager : Event: ======'mode_base_started'====== Args={'queue': <QueuedEvent>, 'player': 1, 'ball': 2, 'balls_remaining': 1, 'is_extra_ball': False}
2025-11-25 06:51:03,725 : INFO : EventManager : Event: ======'start_mode_right_orbit'====== Args={'priority': 0}
2025-11-25 06:51:03,725 : INFO : EventManager : Event: ======'mode_right_orbit_will_start'====== Args={'priority': 0}
2025-11-25 06:51:03,728 : INFO : EventManager : Event: ======'mode_right_orbit_starting'====== Args={'priority': 0}
2025-11-25 06:51:03,728 : INFO : Mode.right_orbit : Started. Priority: 200
2025-11-25 06:51:03,728 : INFO : EventManager : Event: ======'modes_active_modes_changed'====== Args={}
2025-11-25 06:51:03,728 : INFO : EventManager : Event: ======'mode_right_orbit_started'====== Args={'priority': 0}
2025-11-25 06:51:03,728 : INFO : EventManager : Event: ======'balls_in_play'====== Args={'balls': 1}
2025-11-25 06:51:03,729 : INFO : EventManager : Event: ======'ball_started'====== Args={'player': 1, 'ball': 2, 'balls_remaining': 1, 'is_extra_ball': False}
2025-11-25 06:51:03,732 : INFO : EventManager : Event: ======'single_player_ball_started'====== Args={}
2025-11-25 06:51:03,733 : INFO : EventManager : Event: ======'ball_start_target'====== Args={'target': 'playfield'}
2025-11-25 06:51:03,733 : INFO : ball_device.bd_trough : Setting up player-controlled eject. Balls: 1, Target: <playfield.playfield>, player_controlled_eject_event: None
2025-11-25 06:51:03,733 : INFO : ball_device.bd_trough : Adding 1 ball(s) to the eject_queue with target <playfield.playfield>.
2025-11-25 06:51:03,733 : INFO : EventManager : Event: ======'balldevice_balls_available'====== Args={}
2025-11-25 06:51:03,734 : INFO : ball_device.bd_trough : State: waiting_for_target_ready
2025-11-25 06:51:03,734 : INFO : EventManager : Event: ======'balldevice_bd_trough_ball_eject_attempt'====== Args={'balls': 1, 'target': <ball_device.bd_plunger>, 'source': <ball_device.bd_trough>, 'mechanical_eject': False, 'num_attempts': 0}
2025-11-25 06:51:03,734 : INFO : ball_device.bd_plunger : State: waiting_for_ball
2025-11-25 06:51:03,734 : INFO : ball_device.bd_trough : State: ejecting
2025-11-25 06:51:03,734 : INFO : ball_device.bd_trough : Ejecting ball to <ball_device.bd_plunger>
2025-11-25 06:51:03,734 : INFO : EventManager : Event: ======'balldevice_bd_trough_ejecting_ball'====== Args={'balls': 1, 'target': <ball_device.bd_plunger>, 'source': <ball_device.bd_trough>, 'mechanical_eject': False, 'num_attempts': 0}
2025-11-25 06:51:03,735 : INFO : ball_device.bd_trough : Wait for ball to leave device
2025-11-25 06:51:03,735 : INFO : coil.c_trough_eject : Pulsing Driver for 10ms (1.0 pulse_power)
2025-11-25 06:51:03,762 : INFO : EventManager : Event: ======'slide_base_created'====== Args={'_from_bcp': True}
2025-11-25 06:51:03,762 : INFO : EventManager : Event: ======'slide_base_inactive'====== Args={'is_removing': True, '_from_bcp': True}
2025-11-25 06:51:03,762 : INFO : EventManager : Event: ======'slide_base_active'====== Args={'original_context': 'base', 'original_calling_context': 'mode_base_started', 'priority': 100.0, 'queue': '<QueuedEvent>', 'player': 1.0, 'ball': 2.0, 'balls_remaining': 1.0, 'is_extra_ball': False, 'cmd': 'slides_play', '_from_bcp': True}
2025-11-25 06:51:03,763 : INFO : EventManager : Event: ======'slide_base_removed'====== Args={'_from_bcp': True}
2025-11-25 06:51:10,411 : INFO : SwitchController : <<<<<<< 's_plunger_lane' active >>>>>>>
2025-11-25 06:51:10,411 : INFO : EventManager : Event: ======'machine_var_audits_switches_s_plunger_lane'====== Args={'value': 60, 'prev_value': 59, 'change': 1}
2025-11-25 06:51:10,544 : INFO : SwitchController : <<<<<<< 's_plunger_lane' inactive >>>>>>>
2025-11-25 06:51:12,127 : INFO : SwitchController : <<<<<<< 's_trough_3' inactive >>>>>>>
2025-11-25 06:51:12,129 : INFO : ball_device.bd_trough : State: ball_left
2025-11-25 06:51:12,129 : INFO : ball_device.bd_trough : Ball left
2025-11-25 06:51:12,129 : INFO : ball_device.bd_trough : Wait for confirm with timeout 10.0
2025-11-25 06:51:12,277 : INFO : SwitchController : <<<<<<< 's_plunger_lane' active >>>>>>>
2025-11-25 06:51:12,278 : INFO : EventManager : Event: ======'machine_var_audits_switches_s_plunger_lane'====== Args={'value': 61, 'prev_value': 60, 'change': 1}
2025-11-25 06:51:12,444 : INFO : SwitchController : <<<<<<< 's_plunger_lane' inactive >>>>>>>
2025-11-25 06:51:14,177 : INFO : SwitchController : <<<<<<< 's_right_orbit' active >>>>>>>
2025-11-25 06:51:14,178 : INFO : EventManager : Event: ======'playfield_active'====== Args={'source': 'right_orbit'}
2025-11-25 06:51:14,178 : INFO : EventManager : Event: ======'unexpected_ball_on_playfield'====== Args={}
2025-11-25 06:51:14,178 : INFO : EventManager : Event: ======'s_right_orbit_active'====== Args={}
2025-11-25 06:51:14,178 : INFO : EventManager : Event: ======'machine_var_audits_switches_s_right_orbit'====== Args={'value': 146, 'prev_value': 145, 'change': 1}
2025-11-25 06:51:14,180 : INFO : EventManager : Event: ======'machine_var_audits_shots_right_orbit'====== Args={'value': 132, 'prev_value': 131, 'change': 1}
2025-11-25 06:51:14,191 : INFO : EventManager : Event: ======'right_orbit_hit'====== Args={'profile': 'default', 'state': 'lit', 'advancing': False}
2025-11-25 06:51:14,192 : INFO : EventManager : Event: ======'right_orbit_default_hit'====== Args={'profile': 'default', 'state': 'lit', 'advancing': False}
2025-11-25 06:51:14,192 : INFO : EventManager : Event: ======'right_orbit_default_lit_hit'====== Args={'profile': 'default', 'state': 'lit', 'advancing': False}
2025-11-25 06:51:14,192 : INFO : EventManager : Event: ======'right_orbit_lit_hit'====== Args={'profile': 'default', 'state': 'lit', 'advancing': False}
2025-11-25 06:51:14,192 : INFO : EventManager : Event: ======'player_score'====== Args={'value': 20000, 'prev_value': 15000, 'change': 5000, 'player_num': 1, 'source': 'right_orbit'}
2025-11-25 06:51:14,277 : INFO : SwitchController : <<<<<<< 's_right_orbit' inactive >>>>>>>
2025-11-25 06:51:14,661 : INFO : SwitchController : <<<<<<< 's_right_orbit' active >>>>>>>
2025-11-25 06:51:14,661 : INFO : EventManager : Event: ======'playfield_active'====== Args={'source': 'right_orbit'}
2025-11-25 06:51:14,661 : INFO : EventManager : Event: ======'unexpected_ball_on_playfield'====== Args={}
2025-11-25 06:51:14,661 : INFO : EventManager : Event: ======'s_right_orbit_active'====== Args={}
2025-11-25 06:51:14,662 : INFO : EventManager : Event: ======'machine_var_audits_switches_s_right_orbit'====== Args={'value': 147, 'prev_value': 146, 'change': 1}
2025-11-25 06:51:14,662 : INFO : EventManager : Event: ======'machine_var_audits_shots_right_orbit'====== Args={'value': 133, 'prev_value': 132, 'change': 1}
2025-11-25 06:51:14,663 : INFO : EventManager : Event: ======'right_orbit_hit'====== Args={'profile': 'default', 'state': 'lit', 'advancing': False}
2025-11-25 06:51:14,663 : INFO : EventManager : Event: ======'right_orbit_default_hit'====== Args={'profile': 'default', 'state': 'lit', 'advancing': False}
2025-11-25 06:51:14,663 : INFO : EventManager : Event: ======'right_orbit_default_lit_hit'====== Args={'profile': 'default', 'state': 'lit', 'advancing': False}
2025-11-25 06:51:14,663 : INFO : EventManager : Event: ======'right_orbit_lit_hit'====== Args={'profile': 'default', 'state': 'lit', 'advancing': False}
2025-11-25 06:51:14,663 : INFO : EventManager : Event: ======'player_score'====== Args={'value': 25000, 'prev_value': 20000, 'change': 5000, 'player_num': 1, 'source': 'right_orbit'}
2025-11-25 06:51:14,777 : INFO : SwitchController : <<<<<<< 's_right_orbit' inactive >>>>>>>
2025-11-25 06:51:15,227 : INFO : SwitchController : <<<<<<< 's_right_orbit' active >>>>>>>
2025-11-25 06:51:15,228 : INFO : EventManager : Event: ======'playfield_active'====== Args={'source': 'right_orbit'}
2025-11-25 06:51:15,228 : INFO : EventManager : Event: ======'unexpected_ball_on_playfield'====== Args={}
2025-11-25 06:51:15,228 : INFO : EventManager : Event: ======'s_right_orbit_active'====== Args={}
2025-11-25 06:51:15,228 : INFO : EventManager : Event: ======'machine_var_audits_switches_s_right_orbit'====== Args={'value': 148, 'prev_value': 147, 'change': 1}
2025-11-25 06:51:15,229 : INFO : EventManager : Event: ======'machine_var_audits_shots_right_orbit'====== Args={'value': 134, 'prev_value': 133, 'change': 1}
2025-11-25 06:51:15,229 : INFO : EventManager : Event: ======'right_orbit_hit'====== Args={'profile': 'default', 'state': 'lit', 'advancing': False}
2025-11-25 06:51:15,229 : INFO : EventManager : Event: ======'right_orbit_default_hit'====== Args={'profile': 'default', 'state': 'lit', 'advancing': False}
2025-11-25 06:51:15,229 : INFO : EventManager : Event: ======'right_orbit_default_lit_hit'====== Args={'profile': 'default', 'state': 'lit', 'advancing': False}
2025-11-25 06:51:15,229 : INFO : EventManager : Event: ======'right_orbit_lit_hit'====== Args={'profile': 'default', 'state': 'lit', 'advancing': False}
2025-11-25 06:51:15,229 : INFO : EventManager : Event: ======'player_score'====== Args={'value': 30000, 'prev_value': 25000, 'change': 5000, 'player_num': 1, 'source': 'right_orbit'}
2025-11-25 06:51:15,327 : INFO : SwitchController : <<<<<<< 's_right_orbit' inactive >>>>>>>
2025-11-25 06:51:15,878 : INFO : SwitchController : <<<<<<< 's_trough_3' active >>>>>>>
2025-11-25 06:51:15,878 : INFO : EventManager : Event: ======'machine_var_audits_switches_s_trough_3'====== Args={'value': 29, 'prev_value': 28, 'change': 1}
2025-11-25 06:51:22,131 : INFO : ball_device.bd_trough : State: failed_confirm
2025-11-25 06:51:22,131 : INFO : ball_device.bd_trough : Got timeout (10.0s) before confirm from <ball_device.bd_plunger>
2025-11-25 06:51:22,132 : INFO : ball_device.bd_plunger : Expecting incoming ball which may skip the device.
2025-11-25 06:51:22,133 : INFO : EventManager : Event: ======'balldevice_bd_plunger_ejecting_ball'====== Args={'balls': 1, 'target': <playfield.playfield>, 'source': <ball_device.bd_plunger>, 'mechanical_eject': False, 'num_attempts': 1}
2025-11-25 06:51:22,133 : INFO : ball_device.bd_trough : Got unknown balls. Assuming a ball returned.
2025-11-25 06:51:22,133 : INFO : EventManager : Event: ======'balldevice_bd_trough_ball_eject_failed'====== Args={'target': <ball_device.bd_plunger>, 'balls': 1, 'retry': True, 'num_attempts': 1}
2025-11-25 06:51:22,134 : INFO : EventManager : Event: ======'balldevice_bd_plunger_ball_eject_failed'====== Args={'target': <playfield.playfield>, 'balls': 1, 'retry': True, 'num_attempts': 1}
2025-11-25 06:51:22,135 : INFO : ball_device.bd_trough : State: waiting_for_target_ready
2025-11-25 06:51:22,135 : INFO : EventManager : Event: ======'balldevice_bd_trough_ball_eject_attempt'====== Args={'balls': 1, 'target': <ball_device.bd_plunger>, 'source': <ball_device.bd_trough>, 'mechanical_eject': False, 'num_attempts': 1}
2025-11-25 06:51:22,135 : INFO : ball_device.bd_plunger : No longer expecting incoming ball which may skip the device.
2025-11-25 06:51:22,136 : INFO : ball_device.bd_trough : State: ejecting
2025-11-25 06:51:22,136 : INFO : ball_device.bd_trough : Ejecting ball to <ball_device.bd_plunger>
2025-11-25 06:51:22,136 : INFO : EventManager : Event: ======'balldevice_bd_trough_ejecting_ball'====== Args={'balls': 1, 'target': <ball_device.bd_plunger>, 'source': <ball_device.bd_trough>, 'mechanical_eject': False, 'num_attempts': 1}
2025-11-25 06:51:22,136 : INFO : ball_device.bd_plunger : State: waiting_for_ball
2025-11-25 06:51:22,137 : INFO : ball_device.bd_trough : Wait for ball to leave device
2025-11-25 06:51:22,137 : INFO : coil.c_trough_eject : Pulsing Driver for 10ms (1.0 pulse_power)
2025-11-25 06:51:23,444 : INFO : SwitchController : <<<<<<< 's_trough_3' inactive >>>>>>>
2025-11-25 06:51:23,445 : INFO : ball_device.bd_trough : State: ball_left
2025-11-25 06:51:23,446 : INFO : ball_device.bd_trough : Ball left
2025-11-25 06:51:23,446 : INFO : ball_device.bd_trough : Wait for confirm with timeout 10.0
2025-11-25 06:51:24,111 : INFO : SwitchController : <<<<<<< 's_plunger_lane' active >>>>>>>
2025-11-25 06:51:24,111 : INFO : EventManager : Event: ======'machine_var_audits_switches_s_plunger_lane'====== Args={'value': 62, 'prev_value': 61, 'change': 1}
2025-11-25 06:51:24,261 : INFO : SwitchController : <<<<<<< 's_plunger_lane' inactive >>>>>>>
2025-11-25 06:51:24,811 : INFO : SwitchController : <<<<<<< 's_right_orbit' active >>>>>>>
2025-11-25 06:51:24,811 : INFO : EventManager : Event: ======'playfield_active'====== Args={'source': 'right_orbit'}
2025-11-25 06:51:24,811 : INFO : EventManager : Event: ======'unexpected_ball_on_playfield'====== Args={}
2025-11-25 06:51:24,812 : INFO : EventManager : Event: ======'s_right_orbit_active'====== Args={}
2025-11-25 06:51:24,812 : INFO : EventManager : Event: ======'machine_var_audits_switches_s_right_orbit'====== Args={'value': 149, 'prev_value': 148, 'change': 1}
2025-11-25 06:51:24,812 : INFO : EventManager : Event: ======'machine_var_audits_shots_right_orbit'====== Args={'value': 135, 'prev_value': 134, 'change': 1}
2025-11-25 06:51:24,813 : INFO : EventManager : Event: ======'right_orbit_hit'====== Args={'profile': 'default', 'state': 'lit', 'advancing': False}
2025-11-25 06:51:24,813 : INFO : EventManager : Event: ======'right_orbit_default_hit'====== Args={'profile': 'default', 'state': 'lit', 'advancing': False}
2025-11-25 06:51:24,813 : INFO : EventManager : Event: ======'right_orbit_default_lit_hit'====== Args={'profile': 'default', 'state': 'lit', 'advancing': False}
2025-11-25 06:51:24,813 : INFO : EventManager : Event: ======'right_orbit_lit_hit'====== Args={'profile': 'default', 'state': 'lit', 'advancing': False}
2025-11-25 06:51:24,813 : INFO : EventManager : Event: ======'player_score'====== Args={'value': 35000, 'prev_value': 30000, 'change': 5000, 'player_num': 1, 'source': 'right_orbit'}
2025-11-25 06:51:24,927 : INFO : SwitchController : <<<<<<< 's_right_orbit' inactive >>>>>>>
2025-11-25 06:51:25,261 : INFO : SwitchController : <<<<<<< 's_right_orbit' active >>>>>>>
2025-11-25 06:51:25,261 : INFO : EventManager : Event: ======'playfield_active'====== Args={'source': 'right_orbit'}
2025-11-25 06:51:25,261 : INFO : EventManager : Event: ======'unexpected_ball_on_playfield'====== Args={}
2025-11-25 06:51:25,261 : INFO : EventManager : Event: ======'s_right_orbit_active'====== Args={}
2025-11-25 06:51:25,262 : INFO : EventManager : Event: ======'machine_var_audits_switches_s_right_orbit'====== Args={'value': 150, 'prev_value': 149, 'change': 1}
2025-11-25 06:51:25,262 : INFO : EventManager : Event: ======'machine_var_audits_shots_right_orbit'====== Args={'value': 136, 'prev_value': 135, 'change': 1}
2025-11-25 06:51:25,263 : INFO : EventManager : Event: ======'right_orbit_hit'====== Args={'profile': 'default', 'state': 'lit', 'advancing': False}
2025-11-25 06:51:25,263 : INFO : EventManager : Event: ======'right_orbit_default_hit'====== Args={'profile': 'default', 'state': 'lit', 'advancing': False}
2025-11-25 06:51:25,263 : INFO : EventManager : Event: ======'right_orbit_default_lit_hit'====== Args={'profile': 'default', 'state': 'lit', 'advancing': False}
2025-11-25 06:51:25,263 : INFO : EventManager : Event: ======'right_orbit_lit_hit'====== Args={'profile': 'default', 'state': 'lit', 'advancing': False}
2025-11-25 06:51:25,263 : INFO : EventManager : Event: ======'player_score'====== Args={'value': 40000, 'prev_value': 35000, 'change': 5000, 'player_num': 1, 'source': 'right_orbit'}
2025-11-25 06:51:25,378 : INFO : SwitchController : <<<<<<< 's_right_orbit' inactive >>>>>>>
2025-11-25 06:51:28,121 : INFO : Machine : Shutting down...
2025-11-25 06:51:28,121 : INFO : EventManager : Event: ======'shutdown'====== Args={}
2025-11-25 06:51:28,124 : INFO : EventManager : Event: ======'mode_game_will_stop'====== Args={}
2025-11-25 06:51:28,124 : INFO : EventManager : Event: ======'mode_game_stopping'====== Args={}
2025-11-25 06:51:28,125 : INFO : EventManager : Event: ======'mode_right_orbit_will_stop'====== Args={}
2025-11-25 06:51:28,125 : INFO : EventManager : Event: ======'mode_right_orbit_stopping'====== Args={}
2025-11-25 06:51:28,125 : INFO : EventManager : Event: ======'mode_base_will_stop'====== Args={}
2025-11-25 06:51:28,125 : INFO : EventManager : Event: ======'mode_base_stopping'====== Args={}
2025-11-25 06:51:28,126 : INFO : EventManager : Event: ======'stop_mode_right_orbit'====== Args={'priority': 0}
2025-11-25 06:51:28,126 : INFO : Mode.base : Stopped.
2025-11-25 06:51:28,126 : INFO : EventManager : Event: ======'modes_active_modes_changed'====== Args={}
2025-11-25 06:51:28,126 : INFO : EventManager : Event: ======'mode_base_stopped'====== Args={}
2025-11-25 06:51:28,126 : INFO : EventManager : Event: ======'clear'====== Args={'key': 'base'}
2025-11-25 06:51:28,126 : INFO : Mode.right_orbit : Stopped.
2025-11-25 06:51:28,126 : INFO : EventManager : Event: ======'modes_active_modes_changed'====== Args={}
2025-11-25 06:51:28,126 : INFO : EventManager : Event: ======'mode_right_orbit_stopped'====== Args={}
2025-11-25 06:51:28,127 : INFO : EventManager : Event: ======'clear'====== Args={'key': 'right_orbit'}
2025-11-25 06:51:28,127 : INFO : Mode.game : Stopped.
2025-11-25 06:51:28,127 : INFO : EventManager : Event: ======'modes_active_modes_changed'====== Args={}
2025-11-25 06:51:28,127 : INFO : EventManager : Event: ======'mode_game_stopped'====== Args={}
2025-11-25 06:51:28,127 : INFO : EventManager : Event: ======'clear'====== Args={'key': 'game'}
2025-11-25 06:51:28,130 : INFO : root : MPF run loop ended.
