2025-11-27 09:22:10,091 : INFO : root : Loading config.
2025-11-27 09:22:10,092 : INFO : YamlMultifileConfigLoader : Machine config file #1: config.yaml
2025-11-27 09:22:10,092 : INFO : ConfigProcessor : Loading config from cache: /var/folders/k0/j_dpx55x4kndbs36pl2nt9l00000gn/T/92f7f295141fbdde09e201e7fd0f1349.mpf_cache
2025-11-27 09:22:10,116 : INFO : ConfigProcessor : Loading config from cache: /var/folders/k0/j_dpx55x4kndbs36pl2nt9l00000gn/T/7b77bdcd1da4c54cc720d492bab55a0d.mpf_cache
2025-11-27 09:22:10,116 : INFO : ConfigProcessor : Loading config from cache: /var/folders/k0/j_dpx55x4kndbs36pl2nt9l00000gn/T/501e18c1625d42f1ba9bf53b020c49c5.mpf_cache
2025-11-27 09:22:10,116 : INFO : ConfigProcessor : Loading config from cache: /var/folders/k0/j_dpx55x4kndbs36pl2nt9l00000gn/T/7b77bdcd1da4c54cc720d492bab55a0d.mpf_cache
2025-11-27 09:22:10,116 : INFO : ConfigProcessor : Loading config from cache: /var/folders/k0/j_dpx55x4kndbs36pl2nt9l00000gn/T/dda6f4da00898f9f0a4796a41d9a2ef0.mpf_cache
2025-11-27 09:22:10,116 : INFO : ConfigProcessor : Loading config from cache: /var/folders/k0/j_dpx55x4kndbs36pl2nt9l00000gn/T/522fc819f659907ecbd91e12554f307a.mpf_cache
2025-11-27 09:22:10,117 : INFO : ConfigProcessor : Loading config from cache: /var/folders/k0/j_dpx55x4kndbs36pl2nt9l00000gn/T/05e9cee2d62266bbcd3eb3df28f11ba0.mpf_cache
2025-11-27 09:22:10,117 : INFO : ConfigProcessor : Loading config from cache: /var/folders/k0/j_dpx55x4kndbs36pl2nt9l00000gn/T/a751b7622f38b4d73d2da25b66d734b1.mpf_cache
2025-11-27 09:22:10,117 : INFO : ConfigProcessor : Loading config from cache: /var/folders/k0/j_dpx55x4kndbs36pl2nt9l00000gn/T/515d12d22bfc89771946156b9f4733e7.mpf_cache
2025-11-27 09:22:10,117 : INFO : ConfigProcessor : Loading config from cache: /var/folders/k0/j_dpx55x4kndbs36pl2nt9l00000gn/T/3db5df4db04e3e0d951f803bb6fa84e6.mpf_cache
2025-11-27 09:22:10,118 : INFO : ConfigProcessor : Loading config from cache: /var/folders/k0/j_dpx55x4kndbs36pl2nt9l00000gn/T/3572cafb19834c572118c1dfbec55588.mpf_cache
2025-11-27 09:22:10,118 : INFO : ConfigProcessor : Loading config from cache: /var/folders/k0/j_dpx55x4kndbs36pl2nt9l00000gn/T/39b20d9bce0c2f44f75a85f57a0d45f4.mpf_cache
2025-11-27 09:22:10,118 : INFO : ConfigProcessor : Loading config from cache: /var/folders/k0/j_dpx55x4kndbs36pl2nt9l00000gn/T/189edcb2679eb1788c8ca3be3e29f2f1.mpf_cache
2025-11-27 09:22:10,118 : INFO : ConfigProcessor : Loading config from cache: /var/folders/k0/j_dpx55x4kndbs36pl2nt9l00000gn/T/f00019ffccce993d2850c9d82b9dc44e.mpf_cache
2025-11-27 09:22:10,119 : INFO : ConfigProcessor : Loading config from cache: /var/folders/k0/j_dpx55x4kndbs36pl2nt9l00000gn/T/14560612c17bb039b05632d29f192033.mpf_cache
2025-11-27 09:22:10,119 : INFO : ConfigProcessor : Loading config from cache: /var/folders/k0/j_dpx55x4kndbs36pl2nt9l00000gn/T/1b88d79160cc8850354d058f9a270569.mpf_cache
2025-11-27 09:22:10,119 : INFO : ConfigProcessor : Loading config from cache: /var/folders/k0/j_dpx55x4kndbs36pl2nt9l00000gn/T/db143814423fb474166c86cac053d40c.mpf_cache
2025-11-27 09:22:10,119 : INFO : ConfigProcessor : Loading config from cache: /var/folders/k0/j_dpx55x4kndbs36pl2nt9l00000gn/T/77ecd758607ea296c19f456a8642983d.mpf_cache
2025-11-27 09:22:10,119 : WARNING : ConfigProcessor : Config file in cache changed: /Users/samhughes/Desktop/Hollow-Knight-Pinball/modes/travel_dirtmouth_to_frogotten_crossroads/config/travel_dirtmouth_to_frogotten_crossroads.yaml
2025-11-27 09:22:10,119 : INFO : ConfigProcessor : Loading config from file /Users/samhughes/Desktop/Hollow-Knight-Pinball/modes/travel_dirtmouth_to_frogotten_crossroads/config/travel_dirtmouth_to_frogotten_crossroads.yaml.
2025-11-27 09:22:10,123 : INFO : ConfigProcessor : Loading config: /Users/samhughes/Desktop/Hollow-Knight-Pinball/modes/travel_dirtmouth_to_frogotten_crossroads/config/travel_dirtmouth_to_frogotten_crossroads.yaml
2025-11-27 09:22:10,123 : INFO : ConfigProcessor : Config file cache created: /var/folders/k0/j_dpx55x4kndbs36pl2nt9l00000gn/T/7c3641fae2b7003d26f031771405f733.mpf_cache
2025-11-27 09:22:10,124 : INFO : Machine : Mission Pinball Framework Core Engine v0.80.0.dev11
2025-11-27 09:22:10,124 : INFO : Machine : Command line arguments: {'no_load_cache': False, 'create_config_cache': True, 'bcp': True, 'configfile': ['config.yaml'], 'force_assets_load': False, 'platform_integration_test': False, 'jsonlogging': False, 'logfile': 'logs/2025-11-27-09-22-10-mpf-Mac.lan.log', 'pause': False, 'production': False, 'text_ui': True, 'loglevel': 15, 'consoleloglevel': 20, 'force_platform': 'smart_virtual', 'syslog_address': None, 'full_logfile_path': '/Users/samhughes/Desktop/Hollow-Knight-Pinball/logs/2025-11-27-09-22-10-mpf-Mac.lan.log'}
2025-11-27 09:22:10,124 : INFO : Machine : MPF path: /Users/samhughes/mpf/lib/python3.13/site-packages/mpf
2025-11-27 09:22:10,124 : INFO : Machine : Machine path: /Users/samhughes/Desktop/Hollow-Knight-Pinball
2025-11-27 09:22:10,124 : INFO : Machine : Platform: darwin
2025-11-27 09:22:10,124 : INFO : Machine : Python executable location: /Users/samhughes/mpf/bin/python3.13
2025-11-27 09:22:10,124 : INFO : Machine : Python version: 3.13.2 (64-bit)
2025-11-27 09:22:10,124 : INFO : Machine : Initializing MPF...
2025-11-27 09:22:10,154 : INFO : EventManager : Event: ======'machine_var_credits_string'====== Args={'value': 'FREE PLAY', 'prev_value': None, 'change': True}
2025-11-27 09:22:10,160 : INFO : EventManager : Event: ======'machine_var_master_volume'====== Args={'value': 0.5, 'prev_value': None, 'change': True}
2025-11-27 09:22:10,160 : INFO : EventManager : Event: ======'machine_var_player1_score'====== Args={'value': 81940, 'prev_value': None, 'change': True}
2025-11-27 09:22:10,160 : INFO : EventManager : Event: ======'machine_var_mpf_version'====== Args={'value': 'Mission Pinball Framework v0.80.0.dev11', 'prev_value': None, 'change': True}
2025-11-27 09:22:10,160 : INFO : EventManager : Event: ======'machine_var_mpf_extended_version'====== Args={'value': 'Mission Pinball Framework v0.80.0.dev11, Config version:6, Show version: 6, BCP version:1.1', 'prev_value': None, 'change': True}
2025-11-27 09:22:10,160 : INFO : EventManager : Event: ======'machine_var_python_version'====== Args={'value': '3.13.2', 'prev_value': None, 'change': True}
2025-11-27 09:22:10,168 : INFO : EventManager : Event: ======'machine_var_platform'====== Args={'value': 'macOS-15.6.1-arm64-arm-64bit-Mach-O', 'prev_value': None, 'change': True}
2025-11-27 09:22:10,168 : INFO : EventManager : Event: ======'machine_var_platform_system'====== Args={'value': 'Darwin', 'prev_value': None, 'change': True}
2025-11-27 09:22:10,168 : INFO : EventManager : Event: ======'machine_var_platform_release'====== Args={'value': '24.6.0', 'prev_value': None, 'change': True}
2025-11-27 09:22:10,168 : INFO : EventManager : Event: ======'machine_var_platform_version'====== Args={'value': 'Darwin Kernel Version 24.6.0: Mon Jul 14 11:29:54 PDT 2025; root:xnu-11417.140.69~1/RELEASE_ARM64_T8122', 'prev_value': None, 'change': True}
2025-11-27 09:22:10,168 : INFO : EventManager : Event: ======'machine_var_platform_machine'====== Args={'value': 'arm64', 'prev_value': None, 'change': True}
2025-11-27 09:22:10,168 : INFO : EventManager : Event: ======'machine_var_log_file_path'====== Args={'value': '/Users/samhughes/Desktop/Hollow-Knight-Pinball/logs/2025-11-27-09-22-10-mpf-Mac.lan.log', 'prev_value': None, 'change': True}
2025-11-27 09:22:10,168 : INFO : EventManager : Event: ======'init_phase_1'====== Args={}
2025-11-27 09:22:10,176 : INFO : EventManager : Event: ======'init_phase_2'====== Args={}
2025-11-27 09:22:10,176 : INFO : SwitchController : Found active switch: (1002, <Platform.SmartVirtual>) <switch.s_trough_1>
2025-11-27 09:22:10,176 : INFO : SwitchController : Found active switch: (1003, <Platform.SmartVirtual>) <switch.s_trough_2>
2025-11-27 09:22:10,176 : INFO : SwitchController : Found active switch: (1004, <Platform.SmartVirtual>) <switch.s_trough_3>
2025-11-27 09:22:10,178 : INFO : EventManager : Event: ======'bcp_connection_attempt'====== Args={'name': 'local_display', 'host': 'localhost', 'port': 5050}
2025-11-27 09:22:10,178 : INFO : BCPClientSocket : Connecting BCP to 'local_display' at localhost:5050...
2025-11-27 09:22:14,026 : INFO : BCPClientSocket : Connected BCP to 'local_display' localhost:5050
2025-11-27 09:22:14,026 : INFO : EventManager : Event: ======'bcp_clients_connected'====== Args={}
2025-11-27 09:22:14,029 : INFO : ball_device.bd_trough : BCH: Initial count: 3
2025-11-27 09:22:14,029 : INFO : ball_device.bd_trough : State: idle
2025-11-27 09:22:14,030 : INFO : ball_device.bd_plunger : BCH: Initial count: 0
2025-11-27 09:22:14,030 : INFO : ball_device.bd_plunger : State: idle
2025-11-27 09:22:14,051 : INFO : EventManager : Event: ======'init_phase_3'====== Args={}
2025-11-27 09:22:14,053 : INFO : EventManager : Event: ======'init_phase_4'====== Args={}
2025-11-27 09:22:14,054 : INFO : BallController : Initial balls found: 3
2025-11-27 09:22:14,054 : INFO : EventManager : Event: ======'machine_var_audits_events_game_ended'====== Args={'value': 6, 'prev_value': None, 'change': True}
2025-11-27 09:22:14,054 : INFO : EventManager : Event: ======'machine_var_audits_events_game_started'====== Args={'value': 94, 'prev_value': None, 'change': True}
2025-11-27 09:22:14,054 : INFO : EventManager : Event: ======'machine_var_audits_missing_switches_s_back_left_target'====== Args={'value': 56, 'prev_value': None, 'change': True}
2025-11-27 09:22:14,054 : INFO : EventManager : Event: ======'machine_var_audits_missing_switches_s_back_middle_left_target'====== Args={'value': 56, 'prev_value': None, 'change': True}
2025-11-27 09:22:14,054 : INFO : EventManager : Event: ======'machine_var_audits_missing_switches_s_back_middle_right_target'====== Args={'value': 55, 'prev_value': None, 'change': True}
2025-11-27 09:22:14,054 : INFO : EventManager : Event: ======'machine_var_audits_missing_switches_s_back_right_target'====== Args={'value': 56, 'prev_value': None, 'change': True}
2025-11-27 09:22:14,054 : INFO : EventManager : Event: ======'machine_var_audits_missing_switches_s_bottom_left_slingshot'====== Args={'value': 51, 'prev_value': None, 'change': True}
2025-11-27 09:22:14,054 : INFO : EventManager : Event: ======'machine_var_audits_missing_switches_s_bottom_right_slingshot'====== Args={'value': 53, 'prev_value': None, 'change': True}
2025-11-27 09:22:14,054 : INFO : EventManager : Event: ======'machine_var_audits_missing_switches_s_front_left_target'====== Args={'value': 63, 'prev_value': None, 'change': True}
2025-11-27 09:22:14,055 : INFO : EventManager : Event: ======'machine_var_audits_missing_switches_s_front_middle_target'====== Args={'value': 55, 'prev_value': None, 'change': True}
2025-11-27 09:22:14,055 : INFO : EventManager : Event: ======'machine_var_audits_missing_switches_s_front_right_target'====== Args={'value': 63, 'prev_value': None, 'change': True}
2025-11-27 09:22:14,055 : INFO : EventManager : Event: ======'machine_var_audits_missing_switches_s_lane_to_pop'====== Args={'value': 21, 'prev_value': None, 'change': True}
2025-11-27 09:22:14,055 : INFO : EventManager : Event: ======'machine_var_audits_missing_switches_s_left_flipper'====== Args={'value': 30, 'prev_value': None, 'change': True}
2025-11-27 09:22:14,055 : INFO : EventManager : Event: ======'machine_var_audits_missing_switches_s_left_inlane'====== Args={'value': 51, 'prev_value': None, 'change': True}
2025-11-27 09:22:14,055 : INFO : EventManager : Event: ======'machine_var_audits_missing_switches_s_left_orbit'====== Args={'value': 1, 'prev_value': None, 'change': True}
2025-11-27 09:22:14,055 : INFO : EventManager : Event: ======'machine_var_audits_missing_switches_s_left_outlane'====== Args={'value': 63, 'prev_value': None, 'change': True}
2025-11-27 09:22:14,055 : INFO : EventManager : Event: ======'machine_var_audits_missing_switches_s_pop_bumper'====== Args={'value': 51, 'prev_value': None, 'change': True}
2025-11-27 09:22:14,055 : INFO : EventManager : Event: ======'machine_var_audits_missing_switches_s_ramp'====== Args={'value': 6, 'prev_value': None, 'change': True}
2025-11-27 09:22:14,055 : INFO : EventManager : Event: ======'machine_var_audits_missing_switches_s_right_flipper'====== Args={'value': 30, 'prev_value': None, 'change': True}
2025-11-27 09:22:14,055 : INFO : EventManager : Event: ======'machine_var_audits_missing_switches_s_right_inlane'====== Args={'value': 15, 'prev_value': None, 'change': True}
2025-11-27 09:22:14,055 : INFO : EventManager : Event: ======'machine_var_audits_missing_switches_s_right_orbit'====== Args={'value': 2, 'prev_value': None, 'change': True}
2025-11-27 09:22:14,055 : INFO : EventManager : Event: ======'machine_var_audits_missing_switches_s_right_outlane'====== Args={'value': 63, 'prev_value': None, 'change': True}
2025-11-27 09:22:14,055 : INFO : EventManager : Event: ======'machine_var_audits_missing_switches_s_saucer'====== Args={'value': 28, 'prev_value': None, 'change': True}
2025-11-27 09:22:14,055 : INFO : EventManager : Event: ======'machine_var_audits_missing_switches_s_start'====== Args={'value': 43, 'prev_value': None, 'change': True}
2025-11-27 09:22:14,055 : INFO : EventManager : Event: ======'machine_var_audits_missing_switches_s_top_left_slingshot'====== Args={'value': 49, 'prev_value': None, 'change': True}
2025-11-27 09:22:14,055 : INFO : EventManager : Event: ======'machine_var_audits_missing_switches_s_top_right_slingshot'====== Args={'value': 51, 'prev_value': None, 'change': True}
2025-11-27 09:22:14,055 : INFO : EventManager : Event: ======'machine_var_audits_missing_switches_s_trough_1'====== Args={'value': 57, 'prev_value': None, 'change': True}
2025-11-27 09:22:14,055 : INFO : EventManager : Event: ======'machine_var_audits_missing_switches_s_trough_2'====== Args={'value': 81, 'prev_value': None, 'change': True}
2025-11-27 09:22:14,055 : INFO : EventManager : Event: ======'machine_var_audits_missing_switches_s_trough_3'====== Args={'value': 79, 'prev_value': None, 'change': True}
2025-11-27 09:22:14,055 : INFO : EventManager : Event: ======'machine_var_audits_player_score'====== Args={'value': {'average': 36284, 'top': [173500, 81940, 45000, 15000, 15000, 15000, 15000, 15000, 15000, 15000], 'total': 12}, 'prev_value': None, 'change': True}
2025-11-27 09:22:14,055 : INFO : EventManager : Event: ======'machine_var_audits_shots_back_left_target'====== Args={'value': 6, 'prev_value': None, 'change': True}
2025-11-27 09:22:14,055 : INFO : EventManager : Event: ======'machine_var_audits_shots_back_middle_right_target'====== Args={'value': 4, 'prev_value': None, 'change': True}
2025-11-27 09:22:14,055 : INFO : EventManager : Event: ======'machine_var_audits_shots_back_right_target'====== Args={'value': 2, 'prev_value': None, 'change': True}
2025-11-27 09:22:14,055 : INFO : EventManager : Event: ======'machine_var_audits_shots_bakc_middle_left_target'====== Args={'value': 3, 'prev_value': None, 'change': True}
2025-11-27 09:22:14,055 : INFO : EventManager : Event: ======'machine_var_audits_shots_bottom_left_slingshot'====== Args={'value': 1, 'prev_value': None, 'change': True}
2025-11-27 09:22:14,055 : INFO : EventManager : Event: ======'machine_var_audits_shots_front_left_target'====== Args={'value': 6, 'prev_value': None, 'change': True}
2025-11-27 09:22:14,055 : INFO : EventManager : Event: ======'machine_var_audits_shots_front_middle_target'====== Args={'value': 7, 'prev_value': None, 'change': True}
2025-11-27 09:22:14,055 : INFO : EventManager : Event: ======'machine_var_audits_shots_front_right_target'====== Args={'value': 6, 'prev_value': None, 'change': True}
2025-11-27 09:22:14,055 : INFO : EventManager : Event: ======'machine_var_audits_shots_lane_to_pop'====== Args={'value': 87, 'prev_value': None, 'change': True}
2025-11-27 09:22:14,056 : INFO : EventManager : Event: ======'machine_var_audits_shots_left_inlane'====== Args={'value': 7, 'prev_value': None, 'change': True}
2025-11-27 09:22:14,056 : INFO : EventManager : Event: ======'machine_var_audits_shots_left_orbit'====== Args={'value': 117, 'prev_value': None, 'change': True}
2025-11-27 09:22:14,056 : INFO : EventManager : Event: ======'machine_var_audits_shots_left_orbit_travel_dirtmouth_to_frogotten_crossroads'====== Args={'value': 31, 'prev_value': None, 'change': True}
2025-11-27 09:22:14,056 : INFO : EventManager : Event: ======'machine_var_audits_shots_left_outlane'====== Args={'value': 5, 'prev_value': None, 'change': True}
2025-11-27 09:22:14,056 : INFO : EventManager : Event: ======'machine_var_audits_shots_pop_bumper'====== Args={'value': 23, 'prev_value': None, 'change': True}
2025-11-27 09:22:14,056 : INFO : EventManager : Event: ======'machine_var_audits_shots_ramp'====== Args={'value': 72, 'prev_value': None, 'change': True}
2025-11-27 09:22:14,056 : INFO : EventManager : Event: ======'machine_var_audits_shots_ramp_travel_dirtmouth_to_frogotten_crossroads'====== Args={'value': 4, 'prev_value': None, 'change': True}
2025-11-27 09:22:14,056 : INFO : EventManager : Event: ======'machine_var_audits_shots_right_inlane'====== Args={'value': 14, 'prev_value': None, 'change': True}
2025-11-27 09:22:14,056 : INFO : EventManager : Event: ======'machine_var_audits_shots_right_orbit'====== Args={'value': 252, 'prev_value': None, 'change': True}
2025-11-27 09:22:14,056 : INFO : EventManager : Event: ======'machine_var_audits_shots_right_orbit_travel_dirtmouth_to_frogotten_crossroads'====== Args={'value': 33, 'prev_value': None, 'change': True}
2025-11-27 09:22:14,056 : INFO : EventManager : Event: ======'machine_var_audits_shots_right_outlane'====== Args={'value': 12, 'prev_value': None, 'change': True}
2025-11-27 09:22:14,056 : INFO : EventManager : Event: ======'machine_var_audits_shots_saucer'====== Args={'value': 31, 'prev_value': None, 'change': True}
2025-11-27 09:22:14,056 : INFO : EventManager : Event: ======'machine_var_audits_shots_saucer_dirtmouth'====== Args={'value': 16, 'prev_value': None, 'change': True}
2025-11-27 09:22:14,056 : INFO : EventManager : Event: ======'machine_var_audits_shots_top_left_slingshot'====== Args={'value': 1, 'prev_value': None, 'change': True}
2025-11-27 09:22:14,056 : INFO : EventManager : Event: ======'machine_var_audits_shots_top_right_slingshot'====== Args={'value': 6, 'prev_value': None, 'change': True}
2025-11-27 09:22:14,056 : INFO : EventManager : Event: ======'machine_var_audits_shots_vuk'====== Args={'value': 177, 'prev_value': None, 'change': True}
2025-11-27 09:22:14,056 : INFO : EventManager : Event: ======'machine_var_audits_shots_vuk_dirtmouth'====== Args={'value': 98, 'prev_value': None, 'change': True}
2025-11-27 09:22:14,056 : INFO : EventManager : Event: ======'machine_var_audits_switches_s_back_left_target'====== Args={'value': 6, 'prev_value': None, 'change': True}
2025-11-27 09:22:14,056 : INFO : EventManager : Event: ======'machine_var_audits_switches_s_back_middle_left_target'====== Args={'value': 4, 'prev_value': None, 'change': True}
2025-11-27 09:22:14,056 : INFO : EventManager : Event: ======'machine_var_audits_switches_s_back_middle_right_target'====== Args={'value': 5, 'prev_value': None, 'change': True}
2025-11-27 09:22:14,056 : INFO : EventManager : Event: ======'machine_var_audits_switches_s_back_right_target'====== Args={'value': 3, 'prev_value': None, 'change': True}
2025-11-27 09:22:14,056 : INFO : EventManager : Event: ======'machine_var_audits_switches_s_bottom_left_slingshot'====== Args={'value': 27, 'prev_value': None, 'change': True}
2025-11-27 09:22:14,056 : INFO : EventManager : Event: ======'machine_var_audits_switches_s_bottom_right_slingshot'====== Args={'value': 26, 'prev_value': None, 'change': True}
2025-11-27 09:22:14,056 : INFO : EventManager : Event: ======'machine_var_audits_switches_s_front_left_target'====== Args={'value': 6, 'prev_value': None, 'change': True}
2025-11-27 09:22:14,056 : INFO : EventManager : Event: ======'machine_var_audits_switches_s_front_middle_target'====== Args={'value': 8, 'prev_value': None, 'change': True}
2025-11-27 09:22:14,056 : INFO : EventManager : Event: ======'machine_var_audits_switches_s_front_right_target'====== Args={'value': 7, 'prev_value': None, 'change': True}
2025-11-27 09:22:14,056 : INFO : EventManager : Event: ======'machine_var_audits_switches_s_lane_to_pop'====== Args={'value': 89, 'prev_value': None, 'change': True}
2025-11-27 09:22:14,056 : INFO : EventManager : Event: ======'machine_var_audits_switches_s_left_flipper'====== Args={'value': 1, 'prev_value': None, 'change': True}
2025-11-27 09:22:14,057 : INFO : EventManager : Event: ======'machine_var_audits_switches_s_left_inlane'====== Args={'value': 8, 'prev_value': None, 'change': True}
2025-11-27 09:22:14,057 : INFO : EventManager : Event: ======'machine_var_audits_switches_s_left_orbit'====== Args={'value': 119, 'prev_value': None, 'change': True}
2025-11-27 09:22:14,057 : INFO : EventManager : Event: ======'machine_var_audits_switches_s_left_outlane'====== Args={'value': 6, 'prev_value': None, 'change': True}
2025-11-27 09:22:14,057 : INFO : EventManager : Event: ======'machine_var_audits_switches_s_plunger_lane'====== Args={'value': 271, 'prev_value': None, 'change': True}
2025-11-27 09:22:14,057 : INFO : EventManager : Event: ======'machine_var_audits_switches_s_pop_bumper'====== Args={'value': 23, 'prev_value': None, 'change': True}
2025-11-27 09:22:14,057 : INFO : EventManager : Event: ======'machine_var_audits_switches_s_ramp'====== Args={'value': 74, 'prev_value': None, 'change': True}
2025-11-27 09:22:14,057 : INFO : EventManager : Event: ======'machine_var_audits_switches_s_right_flipper'====== Args={'value': 5, 'prev_value': None, 'change': True}
2025-11-27 09:22:14,057 : INFO : EventManager : Event: ======'machine_var_audits_switches_s_right_inlane'====== Args={'value': 15, 'prev_value': None, 'change': True}
2025-11-27 09:22:14,057 : INFO : EventManager : Event: ======'machine_var_audits_switches_s_right_orbit'====== Args={'value': 286, 'prev_value': None, 'change': True}
2025-11-27 09:22:14,057 : INFO : EventManager : Event: ======'machine_var_audits_switches_s_right_outlane'====== Args={'value': 13, 'prev_value': None, 'change': True}
2025-11-27 09:22:14,057 : INFO : EventManager : Event: ======'machine_var_audits_switches_s_saucer'====== Args={'value': 38, 'prev_value': None, 'change': True}
2025-11-27 09:22:14,057 : INFO : EventManager : Event: ======'machine_var_audits_switches_s_start'====== Args={'value': 43, 'prev_value': None, 'change': True}
2025-11-27 09:22:14,057 : INFO : EventManager : Event: ======'machine_var_audits_switches_s_top_left_slingshot'====== Args={'value': 22, 'prev_value': None, 'change': True}
2025-11-27 09:22:14,057 : INFO : EventManager : Event: ======'machine_var_audits_switches_s_top_right_slingshot'====== Args={'value': 25, 'prev_value': None, 'change': True}
2025-11-27 09:22:14,057 : INFO : EventManager : Event: ======'machine_var_audits_switches_s_trough_1'====== Args={'value': 68, 'prev_value': None, 'change': True}
2025-11-27 09:22:14,057 : INFO : EventManager : Event: ======'machine_var_audits_switches_s_trough_2'====== Args={'value': 9, 'prev_value': None, 'change': True}
2025-11-27 09:22:14,057 : INFO : EventManager : Event: ======'machine_var_audits_switches_s_trough_3'====== Args={'value': 52, 'prev_value': None, 'change': True}
2025-11-27 09:22:14,057 : INFO : EventManager : Event: ======'machine_var_audits_switches_s_vuk'====== Args={'value': 195, 'prev_value': None, 'change': True}
2025-11-27 09:22:14,058 : INFO : EventManager : Event: ======'init_phase_5'====== Args={}
2025-11-27 09:22:14,058 : INFO : EventManager : Event: ======'init_done'====== Args={}
2025-11-27 09:22:14,058 : INFO : EventManager : Event: ======'machine_reset_phase_1'====== Args={}
2025-11-27 09:22:14,071 : INFO : EventManager : Event: ======'machine_reset_phase_2'====== Args={}
2025-11-27 09:22:14,071 : INFO : EventManager : Event: ======'machine_reset_phase_3'====== Args={}
2025-11-27 09:22:14,071 : INFO : EventManager : Event: ======'reset_complete'====== Args={}
2025-11-27 09:22:14,071 : INFO : EventManager : Event: ======'mode_attract_will_start'====== Args={}
2025-11-27 09:22:14,071 : INFO : Timer.attract_carousel_timer : Starting Timer.
2025-11-27 09:22:14,071 : INFO : EventManager : Event: ======'timer_attract_carousel_timer_started'====== Args={'ticks': 0, 'ticks_remaining': 1}
2025-11-27 09:22:14,071 : INFO : EventManager : Event: ======'timer_attract_carousel_timer_tick'====== Args={'ticks': 0, 'ticks_remaining': 1}
2025-11-27 09:22:14,072 : INFO : EventManager : Event: ======'mode_attract_starting'====== Args={}
2025-11-27 09:22:14,072 : INFO : Mode.attract : Started. Priority: 10
2025-11-27 09:22:14,072 : INFO : EventManager : Event: ======'modes_active_modes_changed'====== Args={}
2025-11-27 09:22:14,072 : INFO : EventManager : Event: ======'mode_attract_started'====== Args={}
2025-11-27 09:22:14,072 : INFO : EventManager : Event: ======'collecting_balls_complete'====== Args={}
2025-11-27 09:22:14,073 : INFO : EventManager : Event: ======'carousel_item_highlighted'====== Args={'carousel': 'attract', 'direction': None, 'item': 'title'}
2025-11-27 09:22:14,073 : INFO : Machine : Starting the main run loop with active modes: [<Mode.attract>]
2025-11-27 09:22:14,148 : INFO : EventManager : Event: ======'slide_attract_created'====== Args={'_from_bcp': True}
2025-11-27 09:22:14,148 : INFO : EventManager : Event: ======'slide__removed'====== Args={'_from_bcp': True}
2025-11-27 09:22:14,148 : INFO : EventManager : Event: ======'slide_attract_active'====== Args={'original_context': 'attract', 'original_calling_context': 'mode_attract_started', 'priority': 10.0, 'cmd': 'slides_play', '_from_bcp': True}
2025-11-27 09:22:14,278 : INFO : BcpServer : New client connected.
2025-11-27 09:22:17,845 : INFO : SwitchController : <<<<<<< 's_start' active >>>>>>>
2025-11-27 09:22:17,923 : INFO : SwitchController : <<<<<<< 's_start' inactive >>>>>>>
2025-11-27 09:22:17,924 : INFO : EventManager : Event: ======'request_to_start_game'====== Args={}
2025-11-27 09:22:17,924 : INFO : EventManager : Event: ======'game_start'====== Args={'buttons': [], 'hold_time': 0.07879083405714482}
2025-11-27 09:22:17,925 : INFO : EventManager : Event: ======'mode_game_will_start'====== Args={'buttons': [], 'hold_time': 0.07879083405714482}
2025-11-27 09:22:17,926 : INFO : EventManager : Event: ======'mode_game_starting'====== Args={'buttons': [], 'hold_time': 0.07879083405714482}
2025-11-27 09:22:17,926 : INFO : EventManager : Event: ======'mode_attract_will_stop'====== Args={}
2025-11-27 09:22:17,927 : INFO : EventManager : Event: ======'mode_attract_stopping'====== Args={}
2025-11-27 09:22:17,927 : INFO : Mode.attract : Stopped.
2025-11-27 09:22:17,927 : INFO : EventManager : Event: ======'modes_active_modes_changed'====== Args={}
2025-11-27 09:22:17,928 : INFO : EventManager : Event: ======'mode_attract_stopped'====== Args={}
2025-11-27 09:22:17,928 : INFO : EventManager : Event: ======'clear'====== Args={'key': 'attract'}
2025-11-27 09:22:17,928 : INFO : Timer.attract_carousel_timer : Stopping Timer
2025-11-27 09:22:17,928 : INFO : EventManager : Event: ======'timer_attract_carousel_timer_stopped'====== Args={'ticks': 0, 'ticks_remaining': 1}
2025-11-27 09:22:17,929 : INFO : Mode.game : Started. Priority: 20
2025-11-27 09:22:17,929 : INFO : EventManager : Event: ======'modes_active_modes_changed'====== Args={}
2025-11-27 09:22:17,929 : INFO : EventManager : Event: ======'mode_game_started'====== Args={'buttons': [], 'hold_time': 0.07879083405714482}
2025-11-27 09:22:17,930 : INFO : EventManager : Event: ======'game_will_start'====== Args={}
2025-11-27 09:22:17,930 : INFO : EventManager : Event: ======'game_starting'====== Args={'game': <Mode.game>}
2025-11-27 09:22:17,931 : INFO : EventManager : Unordered handler for class <Auditor> on event game_ended with priority 1. Handlers: [RegisteredHandler(callback=<bound method Auditor.disable of <Auditor>>, priority=1, kwargs={}, key=UUID('48f3d074-5793-4212-946d-da7efa1a1176'), condition=None, blocking_facility=None), RegisteredHandler(callback=<bound method Auditor._save_audits of <Auditor>>, priority=1, kwargs={}, key=UUID('bfc999c9-596a-4ec2-87b1-0afa36f2ee54'), condition=None, blocking_facility=None)]. The order of those handlers is not defined and they will be executed in random order. This might lead to race conditions and potential bugs.
2025-11-27 09:22:17,931 : INFO : EventManager : Event: ======'player_add_request'====== Args={}
2025-11-27 09:22:17,931 : INFO : EventManager : Event: ======'player_will_add'====== Args={'number': 1}
2025-11-27 09:22:17,931 : INFO : EventManager : Event: ======'player_adding'====== Args={'player': <Player 1>, 'number': 1}
2025-11-27 09:22:17,932 : INFO : EventManager : Event: ======'player_added'====== Args={'player': <Player 1>, 'num': 1}
2025-11-27 09:22:17,932 : INFO : Mode.game : Player added successfully. Total players: 1
2025-11-27 09:22:17,932 : INFO : EventManager : Event: ======'player_index'====== Args={'value': 0, 'prev_value': 0, 'change': 0, 'player_num': 1}
2025-11-27 09:22:17,932 : INFO : EventManager : Event: ======'player_number'====== Args={'value': 1, 'prev_value': 1, 'change': 0, 'player_num': 1}
2025-11-27 09:22:17,933 : INFO : EventManager : Event: ======'player_dirtmouth_active'====== Args={'value': 0, 'prev_value': 0, 'change': 0, 'player_num': 1}
2025-11-27 09:22:17,933 : INFO : EventManager : Event: ======'player_false_knight_controller_active'====== Args={'value': 0, 'prev_value': 0, 'change': 0, 'player_num': 1}
2025-11-27 09:22:17,933 : INFO : EventManager : Event: ======'player_lane_to_pop_active'====== Args={'value': 0, 'prev_value': 0, 'change': 0, 'player_num': 1}
2025-11-27 09:22:17,934 : INFO : EventManager : Event: ======'player_lanes_active'====== Args={'value': 0, 'prev_value': 0, 'change': 0, 'player_num': 1}
2025-11-27 09:22:17,934 : INFO : EventManager : Event: ======'player_left_orbit_active'====== Args={'value': 0, 'prev_value': 0, 'change': 0, 'player_num': 1}
2025-11-27 09:22:17,934 : INFO : EventManager : Event: ======'player_pop_bumper_active'====== Args={'value': 0, 'prev_value': 0, 'change': 0, 'player_num': 1}
2025-11-27 09:22:17,935 : INFO : EventManager : Event: ======'player_ramp_active'====== Args={'value': 0, 'prev_value': 0, 'change': 0, 'player_num': 1}
2025-11-27 09:22:17,935 : INFO : EventManager : Event: ======'player_right_orbit_active'====== Args={'value': 0, 'prev_value': 0, 'change': 0, 'player_num': 1}
2025-11-27 09:22:17,937 : INFO : EventManager : Event: ======'player_saucer_active'====== Args={'value': 0, 'prev_value': 0, 'change': 0, 'player_num': 1}
2025-11-27 09:22:17,938 : INFO : EventManager : Event: ======'player_slingshots_active'====== Args={'value': 0, 'prev_value': 0, 'change': 0, 'player_num': 1}
2025-11-27 09:22:17,938 : INFO : EventManager : Event: ======'player_targets_active'====== Args={'value': 0, 'prev_value': 0, 'change': 0, 'player_num': 1}
2025-11-27 09:22:17,938 : INFO : EventManager : Event: ======'player_vuk_active'====== Args={'value': 0, 'prev_value': 0, 'change': 0, 'player_num': 1}
2025-11-27 09:22:17,939 : INFO : EventManager : Event: ======'player_travel_progress'====== Args={'value': 0, 'prev_value': 0, 'change': 0, 'player_num': 1}
2025-11-27 09:22:17,939 : INFO : EventManager : Event: ======'player_travel_time_remaining_travel_dirtmouth_to_frogotten_crossroads'====== Args={'value': 40.0, 'prev_value': 40.0, 'change': 0, 'player_num': 1}
2025-11-27 09:22:17,939 : INFO : EventManager : Event: ======'player_travel_shots_remaining_travel_dirtmouth_to_frogotten_crossroads'====== Args={'value': 2, 'prev_value': 2, 'change': 0, 'player_num': 1}
2025-11-27 09:22:17,940 : INFO : EventManager : Event: ======'player_score'====== Args={'value': 0, 'prev_value': 0, 'change': 0, 'player_num': 1}
2025-11-27 09:22:17,946 : INFO : EventManager : Event: ======'game_started'====== Args={}
2025-11-27 09:22:17,954 : INFO : EventManager : Event: ======'player_turn_will_start'====== Args={'player': <Player 1>, 'number': 1}
2025-11-27 09:22:17,954 : INFO : EventManager : Event: ======'player_turn_starting'====== Args={'player': <Player 1>, 'number': 1}
2025-11-27 09:22:17,954 : INFO : EventManager : Event: ======'player_ball'====== Args={'value': 1, 'prev_value': 0, 'change': 1, 'player_num': 1}
2025-11-27 09:22:17,955 : INFO : EventManager : Event: ======'player_turn_started'====== Args={'player': <Player 1>, 'number': 1}
2025-11-27 09:22:17,955 : INFO : EventManager : Event: ======'ball_will_start'====== Args={'player': 1, 'ball': 1, 'balls_remaining': 2, 'is_extra_ball': False}
2025-11-27 09:22:17,955 : INFO : EventManager : Event: ======'ball_starting'====== Args={'player': 1, 'ball': 1, 'balls_remaining': 2, 'is_extra_ball': False}
2025-11-27 09:22:17,955 : INFO : EventManager : Event: ======'mode_base_will_start'====== Args={'queue': <QueuedEvent>, 'player': 1, 'ball': 1, 'balls_remaining': 2, 'is_extra_ball': False}
2025-11-27 09:22:17,956 : INFO : EventManager : Event: ======'mode_base_starting'====== Args={'queue': <QueuedEvent>, 'player': 1, 'ball': 1, 'balls_remaining': 2, 'is_extra_ball': False}
2025-11-27 09:22:17,956 : INFO : Mode.base : Started. Priority: 100
2025-11-27 09:22:17,956 : INFO : EventManager : Event: ======'modes_active_modes_changed'====== Args={}
2025-11-27 09:22:17,956 : INFO : EventManager : Event: ======'mode_base_started'====== Args={'queue': <QueuedEvent>, 'player': 1, 'ball': 1, 'balls_remaining': 2, 'is_extra_ball': False}
2025-11-27 09:22:17,956 : INFO : EventManager : Event: ======'start_mode_right_orbit'====== Args={'priority': 0}
2025-11-27 09:22:17,956 : INFO : EventManager : Event: ======'start_mode_slingshots'====== Args={'priority': 0}
2025-11-27 09:22:17,956 : INFO : EventManager : Event: ======'start_mode_lanes'====== Args={'priority': 0}
2025-11-27 09:22:17,956 : INFO : EventManager : Event: ======'start_mode_vuk'====== Args={'priority': 0}
2025-11-27 09:22:17,956 : INFO : EventManager : Event: ======'start_mode_ramp'====== Args={'priority': 0}
2025-11-27 09:22:17,956 : INFO : EventManager : Event: ======'start_mode_left_orbit'====== Args={'priority': 0}
2025-11-27 09:22:17,957 : INFO : EventManager : Event: ======'start_mode_lane_to_pop'====== Args={'priority': 0}
2025-11-27 09:22:17,957 : INFO : EventManager : Event: ======'start_mode_saucer'====== Args={'priority': 0}
2025-11-27 09:22:17,957 : INFO : EventManager : Event: ======'start_mode_targets'====== Args={'priority': 0}
2025-11-27 09:22:17,957 : INFO : EventManager : Event: ======'start_mode_pop_bumper'====== Args={'priority': 0}
2025-11-27 09:22:17,957 : INFO : EventManager : Event: ======'start_mode_dirtmouth'====== Args={'priority': 0}
2025-11-27 09:22:17,957 : INFO : EventManager : Event: ======'mode_right_orbit_will_start'====== Args={'priority': 0}
2025-11-27 09:22:17,957 : INFO : EventManager : Event: ======'player_shot_right_orbit_enabled'====== Args={'value': True, 'prev_value': 0, 'change': 1, 'player_num': 1}
2025-11-27 09:22:17,957 : INFO : EventManager : Event: ======'mode_right_orbit_starting'====== Args={'priority': 0}
2025-11-27 09:22:17,957 : INFO : EventManager : Event: ======'mode_slingshots_will_start'====== Args={'priority': 0}
2025-11-27 09:22:17,958 : INFO : EventManager : Event: ======'player_shot_top_left_slingshot_enabled'====== Args={'value': True, 'prev_value': 0, 'change': 1, 'player_num': 1}
2025-11-27 09:22:17,958 : INFO : EventManager : Event: ======'player_shot_bottom_left_slingshot_enabled'====== Args={'value': True, 'prev_value': 0, 'change': 1, 'player_num': 1}
2025-11-27 09:22:17,958 : INFO : EventManager : Event: ======'player_shot_top_right_slingshot_enabled'====== Args={'value': True, 'prev_value': 0, 'change': 1, 'player_num': 1}
2025-11-27 09:22:17,958 : INFO : EventManager : Event: ======'player_shot_bottom_right_slingshot_enabled'====== Args={'value': True, 'prev_value': 0, 'change': 1, 'player_num': 1}
2025-11-27 09:22:17,958 : INFO : EventManager : Event: ======'slingshots_complete'====== Args={'state': 'unlit'}
2025-11-27 09:22:17,958 : INFO : EventManager : Event: ======'slingshots_unlit_complete'====== Args={}
2025-11-27 09:22:17,959 : INFO : EventManager : Event: ======'mode_slingshots_starting'====== Args={'priority': 0}
2025-11-27 09:22:17,959 : INFO : EventManager : Event: ======'mode_lanes_will_start'====== Args={'priority': 0}
2025-11-27 09:22:17,959 : INFO : EventManager : Event: ======'player_shot_left_outlane_enabled'====== Args={'value': True, 'prev_value': 0, 'change': 1, 'player_num': 1}
2025-11-27 09:22:17,959 : INFO : EventManager : Event: ======'player_shot_left_inlane_enabled'====== Args={'value': True, 'prev_value': 0, 'change': 1, 'player_num': 1}
2025-11-27 09:22:17,959 : INFO : EventManager : Event: ======'player_shot_right_inlane_enabled'====== Args={'value': True, 'prev_value': 0, 'change': 1, 'player_num': 1}
2025-11-27 09:22:17,959 : INFO : EventManager : Event: ======'player_shot_right_outlane_enabled'====== Args={'value': True, 'prev_value': 0, 'change': 1, 'player_num': 1}
2025-11-27 09:22:17,960 : INFO : EventManager : Event: ======'lanes_complete'====== Args={'state': 'unlit'}
2025-11-27 09:22:17,960 : INFO : EventManager : Event: ======'lanes_unlit_complete'====== Args={}
2025-11-27 09:22:17,960 : INFO : EventManager : Event: ======'mode_lanes_starting'====== Args={'priority': 0}
2025-11-27 09:22:17,960 : INFO : EventManager : Event: ======'mode_vuk_will_start'====== Args={'priority': 0}
2025-11-27 09:22:17,960 : INFO : EventManager : Event: ======'player_shot_vuk_enabled'====== Args={'value': True, 'prev_value': 0, 'change': 1, 'player_num': 1}
2025-11-27 09:22:17,961 : INFO : EventManager : Event: ======'mode_vuk_starting'====== Args={'priority': 0}
2025-11-27 09:22:17,961 : INFO : EventManager : Event: ======'mode_ramp_will_start'====== Args={'priority': 0}
2025-11-27 09:22:17,961 : INFO : EventManager : Event: ======'player_shot_ramp_enabled'====== Args={'value': True, 'prev_value': 0, 'change': 1, 'player_num': 1}
2025-11-27 09:22:17,961 : INFO : EventManager : Event: ======'mode_ramp_starting'====== Args={'priority': 0}
2025-11-27 09:22:17,961 : INFO : EventManager : Event: ======'mode_left_orbit_will_start'====== Args={'priority': 0}
2025-11-27 09:22:17,961 : INFO : EventManager : Event: ======'player_shot_left_orbit_enabled'====== Args={'value': True, 'prev_value': 0, 'change': 1, 'player_num': 1}
2025-11-27 09:22:17,961 : INFO : EventManager : Event: ======'mode_left_orbit_starting'====== Args={'priority': 0}
2025-11-27 09:22:17,961 : INFO : EventManager : Event: ======'mode_lane_to_pop_will_start'====== Args={'priority': 0}
2025-11-27 09:22:17,962 : INFO : EventManager : Event: ======'player_shot_lane_to_pop_enabled'====== Args={'value': True, 'prev_value': 0, 'change': 1, 'player_num': 1}
2025-11-27 09:22:17,962 : INFO : EventManager : Event: ======'mode_lane_to_pop_starting'====== Args={'priority': 0}
2025-11-27 09:22:17,962 : INFO : EventManager : Event: ======'mode_saucer_will_start'====== Args={'priority': 0}
2025-11-27 09:22:17,962 : INFO : EventManager : Event: ======'player_shot_saucer_enabled'====== Args={'value': True, 'prev_value': 0, 'change': 1, 'player_num': 1}
2025-11-27 09:22:17,962 : INFO : EventManager : Event: ======'mode_saucer_starting'====== Args={'priority': 0}
2025-11-27 09:22:17,962 : INFO : EventManager : Event: ======'mode_targets_will_start'====== Args={'priority': 0}
2025-11-27 09:22:17,962 : INFO : EventManager : Event: ======'player_shot_front_left_target_enabled'====== Args={'value': True, 'prev_value': 0, 'change': 1, 'player_num': 1}
2025-11-27 09:22:17,962 : INFO : EventManager : Event: ======'player_shot_front_middle_target_enabled'====== Args={'value': True, 'prev_value': 0, 'change': 1, 'player_num': 1}
2025-11-27 09:22:17,963 : INFO : EventManager : Event: ======'player_shot_front_right_target_enabled'====== Args={'value': True, 'prev_value': 0, 'change': 1, 'player_num': 1}
2025-11-27 09:22:17,963 : INFO : EventManager : Event: ======'player_shot_back_left_target_enabled'====== Args={'value': True, 'prev_value': 0, 'change': 1, 'player_num': 1}
2025-11-27 09:22:17,963 : INFO : EventManager : Event: ======'player_shot_bakc_middle_left_target_enabled'====== Args={'value': True, 'prev_value': 0, 'change': 1, 'player_num': 1}
2025-11-27 09:22:17,963 : INFO : EventManager : Event: ======'player_shot_back_middle_right_target_enabled'====== Args={'value': True, 'prev_value': 0, 'change': 1, 'player_num': 1}
2025-11-27 09:22:17,963 : INFO : EventManager : Event: ======'player_shot_back_right_target_enabled'====== Args={'value': True, 'prev_value': 0, 'change': 1, 'player_num': 1}
2025-11-27 09:22:17,963 : INFO : EventManager : Event: ======'targets_complete'====== Args={'state': 'unlit'}
2025-11-27 09:22:17,963 : INFO : EventManager : Event: ======'targets_unlit_complete'====== Args={}
2025-11-27 09:22:17,964 : INFO : EventManager : Event: ======'mode_targets_starting'====== Args={'priority': 0}
2025-11-27 09:22:17,964 : INFO : EventManager : Event: ======'mode_pop_bumper_will_start'====== Args={'priority': 0}
2025-11-27 09:22:17,964 : INFO : EventManager : Event: ======'player_shot_pop_bumper_enabled'====== Args={'value': True, 'prev_value': 0, 'change': 1, 'player_num': 1}
2025-11-27 09:22:17,964 : INFO : EventManager : Event: ======'mode_pop_bumper_starting'====== Args={'priority': 0}
2025-11-27 09:22:17,964 : INFO : EventManager : Event: ======'mode_dirtmouth_will_start'====== Args={'priority': 0}
2025-11-27 09:22:17,964 : INFO : EventManager : Event: ======'player_shot_vuk_dirtmouth_enabled'====== Args={'value': True, 'prev_value': 0, 'change': 1, 'player_num': 1}
2025-11-27 09:22:17,965 : INFO : EventManager : Event: ======'player_shot_saucer_dirtmouth_enabled'====== Args={'value': True, 'prev_value': 0, 'change': 1, 'player_num': 1}
2025-11-27 09:22:17,965 : INFO : EventManager : Event: ======'locks_complete'====== Args={'state': 'unlit'}
2025-11-27 09:22:17,965 : INFO : EventManager : Event: ======'locks_unlit_complete'====== Args={}
2025-11-27 09:22:17,965 : INFO : EventManager : Event: ======'mode_dirtmouth_starting'====== Args={'priority': 0}
2025-11-27 09:22:17,965 : INFO : Mode.dirtmouth : Started. Priority: 250
2025-11-27 09:22:17,965 : INFO : EventManager : Event: ======'modes_active_modes_changed'====== Args={}
2025-11-27 09:22:17,965 : INFO : EventManager : Event: ======'mode_dirtmouth_started'====== Args={'priority': 0}
2025-11-27 09:22:17,966 : INFO : EventManager : Event: ======'player_dirtmouth_active'====== Args={'value': 1, 'prev_value': 0, 'change': 1, 'player_num': 1, 'source': 'dirtmouth'}
2025-11-27 09:22:17,966 : INFO : Mode.pop_bumper : Started. Priority: 150
2025-11-27 09:22:17,966 : INFO : EventManager : Event: ======'modes_active_modes_changed'====== Args={}
2025-11-27 09:22:17,966 : INFO : EventManager : Event: ======'mode_pop_bumper_started'====== Args={'priority': 0}
2025-11-27 09:22:17,967 : INFO : EventManager : Event: ======'player_pop_bumper_active'====== Args={'value': 1, 'prev_value': 0, 'change': 1, 'player_num': 1, 'source': 'pop_bumper'}
2025-11-27 09:22:17,967 : INFO : Mode.targets : Started. Priority: 175
2025-11-27 09:22:17,967 : INFO : EventManager : Event: ======'modes_active_modes_changed'====== Args={}
2025-11-27 09:22:17,967 : INFO : EventManager : Event: ======'mode_targets_started'====== Args={'priority': 0}
2025-11-27 09:22:17,967 : INFO : EventManager : Event: ======'player_targets_active'====== Args={'value': 1, 'prev_value': 0, 'change': 1, 'player_num': 1, 'source': 'targets'}
2025-11-27 09:22:17,968 : INFO : Mode.saucer : Started. Priority: 200
2025-11-27 09:22:17,968 : INFO : EventManager : Event: ======'modes_active_modes_changed'====== Args={}
2025-11-27 09:22:17,968 : INFO : EventManager : Event: ======'mode_saucer_started'====== Args={'priority': 0}
2025-11-27 09:22:17,968 : INFO : EventManager : Event: ======'player_saucer_active'====== Args={'value': 1, 'prev_value': 0, 'change': 1, 'player_num': 1, 'source': 'saucer'}
2025-11-27 09:22:17,969 : INFO : Mode.lane_to_pop : Started. Priority: 200
2025-11-27 09:22:17,969 : INFO : EventManager : Event: ======'modes_active_modes_changed'====== Args={}
2025-11-27 09:22:17,969 : INFO : EventManager : Event: ======'mode_lane_to_pop_started'====== Args={'priority': 0}
2025-11-27 09:22:17,969 : INFO : EventManager : Event: ======'player_lane_to_pop_active'====== Args={'value': 1, 'prev_value': 0, 'change': 1, 'player_num': 1, 'source': 'lane_to_pop'}
2025-11-27 09:22:17,970 : INFO : Mode.left_orbit : Started. Priority: 200
2025-11-27 09:22:17,970 : INFO : EventManager : Event: ======'modes_active_modes_changed'====== Args={}
2025-11-27 09:22:17,970 : INFO : EventManager : Event: ======'mode_left_orbit_started'====== Args={'priority': 0}
2025-11-27 09:22:17,970 : INFO : EventManager : Event: ======'player_left_orbit_active'====== Args={'value': 1, 'prev_value': 0, 'change': 1, 'player_num': 1, 'source': 'left_orbit'}
2025-11-27 09:22:17,970 : INFO : Mode.ramp : Started. Priority: 200
2025-11-27 09:22:17,970 : INFO : EventManager : Event: ======'modes_active_modes_changed'====== Args={}
2025-11-27 09:22:17,970 : INFO : EventManager : Event: ======'mode_ramp_started'====== Args={'priority': 0}
2025-11-27 09:22:17,971 : INFO : EventManager : Event: ======'player_ramp_active'====== Args={'value': 1, 'prev_value': 0, 'change': 1, 'player_num': 1, 'source': 'ramp'}
2025-11-27 09:22:17,971 : INFO : Mode.vuk : Started. Priority: 200
2025-11-27 09:22:17,971 : INFO : EventManager : Event: ======'modes_active_modes_changed'====== Args={}
2025-11-27 09:22:17,971 : INFO : EventManager : Event: ======'mode_vuk_started'====== Args={'priority': 0}
2025-11-27 09:22:17,971 : INFO : EventManager : Event: ======'player_vuk_active'====== Args={'value': 1, 'prev_value': 0, 'change': 1, 'player_num': 1, 'source': 'vuk'}
2025-11-27 09:22:17,972 : INFO : Mode.lanes : Started. Priority: 150
2025-11-27 09:22:17,972 : INFO : EventManager : Event: ======'modes_active_modes_changed'====== Args={}
2025-11-27 09:22:17,972 : INFO : EventManager : Event: ======'mode_lanes_started'====== Args={'priority': 0}
2025-11-27 09:22:17,972 : INFO : EventManager : Event: ======'player_lanes_active'====== Args={'value': 1, 'prev_value': 0, 'change': 1, 'player_num': 1, 'source': 'lanes'}
2025-11-27 09:22:17,973 : INFO : Mode.slingshots : Started. Priority: 150
2025-11-27 09:22:17,973 : INFO : EventManager : Event: ======'modes_active_modes_changed'====== Args={}
2025-11-27 09:22:17,973 : INFO : EventManager : Event: ======'mode_slingshots_started'====== Args={'priority': 0}
2025-11-27 09:22:17,973 : INFO : EventManager : Event: ======'player_slingshots_active'====== Args={'value': 1, 'prev_value': 0, 'change': 1, 'player_num': 1, 'source': 'slingshots'}
2025-11-27 09:22:17,973 : INFO : Mode.right_orbit : Started. Priority: 200
2025-11-27 09:22:17,974 : INFO : EventManager : Event: ======'modes_active_modes_changed'====== Args={}
2025-11-27 09:22:17,974 : INFO : EventManager : Event: ======'mode_right_orbit_started'====== Args={'priority': 0}
2025-11-27 09:22:17,974 : INFO : EventManager : Event: ======'player_right_orbit_active'====== Args={'value': 1, 'prev_value': 0, 'change': 1, 'player_num': 1, 'source': 'right_orbit'}
2025-11-27 09:22:17,974 : INFO : EventManager : Event: ======'balls_in_play'====== Args={'balls': 1}
2025-11-27 09:22:17,974 : INFO : EventManager : Event: ======'ball_started'====== Args={'player': 1, 'ball': 1, 'balls_remaining': 2, 'is_extra_ball': False}
2025-11-27 09:22:17,977 : INFO : EventManager : Event: ======'single_player_ball_started'====== Args={}
2025-11-27 09:22:17,977 : INFO : EventManager : Event: ======'slide_base_created'====== Args={'_from_bcp': True}
2025-11-27 09:22:17,977 : INFO : EventManager : Event: ======'slide_attract_inactive'====== Args={'is_removing': True, '_from_bcp': True}
2025-11-27 09:22:17,977 : INFO : EventManager : Event: ======'slide_base_active'====== Args={'original_context': 'base', 'original_calling_context': 'mode_base_started', 'priority': 100.0, 'queue': '<QueuedEvent>', 'player': 1.0, 'ball': 1.0, 'balls_remaining': 2.0, 'is_extra_ball': False, 'cmd': 'slides_play', '_from_bcp': True}
2025-11-27 09:22:17,977 : INFO : EventManager : Event: ======'slide_attract_removed'====== Args={'_from_bcp': True}
2025-11-27 09:22:17,977 : INFO : EventManager : Event: ======'ball_start_target'====== Args={'target': 'playfield'}
2025-11-27 09:22:17,977 : INFO : ball_device.bd_trough : Setting up player-controlled eject. Balls: 1, Target: <playfield.playfield>, player_controlled_eject_event: None
2025-11-27 09:22:17,977 : INFO : ball_device.bd_trough : Adding 1 ball(s) to the eject_queue with target <playfield.playfield>.
2025-11-27 09:22:17,977 : INFO : EventManager : Event: ======'balldevice_balls_available'====== Args={}
2025-11-27 09:22:17,978 : INFO : ball_device.bd_trough : State: waiting_for_target_ready
2025-11-27 09:22:17,978 : INFO : EventManager : Event: ======'balldevice_bd_trough_ball_eject_attempt'====== Args={'balls': 1, 'target': <ball_device.bd_plunger>, 'source': <ball_device.bd_trough>, 'mechanical_eject': False, 'num_attempts': 0}
2025-11-27 09:22:17,978 : INFO : ball_device.bd_plunger : State: waiting_for_ball
2025-11-27 09:22:17,978 : INFO : ball_device.bd_trough : State: ejecting
2025-11-27 09:22:17,978 : INFO : ball_device.bd_trough : Ejecting ball to <ball_device.bd_plunger>
2025-11-27 09:22:17,978 : INFO : EventManager : Event: ======'balldevice_bd_trough_ejecting_ball'====== Args={'balls': 1, 'target': <ball_device.bd_plunger>, 'source': <ball_device.bd_trough>, 'mechanical_eject': False, 'num_attempts': 0}
2025-11-27 09:22:17,978 : INFO : ball_device.bd_trough : Wait for ball to leave device
2025-11-27 09:22:17,978 : INFO : coil.c_trough_eject : Pulsing Driver for 10ms (1.0 pulse_power)
2025-11-27 09:22:17,978 : INFO : SwitchController : <<<<<<< 's_trough_1' inactive >>>>>>>
2025-11-27 09:22:17,978 : INFO : ball_device.bd_trough : State: ball_left
2025-11-27 09:22:17,979 : INFO : ball_device.bd_trough : Ball left
2025-11-27 09:22:17,979 : INFO : ball_device.bd_trough : Wait for confirm with timeout 10.0
2025-11-27 09:22:17,995 : INFO : EventManager : Event: ======'slide_dirtmouth_created'====== Args={'_from_bcp': True}
2025-11-27 09:22:17,995 : INFO : EventManager : Event: ======'slide_base_inactive'====== Args={'is_removing': False, '_from_bcp': True}
2025-11-27 09:22:17,995 : INFO : EventManager : Event: ======'slide_dirtmouth_active'====== Args={'original_context': 'dirtmouth', 'original_calling_context': 'mode_dirtmouth_started', 'priority': 250.0, 'cmd': 'slides_play', '_from_bcp': True}
2025-11-27 09:22:18,079 : INFO : SwitchController : <<<<<<< 's_plunger_lane' active >>>>>>>
2025-11-27 09:22:18,080 : INFO : EventManager : Event: ======'machine_var_audits_switches_s_plunger_lane'====== Args={'value': 272, 'prev_value': 271, 'change': 1}
2025-11-27 09:22:18,581 : INFO : ball_device.bd_plunger : Received ball from <ball_device.bd_trough>
2025-11-27 09:22:18,581 : INFO : EventManager : Event: ======'balldevice_bd_plunger_ball_enter'====== Args={'new_balls': 1, 'unclaimed_balls': 0, 'new_available_balls': 0, 'device': <ball_device.bd_plunger>}
2025-11-27 09:22:18,583 : INFO : EventManager : Event: ======'balldevice_bd_plunger_ball_entered'====== Args={'new_balls': 0, 'device': <ball_device.bd_plunger>}
2025-11-27 09:22:18,584 : INFO : EventManager : Event: ======'balldevice_bd_plunger_ball_count_changed'====== Args={'balls': 1}
2025-11-27 09:22:18,584 : INFO : ball_device.bd_trough : Got eject confirm
2025-11-27 09:22:18,584 : INFO : ball_device.bd_trough : Eject successful
2025-11-27 09:22:18,584 : INFO : EventManager : Event: ======'balldevice_bd_trough_ball_eject_success'====== Args={'balls': 1, 'target': <ball_device.bd_plunger>}
2025-11-27 09:22:18,585 : INFO : EventManager : Event: ======'balldevice_bd_trough_ball_count_changed'====== Args={'balls': 2}
2025-11-27 09:22:18,585 : INFO : ball_device.bd_trough : State: idle
2025-11-27 09:22:18,587 : INFO : ball_device.bd_plunger : State: waiting_for_target_ready
2025-11-27 09:22:18,588 : INFO : EventManager : Event: ======'balldevice_bd_plunger_ball_eject_attempt'====== Args={'balls': 1, 'target': <playfield.playfield>, 'source': <ball_device.bd_plunger>, 'mechanical_eject': False, 'num_attempts': 0}
2025-11-27 09:22:18,589 : INFO : ball_device.bd_plunger : State: ejecting
2025-11-27 09:22:18,589 : INFO : ball_device.bd_plunger : Ejecting ball to <playfield.playfield>
2025-11-27 09:22:18,589 : INFO : EventManager : Event: ======'balldevice_bd_plunger_ejecting_ball'====== Args={'balls': 1, 'target': <playfield.playfield>, 'source': <ball_device.bd_plunger>, 'mechanical_eject': False, 'num_attempts': 0}
2025-11-27 09:22:18,590 : INFO : ball_device.bd_plunger : Wait for ball to leave device
2025-11-27 09:22:19,591 : INFO : SwitchController : <<<<<<< 's_plunger_lane' inactive >>>>>>>
2025-11-27 09:22:19,592 : INFO : ball_device.bd_plunger : State: ball_left
2025-11-27 09:22:19,592 : INFO : ball_device.bd_plunger : Ball left
2025-11-27 09:22:19,592 : INFO : ball_device.bd_plunger : Wait for confirm with timeout 10.0
2025-11-27 09:22:20,993 : INFO : SwitchController : <<<<<<< 's_vuk' active >>>>>>>
2025-11-27 09:22:20,993 : INFO : EventManager : Event: ======'playfield_active'====== Args={'source': 'vuk'}
2025-11-27 09:22:20,993 : INFO : EventManager : Event: ======'playfield_active'====== Args={'source': 'vuk_dirtmouth'}
2025-11-27 09:22:20,994 : INFO : EventManager : Event: ======'s_vuk_active'====== Args={}
2025-11-27 09:22:20,994 : INFO : EventManager : Event: ======'machine_var_audits_switches_s_vuk'====== Args={'value': 196, 'prev_value': 195, 'change': 1}
2025-11-27 09:22:20,995 : INFO : EventManager : Event: ======'player_shot_vuk_dirtmouth'====== Args={'value': 1, 'prev_value': 0, 'change': 1, 'player_num': 1}
2025-11-27 09:22:21,008 : INFO : EventManager : Event: ======'machine_var_audits_shots_vuk_dirtmouth'====== Args={'value': 99, 'prev_value': 98, 'change': 1}
2025-11-27 09:22:21,009 : INFO : EventManager : Event: ======'vuk_dirtmouth_hit'====== Args={'profile': 'default', 'state': 'unlit', 'advancing': True}
2025-11-27 09:22:21,009 : INFO : EventManager : Event: ======'vuk_dirtmouth_default_hit'====== Args={'profile': 'default', 'state': 'unlit', 'advancing': True}
2025-11-27 09:22:21,009 : INFO : EventManager : Event: ======'vuk_dirtmouth_default_unlit_hit'====== Args={'profile': 'default', 'state': 'unlit', 'advancing': True}
2025-11-27 09:22:21,009 : INFO : EventManager : Event: ======'vuk_dirtmouth_unlit_hit'====== Args={'profile': 'default', 'state': 'unlit', 'advancing': True}
2025-11-27 09:22:21,009 : INFO : EventManager : Event: ======'player_shot_vuk'====== Args={'value': 1, 'prev_value': 0, 'change': 1, 'player_num': 1}
2025-11-27 09:22:21,010 : INFO : EventManager : Event: ======'machine_var_audits_shots_vuk'====== Args={'value': 178, 'prev_value': 177, 'change': 1}
2025-11-27 09:22:21,010 : INFO : EventManager : Event: ======'vuk_hit'====== Args={'profile': 'default', 'state': 'unlit', 'advancing': True}
2025-11-27 09:22:21,010 : INFO : EventManager : Event: ======'vuk_default_hit'====== Args={'profile': 'default', 'state': 'unlit', 'advancing': True}
2025-11-27 09:22:21,010 : INFO : EventManager : Event: ======'vuk_default_unlit_hit'====== Args={'profile': 'default', 'state': 'unlit', 'advancing': True}
2025-11-27 09:22:21,010 : INFO : EventManager : Event: ======'vuk_unlit_hit'====== Args={'profile': 'default', 'state': 'unlit', 'advancing': True}
2025-11-27 09:22:21,010 : INFO : EventManager : Event: ======'locks_hit'====== Args={'shot': 'vuk_dirtmouth'}
2025-11-27 09:22:21,010 : INFO : EventManager : Event: ======'locks_unlit_hit'====== Args={'shot': 'vuk_dirtmouth'}
2025-11-27 09:22:21,011 : INFO : EventManager : Event: ======'start_mode_travel_dirtmouth_to_frogotten_crossroads'====== Args={'priority': 0}
2025-11-27 09:22:21,011 : INFO : EventManager : Event: ======'mode_travel_dirtmouth_to_frogotten_crossroads_will_start'====== Args={'priority': 0}
2025-11-27 09:22:21,011 : INFO : EventManager : Event: ======'player_shot_ramp_travel_dirtmouth_to_frogotten_crossroads_enabled'====== Args={'value': True, 'prev_value': 0, 'change': 1, 'player_num': 1}
2025-11-27 09:22:21,011 : INFO : EventManager : Event: ======'player_shot_right_orbit_travel_dirtmouth_to_frogotten_crossroads_enabled'====== Args={'value': True, 'prev_value': 0, 'change': 1, 'player_num': 1}
2025-11-27 09:22:21,012 : INFO : EventManager : Event: ======'player_shot_left_orbit_travel_dirtmouth_to_frogotten_crossroads_enabled'====== Args={'value': True, 'prev_value': 0, 'change': 1, 'player_num': 1}
2025-11-27 09:22:21,012 : INFO : EventManager : Event: ======'travel_complete'====== Args={'state': 'unlit'}
2025-11-27 09:22:21,012 : INFO : EventManager : Event: ======'travel_unlit_complete'====== Args={}
2025-11-27 09:22:21,012 : INFO : EventManager : Event: ======'player_travel_dirtmouth_to_frogotten_crossroads_travel_display_timer_tick'====== Args={'value': 0, 'prev_value': 0, 'change': 0, 'player_num': 1}
2025-11-27 09:22:21,013 : INFO : Timer.travel_display_timer : Starting Timer.
2025-11-27 09:22:21,013 : INFO : EventManager : Event: ======'timer_travel_display_timer_started'====== Args={'ticks': 0, 'ticks_remaining': 1}
2025-11-27 09:22:21,013 : INFO : EventManager : Event: ======'timer_travel_display_timer_tick'====== Args={'ticks': 0, 'ticks_remaining': 1}
2025-11-27 09:22:21,013 : INFO : EventManager : Event: ======'player_travel_dirtmouth_to_frogotten_crossroads_travel_end_timer_tick'====== Args={'value': 0, 'prev_value': 0, 'change': 0, 'player_num': 1}
2025-11-27 09:22:21,013 : INFO : Timer.travel_end_timer : Starting Timer.
2025-11-27 09:22:21,013 : INFO : EventManager : Event: ======'timer_travel_end_timer_started'====== Args={'ticks': 0, 'ticks_remaining': 100}
2025-11-27 09:22:21,014 : INFO : EventManager : Event: ======'timer_travel_end_timer_tick'====== Args={'ticks': 0, 'ticks_remaining': 100}
2025-11-27 09:22:21,014 : INFO : EventManager : Event: ======'mode_travel_dirtmouth_to_frogotten_crossroads_starting'====== Args={'priority': 0}
2025-11-27 09:22:21,014 : INFO : EventManager : Event: ======'player_score'====== Args={'value': 5000, 'prev_value': 0, 'change': 5000, 'player_num': 1, 'source': 'vuk'}
2025-11-27 09:22:21,015 : INFO : Mode.travel_dirtmouth_to_frogotten_crossroads : Started. Priority: 300
2025-11-27 09:22:21,015 : INFO : EventManager : Event: ======'modes_active_modes_changed'====== Args={}
2025-11-27 09:22:21,016 : INFO : EventManager : Event: ======'mode_travel_dirtmouth_to_frogotten_crossroads_started'====== Args={'priority': 0}
2025-11-27 09:22:21,016 : INFO : EventManager : Event: ======'player_score'====== Args={'value': 15000, 'prev_value': 5000, 'change': 10000, 'player_num': 1, 'source': 'travel_dirtmouth_to_frogotten_crossroads'}
2025-11-27 09:22:21,016 : INFO : EventManager : Event: ======'player_time_remaining_travel_dirtmouth_to_frogotten_crossroads'====== Args={'value': 40.0, 'prev_value': 0, 'change': 40.0, 'player_num': 1, 'source': 'travel_dirtmouth_to_frogotten_crossroads'}
2025-11-27 09:22:21,016 : INFO : EventManager : Event: ======'player_travel_shots_remaining_travel_dirtmouth_to_frogotten_crossroads'====== Args={'value': 3, 'prev_value': 2, 'change': 1, 'player_num': 1, 'source': 'travel_dirtmouth_to_frogotten_crossroads'}
2025-11-27 09:22:21,021 : INFO : ball_device.bd_plunger : Got eject confirm
2025-11-27 09:22:21,021 : INFO : ball_device.bd_plunger : Eject successful
2025-11-27 09:22:21,021 : INFO : EventManager : Event: ======'balldevice_bd_plunger_ball_eject_success'====== Args={'balls': 1, 'target': <playfield.playfield>}
2025-11-27 09:22:21,021 : INFO : EventManager : Event: ======'balldevice_playfield_ball_enter'====== Args={'new_balls': 1, 'unclaimed_balls': 1, 'device': <playfield.playfield>}
2025-11-27 09:22:21,021 : INFO : EventManager : Event: ======'playfield_ball_count_change'====== Args={'balls': 1, 'change': 1}
2025-11-27 09:22:21,021 : INFO : EventManager : Event: ======'balldevice_bd_plunger_ball_count_changed'====== Args={'balls': 0}
2025-11-27 09:22:21,022 : INFO : ball_device.bd_plunger : State: idle
2025-11-27 09:22:21,104 : INFO : EventManager : Event: ======'slide_travel_dirtmouth_to_frogotten_crossroads_created'====== Args={'_from_bcp': True}
2025-11-27 09:22:21,104 : INFO : EventManager : Event: ======'slide_dirtmouth_inactive'====== Args={'is_removing': False, '_from_bcp': True}
2025-11-27 09:22:21,104 : INFO : EventManager : Event: ======'slide_travel_dirtmouth_to_frogotten_crossroads_active'====== Args={'original_context': 'travel_dirtmouth_to_frogotten_crossroads', 'original_calling_context': 'mode_travel_dirtmouth_to_frogotten_crossroads_started', 'priority': 300.0, 'cmd': 'slides_play', '_from_bcp': True}
2025-11-27 09:22:21,151 : INFO : SwitchController : <<<<<<< 's_vuk' inactive >>>>>>>
2025-11-27 09:22:21,414 : INFO : EventManager : Event: ======'player_travel_dirtmouth_to_frogotten_crossroads_travel_end_timer_tick'====== Args={'value': 1, 'prev_value': 0, 'change': 1, 'player_num': 1}
2025-11-27 09:22:21,415 : INFO : EventManager : Event: ======'timer_travel_end_timer_tick'====== Args={'ticks': 1, 'ticks_remaining': 99}
2025-11-27 09:22:21,418 : ERROR : asyncio : Exception in callback EventManager.process_event_queue()
handle: <Handle EventManager.process_event_queue()>
Traceback (most recent call last):
  File "/Users/samhughes/mpf/lib/python3.13/site-packages/mpf/core/placeholder_manager.py", line 79, in evaluate
    result = self.placeholder_manager.evaluate_template(self.template, parameters)
  File "/Users/samhughes/mpf/lib/python3.13/site-packages/mpf/core/placeholder_manager.py", line 836, in evaluate_template
    return self._eval(template, parameters, False)[0]
           ~~~~~~~~~~^^^^^^^^^^^^^^^^^^^^^^^^^^^^^
  File "/Users/samhughes/mpf/lib/python3.13/site-packages/mpf/core/placeholder_manager.py", line 780, in _eval
    raise TypeError(type(node))
TypeError: <class 'ast.Call'>

The above exception was the direct cause of the following exception:

Traceback (most recent call last):
  File "/Users/samhughes/mpf/lib/python3.13/site-packages/mpf/core/events.py", line 755, in _run_handlers
    result = handler.callback(**merged_kwargs)
  File "/Users/samhughes/mpf/lib/python3.13/site-packages/mpf/core/config_player.py", line 348, in config_play_callback
    return self.play(settings=settings, context=context, calling_context=calling_context, priority=priority,
           ~~~~~~~~~^^^^^^^^^^^^^^^^^^^^^^^^^^^^^^^^^^^^^^^^^^^^^^^^^^^^^^^^^^^^^^^^^^^^^^^^^^^^^^^^^^^^^^^^
                     **kwargs)
                     ^^^^^^^^^
  File "/Users/samhughes/mpf/lib/python3.13/site-packages/mpf/config_players/variable_player.py", line 87, in play
    self._set_variable(var, s, kwargs, context)
    ~~~~~~~~~~~~~~~~~~^^^^^^^^^^^^^^^^^^^^^^^^^
  File "/Users/samhughes/mpf/lib/python3.13/site-packages/mpf/config_players/variable_player.py", line 100, in _set_variable
    value = entry['float'].evaluate(placeholder_parameters)
  File "/Users/samhughes/mpf/lib/python3.13/site-packages/mpf/core/placeholder_manager.py", line 89, in evaluate
    raise AssertionError(
        f"Failed to evaluate {type(self)} template {self.text} with parameters {parameters}") from e
AssertionError: Failed to evaluate <class 'mpf.core.placeholder_manager.FloatTemplate'> template round(curent_player.time_remaining_travel_dirtmouth_to_frogotten_crossroads-0.4, 3) with parameters {'ticks': 1, 'ticks_remaining': 99}

The above exception was the direct cause of the following exception:

Traceback (most recent call last):
  File "/Library/Frameworks/Python.framework/Versions/3.13/lib/python3.13/asyncio/events.py", line 89, in _run
    self._context.run(self._callback, *self._args)
    ~~~~~~~~~~~~~~~~~^^^^^^^^^^^^^^^^^^^^^^^^^^^^^
  File "/Users/samhughes/mpf/lib/python3.13/site-packages/mpf/core/events.py", line 846, in process_event_queue
    self._process_event(event=event[0],
    ~~~~~~~~~~~~~~~~~~~^^^^^^^^^^^^^^^^
                        ev_type=event[1],
                        ^^^^^^^^^^^^^^^^^
                        callback=event[2],
                        ^^^^^^^^^^^^^^^^^^
                        **event[3])
                        ^^^^^^^^^^^
  File "/Users/samhughes/mpf/lib/python3.13/site-packages/mpf/core/events.py", line 808, in _process_event
    result = self._run_handlers(event, ev_type, kwargs)
  File "/Users/samhughes/mpf/lib/python3.13/site-packages/mpf/core/events.py", line 757, in _run_handlers
    raise EventHandlerException(
        "Exception while processing {} for event {}. {}".format(handler, event, e)) from e
mpf.core.events.EventHandlerException: Exception while processing RegisteredHandler(callback=<bound method ConfigPlayer.config_play_callback of ConfigPlayer.variable_player/variables>, priority=300, kwargs={'calling_context': 'timer_travel_end_timer_tick', 'mode': <Mode.travel_dirtmouth_to_frogotten_crossroads>, 'settings': {'time_remaining_travel_dirtmouth_to_frogotten_crossroads': {'float': <Template round(curent_player.time_remaining_travel_dirtmouth_to_frogotten_crossroads-0.4, 3)>, 'action': 'add', 'priority': 0, 'int': None, 'string': None, 'block': False, 'player': None, 'condition': None}, 'travel_shots_remaining_travel_dirtmouth_to_frogotten_crossroads': {'int': <Template 3 - current_player.travel_progress>, 'action': 'set', 'priority': 0, 'float': None, 'string': None, 'block': False, 'player': None, 'condition': None}}}, key=UUID('ef1fe3b1-b57d-4d55-864e-743721a4ebd7'), condition=None, blocking_facility=None) for event timer_travel_end_timer_tick. Failed to evaluate <class 'mpf.core.placeholder_manager.FloatTemplate'> template round(curent_player.time_remaining_travel_dirtmouth_to_frogotten_crossroads-0.4, 3) with parameters {'ticks': 1, 'ticks_remaining': 99}
2025-11-27 09:22:21,433 : INFO : Machine : Shutting down...
2025-11-27 09:22:21,433 : INFO : EventManager : Event: ======'shutdown'====== Args={}
2025-11-27 09:22:21,434 : INFO : EventManager : Event: ======'mode_game_will_stop'====== Args={}
2025-11-27 09:22:21,434 : INFO : EventManager : Event: ======'mode_game_stopping'====== Args={}
2025-11-27 09:22:21,434 : INFO : EventManager : Event: ======'mode_pop_bumper_will_stop'====== Args={}
2025-11-27 09:22:21,434 : INFO : EventManager : Event: ======'mode_pop_bumper_stopping'====== Args={}
2025-11-27 09:22:21,435 : INFO : EventManager : Event: ======'mode_base_will_stop'====== Args={}
2025-11-27 09:22:21,435 : INFO : EventManager : Event: ======'mode_base_stopping'====== Args={}
2025-11-27 09:22:21,435 : INFO : EventManager : Event: ======'mode_lane_to_pop_will_stop'====== Args={}
2025-11-27 09:22:21,435 : INFO : EventManager : Event: ======'mode_lane_to_pop_stopping'====== Args={}
2025-11-27 09:22:21,435 : INFO : EventManager : Event: ======'mode_left_orbit_will_stop'====== Args={}
2025-11-27 09:22:21,435 : INFO : EventManager : Event: ======'mode_left_orbit_stopping'====== Args={}
2025-11-27 09:22:21,435 : INFO : EventManager : Event: ======'mode_saucer_will_stop'====== Args={}
2025-11-27 09:22:21,435 : INFO : EventManager : Event: ======'mode_saucer_stopping'====== Args={}
2025-11-27 09:22:21,435 : INFO : EventManager : Event: ======'mode_lanes_will_stop'====== Args={}
2025-11-27 09:22:21,435 : INFO : EventManager : Event: ======'mode_lanes_stopping'====== Args={}
2025-11-27 09:22:21,435 : INFO : EventManager : Event: ======'mode_targets_will_stop'====== Args={}
2025-11-27 09:22:21,435 : INFO : EventManager : Event: ======'mode_targets_stopping'====== Args={}
2025-11-27 09:22:21,435 : INFO : EventManager : Event: ======'mode_vuk_will_stop'====== Args={}
2025-11-27 09:22:21,436 : INFO : EventManager : Event: ======'mode_vuk_stopping'====== Args={}
2025-11-27 09:22:21,436 : INFO : EventManager : Event: ======'mode_travel_dirtmouth_to_frogotten_crossroads_will_stop'====== Args={}
2025-11-27 09:22:21,436 : INFO : EventManager : Event: ======'mode_travel_dirtmouth_to_frogotten_crossroads_stopping'====== Args={}
2025-11-27 09:22:21,436 : INFO : EventManager : Event: ======'mode_ramp_will_stop'====== Args={}
2025-11-27 09:22:21,436 : INFO : EventManager : Event: ======'mode_ramp_stopping'====== Args={}
2025-11-27 09:22:21,436 : INFO : EventManager : Event: ======'mode_slingshots_will_stop'====== Args={}
2025-11-27 09:22:21,436 : INFO : EventManager : Event: ======'mode_slingshots_stopping'====== Args={}
2025-11-27 09:22:21,436 : INFO : EventManager : Event: ======'mode_dirtmouth_will_stop'====== Args={}
2025-11-27 09:22:21,436 : INFO : EventManager : Event: ======'mode_dirtmouth_stopping'====== Args={}
2025-11-27 09:22:21,436 : INFO : EventManager : Event: ======'mode_right_orbit_will_stop'====== Args={}
2025-11-27 09:22:21,436 : INFO : EventManager : Event: ======'mode_right_orbit_stopping'====== Args={}
2025-11-27 09:22:21,436 : INFO : EventManager : Event: ======'stop_mode_right_orbit'====== Args={'priority': 0}
2025-11-27 09:22:21,436 : INFO : EventManager : Event: ======'stop_mode_slingshots'====== Args={'priority': 0}
2025-11-27 09:22:21,436 : INFO : EventManager : Event: ======'stop_mode_lanes'====== Args={'priority': 0}
2025-11-27 09:22:21,436 : INFO : EventManager : Event: ======'stop_mode_vuk'====== Args={'priority': 0}
2025-11-27 09:22:21,436 : INFO : EventManager : Event: ======'stop_mode_ramp'====== Args={'priority': 0}
2025-11-27 09:22:21,436 : INFO : EventManager : Event: ======'stop_mode_left_orbit'====== Args={'priority': 0}
2025-11-27 09:22:21,436 : INFO : EventManager : Event: ======'stop_mode_lane_to_pop'====== Args={'priority': 0}
2025-11-27 09:22:21,436 : INFO : EventManager : Event: ======'stop_mode_saucer'====== Args={'priority': 0}
2025-11-27 09:22:21,436 : INFO : EventManager : Event: ======'stop_mode_targets'====== Args={'priority': 0}
2025-11-27 09:22:21,437 : INFO : EventManager : Event: ======'stop_mode_pop_bumper'====== Args={'priority': 0}
2025-11-27 09:22:21,437 : INFO : EventManager : Event: ======'stop_mode_dirtmouth'====== Args={'priority': 0}
2025-11-27 09:22:21,437 : INFO : EventManager : Event: ======'stop_mode_false_knight_controller'====== Args={'priority': 0}
2025-11-27 09:22:21,437 : INFO : EventManager : Event: ======'stop_mode_frogotten_crossroads'====== Args={'priority': 0}
2025-11-27 09:22:21,437 : INFO : EventManager : Event: ======'stop_mode_travel_dirtmouth_to_frogotten_crossroads'====== Args={'priority': 0}
2025-11-27 09:22:21,437 : INFO : Mode.right_orbit : Stopped.
2025-11-27 09:22:21,437 : INFO : EventManager : Event: ======'modes_active_modes_changed'====== Args={}
2025-11-27 09:22:21,437 : INFO : EventManager : Event: ======'mode_right_orbit_stopped'====== Args={}
2025-11-27 09:22:21,437 : INFO : EventManager : Event: ======'clear'====== Args={'key': 'right_orbit'}
2025-11-27 09:22:21,437 : INFO : Mode.dirtmouth : Stopped.
2025-11-27 09:22:21,437 : INFO : EventManager : Event: ======'modes_active_modes_changed'====== Args={}
2025-11-27 09:22:21,437 : INFO : EventManager : Event: ======'mode_dirtmouth_stopped'====== Args={}
2025-11-27 09:22:21,437 : INFO : EventManager : Event: ======'clear'====== Args={'key': 'dirtmouth'}
2025-11-27 09:22:21,438 : INFO : Mode.slingshots : Stopped.
2025-11-27 09:22:21,438 : INFO : EventManager : Event: ======'modes_active_modes_changed'====== Args={}
2025-11-27 09:22:21,438 : INFO : EventManager : Event: ======'mode_slingshots_stopped'====== Args={}
2025-11-27 09:22:21,438 : INFO : EventManager : Event: ======'clear'====== Args={'key': 'slingshots'}
2025-11-27 09:22:21,438 : INFO : Mode.ramp : Stopped.
2025-11-27 09:22:21,438 : INFO : EventManager : Event: ======'modes_active_modes_changed'====== Args={}
2025-11-27 09:22:21,438 : INFO : EventManager : Event: ======'mode_ramp_stopped'====== Args={}
2025-11-27 09:22:21,438 : INFO : EventManager : Event: ======'clear'====== Args={'key': 'ramp'}
2025-11-27 09:22:21,438 : INFO : Mode.travel_dirtmouth_to_frogotten_crossroads : Stopped.
2025-11-27 09:22:21,438 : INFO : EventManager : Event: ======'modes_active_modes_changed'====== Args={}
2025-11-27 09:22:21,438 : INFO : EventManager : Event: ======'mode_travel_dirtmouth_to_frogotten_crossroads_stopped'====== Args={}
2025-11-27 09:22:21,438 : INFO : EventManager : Event: ======'clear'====== Args={'key': 'travel_dirtmouth_to_frogotten_crossroads'}
2025-11-27 09:22:21,439 : INFO : Timer.travel_display_timer : Stopping Timer
2025-11-27 09:22:21,439 : INFO : EventManager : Event: ======'timer_travel_display_timer_stopped'====== Args={'ticks': 0, 'ticks_remaining': 1}
2025-11-27 09:22:21,439 : INFO : Timer.travel_end_timer : Stopping Timer
2025-11-27 09:22:21,439 : INFO : EventManager : Event: ======'timer_travel_end_timer_stopped'====== Args={'ticks': 1, 'ticks_remaining': 99}
2025-11-27 09:22:21,439 : INFO : Mode.vuk : Stopped.
2025-11-27 09:22:21,439 : INFO : EventManager : Event: ======'modes_active_modes_changed'====== Args={}
2025-11-27 09:22:21,439 : INFO : EventManager : Event: ======'mode_vuk_stopped'====== Args={}
2025-11-27 09:22:21,439 : INFO : EventManager : Event: ======'clear'====== Args={'key': 'vuk'}
2025-11-27 09:22:21,439 : INFO : Mode.targets : Stopped.
2025-11-27 09:22:21,439 : INFO : EventManager : Event: ======'modes_active_modes_changed'====== Args={}
2025-11-27 09:22:21,439 : INFO : EventManager : Event: ======'mode_targets_stopped'====== Args={}
2025-11-27 09:22:21,439 : INFO : EventManager : Event: ======'clear'====== Args={'key': 'targets'}
2025-11-27 09:22:21,440 : INFO : Mode.lanes : Stopped.
2025-11-27 09:22:21,440 : INFO : EventManager : Event: ======'modes_active_modes_changed'====== Args={}
2025-11-27 09:22:21,440 : INFO : EventManager : Event: ======'mode_lanes_stopped'====== Args={}
2025-11-27 09:22:21,440 : INFO : EventManager : Event: ======'clear'====== Args={'key': 'lanes'}
2025-11-27 09:22:21,440 : INFO : Mode.saucer : Stopped.
2025-11-27 09:22:21,440 : INFO : EventManager : Event: ======'modes_active_modes_changed'====== Args={}
2025-11-27 09:22:21,440 : INFO : EventManager : Event: ======'mode_saucer_stopped'====== Args={}
2025-11-27 09:22:21,440 : INFO : EventManager : Event: ======'clear'====== Args={'key': 'saucer'}
2025-11-27 09:22:21,440 : INFO : Mode.left_orbit : Stopped.
2025-11-27 09:22:21,440 : INFO : EventManager : Event: ======'modes_active_modes_changed'====== Args={}
2025-11-27 09:22:21,440 : INFO : EventManager : Event: ======'mode_left_orbit_stopped'====== Args={}
2025-11-27 09:22:21,440 : INFO : EventManager : Event: ======'clear'====== Args={'key': 'left_orbit'}
2025-11-27 09:22:21,440 : INFO : Mode.lane_to_pop : Stopped.
2025-11-27 09:22:21,440 : INFO : EventManager : Event: ======'modes_active_modes_changed'====== Args={}
2025-11-27 09:22:21,441 : INFO : EventManager : Event: ======'mode_lane_to_pop_stopped'====== Args={}
2025-11-27 09:22:21,441 : INFO : EventManager : Event: ======'clear'====== Args={'key': 'lane_to_pop'}
2025-11-27 09:22:21,441 : INFO : Mode.base : Stopped.
2025-11-27 09:22:21,441 : INFO : EventManager : Event: ======'modes_active_modes_changed'====== Args={}
2025-11-27 09:22:21,441 : INFO : EventManager : Event: ======'mode_base_stopped'====== Args={}
2025-11-27 09:22:21,441 : INFO : EventManager : Event: ======'clear'====== Args={'key': 'base'}
2025-11-27 09:22:21,441 : INFO : Mode.pop_bumper : Stopped.
2025-11-27 09:22:21,441 : INFO : EventManager : Event: ======'modes_active_modes_changed'====== Args={}
2025-11-27 09:22:21,441 : INFO : EventManager : Event: ======'mode_pop_bumper_stopped'====== Args={}
2025-11-27 09:22:21,441 : INFO : EventManager : Event: ======'clear'====== Args={'key': 'pop_bumper'}
2025-11-27 09:22:21,441 : INFO : Mode.game : Stopped.
2025-11-27 09:22:21,441 : INFO : EventManager : Event: ======'modes_active_modes_changed'====== Args={}
2025-11-27 09:22:21,441 : INFO : EventManager : Event: ======'mode_game_stopped'====== Args={}
2025-11-27 09:22:21,441 : INFO : EventManager : Event: ======'clear'====== Args={'key': 'game'}
2025-11-27 09:22:21,442 : ERROR : Machine : Runtime Exception
Traceback (most recent call last):
  File "/Users/samhughes/mpf/lib/python3.13/site-packages/mpf/core/placeholder_manager.py", line 79, in evaluate
    result = self.placeholder_manager.evaluate_template(self.template, parameters)
  File "/Users/samhughes/mpf/lib/python3.13/site-packages/mpf/core/placeholder_manager.py", line 836, in evaluate_template
    return self._eval(template, parameters, False)[0]
           ~~~~~~~~~~^^^^^^^^^^^^^^^^^^^^^^^^^^^^^
  File "/Users/samhughes/mpf/lib/python3.13/site-packages/mpf/core/placeholder_manager.py", line 780, in _eval
    raise TypeError(type(node))
TypeError: <class 'ast.Call'>

The above exception was the direct cause of the following exception:

Traceback (most recent call last):
  File "/Users/samhughes/mpf/lib/python3.13/site-packages/mpf/core/events.py", line 755, in _run_handlers
    result = handler.callback(**merged_kwargs)
  File "/Users/samhughes/mpf/lib/python3.13/site-packages/mpf/core/config_player.py", line 348, in config_play_callback
    return self.play(settings=settings, context=context, calling_context=calling_context, priority=priority,
           ~~~~~~~~~^^^^^^^^^^^^^^^^^^^^^^^^^^^^^^^^^^^^^^^^^^^^^^^^^^^^^^^^^^^^^^^^^^^^^^^^^^^^^^^^^^^^^^^^
                     **kwargs)
                     ^^^^^^^^^
  File "/Users/samhughes/mpf/lib/python3.13/site-packages/mpf/config_players/variable_player.py", line 87, in play
    self._set_variable(var, s, kwargs, context)
    ~~~~~~~~~~~~~~~~~~^^^^^^^^^^^^^^^^^^^^^^^^^
  File "/Users/samhughes/mpf/lib/python3.13/site-packages/mpf/config_players/variable_player.py", line 100, in _set_variable
    value = entry['float'].evaluate(placeholder_parameters)
  File "/Users/samhughes/mpf/lib/python3.13/site-packages/mpf/core/placeholder_manager.py", line 89, in evaluate
    raise AssertionError(
        f"Failed to evaluate {type(self)} template {self.text} with parameters {parameters}") from e
AssertionError: Failed to evaluate <class 'mpf.core.placeholder_manager.FloatTemplate'> template round(curent_player.time_remaining_travel_dirtmouth_to_frogotten_crossroads-0.4, 3) with parameters {'ticks': 1, 'ticks_remaining': 99}

The above exception was the direct cause of the following exception:

Traceback (most recent call last):
  File "/Users/samhughes/mpf/lib/python3.13/site-packages/mpf/core/machine.py", line 810, in _run_loop
    raise self._exception['exception']
  File "/Library/Frameworks/Python.framework/Versions/3.13/lib/python3.13/asyncio/events.py", line 89, in _run
    self._context.run(self._callback, *self._args)
    ~~~~~~~~~~~~~~~~~^^^^^^^^^^^^^^^^^^^^^^^^^^^^^
  File "/Users/samhughes/mpf/lib/python3.13/site-packages/mpf/core/events.py", line 846, in process_event_queue
    self._process_event(event=event[0],
    ~~~~~~~~~~~~~~~~~~~^^^^^^^^^^^^^^^^
                        ev_type=event[1],
                        ^^^^^^^^^^^^^^^^^
                        callback=event[2],
                        ^^^^^^^^^^^^^^^^^^
                        **event[3])
                        ^^^^^^^^^^^
  File "/Users/samhughes/mpf/lib/python3.13/site-packages/mpf/core/events.py", line 808, in _process_event
    result = self._run_handlers(event, ev_type, kwargs)
  File "/Users/samhughes/mpf/lib/python3.13/site-packages/mpf/core/events.py", line 757, in _run_handlers
    raise EventHandlerException(
        "Exception while processing {} for event {}. {}".format(handler, event, e)) from e
mpf.core.events.EventHandlerException: Exception while processing RegisteredHandler(callback=<bound method ConfigPlayer.config_play_callback of ConfigPlayer.variable_player/variables>, priority=300, kwargs={'calling_context': 'timer_travel_end_timer_tick', 'mode': <Mode.travel_dirtmouth_to_frogotten_crossroads>, 'settings': {'time_remaining_travel_dirtmouth_to_frogotten_crossroads': {'float': <Template round(curent_player.time_remaining_travel_dirtmouth_to_frogotten_crossroads-0.4, 3)>, 'action': 'add', 'priority': 0, 'int': None, 'string': None, 'block': False, 'player': None, 'condition': None}, 'travel_shots_remaining_travel_dirtmouth_to_frogotten_crossroads': {'int': <Template 3 - current_player.travel_progress>, 'action': 'set', 'priority': 0, 'float': None, 'string': None, 'block': False, 'player': None, 'condition': None}}}, key=UUID('ef1fe3b1-b57d-4d55-864e-743721a4ebd7'), condition=None, blocking_facility=None) for event timer_travel_end_timer_tick. Failed to evaluate <class 'mpf.core.placeholder_manager.FloatTemplate'> template round(curent_player.time_remaining_travel_dirtmouth_to_frogotten_crossroads-0.4, 3) with parameters {'ticks': 1, 'ticks_remaining': 99}
2025-11-27 09:22:21,445 : INFO : root : MPF run loop ended.
