2025-11-24 21:44:19,705 : INFO : root : Loading config.
2025-11-24 21:44:19,706 : INFO : YamlMultifileConfigLoader : Machine config file #1: config.yaml
2025-11-24 21:44:19,706 : INFO : ConfigProcessor : Loading config from cache: /var/folders/k0/j_dpx55x4kndbs36pl2nt9l00000gn/T/92f7f295141fbdde09e201e7fd0f1349.mpf_cache
2025-11-24 21:44:19,732 : INFO : ConfigProcessor : Loading config from cache: /var/folders/k0/j_dpx55x4kndbs36pl2nt9l00000gn/T/7b77bdcd1da4c54cc720d492bab55a0d.mpf_cache
2025-11-24 21:44:19,733 : INFO : ConfigProcessor : Loading config from cache: /var/folders/k0/j_dpx55x4kndbs36pl2nt9l00000gn/T/501e18c1625d42f1ba9bf53b020c49c5.mpf_cache
2025-11-24 21:44:19,733 : INFO : ConfigProcessor : Loading config from cache: /var/folders/k0/j_dpx55x4kndbs36pl2nt9l00000gn/T/7b77bdcd1da4c54cc720d492bab55a0d.mpf_cache
2025-11-24 21:44:19,733 : INFO : ConfigProcessor : Loading config from cache: /var/folders/k0/j_dpx55x4kndbs36pl2nt9l00000gn/T/dda6f4da00898f9f0a4796a41d9a2ef0.mpf_cache
2025-11-24 21:44:19,733 : INFO : ConfigProcessor : Loading config from cache: /var/folders/k0/j_dpx55x4kndbs36pl2nt9l00000gn/T/522fc819f659907ecbd91e12554f307a.mpf_cache
2025-11-24 21:44:19,733 : INFO : Machine : Mission Pinball Framework Core Engine v0.80.0.dev11
2025-11-24 21:44:19,733 : INFO : Machine : Command line arguments: {'no_load_cache': False, 'create_config_cache': True, 'bcp': True, 'configfile': ['config.yaml'], 'force_assets_load': False, 'platform_integration_test': False, 'jsonlogging': False, 'logfile': 'logs/2025-11-24-21-44-19-mpf-Sams-MacBook-Air-2.local.log', 'pause': False, 'production': False, 'text_ui': True, 'loglevel': 15, 'consoleloglevel': 20, 'force_platform': 'virtual', 'syslog_address': None, 'full_logfile_path': '/Users/samhughes/Desktop/Hollow-Knight-Pinball/logs/2025-11-24-21-44-19-mpf-Sams-MacBook-Air-2.local.log'}
2025-11-24 21:44:19,733 : INFO : Machine : MPF path: /Users/samhughes/mpf/lib/python3.13/site-packages/mpf
2025-11-24 21:44:19,733 : INFO : Machine : Machine path: /Users/samhughes/Desktop/Hollow-Knight-Pinball
2025-11-24 21:44:19,733 : INFO : Machine : Platform: darwin
2025-11-24 21:44:19,733 : INFO : Machine : Python executable location: /Users/samhughes/mpf/bin/python3.13
2025-11-24 21:44:19,733 : INFO : Machine : Python version: 3.13.2 (64-bit)
2025-11-24 21:44:19,734 : INFO : Machine : Initializing MPF...
2025-11-24 21:44:19,761 : INFO : EventManager : Event: ======'machine_var_credits_string'====== Args={'value': 'FREE PLAY', 'prev_value': None, 'change': True}
2025-11-24 21:44:19,766 : INFO : EventManager : Event: ======'machine_var_master_volume'====== Args={'value': 0.5, 'prev_value': None, 'change': True}
2025-11-24 21:44:19,766 : INFO : EventManager : Event: ======'machine_var_mpf_version'====== Args={'value': 'Mission Pinball Framework v0.80.0.dev11', 'prev_value': None, 'change': True}
2025-11-24 21:44:19,766 : INFO : EventManager : Event: ======'machine_var_mpf_extended_version'====== Args={'value': 'Mission Pinball Framework v0.80.0.dev11, Config version:6, Show version: 6, BCP version:1.1', 'prev_value': None, 'change': True}
2025-11-24 21:44:19,766 : INFO : EventManager : Event: ======'machine_var_python_version'====== Args={'value': '3.13.2', 'prev_value': None, 'change': True}
2025-11-24 21:44:19,773 : INFO : EventManager : Event: ======'machine_var_platform'====== Args={'value': 'macOS-15.6.1-arm64-arm-64bit-Mach-O', 'prev_value': None, 'change': True}
2025-11-24 21:44:19,774 : INFO : EventManager : Event: ======'machine_var_platform_system'====== Args={'value': 'Darwin', 'prev_value': None, 'change': True}
2025-11-24 21:44:19,774 : INFO : EventManager : Event: ======'machine_var_platform_release'====== Args={'value': '24.6.0', 'prev_value': None, 'change': True}
2025-11-24 21:44:19,774 : INFO : EventManager : Event: ======'machine_var_platform_version'====== Args={'value': 'Darwin Kernel Version 24.6.0: Mon Jul 14 11:29:54 PDT 2025; root:xnu-11417.140.69~1/RELEASE_ARM64_T8122', 'prev_value': None, 'change': True}
2025-11-24 21:44:19,774 : INFO : EventManager : Event: ======'machine_var_platform_machine'====== Args={'value': 'arm64', 'prev_value': None, 'change': True}
2025-11-24 21:44:19,774 : INFO : EventManager : Event: ======'machine_var_log_file_path'====== Args={'value': '/Users/samhughes/Desktop/Hollow-Knight-Pinball/logs/2025-11-24-21-44-19-mpf-Sams-MacBook-Air-2.local.log', 'prev_value': None, 'change': True}
2025-11-24 21:44:19,774 : INFO : EventManager : Event: ======'init_phase_1'====== Args={}
2025-11-24 21:44:19,780 : INFO : EventManager : Event: ======'init_phase_2'====== Args={}
2025-11-24 21:44:19,780 : INFO : SwitchController : Found active switch: (1002, <Platform.Virtual>) <switch.s_trough_1>
2025-11-24 21:44:19,780 : INFO : SwitchController : Found active switch: (1003, <Platform.Virtual>) <switch.s_trough_2>
2025-11-24 21:44:19,780 : INFO : SwitchController : Found active switch: (1004, <Platform.Virtual>) <switch.s_trough_3>
2025-11-24 21:44:19,781 : INFO : EventManager : Event: ======'bcp_connection_attempt'====== Args={'name': 'local_display', 'host': 'localhost', 'port': 5050}
2025-11-24 21:44:19,782 : INFO : BCPClientSocket : Connecting BCP to 'local_display' at localhost:5050...
2025-11-24 21:44:19,785 : INFO : BCPClientSocket : Connected BCP to 'local_display' localhost:5050
2025-11-24 21:44:19,786 : INFO : EventManager : Event: ======'bcp_clients_connected'====== Args={}
2025-11-24 21:44:19,786 : INFO : ball_device.bd_trough : BCH: Initial count: 3
2025-11-24 21:44:19,786 : INFO : ball_device.bd_trough : State: idle
2025-11-24 21:44:19,786 : INFO : ball_device.bd_plunger : BCH: Initial count: 0
2025-11-24 21:44:19,786 : INFO : ball_device.bd_plunger : State: idle
2025-11-24 21:44:19,792 : INFO : EventManager : Event: ======'init_phase_3'====== Args={}
2025-11-24 21:44:19,793 : INFO : EventManager : Event: ======'init_phase_4'====== Args={}
2025-11-24 21:44:19,793 : INFO : BallController : Initial balls found: 3
2025-11-24 21:44:19,794 : INFO : EventManager : Event: ======'machine_var_audits_events_game_ended'====== Args={'value': 0, 'prev_value': None, 'change': True}
2025-11-24 21:44:19,794 : INFO : EventManager : Event: ======'machine_var_audits_events_game_started'====== Args={'value': 5, 'prev_value': None, 'change': True}
2025-11-24 21:44:19,794 : INFO : EventManager : Event: ======'machine_var_audits_missing_switches_s_back_left_target'====== Args={'value': 5, 'prev_value': None, 'change': True}
2025-11-24 21:44:19,794 : INFO : EventManager : Event: ======'machine_var_audits_missing_switches_s_back_middle_left_target'====== Args={'value': 3, 'prev_value': None, 'change': True}
2025-11-24 21:44:19,794 : INFO : EventManager : Event: ======'machine_var_audits_missing_switches_s_back_middle_right_target'====== Args={'value': 3, 'prev_value': None, 'change': True}
2025-11-24 21:44:19,794 : INFO : EventManager : Event: ======'machine_var_audits_missing_switches_s_back_right_target'====== Args={'value': 3, 'prev_value': None, 'change': True}
2025-11-24 21:44:19,794 : INFO : EventManager : Event: ======'machine_var_audits_missing_switches_s_bottom_left_slingshot'====== Args={'value': 5, 'prev_value': None, 'change': True}
2025-11-24 21:44:19,794 : INFO : EventManager : Event: ======'machine_var_audits_missing_switches_s_bottom_right_slingshot'====== Args={'value': 5, 'prev_value': None, 'change': True}
2025-11-24 21:44:19,794 : INFO : EventManager : Event: ======'machine_var_audits_missing_switches_s_front_left_target'====== Args={'value': 5, 'prev_value': None, 'change': True}
2025-11-24 21:44:19,794 : INFO : EventManager : Event: ======'machine_var_audits_missing_switches_s_front_middle_target'====== Args={'value': 3, 'prev_value': None, 'change': True}
2025-11-24 21:44:19,794 : INFO : EventManager : Event: ======'machine_var_audits_missing_switches_s_front_right_target'====== Args={'value': 3, 'prev_value': None, 'change': True}
2025-11-24 21:44:19,794 : INFO : EventManager : Event: ======'machine_var_audits_missing_switches_s_lane_to_pop'====== Args={'value': 3, 'prev_value': None, 'change': True}
2025-11-24 21:44:19,794 : INFO : EventManager : Event: ======'machine_var_audits_missing_switches_s_left_flipper'====== Args={'value': 5, 'prev_value': None, 'change': True}
2025-11-24 21:44:19,794 : INFO : EventManager : Event: ======'machine_var_audits_missing_switches_s_left_inlane'====== Args={'value': 3, 'prev_value': None, 'change': True}
2025-11-24 21:44:19,794 : INFO : EventManager : Event: ======'machine_var_audits_missing_switches_s_left_orbit'====== Args={'value': 3, 'prev_value': None, 'change': True}
2025-11-24 21:44:19,794 : INFO : EventManager : Event: ======'machine_var_audits_missing_switches_s_left_outlane'====== Args={'value': 3, 'prev_value': None, 'change': True}
2025-11-24 21:44:19,794 : INFO : EventManager : Event: ======'machine_var_audits_missing_switches_s_pop_bumper'====== Args={'value': 5, 'prev_value': None, 'change': True}
2025-11-24 21:44:19,794 : INFO : EventManager : Event: ======'machine_var_audits_missing_switches_s_ramp'====== Args={'value': 3, 'prev_value': None, 'change': True}
2025-11-24 21:44:19,794 : INFO : EventManager : Event: ======'machine_var_audits_missing_switches_s_right_flipper'====== Args={'value': 5, 'prev_value': None, 'change': True}
2025-11-24 21:44:19,794 : INFO : EventManager : Event: ======'machine_var_audits_missing_switches_s_right_inlane'====== Args={'value': 3, 'prev_value': None, 'change': True}
2025-11-24 21:44:19,794 : INFO : EventManager : Event: ======'machine_var_audits_missing_switches_s_right_orbit'====== Args={'value': 1, 'prev_value': None, 'change': True}
2025-11-24 21:44:19,794 : INFO : EventManager : Event: ======'machine_var_audits_missing_switches_s_right_outlane'====== Args={'value': 3, 'prev_value': None, 'change': True}
2025-11-24 21:44:19,794 : INFO : EventManager : Event: ======'machine_var_audits_missing_switches_s_saucer'====== Args={'value': 3, 'prev_value': None, 'change': True}
2025-11-24 21:44:19,794 : INFO : EventManager : Event: ======'machine_var_audits_missing_switches_s_start'====== Args={'value': 1, 'prev_value': None, 'change': True}
2025-11-24 21:44:19,794 : INFO : EventManager : Event: ======'machine_var_audits_missing_switches_s_top_left_slingshot'====== Args={'value': 5, 'prev_value': None, 'change': True}
2025-11-24 21:44:19,794 : INFO : EventManager : Event: ======'machine_var_audits_missing_switches_s_top_right_slingshot'====== Args={'value': 5, 'prev_value': None, 'change': True}
2025-11-24 21:44:19,794 : INFO : EventManager : Event: ======'machine_var_audits_missing_switches_s_trough_1'====== Args={'value': 5, 'prev_value': None, 'change': True}
2025-11-24 21:44:19,794 : INFO : EventManager : Event: ======'machine_var_audits_missing_switches_s_trough_2'====== Args={'value': 5, 'prev_value': None, 'change': True}
2025-11-24 21:44:19,794 : INFO : EventManager : Event: ======'machine_var_audits_missing_switches_s_trough_3'====== Args={'value': 5, 'prev_value': None, 'change': True}
2025-11-24 21:44:19,794 : INFO : EventManager : Event: ======'machine_var_audits_missing_switches_s_vuk'====== Args={'value': 3, 'prev_value': None, 'change': True}
2025-11-24 21:44:19,794 : INFO : EventManager : Event: ======'machine_var_audits_player_score'====== Args={'value': {'average': 0, 'top': [], 'total': 0}, 'prev_value': None, 'change': True}
2025-11-24 21:44:19,794 : INFO : EventManager : Event: ======'machine_var_audits_shots_right_orbit'====== Args={'value': 28, 'prev_value': None, 'change': True}
2025-11-24 21:44:19,794 : INFO : EventManager : Event: ======'machine_var_audits_switches_s_back_left_target'====== Args={'value': 0, 'prev_value': None, 'change': True}
2025-11-24 21:44:19,794 : INFO : EventManager : Event: ======'machine_var_audits_switches_s_back_middle_left_target'====== Args={'value': 1, 'prev_value': None, 'change': True}
2025-11-24 21:44:19,794 : INFO : EventManager : Event: ======'machine_var_audits_switches_s_back_middle_right_target'====== Args={'value': 1, 'prev_value': None, 'change': True}
2025-11-24 21:44:19,794 : INFO : EventManager : Event: ======'machine_var_audits_switches_s_back_right_target'====== Args={'value': 1, 'prev_value': None, 'change': True}
2025-11-24 21:44:19,794 : INFO : EventManager : Event: ======'machine_var_audits_switches_s_bottom_left_slingshot'====== Args={'value': 0, 'prev_value': None, 'change': True}
2025-11-24 21:44:19,794 : INFO : EventManager : Event: ======'machine_var_audits_switches_s_bottom_right_slingshot'====== Args={'value': 0, 'prev_value': None, 'change': True}
2025-11-24 21:44:19,794 : INFO : EventManager : Event: ======'machine_var_audits_switches_s_front_left_target'====== Args={'value': 0, 'prev_value': None, 'change': True}
2025-11-24 21:44:19,794 : INFO : EventManager : Event: ======'machine_var_audits_switches_s_front_middle_target'====== Args={'value': 1, 'prev_value': None, 'change': True}
2025-11-24 21:44:19,794 : INFO : EventManager : Event: ======'machine_var_audits_switches_s_front_right_target'====== Args={'value': 1, 'prev_value': None, 'change': True}
2025-11-24 21:44:19,794 : INFO : EventManager : Event: ======'machine_var_audits_switches_s_lane_to_pop'====== Args={'value': 2, 'prev_value': None, 'change': True}
2025-11-24 21:44:19,794 : INFO : EventManager : Event: ======'machine_var_audits_switches_s_left_flipper'====== Args={'value': 0, 'prev_value': None, 'change': True}
2025-11-24 21:44:19,794 : INFO : EventManager : Event: ======'machine_var_audits_switches_s_left_inlane'====== Args={'value': 1, 'prev_value': None, 'change': True}
2025-11-24 21:44:19,794 : INFO : EventManager : Event: ======'machine_var_audits_switches_s_left_orbit'====== Args={'value': 2, 'prev_value': None, 'change': True}
2025-11-24 21:44:19,794 : INFO : EventManager : Event: ======'machine_var_audits_switches_s_left_outlane'====== Args={'value': 1, 'prev_value': None, 'change': True}
2025-11-24 21:44:19,794 : INFO : EventManager : Event: ======'machine_var_audits_switches_s_plunger_lane'====== Args={'value': 13, 'prev_value': None, 'change': True}
2025-11-24 21:44:19,794 : INFO : EventManager : Event: ======'machine_var_audits_switches_s_pop_bumper'====== Args={'value': 0, 'prev_value': None, 'change': True}
2025-11-24 21:44:19,794 : INFO : EventManager : Event: ======'machine_var_audits_switches_s_ramp'====== Args={'value': 2, 'prev_value': None, 'change': True}
2025-11-24 21:44:19,794 : INFO : EventManager : Event: ======'machine_var_audits_switches_s_right_flipper'====== Args={'value': 0, 'prev_value': None, 'change': True}
2025-11-24 21:44:19,794 : INFO : EventManager : Event: ======'machine_var_audits_switches_s_right_inlane'====== Args={'value': 1, 'prev_value': None, 'change': True}
2025-11-24 21:44:19,794 : INFO : EventManager : Event: ======'machine_var_audits_switches_s_right_orbit'====== Args={'value': 28, 'prev_value': None, 'change': True}
2025-11-24 21:44:19,794 : INFO : EventManager : Event: ======'machine_var_audits_switches_s_right_outlane'====== Args={'value': 1, 'prev_value': None, 'change': True}
2025-11-24 21:44:19,795 : INFO : EventManager : Event: ======'machine_var_audits_switches_s_saucer'====== Args={'value': 4, 'prev_value': None, 'change': True}
2025-11-24 21:44:19,795 : INFO : EventManager : Event: ======'machine_var_audits_switches_s_start'====== Args={'value': 14, 'prev_value': None, 'change': True}
2025-11-24 21:44:19,795 : INFO : EventManager : Event: ======'machine_var_audits_switches_s_top_left_slingshot'====== Args={'value': 0, 'prev_value': None, 'change': True}
2025-11-24 21:44:19,795 : INFO : EventManager : Event: ======'machine_var_audits_switches_s_top_right_slingshot'====== Args={'value': 0, 'prev_value': None, 'change': True}
2025-11-24 21:44:19,795 : INFO : EventManager : Event: ======'machine_var_audits_switches_s_trough_1'====== Args={'value': 0, 'prev_value': None, 'change': True}
2025-11-24 21:44:19,795 : INFO : EventManager : Event: ======'machine_var_audits_switches_s_trough_2'====== Args={'value': 0, 'prev_value': None, 'change': True}
2025-11-24 21:44:19,795 : INFO : EventManager : Event: ======'machine_var_audits_switches_s_trough_3'====== Args={'value': 0, 'prev_value': None, 'change': True}
2025-11-24 21:44:19,795 : INFO : EventManager : Event: ======'machine_var_audits_switches_s_vuk'====== Args={'value': 2, 'prev_value': None, 'change': True}
2025-11-24 21:44:19,795 : INFO : EventManager : Event: ======'init_phase_5'====== Args={}
2025-11-24 21:44:19,795 : INFO : EventManager : Event: ======'init_done'====== Args={}
2025-11-24 21:44:19,795 : INFO : EventManager : Event: ======'machine_reset_phase_1'====== Args={}
2025-11-24 21:44:19,802 : INFO : EventManager : Event: ======'machine_reset_phase_2'====== Args={}
2025-11-24 21:44:19,803 : INFO : EventManager : Event: ======'machine_reset_phase_3'====== Args={}
2025-11-24 21:44:19,803 : INFO : EventManager : Event: ======'reset_complete'====== Args={}
2025-11-24 21:44:19,803 : INFO : EventManager : Event: ======'mode_attract_will_start'====== Args={}
2025-11-24 21:44:19,803 : INFO : Timer.attract_carousel_timer : Starting Timer.
2025-11-24 21:44:19,803 : INFO : EventManager : Event: ======'timer_attract_carousel_timer_started'====== Args={'ticks': 0, 'ticks_remaining': 1}
2025-11-24 21:44:19,803 : INFO : EventManager : Event: ======'timer_attract_carousel_timer_tick'====== Args={'ticks': 0, 'ticks_remaining': 1}
2025-11-24 21:44:19,803 : INFO : EventManager : Event: ======'mode_attract_starting'====== Args={}
2025-11-24 21:44:19,803 : INFO : Mode.attract : Started. Priority: 10
2025-11-24 21:44:19,803 : INFO : EventManager : Event: ======'modes_active_modes_changed'====== Args={}
2025-11-24 21:44:19,803 : INFO : EventManager : Event: ======'mode_attract_started'====== Args={}
2025-11-24 21:44:19,803 : INFO : EventManager : Event: ======'collecting_balls_complete'====== Args={}
2025-11-24 21:44:19,803 : INFO : EventManager : Event: ======'carousel_item_highlighted'====== Args={'carousel': 'attract', 'direction': None, 'item': 'title'}
2025-11-24 21:44:19,804 : INFO : Machine : Starting the main run loop with active modes: [<Mode.attract>]
2025-11-24 21:44:19,928 : INFO : EventManager : Event: ======'slide_attract_created'====== Args={'_from_bcp': True}
2025-11-24 21:44:19,928 : INFO : EventManager : Event: ======'slide__removed'====== Args={'_from_bcp': True}
2025-11-24 21:44:19,928 : INFO : EventManager : Event: ======'slide_attract_active'====== Args={'original_context': 'attract', 'original_calling_context': 'mode_attract_started', 'priority': 10.0, 'cmd': 'slides_play', '_from_bcp': True}
2025-11-24 21:44:24,737 : INFO : SwitchController : <<<<<<< 's_start' active >>>>>>>
2025-11-24 21:44:24,804 : INFO : Timer.attract_carousel_timer : Timer Complete
2025-11-24 21:44:24,804 : INFO : Timer.attract_carousel_timer : Stopping Timer
2025-11-24 21:44:24,805 : INFO : EventManager : Event: ======'timer_attract_carousel_timer_stopped'====== Args={'ticks': 1, 'ticks_remaining': 1}
2025-11-24 21:44:24,805 : INFO : EventManager : Event: ======'timer_attract_carousel_timer_complete'====== Args={'ticks': 1, 'ticks_remaining': 1}
2025-11-24 21:44:24,805 : INFO : EventManager : Event: ======'carousel_item_highlighted'====== Args={'carousel': 'attract', 'direction': 'forwards', 'item': 'map'}
2025-11-24 21:44:24,806 : INFO : Timer.attract_carousel_timer : Starting Timer.
2025-11-24 21:44:24,806 : INFO : EventManager : Event: ======'timer_attract_carousel_timer_started'====== Args={'ticks': 0, 'ticks_remaining': 1}
2025-11-24 21:44:24,806 : INFO : EventManager : Event: ======'timer_attract_carousel_timer_tick'====== Args={'ticks': 0, 'ticks_remaining': 1}
2025-11-24 21:44:24,870 : INFO : SwitchController : <<<<<<< 's_start' inactive >>>>>>>
2025-11-24 21:44:24,870 : INFO : EventManager : Event: ======'request_to_start_game'====== Args={}
2025-11-24 21:44:24,871 : INFO : EventManager : Event: ======'game_start'====== Args={'buttons': [], 'hold_time': 0.1323579999152571}
2025-11-24 21:44:24,871 : INFO : EventManager : Event: ======'mode_game_will_start'====== Args={'buttons': [], 'hold_time': 0.1323579999152571}
2025-11-24 21:44:24,872 : INFO : EventManager : Event: ======'mode_game_starting'====== Args={'buttons': [], 'hold_time': 0.1323579999152571}
2025-11-24 21:44:24,872 : INFO : EventManager : Event: ======'mode_attract_will_stop'====== Args={}
2025-11-24 21:44:24,872 : INFO : EventManager : Event: ======'mode_attract_stopping'====== Args={}
2025-11-24 21:44:24,872 : INFO : Mode.attract : Stopped.
2025-11-24 21:44:24,872 : INFO : EventManager : Event: ======'modes_active_modes_changed'====== Args={}
2025-11-24 21:44:24,873 : INFO : EventManager : Event: ======'mode_attract_stopped'====== Args={}
2025-11-24 21:44:24,873 : INFO : EventManager : Event: ======'clear'====== Args={'key': 'attract'}
2025-11-24 21:44:24,873 : INFO : Timer.attract_carousel_timer : Stopping Timer
2025-11-24 21:44:24,874 : INFO : EventManager : Event: ======'timer_attract_carousel_timer_stopped'====== Args={'ticks': 0, 'ticks_remaining': 1}
2025-11-24 21:44:24,874 : INFO : Mode.game : Started. Priority: 20
2025-11-24 21:44:24,874 : INFO : EventManager : Event: ======'modes_active_modes_changed'====== Args={}
2025-11-24 21:44:24,874 : INFO : EventManager : Event: ======'mode_game_started'====== Args={'buttons': [], 'hold_time': 0.1323579999152571}
2025-11-24 21:44:24,875 : INFO : EventManager : Event: ======'game_will_start'====== Args={}
2025-11-24 21:44:24,875 : INFO : EventManager : Event: ======'game_starting'====== Args={'game': <Mode.game>}
2025-11-24 21:44:24,876 : INFO : EventManager : Unordered handler for class <Auditor> on event game_ended with priority 1. Handlers: [RegisteredHandler(callback=<bound method Auditor.disable of <Auditor>>, priority=1, kwargs={}, key=UUID('5cd07ade-5985-4b10-aa53-69b5054442b0'), condition=None, blocking_facility=None), RegisteredHandler(callback=<bound method Auditor._save_audits of <Auditor>>, priority=1, kwargs={}, key=UUID('66e39f5b-2b05-49bc-a9cd-e36eed7bbbbe'), condition=None, blocking_facility=None)]. The order of those handlers is not defined and they will be executed in random order. This might lead to race conditions and potential bugs.
2025-11-24 21:44:24,876 : INFO : EventManager : Event: ======'player_add_request'====== Args={}
2025-11-24 21:44:24,877 : INFO : EventManager : Event: ======'player_will_add'====== Args={'number': 1}
2025-11-24 21:44:24,877 : INFO : EventManager : Event: ======'player_adding'====== Args={'player': <Player 1>, 'number': 1}
2025-11-24 21:44:24,877 : INFO : EventManager : Event: ======'player_added'====== Args={'player': <Player 1>, 'num': 1}
2025-11-24 21:44:24,877 : INFO : Mode.game : Player added successfully. Total players: 1
2025-11-24 21:44:24,877 : INFO : EventManager : Event: ======'player_index'====== Args={'value': 0, 'prev_value': 0, 'change': 0, 'player_num': 1}
2025-11-24 21:44:24,877 : INFO : EventManager : Event: ======'player_number'====== Args={'value': 1, 'prev_value': 1, 'change': 0, 'player_num': 1}
2025-11-24 21:44:24,877 : INFO : EventManager : Event: ======'player_score'====== Args={'value': 0, 'prev_value': 0, 'change': 0, 'player_num': 1}
2025-11-24 21:44:24,878 : INFO : EventManager : Event: ======'game_started'====== Args={}
2025-11-24 21:44:24,878 : INFO : EventManager : Event: ======'player_turn_will_start'====== Args={'player': <Player 1>, 'number': 1}
2025-11-24 21:44:24,879 : INFO : EventManager : Event: ======'player_turn_starting'====== Args={'player': <Player 1>, 'number': 1}
2025-11-24 21:44:24,879 : INFO : EventManager : Event: ======'player_ball'====== Args={'value': 1, 'prev_value': 0, 'change': 1, 'player_num': 1}
2025-11-24 21:44:24,879 : INFO : EventManager : Event: ======'player_turn_started'====== Args={'player': <Player 1>, 'number': 1}
2025-11-24 21:44:24,888 : INFO : EventManager : Event: ======'ball_will_start'====== Args={'player': 1, 'ball': 1, 'balls_remaining': 2, 'is_extra_ball': False}
2025-11-24 21:44:24,891 : INFO : EventManager : Event: ======'ball_starting'====== Args={'player': 1, 'ball': 1, 'balls_remaining': 2, 'is_extra_ball': False}
2025-11-24 21:44:24,891 : INFO : EventManager : Event: ======'mode_base_will_start'====== Args={'queue': <QueuedEvent>, 'player': 1, 'ball': 1, 'balls_remaining': 2, 'is_extra_ball': False}
2025-11-24 21:44:24,892 : INFO : EventManager : Event: ======'mode_base_starting'====== Args={'queue': <QueuedEvent>, 'player': 1, 'ball': 1, 'balls_remaining': 2, 'is_extra_ball': False}
2025-11-24 21:44:24,892 : INFO : Mode.base : Started. Priority: 100
2025-11-24 21:44:24,892 : INFO : EventManager : Event: ======'modes_active_modes_changed'====== Args={}
2025-11-24 21:44:24,892 : INFO : EventManager : Event: ======'mode_base_started'====== Args={'queue': <QueuedEvent>, 'player': 1, 'ball': 1, 'balls_remaining': 2, 'is_extra_ball': False}
2025-11-24 21:44:24,893 : INFO : EventManager : Event: ======'start_mode_right_orbit'====== Args={'priority': 0}
2025-11-24 21:44:24,893 : INFO : EventManager : Event: ======'mode_right_orbit_will_start'====== Args={'priority': 0}
2025-11-24 21:44:24,893 : INFO : EventManager : Event: ======'player_shot_right_orbit_enabled'====== Args={'value': True, 'prev_value': 0, 'change': 1, 'player_num': 1}
2025-11-24 21:44:24,893 : INFO : EventManager : Event: ======'mode_right_orbit_starting'====== Args={'priority': 0}
2025-11-24 21:44:24,894 : INFO : Mode.right_orbit : Started. Priority: 200
2025-11-24 21:44:24,894 : INFO : EventManager : Event: ======'modes_active_modes_changed'====== Args={}
2025-11-24 21:44:24,894 : INFO : EventManager : Event: ======'mode_right_orbit_started'====== Args={'priority': 0}
2025-11-24 21:44:24,894 : INFO : EventManager : Event: ======'balls_in_play'====== Args={'balls': 1}
2025-11-24 21:44:24,894 : INFO : EventManager : Event: ======'ball_started'====== Args={'player': 1, 'ball': 1, 'balls_remaining': 2, 'is_extra_ball': False}
2025-11-24 21:44:24,894 : INFO : EventManager : Event: ======'single_player_ball_started'====== Args={}
2025-11-24 21:44:24,895 : INFO : EventManager : Event: ======'ball_start_target'====== Args={'target': 'playfield'}
2025-11-24 21:44:24,895 : INFO : ball_device.bd_trough : Setting up player-controlled eject. Balls: 1, Target: <playfield.playfield>, player_controlled_eject_event: None
2025-11-24 21:44:24,895 : INFO : ball_device.bd_trough : Adding 1 ball(s) to the eject_queue with target <playfield.playfield>.
2025-11-24 21:44:24,895 : INFO : EventManager : Event: ======'balldevice_balls_available'====== Args={}
2025-11-24 21:44:24,895 : INFO : ball_device.bd_trough : State: waiting_for_target_ready
2025-11-24 21:44:24,895 : INFO : EventManager : Event: ======'balldevice_bd_trough_ball_eject_attempt'====== Args={'balls': 1, 'target': <ball_device.bd_plunger>, 'source': <ball_device.bd_trough>, 'mechanical_eject': False, 'num_attempts': 0}
2025-11-24 21:44:24,895 : INFO : ball_device.bd_plunger : State: waiting_for_ball
2025-11-24 21:44:24,896 : INFO : ball_device.bd_trough : State: ejecting
2025-11-24 21:44:24,896 : INFO : ball_device.bd_trough : Ejecting ball to <ball_device.bd_plunger>
2025-11-24 21:44:24,896 : INFO : EventManager : Event: ======'balldevice_bd_trough_ejecting_ball'====== Args={'balls': 1, 'target': <ball_device.bd_plunger>, 'source': <ball_device.bd_trough>, 'mechanical_eject': False, 'num_attempts': 0}
2025-11-24 21:44:24,896 : INFO : ball_device.bd_trough : Wait for ball to leave device
2025-11-24 21:44:24,896 : INFO : coil.c_trough_eject : Pulsing Driver for 10ms (1.0 pulse_power)
2025-11-24 21:44:24,921 : INFO : EventManager : Event: ======'slide_base_created'====== Args={'_from_bcp': True}
2025-11-24 21:44:24,922 : INFO : EventManager : Event: ======'slide_attract_inactive'====== Args={'is_removing': True, '_from_bcp': True}
2025-11-24 21:44:24,922 : INFO : EventManager : Event: ======'slide_base_active'====== Args={'original_context': 'base', 'original_calling_context': 'mode_base_started', 'priority': 100.0, 'queue': '<QueuedEvent>', 'player': 1.0, 'ball': 1.0, 'balls_remaining': 2.0, 'is_extra_ball': False, 'cmd': 'slides_play', '_from_bcp': True}
2025-11-24 21:44:24,922 : INFO : EventManager : Event: ======'slide_attract_removed'====== Args={'_from_bcp': True}
2025-11-24 21:44:27,720 : INFO : SwitchController : <<<<<<< 's_trough_3' inactive >>>>>>>
2025-11-24 21:44:27,721 : INFO : ball_device.bd_trough : State: ball_left
2025-11-24 21:44:27,721 : INFO : ball_device.bd_trough : Ball left
2025-11-24 21:44:27,721 : INFO : ball_device.bd_trough : Wait for confirm with timeout 10.0
2025-11-24 21:44:30,403 : INFO : SwitchController : <<<<<<< 's_plunger_lane' active >>>>>>>
2025-11-24 21:44:30,404 : INFO : EventManager : Event: ======'machine_var_audits_switches_s_plunger_lane'====== Args={'value': 14, 'prev_value': 13, 'change': 1}
2025-11-24 21:44:30,503 : INFO : SwitchController : <<<<<<< 's_plunger_lane' inactive >>>>>>>
2025-11-24 21:44:32,453 : INFO : SwitchController : <<<<<<< 's_right_orbit' active >>>>>>>
2025-11-24 21:44:32,453 : INFO : EventManager : Event: ======'playfield_active'====== Args={'source': 'right_orbit'}
2025-11-24 21:44:32,453 : INFO : EventManager : Event: ======'unexpected_ball_on_playfield'====== Args={}
2025-11-24 21:44:32,453 : INFO : EventManager : Event: ======'s_right_orbit_active'====== Args={}
2025-11-24 21:44:32,454 : INFO : EventManager : Event: ======'machine_var_audits_switches_s_right_orbit'====== Args={'value': 29, 'prev_value': 28, 'change': 1}
2025-11-24 21:44:32,455 : INFO : EventManager : Event: ======'player_shot_right_orbit'====== Args={'value': 1, 'prev_value': 0, 'change': 1, 'player_num': 1}
2025-11-24 21:44:32,455 : INFO : EventManager : Event: ======'machine_var_audits_shots_right_orbit'====== Args={'value': 29, 'prev_value': 28, 'change': 1}
2025-11-24 21:44:32,456 : INFO : EventManager : Event: ======'right_orbit_hit'====== Args={'profile': 'default', 'state': 'unlit', 'advancing': True}
2025-11-24 21:44:32,456 : INFO : EventManager : Event: ======'right_orbit_default_hit'====== Args={'profile': 'default', 'state': 'unlit', 'advancing': True}
2025-11-24 21:44:32,456 : INFO : EventManager : Event: ======'right_orbit_default_unlit_hit'====== Args={'profile': 'default', 'state': 'unlit', 'advancing': True}
2025-11-24 21:44:32,456 : INFO : EventManager : Event: ======'right_orbit_unlit_hit'====== Args={'profile': 'default', 'state': 'unlit', 'advancing': True}
2025-11-24 21:44:32,457 : INFO : EventManager : Event: ======'player_scores'====== Args={'value': 5000, 'prev_value': 0, 'change': 5000, 'player_num': 1, 'source': 'right_orbit'}
2025-11-24 21:44:32,569 : INFO : SwitchController : <<<<<<< 's_right_orbit' inactive >>>>>>>
2025-11-24 21:44:33,286 : INFO : SwitchController : <<<<<<< 's_right_orbit' active >>>>>>>
2025-11-24 21:44:33,287 : INFO : EventManager : Event: ======'playfield_active'====== Args={'source': 'right_orbit'}
2025-11-24 21:44:33,287 : INFO : EventManager : Event: ======'unexpected_ball_on_playfield'====== Args={}
2025-11-24 21:44:33,287 : INFO : EventManager : Event: ======'s_right_orbit_active'====== Args={}
2025-11-24 21:44:33,287 : INFO : EventManager : Event: ======'machine_var_audits_switches_s_right_orbit'====== Args={'value': 30, 'prev_value': 29, 'change': 1}
2025-11-24 21:44:33,287 : INFO : EventManager : Event: ======'machine_var_audits_shots_right_orbit'====== Args={'value': 30, 'prev_value': 29, 'change': 1}
2025-11-24 21:44:33,288 : INFO : EventManager : Event: ======'right_orbit_hit'====== Args={'profile': 'default', 'state': 'lit', 'advancing': False}
2025-11-24 21:44:33,288 : INFO : EventManager : Event: ======'right_orbit_default_hit'====== Args={'profile': 'default', 'state': 'lit', 'advancing': False}
2025-11-24 21:44:33,288 : INFO : EventManager : Event: ======'right_orbit_default_lit_hit'====== Args={'profile': 'default', 'state': 'lit', 'advancing': False}
2025-11-24 21:44:33,288 : INFO : EventManager : Event: ======'right_orbit_lit_hit'====== Args={'profile': 'default', 'state': 'lit', 'advancing': False}
2025-11-24 21:44:33,288 : INFO : EventManager : Event: ======'player_scores'====== Args={'value': 10000, 'prev_value': 5000, 'change': 5000, 'player_num': 1, 'source': 'right_orbit'}
2025-11-24 21:44:33,419 : INFO : SwitchController : <<<<<<< 's_right_orbit' inactive >>>>>>>
2025-11-24 21:44:33,620 : INFO : SwitchController : <<<<<<< 's_right_orbit' active >>>>>>>
2025-11-24 21:44:33,620 : INFO : EventManager : Event: ======'playfield_active'====== Args={'source': 'right_orbit'}
2025-11-24 21:44:33,620 : INFO : EventManager : Event: ======'unexpected_ball_on_playfield'====== Args={}
2025-11-24 21:44:33,620 : INFO : EventManager : Event: ======'s_right_orbit_active'====== Args={}
2025-11-24 21:44:33,621 : INFO : EventManager : Event: ======'machine_var_audits_switches_s_right_orbit'====== Args={'value': 31, 'prev_value': 30, 'change': 1}
2025-11-24 21:44:33,621 : INFO : EventManager : Event: ======'machine_var_audits_shots_right_orbit'====== Args={'value': 31, 'prev_value': 30, 'change': 1}
2025-11-24 21:44:33,622 : INFO : EventManager : Event: ======'right_orbit_hit'====== Args={'profile': 'default', 'state': 'lit', 'advancing': False}
2025-11-24 21:44:33,622 : INFO : EventManager : Event: ======'right_orbit_default_hit'====== Args={'profile': 'default', 'state': 'lit', 'advancing': False}
2025-11-24 21:44:33,622 : INFO : EventManager : Event: ======'right_orbit_default_lit_hit'====== Args={'profile': 'default', 'state': 'lit', 'advancing': False}
2025-11-24 21:44:33,622 : INFO : EventManager : Event: ======'right_orbit_lit_hit'====== Args={'profile': 'default', 'state': 'lit', 'advancing': False}
2025-11-24 21:44:33,622 : INFO : EventManager : Event: ======'player_scores'====== Args={'value': 15000, 'prev_value': 10000, 'change': 5000, 'player_num': 1, 'source': 'right_orbit'}
2025-11-24 21:44:33,719 : INFO : SwitchController : <<<<<<< 's_right_orbit' inactive >>>>>>>
2025-11-24 21:44:33,887 : INFO : SwitchController : <<<<<<< 's_right_orbit' active >>>>>>>
2025-11-24 21:44:33,887 : INFO : EventManager : Event: ======'playfield_active'====== Args={'source': 'right_orbit'}
2025-11-24 21:44:33,887 : INFO : EventManager : Event: ======'unexpected_ball_on_playfield'====== Args={}
2025-11-24 21:44:33,887 : INFO : EventManager : Event: ======'s_right_orbit_active'====== Args={}
2025-11-24 21:44:33,888 : INFO : EventManager : Event: ======'machine_var_audits_switches_s_right_orbit'====== Args={'value': 32, 'prev_value': 31, 'change': 1}
2025-11-24 21:44:33,888 : INFO : EventManager : Event: ======'machine_var_audits_shots_right_orbit'====== Args={'value': 32, 'prev_value': 31, 'change': 1}
2025-11-24 21:44:33,889 : INFO : EventManager : Event: ======'right_orbit_hit'====== Args={'profile': 'default', 'state': 'lit', 'advancing': False}
2025-11-24 21:44:33,889 : INFO : EventManager : Event: ======'right_orbit_default_hit'====== Args={'profile': 'default', 'state': 'lit', 'advancing': False}
2025-11-24 21:44:33,889 : INFO : EventManager : Event: ======'right_orbit_default_lit_hit'====== Args={'profile': 'default', 'state': 'lit', 'advancing': False}
2025-11-24 21:44:33,889 : INFO : EventManager : Event: ======'right_orbit_lit_hit'====== Args={'profile': 'default', 'state': 'lit', 'advancing': False}
2025-11-24 21:44:33,889 : INFO : EventManager : Event: ======'player_scores'====== Args={'value': 20000, 'prev_value': 15000, 'change': 5000, 'player_num': 1, 'source': 'right_orbit'}
2025-11-24 21:44:33,970 : INFO : SwitchController : <<<<<<< 's_right_orbit' inactive >>>>>>>
2025-11-24 21:44:34,086 : INFO : SwitchController : <<<<<<< 's_right_orbit' active >>>>>>>
2025-11-24 21:44:34,086 : INFO : EventManager : Event: ======'playfield_active'====== Args={'source': 'right_orbit'}
2025-11-24 21:44:34,086 : INFO : EventManager : Event: ======'unexpected_ball_on_playfield'====== Args={}
2025-11-24 21:44:34,086 : INFO : EventManager : Event: ======'s_right_orbit_active'====== Args={}
2025-11-24 21:44:34,086 : INFO : EventManager : Event: ======'machine_var_audits_switches_s_right_orbit'====== Args={'value': 33, 'prev_value': 32, 'change': 1}
2025-11-24 21:44:34,087 : INFO : EventManager : Event: ======'machine_var_audits_shots_right_orbit'====== Args={'value': 33, 'prev_value': 32, 'change': 1}
2025-11-24 21:44:34,087 : INFO : EventManager : Event: ======'right_orbit_hit'====== Args={'profile': 'default', 'state': 'lit', 'advancing': False}
2025-11-24 21:44:34,088 : INFO : EventManager : Event: ======'right_orbit_default_hit'====== Args={'profile': 'default', 'state': 'lit', 'advancing': False}
2025-11-24 21:44:34,088 : INFO : EventManager : Event: ======'right_orbit_default_lit_hit'====== Args={'profile': 'default', 'state': 'lit', 'advancing': False}
2025-11-24 21:44:34,088 : INFO : EventManager : Event: ======'right_orbit_lit_hit'====== Args={'profile': 'default', 'state': 'lit', 'advancing': False}
2025-11-24 21:44:34,088 : INFO : EventManager : Event: ======'player_scores'====== Args={'value': 25000, 'prev_value': 20000, 'change': 5000, 'player_num': 1, 'source': 'right_orbit'}
2025-11-24 21:44:34,203 : INFO : SwitchController : <<<<<<< 's_right_orbit' inactive >>>>>>>
2025-11-24 21:44:34,336 : INFO : SwitchController : <<<<<<< 's_right_orbit' active >>>>>>>
2025-11-24 21:44:34,337 : INFO : EventManager : Event: ======'playfield_active'====== Args={'source': 'right_orbit'}
2025-11-24 21:44:34,337 : INFO : EventManager : Event: ======'unexpected_ball_on_playfield'====== Args={}
2025-11-24 21:44:34,337 : INFO : EventManager : Event: ======'s_right_orbit_active'====== Args={}
2025-11-24 21:44:34,337 : INFO : EventManager : Event: ======'machine_var_audits_switches_s_right_orbit'====== Args={'value': 34, 'prev_value': 33, 'change': 1}
2025-11-24 21:44:34,338 : INFO : EventManager : Event: ======'machine_var_audits_shots_right_orbit'====== Args={'value': 34, 'prev_value': 33, 'change': 1}
2025-11-24 21:44:34,338 : INFO : EventManager : Event: ======'right_orbit_hit'====== Args={'profile': 'default', 'state': 'lit', 'advancing': False}
2025-11-24 21:44:34,338 : INFO : EventManager : Event: ======'right_orbit_default_hit'====== Args={'profile': 'default', 'state': 'lit', 'advancing': False}
2025-11-24 21:44:34,339 : INFO : EventManager : Event: ======'right_orbit_default_lit_hit'====== Args={'profile': 'default', 'state': 'lit', 'advancing': False}
2025-11-24 21:44:34,339 : INFO : EventManager : Event: ======'right_orbit_lit_hit'====== Args={'profile': 'default', 'state': 'lit', 'advancing': False}
2025-11-24 21:44:34,339 : INFO : EventManager : Event: ======'player_scores'====== Args={'value': 30000, 'prev_value': 25000, 'change': 5000, 'player_num': 1, 'source': 'right_orbit'}
2025-11-24 21:44:34,470 : INFO : SwitchController : <<<<<<< 's_right_orbit' inactive >>>>>>>
2025-11-24 21:44:34,669 : INFO : SwitchController : <<<<<<< 's_right_orbit' active >>>>>>>
2025-11-24 21:44:34,670 : INFO : EventManager : Event: ======'playfield_active'====== Args={'source': 'right_orbit'}
2025-11-24 21:44:34,670 : INFO : EventManager : Event: ======'unexpected_ball_on_playfield'====== Args={}
2025-11-24 21:44:34,670 : INFO : EventManager : Event: ======'s_right_orbit_active'====== Args={}
2025-11-24 21:44:34,670 : INFO : EventManager : Event: ======'machine_var_audits_switches_s_right_orbit'====== Args={'value': 35, 'prev_value': 34, 'change': 1}
2025-11-24 21:44:34,671 : INFO : EventManager : Event: ======'machine_var_audits_shots_right_orbit'====== Args={'value': 35, 'prev_value': 34, 'change': 1}
2025-11-24 21:44:34,672 : INFO : EventManager : Event: ======'right_orbit_hit'====== Args={'profile': 'default', 'state': 'lit', 'advancing': False}
2025-11-24 21:44:34,672 : INFO : EventManager : Event: ======'right_orbit_default_hit'====== Args={'profile': 'default', 'state': 'lit', 'advancing': False}
2025-11-24 21:44:34,672 : INFO : EventManager : Event: ======'right_orbit_default_lit_hit'====== Args={'profile': 'default', 'state': 'lit', 'advancing': False}
2025-11-24 21:44:34,672 : INFO : EventManager : Event: ======'right_orbit_lit_hit'====== Args={'profile': 'default', 'state': 'lit', 'advancing': False}
2025-11-24 21:44:34,672 : INFO : EventManager : Event: ======'player_scores'====== Args={'value': 35000, 'prev_value': 30000, 'change': 5000, 'player_num': 1, 'source': 'right_orbit'}
2025-11-24 21:44:34,820 : INFO : SwitchController : <<<<<<< 's_right_orbit' inactive >>>>>>>
2025-11-24 21:44:37,722 : INFO : ball_device.bd_trough : State: failed_confirm
2025-11-24 21:44:37,723 : INFO : ball_device.bd_trough : Got timeout (10.0s) before confirm from <ball_device.bd_plunger>
2025-11-24 21:44:37,724 : INFO : ball_device.bd_plunger : Expecting incoming ball which may skip the device.
2025-11-24 21:44:37,724 : INFO : EventManager : Event: ======'balldevice_bd_plunger_ejecting_ball'====== Args={'balls': 1, 'target': <playfield.playfield>, 'source': <ball_device.bd_plunger>, 'mechanical_eject': False, 'num_attempts': 1}
2025-11-24 21:44:40,353 : INFO : SwitchController : <<<<<<< 's_trough_2' inactive >>>>>>>
2025-11-24 21:44:40,887 : INFO : SwitchController : <<<<<<< 's_trough_1' inactive >>>>>>>
2025-11-24 21:44:41,486 : INFO : SwitchController : <<<<<<< 's_trough_1' active >>>>>>>
2025-11-24 21:44:41,487 : INFO : EventManager : Event: ======'machine_var_audits_switches_s_trough_1'====== Args={'value': 1, 'prev_value': 0, 'change': 1}
2025-11-24 21:44:41,671 : INFO : SwitchController : <<<<<<< 's_trough_2' active >>>>>>>
2025-11-24 21:44:41,671 : INFO : EventManager : Event: ======'machine_var_audits_switches_s_trough_2'====== Args={'value': 1, 'prev_value': 0, 'change': 1}
2025-11-24 21:44:42,172 : INFO : ball_device.bd_trough : Got unknown balls. Assuming a ball returned.
2025-11-24 21:44:42,173 : INFO : EventManager : Event: ======'balldevice_bd_trough_ball_eject_failed'====== Args={'target': <ball_device.bd_plunger>, 'balls': 1, 'retry': True, 'num_attempts': 1}
2025-11-24 21:44:42,174 : INFO : EventManager : Event: ======'balldevice_bd_plunger_ball_eject_failed'====== Args={'target': <playfield.playfield>, 'balls': 1, 'retry': True, 'num_attempts': 1}
2025-11-24 21:44:42,175 : INFO : ball_device.bd_plunger : No longer expecting incoming ball which may skip the device.
2025-11-24 21:44:42,175 : INFO : ball_device.bd_trough : State: waiting_for_target_ready
2025-11-24 21:44:42,175 : INFO : EventManager : Event: ======'balldevice_bd_trough_ball_eject_attempt'====== Args={'balls': 1, 'target': <ball_device.bd_plunger>, 'source': <ball_device.bd_trough>, 'mechanical_eject': False, 'num_attempts': 1}
2025-11-24 21:44:42,175 : INFO : ball_device.bd_trough : State: ejecting
2025-11-24 21:44:42,176 : INFO : ball_device.bd_trough : Ejecting ball to <ball_device.bd_plunger>
2025-11-24 21:44:42,176 : INFO : EventManager : Event: ======'balldevice_bd_trough_ejecting_ball'====== Args={'balls': 1, 'target': <ball_device.bd_plunger>, 'source': <ball_device.bd_trough>, 'mechanical_eject': False, 'num_attempts': 1}
2025-11-24 21:44:42,176 : INFO : ball_device.bd_plunger : State: waiting_for_ball
2025-11-24 21:44:42,177 : INFO : ball_device.bd_trough : Wait for ball to leave device
2025-11-24 21:44:42,177 : INFO : coil.c_trough_eject : Pulsing Driver for 10ms (1.0 pulse_power)
2025-11-24 21:44:45,003 : INFO : SwitchController : <<<<<<< 's_plunger_lane' active >>>>>>>
2025-11-24 21:44:45,004 : INFO : EventManager : Event: ======'machine_var_audits_switches_s_plunger_lane'====== Args={'value': 15, 'prev_value': 14, 'change': 1}
2025-11-24 21:44:45,170 : INFO : SwitchController : <<<<<<< 's_plunger_lane' inactive >>>>>>>
2025-11-24 21:44:45,520 : INFO : SwitchController : <<<<<<< 's_plunger_lane' active >>>>>>>
2025-11-24 21:44:45,520 : INFO : EventManager : Event: ======'machine_var_audits_switches_s_plunger_lane'====== Args={'value': 16, 'prev_value': 15, 'change': 1}
2025-11-24 21:44:45,687 : INFO : SwitchController : <<<<<<< 's_plunger_lane' inactive >>>>>>>
2025-11-24 21:44:46,870 : INFO : SwitchController : <<<<<<< 's_plunger_lane' active >>>>>>>
2025-11-24 21:44:46,870 : INFO : EventManager : Event: ======'machine_var_audits_switches_s_plunger_lane'====== Args={'value': 17, 'prev_value': 16, 'change': 1}
2025-11-24 21:44:47,371 : INFO : ball_device.bd_plunger : Received unexpected ball
2025-11-24 21:44:47,371 : INFO : EventManager : Event: ======'balldevice_captured_from_playfield'====== Args={'balls': 1}
2025-11-24 21:44:47,372 : INFO : EventManager : Event: ======'sw_playfield_active'====== Args={'balls': 1}
2025-11-24 21:44:47,372 : INFO : EventManager : Event: ======'playfield_active'====== Args={'source': None}
2025-11-24 21:44:47,372 : INFO : EventManager : Event: ======'unexpected_ball_on_playfield'====== Args={}
2025-11-24 21:44:47,372 : INFO : EventManager : Event: ======'playfield_ball_count_change'====== Args={'balls': -1, 'change': -1}
2025-11-24 21:44:47,373 : INFO : EventManager : Event: ======'balldevice_bd_plunger_ball_enter'====== Args={'new_balls': 1, 'unclaimed_balls': 1, 'new_available_balls': 1, 'device': <ball_device.bd_plunger>}
2025-11-24 21:44:47,373 : INFO : ball_device.bd_plunger : Ejecting 1 unexpected balls using path deque([<ball_device.bd_plunger>, <playfield.playfield>])
2025-11-24 21:44:47,374 : INFO : EventManager : Event: ======'balldevice_balls_available'====== Args={}
2025-11-24 21:44:47,374 : INFO : EventManager : Event: ======'balldevice_balls_available'====== Args={}
2025-11-24 21:44:47,374 : INFO : EventManager : Event: ======'balldevice_bd_plunger_ball_entered'====== Args={'new_balls': 1, 'device': <ball_device.bd_plunger>}
2025-11-24 21:44:47,374 : INFO : EventManager : Event: ======'balldevice_bd_plunger_ball_count_changed'====== Args={'balls': 1}
2025-11-24 21:44:47,374 : INFO : ball_device.bd_plunger : State: waiting_for_target_ready
2025-11-24 21:44:47,374 : INFO : EventManager : Event: ======'balldevice_bd_plunger_ball_eject_attempt'====== Args={'balls': 1, 'target': <playfield.playfield>, 'source': <ball_device.bd_plunger>, 'mechanical_eject': False, 'num_attempts': 0}
2025-11-24 21:44:47,375 : INFO : ball_device.bd_plunger : State: ejecting
2025-11-24 21:44:47,376 : INFO : ball_device.bd_plunger : Ejecting ball to <playfield.playfield>
2025-11-24 21:44:47,376 : INFO : EventManager : Event: ======'balldevice_bd_plunger_ejecting_ball'====== Args={'balls': 1, 'target': <playfield.playfield>, 'source': <ball_device.bd_plunger>, 'mechanical_eject': False, 'num_attempts': 0}
2025-11-24 21:44:47,377 : INFO : ball_device.bd_plunger : Wait for ball to leave device
2025-11-24 21:44:48,152 : INFO : SwitchController : <<<<<<< 's_plunger_lane' inactive >>>>>>>
2025-11-24 21:44:48,154 : INFO : ball_device.bd_plunger : State: ball_left
2025-11-24 21:44:48,154 : INFO : ball_device.bd_plunger : Ball left
2025-11-24 21:44:48,154 : INFO : ball_device.bd_plunger : Wait for confirm with timeout 10.0
2025-11-24 21:44:48,553 : INFO : SwitchController : <<<<<<< 's_right_orbit' active >>>>>>>
2025-11-24 21:44:48,553 : INFO : EventManager : Event: ======'playfield_active'====== Args={'source': 'right_orbit'}
2025-11-24 21:44:48,553 : INFO : EventManager : Event: ======'s_right_orbit_active'====== Args={}
2025-11-24 21:44:48,553 : INFO : EventManager : Event: ======'machine_var_audits_switches_s_right_orbit'====== Args={'value': 36, 'prev_value': 35, 'change': 1}
2025-11-24 21:44:48,554 : INFO : EventManager : Event: ======'machine_var_audits_shots_right_orbit'====== Args={'value': 36, 'prev_value': 35, 'change': 1}
2025-11-24 21:44:48,555 : INFO : EventManager : Event: ======'right_orbit_hit'====== Args={'profile': 'default', 'state': 'lit', 'advancing': False}
2025-11-24 21:44:48,555 : INFO : EventManager : Event: ======'right_orbit_default_hit'====== Args={'profile': 'default', 'state': 'lit', 'advancing': False}
2025-11-24 21:44:48,555 : INFO : EventManager : Event: ======'right_orbit_default_lit_hit'====== Args={'profile': 'default', 'state': 'lit', 'advancing': False}
2025-11-24 21:44:48,555 : INFO : EventManager : Event: ======'right_orbit_lit_hit'====== Args={'profile': 'default', 'state': 'lit', 'advancing': False}
2025-11-24 21:44:48,555 : INFO : EventManager : Event: ======'player_scores'====== Args={'value': 40000, 'prev_value': 35000, 'change': 5000, 'player_num': 1, 'source': 'right_orbit'}
2025-11-24 21:44:48,566 : INFO : ball_device.bd_plunger : Got eject confirm
2025-11-24 21:44:48,566 : INFO : ball_device.bd_plunger : Eject successful
2025-11-24 21:44:48,567 : INFO : EventManager : Event: ======'balldevice_bd_plunger_ball_eject_success'====== Args={'balls': 1, 'target': <playfield.playfield>}
2025-11-24 21:44:48,572 : INFO : EventManager : Event: ======'balldevice_playfield_ball_enter'====== Args={'new_balls': 1, 'unclaimed_balls': 1, 'device': <playfield.playfield>}
2025-11-24 21:44:48,572 : INFO : EventManager : Event: ======'playfield_ball_count_change'====== Args={'balls': 0, 'change': 1}
2025-11-24 21:44:48,572 : INFO : EventManager : Event: ======'balldevice_bd_plunger_ball_count_changed'====== Args={'balls': 0}
2025-11-24 21:44:48,573 : INFO : ball_device.bd_plunger : State: idle
2025-11-24 21:44:48,654 : INFO : ball_device.bd_plunger : State: waiting_for_ball
2025-11-24 21:44:48,686 : INFO : SwitchController : <<<<<<< 's_right_orbit' inactive >>>>>>>
2025-11-24 21:44:48,869 : INFO : SwitchController : <<<<<<< 's_right_orbit' active >>>>>>>
2025-11-24 21:44:48,870 : INFO : EventManager : Event: ======'playfield_active'====== Args={'source': 'right_orbit'}
2025-11-24 21:44:48,870 : INFO : EventManager : Event: ======'unexpected_ball_on_playfield'====== Args={}
2025-11-24 21:44:48,870 : INFO : EventManager : Event: ======'s_right_orbit_active'====== Args={}
2025-11-24 21:44:48,870 : INFO : EventManager : Event: ======'machine_var_audits_switches_s_right_orbit'====== Args={'value': 37, 'prev_value': 36, 'change': 1}
2025-11-24 21:44:48,871 : INFO : EventManager : Event: ======'machine_var_audits_shots_right_orbit'====== Args={'value': 37, 'prev_value': 36, 'change': 1}
2025-11-24 21:44:48,872 : INFO : EventManager : Event: ======'right_orbit_hit'====== Args={'profile': 'default', 'state': 'lit', 'advancing': False}
2025-11-24 21:44:48,872 : INFO : EventManager : Event: ======'right_orbit_default_hit'====== Args={'profile': 'default', 'state': 'lit', 'advancing': False}
2025-11-24 21:44:48,872 : INFO : EventManager : Event: ======'right_orbit_default_lit_hit'====== Args={'profile': 'default', 'state': 'lit', 'advancing': False}
2025-11-24 21:44:48,872 : INFO : EventManager : Event: ======'right_orbit_lit_hit'====== Args={'profile': 'default', 'state': 'lit', 'advancing': False}
2025-11-24 21:44:48,872 : INFO : EventManager : Event: ======'player_scores'====== Args={'value': 45000, 'prev_value': 40000, 'change': 5000, 'player_num': 1, 'source': 'right_orbit'}
2025-11-24 21:44:48,986 : INFO : SwitchController : <<<<<<< 's_right_orbit' inactive >>>>>>>
2025-11-24 21:44:49,420 : INFO : SwitchController : <<<<<<< 's_right_orbit' active >>>>>>>
2025-11-24 21:44:49,421 : INFO : EventManager : Event: ======'playfield_active'====== Args={'source': 'right_orbit'}
2025-11-24 21:44:49,421 : INFO : EventManager : Event: ======'unexpected_ball_on_playfield'====== Args={}
2025-11-24 21:44:49,421 : INFO : EventManager : Event: ======'s_right_orbit_active'====== Args={}
2025-11-24 21:44:49,421 : INFO : EventManager : Event: ======'machine_var_audits_switches_s_right_orbit'====== Args={'value': 38, 'prev_value': 37, 'change': 1}
2025-11-24 21:44:49,422 : INFO : EventManager : Event: ======'machine_var_audits_shots_right_orbit'====== Args={'value': 38, 'prev_value': 37, 'change': 1}
2025-11-24 21:44:49,422 : INFO : EventManager : Event: ======'right_orbit_hit'====== Args={'profile': 'default', 'state': 'lit', 'advancing': False}
2025-11-24 21:44:49,422 : INFO : EventManager : Event: ======'right_orbit_default_hit'====== Args={'profile': 'default', 'state': 'lit', 'advancing': False}
2025-11-24 21:44:49,422 : INFO : EventManager : Event: ======'right_orbit_default_lit_hit'====== Args={'profile': 'default', 'state': 'lit', 'advancing': False}
2025-11-24 21:44:49,422 : INFO : EventManager : Event: ======'right_orbit_lit_hit'====== Args={'profile': 'default', 'state': 'lit', 'advancing': False}
2025-11-24 21:44:49,423 : INFO : EventManager : Event: ======'player_scores'====== Args={'value': 50000, 'prev_value': 45000, 'change': 5000, 'player_num': 1, 'source': 'right_orbit'}
2025-11-24 21:44:49,552 : INFO : SwitchController : <<<<<<< 's_right_orbit' inactive >>>>>>>
2025-11-24 21:44:49,952 : INFO : SwitchController : <<<<<<< 's_right_orbit' active >>>>>>>
2025-11-24 21:44:49,953 : INFO : EventManager : Event: ======'playfield_active'====== Args={'source': 'right_orbit'}
2025-11-24 21:44:49,953 : INFO : EventManager : Event: ======'unexpected_ball_on_playfield'====== Args={}
2025-11-24 21:44:49,953 : INFO : EventManager : Event: ======'s_right_orbit_active'====== Args={}
2025-11-24 21:44:49,953 : INFO : EventManager : Event: ======'machine_var_audits_switches_s_right_orbit'====== Args={'value': 39, 'prev_value': 38, 'change': 1}
2025-11-24 21:44:49,954 : INFO : EventManager : Event: ======'machine_var_audits_shots_right_orbit'====== Args={'value': 39, 'prev_value': 38, 'change': 1}
2025-11-24 21:44:49,954 : INFO : EventManager : Event: ======'right_orbit_hit'====== Args={'profile': 'default', 'state': 'lit', 'advancing': False}
2025-11-24 21:44:49,955 : INFO : EventManager : Event: ======'right_orbit_default_hit'====== Args={'profile': 'default', 'state': 'lit', 'advancing': False}
2025-11-24 21:44:49,955 : INFO : EventManager : Event: ======'right_orbit_default_lit_hit'====== Args={'profile': 'default', 'state': 'lit', 'advancing': False}
2025-11-24 21:44:49,955 : INFO : EventManager : Event: ======'right_orbit_lit_hit'====== Args={'profile': 'default', 'state': 'lit', 'advancing': False}
2025-11-24 21:44:49,955 : INFO : EventManager : Event: ======'player_scores'====== Args={'value': 55000, 'prev_value': 50000, 'change': 5000, 'player_num': 1, 'source': 'right_orbit'}
2025-11-24 21:44:50,119 : INFO : SwitchController : <<<<<<< 's_right_orbit' inactive >>>>>>>
2025-11-24 21:44:50,636 : INFO : SwitchController : <<<<<<< 's_right_orbit' active >>>>>>>
2025-11-24 21:44:50,636 : INFO : EventManager : Event: ======'playfield_active'====== Args={'source': 'right_orbit'}
2025-11-24 21:44:50,636 : INFO : EventManager : Event: ======'unexpected_ball_on_playfield'====== Args={}
2025-11-24 21:44:50,636 : INFO : EventManager : Event: ======'s_right_orbit_active'====== Args={}
2025-11-24 21:44:50,636 : INFO : EventManager : Event: ======'machine_var_audits_switches_s_right_orbit'====== Args={'value': 40, 'prev_value': 39, 'change': 1}
2025-11-24 21:44:50,637 : INFO : EventManager : Event: ======'machine_var_audits_shots_right_orbit'====== Args={'value': 40, 'prev_value': 39, 'change': 1}
2025-11-24 21:44:50,637 : INFO : EventManager : Event: ======'right_orbit_hit'====== Args={'profile': 'default', 'state': 'lit', 'advancing': False}
2025-11-24 21:44:50,637 : INFO : EventManager : Event: ======'right_orbit_default_hit'====== Args={'profile': 'default', 'state': 'lit', 'advancing': False}
2025-11-24 21:44:50,637 : INFO : EventManager : Event: ======'right_orbit_default_lit_hit'====== Args={'profile': 'default', 'state': 'lit', 'advancing': False}
2025-11-24 21:44:50,637 : INFO : EventManager : Event: ======'right_orbit_lit_hit'====== Args={'profile': 'default', 'state': 'lit', 'advancing': False}
2025-11-24 21:44:50,637 : INFO : EventManager : Event: ======'player_scores'====== Args={'value': 60000, 'prev_value': 55000, 'change': 5000, 'player_num': 1, 'source': 'right_orbit'}
2025-11-24 21:44:50,803 : INFO : SwitchController : <<<<<<< 's_right_orbit' inactive >>>>>>>
2025-11-24 21:44:52,020 : INFO : SwitchController : <<<<<<< 's_right_orbit' active >>>>>>>
2025-11-24 21:44:52,020 : INFO : EventManager : Event: ======'playfield_active'====== Args={'source': 'right_orbit'}
2025-11-24 21:44:52,020 : INFO : EventManager : Event: ======'unexpected_ball_on_playfield'====== Args={}
2025-11-24 21:44:52,021 : INFO : EventManager : Event: ======'s_right_orbit_active'====== Args={}
2025-11-24 21:44:52,021 : INFO : EventManager : Event: ======'machine_var_audits_switches_s_right_orbit'====== Args={'value': 41, 'prev_value': 40, 'change': 1}
2025-11-24 21:44:52,022 : INFO : EventManager : Event: ======'machine_var_audits_shots_right_orbit'====== Args={'value': 41, 'prev_value': 40, 'change': 1}
2025-11-24 21:44:52,022 : INFO : EventManager : Event: ======'right_orbit_hit'====== Args={'profile': 'default', 'state': 'lit', 'advancing': False}
2025-11-24 21:44:52,022 : INFO : EventManager : Event: ======'right_orbit_default_hit'====== Args={'profile': 'default', 'state': 'lit', 'advancing': False}
2025-11-24 21:44:52,022 : INFO : EventManager : Event: ======'right_orbit_default_lit_hit'====== Args={'profile': 'default', 'state': 'lit', 'advancing': False}
2025-11-24 21:44:52,022 : INFO : EventManager : Event: ======'right_orbit_lit_hit'====== Args={'profile': 'default', 'state': 'lit', 'advancing': False}
2025-11-24 21:44:52,022 : INFO : EventManager : Event: ======'player_scores'====== Args={'value': 65000, 'prev_value': 60000, 'change': 5000, 'player_num': 1, 'source': 'right_orbit'}
2025-11-24 21:44:52,179 : INFO : EventManager : Event: ======'balldevice_bd_trough_ball_eject_failed'====== Args={'target': <ball_device.bd_plunger>, 'balls': 1, 'retry': True, 'num_attempts': 2}
2025-11-24 21:44:52,180 : INFO : ball_device.bd_trough : State: waiting_for_target_ready
2025-11-24 21:44:52,180 : INFO : EventManager : Event: ======'balldevice_bd_trough_ball_eject_attempt'====== Args={'balls': 1, 'target': <ball_device.bd_plunger>, 'source': <ball_device.bd_trough>, 'mechanical_eject': False, 'num_attempts': 2}
2025-11-24 21:44:52,181 : INFO : ball_device.bd_trough : State: ejecting
2025-11-24 21:44:52,181 : INFO : ball_device.bd_trough : Ejecting ball to <ball_device.bd_plunger>
2025-11-24 21:44:52,181 : INFO : EventManager : Event: ======'balldevice_bd_trough_ejecting_ball'====== Args={'balls': 1, 'target': <ball_device.bd_plunger>, 'source': <ball_device.bd_trough>, 'mechanical_eject': False, 'num_attempts': 2}
2025-11-24 21:44:52,182 : INFO : ball_device.bd_trough : Wait for ball to leave device
2025-11-24 21:44:52,182 : INFO : coil.c_trough_eject : Pulsing Driver for 10ms (1.0 pulse_power)
2025-11-24 21:44:52,203 : INFO : SwitchController : <<<<<<< 's_right_orbit' inactive >>>>>>>
2025-11-24 21:44:52,453 : INFO : SwitchController : <<<<<<< 's_right_orbit' active >>>>>>>
2025-11-24 21:44:52,453 : INFO : EventManager : Event: ======'playfield_active'====== Args={'source': 'right_orbit'}
2025-11-24 21:44:52,453 : INFO : EventManager : Event: ======'unexpected_ball_on_playfield'====== Args={}
2025-11-24 21:44:52,454 : INFO : EventManager : Event: ======'s_right_orbit_active'====== Args={}
2025-11-24 21:44:52,454 : INFO : EventManager : Event: ======'machine_var_audits_switches_s_right_orbit'====== Args={'value': 42, 'prev_value': 41, 'change': 1}
2025-11-24 21:44:52,455 : INFO : EventManager : Event: ======'machine_var_audits_shots_right_orbit'====== Args={'value': 42, 'prev_value': 41, 'change': 1}
2025-11-24 21:44:52,455 : INFO : EventManager : Event: ======'right_orbit_hit'====== Args={'profile': 'default', 'state': 'lit', 'advancing': False}
2025-11-24 21:44:52,455 : INFO : EventManager : Event: ======'right_orbit_default_hit'====== Args={'profile': 'default', 'state': 'lit', 'advancing': False}
2025-11-24 21:44:52,455 : INFO : EventManager : Event: ======'right_orbit_default_lit_hit'====== Args={'profile': 'default', 'state': 'lit', 'advancing': False}
2025-11-24 21:44:52,455 : INFO : EventManager : Event: ======'right_orbit_lit_hit'====== Args={'profile': 'default', 'state': 'lit', 'advancing': False}
2025-11-24 21:44:52,456 : INFO : EventManager : Event: ======'player_scores'====== Args={'value': 70000, 'prev_value': 65000, 'change': 5000, 'player_num': 1, 'source': 'right_orbit'}
2025-11-24 21:44:52,553 : INFO : SwitchController : <<<<<<< 's_right_orbit' inactive >>>>>>>
2025-11-24 21:44:52,703 : INFO : SwitchController : <<<<<<< 's_right_orbit' active >>>>>>>
2025-11-24 21:44:52,703 : INFO : EventManager : Event: ======'playfield_active'====== Args={'source': 'right_orbit'}
2025-11-24 21:44:52,703 : INFO : EventManager : Event: ======'unexpected_ball_on_playfield'====== Args={}
2025-11-24 21:44:52,704 : INFO : EventManager : Event: ======'s_right_orbit_active'====== Args={}
2025-11-24 21:44:52,704 : INFO : EventManager : Event: ======'machine_var_audits_switches_s_right_orbit'====== Args={'value': 43, 'prev_value': 42, 'change': 1}
2025-11-24 21:44:52,705 : INFO : EventManager : Event: ======'machine_var_audits_shots_right_orbit'====== Args={'value': 43, 'prev_value': 42, 'change': 1}
2025-11-24 21:44:52,705 : INFO : EventManager : Event: ======'right_orbit_hit'====== Args={'profile': 'default', 'state': 'lit', 'advancing': False}
2025-11-24 21:44:52,705 : INFO : EventManager : Event: ======'right_orbit_default_hit'====== Args={'profile': 'default', 'state': 'lit', 'advancing': False}
2025-11-24 21:44:52,705 : INFO : EventManager : Event: ======'right_orbit_default_lit_hit'====== Args={'profile': 'default', 'state': 'lit', 'advancing': False}
2025-11-24 21:44:52,705 : INFO : EventManager : Event: ======'right_orbit_lit_hit'====== Args={'profile': 'default', 'state': 'lit', 'advancing': False}
2025-11-24 21:44:52,705 : INFO : EventManager : Event: ======'player_scores'====== Args={'value': 75000, 'prev_value': 70000, 'change': 5000, 'player_num': 1, 'source': 'right_orbit'}
2025-11-24 21:44:52,836 : INFO : SwitchController : <<<<<<< 's_right_orbit' inactive >>>>>>>
2025-11-24 21:44:53,269 : INFO : SwitchController : <<<<<<< 's_right_orbit' active >>>>>>>
2025-11-24 21:44:53,270 : INFO : EventManager : Event: ======'playfield_active'====== Args={'source': 'right_orbit'}
2025-11-24 21:44:53,270 : INFO : EventManager : Event: ======'unexpected_ball_on_playfield'====== Args={}
2025-11-24 21:44:53,270 : INFO : EventManager : Event: ======'s_right_orbit_active'====== Args={}
2025-11-24 21:44:53,270 : INFO : EventManager : Event: ======'machine_var_audits_switches_s_right_orbit'====== Args={'value': 44, 'prev_value': 43, 'change': 1}
2025-11-24 21:44:53,271 : INFO : EventManager : Event: ======'machine_var_audits_shots_right_orbit'====== Args={'value': 44, 'prev_value': 43, 'change': 1}
2025-11-24 21:44:53,271 : INFO : EventManager : Event: ======'right_orbit_hit'====== Args={'profile': 'default', 'state': 'lit', 'advancing': False}
2025-11-24 21:44:53,271 : INFO : EventManager : Event: ======'right_orbit_default_hit'====== Args={'profile': 'default', 'state': 'lit', 'advancing': False}
2025-11-24 21:44:53,271 : INFO : EventManager : Event: ======'right_orbit_default_lit_hit'====== Args={'profile': 'default', 'state': 'lit', 'advancing': False}
2025-11-24 21:44:53,272 : INFO : EventManager : Event: ======'right_orbit_lit_hit'====== Args={'profile': 'default', 'state': 'lit', 'advancing': False}
2025-11-24 21:44:53,272 : INFO : EventManager : Event: ======'player_scores'====== Args={'value': 80000, 'prev_value': 75000, 'change': 5000, 'player_num': 1, 'source': 'right_orbit'}
2025-11-24 21:44:53,403 : INFO : SwitchController : <<<<<<< 's_right_orbit' inactive >>>>>>>
2025-11-24 21:44:53,802 : INFO : SwitchController : <<<<<<< 's_right_orbit' active >>>>>>>
2025-11-24 21:44:53,802 : INFO : EventManager : Event: ======'playfield_active'====== Args={'source': 'right_orbit'}
2025-11-24 21:44:53,802 : INFO : EventManager : Event: ======'unexpected_ball_on_playfield'====== Args={}
2025-11-24 21:44:53,802 : INFO : EventManager : Event: ======'s_right_orbit_active'====== Args={}
2025-11-24 21:44:53,803 : INFO : EventManager : Event: ======'machine_var_audits_switches_s_right_orbit'====== Args={'value': 45, 'prev_value': 44, 'change': 1}
2025-11-24 21:44:53,803 : INFO : EventManager : Event: ======'machine_var_audits_shots_right_orbit'====== Args={'value': 45, 'prev_value': 44, 'change': 1}
2025-11-24 21:44:53,804 : INFO : EventManager : Event: ======'right_orbit_hit'====== Args={'profile': 'default', 'state': 'lit', 'advancing': False}
2025-11-24 21:44:53,804 : INFO : EventManager : Event: ======'right_orbit_default_hit'====== Args={'profile': 'default', 'state': 'lit', 'advancing': False}
2025-11-24 21:44:53,804 : INFO : EventManager : Event: ======'right_orbit_default_lit_hit'====== Args={'profile': 'default', 'state': 'lit', 'advancing': False}
2025-11-24 21:44:53,804 : INFO : EventManager : Event: ======'right_orbit_lit_hit'====== Args={'profile': 'default', 'state': 'lit', 'advancing': False}
2025-11-24 21:44:53,804 : INFO : EventManager : Event: ======'player_scores'====== Args={'value': 85000, 'prev_value': 80000, 'change': 5000, 'player_num': 1, 'source': 'right_orbit'}
2025-11-24 21:44:53,968 : INFO : SwitchController : <<<<<<< 's_right_orbit' inactive >>>>>>>
2025-11-24 21:44:54,186 : INFO : SwitchController : <<<<<<< 's_right_orbit' active >>>>>>>
2025-11-24 21:44:54,186 : INFO : EventManager : Event: ======'playfield_active'====== Args={'source': 'right_orbit'}
2025-11-24 21:44:54,187 : INFO : EventManager : Event: ======'unexpected_ball_on_playfield'====== Args={}
2025-11-24 21:44:54,187 : INFO : EventManager : Event: ======'s_right_orbit_active'====== Args={}
2025-11-24 21:44:54,187 : INFO : EventManager : Event: ======'machine_var_audits_switches_s_right_orbit'====== Args={'value': 46, 'prev_value': 45, 'change': 1}
2025-11-24 21:44:54,187 : INFO : EventManager : Event: ======'machine_var_audits_shots_right_orbit'====== Args={'value': 46, 'prev_value': 45, 'change': 1}
2025-11-24 21:44:54,188 : INFO : EventManager : Event: ======'right_orbit_hit'====== Args={'profile': 'default', 'state': 'lit', 'advancing': False}
2025-11-24 21:44:54,188 : INFO : EventManager : Event: ======'right_orbit_default_hit'====== Args={'profile': 'default', 'state': 'lit', 'advancing': False}
2025-11-24 21:44:54,188 : INFO : EventManager : Event: ======'right_orbit_default_lit_hit'====== Args={'profile': 'default', 'state': 'lit', 'advancing': False}
2025-11-24 21:44:54,188 : INFO : EventManager : Event: ======'right_orbit_lit_hit'====== Args={'profile': 'default', 'state': 'lit', 'advancing': False}
2025-11-24 21:44:54,188 : INFO : EventManager : Event: ======'player_scores'====== Args={'value': 90000, 'prev_value': 85000, 'change': 5000, 'player_num': 1, 'source': 'right_orbit'}
2025-11-24 21:44:54,271 : INFO : SwitchController : <<<<<<< 's_right_orbit' inactive >>>>>>>
2025-11-24 21:44:54,403 : INFO : SwitchController : <<<<<<< 's_right_orbit' active >>>>>>>
2025-11-24 21:44:54,403 : INFO : EventManager : Event: ======'playfield_active'====== Args={'source': 'right_orbit'}
2025-11-24 21:44:54,403 : INFO : EventManager : Event: ======'unexpected_ball_on_playfield'====== Args={}
2025-11-24 21:44:54,403 : INFO : EventManager : Event: ======'s_right_orbit_active'====== Args={}
2025-11-24 21:44:54,404 : INFO : EventManager : Event: ======'machine_var_audits_switches_s_right_orbit'====== Args={'value': 47, 'prev_value': 46, 'change': 1}
2025-11-24 21:44:54,404 : INFO : EventManager : Event: ======'machine_var_audits_shots_right_orbit'====== Args={'value': 47, 'prev_value': 46, 'change': 1}
2025-11-24 21:44:54,405 : INFO : EventManager : Event: ======'right_orbit_hit'====== Args={'profile': 'default', 'state': 'lit', 'advancing': False}
2025-11-24 21:44:54,405 : INFO : EventManager : Event: ======'right_orbit_default_hit'====== Args={'profile': 'default', 'state': 'lit', 'advancing': False}
2025-11-24 21:44:54,405 : INFO : EventManager : Event: ======'right_orbit_default_lit_hit'====== Args={'profile': 'default', 'state': 'lit', 'advancing': False}
2025-11-24 21:44:54,405 : INFO : EventManager : Event: ======'right_orbit_lit_hit'====== Args={'profile': 'default', 'state': 'lit', 'advancing': False}
2025-11-24 21:44:54,405 : INFO : EventManager : Event: ======'player_scores'====== Args={'value': 95000, 'prev_value': 90000, 'change': 5000, 'player_num': 1, 'source': 'right_orbit'}
2025-11-24 21:44:54,486 : INFO : SwitchController : <<<<<<< 's_right_orbit' inactive >>>>>>>
2025-11-24 21:44:54,619 : INFO : SwitchController : <<<<<<< 's_right_orbit' active >>>>>>>
2025-11-24 21:44:54,620 : INFO : EventManager : Event: ======'playfield_active'====== Args={'source': 'right_orbit'}
2025-11-24 21:44:54,620 : INFO : EventManager : Event: ======'unexpected_ball_on_playfield'====== Args={}
2025-11-24 21:44:54,620 : INFO : EventManager : Event: ======'s_right_orbit_active'====== Args={}
2025-11-24 21:44:54,620 : INFO : EventManager : Event: ======'machine_var_audits_switches_s_right_orbit'====== Args={'value': 48, 'prev_value': 47, 'change': 1}
2025-11-24 21:44:54,621 : INFO : EventManager : Event: ======'machine_var_audits_shots_right_orbit'====== Args={'value': 48, 'prev_value': 47, 'change': 1}
2025-11-24 21:44:54,622 : INFO : EventManager : Event: ======'right_orbit_hit'====== Args={'profile': 'default', 'state': 'lit', 'advancing': False}
2025-11-24 21:44:54,622 : INFO : EventManager : Event: ======'right_orbit_default_hit'====== Args={'profile': 'default', 'state': 'lit', 'advancing': False}
2025-11-24 21:44:54,622 : INFO : EventManager : Event: ======'right_orbit_default_lit_hit'====== Args={'profile': 'default', 'state': 'lit', 'advancing': False}
2025-11-24 21:44:54,622 : INFO : EventManager : Event: ======'right_orbit_lit_hit'====== Args={'profile': 'default', 'state': 'lit', 'advancing': False}
2025-11-24 21:44:54,622 : INFO : EventManager : Event: ======'player_scores'====== Args={'value': 100000, 'prev_value': 95000, 'change': 5000, 'player_num': 1, 'source': 'right_orbit'}
2025-11-24 21:44:54,704 : INFO : SwitchController : <<<<<<< 's_right_orbit' inactive >>>>>>>
2025-11-24 21:44:54,836 : INFO : SwitchController : <<<<<<< 's_right_orbit' active >>>>>>>
2025-11-24 21:44:54,837 : INFO : EventManager : Event: ======'playfield_active'====== Args={'source': 'right_orbit'}
2025-11-24 21:44:54,837 : INFO : EventManager : Event: ======'unexpected_ball_on_playfield'====== Args={}
2025-11-24 21:44:54,837 : INFO : EventManager : Event: ======'s_right_orbit_active'====== Args={}
2025-11-24 21:44:54,837 : INFO : EventManager : Event: ======'machine_var_audits_switches_s_right_orbit'====== Args={'value': 49, 'prev_value': 48, 'change': 1}
2025-11-24 21:44:54,838 : INFO : EventManager : Event: ======'machine_var_audits_shots_right_orbit'====== Args={'value': 49, 'prev_value': 48, 'change': 1}
2025-11-24 21:44:54,838 : INFO : EventManager : Event: ======'right_orbit_hit'====== Args={'profile': 'default', 'state': 'lit', 'advancing': False}
2025-11-24 21:44:54,838 : INFO : EventManager : Event: ======'right_orbit_default_hit'====== Args={'profile': 'default', 'state': 'lit', 'advancing': False}
2025-11-24 21:44:54,838 : INFO : EventManager : Event: ======'right_orbit_default_lit_hit'====== Args={'profile': 'default', 'state': 'lit', 'advancing': False}
2025-11-24 21:44:54,839 : INFO : EventManager : Event: ======'right_orbit_lit_hit'====== Args={'profile': 'default', 'state': 'lit', 'advancing': False}
2025-11-24 21:44:54,839 : INFO : EventManager : Event: ======'player_scores'====== Args={'value': 105000, 'prev_value': 100000, 'change': 5000, 'player_num': 1, 'source': 'right_orbit'}
2025-11-24 21:44:54,903 : INFO : SwitchController : <<<<<<< 's_right_orbit' inactive >>>>>>>
2025-11-24 21:44:55,019 : INFO : SwitchController : <<<<<<< 's_right_orbit' active >>>>>>>
2025-11-24 21:44:55,020 : INFO : EventManager : Event: ======'playfield_active'====== Args={'source': 'right_orbit'}
2025-11-24 21:44:55,020 : INFO : EventManager : Event: ======'unexpected_ball_on_playfield'====== Args={}
2025-11-24 21:44:55,020 : INFO : EventManager : Event: ======'s_right_orbit_active'====== Args={}
2025-11-24 21:44:55,020 : INFO : EventManager : Event: ======'machine_var_audits_switches_s_right_orbit'====== Args={'value': 50, 'prev_value': 49, 'change': 1}
2025-11-24 21:44:55,021 : INFO : EventManager : Event: ======'machine_var_audits_shots_right_orbit'====== Args={'value': 50, 'prev_value': 49, 'change': 1}
2025-11-24 21:44:55,021 : INFO : EventManager : Event: ======'right_orbit_hit'====== Args={'profile': 'default', 'state': 'lit', 'advancing': False}
2025-11-24 21:44:55,021 : INFO : EventManager : Event: ======'right_orbit_default_hit'====== Args={'profile': 'default', 'state': 'lit', 'advancing': False}
2025-11-24 21:44:55,021 : INFO : EventManager : Event: ======'right_orbit_default_lit_hit'====== Args={'profile': 'default', 'state': 'lit', 'advancing': False}
2025-11-24 21:44:55,021 : INFO : EventManager : Event: ======'right_orbit_lit_hit'====== Args={'profile': 'default', 'state': 'lit', 'advancing': False}
2025-11-24 21:44:55,021 : INFO : EventManager : Event: ======'player_scores'====== Args={'value': 110000, 'prev_value': 105000, 'change': 5000, 'player_num': 1, 'source': 'right_orbit'}
2025-11-24 21:44:55,086 : INFO : SwitchController : <<<<<<< 's_right_orbit' inactive >>>>>>>
2025-11-24 21:44:55,219 : INFO : SwitchController : <<<<<<< 's_right_orbit' active >>>>>>>
2025-11-24 21:44:55,220 : INFO : EventManager : Event: ======'playfield_active'====== Args={'source': 'right_orbit'}
2025-11-24 21:44:55,220 : INFO : EventManager : Event: ======'unexpected_ball_on_playfield'====== Args={}
2025-11-24 21:44:55,220 : INFO : EventManager : Event: ======'s_right_orbit_active'====== Args={}
2025-11-24 21:44:55,220 : INFO : EventManager : Event: ======'machine_var_audits_switches_s_right_orbit'====== Args={'value': 51, 'prev_value': 50, 'change': 1}
2025-11-24 21:44:55,221 : INFO : EventManager : Event: ======'machine_var_audits_shots_right_orbit'====== Args={'value': 51, 'prev_value': 50, 'change': 1}
2025-11-24 21:44:55,221 : INFO : EventManager : Event: ======'right_orbit_hit'====== Args={'profile': 'default', 'state': 'lit', 'advancing': False}
2025-11-24 21:44:55,221 : INFO : EventManager : Event: ======'right_orbit_default_hit'====== Args={'profile': 'default', 'state': 'lit', 'advancing': False}
2025-11-24 21:44:55,221 : INFO : EventManager : Event: ======'right_orbit_default_lit_hit'====== Args={'profile': 'default', 'state': 'lit', 'advancing': False}
2025-11-24 21:44:55,222 : INFO : EventManager : Event: ======'right_orbit_lit_hit'====== Args={'profile': 'default', 'state': 'lit', 'advancing': False}
2025-11-24 21:44:55,222 : INFO : EventManager : Event: ======'player_scores'====== Args={'value': 115000, 'prev_value': 110000, 'change': 5000, 'player_num': 1, 'source': 'right_orbit'}
2025-11-24 21:44:55,286 : INFO : SwitchController : <<<<<<< 's_right_orbit' inactive >>>>>>>
2025-11-24 21:44:55,419 : INFO : SwitchController : <<<<<<< 's_right_orbit' active >>>>>>>
2025-11-24 21:44:55,420 : INFO : EventManager : Event: ======'playfield_active'====== Args={'source': 'right_orbit'}
2025-11-24 21:44:55,420 : INFO : EventManager : Event: ======'unexpected_ball_on_playfield'====== Args={}
2025-11-24 21:44:55,420 : INFO : EventManager : Event: ======'s_right_orbit_active'====== Args={}
2025-11-24 21:44:55,420 : INFO : EventManager : Event: ======'machine_var_audits_switches_s_right_orbit'====== Args={'value': 52, 'prev_value': 51, 'change': 1}
2025-11-24 21:44:55,421 : INFO : EventManager : Event: ======'machine_var_audits_shots_right_orbit'====== Args={'value': 52, 'prev_value': 51, 'change': 1}
2025-11-24 21:44:55,422 : INFO : EventManager : Event: ======'right_orbit_hit'====== Args={'profile': 'default', 'state': 'lit', 'advancing': False}
2025-11-24 21:44:55,422 : INFO : EventManager : Event: ======'right_orbit_default_hit'====== Args={'profile': 'default', 'state': 'lit', 'advancing': False}
2025-11-24 21:44:55,422 : INFO : EventManager : Event: ======'right_orbit_default_lit_hit'====== Args={'profile': 'default', 'state': 'lit', 'advancing': False}
2025-11-24 21:44:55,422 : INFO : EventManager : Event: ======'right_orbit_lit_hit'====== Args={'profile': 'default', 'state': 'lit', 'advancing': False}
2025-11-24 21:44:55,422 : INFO : EventManager : Event: ======'player_scores'====== Args={'value': 120000, 'prev_value': 115000, 'change': 5000, 'player_num': 1, 'source': 'right_orbit'}
2025-11-24 21:44:55,503 : INFO : SwitchController : <<<<<<< 's_right_orbit' inactive >>>>>>>
2025-11-24 21:44:55,853 : INFO : SwitchController : <<<<<<< 's_right_orbit' active >>>>>>>
2025-11-24 21:44:55,853 : INFO : EventManager : Event: ======'playfield_active'====== Args={'source': 'right_orbit'}
2025-11-24 21:44:55,853 : INFO : EventManager : Event: ======'unexpected_ball_on_playfield'====== Args={}
2025-11-24 21:44:55,853 : INFO : EventManager : Event: ======'s_right_orbit_active'====== Args={}
2025-11-24 21:44:55,854 : INFO : EventManager : Event: ======'machine_var_audits_switches_s_right_orbit'====== Args={'value': 53, 'prev_value': 52, 'change': 1}
2025-11-24 21:44:55,854 : INFO : EventManager : Event: ======'machine_var_audits_shots_right_orbit'====== Args={'value': 53, 'prev_value': 52, 'change': 1}
2025-11-24 21:44:55,855 : INFO : EventManager : Event: ======'right_orbit_hit'====== Args={'profile': 'default', 'state': 'lit', 'advancing': False}
2025-11-24 21:44:55,855 : INFO : EventManager : Event: ======'right_orbit_default_hit'====== Args={'profile': 'default', 'state': 'lit', 'advancing': False}
2025-11-24 21:44:55,855 : INFO : EventManager : Event: ======'right_orbit_default_lit_hit'====== Args={'profile': 'default', 'state': 'lit', 'advancing': False}
2025-11-24 21:44:55,855 : INFO : EventManager : Event: ======'right_orbit_lit_hit'====== Args={'profile': 'default', 'state': 'lit', 'advancing': False}
2025-11-24 21:44:55,855 : INFO : EventManager : Event: ======'player_scores'====== Args={'value': 125000, 'prev_value': 120000, 'change': 5000, 'player_num': 1, 'source': 'right_orbit'}
2025-11-24 21:44:55,970 : INFO : SwitchController : <<<<<<< 's_right_orbit' inactive >>>>>>>
2025-11-24 21:45:01,211 : INFO : Machine : Shutting down...
2025-11-24 21:45:01,212 : INFO : EventManager : Event: ======'shutdown'====== Args={}
2025-11-24 21:45:01,213 : INFO : EventManager : Event: ======'mode_game_will_stop'====== Args={}
2025-11-24 21:45:01,213 : INFO : EventManager : Event: ======'mode_game_stopping'====== Args={}
2025-11-24 21:45:01,214 : INFO : EventManager : Event: ======'mode_right_orbit_will_stop'====== Args={}
2025-11-24 21:45:01,214 : INFO : EventManager : Event: ======'mode_right_orbit_stopping'====== Args={}
2025-11-24 21:45:01,214 : INFO : EventManager : Event: ======'mode_base_will_stop'====== Args={}
2025-11-24 21:45:01,214 : INFO : EventManager : Event: ======'mode_base_stopping'====== Args={}
2025-11-24 21:45:01,215 : INFO : EventManager : Event: ======'stop_mode_right_orbit'====== Args={'priority': 0}
2025-11-24 21:45:01,215 : INFO : Mode.base : Stopped.
2025-11-24 21:45:01,215 : INFO : EventManager : Event: ======'modes_active_modes_changed'====== Args={}
2025-11-24 21:45:01,215 : INFO : EventManager : Event: ======'mode_base_stopped'====== Args={}
2025-11-24 21:45:01,215 : INFO : EventManager : Event: ======'clear'====== Args={'key': 'base'}
2025-11-24 21:45:01,215 : INFO : Mode.right_orbit : Stopped.
2025-11-24 21:45:01,215 : INFO : EventManager : Event: ======'modes_active_modes_changed'====== Args={}
2025-11-24 21:45:01,215 : INFO : EventManager : Event: ======'mode_right_orbit_stopped'====== Args={}
2025-11-24 21:45:01,215 : INFO : EventManager : Event: ======'clear'====== Args={'key': 'right_orbit'}
2025-11-24 21:45:01,216 : INFO : Mode.game : Stopped.
2025-11-24 21:45:01,216 : INFO : EventManager : Event: ======'modes_active_modes_changed'====== Args={}
2025-11-24 21:45:01,216 : INFO : EventManager : Event: ======'mode_game_stopped'====== Args={}
2025-11-24 21:45:01,216 : INFO : EventManager : Event: ======'clear'====== Args={'key': 'game'}
2025-11-24 21:45:01,218 : INFO : root : MPF run loop ended.
