2025-11-25 06:52:30,653 : INFO : root : Loading config.
2025-11-25 06:52:30,655 : INFO : YamlMultifileConfigLoader : Machine config file #1: config.yaml
2025-11-25 06:52:30,655 : INFO : ConfigProcessor : Loading config from cache: /var/folders/k0/j_dpx55x4kndbs36pl2nt9l00000gn/T/92f7f295141fbdde09e201e7fd0f1349.mpf_cache
2025-11-25 06:52:30,677 : INFO : ConfigProcessor : Loading config from cache: /var/folders/k0/j_dpx55x4kndbs36pl2nt9l00000gn/T/7b77bdcd1da4c54cc720d492bab55a0d.mpf_cache
2025-11-25 06:52:30,677 : INFO : ConfigProcessor : Loading config from cache: /var/folders/k0/j_dpx55x4kndbs36pl2nt9l00000gn/T/501e18c1625d42f1ba9bf53b020c49c5.mpf_cache
2025-11-25 06:52:30,677 : INFO : ConfigProcessor : Loading config from cache: /var/folders/k0/j_dpx55x4kndbs36pl2nt9l00000gn/T/7b77bdcd1da4c54cc720d492bab55a0d.mpf_cache
2025-11-25 06:52:30,677 : INFO : ConfigProcessor : Loading config from cache: /var/folders/k0/j_dpx55x4kndbs36pl2nt9l00000gn/T/dda6f4da00898f9f0a4796a41d9a2ef0.mpf_cache
2025-11-25 06:52:30,677 : INFO : ConfigProcessor : Loading config from cache: /var/folders/k0/j_dpx55x4kndbs36pl2nt9l00000gn/T/522fc819f659907ecbd91e12554f307a.mpf_cache
2025-11-25 06:52:30,678 : INFO : Machine : Mission Pinball Framework Core Engine v0.80.0.dev11
2025-11-25 06:52:30,678 : INFO : Machine : Command line arguments: {'no_load_cache': False, 'create_config_cache': True, 'bcp': True, 'configfile': ['config.yaml'], 'force_assets_load': False, 'platform_integration_test': False, 'jsonlogging': False, 'logfile': 'logs/2025-11-25-06-52-30-mpf-Sams-MacBook-Air-2.local.log', 'pause': False, 'production': False, 'text_ui': True, 'loglevel': 15, 'consoleloglevel': 20, 'force_platform': 'virtual', 'syslog_address': None, 'full_logfile_path': '/Users/samhughes/Desktop/Hollow-Knight-Pinball/logs/2025-11-25-06-52-30-mpf-Sams-MacBook-Air-2.local.log'}
2025-11-25 06:52:30,678 : INFO : Machine : MPF path: /Users/samhughes/mpf/lib/python3.13/site-packages/mpf
2025-11-25 06:52:30,678 : INFO : Machine : Machine path: /Users/samhughes/Desktop/Hollow-Knight-Pinball
2025-11-25 06:52:30,678 : INFO : Machine : Platform: darwin
2025-11-25 06:52:30,678 : INFO : Machine : Python executable location: /Users/samhughes/mpf/bin/python3.13
2025-11-25 06:52:30,678 : INFO : Machine : Python version: 3.13.2 (64-bit)
2025-11-25 06:52:30,678 : INFO : Machine : Initializing MPF...
2025-11-25 06:52:30,702 : INFO : EventManager : Event: ======'machine_var_credits_string'====== Args={'value': 'FREE PLAY', 'prev_value': None, 'change': True}
2025-11-25 06:52:30,706 : INFO : EventManager : Event: ======'machine_var_master_volume'====== Args={'value': 0.5, 'prev_value': None, 'change': True}
2025-11-25 06:52:30,706 : INFO : EventManager : Event: ======'machine_var_mpf_version'====== Args={'value': 'Mission Pinball Framework v0.80.0.dev11', 'prev_value': None, 'change': True}
2025-11-25 06:52:30,706 : INFO : EventManager : Event: ======'machine_var_mpf_extended_version'====== Args={'value': 'Mission Pinball Framework v0.80.0.dev11, Config version:6, Show version: 6, BCP version:1.1', 'prev_value': None, 'change': True}
2025-11-25 06:52:30,706 : INFO : EventManager : Event: ======'machine_var_python_version'====== Args={'value': '3.13.2', 'prev_value': None, 'change': True}
2025-11-25 06:52:30,712 : INFO : EventManager : Event: ======'machine_var_platform'====== Args={'value': 'macOS-15.6.1-arm64-arm-64bit-Mach-O', 'prev_value': None, 'change': True}
2025-11-25 06:52:30,713 : INFO : EventManager : Event: ======'machine_var_platform_system'====== Args={'value': 'Darwin', 'prev_value': None, 'change': True}
2025-11-25 06:52:30,713 : INFO : EventManager : Event: ======'machine_var_platform_release'====== Args={'value': '24.6.0', 'prev_value': None, 'change': True}
2025-11-25 06:52:30,713 : INFO : EventManager : Event: ======'machine_var_platform_version'====== Args={'value': 'Darwin Kernel Version 24.6.0: Mon Jul 14 11:29:54 PDT 2025; root:xnu-11417.140.69~1/RELEASE_ARM64_T8122', 'prev_value': None, 'change': True}
2025-11-25 06:52:30,713 : INFO : EventManager : Event: ======'machine_var_platform_machine'====== Args={'value': 'arm64', 'prev_value': None, 'change': True}
2025-11-25 06:52:30,713 : INFO : EventManager : Event: ======'machine_var_log_file_path'====== Args={'value': '/Users/samhughes/Desktop/Hollow-Knight-Pinball/logs/2025-11-25-06-52-30-mpf-Sams-MacBook-Air-2.local.log', 'prev_value': None, 'change': True}
2025-11-25 06:52:30,713 : INFO : EventManager : Event: ======'init_phase_1'====== Args={}
2025-11-25 06:52:30,719 : INFO : EventManager : Event: ======'init_phase_2'====== Args={}
2025-11-25 06:52:30,719 : INFO : SwitchController : Found active switch: (1002, <Platform.Virtual>) <switch.s_trough_1>
2025-11-25 06:52:30,719 : INFO : SwitchController : Found active switch: (1003, <Platform.Virtual>) <switch.s_trough_2>
2025-11-25 06:52:30,719 : INFO : SwitchController : Found active switch: (1004, <Platform.Virtual>) <switch.s_trough_3>
2025-11-25 06:52:30,720 : INFO : EventManager : Event: ======'bcp_connection_attempt'====== Args={'name': 'local_display', 'host': 'localhost', 'port': 5050}
2025-11-25 06:52:30,720 : INFO : BCPClientSocket : Connecting BCP to 'local_display' at localhost:5050...
2025-11-25 06:52:30,723 : INFO : BCPClientSocket : Connected BCP to 'local_display' localhost:5050
2025-11-25 06:52:30,723 : INFO : EventManager : Event: ======'bcp_clients_connected'====== Args={}
2025-11-25 06:52:30,724 : INFO : ball_device.bd_trough : BCH: Initial count: 3
2025-11-25 06:52:30,724 : INFO : ball_device.bd_trough : State: idle
2025-11-25 06:52:30,724 : INFO : ball_device.bd_plunger : BCH: Initial count: 0
2025-11-25 06:52:30,724 : INFO : ball_device.bd_plunger : State: idle
2025-11-25 06:52:30,731 : INFO : EventManager : Event: ======'init_phase_3'====== Args={}
2025-11-25 06:52:30,732 : INFO : EventManager : Event: ======'init_phase_4'====== Args={}
2025-11-25 06:52:30,732 : INFO : BallController : Initial balls found: 3
2025-11-25 06:52:30,732 : INFO : EventManager : Event: ======'machine_var_audits_events_game_ended'====== Args={'value': 0, 'prev_value': None, 'change': True}
2025-11-25 06:52:30,733 : INFO : EventManager : Event: ======'machine_var_audits_events_game_started'====== Args={'value': 11, 'prev_value': None, 'change': True}
2025-11-25 06:52:30,733 : INFO : EventManager : Event: ======'machine_var_audits_missing_switches_s_back_left_target'====== Args={'value': 11, 'prev_value': None, 'change': True}
2025-11-25 06:52:30,733 : INFO : EventManager : Event: ======'machine_var_audits_missing_switches_s_back_middle_left_target'====== Args={'value': 9, 'prev_value': None, 'change': True}
2025-11-25 06:52:30,733 : INFO : EventManager : Event: ======'machine_var_audits_missing_switches_s_back_middle_right_target'====== Args={'value': 9, 'prev_value': None, 'change': True}
2025-11-25 06:52:30,733 : INFO : EventManager : Event: ======'machine_var_audits_missing_switches_s_back_right_target'====== Args={'value': 9, 'prev_value': None, 'change': True}
2025-11-25 06:52:30,733 : INFO : EventManager : Event: ======'machine_var_audits_missing_switches_s_bottom_left_slingshot'====== Args={'value': 11, 'prev_value': None, 'change': True}
2025-11-25 06:52:30,733 : INFO : EventManager : Event: ======'machine_var_audits_missing_switches_s_bottom_right_slingshot'====== Args={'value': 11, 'prev_value': None, 'change': True}
2025-11-25 06:52:30,733 : INFO : EventManager : Event: ======'machine_var_audits_missing_switches_s_front_left_target'====== Args={'value': 11, 'prev_value': None, 'change': True}
2025-11-25 06:52:30,733 : INFO : EventManager : Event: ======'machine_var_audits_missing_switches_s_front_middle_target'====== Args={'value': 9, 'prev_value': None, 'change': True}
2025-11-25 06:52:30,733 : INFO : EventManager : Event: ======'machine_var_audits_missing_switches_s_front_right_target'====== Args={'value': 9, 'prev_value': None, 'change': True}
2025-11-25 06:52:30,733 : INFO : EventManager : Event: ======'machine_var_audits_missing_switches_s_lane_to_pop'====== Args={'value': 9, 'prev_value': None, 'change': True}
2025-11-25 06:52:30,733 : INFO : EventManager : Event: ======'machine_var_audits_missing_switches_s_left_flipper'====== Args={'value': 11, 'prev_value': None, 'change': True}
2025-11-25 06:52:30,733 : INFO : EventManager : Event: ======'machine_var_audits_missing_switches_s_left_inlane'====== Args={'value': 9, 'prev_value': None, 'change': True}
2025-11-25 06:52:30,733 : INFO : EventManager : Event: ======'machine_var_audits_missing_switches_s_left_orbit'====== Args={'value': 9, 'prev_value': None, 'change': True}
2025-11-25 06:52:30,733 : INFO : EventManager : Event: ======'machine_var_audits_missing_switches_s_left_outlane'====== Args={'value': 9, 'prev_value': None, 'change': True}
2025-11-25 06:52:30,733 : INFO : EventManager : Event: ======'machine_var_audits_missing_switches_s_pop_bumper'====== Args={'value': 11, 'prev_value': None, 'change': True}
2025-11-25 06:52:30,733 : INFO : EventManager : Event: ======'machine_var_audits_missing_switches_s_ramp'====== Args={'value': 9, 'prev_value': None, 'change': True}
2025-11-25 06:52:30,733 : INFO : EventManager : Event: ======'machine_var_audits_missing_switches_s_right_flipper'====== Args={'value': 11, 'prev_value': None, 'change': True}
2025-11-25 06:52:30,733 : INFO : EventManager : Event: ======'machine_var_audits_missing_switches_s_right_inlane'====== Args={'value': 9, 'prev_value': None, 'change': True}
2025-11-25 06:52:30,733 : INFO : EventManager : Event: ======'machine_var_audits_missing_switches_s_right_outlane'====== Args={'value': 9, 'prev_value': None, 'change': True}
2025-11-25 06:52:30,733 : INFO : EventManager : Event: ======'machine_var_audits_missing_switches_s_saucer'====== Args={'value': 9, 'prev_value': None, 'change': True}
2025-11-25 06:52:30,733 : INFO : EventManager : Event: ======'machine_var_audits_missing_switches_s_start'====== Args={'value': 2, 'prev_value': None, 'change': True}
2025-11-25 06:52:30,733 : INFO : EventManager : Event: ======'machine_var_audits_missing_switches_s_top_left_slingshot'====== Args={'value': 11, 'prev_value': None, 'change': True}
2025-11-25 06:52:30,733 : INFO : EventManager : Event: ======'machine_var_audits_missing_switches_s_top_right_slingshot'====== Args={'value': 11, 'prev_value': None, 'change': True}
2025-11-25 06:52:30,733 : INFO : EventManager : Event: ======'machine_var_audits_missing_switches_s_trough_1'====== Args={'value': 2, 'prev_value': None, 'change': True}
2025-11-25 06:52:30,733 : INFO : EventManager : Event: ======'machine_var_audits_missing_switches_s_trough_2'====== Args={'value': 2, 'prev_value': None, 'change': True}
2025-11-25 06:52:30,733 : INFO : EventManager : Event: ======'machine_var_audits_missing_switches_s_vuk'====== Args={'value': 9, 'prev_value': None, 'change': True}
2025-11-25 06:52:30,733 : INFO : EventManager : Event: ======'machine_var_audits_player_score'====== Args={'value': {'average': 0, 'top': [], 'total': 0}, 'prev_value': None, 'change': True}
2025-11-25 06:52:30,733 : INFO : EventManager : Event: ======'machine_var_audits_shots_right_orbit'====== Args={'value': 149, 'prev_value': None, 'change': True}
2025-11-25 06:52:30,733 : INFO : EventManager : Event: ======'machine_var_audits_switches_s_back_left_target'====== Args={'value': 0, 'prev_value': None, 'change': True}
2025-11-25 06:52:30,733 : INFO : EventManager : Event: ======'machine_var_audits_switches_s_back_middle_left_target'====== Args={'value': 1, 'prev_value': None, 'change': True}
2025-11-25 06:52:30,733 : INFO : EventManager : Event: ======'machine_var_audits_switches_s_back_middle_right_target'====== Args={'value': 1, 'prev_value': None, 'change': True}
2025-11-25 06:52:30,733 : INFO : EventManager : Event: ======'machine_var_audits_switches_s_back_right_target'====== Args={'value': 1, 'prev_value': None, 'change': True}
2025-11-25 06:52:30,733 : INFO : EventManager : Event: ======'machine_var_audits_switches_s_bottom_left_slingshot'====== Args={'value': 0, 'prev_value': None, 'change': True}
2025-11-25 06:52:30,733 : INFO : EventManager : Event: ======'machine_var_audits_switches_s_bottom_right_slingshot'====== Args={'value': 0, 'prev_value': None, 'change': True}
2025-11-25 06:52:30,733 : INFO : EventManager : Event: ======'machine_var_audits_switches_s_front_left_target'====== Args={'value': 0, 'prev_value': None, 'change': True}
2025-11-25 06:52:30,733 : INFO : EventManager : Event: ======'machine_var_audits_switches_s_front_middle_target'====== Args={'value': 1, 'prev_value': None, 'change': True}
2025-11-25 06:52:30,733 : INFO : EventManager : Event: ======'machine_var_audits_switches_s_front_right_target'====== Args={'value': 1, 'prev_value': None, 'change': True}
2025-11-25 06:52:30,733 : INFO : EventManager : Event: ======'machine_var_audits_switches_s_lane_to_pop'====== Args={'value': 2, 'prev_value': None, 'change': True}
2025-11-25 06:52:30,733 : INFO : EventManager : Event: ======'machine_var_audits_switches_s_left_flipper'====== Args={'value': 0, 'prev_value': None, 'change': True}
2025-11-25 06:52:30,733 : INFO : EventManager : Event: ======'machine_var_audits_switches_s_left_inlane'====== Args={'value': 1, 'prev_value': None, 'change': True}
2025-11-25 06:52:30,733 : INFO : EventManager : Event: ======'machine_var_audits_switches_s_left_orbit'====== Args={'value': 2, 'prev_value': None, 'change': True}
2025-11-25 06:52:30,733 : INFO : EventManager : Event: ======'machine_var_audits_switches_s_left_outlane'====== Args={'value': 1, 'prev_value': None, 'change': True}
2025-11-25 06:52:30,733 : INFO : EventManager : Event: ======'machine_var_audits_switches_s_plunger_lane'====== Args={'value': 79, 'prev_value': None, 'change': True}
2025-11-25 06:52:30,733 : INFO : EventManager : Event: ======'machine_var_audits_switches_s_pop_bumper'====== Args={'value': 0, 'prev_value': None, 'change': True}
2025-11-25 06:52:30,733 : INFO : EventManager : Event: ======'machine_var_audits_switches_s_ramp'====== Args={'value': 2, 'prev_value': None, 'change': True}
2025-11-25 06:52:30,733 : INFO : EventManager : Event: ======'machine_var_audits_switches_s_right_flipper'====== Args={'value': 0, 'prev_value': None, 'change': True}
2025-11-25 06:52:30,733 : INFO : EventManager : Event: ======'machine_var_audits_switches_s_right_inlane'====== Args={'value': 1, 'prev_value': None, 'change': True}
2025-11-25 06:52:30,733 : INFO : EventManager : Event: ======'machine_var_audits_switches_s_right_orbit'====== Args={'value': 163, 'prev_value': None, 'change': True}
2025-11-25 06:52:30,733 : INFO : EventManager : Event: ======'machine_var_audits_switches_s_right_outlane'====== Args={'value': 1, 'prev_value': None, 'change': True}
2025-11-25 06:52:30,733 : INFO : EventManager : Event: ======'machine_var_audits_switches_s_saucer'====== Args={'value': 4, 'prev_value': None, 'change': True}
2025-11-25 06:52:30,733 : INFO : EventManager : Event: ======'machine_var_audits_switches_s_start'====== Args={'value': 16, 'prev_value': None, 'change': True}
2025-11-25 06:52:30,733 : INFO : EventManager : Event: ======'machine_var_audits_switches_s_top_left_slingshot'====== Args={'value': 0, 'prev_value': None, 'change': True}
2025-11-25 06:52:30,733 : INFO : EventManager : Event: ======'machine_var_audits_switches_s_top_right_slingshot'====== Args={'value': 0, 'prev_value': None, 'change': True}
2025-11-25 06:52:30,733 : INFO : EventManager : Event: ======'machine_var_audits_switches_s_trough_1'====== Args={'value': 2, 'prev_value': None, 'change': True}
2025-11-25 06:52:30,733 : INFO : EventManager : Event: ======'machine_var_audits_switches_s_trough_2'====== Args={'value': 4, 'prev_value': None, 'change': True}
2025-11-25 06:52:30,733 : INFO : EventManager : Event: ======'machine_var_audits_switches_s_trough_3'====== Args={'value': 37, 'prev_value': None, 'change': True}
2025-11-25 06:52:30,733 : INFO : EventManager : Event: ======'machine_var_audits_switches_s_vuk'====== Args={'value': 2, 'prev_value': None, 'change': True}
2025-11-25 06:52:30,733 : INFO : EventManager : Event: ======'init_phase_5'====== Args={}
2025-11-25 06:52:30,734 : INFO : EventManager : Event: ======'init_done'====== Args={}
2025-11-25 06:52:30,734 : INFO : EventManager : Event: ======'machine_reset_phase_1'====== Args={}
2025-11-25 06:52:30,735 : INFO : EventManager : Event: ======'machine_reset_phase_2'====== Args={}
2025-11-25 06:52:30,735 : INFO : EventManager : Event: ======'machine_reset_phase_3'====== Args={}
2025-11-25 06:52:30,736 : INFO : EventManager : Event: ======'reset_complete'====== Args={}
2025-11-25 06:52:30,736 : INFO : EventManager : Event: ======'mode_attract_will_start'====== Args={}
2025-11-25 06:52:30,736 : INFO : Timer.attract_carousel_timer : Starting Timer.
2025-11-25 06:52:30,736 : INFO : EventManager : Event: ======'timer_attract_carousel_timer_started'====== Args={'ticks': 0, 'ticks_remaining': 1}
2025-11-25 06:52:30,736 : INFO : EventManager : Event: ======'timer_attract_carousel_timer_tick'====== Args={'ticks': 0, 'ticks_remaining': 1}
2025-11-25 06:52:30,736 : INFO : EventManager : Event: ======'mode_attract_starting'====== Args={}
2025-11-25 06:52:30,736 : INFO : Mode.attract : Started. Priority: 10
2025-11-25 06:52:30,736 : INFO : EventManager : Event: ======'modes_active_modes_changed'====== Args={}
2025-11-25 06:52:30,736 : INFO : EventManager : Event: ======'mode_attract_started'====== Args={}
2025-11-25 06:52:30,736 : INFO : EventManager : Event: ======'collecting_balls_complete'====== Args={}
2025-11-25 06:52:30,737 : INFO : EventManager : Event: ======'carousel_item_highlighted'====== Args={'carousel': 'attract', 'direction': None, 'item': 'title'}
2025-11-25 06:52:30,737 : INFO : Machine : Starting the main run loop with active modes: [<Mode.attract>]
2025-11-25 06:52:30,827 : INFO : EventManager : Event: ======'slide_attract_created'====== Args={'_from_bcp': True}
2025-11-25 06:52:30,827 : INFO : EventManager : Event: ======'slide__removed'====== Args={'_from_bcp': True}
2025-11-25 06:52:30,827 : INFO : EventManager : Event: ======'slide_attract_active'====== Args={'original_context': 'attract', 'original_calling_context': 'mode_attract_started', 'priority': 10.0, 'cmd': 'slides_play', '_from_bcp': True}
2025-11-25 06:52:31,794 : INFO : SwitchController : <<<<<<< 's_start' active >>>>>>>
2025-11-25 06:52:31,894 : INFO : SwitchController : <<<<<<< 's_start' inactive >>>>>>>
2025-11-25 06:52:31,894 : INFO : EventManager : Event: ======'request_to_start_game'====== Args={}
2025-11-25 06:52:31,895 : INFO : EventManager : Event: ======'game_start'====== Args={'buttons': [], 'hold_time': 0.10019787505734712}
2025-11-25 06:52:31,895 : INFO : EventManager : Event: ======'mode_game_will_start'====== Args={'buttons': [], 'hold_time': 0.10019787505734712}
2025-11-25 06:52:31,896 : INFO : EventManager : Event: ======'mode_game_starting'====== Args={'buttons': [], 'hold_time': 0.10019787505734712}
2025-11-25 06:52:31,896 : INFO : EventManager : Event: ======'mode_attract_will_stop'====== Args={}
2025-11-25 06:52:31,896 : INFO : EventManager : Event: ======'mode_attract_stopping'====== Args={}
2025-11-25 06:52:31,897 : INFO : Mode.attract : Stopped.
2025-11-25 06:52:31,897 : INFO : EventManager : Event: ======'modes_active_modes_changed'====== Args={}
2025-11-25 06:52:31,897 : INFO : EventManager : Event: ======'mode_attract_stopped'====== Args={}
2025-11-25 06:52:31,897 : INFO : EventManager : Event: ======'clear'====== Args={'key': 'attract'}
2025-11-25 06:52:31,898 : INFO : Timer.attract_carousel_timer : Stopping Timer
2025-11-25 06:52:31,898 : INFO : EventManager : Event: ======'timer_attract_carousel_timer_stopped'====== Args={'ticks': 0, 'ticks_remaining': 1}
2025-11-25 06:52:31,898 : INFO : Mode.game : Started. Priority: 20
2025-11-25 06:52:31,898 : INFO : EventManager : Event: ======'modes_active_modes_changed'====== Args={}
2025-11-25 06:52:31,898 : INFO : EventManager : Event: ======'mode_game_started'====== Args={'buttons': [], 'hold_time': 0.10019787505734712}
2025-11-25 06:52:31,899 : INFO : EventManager : Event: ======'game_will_start'====== Args={}
2025-11-25 06:52:31,899 : INFO : EventManager : Event: ======'game_starting'====== Args={'game': <Mode.game>}
2025-11-25 06:52:31,900 : INFO : EventManager : Unordered handler for class <Auditor> on event game_ended with priority 1. Handlers: [RegisteredHandler(callback=<bound method Auditor.disable of <Auditor>>, priority=1, kwargs={}, key=UUID('c190d708-7215-47d0-949e-4db780953112'), condition=None, blocking_facility=None), RegisteredHandler(callback=<bound method Auditor._save_audits of <Auditor>>, priority=1, kwargs={}, key=UUID('481830d6-8a10-4755-b25c-a06159b2f793'), condition=None, blocking_facility=None)]. The order of those handlers is not defined and they will be executed in random order. This might lead to race conditions and potential bugs.
2025-11-25 06:52:31,900 : INFO : EventManager : Event: ======'player_add_request'====== Args={}
2025-11-25 06:52:31,900 : INFO : EventManager : Event: ======'player_will_add'====== Args={'number': 1}
2025-11-25 06:52:31,900 : INFO : EventManager : Event: ======'player_adding'====== Args={'player': <Player 1>, 'number': 1}
2025-11-25 06:52:31,901 : INFO : EventManager : Event: ======'player_added'====== Args={'player': <Player 1>, 'num': 1}
2025-11-25 06:52:31,901 : INFO : Mode.game : Player added successfully. Total players: 1
2025-11-25 06:52:31,901 : INFO : EventManager : Event: ======'player_index'====== Args={'value': 0, 'prev_value': 0, 'change': 0, 'player_num': 1}
2025-11-25 06:52:31,901 : INFO : EventManager : Event: ======'player_number'====== Args={'value': 1, 'prev_value': 1, 'change': 0, 'player_num': 1}
2025-11-25 06:52:31,901 : INFO : EventManager : Event: ======'player_score'====== Args={'value': 0, 'prev_value': 0, 'change': 0, 'player_num': 1}
2025-11-25 06:52:31,902 : INFO : EventManager : Event: ======'game_started'====== Args={}
2025-11-25 06:52:31,902 : INFO : EventManager : Event: ======'player_turn_will_start'====== Args={'player': <Player 1>, 'number': 1}
2025-11-25 06:52:31,903 : INFO : EventManager : Event: ======'player_turn_starting'====== Args={'player': <Player 1>, 'number': 1}
2025-11-25 06:52:31,903 : INFO : EventManager : Event: ======'player_ball'====== Args={'value': 1, 'prev_value': 0, 'change': 1, 'player_num': 1}
2025-11-25 06:52:31,909 : INFO : EventManager : Event: ======'player_turn_started'====== Args={'player': <Player 1>, 'number': 1}
2025-11-25 06:52:31,915 : INFO : EventManager : Event: ======'ball_will_start'====== Args={'player': 1, 'ball': 1, 'balls_remaining': 2, 'is_extra_ball': False}
2025-11-25 06:52:31,916 : INFO : EventManager : Event: ======'ball_starting'====== Args={'player': 1, 'ball': 1, 'balls_remaining': 2, 'is_extra_ball': False}
2025-11-25 06:52:31,916 : INFO : EventManager : Event: ======'mode_base_will_start'====== Args={'queue': <QueuedEvent>, 'player': 1, 'ball': 1, 'balls_remaining': 2, 'is_extra_ball': False}
2025-11-25 06:52:31,916 : INFO : EventManager : Event: ======'mode_base_starting'====== Args={'queue': <QueuedEvent>, 'player': 1, 'ball': 1, 'balls_remaining': 2, 'is_extra_ball': False}
2025-11-25 06:52:31,917 : INFO : Mode.base : Started. Priority: 100
2025-11-25 06:52:31,917 : INFO : EventManager : Event: ======'modes_active_modes_changed'====== Args={}
2025-11-25 06:52:31,917 : INFO : EventManager : Event: ======'mode_base_started'====== Args={'queue': <QueuedEvent>, 'player': 1, 'ball': 1, 'balls_remaining': 2, 'is_extra_ball': False}
2025-11-25 06:52:31,917 : INFO : EventManager : Event: ======'start_mode_right_orbit'====== Args={'priority': 0}
2025-11-25 06:52:31,917 : INFO : EventManager : Event: ======'mode_right_orbit_will_start'====== Args={'priority': 0}
2025-11-25 06:52:31,918 : INFO : EventManager : Event: ======'player_shot_right_orbit_enabled'====== Args={'value': True, 'prev_value': 0, 'change': 1, 'player_num': 1}
2025-11-25 06:52:31,918 : INFO : EventManager : Event: ======'mode_right_orbit_starting'====== Args={'priority': 0}
2025-11-25 06:52:31,918 : INFO : Mode.right_orbit : Started. Priority: 200
2025-11-25 06:52:31,918 : INFO : EventManager : Event: ======'modes_active_modes_changed'====== Args={}
2025-11-25 06:52:31,918 : INFO : EventManager : Event: ======'mode_right_orbit_started'====== Args={'priority': 0}
2025-11-25 06:52:31,919 : INFO : EventManager : Event: ======'balls_in_play'====== Args={'balls': 1}
2025-11-25 06:52:31,919 : INFO : EventManager : Event: ======'ball_started'====== Args={'player': 1, 'ball': 1, 'balls_remaining': 2, 'is_extra_ball': False}
2025-11-25 06:52:31,919 : INFO : EventManager : Event: ======'single_player_ball_started'====== Args={}
2025-11-25 06:52:31,919 : INFO : EventManager : Event: ======'ball_start_target'====== Args={'target': 'playfield'}
2025-11-25 06:52:31,920 : INFO : ball_device.bd_trough : Setting up player-controlled eject. Balls: 1, Target: <playfield.playfield>, player_controlled_eject_event: None
2025-11-25 06:52:31,920 : INFO : ball_device.bd_trough : Adding 1 ball(s) to the eject_queue with target <playfield.playfield>.
2025-11-25 06:52:31,920 : INFO : EventManager : Event: ======'balldevice_balls_available'====== Args={}
2025-11-25 06:52:31,920 : INFO : ball_device.bd_trough : State: waiting_for_target_ready
2025-11-25 06:52:31,920 : INFO : EventManager : Event: ======'balldevice_bd_trough_ball_eject_attempt'====== Args={'balls': 1, 'target': <ball_device.bd_plunger>, 'source': <ball_device.bd_trough>, 'mechanical_eject': False, 'num_attempts': 0}
2025-11-25 06:52:31,920 : INFO : ball_device.bd_plunger : State: waiting_for_ball
2025-11-25 06:52:31,921 : INFO : ball_device.bd_trough : State: ejecting
2025-11-25 06:52:31,921 : INFO : ball_device.bd_trough : Ejecting ball to <ball_device.bd_plunger>
2025-11-25 06:52:31,921 : INFO : EventManager : Event: ======'balldevice_bd_trough_ejecting_ball'====== Args={'balls': 1, 'target': <ball_device.bd_plunger>, 'source': <ball_device.bd_trough>, 'mechanical_eject': False, 'num_attempts': 0}
2025-11-25 06:52:31,921 : INFO : ball_device.bd_trough : Wait for ball to leave device
2025-11-25 06:52:31,921 : INFO : coil.c_trough_eject : Pulsing Driver for 10ms (1.0 pulse_power)
2025-11-25 06:52:31,930 : INFO : EventManager : Event: ======'slide_base_created'====== Args={'_from_bcp': True}
2025-11-25 06:52:31,931 : INFO : EventManager : Event: ======'slide_attract_inactive'====== Args={'is_removing': True, '_from_bcp': True}
2025-11-25 06:52:31,931 : INFO : EventManager : Event: ======'slide_base_active'====== Args={'original_context': 'base', 'original_calling_context': 'mode_base_started', 'priority': 100.0, 'queue': '<QueuedEvent>', 'player': 1.0, 'ball': 1.0, 'balls_remaining': 2.0, 'is_extra_ball': False, 'cmd': 'slides_play', '_from_bcp': True}
2025-11-25 06:52:31,931 : INFO : EventManager : Event: ======'slide_attract_removed'====== Args={'_from_bcp': True}
2025-11-25 06:52:37,727 : INFO : SwitchController : <<<<<<< 's_trough_3' inactive >>>>>>>
2025-11-25 06:52:37,728 : INFO : ball_device.bd_trough : State: ball_left
2025-11-25 06:52:37,728 : INFO : ball_device.bd_trough : Ball left
2025-11-25 06:52:37,728 : INFO : ball_device.bd_trough : Wait for confirm with timeout 10.0
2025-11-25 06:52:38,127 : INFO : SwitchController : <<<<<<< 's_plunger_lane' active >>>>>>>
2025-11-25 06:52:38,127 : INFO : EventManager : Event: ======'machine_var_audits_switches_s_plunger_lane'====== Args={'value': 80, 'prev_value': 79, 'change': 1}
2025-11-25 06:52:38,260 : INFO : SwitchController : <<<<<<< 's_plunger_lane' inactive >>>>>>>
2025-11-25 06:52:39,960 : INFO : SwitchController : <<<<<<< 's_right_orbit' active >>>>>>>
2025-11-25 06:52:39,960 : INFO : EventManager : Event: ======'playfield_active'====== Args={'source': 'right_orbit'}
2025-11-25 06:52:39,960 : INFO : EventManager : Event: ======'unexpected_ball_on_playfield'====== Args={}
2025-11-25 06:52:39,961 : INFO : EventManager : Event: ======'s_right_orbit_active'====== Args={}
2025-11-25 06:52:39,961 : INFO : EventManager : Event: ======'machine_var_audits_switches_s_right_orbit'====== Args={'value': 164, 'prev_value': 163, 'change': 1}
2025-11-25 06:52:39,962 : INFO : EventManager : Event: ======'player_shot_right_orbit'====== Args={'value': 1, 'prev_value': 0, 'change': 1, 'player_num': 1}
2025-11-25 06:52:39,962 : INFO : EventManager : Event: ======'machine_var_audits_shots_right_orbit'====== Args={'value': 150, 'prev_value': 149, 'change': 1}
2025-11-25 06:52:39,975 : INFO : EventManager : Event: ======'right_orbit_hit'====== Args={'profile': 'default', 'state': 'unlit', 'advancing': True}
2025-11-25 06:52:39,975 : INFO : EventManager : Event: ======'right_orbit_default_hit'====== Args={'profile': 'default', 'state': 'unlit', 'advancing': True}
2025-11-25 06:52:39,975 : INFO : EventManager : Event: ======'right_orbit_default_unlit_hit'====== Args={'profile': 'default', 'state': 'unlit', 'advancing': True}
2025-11-25 06:52:39,975 : INFO : EventManager : Event: ======'right_orbit_unlit_hit'====== Args={'profile': 'default', 'state': 'unlit', 'advancing': True}
2025-11-25 06:52:39,976 : INFO : EventManager : Event: ======'player_score'====== Args={'value': 5000, 'prev_value': 0, 'change': 5000, 'player_num': 1, 'source': 'right_orbit'}
2025-11-25 06:52:40,043 : INFO : SwitchController : <<<<<<< 's_right_orbit' inactive >>>>>>>
2025-11-25 06:52:46,493 : INFO : SwitchController : <<<<<<< 's_trough_3' active >>>>>>>
2025-11-25 06:52:46,494 : INFO : EventManager : Event: ======'machine_var_audits_switches_s_trough_3'====== Args={'value': 38, 'prev_value': 37, 'change': 1}
2025-11-25 06:52:47,730 : INFO : ball_device.bd_trough : State: failed_confirm
2025-11-25 06:52:47,730 : INFO : ball_device.bd_trough : Got timeout (10.0s) before confirm from <ball_device.bd_plunger>
2025-11-25 06:52:47,732 : INFO : ball_device.bd_plunger : Expecting incoming ball which may skip the device.
2025-11-25 06:52:47,732 : INFO : EventManager : Event: ======'balldevice_bd_plunger_ejecting_ball'====== Args={'balls': 1, 'target': <playfield.playfield>, 'source': <ball_device.bd_plunger>, 'mechanical_eject': False, 'num_attempts': 1}
2025-11-25 06:52:47,732 : INFO : ball_device.bd_trough : Got unknown balls. Assuming a ball returned.
2025-11-25 06:52:47,732 : INFO : EventManager : Event: ======'balldevice_bd_trough_ball_eject_failed'====== Args={'target': <ball_device.bd_plunger>, 'balls': 1, 'retry': True, 'num_attempts': 1}
2025-11-25 06:52:47,734 : INFO : EventManager : Event: ======'balldevice_bd_plunger_ball_eject_failed'====== Args={'target': <playfield.playfield>, 'balls': 1, 'retry': True, 'num_attempts': 1}
2025-11-25 06:52:47,734 : INFO : ball_device.bd_trough : State: waiting_for_target_ready
2025-11-25 06:52:47,734 : INFO : EventManager : Event: ======'balldevice_bd_trough_ball_eject_attempt'====== Args={'balls': 1, 'target': <ball_device.bd_plunger>, 'source': <ball_device.bd_trough>, 'mechanical_eject': False, 'num_attempts': 1}
2025-11-25 06:52:47,734 : INFO : ball_device.bd_plunger : No longer expecting incoming ball which may skip the device.
2025-11-25 06:52:47,735 : INFO : ball_device.bd_trough : State: ejecting
2025-11-25 06:52:47,735 : INFO : ball_device.bd_trough : Ejecting ball to <ball_device.bd_plunger>
2025-11-25 06:52:47,735 : INFO : EventManager : Event: ======'balldevice_bd_trough_ejecting_ball'====== Args={'balls': 1, 'target': <ball_device.bd_plunger>, 'source': <ball_device.bd_trough>, 'mechanical_eject': False, 'num_attempts': 1}
2025-11-25 06:52:47,736 : INFO : ball_device.bd_plunger : State: waiting_for_ball
2025-11-25 06:52:47,736 : INFO : ball_device.bd_trough : Wait for ball to leave device
2025-11-25 06:52:47,736 : INFO : coil.c_trough_eject : Pulsing Driver for 10ms (1.0 pulse_power)
2025-11-25 06:52:49,593 : INFO : SwitchController : <<<<<<< 's_trough_3' inactive >>>>>>>
2025-11-25 06:52:49,594 : INFO : ball_device.bd_trough : State: ball_left
2025-11-25 06:52:49,595 : INFO : ball_device.bd_trough : Ball left
2025-11-25 06:52:49,595 : INFO : ball_device.bd_trough : Wait for confirm with timeout 10.0
2025-11-25 06:52:50,060 : INFO : SwitchController : <<<<<<< 's_plunger_lane' active >>>>>>>
2025-11-25 06:52:50,060 : INFO : EventManager : Event: ======'machine_var_audits_switches_s_plunger_lane'====== Args={'value': 81, 'prev_value': 80, 'change': 1}
2025-11-25 06:52:50,227 : INFO : SwitchController : <<<<<<< 's_plunger_lane' inactive >>>>>>>
2025-11-25 06:52:52,160 : INFO : SwitchController : <<<<<<< 's_right_orbit' active >>>>>>>
2025-11-25 06:52:52,161 : INFO : EventManager : Event: ======'playfield_active'====== Args={'source': 'right_orbit'}
2025-11-25 06:52:52,161 : INFO : EventManager : Event: ======'unexpected_ball_on_playfield'====== Args={}
2025-11-25 06:52:52,161 : INFO : EventManager : Event: ======'s_right_orbit_active'====== Args={}
2025-11-25 06:52:52,161 : INFO : EventManager : Event: ======'machine_var_audits_switches_s_right_orbit'====== Args={'value': 165, 'prev_value': 164, 'change': 1}
2025-11-25 06:52:52,162 : INFO : EventManager : Event: ======'machine_var_audits_shots_right_orbit'====== Args={'value': 151, 'prev_value': 150, 'change': 1}
2025-11-25 06:52:52,162 : INFO : EventManager : Event: ======'right_orbit_hit'====== Args={'profile': 'default', 'state': 'lit', 'advancing': False}
2025-11-25 06:52:52,162 : INFO : EventManager : Event: ======'right_orbit_default_hit'====== Args={'profile': 'default', 'state': 'lit', 'advancing': False}
2025-11-25 06:52:52,163 : INFO : EventManager : Event: ======'right_orbit_default_lit_hit'====== Args={'profile': 'default', 'state': 'lit', 'advancing': False}
2025-11-25 06:52:52,163 : INFO : EventManager : Event: ======'right_orbit_lit_hit'====== Args={'profile': 'default', 'state': 'lit', 'advancing': False}
2025-11-25 06:52:52,163 : INFO : EventManager : Event: ======'player_score'====== Args={'value': 10000, 'prev_value': 5000, 'change': 5000, 'player_num': 1, 'source': 'right_orbit'}
2025-11-25 06:52:52,311 : INFO : SwitchController : <<<<<<< 's_right_orbit' inactive >>>>>>>
2025-11-25 06:52:53,927 : INFO : SwitchController : <<<<<<< 's_right_orbit' active >>>>>>>
2025-11-25 06:52:53,927 : INFO : EventManager : Event: ======'playfield_active'====== Args={'source': 'right_orbit'}
2025-11-25 06:52:53,927 : INFO : EventManager : Event: ======'unexpected_ball_on_playfield'====== Args={}
2025-11-25 06:52:53,927 : INFO : EventManager : Event: ======'s_right_orbit_active'====== Args={}
2025-11-25 06:52:53,927 : INFO : EventManager : Event: ======'machine_var_audits_switches_s_right_orbit'====== Args={'value': 166, 'prev_value': 165, 'change': 1}
2025-11-25 06:52:53,928 : INFO : EventManager : Event: ======'machine_var_audits_shots_right_orbit'====== Args={'value': 152, 'prev_value': 151, 'change': 1}
2025-11-25 06:52:53,929 : INFO : EventManager : Event: ======'right_orbit_hit'====== Args={'profile': 'default', 'state': 'lit', 'advancing': False}
2025-11-25 06:52:53,929 : INFO : EventManager : Event: ======'right_orbit_default_hit'====== Args={'profile': 'default', 'state': 'lit', 'advancing': False}
2025-11-25 06:52:53,929 : INFO : EventManager : Event: ======'right_orbit_default_lit_hit'====== Args={'profile': 'default', 'state': 'lit', 'advancing': False}
2025-11-25 06:52:53,929 : INFO : EventManager : Event: ======'right_orbit_lit_hit'====== Args={'profile': 'default', 'state': 'lit', 'advancing': False}
2025-11-25 06:52:53,929 : INFO : EventManager : Event: ======'player_score'====== Args={'value': 15000, 'prev_value': 10000, 'change': 5000, 'player_num': 1, 'source': 'right_orbit'}
2025-11-25 06:52:54,026 : INFO : SwitchController : <<<<<<< 's_right_orbit' inactive >>>>>>>
2025-11-25 06:52:54,276 : INFO : SwitchController : <<<<<<< 's_right_orbit' active >>>>>>>
2025-11-25 06:52:54,276 : INFO : EventManager : Event: ======'playfield_active'====== Args={'source': 'right_orbit'}
2025-11-25 06:52:54,277 : INFO : EventManager : Event: ======'unexpected_ball_on_playfield'====== Args={}
2025-11-25 06:52:54,277 : INFO : EventManager : Event: ======'s_right_orbit_active'====== Args={}
2025-11-25 06:52:54,277 : INFO : EventManager : Event: ======'machine_var_audits_switches_s_right_orbit'====== Args={'value': 167, 'prev_value': 166, 'change': 1}
2025-11-25 06:52:54,278 : INFO : EventManager : Event: ======'machine_var_audits_shots_right_orbit'====== Args={'value': 153, 'prev_value': 152, 'change': 1}
2025-11-25 06:52:54,278 : INFO : EventManager : Event: ======'right_orbit_hit'====== Args={'profile': 'default', 'state': 'lit', 'advancing': False}
2025-11-25 06:52:54,278 : INFO : EventManager : Event: ======'right_orbit_default_hit'====== Args={'profile': 'default', 'state': 'lit', 'advancing': False}
2025-11-25 06:52:54,278 : INFO : EventManager : Event: ======'right_orbit_default_lit_hit'====== Args={'profile': 'default', 'state': 'lit', 'advancing': False}
2025-11-25 06:52:54,278 : INFO : EventManager : Event: ======'right_orbit_lit_hit'====== Args={'profile': 'default', 'state': 'lit', 'advancing': False}
2025-11-25 06:52:54,278 : INFO : EventManager : Event: ======'player_score'====== Args={'value': 20000, 'prev_value': 15000, 'change': 5000, 'player_num': 1, 'source': 'right_orbit'}
2025-11-25 06:52:54,375 : INFO : SwitchController : <<<<<<< 's_right_orbit' inactive >>>>>>>
2025-11-25 06:52:56,010 : INFO : SwitchController : <<<<<<< 's_trough_3' active >>>>>>>
2025-11-25 06:52:56,011 : INFO : EventManager : Event: ======'machine_var_audits_switches_s_trough_3'====== Args={'value': 39, 'prev_value': 38, 'change': 1}
2025-11-25 06:52:58,060 : INFO : SwitchController : <<<<<<< 's_plunger_lane' active >>>>>>>
2025-11-25 06:52:58,060 : INFO : EventManager : Event: ======'machine_var_audits_switches_s_plunger_lane'====== Args={'value': 82, 'prev_value': 81, 'change': 1}
2025-11-25 06:52:58,210 : INFO : SwitchController : <<<<<<< 's_plunger_lane' inactive >>>>>>>
2025-11-25 06:52:58,594 : INFO : SwitchController : <<<<<<< 's_right_orbit' active >>>>>>>
2025-11-25 06:52:58,594 : INFO : EventManager : Event: ======'playfield_active'====== Args={'source': 'right_orbit'}
2025-11-25 06:52:58,594 : INFO : EventManager : Event: ======'unexpected_ball_on_playfield'====== Args={}
2025-11-25 06:52:58,594 : INFO : EventManager : Event: ======'s_right_orbit_active'====== Args={}
2025-11-25 06:52:58,594 : INFO : EventManager : Event: ======'machine_var_audits_switches_s_right_orbit'====== Args={'value': 168, 'prev_value': 167, 'change': 1}
2025-11-25 06:52:58,595 : INFO : EventManager : Event: ======'machine_var_audits_shots_right_orbit'====== Args={'value': 154, 'prev_value': 153, 'change': 1}
2025-11-25 06:52:58,595 : INFO : EventManager : Event: ======'right_orbit_hit'====== Args={'profile': 'default', 'state': 'lit', 'advancing': False}
2025-11-25 06:52:58,595 : INFO : EventManager : Event: ======'right_orbit_default_hit'====== Args={'profile': 'default', 'state': 'lit', 'advancing': False}
2025-11-25 06:52:58,595 : INFO : EventManager : Event: ======'right_orbit_default_lit_hit'====== Args={'profile': 'default', 'state': 'lit', 'advancing': False}
2025-11-25 06:52:58,596 : INFO : EventManager : Event: ======'right_orbit_lit_hit'====== Args={'profile': 'default', 'state': 'lit', 'advancing': False}
2025-11-25 06:52:58,596 : INFO : EventManager : Event: ======'player_score'====== Args={'value': 25000, 'prev_value': 20000, 'change': 5000, 'player_num': 1, 'source': 'right_orbit'}
2025-11-25 06:52:58,727 : INFO : SwitchController : <<<<<<< 's_right_orbit' inactive >>>>>>>
2025-11-25 06:52:59,526 : INFO : SwitchController : <<<<<<< 's_right_orbit' active >>>>>>>
2025-11-25 06:52:59,527 : INFO : EventManager : Event: ======'playfield_active'====== Args={'source': 'right_orbit'}
2025-11-25 06:52:59,527 : INFO : EventManager : Event: ======'unexpected_ball_on_playfield'====== Args={}
2025-11-25 06:52:59,527 : INFO : EventManager : Event: ======'s_right_orbit_active'====== Args={}
2025-11-25 06:52:59,527 : INFO : EventManager : Event: ======'machine_var_audits_switches_s_right_orbit'====== Args={'value': 169, 'prev_value': 168, 'change': 1}
2025-11-25 06:52:59,528 : INFO : EventManager : Event: ======'machine_var_audits_shots_right_orbit'====== Args={'value': 155, 'prev_value': 154, 'change': 1}
2025-11-25 06:52:59,529 : INFO : EventManager : Event: ======'right_orbit_hit'====== Args={'profile': 'default', 'state': 'lit', 'advancing': False}
2025-11-25 06:52:59,529 : INFO : EventManager : Event: ======'right_orbit_default_hit'====== Args={'profile': 'default', 'state': 'lit', 'advancing': False}
2025-11-25 06:52:59,529 : INFO : EventManager : Event: ======'right_orbit_default_lit_hit'====== Args={'profile': 'default', 'state': 'lit', 'advancing': False}
2025-11-25 06:52:59,529 : INFO : EventManager : Event: ======'right_orbit_lit_hit'====== Args={'profile': 'default', 'state': 'lit', 'advancing': False}
2025-11-25 06:52:59,529 : INFO : EventManager : Event: ======'player_score'====== Args={'value': 30000, 'prev_value': 25000, 'change': 5000, 'player_num': 1, 'source': 'right_orbit'}
2025-11-25 06:52:59,596 : INFO : ball_device.bd_trough : State: failed_confirm
2025-11-25 06:52:59,597 : INFO : ball_device.bd_trough : Got timeout (10.0s) before confirm from <ball_device.bd_plunger>
2025-11-25 06:52:59,598 : INFO : ball_device.bd_plunger : Expecting incoming ball which may skip the device.
2025-11-25 06:52:59,598 : INFO : EventManager : Event: ======'balldevice_bd_plunger_ejecting_ball'====== Args={'balls': 1, 'target': <playfield.playfield>, 'source': <ball_device.bd_plunger>, 'mechanical_eject': False, 'num_attempts': 1}
2025-11-25 06:52:59,598 : INFO : ball_device.bd_trough : Got unknown balls. Assuming a ball returned.
2025-11-25 06:52:59,599 : INFO : EventManager : Event: ======'balldevice_bd_trough_ball_eject_failed'====== Args={'target': <ball_device.bd_plunger>, 'balls': 1, 'retry': True, 'num_attempts': 2}
2025-11-25 06:52:59,600 : INFO : EventManager : Event: ======'balldevice_bd_plunger_ball_eject_failed'====== Args={'target': <playfield.playfield>, 'balls': 1, 'retry': True, 'num_attempts': 1}
2025-11-25 06:52:59,600 : INFO : ball_device.bd_trough : State: waiting_for_target_ready
2025-11-25 06:52:59,600 : INFO : EventManager : Event: ======'balldevice_bd_trough_ball_eject_attempt'====== Args={'balls': 1, 'target': <ball_device.bd_plunger>, 'source': <ball_device.bd_trough>, 'mechanical_eject': False, 'num_attempts': 2}
2025-11-25 06:52:59,601 : INFO : ball_device.bd_plunger : No longer expecting incoming ball which may skip the device.
2025-11-25 06:52:59,601 : INFO : ball_device.bd_trough : State: ejecting
2025-11-25 06:52:59,601 : INFO : ball_device.bd_trough : Ejecting ball to <ball_device.bd_plunger>
2025-11-25 06:52:59,601 : INFO : EventManager : Event: ======'balldevice_bd_trough_ejecting_ball'====== Args={'balls': 1, 'target': <ball_device.bd_plunger>, 'source': <ball_device.bd_trough>, 'mechanical_eject': False, 'num_attempts': 2}
2025-11-25 06:52:59,602 : INFO : ball_device.bd_plunger : State: waiting_for_ball
2025-11-25 06:52:59,602 : INFO : ball_device.bd_trough : Wait for ball to leave device
2025-11-25 06:52:59,602 : INFO : coil.c_trough_eject : Pulsing Driver for 10ms (1.0 pulse_power)
2025-11-25 06:52:59,676 : INFO : SwitchController : <<<<<<< 's_right_orbit' inactive >>>>>>>
2025-11-25 06:52:59,894 : INFO : SwitchController : <<<<<<< 's_right_orbit' active >>>>>>>
2025-11-25 06:52:59,894 : INFO : EventManager : Event: ======'playfield_active'====== Args={'source': 'right_orbit'}
2025-11-25 06:52:59,895 : INFO : EventManager : Event: ======'unexpected_ball_on_playfield'====== Args={}
2025-11-25 06:52:59,895 : INFO : EventManager : Event: ======'s_right_orbit_active'====== Args={}
2025-11-25 06:52:59,895 : INFO : EventManager : Event: ======'machine_var_audits_switches_s_right_orbit'====== Args={'value': 170, 'prev_value': 169, 'change': 1}
2025-11-25 06:52:59,896 : INFO : EventManager : Event: ======'machine_var_audits_shots_right_orbit'====== Args={'value': 156, 'prev_value': 155, 'change': 1}
2025-11-25 06:52:59,896 : INFO : EventManager : Event: ======'right_orbit_hit'====== Args={'profile': 'default', 'state': 'lit', 'advancing': False}
2025-11-25 06:52:59,896 : INFO : EventManager : Event: ======'right_orbit_default_hit'====== Args={'profile': 'default', 'state': 'lit', 'advancing': False}
2025-11-25 06:52:59,896 : INFO : EventManager : Event: ======'right_orbit_default_lit_hit'====== Args={'profile': 'default', 'state': 'lit', 'advancing': False}
2025-11-25 06:52:59,896 : INFO : EventManager : Event: ======'right_orbit_lit_hit'====== Args={'profile': 'default', 'state': 'lit', 'advancing': False}
2025-11-25 06:52:59,896 : INFO : EventManager : Event: ======'player_score'====== Args={'value': 35000, 'prev_value': 30000, 'change': 5000, 'player_num': 1, 'source': 'right_orbit'}
2025-11-25 06:53:00,011 : INFO : SwitchController : <<<<<<< 's_right_orbit' inactive >>>>>>>
2025-11-25 06:53:00,310 : INFO : SwitchController : <<<<<<< 's_right_orbit' active >>>>>>>
2025-11-25 06:53:00,310 : INFO : EventManager : Event: ======'playfield_active'====== Args={'source': 'right_orbit'}
2025-11-25 06:53:00,310 : INFO : EventManager : Event: ======'unexpected_ball_on_playfield'====== Args={}
2025-11-25 06:53:00,310 : INFO : EventManager : Event: ======'s_right_orbit_active'====== Args={}
2025-11-25 06:53:00,311 : INFO : EventManager : Event: ======'machine_var_audits_switches_s_right_orbit'====== Args={'value': 171, 'prev_value': 170, 'change': 1}
2025-11-25 06:53:00,311 : INFO : EventManager : Event: ======'machine_var_audits_shots_right_orbit'====== Args={'value': 157, 'prev_value': 156, 'change': 1}
2025-11-25 06:53:00,312 : INFO : EventManager : Event: ======'right_orbit_hit'====== Args={'profile': 'default', 'state': 'lit', 'advancing': False}
2025-11-25 06:53:00,312 : INFO : EventManager : Event: ======'right_orbit_default_hit'====== Args={'profile': 'default', 'state': 'lit', 'advancing': False}
2025-11-25 06:53:00,312 : INFO : EventManager : Event: ======'right_orbit_default_lit_hit'====== Args={'profile': 'default', 'state': 'lit', 'advancing': False}
2025-11-25 06:53:00,312 : INFO : EventManager : Event: ======'right_orbit_lit_hit'====== Args={'profile': 'default', 'state': 'lit', 'advancing': False}
2025-11-25 06:53:00,312 : INFO : EventManager : Event: ======'player_score'====== Args={'value': 40000, 'prev_value': 35000, 'change': 5000, 'player_num': 1, 'source': 'right_orbit'}
2025-11-25 06:53:00,443 : INFO : SwitchController : <<<<<<< 's_right_orbit' inactive >>>>>>>
2025-11-25 06:53:02,460 : INFO : SwitchController : <<<<<<< 's_trough_3' inactive >>>>>>>
2025-11-25 06:53:02,461 : INFO : ball_device.bd_trough : State: ball_left
2025-11-25 06:53:02,461 : INFO : ball_device.bd_trough : Ball left
2025-11-25 06:53:02,461 : INFO : ball_device.bd_trough : Wait for confirm with timeout 10.0
2025-11-25 06:53:02,610 : INFO : SwitchController : <<<<<<< 's_plunger_lane' active >>>>>>>
2025-11-25 06:53:02,610 : INFO : EventManager : Event: ======'machine_var_audits_switches_s_plunger_lane'====== Args={'value': 83, 'prev_value': 82, 'change': 1}
2025-11-25 06:53:02,760 : INFO : SwitchController : <<<<<<< 's_plunger_lane' inactive >>>>>>>
2025-11-25 06:53:03,693 : INFO : SwitchController : <<<<<<< 's_trough_3' active >>>>>>>
2025-11-25 06:53:03,694 : INFO : EventManager : Event: ======'machine_var_audits_switches_s_trough_3'====== Args={'value': 40, 'prev_value': 39, 'change': 1}
2025-11-25 06:53:03,810 : INFO : SwitchController : <<<<<<< 's_plunger_lane' active >>>>>>>
2025-11-25 06:53:03,810 : INFO : EventManager : Event: ======'machine_var_audits_switches_s_plunger_lane'====== Args={'value': 84, 'prev_value': 83, 'change': 1}
2025-11-25 06:53:03,926 : INFO : SwitchController : <<<<<<< 's_plunger_lane' inactive >>>>>>>
2025-11-25 06:53:04,076 : INFO : SwitchController : <<<<<<< 's_trough_3' inactive >>>>>>>
2025-11-25 06:53:04,161 : INFO : SwitchController : <<<<<<< 's_plunger_lane' active >>>>>>>
2025-11-25 06:53:04,161 : INFO : EventManager : Event: ======'machine_var_audits_switches_s_plunger_lane'====== Args={'value': 85, 'prev_value': 84, 'change': 1}
2025-11-25 06:53:04,310 : INFO : SwitchController : <<<<<<< 's_plunger_lane' inactive >>>>>>>
2025-11-25 06:53:04,409 : INFO : SwitchController : <<<<<<< 's_trough_3' active >>>>>>>
2025-11-25 06:53:04,410 : INFO : EventManager : Event: ======'machine_var_audits_switches_s_trough_3'====== Args={'value': 41, 'prev_value': 40, 'change': 1}
2025-11-25 06:53:04,493 : INFO : SwitchController : <<<<<<< 's_plunger_lane' active >>>>>>>
2025-11-25 06:53:04,493 : INFO : EventManager : Event: ======'machine_var_audits_switches_s_plunger_lane'====== Args={'value': 86, 'prev_value': 85, 'change': 1}
2025-11-25 06:53:04,643 : INFO : SwitchController : <<<<<<< 's_plunger_lane' inactive >>>>>>>
2025-11-25 06:53:04,743 : INFO : SwitchController : <<<<<<< 's_trough_3' inactive >>>>>>>
2025-11-25 06:53:04,811 : INFO : SwitchController : <<<<<<< 's_plunger_lane' active >>>>>>>
2025-11-25 06:53:04,811 : INFO : EventManager : Event: ======'machine_var_audits_switches_s_plunger_lane'====== Args={'value': 87, 'prev_value': 86, 'change': 1}
2025-11-25 06:53:04,960 : INFO : SwitchController : <<<<<<< 's_plunger_lane' inactive >>>>>>>
2025-11-25 06:53:05,060 : INFO : SwitchController : <<<<<<< 's_trough_3' active >>>>>>>
2025-11-25 06:53:05,060 : INFO : EventManager : Event: ======'machine_var_audits_switches_s_trough_3'====== Args={'value': 42, 'prev_value': 41, 'change': 1}
2025-11-25 06:53:05,127 : INFO : SwitchController : <<<<<<< 's_plunger_lane' active >>>>>>>
2025-11-25 06:53:05,127 : INFO : EventManager : Event: ======'machine_var_audits_switches_s_plunger_lane'====== Args={'value': 88, 'prev_value': 87, 'change': 1}
2025-11-25 06:53:05,259 : INFO : SwitchController : <<<<<<< 's_plunger_lane' inactive >>>>>>>
2025-11-25 06:53:05,360 : INFO : SwitchController : <<<<<<< 's_trough_3' inactive >>>>>>>
2025-11-25 06:53:05,443 : INFO : SwitchController : <<<<<<< 's_plunger_lane' active >>>>>>>
2025-11-25 06:53:05,444 : INFO : EventManager : Event: ======'machine_var_audits_switches_s_plunger_lane'====== Args={'value': 89, 'prev_value': 88, 'change': 1}
2025-11-25 06:53:05,577 : INFO : SwitchController : <<<<<<< 's_plunger_lane' inactive >>>>>>>
2025-11-25 06:53:05,660 : INFO : SwitchController : <<<<<<< 's_trough_3' active >>>>>>>
2025-11-25 06:53:05,661 : INFO : EventManager : Event: ======'machine_var_audits_switches_s_trough_3'====== Args={'value': 43, 'prev_value': 42, 'change': 1}
2025-11-25 06:53:05,727 : INFO : SwitchController : <<<<<<< 's_plunger_lane' active >>>>>>>
2025-11-25 06:53:05,727 : INFO : EventManager : Event: ======'machine_var_audits_switches_s_plunger_lane'====== Args={'value': 90, 'prev_value': 89, 'change': 1}
2025-11-25 06:53:05,876 : INFO : SwitchController : <<<<<<< 's_plunger_lane' inactive >>>>>>>
2025-11-25 06:53:05,976 : INFO : SwitchController : <<<<<<< 's_trough_3' inactive >>>>>>>
2025-11-25 06:53:06,027 : INFO : SwitchController : <<<<<<< 's_plunger_lane' active >>>>>>>
2025-11-25 06:53:06,027 : INFO : EventManager : Event: ======'machine_var_audits_switches_s_plunger_lane'====== Args={'value': 91, 'prev_value': 90, 'change': 1}
2025-11-25 06:53:06,160 : INFO : SwitchController : <<<<<<< 's_plunger_lane' inactive >>>>>>>
2025-11-25 06:53:06,293 : INFO : SwitchController : <<<<<<< 's_trough_3' active >>>>>>>
2025-11-25 06:53:06,294 : INFO : EventManager : Event: ======'machine_var_audits_switches_s_trough_3'====== Args={'value': 44, 'prev_value': 43, 'change': 1}
2025-11-25 06:53:06,510 : INFO : SwitchController : <<<<<<< 's_trough_3' inactive >>>>>>>
2025-11-25 06:53:06,643 : INFO : SwitchController : <<<<<<< 's_plunger_lane' active >>>>>>>
2025-11-25 06:53:06,643 : INFO : EventManager : Event: ======'machine_var_audits_switches_s_plunger_lane'====== Args={'value': 92, 'prev_value': 91, 'change': 1}
2025-11-25 06:53:06,792 : INFO : SwitchController : <<<<<<< 's_plunger_lane' inactive >>>>>>>
2025-11-25 06:53:06,993 : INFO : SwitchController : <<<<<<< 's_trough_3' active >>>>>>>
2025-11-25 06:53:06,994 : INFO : EventManager : Event: ======'machine_var_audits_switches_s_trough_3'====== Args={'value': 45, 'prev_value': 44, 'change': 1}
2025-11-25 06:53:07,077 : INFO : SwitchController : <<<<<<< 's_plunger_lane' active >>>>>>>
2025-11-25 06:53:07,077 : INFO : EventManager : Event: ======'machine_var_audits_switches_s_plunger_lane'====== Args={'value': 93, 'prev_value': 92, 'change': 1}
2025-11-25 06:53:07,226 : INFO : SwitchController : <<<<<<< 's_plunger_lane' inactive >>>>>>>
2025-11-25 06:53:07,326 : INFO : SwitchController : <<<<<<< 's_trough_3' inactive >>>>>>>
2025-11-25 06:53:07,543 : INFO : SwitchController : <<<<<<< 's_plunger_lane' active >>>>>>>
2025-11-25 06:53:07,544 : INFO : EventManager : Event: ======'machine_var_audits_switches_s_plunger_lane'====== Args={'value': 94, 'prev_value': 93, 'change': 1}
2025-11-25 06:53:07,610 : INFO : SwitchController : <<<<<<< 's_plunger_lane' inactive >>>>>>>
2025-11-25 06:53:07,743 : INFO : SwitchController : <<<<<<< 's_trough_3' active >>>>>>>
2025-11-25 06:53:07,744 : INFO : EventManager : Event: ======'machine_var_audits_switches_s_trough_3'====== Args={'value': 46, 'prev_value': 45, 'change': 1}
2025-11-25 06:53:08,010 : INFO : SwitchController : <<<<<<< 's_plunger_lane' active >>>>>>>
2025-11-25 06:53:08,011 : INFO : EventManager : Event: ======'machine_var_audits_switches_s_plunger_lane'====== Args={'value': 95, 'prev_value': 94, 'change': 1}
2025-11-25 06:53:08,126 : INFO : SwitchController : <<<<<<< 's_plunger_lane' inactive >>>>>>>
2025-11-25 06:53:09,327 : INFO : SwitchController : <<<<<<< 's_trough_3' inactive >>>>>>>
2025-11-25 06:53:09,393 : INFO : SwitchController : <<<<<<< 's_trough_1' inactive >>>>>>>
2025-11-25 06:53:09,876 : INFO : SwitchController : <<<<<<< 's_trough_1' active >>>>>>>
2025-11-25 06:53:09,877 : INFO : EventManager : Event: ======'machine_var_audits_switches_s_trough_1'====== Args={'value': 3, 'prev_value': 2, 'change': 1}
2025-11-25 06:53:10,060 : INFO : SwitchController : <<<<<<< 's_trough_2' inactive >>>>>>>
2025-11-25 06:53:10,143 : INFO : SwitchController : <<<<<<< 's_trough_3' active >>>>>>>
2025-11-25 06:53:10,144 : INFO : EventManager : Event: ======'machine_var_audits_switches_s_trough_3'====== Args={'value': 47, 'prev_value': 46, 'change': 1}
2025-11-25 06:53:10,509 : INFO : SwitchController : <<<<<<< 's_trough_2' active >>>>>>>
2025-11-25 06:53:10,510 : INFO : EventManager : Event: ======'machine_var_audits_switches_s_trough_2'====== Args={'value': 5, 'prev_value': 4, 'change': 1}
2025-11-25 06:53:10,676 : INFO : SwitchController : <<<<<<< 's_trough_1' inactive >>>>>>>
2025-11-25 06:53:11,026 : INFO : SwitchController : <<<<<<< 's_trough_2' inactive >>>>>>>
2025-11-25 06:53:11,393 : INFO : SwitchController : <<<<<<< 's_trough_2' active >>>>>>>
2025-11-25 06:53:11,394 : INFO : EventManager : Event: ======'machine_var_audits_switches_s_trough_2'====== Args={'value': 6, 'prev_value': 5, 'change': 1}
2025-11-25 06:53:11,959 : INFO : SwitchController : <<<<<<< 's_trough_2' inactive >>>>>>>
2025-11-25 06:53:12,177 : INFO : SwitchController : <<<<<<< 's_trough_3' inactive >>>>>>>
2025-11-25 06:53:12,462 : INFO : ball_device.bd_trough : State: failed_confirm
2025-11-25 06:53:12,462 : INFO : ball_device.bd_trough : Got timeout (10.0s) before confirm from <ball_device.bd_plunger>
2025-11-25 06:53:12,463 : INFO : ball_device.bd_plunger : Expecting incoming ball which may skip the device.
2025-11-25 06:53:12,463 : INFO : EventManager : Event: ======'balldevice_bd_plunger_ejecting_ball'====== Args={'balls': 1, 'target': <playfield.playfield>, 'source': <ball_device.bd_plunger>, 'mechanical_eject': False, 'num_attempts': 1}
2025-11-25 06:53:12,493 : INFO : SwitchController : <<<<<<< 's_trough_1' active >>>>>>>
2025-11-25 06:53:12,494 : INFO : EventManager : Event: ======'machine_var_audits_switches_s_trough_1'====== Args={'value': 4, 'prev_value': 3, 'change': 1}
2025-11-25 06:53:12,494 : INFO : SwitchController : <<<<<<< 's_trough_2' active >>>>>>>
2025-11-25 06:53:12,495 : INFO : EventManager : Event: ======'machine_var_audits_switches_s_trough_2'====== Args={'value': 7, 'prev_value': 6, 'change': 1}
2025-11-25 06:53:13,276 : INFO : SwitchController : <<<<<<< 's_trough_3' active >>>>>>>
2025-11-25 06:53:13,277 : INFO : EventManager : Event: ======'machine_var_audits_switches_s_trough_3'====== Args={'value': 48, 'prev_value': 47, 'change': 1}
2025-11-25 06:53:13,777 : INFO : ball_device.bd_trough : Got unknown balls. Assuming a ball returned.
2025-11-25 06:53:13,778 : INFO : EventManager : Event: ======'balldevice_bd_trough_ball_eject_failed'====== Args={'target': <ball_device.bd_plunger>, 'balls': 1, 'retry': True, 'num_attempts': 3}
2025-11-25 06:53:13,779 : INFO : EventManager : Event: ======'balldevice_bd_plunger_ball_eject_failed'====== Args={'target': <playfield.playfield>, 'balls': 1, 'retry': True, 'num_attempts': 1}
2025-11-25 06:53:13,779 : INFO : ball_device.bd_plunger : No longer expecting incoming ball which may skip the device.
2025-11-25 06:53:13,780 : INFO : ball_device.bd_trough : State: waiting_for_target_ready
2025-11-25 06:53:13,780 : INFO : EventManager : Event: ======'balldevice_bd_trough_ball_eject_attempt'====== Args={'balls': 1, 'target': <ball_device.bd_plunger>, 'source': <ball_device.bd_trough>, 'mechanical_eject': False, 'num_attempts': 3}
2025-11-25 06:53:13,780 : INFO : ball_device.bd_trough : State: ejecting
2025-11-25 06:53:13,780 : INFO : ball_device.bd_trough : Ejecting ball to <ball_device.bd_plunger>
2025-11-25 06:53:13,780 : INFO : EventManager : Event: ======'balldevice_bd_trough_ejecting_ball'====== Args={'balls': 1, 'target': <ball_device.bd_plunger>, 'source': <ball_device.bd_trough>, 'mechanical_eject': False, 'num_attempts': 3}
2025-11-25 06:53:13,781 : INFO : ball_device.bd_plunger : State: waiting_for_ball
2025-11-25 06:53:13,782 : INFO : ball_device.bd_trough : Wait for ball to leave device
2025-11-25 06:53:13,782 : INFO : coil.c_trough_eject : Pulsing Driver for 10ms (1.0 pulse_power)
2025-11-25 06:53:16,050 : INFO : Machine : Shutting down...
2025-11-25 06:53:16,051 : INFO : EventManager : Event: ======'shutdown'====== Args={}
2025-11-25 06:53:16,056 : INFO : EventManager : Event: ======'mode_game_will_stop'====== Args={}
2025-11-25 06:53:16,056 : INFO : EventManager : Event: ======'mode_game_stopping'====== Args={}
2025-11-25 06:53:16,057 : INFO : EventManager : Event: ======'mode_right_orbit_will_stop'====== Args={}
2025-11-25 06:53:16,057 : INFO : EventManager : Event: ======'mode_right_orbit_stopping'====== Args={}
2025-11-25 06:53:16,057 : INFO : EventManager : Event: ======'mode_base_will_stop'====== Args={}
2025-11-25 06:53:16,057 : INFO : EventManager : Event: ======'mode_base_stopping'====== Args={}
2025-11-25 06:53:16,057 : INFO : EventManager : Event: ======'stop_mode_right_orbit'====== Args={'priority': 0}
2025-11-25 06:53:16,057 : INFO : Mode.base : Stopped.
2025-11-25 06:53:16,057 : INFO : EventManager : Event: ======'modes_active_modes_changed'====== Args={}
2025-11-25 06:53:16,058 : INFO : EventManager : Event: ======'mode_base_stopped'====== Args={}
2025-11-25 06:53:16,058 : INFO : EventManager : Event: ======'clear'====== Args={'key': 'base'}
2025-11-25 06:53:16,060 : INFO : Mode.right_orbit : Stopped.
2025-11-25 06:53:16,060 : INFO : EventManager : Event: ======'modes_active_modes_changed'====== Args={}
2025-11-25 06:53:16,060 : INFO : EventManager : Event: ======'mode_right_orbit_stopped'====== Args={}
2025-11-25 06:53:16,060 : INFO : EventManager : Event: ======'clear'====== Args={'key': 'right_orbit'}
2025-11-25 06:53:16,061 : INFO : Mode.game : Stopped.
2025-11-25 06:53:16,061 : INFO : EventManager : Event: ======'modes_active_modes_changed'====== Args={}
2025-11-25 06:53:16,061 : INFO : EventManager : Event: ======'mode_game_stopped'====== Args={}
2025-11-25 06:53:16,061 : INFO : EventManager : Event: ======'clear'====== Args={'key': 'game'}
2025-11-25 06:53:16,063 : INFO : root : MPF run loop ended.
