2025-11-28 19:11:55,652 : INFO : root : Loading config.
2025-11-28 19:11:55,655 : INFO : YamlMultifileConfigLoader : Machine config file #1: config.yaml
2025-11-28 19:11:55,655 : INFO : ConfigProcessor : Loading config from cache: /var/folders/k0/j_dpx55x4kndbs36pl2nt9l00000gn/T/92f7f295141fbdde09e201e7fd0f1349.mpf_cache
2025-11-28 19:11:55,681 : INFO : ConfigProcessor : Loading config from cache: /var/folders/k0/j_dpx55x4kndbs36pl2nt9l00000gn/T/7b77bdcd1da4c54cc720d492bab55a0d.mpf_cache
2025-11-28 19:11:55,681 : INFO : ConfigProcessor : Loading config from cache: /var/folders/k0/j_dpx55x4kndbs36pl2nt9l00000gn/T/501e18c1625d42f1ba9bf53b020c49c5.mpf_cache
2025-11-28 19:11:55,681 : INFO : ConfigProcessor : Loading config from cache: /var/folders/k0/j_dpx55x4kndbs36pl2nt9l00000gn/T/7b77bdcd1da4c54cc720d492bab55a0d.mpf_cache
2025-11-28 19:11:55,681 : INFO : ConfigProcessor : Loading config from cache: /var/folders/k0/j_dpx55x4kndbs36pl2nt9l00000gn/T/dda6f4da00898f9f0a4796a41d9a2ef0.mpf_cache
2025-11-28 19:11:55,681 : INFO : ConfigProcessor : Loading config from cache: /var/folders/k0/j_dpx55x4kndbs36pl2nt9l00000gn/T/522fc819f659907ecbd91e12554f307a.mpf_cache
2025-11-28 19:11:55,682 : INFO : ConfigProcessor : Loading config from cache: /var/folders/k0/j_dpx55x4kndbs36pl2nt9l00000gn/T/05e9cee2d62266bbcd3eb3df28f11ba0.mpf_cache
2025-11-28 19:11:55,682 : INFO : ConfigProcessor : Loading config from cache: /var/folders/k0/j_dpx55x4kndbs36pl2nt9l00000gn/T/a751b7622f38b4d73d2da25b66d734b1.mpf_cache
2025-11-28 19:11:55,682 : INFO : ConfigProcessor : Loading config from cache: /var/folders/k0/j_dpx55x4kndbs36pl2nt9l00000gn/T/515d12d22bfc89771946156b9f4733e7.mpf_cache
2025-11-28 19:11:55,682 : INFO : ConfigProcessor : Loading config from cache: /var/folders/k0/j_dpx55x4kndbs36pl2nt9l00000gn/T/3db5df4db04e3e0d951f803bb6fa84e6.mpf_cache
2025-11-28 19:11:55,683 : INFO : ConfigProcessor : Loading config from cache: /var/folders/k0/j_dpx55x4kndbs36pl2nt9l00000gn/T/3572cafb19834c572118c1dfbec55588.mpf_cache
2025-11-28 19:11:55,683 : INFO : ConfigProcessor : Loading config from cache: /var/folders/k0/j_dpx55x4kndbs36pl2nt9l00000gn/T/39b20d9bce0c2f44f75a85f57a0d45f4.mpf_cache
2025-11-28 19:11:55,683 : INFO : ConfigProcessor : Loading config from cache: /var/folders/k0/j_dpx55x4kndbs36pl2nt9l00000gn/T/189edcb2679eb1788c8ca3be3e29f2f1.mpf_cache
2025-11-28 19:11:55,683 : INFO : ConfigProcessor : Loading config from cache: /var/folders/k0/j_dpx55x4kndbs36pl2nt9l00000gn/T/f00019ffccce993d2850c9d82b9dc44e.mpf_cache
2025-11-28 19:11:55,684 : INFO : ConfigProcessor : Loading config from cache: /var/folders/k0/j_dpx55x4kndbs36pl2nt9l00000gn/T/14560612c17bb039b05632d29f192033.mpf_cache
2025-11-28 19:11:55,684 : INFO : ConfigProcessor : Loading config from cache: /var/folders/k0/j_dpx55x4kndbs36pl2nt9l00000gn/T/1b88d79160cc8850354d058f9a270569.mpf_cache
2025-11-28 19:11:55,684 : INFO : ConfigProcessor : Loading config from cache: /var/folders/k0/j_dpx55x4kndbs36pl2nt9l00000gn/T/db143814423fb474166c86cac053d40c.mpf_cache
2025-11-28 19:11:55,684 : INFO : ConfigProcessor : Loading config from cache: /var/folders/k0/j_dpx55x4kndbs36pl2nt9l00000gn/T/77ecd758607ea296c19f456a8642983d.mpf_cache
2025-11-28 19:11:55,684 : INFO : ConfigProcessor : Loading config from cache: /var/folders/k0/j_dpx55x4kndbs36pl2nt9l00000gn/T/7c3641fae2b7003d26f031771405f733.mpf_cache
2025-11-28 19:11:55,684 : INFO : Machine : Mission Pinball Framework Core Engine v0.80.0.dev11
2025-11-28 19:11:55,684 : INFO : Machine : Command line arguments: {'no_load_cache': False, 'create_config_cache': True, 'bcp': True, 'configfile': ['config.yaml'], 'force_assets_load': False, 'platform_integration_test': False, 'jsonlogging': False, 'logfile': 'logs/2025-11-28-19-11-55-mpf-Mac.lan.log', 'pause': False, 'production': False, 'text_ui': True, 'loglevel': 15, 'consoleloglevel': 20, 'force_platform': 'smart_virtual', 'syslog_address': None, 'full_logfile_path': '/Users/samhughes/Desktop/Hollow-Knight-Pinball/logs/2025-11-28-19-11-55-mpf-Mac.lan.log'}
2025-11-28 19:11:55,684 : INFO : Machine : MPF path: /Users/samhughes/mpf/lib/python3.13/site-packages/mpf
2025-11-28 19:11:55,684 : INFO : Machine : Machine path: /Users/samhughes/Desktop/Hollow-Knight-Pinball
2025-11-28 19:11:55,684 : INFO : Machine : Platform: darwin
2025-11-28 19:11:55,684 : INFO : Machine : Python executable location: /Users/samhughes/mpf/bin/python3.13
2025-11-28 19:11:55,684 : INFO : Machine : Python version: 3.13.2 (64-bit)
2025-11-28 19:11:55,685 : INFO : Machine : Initializing MPF...
2025-11-28 19:11:55,713 : INFO : EventManager : Event: ======'machine_var_credits_string'====== Args={'value': 'FREE PLAY', 'prev_value': None, 'change': True}
2025-11-28 19:11:55,719 : INFO : EventManager : Event: ======'machine_var_master_volume'====== Args={'value': 0.5, 'prev_value': None, 'change': True}
2025-11-28 19:11:55,719 : INFO : EventManager : Event: ======'machine_var_player1_score'====== Args={'value': 81940, 'prev_value': None, 'change': True}
2025-11-28 19:11:55,719 : INFO : EventManager : Event: ======'machine_var_mpf_version'====== Args={'value': 'Mission Pinball Framework v0.80.0.dev11', 'prev_value': None, 'change': True}
2025-11-28 19:11:55,719 : INFO : EventManager : Event: ======'machine_var_mpf_extended_version'====== Args={'value': 'Mission Pinball Framework v0.80.0.dev11, Config version:6, Show version: 6, BCP version:1.1', 'prev_value': None, 'change': True}
2025-11-28 19:11:55,719 : INFO : EventManager : Event: ======'machine_var_python_version'====== Args={'value': '3.13.2', 'prev_value': None, 'change': True}
2025-11-28 19:11:55,726 : INFO : EventManager : Event: ======'machine_var_platform'====== Args={'value': 'macOS-15.6.1-arm64-arm-64bit-Mach-O', 'prev_value': None, 'change': True}
2025-11-28 19:11:55,727 : INFO : EventManager : Event: ======'machine_var_platform_system'====== Args={'value': 'Darwin', 'prev_value': None, 'change': True}
2025-11-28 19:11:55,727 : INFO : EventManager : Event: ======'machine_var_platform_release'====== Args={'value': '24.6.0', 'prev_value': None, 'change': True}
2025-11-28 19:11:55,727 : INFO : EventManager : Event: ======'machine_var_platform_version'====== Args={'value': 'Darwin Kernel Version 24.6.0: Mon Jul 14 11:29:54 PDT 2025; root:xnu-11417.140.69~1/RELEASE_ARM64_T8122', 'prev_value': None, 'change': True}
2025-11-28 19:11:55,727 : INFO : EventManager : Event: ======'machine_var_platform_machine'====== Args={'value': 'arm64', 'prev_value': None, 'change': True}
2025-11-28 19:11:55,727 : INFO : EventManager : Event: ======'machine_var_log_file_path'====== Args={'value': '/Users/samhughes/Desktop/Hollow-Knight-Pinball/logs/2025-11-28-19-11-55-mpf-Mac.lan.log', 'prev_value': None, 'change': True}
2025-11-28 19:11:55,727 : INFO : EventManager : Event: ======'init_phase_1'====== Args={}
2025-11-28 19:11:55,734 : INFO : EventManager : Event: ======'init_phase_2'====== Args={}
2025-11-28 19:11:55,735 : INFO : SwitchController : Found active switch: (1002, <Platform.SmartVirtual>) <switch.s_trough_1>
2025-11-28 19:11:55,735 : INFO : SwitchController : Found active switch: (1003, <Platform.SmartVirtual>) <switch.s_trough_2>
2025-11-28 19:11:55,735 : INFO : SwitchController : Found active switch: (1004, <Platform.SmartVirtual>) <switch.s_trough_3>
2025-11-28 19:11:55,736 : INFO : EventManager : Event: ======'bcp_connection_attempt'====== Args={'name': 'local_display', 'host': 'localhost', 'port': 5050}
2025-11-28 19:11:55,737 : INFO : BCPClientSocket : Connecting BCP to 'local_display' at localhost:5050...
2025-11-28 19:11:55,740 : INFO : BCPClientSocket : Connected BCP to 'local_display' localhost:5050
2025-11-28 19:11:55,740 : INFO : EventManager : Event: ======'bcp_clients_connected'====== Args={}
2025-11-28 19:11:55,740 : INFO : ball_device.bd_trough : BCH: Initial count: 3
2025-11-28 19:11:55,740 : INFO : ball_device.bd_trough : State: idle
2025-11-28 19:11:55,740 : INFO : ball_device.bd_plunger : BCH: Initial count: 0
2025-11-28 19:11:55,740 : INFO : ball_device.bd_plunger : State: idle
2025-11-28 19:11:55,747 : INFO : EventManager : Event: ======'init_phase_3'====== Args={}
2025-11-28 19:11:55,749 : INFO : EventManager : Event: ======'init_phase_4'====== Args={}
2025-11-28 19:11:55,749 : INFO : BallController : Initial balls found: 3
2025-11-28 19:11:55,749 : INFO : EventManager : Event: ======'machine_var_audits_events_game_ended'====== Args={'value': 6, 'prev_value': None, 'change': True}
2025-11-28 19:11:55,749 : INFO : EventManager : Event: ======'machine_var_audits_events_game_started'====== Args={'value': 126, 'prev_value': None, 'change': True}
2025-11-28 19:11:55,749 : INFO : EventManager : Event: ======'machine_var_audits_missing_switches_s_back_left_target'====== Args={'value': 88, 'prev_value': None, 'change': True}
2025-11-28 19:11:55,749 : INFO : EventManager : Event: ======'machine_var_audits_missing_switches_s_back_middle_left_target'====== Args={'value': 88, 'prev_value': None, 'change': True}
2025-11-28 19:11:55,749 : INFO : EventManager : Event: ======'machine_var_audits_missing_switches_s_back_middle_right_target'====== Args={'value': 87, 'prev_value': None, 'change': True}
2025-11-28 19:11:55,749 : INFO : EventManager : Event: ======'machine_var_audits_missing_switches_s_back_right_target'====== Args={'value': 88, 'prev_value': None, 'change': True}
2025-11-28 19:11:55,749 : INFO : EventManager : Event: ======'machine_var_audits_missing_switches_s_bottom_left_slingshot'====== Args={'value': 83, 'prev_value': None, 'change': True}
2025-11-28 19:11:55,749 : INFO : EventManager : Event: ======'machine_var_audits_missing_switches_s_bottom_right_slingshot'====== Args={'value': 85, 'prev_value': None, 'change': True}
2025-11-28 19:11:55,749 : INFO : EventManager : Event: ======'machine_var_audits_missing_switches_s_front_left_target'====== Args={'value': 95, 'prev_value': None, 'change': True}
2025-11-28 19:11:55,749 : INFO : EventManager : Event: ======'machine_var_audits_missing_switches_s_front_middle_target'====== Args={'value': 87, 'prev_value': None, 'change': True}
2025-11-28 19:11:55,749 : INFO : EventManager : Event: ======'machine_var_audits_missing_switches_s_front_right_target'====== Args={'value': 95, 'prev_value': None, 'change': True}
2025-11-28 19:11:55,749 : INFO : EventManager : Event: ======'machine_var_audits_missing_switches_s_lane_to_pop'====== Args={'value': 25, 'prev_value': None, 'change': True}
2025-11-28 19:11:55,749 : INFO : EventManager : Event: ======'machine_var_audits_missing_switches_s_left_flipper'====== Args={'value': 62, 'prev_value': None, 'change': True}
2025-11-28 19:11:55,749 : INFO : EventManager : Event: ======'machine_var_audits_missing_switches_s_left_inlane'====== Args={'value': 83, 'prev_value': None, 'change': True}
2025-11-28 19:11:55,749 : INFO : EventManager : Event: ======'machine_var_audits_missing_switches_s_left_orbit'====== Args={'value': 33, 'prev_value': None, 'change': True}
2025-11-28 19:11:55,749 : INFO : EventManager : Event: ======'machine_var_audits_missing_switches_s_left_outlane'====== Args={'value': 95, 'prev_value': None, 'change': True}
2025-11-28 19:11:55,749 : INFO : EventManager : Event: ======'machine_var_audits_missing_switches_s_pop_bumper'====== Args={'value': 83, 'prev_value': None, 'change': True}
2025-11-28 19:11:55,749 : INFO : EventManager : Event: ======'machine_var_audits_missing_switches_s_right_flipper'====== Args={'value': 62, 'prev_value': None, 'change': True}
2025-11-28 19:11:55,749 : INFO : EventManager : Event: ======'machine_var_audits_missing_switches_s_right_inlane'====== Args={'value': 47, 'prev_value': None, 'change': True}
2025-11-28 19:11:55,749 : INFO : EventManager : Event: ======'machine_var_audits_missing_switches_s_right_orbit'====== Args={'value': 1, 'prev_value': None, 'change': True}
2025-11-28 19:11:55,749 : INFO : EventManager : Event: ======'machine_var_audits_missing_switches_s_right_outlane'====== Args={'value': 95, 'prev_value': None, 'change': True}
2025-11-28 19:11:55,749 : INFO : EventManager : Event: ======'machine_var_audits_missing_switches_s_saucer'====== Args={'value': 60, 'prev_value': None, 'change': True}
2025-11-28 19:11:55,749 : INFO : EventManager : Event: ======'machine_var_audits_missing_switches_s_start'====== Args={'value': 75, 'prev_value': None, 'change': True}
2025-11-28 19:11:55,749 : INFO : EventManager : Event: ======'machine_var_audits_missing_switches_s_top_left_slingshot'====== Args={'value': 81, 'prev_value': None, 'change': True}
2025-11-28 19:11:55,749 : INFO : EventManager : Event: ======'machine_var_audits_missing_switches_s_top_right_slingshot'====== Args={'value': 83, 'prev_value': None, 'change': True}
2025-11-28 19:11:55,749 : INFO : EventManager : Event: ======'machine_var_audits_missing_switches_s_trough_1'====== Args={'value': 89, 'prev_value': None, 'change': True}
2025-11-28 19:11:55,749 : INFO : EventManager : Event: ======'machine_var_audits_missing_switches_s_trough_2'====== Args={'value': 113, 'prev_value': None, 'change': True}
2025-11-28 19:11:55,749 : INFO : EventManager : Event: ======'machine_var_audits_missing_switches_s_trough_3'====== Args={'value': 111, 'prev_value': None, 'change': True}
2025-11-28 19:11:55,749 : INFO : EventManager : Event: ======'machine_var_audits_player_score'====== Args={'value': {'average': 36284, 'top': [173500, 81940, 45000, 15000, 15000, 15000, 15000, 15000, 15000, 15000], 'total': 12}, 'prev_value': None, 'change': True}
2025-11-28 19:11:55,749 : INFO : EventManager : Event: ======'machine_var_audits_shots_back_left_target'====== Args={'value': 6, 'prev_value': None, 'change': True}
2025-11-28 19:11:55,749 : INFO : EventManager : Event: ======'machine_var_audits_shots_back_middle_right_target'====== Args={'value': 4, 'prev_value': None, 'change': True}
2025-11-28 19:11:55,749 : INFO : EventManager : Event: ======'machine_var_audits_shots_back_right_target'====== Args={'value': 2, 'prev_value': None, 'change': True}
2025-11-28 19:11:55,749 : INFO : EventManager : Event: ======'machine_var_audits_shots_bakc_middle_left_target'====== Args={'value': 3, 'prev_value': None, 'change': True}
2025-11-28 19:11:55,749 : INFO : EventManager : Event: ======'machine_var_audits_shots_bottom_left_slingshot'====== Args={'value': 1, 'prev_value': None, 'change': True}
2025-11-28 19:11:55,749 : INFO : EventManager : Event: ======'machine_var_audits_shots_front_left_target'====== Args={'value': 6, 'prev_value': None, 'change': True}
2025-11-28 19:11:55,749 : INFO : EventManager : Event: ======'machine_var_audits_shots_front_middle_target'====== Args={'value': 7, 'prev_value': None, 'change': True}
2025-11-28 19:11:55,749 : INFO : EventManager : Event: ======'machine_var_audits_shots_front_right_target'====== Args={'value': 6, 'prev_value': None, 'change': True}
2025-11-28 19:11:55,749 : INFO : EventManager : Event: ======'machine_var_audits_shots_lane_to_pop'====== Args={'value': 89, 'prev_value': None, 'change': True}
2025-11-28 19:11:55,749 : INFO : EventManager : Event: ======'machine_var_audits_shots_left_inlane'====== Args={'value': 7, 'prev_value': None, 'change': True}
2025-11-28 19:11:55,749 : INFO : EventManager : Event: ======'machine_var_audits_shots_left_orbit'====== Args={'value': 117, 'prev_value': None, 'change': True}
2025-11-28 19:11:55,749 : INFO : EventManager : Event: ======'machine_var_audits_shots_left_orbit_travel_dirtmouth_to_frogotten_crossroads'====== Args={'value': 31, 'prev_value': None, 'change': True}
2025-11-28 19:11:55,750 : INFO : EventManager : Event: ======'machine_var_audits_shots_left_outlane'====== Args={'value': 5, 'prev_value': None, 'change': True}
2025-11-28 19:11:55,750 : INFO : EventManager : Event: ======'machine_var_audits_shots_pop_bumper'====== Args={'value': 23, 'prev_value': None, 'change': True}
2025-11-28 19:11:55,750 : INFO : EventManager : Event: ======'machine_var_audits_shots_ramp'====== Args={'value': 77, 'prev_value': None, 'change': True}
2025-11-28 19:11:55,750 : INFO : EventManager : Event: ======'machine_var_audits_shots_ramp_travel_dirtmouth_to_frogotten_crossroads'====== Args={'value': 7, 'prev_value': None, 'change': True}
2025-11-28 19:11:55,750 : INFO : EventManager : Event: ======'machine_var_audits_shots_right_inlane'====== Args={'value': 14, 'prev_value': None, 'change': True}
2025-11-28 19:11:55,750 : INFO : EventManager : Event: ======'machine_var_audits_shots_right_orbit'====== Args={'value': 257, 'prev_value': None, 'change': True}
2025-11-28 19:11:55,750 : INFO : EventManager : Event: ======'machine_var_audits_shots_right_orbit_travel_dirtmouth_to_frogotten_crossroads'====== Args={'value': 38, 'prev_value': None, 'change': True}
2025-11-28 19:11:55,750 : INFO : EventManager : Event: ======'machine_var_audits_shots_right_outlane'====== Args={'value': 12, 'prev_value': None, 'change': True}
2025-11-28 19:11:55,750 : INFO : EventManager : Event: ======'machine_var_audits_shots_saucer'====== Args={'value': 31, 'prev_value': None, 'change': True}
2025-11-28 19:11:55,750 : INFO : EventManager : Event: ======'machine_var_audits_shots_saucer_dirtmouth'====== Args={'value': 16, 'prev_value': None, 'change': True}
2025-11-28 19:11:55,750 : INFO : EventManager : Event: ======'machine_var_audits_shots_top_left_slingshot'====== Args={'value': 1, 'prev_value': None, 'change': True}
2025-11-28 19:11:55,750 : INFO : EventManager : Event: ======'machine_var_audits_shots_top_right_slingshot'====== Args={'value': 6, 'prev_value': None, 'change': True}
2025-11-28 19:11:55,750 : INFO : EventManager : Event: ======'machine_var_audits_shots_vuk'====== Args={'value': 224, 'prev_value': None, 'change': True}
2025-11-28 19:11:55,750 : INFO : EventManager : Event: ======'machine_var_audits_shots_vuk_dirtmouth'====== Args={'value': 144, 'prev_value': None, 'change': True}
2025-11-28 19:11:55,750 : INFO : EventManager : Event: ======'machine_var_audits_switches_s_back_left_target'====== Args={'value': 6, 'prev_value': None, 'change': True}
2025-11-28 19:11:55,750 : INFO : EventManager : Event: ======'machine_var_audits_switches_s_back_middle_left_target'====== Args={'value': 4, 'prev_value': None, 'change': True}
2025-11-28 19:11:55,750 : INFO : EventManager : Event: ======'machine_var_audits_switches_s_back_middle_right_target'====== Args={'value': 5, 'prev_value': None, 'change': True}
2025-11-28 19:11:55,750 : INFO : EventManager : Event: ======'machine_var_audits_switches_s_back_right_target'====== Args={'value': 3, 'prev_value': None, 'change': True}
2025-11-28 19:11:55,750 : INFO : EventManager : Event: ======'machine_var_audits_switches_s_bottom_left_slingshot'====== Args={'value': 27, 'prev_value': None, 'change': True}
2025-11-28 19:11:55,750 : INFO : EventManager : Event: ======'machine_var_audits_switches_s_bottom_right_slingshot'====== Args={'value': 26, 'prev_value': None, 'change': True}
2025-11-28 19:11:55,750 : INFO : EventManager : Event: ======'machine_var_audits_switches_s_front_left_target'====== Args={'value': 6, 'prev_value': None, 'change': True}
2025-11-28 19:11:55,750 : INFO : EventManager : Event: ======'machine_var_audits_switches_s_front_middle_target'====== Args={'value': 8, 'prev_value': None, 'change': True}
2025-11-28 19:11:55,750 : INFO : EventManager : Event: ======'machine_var_audits_switches_s_front_right_target'====== Args={'value': 7, 'prev_value': None, 'change': True}
2025-11-28 19:11:55,750 : INFO : EventManager : Event: ======'machine_var_audits_switches_s_lane_to_pop'====== Args={'value': 91, 'prev_value': None, 'change': True}
2025-11-28 19:11:55,750 : INFO : EventManager : Event: ======'machine_var_audits_switches_s_left_flipper'====== Args={'value': 1, 'prev_value': None, 'change': True}
2025-11-28 19:11:55,750 : INFO : EventManager : Event: ======'machine_var_audits_switches_s_left_inlane'====== Args={'value': 8, 'prev_value': None, 'change': True}
2025-11-28 19:11:55,750 : INFO : EventManager : Event: ======'machine_var_audits_switches_s_left_orbit'====== Args={'value': 119, 'prev_value': None, 'change': True}
2025-11-28 19:11:55,750 : INFO : EventManager : Event: ======'machine_var_audits_switches_s_left_outlane'====== Args={'value': 6, 'prev_value': None, 'change': True}
2025-11-28 19:11:55,750 : INFO : EventManager : Event: ======'machine_var_audits_switches_s_plunger_lane'====== Args={'value': 303, 'prev_value': None, 'change': True}
2025-11-28 19:11:55,750 : INFO : EventManager : Event: ======'machine_var_audits_switches_s_pop_bumper'====== Args={'value': 23, 'prev_value': None, 'change': True}
2025-11-28 19:11:55,750 : INFO : EventManager : Event: ======'machine_var_audits_switches_s_ramp'====== Args={'value': 79, 'prev_value': None, 'change': True}
2025-11-28 19:11:55,750 : INFO : EventManager : Event: ======'machine_var_audits_switches_s_right_flipper'====== Args={'value': 5, 'prev_value': None, 'change': True}
2025-11-28 19:11:55,750 : INFO : EventManager : Event: ======'machine_var_audits_switches_s_right_inlane'====== Args={'value': 15, 'prev_value': None, 'change': True}
2025-11-28 19:11:55,750 : INFO : EventManager : Event: ======'machine_var_audits_switches_s_right_orbit'====== Args={'value': 291, 'prev_value': None, 'change': True}
2025-11-28 19:11:55,750 : INFO : EventManager : Event: ======'machine_var_audits_switches_s_right_outlane'====== Args={'value': 13, 'prev_value': None, 'change': True}
2025-11-28 19:11:55,750 : INFO : EventManager : Event: ======'machine_var_audits_switches_s_saucer'====== Args={'value': 38, 'prev_value': None, 'change': True}
2025-11-28 19:11:55,750 : INFO : EventManager : Event: ======'machine_var_audits_switches_s_start'====== Args={'value': 43, 'prev_value': None, 'change': True}
2025-11-28 19:11:55,750 : INFO : EventManager : Event: ======'machine_var_audits_switches_s_top_left_slingshot'====== Args={'value': 22, 'prev_value': None, 'change': True}
2025-11-28 19:11:55,750 : INFO : EventManager : Event: ======'machine_var_audits_switches_s_top_right_slingshot'====== Args={'value': 25, 'prev_value': None, 'change': True}
2025-11-28 19:11:55,750 : INFO : EventManager : Event: ======'machine_var_audits_switches_s_trough_1'====== Args={'value': 68, 'prev_value': None, 'change': True}
2025-11-28 19:11:55,750 : INFO : EventManager : Event: ======'machine_var_audits_switches_s_trough_2'====== Args={'value': 9, 'prev_value': None, 'change': True}
2025-11-28 19:11:55,750 : INFO : EventManager : Event: ======'machine_var_audits_switches_s_trough_3'====== Args={'value': 52, 'prev_value': None, 'change': True}
2025-11-28 19:11:55,750 : INFO : EventManager : Event: ======'machine_var_audits_switches_s_vuk'====== Args={'value': 244, 'prev_value': None, 'change': True}
2025-11-28 19:11:55,750 : INFO : EventManager : Event: ======'init_phase_5'====== Args={}
2025-11-28 19:11:55,750 : INFO : EventManager : Event: ======'init_done'====== Args={}
2025-11-28 19:11:55,751 : INFO : EventManager : Event: ======'machine_reset_phase_1'====== Args={}
2025-11-28 19:11:55,787 : INFO : EventManager : Event: ======'machine_reset_phase_2'====== Args={}
2025-11-28 19:11:55,787 : INFO : EventManager : Event: ======'machine_reset_phase_3'====== Args={}
2025-11-28 19:11:55,787 : INFO : EventManager : Event: ======'reset_complete'====== Args={}
2025-11-28 19:11:55,787 : INFO : EventManager : Event: ======'mode_attract_will_start'====== Args={}
2025-11-28 19:11:55,787 : INFO : Timer.attract_carousel_timer : Starting Timer.
2025-11-28 19:11:55,787 : INFO : EventManager : Event: ======'timer_attract_carousel_timer_started'====== Args={'ticks': 0, 'ticks_remaining': 1}
2025-11-28 19:11:55,787 : INFO : EventManager : Event: ======'timer_attract_carousel_timer_tick'====== Args={'ticks': 0, 'ticks_remaining': 1}
2025-11-28 19:11:55,788 : INFO : EventManager : Event: ======'mode_attract_starting'====== Args={}
2025-11-28 19:11:55,788 : INFO : Mode.attract : Started. Priority: 10
2025-11-28 19:11:55,788 : INFO : EventManager : Event: ======'modes_active_modes_changed'====== Args={}
2025-11-28 19:11:55,788 : INFO : EventManager : Event: ======'mode_attract_started'====== Args={}
2025-11-28 19:11:55,788 : INFO : EventManager : Event: ======'collecting_balls_complete'====== Args={}
2025-11-28 19:11:55,788 : INFO : EventManager : Event: ======'carousel_item_highlighted'====== Args={'carousel': 'attract', 'direction': None, 'item': 'title'}
2025-11-28 19:11:55,788 : INFO : Machine : Starting the main run loop with active modes: [<Mode.attract>]
2025-11-28 19:11:55,964 : INFO : EventManager : Event: ======'slide_attract_created'====== Args={'_from_bcp': True}
2025-11-28 19:11:55,965 : INFO : EventManager : Event: ======'slide__removed'====== Args={'_from_bcp': True}
2025-11-28 19:11:55,965 : INFO : EventManager : Event: ======'slide_attract_active'====== Args={'original_context': 'attract', 'original_calling_context': 'mode_attract_started', 'priority': 10.0, 'cmd': 'slides_play', '_from_bcp': True}
2025-11-28 19:11:56,995 : INFO : SwitchController : <<<<<<< 's_right_flipper' active >>>>>>>
2025-11-28 19:11:56,995 : INFO : EventManager : Event: ======'s_right_flipper_active'====== Args={}
2025-11-28 19:11:56,996 : INFO : EventManager : Event: ======'carousel_item_highlighted'====== Args={'carousel': 'attract', 'direction': 'forwards', 'item': 'map'}
2025-11-28 19:11:57,095 : INFO : SwitchController : <<<<<<< 's_right_flipper' inactive >>>>>>>
2025-11-28 19:11:57,345 : INFO : SwitchController : <<<<<<< 's_right_flipper' active >>>>>>>
2025-11-28 19:11:57,345 : INFO : EventManager : Event: ======'s_right_flipper_active'====== Args={}
2025-11-28 19:11:57,346 : INFO : EventManager : Event: ======'carousel_item_highlighted'====== Args={'carousel': 'attract', 'direction': 'forwards', 'item': 'credits'}
2025-11-28 19:11:57,479 : INFO : SwitchController : <<<<<<< 's_right_flipper' inactive >>>>>>>
2025-11-28 19:11:57,845 : INFO : SwitchController : <<<<<<< 's_right_flipper' active >>>>>>>
2025-11-28 19:11:57,845 : INFO : EventManager : Event: ======'s_right_flipper_active'====== Args={}
2025-11-28 19:11:57,846 : INFO : EventManager : Event: ======'carousel_item_highlighted'====== Args={'carousel': 'attract', 'direction': 'forwards', 'item': 'mpf_and_cobrapin_logo'}
2025-11-28 19:11:57,962 : INFO : SwitchController : <<<<<<< 's_right_flipper' inactive >>>>>>>
2025-11-28 19:11:58,261 : INFO : SwitchController : <<<<<<< 's_right_flipper' active >>>>>>>
2025-11-28 19:11:58,262 : INFO : EventManager : Event: ======'s_right_flipper_active'====== Args={}
2025-11-28 19:11:58,263 : INFO : EventManager : Event: ======'carousel_item_highlighted'====== Args={'carousel': 'attract', 'direction': 'forwards', 'item': 'team_cherry'}
2025-11-28 19:11:58,411 : INFO : SwitchController : <<<<<<< 's_right_flipper' inactive >>>>>>>
2025-11-28 19:11:58,712 : INFO : SwitchController : <<<<<<< 's_right_flipper' active >>>>>>>
2025-11-28 19:11:58,712 : INFO : EventManager : Event: ======'s_right_flipper_active'====== Args={}
2025-11-28 19:11:58,712 : INFO : EventManager : Event: ======'carousel_item_highlighted'====== Args={'carousel': 'attract', 'direction': 'forwards', 'item': 'last_scores_1p'}
2025-11-28 19:11:58,862 : INFO : SwitchController : <<<<<<< 's_right_flipper' inactive >>>>>>>
2025-11-28 19:11:59,112 : INFO : SwitchController : <<<<<<< 's_right_flipper' active >>>>>>>
2025-11-28 19:11:59,113 : INFO : EventManager : Event: ======'s_right_flipper_active'====== Args={}
2025-11-28 19:11:59,113 : INFO : EventManager : Event: ======'carousel_item_highlighted'====== Args={'carousel': 'attract', 'direction': 'forwards', 'item': 'tutorial_slash'}
2025-11-28 19:11:59,246 : INFO : SwitchController : <<<<<<< 's_right_flipper' inactive >>>>>>>
2025-11-28 19:12:01,032 : INFO : SwitchController : <<<<<<< 's_right_flipper' active >>>>>>>
2025-11-28 19:12:01,033 : INFO : EventManager : Event: ======'s_right_flipper_active'====== Args={}
2025-11-28 19:12:01,033 : INFO : EventManager : Event: ======'carousel_item_highlighted'====== Args={'carousel': 'attract', 'direction': 'forwards', 'item': 'tutorial_damage'}
2025-11-28 19:12:01,111 : INFO : SwitchController : <<<<<<< 's_right_flipper' inactive >>>>>>>
2025-11-28 19:12:03,062 : INFO : SwitchController : <<<<<<< 's_right_flipper' active >>>>>>>
2025-11-28 19:12:03,062 : INFO : EventManager : Event: ======'s_right_flipper_active'====== Args={}
2025-11-28 19:12:03,063 : INFO : EventManager : Event: ======'carousel_item_highlighted'====== Args={'carousel': 'attract', 'direction': 'forwards', 'item': 'tutorial_dodge'}
2025-11-28 19:12:03,145 : INFO : SwitchController : <<<<<<< 's_right_flipper' inactive >>>>>>>
2025-11-28 19:12:03,278 : INFO : SwitchController : <<<<<<< 's_right_flipper' active >>>>>>>
2025-11-28 19:12:03,279 : INFO : EventManager : Event: ======'s_right_flipper_active'====== Args={}
2025-11-28 19:12:03,279 : INFO : EventManager : Event: ======'carousel_item_highlighted'====== Args={'carousel': 'attract', 'direction': 'forwards', 'item': 'tutorial_heal'}
2025-11-28 19:12:03,288 : INFO : Timer.attract_carousel_timer : Timer Complete
2025-11-28 19:12:03,288 : INFO : Timer.attract_carousel_timer : Stopping Timer
2025-11-28 19:12:03,289 : INFO : EventManager : Event: ======'timer_attract_carousel_timer_stopped'====== Args={'ticks': 1, 'ticks_remaining': 1}
2025-11-28 19:12:03,289 : INFO : EventManager : Event: ======'timer_attract_carousel_timer_complete'====== Args={'ticks': 1, 'ticks_remaining': 1}
2025-11-28 19:12:03,289 : INFO : EventManager : Event: ======'carousel_item_highlighted'====== Args={'carousel': 'attract', 'direction': 'forwards', 'item': 'title'}
2025-11-28 19:12:03,289 : INFO : Timer.attract_carousel_timer : Starting Timer.
2025-11-28 19:12:03,289 : INFO : EventManager : Event: ======'timer_attract_carousel_timer_started'====== Args={'ticks': 0, 'ticks_remaining': 1}
2025-11-28 19:12:03,289 : INFO : EventManager : Event: ======'timer_attract_carousel_timer_tick'====== Args={'ticks': 0, 'ticks_remaining': 1}
2025-11-28 19:12:03,345 : INFO : SwitchController : <<<<<<< 's_right_flipper' inactive >>>>>>>
2025-11-28 19:12:03,462 : INFO : SwitchController : <<<<<<< 's_right_flipper' active >>>>>>>
2025-11-28 19:12:03,462 : INFO : EventManager : Event: ======'s_right_flipper_active'====== Args={}
2025-11-28 19:12:03,463 : INFO : EventManager : Event: ======'carousel_item_highlighted'====== Args={'carousel': 'attract', 'direction': 'forwards', 'item': 'map'}
2025-11-28 19:12:03,545 : INFO : SwitchController : <<<<<<< 's_right_flipper' inactive >>>>>>>
2025-11-28 19:12:03,711 : INFO : SwitchController : <<<<<<< 's_left_flipper' active >>>>>>>
2025-11-28 19:12:03,712 : INFO : EventManager : Event: ======'s_left_flipper_active'====== Args={}
2025-11-28 19:12:03,712 : INFO : EventManager : Event: ======'carousel_item_highlighted'====== Args={'carousel': 'attract', 'direction': 'backwards', 'item': 'title'}
2025-11-28 19:12:03,778 : INFO : SwitchController : <<<<<<< 's_left_flipper' inactive >>>>>>>
2025-11-28 19:12:03,912 : INFO : SwitchController : <<<<<<< 's_left_flipper' active >>>>>>>
2025-11-28 19:12:03,912 : INFO : EventManager : Event: ======'s_left_flipper_active'====== Args={}
2025-11-28 19:12:03,913 : INFO : EventManager : Event: ======'carousel_item_highlighted'====== Args={'carousel': 'attract', 'direction': 'backwards', 'item': 'tutorial_heal'}
2025-11-28 19:12:03,995 : INFO : SwitchController : <<<<<<< 's_left_flipper' inactive >>>>>>>
2025-11-28 19:12:04,528 : INFO : SwitchController : <<<<<<< 's_left_flipper' active >>>>>>>
2025-11-28 19:12:04,529 : INFO : EventManager : Event: ======'s_left_flipper_active'====== Args={}
2025-11-28 19:12:04,529 : INFO : EventManager : Event: ======'carousel_item_highlighted'====== Args={'carousel': 'attract', 'direction': 'backwards', 'item': 'tutorial_dodge'}
2025-11-28 19:12:04,611 : INFO : SwitchController : <<<<<<< 's_left_flipper' inactive >>>>>>>
2025-11-28 19:12:04,828 : INFO : SwitchController : <<<<<<< 's_left_flipper' active >>>>>>>
2025-11-28 19:12:04,829 : INFO : EventManager : Event: ======'s_left_flipper_active'====== Args={}
2025-11-28 19:12:04,829 : INFO : EventManager : Event: ======'carousel_item_highlighted'====== Args={'carousel': 'attract', 'direction': 'backwards', 'item': 'tutorial_damage'}
2025-11-28 19:12:04,928 : INFO : SwitchController : <<<<<<< 's_left_flipper' inactive >>>>>>>
2025-11-28 19:12:05,361 : INFO : SwitchController : <<<<<<< 's_left_flipper' active >>>>>>>
2025-11-28 19:12:05,362 : INFO : EventManager : Event: ======'s_left_flipper_active'====== Args={}
2025-11-28 19:12:05,362 : INFO : EventManager : Event: ======'carousel_item_highlighted'====== Args={'carousel': 'attract', 'direction': 'backwards', 'item': 'tutorial_slash'}
2025-11-28 19:12:05,462 : INFO : SwitchController : <<<<<<< 's_left_flipper' inactive >>>>>>>
2025-11-28 19:12:09,745 : INFO : SwitchController : <<<<<<< 's_left_flipper' active >>>>>>>
2025-11-28 19:12:09,746 : INFO : EventManager : Event: ======'s_left_flipper_active'====== Args={}
2025-11-28 19:12:09,746 : INFO : EventManager : Event: ======'carousel_item_highlighted'====== Args={'carousel': 'attract', 'direction': 'backwards', 'item': 'last_scores_1p'}
2025-11-28 19:12:09,895 : INFO : SwitchController : <<<<<<< 's_left_flipper' inactive >>>>>>>
2025-11-28 19:12:10,790 : INFO : Timer.attract_carousel_timer : Timer Complete
2025-11-28 19:12:10,791 : INFO : Timer.attract_carousel_timer : Stopping Timer
2025-11-28 19:12:10,791 : INFO : EventManager : Event: ======'timer_attract_carousel_timer_stopped'====== Args={'ticks': 1, 'ticks_remaining': 1}
2025-11-28 19:12:10,791 : INFO : EventManager : Event: ======'timer_attract_carousel_timer_complete'====== Args={'ticks': 1, 'ticks_remaining': 1}
2025-11-28 19:12:10,791 : INFO : EventManager : Event: ======'carousel_item_highlighted'====== Args={'carousel': 'attract', 'direction': 'forwards', 'item': 'tutorial_slash'}
2025-11-28 19:12:10,792 : INFO : Timer.attract_carousel_timer : Starting Timer.
2025-11-28 19:12:10,792 : INFO : EventManager : Event: ======'timer_attract_carousel_timer_started'====== Args={'ticks': 0, 'ticks_remaining': 1}
2025-11-28 19:12:10,792 : INFO : EventManager : Event: ======'timer_attract_carousel_timer_tick'====== Args={'ticks': 0, 'ticks_remaining': 1}
2025-11-28 19:12:13,329 : INFO : SwitchController : <<<<<<< 's_right_flipper' active >>>>>>>
2025-11-28 19:12:13,329 : INFO : EventManager : Event: ======'s_right_flipper_active'====== Args={}
2025-11-28 19:12:13,330 : INFO : EventManager : Event: ======'carousel_item_highlighted'====== Args={'carousel': 'attract', 'direction': 'forwards', 'item': 'tutorial_damage'}
2025-11-28 19:12:13,428 : INFO : SwitchController : <<<<<<< 's_right_flipper' inactive >>>>>>>
2025-11-28 19:12:15,545 : INFO : SwitchController : <<<<<<< 's_right_flipper' active >>>>>>>
2025-11-28 19:12:15,546 : INFO : EventManager : Event: ======'s_right_flipper_active'====== Args={}
2025-11-28 19:12:15,546 : INFO : EventManager : Event: ======'carousel_item_highlighted'====== Args={'carousel': 'attract', 'direction': 'forwards', 'item': 'tutorial_dodge'}
2025-11-28 19:12:15,662 : INFO : SwitchController : <<<<<<< 's_right_flipper' inactive >>>>>>>
2025-11-28 19:12:17,695 : INFO : SwitchController : <<<<<<< 's_right_flipper' active >>>>>>>
2025-11-28 19:12:17,695 : INFO : EventManager : Event: ======'s_right_flipper_active'====== Args={}
2025-11-28 19:12:17,696 : INFO : EventManager : Event: ======'carousel_item_highlighted'====== Args={'carousel': 'attract', 'direction': 'forwards', 'item': 'tutorial_heal'}
2025-11-28 19:12:17,828 : INFO : SwitchController : <<<<<<< 's_right_flipper' inactive >>>>>>>
2025-11-28 19:12:18,292 : INFO : Timer.attract_carousel_timer : Timer Complete
2025-11-28 19:12:18,292 : INFO : Timer.attract_carousel_timer : Stopping Timer
2025-11-28 19:12:18,292 : INFO : EventManager : Event: ======'timer_attract_carousel_timer_stopped'====== Args={'ticks': 1, 'ticks_remaining': 1}
2025-11-28 19:12:18,293 : INFO : EventManager : Event: ======'timer_attract_carousel_timer_complete'====== Args={'ticks': 1, 'ticks_remaining': 1}
2025-11-28 19:12:18,293 : INFO : EventManager : Event: ======'carousel_item_highlighted'====== Args={'carousel': 'attract', 'direction': 'forwards', 'item': 'title'}
2025-11-28 19:12:18,294 : INFO : Timer.attract_carousel_timer : Starting Timer.
2025-11-28 19:12:18,294 : INFO : EventManager : Event: ======'timer_attract_carousel_timer_started'====== Args={'ticks': 0, 'ticks_remaining': 1}
2025-11-28 19:12:18,294 : INFO : EventManager : Event: ======'timer_attract_carousel_timer_tick'====== Args={'ticks': 0, 'ticks_remaining': 1}
2025-11-28 19:12:18,978 : INFO : SwitchController : <<<<<<< 's_left_flipper' active >>>>>>>
2025-11-28 19:12:18,978 : INFO : EventManager : Event: ======'s_left_flipper_active'====== Args={}
2025-11-28 19:12:18,979 : INFO : EventManager : Event: ======'carousel_item_highlighted'====== Args={'carousel': 'attract', 'direction': 'backwards', 'item': 'tutorial_heal'}
2025-11-28 19:12:19,061 : INFO : SwitchController : <<<<<<< 's_left_flipper' inactive >>>>>>>
2025-11-28 19:12:25,795 : INFO : Timer.attract_carousel_timer : Timer Complete
2025-11-28 19:12:25,795 : INFO : Timer.attract_carousel_timer : Stopping Timer
2025-11-28 19:12:25,795 : INFO : EventManager : Event: ======'timer_attract_carousel_timer_stopped'====== Args={'ticks': 1, 'ticks_remaining': 1}
2025-11-28 19:12:25,795 : INFO : EventManager : Event: ======'timer_attract_carousel_timer_complete'====== Args={'ticks': 1, 'ticks_remaining': 1}
2025-11-28 19:12:25,796 : INFO : EventManager : Event: ======'carousel_item_highlighted'====== Args={'carousel': 'attract', 'direction': 'forwards', 'item': 'title'}
2025-11-28 19:12:25,796 : INFO : Timer.attract_carousel_timer : Starting Timer.
2025-11-28 19:12:25,796 : INFO : EventManager : Event: ======'timer_attract_carousel_timer_started'====== Args={'ticks': 0, 'ticks_remaining': 1}
2025-11-28 19:12:25,796 : INFO : EventManager : Event: ======'timer_attract_carousel_timer_tick'====== Args={'ticks': 0, 'ticks_remaining': 1}
2025-11-28 19:12:28,939 : INFO : Machine : Shutting down...
2025-11-28 19:12:28,939 : INFO : EventManager : Event: ======'shutdown'====== Args={}
2025-11-28 19:12:28,945 : INFO : root : MPF run loop ended.
