2025-11-24 21:33:00,704 : INFO : root : Loading config.
2025-11-24 21:33:00,706 : INFO : YamlMultifileConfigLoader : Machine config file #1: config.yaml
2025-11-24 21:33:00,706 : INFO : ConfigProcessor : Loading config from cache: /var/folders/k0/j_dpx55x4kndbs36pl2nt9l00000gn/T/92f7f295141fbdde09e201e7fd0f1349.mpf_cache
2025-11-24 21:33:00,737 : INFO : ConfigProcessor : Loading config from cache: /var/folders/k0/j_dpx55x4kndbs36pl2nt9l00000gn/T/7b77bdcd1da4c54cc720d492bab55a0d.mpf_cache
2025-11-24 21:33:00,737 : INFO : ConfigProcessor : Loading config from cache: /var/folders/k0/j_dpx55x4kndbs36pl2nt9l00000gn/T/501e18c1625d42f1ba9bf53b020c49c5.mpf_cache
2025-11-24 21:33:00,738 : INFO : ConfigProcessor : Loading config from cache: /var/folders/k0/j_dpx55x4kndbs36pl2nt9l00000gn/T/7b77bdcd1da4c54cc720d492bab55a0d.mpf_cache
2025-11-24 21:33:00,738 : INFO : ConfigProcessor : Loading config from cache: /var/folders/k0/j_dpx55x4kndbs36pl2nt9l00000gn/T/dda6f4da00898f9f0a4796a41d9a2ef0.mpf_cache
2025-11-24 21:33:00,738 : INFO : ConfigProcessor : Loading config from cache: /var/folders/k0/j_dpx55x4kndbs36pl2nt9l00000gn/T/522fc819f659907ecbd91e12554f307a.mpf_cache
2025-11-24 21:33:00,738 : INFO : Machine : Mission Pinball Framework Core Engine v0.80.0.dev11
2025-11-24 21:33:00,738 : INFO : Machine : Command line arguments: {'no_load_cache': False, 'create_config_cache': True, 'bcp': True, 'configfile': ['config.yaml'], 'force_assets_load': False, 'platform_integration_test': False, 'jsonlogging': False, 'logfile': 'logs/2025-11-24-21-33-00-mpf-Sams-MacBook-Air-2.local.log', 'pause': False, 'production': False, 'text_ui': True, 'loglevel': 15, 'consoleloglevel': 20, 'force_platform': 'virtual', 'syslog_address': None, 'full_logfile_path': '/Users/samhughes/Desktop/Hollow-Knight-Pinball/logs/2025-11-24-21-33-00-mpf-Sams-MacBook-Air-2.local.log'}
2025-11-24 21:33:00,738 : INFO : Machine : MPF path: /Users/samhughes/mpf/lib/python3.13/site-packages/mpf
2025-11-24 21:33:00,738 : INFO : Machine : Machine path: /Users/samhughes/Desktop/Hollow-Knight-Pinball
2025-11-24 21:33:00,738 : INFO : Machine : Platform: darwin
2025-11-24 21:33:00,738 : INFO : Machine : Python executable location: /Users/samhughes/mpf/bin/python3.13
2025-11-24 21:33:00,738 : INFO : Machine : Python version: 3.13.2 (64-bit)
2025-11-24 21:33:00,739 : INFO : Machine : Initializing MPF...
2025-11-24 21:33:00,766 : INFO : EventManager : Event: ======'machine_var_credits_string'====== Args={'value': 'FREE PLAY', 'prev_value': None, 'change': True}
2025-11-24 21:33:00,771 : INFO : EventManager : Event: ======'machine_var_master_volume'====== Args={'value': 0.5, 'prev_value': None, 'change': True}
2025-11-24 21:33:00,771 : INFO : EventManager : Event: ======'machine_var_mpf_version'====== Args={'value': 'Mission Pinball Framework v0.80.0.dev11', 'prev_value': None, 'change': True}
2025-11-24 21:33:00,771 : INFO : EventManager : Event: ======'machine_var_mpf_extended_version'====== Args={'value': 'Mission Pinball Framework v0.80.0.dev11, Config version:6, Show version: 6, BCP version:1.1', 'prev_value': None, 'change': True}
2025-11-24 21:33:00,771 : INFO : EventManager : Event: ======'machine_var_python_version'====== Args={'value': '3.13.2', 'prev_value': None, 'change': True}
2025-11-24 21:33:00,778 : INFO : EventManager : Event: ======'machine_var_platform'====== Args={'value': 'macOS-15.6.1-arm64-arm-64bit-Mach-O', 'prev_value': None, 'change': True}
2025-11-24 21:33:00,778 : INFO : EventManager : Event: ======'machine_var_platform_system'====== Args={'value': 'Darwin', 'prev_value': None, 'change': True}
2025-11-24 21:33:00,778 : INFO : EventManager : Event: ======'machine_var_platform_release'====== Args={'value': '24.6.0', 'prev_value': None, 'change': True}
2025-11-24 21:33:00,778 : INFO : EventManager : Event: ======'machine_var_platform_version'====== Args={'value': 'Darwin Kernel Version 24.6.0: Mon Jul 14 11:29:54 PDT 2025; root:xnu-11417.140.69~1/RELEASE_ARM64_T8122', 'prev_value': None, 'change': True}
2025-11-24 21:33:00,778 : INFO : EventManager : Event: ======'machine_var_platform_machine'====== Args={'value': 'arm64', 'prev_value': None, 'change': True}
2025-11-24 21:33:00,778 : INFO : EventManager : Event: ======'machine_var_log_file_path'====== Args={'value': '/Users/samhughes/Desktop/Hollow-Knight-Pinball/logs/2025-11-24-21-33-00-mpf-Sams-MacBook-Air-2.local.log', 'prev_value': None, 'change': True}
2025-11-24 21:33:00,779 : INFO : EventManager : Event: ======'init_phase_1'====== Args={}
2025-11-24 21:33:00,785 : INFO : EventManager : Event: ======'init_phase_2'====== Args={}
2025-11-24 21:33:00,785 : INFO : SwitchController : Found active switch: (1002, <Platform.Virtual>) <switch.s_trough_1>
2025-11-24 21:33:00,785 : INFO : SwitchController : Found active switch: (1003, <Platform.Virtual>) <switch.s_trough_2>
2025-11-24 21:33:00,785 : INFO : SwitchController : Found active switch: (1004, <Platform.Virtual>) <switch.s_trough_3>
2025-11-24 21:33:00,786 : INFO : EventManager : Event: ======'bcp_connection_attempt'====== Args={'name': 'local_display', 'host': 'localhost', 'port': 5050}
2025-11-24 21:33:00,786 : INFO : BCPClientSocket : Connecting BCP to 'local_display' at localhost:5050...
2025-11-24 21:33:05,362 : INFO : BCPClientSocket : Connected BCP to 'local_display' localhost:5050
2025-11-24 21:33:05,363 : INFO : EventManager : Event: ======'bcp_clients_connected'====== Args={}
2025-11-24 21:33:05,365 : INFO : ball_device.bd_trough : BCH: Initial count: 3
2025-11-24 21:33:05,366 : INFO : ball_device.bd_trough : State: idle
2025-11-24 21:33:05,366 : INFO : ball_device.bd_plunger : BCH: Initial count: 0
2025-11-24 21:33:05,367 : INFO : ball_device.bd_plunger : State: idle
2025-11-24 21:33:05,384 : INFO : EventManager : Event: ======'init_phase_3'====== Args={}
2025-11-24 21:33:05,388 : INFO : EventManager : Event: ======'init_phase_4'====== Args={}
2025-11-24 21:33:05,388 : INFO : BallController : Initial balls found: 3
2025-11-24 21:33:05,389 : INFO : EventManager : Event: ======'machine_var_audits_events_game_ended'====== Args={'value': 0, 'prev_value': None, 'change': True}
2025-11-24 21:33:05,389 : INFO : EventManager : Event: ======'machine_var_audits_events_game_started'====== Args={'value': 2, 'prev_value': None, 'change': True}
2025-11-24 21:33:05,389 : INFO : EventManager : Event: ======'machine_var_audits_missing_switches_s_back_left_target'====== Args={'value': 2, 'prev_value': None, 'change': True}
2025-11-24 21:33:05,389 : INFO : EventManager : Event: ======'machine_var_audits_missing_switches_s_bottom_left_slingshot'====== Args={'value': 2, 'prev_value': None, 'change': True}
2025-11-24 21:33:05,389 : INFO : EventManager : Event: ======'machine_var_audits_missing_switches_s_bottom_right_slingshot'====== Args={'value': 2, 'prev_value': None, 'change': True}
2025-11-24 21:33:05,389 : INFO : EventManager : Event: ======'machine_var_audits_missing_switches_s_front_left_target'====== Args={'value': 2, 'prev_value': None, 'change': True}
2025-11-24 21:33:05,389 : INFO : EventManager : Event: ======'machine_var_audits_missing_switches_s_left_flipper'====== Args={'value': 2, 'prev_value': None, 'change': True}
2025-11-24 21:33:05,389 : INFO : EventManager : Event: ======'machine_var_audits_missing_switches_s_pop_bumper'====== Args={'value': 2, 'prev_value': None, 'change': True}
2025-11-24 21:33:05,389 : INFO : EventManager : Event: ======'machine_var_audits_missing_switches_s_right_flipper'====== Args={'value': 2, 'prev_value': None, 'change': True}
2025-11-24 21:33:05,389 : INFO : EventManager : Event: ======'machine_var_audits_missing_switches_s_start'====== Args={'value': 2, 'prev_value': None, 'change': True}
2025-11-24 21:33:05,389 : INFO : EventManager : Event: ======'machine_var_audits_missing_switches_s_top_left_slingshot'====== Args={'value': 2, 'prev_value': None, 'change': True}
2025-11-24 21:33:05,389 : INFO : EventManager : Event: ======'machine_var_audits_missing_switches_s_top_right_slingshot'====== Args={'value': 2, 'prev_value': None, 'change': True}
2025-11-24 21:33:05,389 : INFO : EventManager : Event: ======'machine_var_audits_missing_switches_s_trough_1'====== Args={'value': 2, 'prev_value': None, 'change': True}
2025-11-24 21:33:05,389 : INFO : EventManager : Event: ======'machine_var_audits_missing_switches_s_trough_2'====== Args={'value': 2, 'prev_value': None, 'change': True}
2025-11-24 21:33:05,389 : INFO : EventManager : Event: ======'machine_var_audits_missing_switches_s_trough_3'====== Args={'value': 2, 'prev_value': None, 'change': True}
2025-11-24 21:33:05,389 : INFO : EventManager : Event: ======'machine_var_audits_player_score'====== Args={'value': {'average': 0, 'top': [], 'total': 0}, 'prev_value': None, 'change': True}
2025-11-24 21:33:05,389 : INFO : EventManager : Event: ======'machine_var_audits_shots_right_orbit'====== Args={'value': 21, 'prev_value': None, 'change': True}
2025-11-24 21:33:05,390 : INFO : EventManager : Event: ======'machine_var_audits_switches_s_back_left_target'====== Args={'value': 0, 'prev_value': None, 'change': True}
2025-11-24 21:33:05,390 : INFO : EventManager : Event: ======'machine_var_audits_switches_s_back_middle_left_target'====== Args={'value': 1, 'prev_value': None, 'change': True}
2025-11-24 21:33:05,390 : INFO : EventManager : Event: ======'machine_var_audits_switches_s_back_middle_right_target'====== Args={'value': 1, 'prev_value': None, 'change': True}
2025-11-24 21:33:05,390 : INFO : EventManager : Event: ======'machine_var_audits_switches_s_back_right_target'====== Args={'value': 1, 'prev_value': None, 'change': True}
2025-11-24 21:33:05,390 : INFO : EventManager : Event: ======'machine_var_audits_switches_s_bottom_left_slingshot'====== Args={'value': 0, 'prev_value': None, 'change': True}
2025-11-24 21:33:05,390 : INFO : EventManager : Event: ======'machine_var_audits_switches_s_bottom_right_slingshot'====== Args={'value': 0, 'prev_value': None, 'change': True}
2025-11-24 21:33:05,390 : INFO : EventManager : Event: ======'machine_var_audits_switches_s_front_left_target'====== Args={'value': 0, 'prev_value': None, 'change': True}
2025-11-24 21:33:05,390 : INFO : EventManager : Event: ======'machine_var_audits_switches_s_front_middle_target'====== Args={'value': 1, 'prev_value': None, 'change': True}
2025-11-24 21:33:05,390 : INFO : EventManager : Event: ======'machine_var_audits_switches_s_front_right_target'====== Args={'value': 1, 'prev_value': None, 'change': True}
2025-11-24 21:33:05,390 : INFO : EventManager : Event: ======'machine_var_audits_switches_s_lane_to_pop'====== Args={'value': 2, 'prev_value': None, 'change': True}
2025-11-24 21:33:05,390 : INFO : EventManager : Event: ======'machine_var_audits_switches_s_left_flipper'====== Args={'value': 0, 'prev_value': None, 'change': True}
2025-11-24 21:33:05,390 : INFO : EventManager : Event: ======'machine_var_audits_switches_s_left_inlane'====== Args={'value': 1, 'prev_value': None, 'change': True}
2025-11-24 21:33:05,390 : INFO : EventManager : Event: ======'machine_var_audits_switches_s_left_orbit'====== Args={'value': 2, 'prev_value': None, 'change': True}
2025-11-24 21:33:05,390 : INFO : EventManager : Event: ======'machine_var_audits_switches_s_left_outlane'====== Args={'value': 1, 'prev_value': None, 'change': True}
2025-11-24 21:33:05,390 : INFO : EventManager : Event: ======'machine_var_audits_switches_s_plunger_lane'====== Args={'value': 10, 'prev_value': None, 'change': True}
2025-11-24 21:33:05,390 : INFO : EventManager : Event: ======'machine_var_audits_switches_s_pop_bumper'====== Args={'value': 0, 'prev_value': None, 'change': True}
2025-11-24 21:33:05,390 : INFO : EventManager : Event: ======'machine_var_audits_switches_s_ramp'====== Args={'value': 2, 'prev_value': None, 'change': True}
2025-11-24 21:33:05,390 : INFO : EventManager : Event: ======'machine_var_audits_switches_s_right_flipper'====== Args={'value': 0, 'prev_value': None, 'change': True}
2025-11-24 21:33:05,390 : INFO : EventManager : Event: ======'machine_var_audits_switches_s_right_inlane'====== Args={'value': 1, 'prev_value': None, 'change': True}
2025-11-24 21:33:05,390 : INFO : EventManager : Event: ======'machine_var_audits_switches_s_right_orbit'====== Args={'value': 21, 'prev_value': None, 'change': True}
2025-11-24 21:33:05,390 : INFO : EventManager : Event: ======'machine_var_audits_switches_s_right_outlane'====== Args={'value': 1, 'prev_value': None, 'change': True}
2025-11-24 21:33:05,390 : INFO : EventManager : Event: ======'machine_var_audits_switches_s_saucer'====== Args={'value': 4, 'prev_value': None, 'change': True}
2025-11-24 21:33:05,390 : INFO : EventManager : Event: ======'machine_var_audits_switches_s_start'====== Args={'value': 0, 'prev_value': None, 'change': True}
2025-11-24 21:33:05,390 : INFO : EventManager : Event: ======'machine_var_audits_switches_s_top_left_slingshot'====== Args={'value': 0, 'prev_value': None, 'change': True}
2025-11-24 21:33:05,390 : INFO : EventManager : Event: ======'machine_var_audits_switches_s_top_right_slingshot'====== Args={'value': 0, 'prev_value': None, 'change': True}
2025-11-24 21:33:05,390 : INFO : EventManager : Event: ======'machine_var_audits_switches_s_trough_1'====== Args={'value': 0, 'prev_value': None, 'change': True}
2025-11-24 21:33:05,391 : INFO : EventManager : Event: ======'machine_var_audits_switches_s_trough_2'====== Args={'value': 0, 'prev_value': None, 'change': True}
2025-11-24 21:33:05,391 : INFO : EventManager : Event: ======'machine_var_audits_switches_s_trough_3'====== Args={'value': 0, 'prev_value': None, 'change': True}
2025-11-24 21:33:05,391 : INFO : EventManager : Event: ======'machine_var_audits_switches_s_vuk'====== Args={'value': 2, 'prev_value': None, 'change': True}
2025-11-24 21:33:05,391 : INFO : EventManager : Event: ======'init_phase_5'====== Args={}
2025-11-24 21:33:05,391 : INFO : EventManager : Event: ======'init_done'====== Args={}
2025-11-24 21:33:05,391 : INFO : EventManager : Event: ======'machine_reset_phase_1'====== Args={}
2025-11-24 21:33:05,431 : INFO : EventManager : Event: ======'machine_reset_phase_2'====== Args={}
2025-11-24 21:33:05,432 : INFO : EventManager : Event: ======'machine_reset_phase_3'====== Args={}
2025-11-24 21:33:05,432 : INFO : EventManager : Event: ======'reset_complete'====== Args={}
2025-11-24 21:33:05,432 : INFO : EventManager : Event: ======'mode_attract_will_start'====== Args={}
2025-11-24 21:33:05,432 : INFO : Timer.attract_carousel_timer : Starting Timer.
2025-11-24 21:33:05,432 : INFO : EventManager : Event: ======'timer_attract_carousel_timer_started'====== Args={'ticks': 0, 'ticks_remaining': 1}
2025-11-24 21:33:05,432 : INFO : EventManager : Event: ======'timer_attract_carousel_timer_tick'====== Args={'ticks': 0, 'ticks_remaining': 1}
2025-11-24 21:33:05,433 : INFO : EventManager : Event: ======'mode_attract_starting'====== Args={}
2025-11-24 21:33:05,433 : INFO : Mode.attract : Started. Priority: 10
2025-11-24 21:33:05,433 : INFO : EventManager : Event: ======'modes_active_modes_changed'====== Args={}
2025-11-24 21:33:05,433 : INFO : EventManager : Event: ======'mode_attract_started'====== Args={}
2025-11-24 21:33:05,434 : INFO : EventManager : Event: ======'collecting_balls_complete'====== Args={}
2025-11-24 21:33:05,434 : INFO : EventManager : Event: ======'carousel_item_highlighted'====== Args={'carousel': 'attract', 'direction': None, 'item': 'title'}
2025-11-24 21:33:05,434 : INFO : Machine : Starting the main run loop with active modes: [<Mode.attract>]
2025-11-24 21:33:05,558 : INFO : EventManager : Event: ======'slide_attract_created'====== Args={'_from_bcp': True}
2025-11-24 21:33:05,559 : INFO : EventManager : Event: ======'slide__removed'====== Args={'_from_bcp': True}
2025-11-24 21:33:05,559 : INFO : EventManager : Event: ======'slide_attract_active'====== Args={'original_context': 'attract', 'original_calling_context': 'mode_attract_started', 'priority': 10.0, 'cmd': 'slides_play', '_from_bcp': True}
2025-11-24 21:33:10,433 : INFO : Timer.attract_carousel_timer : Timer Complete
2025-11-24 21:33:10,434 : INFO : Timer.attract_carousel_timer : Stopping Timer
2025-11-24 21:33:10,434 : INFO : EventManager : Event: ======'timer_attract_carousel_timer_stopped'====== Args={'ticks': 1, 'ticks_remaining': 1}
2025-11-24 21:33:10,434 : INFO : EventManager : Event: ======'timer_attract_carousel_timer_complete'====== Args={'ticks': 1, 'ticks_remaining': 1}
2025-11-24 21:33:10,434 : INFO : EventManager : Event: ======'carousel_item_highlighted'====== Args={'carousel': 'attract', 'direction': 'forwards', 'item': 'map'}
2025-11-24 21:33:10,434 : INFO : Timer.attract_carousel_timer : Starting Timer.
2025-11-24 21:33:10,435 : INFO : EventManager : Event: ======'timer_attract_carousel_timer_started'====== Args={'ticks': 0, 'ticks_remaining': 1}
2025-11-24 21:33:10,435 : INFO : EventManager : Event: ======'timer_attract_carousel_timer_tick'====== Args={'ticks': 0, 'ticks_remaining': 1}
2025-11-24 21:33:15,413 : INFO : SwitchController : <<<<<<< 's_start' active >>>>>>>
2025-11-24 21:33:15,435 : INFO : Timer.attract_carousel_timer : Timer Complete
2025-11-24 21:33:15,436 : INFO : Timer.attract_carousel_timer : Stopping Timer
2025-11-24 21:33:15,436 : INFO : EventManager : Event: ======'timer_attract_carousel_timer_stopped'====== Args={'ticks': 1, 'ticks_remaining': 1}
2025-11-24 21:33:15,436 : INFO : EventManager : Event: ======'timer_attract_carousel_timer_complete'====== Args={'ticks': 1, 'ticks_remaining': 1}
2025-11-24 21:33:15,437 : INFO : EventManager : Event: ======'carousel_item_highlighted'====== Args={'carousel': 'attract', 'direction': 'forwards', 'item': 'credits'}
2025-11-24 21:33:15,437 : INFO : Timer.attract_carousel_timer : Starting Timer.
2025-11-24 21:33:15,437 : INFO : EventManager : Event: ======'timer_attract_carousel_timer_started'====== Args={'ticks': 0, 'ticks_remaining': 1}
2025-11-24 21:33:15,437 : INFO : EventManager : Event: ======'timer_attract_carousel_timer_tick'====== Args={'ticks': 0, 'ticks_remaining': 1}
2025-11-24 21:33:15,497 : INFO : SwitchController : <<<<<<< 's_start' inactive >>>>>>>
2025-11-24 21:33:15,497 : INFO : EventManager : Event: ======'request_to_start_game'====== Args={}
2025-11-24 21:33:15,497 : INFO : EventManager : Event: ======'game_start'====== Args={'buttons': [], 'hold_time': 0.08339833305217326}
2025-11-24 21:33:15,498 : INFO : EventManager : Event: ======'mode_game_will_start'====== Args={'buttons': [], 'hold_time': 0.08339833305217326}
2025-11-24 21:33:15,499 : INFO : EventManager : Event: ======'mode_game_starting'====== Args={'buttons': [], 'hold_time': 0.08339833305217326}
2025-11-24 21:33:15,499 : INFO : EventManager : Event: ======'mode_attract_will_stop'====== Args={}
2025-11-24 21:33:15,499 : INFO : EventManager : Event: ======'mode_attract_stopping'====== Args={}
2025-11-24 21:33:15,499 : INFO : Mode.attract : Stopped.
2025-11-24 21:33:15,499 : INFO : EventManager : Event: ======'modes_active_modes_changed'====== Args={}
2025-11-24 21:33:15,500 : INFO : EventManager : Event: ======'mode_attract_stopped'====== Args={}
2025-11-24 21:33:15,500 : INFO : EventManager : Event: ======'clear'====== Args={'key': 'attract'}
2025-11-24 21:33:15,500 : INFO : Timer.attract_carousel_timer : Stopping Timer
2025-11-24 21:33:15,501 : INFO : EventManager : Event: ======'timer_attract_carousel_timer_stopped'====== Args={'ticks': 0, 'ticks_remaining': 1}
2025-11-24 21:33:15,501 : INFO : Mode.game : Started. Priority: 20
2025-11-24 21:33:15,501 : INFO : EventManager : Event: ======'modes_active_modes_changed'====== Args={}
2025-11-24 21:33:15,501 : INFO : EventManager : Event: ======'mode_game_started'====== Args={'buttons': [], 'hold_time': 0.08339833305217326}
2025-11-24 21:33:15,502 : INFO : EventManager : Event: ======'game_will_start'====== Args={}
2025-11-24 21:33:15,502 : INFO : EventManager : Event: ======'game_starting'====== Args={'game': <Mode.game>}
2025-11-24 21:33:15,503 : INFO : EventManager : Unordered handler for class <Auditor> on event game_ended with priority 1. Handlers: [RegisteredHandler(callback=<bound method Auditor.disable of <Auditor>>, priority=1, kwargs={}, key=UUID('7a23a0ca-92a8-46b4-9eb9-238bcb2bd649'), condition=None, blocking_facility=None), RegisteredHandler(callback=<bound method Auditor._save_audits of <Auditor>>, priority=1, kwargs={}, key=UUID('82062366-6e51-4dbf-bd92-e0edfaa23be3'), condition=None, blocking_facility=None)]. The order of those handlers is not defined and they will be executed in random order. This might lead to race conditions and potential bugs.
2025-11-24 21:33:15,503 : INFO : EventManager : Event: ======'player_add_request'====== Args={}
2025-11-24 21:33:15,503 : INFO : EventManager : Event: ======'player_will_add'====== Args={'number': 1}
2025-11-24 21:33:15,503 : INFO : EventManager : Event: ======'player_adding'====== Args={'player': <Player 1>, 'number': 1}
2025-11-24 21:33:15,503 : INFO : EventManager : Event: ======'player_added'====== Args={'player': <Player 1>, 'num': 1}
2025-11-24 21:33:15,504 : INFO : Mode.game : Player added successfully. Total players: 1
2025-11-24 21:33:15,504 : INFO : EventManager : Event: ======'player_index'====== Args={'value': 0, 'prev_value': 0, 'change': 0, 'player_num': 1}
2025-11-24 21:33:15,504 : INFO : EventManager : Event: ======'player_number'====== Args={'value': 1, 'prev_value': 1, 'change': 0, 'player_num': 1}
2025-11-24 21:33:15,504 : INFO : EventManager : Event: ======'player_score'====== Args={'value': 0, 'prev_value': 0, 'change': 0, 'player_num': 1}
2025-11-24 21:33:15,505 : INFO : EventManager : Event: ======'game_started'====== Args={}
2025-11-24 21:33:15,505 : INFO : EventManager : Event: ======'player_turn_will_start'====== Args={'player': <Player 1>, 'number': 1}
2025-11-24 21:33:15,506 : INFO : EventManager : Event: ======'player_turn_starting'====== Args={'player': <Player 1>, 'number': 1}
2025-11-24 21:33:15,512 : INFO : EventManager : Event: ======'player_ball'====== Args={'value': 1, 'prev_value': 0, 'change': 1, 'player_num': 1}
2025-11-24 21:33:15,515 : INFO : EventManager : Event: ======'player_turn_started'====== Args={'player': <Player 1>, 'number': 1}
2025-11-24 21:33:15,519 : INFO : EventManager : Event: ======'ball_will_start'====== Args={'player': 1, 'ball': 1, 'balls_remaining': 2, 'is_extra_ball': False}
2025-11-24 21:33:15,520 : INFO : EventManager : Event: ======'ball_starting'====== Args={'player': 1, 'ball': 1, 'balls_remaining': 2, 'is_extra_ball': False}
2025-11-24 21:33:15,520 : INFO : EventManager : Event: ======'mode_base_will_start'====== Args={'queue': <QueuedEvent>, 'player': 1, 'ball': 1, 'balls_remaining': 2, 'is_extra_ball': False}
2025-11-24 21:33:15,520 : INFO : EventManager : Event: ======'mode_base_starting'====== Args={'queue': <QueuedEvent>, 'player': 1, 'ball': 1, 'balls_remaining': 2, 'is_extra_ball': False}
2025-11-24 21:33:15,521 : INFO : Mode.base : Started. Priority: 100
2025-11-24 21:33:15,521 : INFO : EventManager : Event: ======'modes_active_modes_changed'====== Args={}
2025-11-24 21:33:15,521 : INFO : EventManager : Event: ======'mode_base_started'====== Args={'queue': <QueuedEvent>, 'player': 1, 'ball': 1, 'balls_remaining': 2, 'is_extra_ball': False}
2025-11-24 21:33:15,521 : INFO : EventManager : Event: ======'start_mode_right_orbit'====== Args={'priority': 0}
2025-11-24 21:33:15,521 : INFO : EventManager : Event: ======'mode_right_orbit_will_start'====== Args={'priority': 0}
2025-11-24 21:33:15,521 : INFO : EventManager : Event: ======'player_shot_right_orbit_enabled'====== Args={'value': True, 'prev_value': 0, 'change': 1, 'player_num': 1}
2025-11-24 21:33:15,522 : INFO : EventManager : Event: ======'mode_right_orbit_starting'====== Args={'priority': 0}
2025-11-24 21:33:15,522 : INFO : Mode.right_orbit : Started. Priority: 200
2025-11-24 21:33:15,522 : INFO : EventManager : Event: ======'modes_active_modes_changed'====== Args={}
2025-11-24 21:33:15,522 : INFO : EventManager : Event: ======'mode_right_orbit_started'====== Args={'priority': 0}
2025-11-24 21:33:15,523 : INFO : EventManager : Event: ======'balls_in_play'====== Args={'balls': 1}
2025-11-24 21:33:15,523 : INFO : EventManager : Event: ======'ball_started'====== Args={'player': 1, 'ball': 1, 'balls_remaining': 2, 'is_extra_ball': False}
2025-11-24 21:33:15,523 : INFO : EventManager : Event: ======'single_player_ball_started'====== Args={}
2025-11-24 21:33:15,523 : INFO : EventManager : Event: ======'ball_start_target'====== Args={'target': 'playfield'}
2025-11-24 21:33:15,524 : INFO : ball_device.bd_trough : Setting up player-controlled eject. Balls: 1, Target: <playfield.playfield>, player_controlled_eject_event: None
2025-11-24 21:33:15,524 : INFO : ball_device.bd_trough : Adding 1 ball(s) to the eject_queue with target <playfield.playfield>.
2025-11-24 21:33:15,524 : INFO : EventManager : Event: ======'balldevice_balls_available'====== Args={}
2025-11-24 21:33:15,524 : INFO : ball_device.bd_trough : State: waiting_for_target_ready
2025-11-24 21:33:15,524 : INFO : EventManager : Event: ======'balldevice_bd_trough_ball_eject_attempt'====== Args={'balls': 1, 'target': <ball_device.bd_plunger>, 'source': <ball_device.bd_trough>, 'mechanical_eject': False, 'num_attempts': 0}
2025-11-24 21:33:15,524 : INFO : ball_device.bd_plunger : State: waiting_for_ball
2025-11-24 21:33:15,525 : INFO : ball_device.bd_trough : State: ejecting
2025-11-24 21:33:15,525 : INFO : ball_device.bd_trough : Ejecting ball to <ball_device.bd_plunger>
2025-11-24 21:33:15,525 : INFO : EventManager : Event: ======'balldevice_bd_trough_ejecting_ball'====== Args={'balls': 1, 'target': <ball_device.bd_plunger>, 'source': <ball_device.bd_trough>, 'mechanical_eject': False, 'num_attempts': 0}
2025-11-24 21:33:15,525 : INFO : ball_device.bd_trough : Wait for ball to leave device
2025-11-24 21:33:15,525 : INFO : coil.c_trough_eject : Pulsing Driver for 10ms (1.0 pulse_power)
2025-11-24 21:33:15,548 : INFO : EventManager : Event: ======'slide_base_created'====== Args={'_from_bcp': True}
2025-11-24 21:33:15,548 : INFO : EventManager : Event: ======'slide_attract_inactive'====== Args={'is_removing': True, '_from_bcp': True}
2025-11-24 21:33:15,548 : INFO : EventManager : Event: ======'slide_base_active'====== Args={'original_context': 'base', 'original_calling_context': 'mode_base_started', 'priority': 100.0, 'queue': '<QueuedEvent>', 'player': 1.0, 'ball': 1.0, 'balls_remaining': 2.0, 'is_extra_ball': False, 'cmd': 'slides_play', '_from_bcp': True}
2025-11-24 21:33:15,549 : INFO : EventManager : Event: ======'slide_attract_removed'====== Args={'_from_bcp': True}
2025-11-24 21:33:25,527 : INFO : EventManager : Event: ======'balldevice_bd_trough_ball_eject_failed'====== Args={'target': <ball_device.bd_plunger>, 'balls': 1, 'retry': True, 'num_attempts': 1}
2025-11-24 21:33:25,528 : INFO : ball_device.bd_trough : State: waiting_for_target_ready
2025-11-24 21:33:25,528 : INFO : EventManager : Event: ======'balldevice_bd_trough_ball_eject_attempt'====== Args={'balls': 1, 'target': <ball_device.bd_plunger>, 'source': <ball_device.bd_trough>, 'mechanical_eject': False, 'num_attempts': 1}
2025-11-24 21:33:25,529 : INFO : ball_device.bd_trough : State: ejecting
2025-11-24 21:33:25,529 : INFO : ball_device.bd_trough : Ejecting ball to <ball_device.bd_plunger>
2025-11-24 21:33:25,529 : INFO : EventManager : Event: ======'balldevice_bd_trough_ejecting_ball'====== Args={'balls': 1, 'target': <ball_device.bd_plunger>, 'source': <ball_device.bd_trough>, 'mechanical_eject': False, 'num_attempts': 1}
2025-11-24 21:33:25,530 : INFO : ball_device.bd_trough : Wait for ball to leave device
2025-11-24 21:33:25,530 : INFO : coil.c_trough_eject : Pulsing Driver for 10ms (1.0 pulse_power)
2025-11-24 21:33:35,532 : INFO : EventManager : Event: ======'balldevice_bd_trough_ball_eject_failed'====== Args={'target': <ball_device.bd_plunger>, 'balls': 1, 'retry': True, 'num_attempts': 2}
2025-11-24 21:33:35,534 : INFO : ball_device.bd_trough : State: waiting_for_target_ready
2025-11-24 21:33:35,534 : INFO : EventManager : Event: ======'balldevice_bd_trough_ball_eject_attempt'====== Args={'balls': 1, 'target': <ball_device.bd_plunger>, 'source': <ball_device.bd_trough>, 'mechanical_eject': False, 'num_attempts': 2}
2025-11-24 21:33:35,534 : INFO : ball_device.bd_trough : State: ejecting
2025-11-24 21:33:35,534 : INFO : ball_device.bd_trough : Ejecting ball to <ball_device.bd_plunger>
2025-11-24 21:33:35,534 : INFO : EventManager : Event: ======'balldevice_bd_trough_ejecting_ball'====== Args={'balls': 1, 'target': <ball_device.bd_plunger>, 'source': <ball_device.bd_trough>, 'mechanical_eject': False, 'num_attempts': 2}
2025-11-24 21:33:35,535 : INFO : ball_device.bd_trough : Wait for ball to leave device
2025-11-24 21:33:35,535 : INFO : coil.c_trough_eject : Pulsing Driver for 10ms (1.0 pulse_power)
2025-11-24 21:33:38,320 : INFO : Machine : Shutting down...
2025-11-24 21:33:38,321 : INFO : EventManager : Event: ======'shutdown'====== Args={}
2025-11-24 21:33:38,324 : INFO : EventManager : Event: ======'mode_game_will_stop'====== Args={}
2025-11-24 21:33:38,324 : INFO : EventManager : Event: ======'mode_game_stopping'====== Args={}
2025-11-24 21:33:38,324 : INFO : EventManager : Event: ======'mode_right_orbit_will_stop'====== Args={}
2025-11-24 21:33:38,324 : INFO : EventManager : Event: ======'mode_right_orbit_stopping'====== Args={}
2025-11-24 21:33:38,324 : INFO : EventManager : Event: ======'mode_base_will_stop'====== Args={}
2025-11-24 21:33:38,324 : INFO : EventManager : Event: ======'mode_base_stopping'====== Args={}
2025-11-24 21:33:38,324 : INFO : EventManager : Event: ======'stop_mode_right_orbit'====== Args={'priority': 0}
2025-11-24 21:33:38,325 : INFO : Mode.base : Stopped.
2025-11-24 21:33:38,325 : INFO : EventManager : Event: ======'modes_active_modes_changed'====== Args={}
2025-11-24 21:33:38,325 : INFO : EventManager : Event: ======'mode_base_stopped'====== Args={}
2025-11-24 21:33:38,325 : INFO : EventManager : Event: ======'clear'====== Args={'key': 'base'}
2025-11-24 21:33:38,325 : INFO : Mode.right_orbit : Stopped.
2025-11-24 21:33:38,325 : INFO : EventManager : Event: ======'modes_active_modes_changed'====== Args={}
2025-11-24 21:33:38,325 : INFO : EventManager : Event: ======'mode_right_orbit_stopped'====== Args={}
2025-11-24 21:33:38,325 : INFO : EventManager : Event: ======'clear'====== Args={'key': 'right_orbit'}
2025-11-24 21:33:38,325 : INFO : Mode.game : Stopped.
2025-11-24 21:33:38,325 : INFO : EventManager : Event: ======'modes_active_modes_changed'====== Args={}
2025-11-24 21:33:38,325 : INFO : EventManager : Event: ======'mode_game_stopped'====== Args={}
2025-11-24 21:33:38,325 : INFO : EventManager : Event: ======'clear'====== Args={'key': 'game'}
2025-11-24 21:33:38,327 : INFO : root : MPF run loop ended.
