2025-11-23 18:57:54,002 : INFO : root : Loading config.
2025-11-23 18:57:54,003 : INFO : YamlMultifileConfigLoader : Machine config file #1: config.yaml
2025-11-23 18:57:54,003 : INFO : ConfigProcessor : Loading config from cache: /var/folders/k0/j_dpx55x4kndbs36pl2nt9l00000gn/T/92f7f295141fbdde09e201e7fd0f1349.mpf_cache
2025-11-23 18:57:54,028 : INFO : ConfigProcessor : Loading config from cache: /var/folders/k0/j_dpx55x4kndbs36pl2nt9l00000gn/T/7b77bdcd1da4c54cc720d492bab55a0d.mpf_cache
2025-11-23 18:57:54,028 : INFO : ConfigProcessor : Loading config from cache: /var/folders/k0/j_dpx55x4kndbs36pl2nt9l00000gn/T/501e18c1625d42f1ba9bf53b020c49c5.mpf_cache
2025-11-23 18:57:54,029 : INFO : ConfigProcessor : Loading config from cache: /var/folders/k0/j_dpx55x4kndbs36pl2nt9l00000gn/T/7b77bdcd1da4c54cc720d492bab55a0d.mpf_cache
2025-11-23 18:57:54,029 : INFO : ConfigProcessor : Loading config from cache: /var/folders/k0/j_dpx55x4kndbs36pl2nt9l00000gn/T/dda6f4da00898f9f0a4796a41d9a2ef0.mpf_cache
2025-11-23 18:57:54,029 : INFO : Machine : Mission Pinball Framework Core Engine v0.80.0.dev11
2025-11-23 18:57:54,029 : INFO : Machine : Command line arguments: {'no_load_cache': False, 'create_config_cache': True, 'bcp': True, 'configfile': ['config.yaml'], 'force_assets_load': False, 'platform_integration_test': False, 'jsonlogging': False, 'logfile': 'logs/2025-11-23-18-57-54-mpf-Mac.lan.log', 'pause': False, 'production': False, 'text_ui': False, 'loglevel': 15, 'consoleloglevel': 20, 'force_platform': 'virtual', 'syslog_address': None, 'full_logfile_path': '/Users/samhughes/Desktop/Hollow-Knight-Pinball/logs/2025-11-23-18-57-54-mpf-Mac.lan.log'}
2025-11-23 18:57:54,029 : INFO : Machine : MPF path: /Users/samhughes/mpf/lib/python3.13/site-packages/mpf
2025-11-23 18:57:54,029 : INFO : Machine : Machine path: /Users/samhughes/Desktop/Hollow-Knight-Pinball
2025-11-23 18:57:54,029 : INFO : Machine : Platform: darwin
2025-11-23 18:57:54,029 : INFO : Machine : Python executable location: /Users/samhughes/mpf/bin/python3.13
2025-11-23 18:57:54,029 : INFO : Machine : Python version: 3.13.2 (64-bit)
2025-11-23 18:57:54,029 : INFO : Machine : Initializing MPF...
2025-11-23 18:57:54,055 : INFO : EventManager : Event: ======'machine_var_credits_string'====== Args={'value': 'FREE PLAY', 'prev_value': None, 'change': True}
2025-11-23 18:57:54,060 : INFO : EventManager : Event: ======'machine_var_master_volume'====== Args={'value': 0.5, 'prev_value': None, 'change': True}
2025-11-23 18:57:54,060 : INFO : EventManager : Event: ======'machine_var_mpf_version'====== Args={'value': 'Mission Pinball Framework v0.80.0.dev11', 'prev_value': None, 'change': True}
2025-11-23 18:57:54,060 : INFO : EventManager : Event: ======'machine_var_mpf_extended_version'====== Args={'value': 'Mission Pinball Framework v0.80.0.dev11, Config version:6, Show version: 6, BCP version:1.1', 'prev_value': None, 'change': True}
2025-11-23 18:57:54,060 : INFO : EventManager : Event: ======'machine_var_python_version'====== Args={'value': '3.13.2', 'prev_value': None, 'change': True}
2025-11-23 18:57:54,072 : INFO : EventManager : Event: ======'machine_var_platform'====== Args={'value': 'macOS-15.6.1-arm64-arm-64bit-Mach-O', 'prev_value': None, 'change': True}
2025-11-23 18:57:54,073 : INFO : EventManager : Event: ======'machine_var_platform_system'====== Args={'value': 'Darwin', 'prev_value': None, 'change': True}
2025-11-23 18:57:54,073 : INFO : EventManager : Event: ======'machine_var_platform_release'====== Args={'value': '24.6.0', 'prev_value': None, 'change': True}
2025-11-23 18:57:54,073 : INFO : EventManager : Event: ======'machine_var_platform_version'====== Args={'value': 'Darwin Kernel Version 24.6.0: Mon Jul 14 11:29:54 PDT 2025; root:xnu-11417.140.69~1/RELEASE_ARM64_T8122', 'prev_value': None, 'change': True}
2025-11-23 18:57:54,073 : INFO : EventManager : Event: ======'machine_var_platform_machine'====== Args={'value': 'arm64', 'prev_value': None, 'change': True}
2025-11-23 18:57:54,073 : INFO : EventManager : Event: ======'machine_var_log_file_path'====== Args={'value': '/Users/samhughes/Desktop/Hollow-Knight-Pinball/logs/2025-11-23-18-57-54-mpf-Mac.lan.log', 'prev_value': None, 'change': True}
2025-11-23 18:57:54,073 : INFO : EventManager : Event: ======'init_phase_1'====== Args={}
2025-11-23 18:57:54,078 : INFO : EventManager : Event: ======'init_phase_2'====== Args={}
2025-11-23 18:57:54,078 : INFO : EventManager : Event: ======'bcp_connection_attempt'====== Args={'name': 'local_display', 'host': 'localhost', 'port': 5050}
2025-11-23 18:57:54,079 : INFO : BCPClientSocket : Connecting BCP to 'local_display' at localhost:5050...
2025-11-23 18:57:54,082 : INFO : BCPClientSocket : Connected BCP to 'local_display' localhost:5050
2025-11-23 18:57:54,082 : INFO : EventManager : Event: ======'bcp_clients_connected'====== Args={}
2025-11-23 18:57:54,082 : INFO : ball_device.bd_trough : BCH: Initial count: 0
2025-11-23 18:57:54,082 : INFO : ball_device.bd_trough : State: idle
2025-11-23 18:57:54,082 : INFO : ball_device.bd_plunger : BCH: Initial count: 0
2025-11-23 18:57:54,082 : INFO : ball_device.bd_plunger : State: idle
2025-11-23 18:57:54,085 : INFO : EventManager : Event: ======'init_phase_3'====== Args={}
2025-11-23 18:57:54,085 : INFO : EventManager : Event: ======'init_phase_4'====== Args={}
2025-11-23 18:57:54,085 : INFO : BallController : Initial balls found: 0
2025-11-23 18:57:54,086 : INFO : EventManager : Event: ======'machine_var_audits_switches_s_left_flipper'====== Args={'value': 0, 'prev_value': None, 'change': True}
2025-11-23 18:57:54,086 : INFO : EventManager : Event: ======'machine_var_audits_switches_s_trough_3'====== Args={'value': 0, 'prev_value': None, 'change': True}
2025-11-23 18:57:54,086 : INFO : EventManager : Event: ======'machine_var_audits_switches_s_plunger_lane'====== Args={'value': 0, 'prev_value': None, 'change': True}
2025-11-23 18:57:54,086 : INFO : EventManager : Event: ======'machine_var_audits_switches_s_trough_1'====== Args={'value': 0, 'prev_value': None, 'change': True}
2025-11-23 18:57:54,086 : INFO : EventManager : Event: ======'machine_var_audits_switches_s_trough_2'====== Args={'value': 0, 'prev_value': None, 'change': True}
2025-11-23 18:57:54,086 : INFO : EventManager : Event: ======'machine_var_audits_switches_s_right_flipper'====== Args={'value': 0, 'prev_value': None, 'change': True}
2025-11-23 18:57:54,086 : INFO : EventManager : Event: ======'machine_var_audits_events_game_started'====== Args={'value': 0, 'prev_value': None, 'change': True}
2025-11-23 18:57:54,086 : INFO : EventManager : Event: ======'machine_var_audits_events_game_ended'====== Args={'value': 0, 'prev_value': None, 'change': True}
2025-11-23 18:57:54,086 : INFO : EventManager : Event: ======'machine_var_audits_player_score'====== Args={'value': {'top': [], 'average': 0, 'total': 0}, 'prev_value': None, 'change': True}
2025-11-23 18:57:54,086 : INFO : EventManager : Event: ======'init_phase_5'====== Args={}
2025-11-23 18:57:54,086 : INFO : EventManager : Event: ======'init_done'====== Args={}
2025-11-23 18:57:54,086 : INFO : EventManager : Event: ======'machine_reset_phase_1'====== Args={}
2025-11-23 18:57:54,099 : INFO : EventManager : Event: ======'machine_reset_phase_2'====== Args={}
2025-11-23 18:57:54,099 : INFO : EventManager : Event: ======'machine_reset_phase_3'====== Args={}
2025-11-23 18:57:54,099 : INFO : EventManager : Event: ======'reset_complete'====== Args={}
2025-11-23 18:57:54,099 : INFO : EventManager : Event: ======'mode_attract_will_start'====== Args={}
2025-11-23 18:57:54,099 : INFO : EventManager : Event: ======'mode_attract_starting'====== Args={}
2025-11-23 18:57:54,099 : INFO : Mode.attract : Started. Priority: 10
2025-11-23 18:57:54,099 : INFO : EventManager : Event: ======'modes_active_modes_changed'====== Args={}
2025-11-23 18:57:54,099 : INFO : EventManager : Event: ======'mode_attract_started'====== Args={}
2025-11-23 18:57:54,100 : INFO : EventManager : Event: ======'collecting_balls_complete'====== Args={}
2025-11-23 18:57:54,100 : INFO : EventManager : Event: ======'carousel_item_highlighted'====== Args={'carousel': 'attract', 'direction': None, 'item': 'title'}
2025-11-23 18:57:54,100 : INFO : Machine : Starting the main run loop with active modes: [<Mode.attract>]
2025-11-23 18:57:54,204 : INFO : EventManager : Event: ======'slide_attract_created'====== Args={'_from_bcp': True}
2025-11-23 18:57:54,204 : INFO : EventManager : Event: ======'slide__removed'====== Args={'_from_bcp': True}
2025-11-23 18:57:54,204 : INFO : EventManager : Event: ======'slide_attract_active'====== Args={'original_context': 'attract', 'original_calling_context': 'mode_attract_started', 'priority': 10.0, 'cmd': 'slides_play', '_from_bcp': True}
2025-11-23 18:57:55,765 : INFO : SwitchController : <<<<<<< 's_right_flipper' active >>>>>>>
2025-11-23 18:57:55,765 : INFO : EventManager : Event: ======'s_right_flipper_active'====== Args={}
2025-11-23 18:57:55,766 : INFO : EventManager : Event: ======'carousel_item_highlighted'====== Args={'carousel': 'attract', 'direction': 'forwards', 'item': 'credits'}
2025-11-23 18:57:55,849 : INFO : SwitchController : <<<<<<< 's_right_flipper' inactive >>>>>>>
2025-11-23 18:57:56,249 : INFO : SwitchController : <<<<<<< 's_right_flipper' active >>>>>>>
2025-11-23 18:57:56,249 : INFO : EventManager : Event: ======'s_right_flipper_active'====== Args={}
2025-11-23 18:57:56,249 : INFO : EventManager : Event: ======'carousel_item_highlighted'====== Args={'carousel': 'attract', 'direction': 'forwards', 'item': 'mpf_and_cobrapin_logo'}
2025-11-23 18:57:56,348 : INFO : SwitchController : <<<<<<< 's_right_flipper' inactive >>>>>>>
2025-11-23 18:57:56,948 : INFO : SwitchController : <<<<<<< 's_right_flipper' active >>>>>>>
2025-11-23 18:57:56,949 : INFO : EventManager : Event: ======'s_right_flipper_active'====== Args={}
2025-11-23 18:57:56,950 : INFO : EventManager : Event: ======'carousel_item_highlighted'====== Args={'carousel': 'attract', 'direction': 'forwards', 'item': 'team_cherry'}
2025-11-23 18:57:57,049 : INFO : SwitchController : <<<<<<< 's_right_flipper' inactive >>>>>>>
2025-11-23 18:57:57,899 : INFO : SwitchController : <<<<<<< 's_left_flipper' active >>>>>>>
2025-11-23 18:57:57,899 : INFO : EventManager : Event: ======'s_left_flipper_active'====== Args={}
2025-11-23 18:57:57,899 : INFO : EventManager : Event: ======'carousel_item_highlighted'====== Args={'carousel': 'attract', 'direction': 'backwards', 'item': 'mpf_and_cobrapin_logo'}
2025-11-23 18:57:57,999 : INFO : SwitchController : <<<<<<< 's_left_flipper' inactive >>>>>>>
2025-11-23 18:57:58,131 : INFO : SwitchController : <<<<<<< 's_left_flipper' active >>>>>>>
2025-11-23 18:57:58,132 : INFO : EventManager : Event: ======'s_left_flipper_active'====== Args={}
2025-11-23 18:57:58,132 : INFO : EventManager : Event: ======'carousel_item_highlighted'====== Args={'carousel': 'attract', 'direction': 'backwards', 'item': 'credits'}
2025-11-23 18:57:58,232 : INFO : SwitchController : <<<<<<< 's_left_flipper' inactive >>>>>>>
2025-11-23 18:57:58,582 : INFO : SwitchController : <<<<<<< 's_left_flipper' active >>>>>>>
2025-11-23 18:57:58,582 : INFO : EventManager : Event: ======'s_left_flipper_active'====== Args={}
2025-11-23 18:57:58,583 : INFO : EventManager : Event: ======'carousel_item_highlighted'====== Args={'carousel': 'attract', 'direction': 'backwards', 'item': 'title'}
2025-11-23 18:57:58,682 : INFO : SwitchController : <<<<<<< 's_left_flipper' inactive >>>>>>>
2025-11-23 18:57:59,065 : INFO : SwitchController : <<<<<<< 's_left_flipper' active >>>>>>>
2025-11-23 18:57:59,065 : INFO : EventManager : Event: ======'s_left_flipper_active'====== Args={}
2025-11-23 18:57:59,066 : INFO : EventManager : Event: ======'carousel_item_highlighted'====== Args={'carousel': 'attract', 'direction': 'backwards', 'item': 'team_cherry'}
2025-11-23 18:57:59,165 : INFO : SwitchController : <<<<<<< 's_left_flipper' inactive >>>>>>>
2025-11-23 18:57:59,498 : INFO : SwitchController : <<<<<<< 's_left_flipper' active >>>>>>>
2025-11-23 18:57:59,499 : INFO : EventManager : Event: ======'s_left_flipper_active'====== Args={}
2025-11-23 18:57:59,499 : INFO : EventManager : Event: ======'carousel_item_highlighted'====== Args={'carousel': 'attract', 'direction': 'backwards', 'item': 'mpf_and_cobrapin_logo'}
2025-11-23 18:57:59,615 : INFO : SwitchController : <<<<<<< 's_left_flipper' inactive >>>>>>>
2025-11-23 18:58:00,349 : INFO : SwitchController : <<<<<<< 's_right_flipper' active >>>>>>>
2025-11-23 18:58:00,349 : INFO : EventManager : Event: ======'s_right_flipper_active'====== Args={}
2025-11-23 18:58:00,350 : INFO : EventManager : Event: ======'carousel_item_highlighted'====== Args={'carousel': 'attract', 'direction': 'forwards', 'item': 'team_cherry'}
2025-11-23 18:58:00,498 : INFO : SwitchController : <<<<<<< 's_right_flipper' inactive >>>>>>>
2025-11-23 18:58:00,631 : INFO : SwitchController : <<<<<<< 's_right_flipper' active >>>>>>>
2025-11-23 18:58:00,632 : INFO : EventManager : Event: ======'s_right_flipper_active'====== Args={}
2025-11-23 18:58:00,632 : INFO : EventManager : Event: ======'carousel_item_highlighted'====== Args={'carousel': 'attract', 'direction': 'forwards', 'item': 'title'}
2025-11-23 18:58:00,715 : INFO : SwitchController : <<<<<<< 's_right_flipper' inactive >>>>>>>
2025-11-23 18:58:00,848 : INFO : SwitchController : <<<<<<< 's_right_flipper' active >>>>>>>
2025-11-23 18:58:00,848 : INFO : EventManager : Event: ======'s_right_flipper_active'====== Args={}
2025-11-23 18:58:00,849 : INFO : EventManager : Event: ======'carousel_item_highlighted'====== Args={'carousel': 'attract', 'direction': 'forwards', 'item': 'credits'}
2025-11-23 18:58:00,964 : INFO : SwitchController : <<<<<<< 's_right_flipper' inactive >>>>>>>
2025-11-23 18:58:01,148 : INFO : SwitchController : <<<<<<< 's_right_flipper' active >>>>>>>
2025-11-23 18:58:01,149 : INFO : EventManager : Event: ======'s_right_flipper_active'====== Args={}
2025-11-23 18:58:01,149 : INFO : EventManager : Event: ======'carousel_item_highlighted'====== Args={'carousel': 'attract', 'direction': 'forwards', 'item': 'mpf_and_cobrapin_logo'}
2025-11-23 18:58:01,248 : INFO : SwitchController : <<<<<<< 's_right_flipper' inactive >>>>>>>
2025-11-23 18:58:01,632 : INFO : SwitchController : <<<<<<< 's_left_flipper' active >>>>>>>
2025-11-23 18:58:01,632 : INFO : EventManager : Event: ======'s_left_flipper_active'====== Args={}
2025-11-23 18:58:01,633 : INFO : EventManager : Event: ======'carousel_item_highlighted'====== Args={'carousel': 'attract', 'direction': 'backwards', 'item': 'credits'}
2025-11-23 18:58:01,782 : INFO : SwitchController : <<<<<<< 's_left_flipper' inactive >>>>>>>
2025-11-23 18:58:02,198 : INFO : SwitchController : <<<<<<< 's_left_flipper' active >>>>>>>
2025-11-23 18:58:02,198 : INFO : EventManager : Event: ======'s_left_flipper_active'====== Args={}
2025-11-23 18:58:02,199 : INFO : EventManager : Event: ======'carousel_item_highlighted'====== Args={'carousel': 'attract', 'direction': 'backwards', 'item': 'title'}
2025-11-23 18:58:02,315 : INFO : SwitchController : <<<<<<< 's_left_flipper' inactive >>>>>>>
2025-11-23 18:58:05,031 : INFO : SwitchController : <<<<<<< 's_right_flipper' active >>>>>>>
2025-11-23 18:58:05,031 : INFO : EventManager : Event: ======'s_right_flipper_active'====== Args={}
2025-11-23 18:58:05,032 : INFO : EventManager : Event: ======'carousel_item_highlighted'====== Args={'carousel': 'attract', 'direction': 'forwards', 'item': 'credits'}
2025-11-23 18:58:05,165 : INFO : SwitchController : <<<<<<< 's_right_flipper' inactive >>>>>>>
2025-11-23 18:58:05,399 : INFO : SwitchController : <<<<<<< 's_right_flipper' active >>>>>>>
2025-11-23 18:58:05,399 : INFO : EventManager : Event: ======'s_right_flipper_active'====== Args={}
2025-11-23 18:58:05,399 : INFO : EventManager : Event: ======'carousel_item_highlighted'====== Args={'carousel': 'attract', 'direction': 'forwards', 'item': 'mpf_and_cobrapin_logo'}
2025-11-23 18:58:05,515 : INFO : SwitchController : <<<<<<< 's_right_flipper' inactive >>>>>>>
2025-11-23 18:58:05,948 : INFO : SwitchController : <<<<<<< 's_right_flipper' active >>>>>>>
2025-11-23 18:58:05,948 : INFO : EventManager : Event: ======'s_right_flipper_active'====== Args={}
2025-11-23 18:58:05,949 : INFO : EventManager : Event: ======'carousel_item_highlighted'====== Args={'carousel': 'attract', 'direction': 'forwards', 'item': 'team_cherry'}
2025-11-23 18:58:06,082 : INFO : SwitchController : <<<<<<< 's_right_flipper' inactive >>>>>>>
2025-11-23 18:58:12,355 : INFO : Machine : Shutting down...
2025-11-23 18:58:12,355 : INFO : EventManager : Event: ======'shutdown'====== Args={}
2025-11-23 18:58:12,358 : INFO : root : MPF run loop ended.
