2025-11-26 07:46:51,331 : INFO : root : Loading config.
2025-11-26 07:46:51,332 : INFO : YamlMultifileConfigLoader : Machine config file #1: config.yaml
2025-11-26 07:46:51,333 : INFO : ConfigProcessor : Loading config from cache: /var/folders/k0/j_dpx55x4kndbs36pl2nt9l00000gn/T/92f7f295141fbdde09e201e7fd0f1349.mpf_cache
2025-11-26 07:46:51,359 : INFO : ConfigProcessor : Loading config from cache: /var/folders/k0/j_dpx55x4kndbs36pl2nt9l00000gn/T/7b77bdcd1da4c54cc720d492bab55a0d.mpf_cache
2025-11-26 07:46:51,359 : INFO : ConfigProcessor : Loading config from cache: /var/folders/k0/j_dpx55x4kndbs36pl2nt9l00000gn/T/501e18c1625d42f1ba9bf53b020c49c5.mpf_cache
2025-11-26 07:46:51,360 : INFO : ConfigProcessor : Loading config from cache: /var/folders/k0/j_dpx55x4kndbs36pl2nt9l00000gn/T/7b77bdcd1da4c54cc720d492bab55a0d.mpf_cache
2025-11-26 07:46:51,360 : INFO : ConfigProcessor : Loading config from cache: /var/folders/k0/j_dpx55x4kndbs36pl2nt9l00000gn/T/dda6f4da00898f9f0a4796a41d9a2ef0.mpf_cache
2025-11-26 07:46:51,360 : INFO : ConfigProcessor : Loading config from cache: /var/folders/k0/j_dpx55x4kndbs36pl2nt9l00000gn/T/522fc819f659907ecbd91e12554f307a.mpf_cache
2025-11-26 07:46:51,360 : INFO : ConfigProcessor : Loading config from cache: /var/folders/k0/j_dpx55x4kndbs36pl2nt9l00000gn/T/05e9cee2d62266bbcd3eb3df28f11ba0.mpf_cache
2025-11-26 07:46:51,360 : INFO : ConfigProcessor : Loading config from cache: /var/folders/k0/j_dpx55x4kndbs36pl2nt9l00000gn/T/a751b7622f38b4d73d2da25b66d734b1.mpf_cache
2025-11-26 07:46:51,361 : INFO : ConfigProcessor : Loading config from cache: /var/folders/k0/j_dpx55x4kndbs36pl2nt9l00000gn/T/515d12d22bfc89771946156b9f4733e7.mpf_cache
2025-11-26 07:46:51,361 : INFO : ConfigProcessor : Loading config from cache: /var/folders/k0/j_dpx55x4kndbs36pl2nt9l00000gn/T/3db5df4db04e3e0d951f803bb6fa84e6.mpf_cache
2025-11-26 07:46:51,361 : INFO : ConfigProcessor : Loading config from cache: /var/folders/k0/j_dpx55x4kndbs36pl2nt9l00000gn/T/3572cafb19834c572118c1dfbec55588.mpf_cache
2025-11-26 07:46:51,361 : INFO : ConfigProcessor : Loading config from cache: /var/folders/k0/j_dpx55x4kndbs36pl2nt9l00000gn/T/39b20d9bce0c2f44f75a85f57a0d45f4.mpf_cache
2025-11-26 07:46:51,362 : INFO : ConfigProcessor : Loading config from cache: /var/folders/k0/j_dpx55x4kndbs36pl2nt9l00000gn/T/189edcb2679eb1788c8ca3be3e29f2f1.mpf_cache
2025-11-26 07:46:51,362 : INFO : ConfigProcessor : Loading config from cache: /var/folders/k0/j_dpx55x4kndbs36pl2nt9l00000gn/T/f00019ffccce993d2850c9d82b9dc44e.mpf_cache
2025-11-26 07:46:51,362 : INFO : ConfigProcessor : Loading config from cache: /var/folders/k0/j_dpx55x4kndbs36pl2nt9l00000gn/T/14560612c17bb039b05632d29f192033.mpf_cache
2025-11-26 07:46:51,363 : WARNING : ConfigProcessor : Config file in cache changed: /Users/samhughes/Desktop/Hollow-Knight-Pinball/modes/dirtmouth/config/dirtmouth.yaml
2025-11-26 07:46:51,363 : INFO : ConfigProcessor : Loading config from file /Users/samhughes/Desktop/Hollow-Knight-Pinball/modes/dirtmouth/config/dirtmouth.yaml.
2025-11-26 07:46:51,364 : INFO : ConfigProcessor : Loading config: /Users/samhughes/Desktop/Hollow-Knight-Pinball/modes/dirtmouth/config/dirtmouth.yaml
2025-11-26 07:46:51,364 : INFO : ConfigProcessor : Config file cache created: /var/folders/k0/j_dpx55x4kndbs36pl2nt9l00000gn/T/1b88d79160cc8850354d058f9a270569.mpf_cache
2025-11-26 07:46:51,364 : INFO : Machine : Mission Pinball Framework Core Engine v0.80.0.dev11
2025-11-26 07:46:51,364 : INFO : Machine : Command line arguments: {'no_load_cache': False, 'create_config_cache': True, 'bcp': True, 'configfile': ['config.yaml'], 'force_assets_load': False, 'platform_integration_test': False, 'jsonlogging': False, 'logfile': 'logs/2025-11-26-07-46-51-mpf-Sams-MacBook-Air-2.local.log', 'pause': False, 'production': False, 'text_ui': True, 'loglevel': 15, 'consoleloglevel': 20, 'force_platform': 'smart_virtual', 'syslog_address': None, 'full_logfile_path': '/Users/samhughes/Desktop/Hollow-Knight-Pinball/logs/2025-11-26-07-46-51-mpf-Sams-MacBook-Air-2.local.log'}
2025-11-26 07:46:51,364 : INFO : Machine : MPF path: /Users/samhughes/mpf/lib/python3.13/site-packages/mpf
2025-11-26 07:46:51,365 : INFO : Machine : Machine path: /Users/samhughes/Desktop/Hollow-Knight-Pinball
2025-11-26 07:46:51,365 : INFO : Machine : Platform: darwin
2025-11-26 07:46:51,365 : INFO : Machine : Python executable location: /Users/samhughes/mpf/bin/python3.13
2025-11-26 07:46:51,365 : INFO : Machine : Python version: 3.13.2 (64-bit)
2025-11-26 07:46:51,365 : INFO : Machine : Initializing MPF...
2025-11-26 07:46:51,396 : INFO : EventManager : Event: ======'machine_var_credits_string'====== Args={'value': 'FREE PLAY', 'prev_value': None, 'change': True}
2025-11-26 07:46:51,402 : INFO : EventManager : Event: ======'machine_var_master_volume'====== Args={'value': 0.5, 'prev_value': None, 'change': True}
2025-11-26 07:46:51,402 : INFO : EventManager : Event: ======'machine_var_player1_score'====== Args={'value': 81940, 'prev_value': None, 'change': True}
2025-11-26 07:46:51,402 : INFO : EventManager : Event: ======'machine_var_mpf_version'====== Args={'value': 'Mission Pinball Framework v0.80.0.dev11', 'prev_value': None, 'change': True}
2025-11-26 07:46:51,402 : INFO : EventManager : Event: ======'machine_var_mpf_extended_version'====== Args={'value': 'Mission Pinball Framework v0.80.0.dev11, Config version:6, Show version: 6, BCP version:1.1', 'prev_value': None, 'change': True}
2025-11-26 07:46:51,402 : INFO : EventManager : Event: ======'machine_var_python_version'====== Args={'value': '3.13.2', 'prev_value': None, 'change': True}
2025-11-26 07:46:51,410 : INFO : EventManager : Event: ======'machine_var_platform'====== Args={'value': 'macOS-15.6.1-arm64-arm-64bit-Mach-O', 'prev_value': None, 'change': True}
2025-11-26 07:46:51,410 : INFO : EventManager : Event: ======'machine_var_platform_system'====== Args={'value': 'Darwin', 'prev_value': None, 'change': True}
2025-11-26 07:46:51,410 : INFO : EventManager : Event: ======'machine_var_platform_release'====== Args={'value': '24.6.0', 'prev_value': None, 'change': True}
2025-11-26 07:46:51,410 : INFO : EventManager : Event: ======'machine_var_platform_version'====== Args={'value': 'Darwin Kernel Version 24.6.0: Mon Jul 14 11:29:54 PDT 2025; root:xnu-11417.140.69~1/RELEASE_ARM64_T8122', 'prev_value': None, 'change': True}
2025-11-26 07:46:51,410 : INFO : EventManager : Event: ======'machine_var_platform_machine'====== Args={'value': 'arm64', 'prev_value': None, 'change': True}
2025-11-26 07:46:51,410 : INFO : EventManager : Event: ======'machine_var_log_file_path'====== Args={'value': '/Users/samhughes/Desktop/Hollow-Knight-Pinball/logs/2025-11-26-07-46-51-mpf-Sams-MacBook-Air-2.local.log', 'prev_value': None, 'change': True}
2025-11-26 07:46:51,410 : INFO : EventManager : Event: ======'init_phase_1'====== Args={}
2025-11-26 07:46:51,415 : ERROR : asyncio : Exception in callback EventManager._async_handler_done()() at /Users/samhughes/mpf/lib/python3.13/site-packages/mpf/core/events.py:124
handle: <Handle EventManager._async_handler_done()() at /Users/samhughes/mpf/lib/python3.13/site-packages/mpf/core/events.py:124>
Traceback (most recent call last):
  File "/Library/Frameworks/Python.framework/Versions/3.13/lib/python3.13/asyncio/events.py", line 89, in _run
    self._context.run(self._callback, *self._args)
    ~~~~~~~~~~~~~~~~~^^^^^^^^^^^^^^^^^^^^^^^^^^^^^
  File "/Users/samhughes/mpf/lib/python3.13/site-packages/mpf/core/events.py", line 127, in _async_handler_done
    future.result()
    ~~~~~~~~~~~~~^^
  File "/Users/samhughes/mpf/lib/python3.13/site-packages/mpf/core/device_manager.py", line 85, in _load_device_modules
    self.machine.mode_controller.create_mode_devices()
    ~~~~~~~~~~~~~~~~~~~~~~~~~~~~~~~~~~~~~~~~~~~~~~~~^^
  File "/Users/samhughes/mpf/lib/python3.13/site-packages/mpf/core/mode_controller.py", line 81, in create_mode_devices
    mode.create_mode_devices()
    ~~~~~~~~~~~~~~~~~~~~~~~~^^
  File "/Users/samhughes/mpf/lib/python3.13/site-packages/mpf/core/mode.py", line 425, in create_mode_devices
    self.machine.device_manager.create_devices(
    ~~~~~~~~~~~~~~~~~~~~~~~~~~~~~~~~~~~~~~~~~~^
        collection.name, {device: settings})
        ^^^^^^^^^^^^^^^^^^^^^^^^^^^^^^^^^^^^
  File "/Users/samhughes/mpf/lib/python3.13/site-packages/mpf/core/device_manager.py", line 123, in create_devices
    self.raise_config_error("Device {}:'{}' does not have a valid config. Expected a dictionary.".format(
    ~~~~~~~~~~~~~~~~~~~~~~~^^^^^^^^^^^^^^^^^^^^^^^^^^^^^^^^^^^^^^^^^^^^^^^^^^^^^^^^^^^^^^^^^^^^^^^^^^^^^^
        collection_name, device_name), 3, context=collection_name + "." + device_name)
        ^^^^^^^^^^^^^^^^^^^^^^^^^^^^^^^^^^^^^^^^^^^^^^^^^^^^^^^^^^^^^^^^^^^^^^^^^^^^^^
  File "/Users/samhughes/mpf/lib/python3.13/site-packages/mpf/core/logging.py", line 175, in raise_config_error
    raise ConfigFileError(msg, error_no, self.log.name if self.log else "", context, self._url_base) \
        from source_exception
mpf.exceptions.config_file_error.ConfigFileError: Config File Error in DeviceManager: Device shot_groups:'locks' does not have a valid config. Expected a dictionary. Context: shot_groups.locks Error Code: CFE-DeviceManager-3 (https://missionpinball.org/logs)
2025-11-26 07:46:51,418 : INFO : Machine : Starting the main run loop with active modes: []
2025-11-26 07:46:51,418 : WARNING : Machine : Attract mode is not active, game will not be playable. Please check your attract mode configuration.
2025-11-26 07:46:51,418 : INFO : Machine : Shutting down...
2025-11-26 07:46:51,418 : INFO : EventManager : Event: ======'shutdown'====== Args={}
2025-11-26 07:46:52,421 : ERROR : Machine : Runtime Exception
Traceback (most recent call last):
  File "/Users/samhughes/mpf/lib/python3.13/site-packages/mpf/core/machine.py", line 810, in _run_loop
    raise self._exception['exception']
  File "/Library/Frameworks/Python.framework/Versions/3.13/lib/python3.13/asyncio/events.py", line 89, in _run
    self._context.run(self._callback, *self._args)
    ~~~~~~~~~~~~~~~~~^^^^^^^^^^^^^^^^^^^^^^^^^^^^^
  File "/Users/samhughes/mpf/lib/python3.13/site-packages/mpf/core/events.py", line 127, in _async_handler_done
    future.result()
    ~~~~~~~~~~~~~^^
  File "/Users/samhughes/mpf/lib/python3.13/site-packages/mpf/core/device_manager.py", line 85, in _load_device_modules
    self.machine.mode_controller.create_mode_devices()
    ~~~~~~~~~~~~~~~~~~~~~~~~~~~~~~~~~~~~~~~~~~~~~~~~^^
  File "/Users/samhughes/mpf/lib/python3.13/site-packages/mpf/core/mode_controller.py", line 81, in create_mode_devices
    mode.create_mode_devices()
    ~~~~~~~~~~~~~~~~~~~~~~~~^^
  File "/Users/samhughes/mpf/lib/python3.13/site-packages/mpf/core/mode.py", line 425, in create_mode_devices
    self.machine.device_manager.create_devices(
    ~~~~~~~~~~~~~~~~~~~~~~~~~~~~~~~~~~~~~~~~~~^
        collection.name, {device: settings})
        ^^^^^^^^^^^^^^^^^^^^^^^^^^^^^^^^^^^^
  File "/Users/samhughes/mpf/lib/python3.13/site-packages/mpf/core/device_manager.py", line 123, in create_devices
    self.raise_config_error("Device {}:'{}' does not have a valid config. Expected a dictionary.".format(
    ~~~~~~~~~~~~~~~~~~~~~~~^^^^^^^^^^^^^^^^^^^^^^^^^^^^^^^^^^^^^^^^^^^^^^^^^^^^^^^^^^^^^^^^^^^^^^^^^^^^^^
        collection_name, device_name), 3, context=collection_name + "." + device_name)
        ^^^^^^^^^^^^^^^^^^^^^^^^^^^^^^^^^^^^^^^^^^^^^^^^^^^^^^^^^^^^^^^^^^^^^^^^^^^^^^
  File "/Users/samhughes/mpf/lib/python3.13/site-packages/mpf/core/logging.py", line 175, in raise_config_error
    raise ConfigFileError(msg, error_no, self.log.name if self.log else "", context, self._url_base) \
        from source_exception
mpf.exceptions.config_file_error.ConfigFileError: Config File Error in DeviceManager: Device shot_groups:'locks' does not have a valid config. Expected a dictionary. Context: shot_groups.locks Error Code: CFE-DeviceManager-3 (https://missionpinball.org/logs)
2025-11-26 07:46:52,425 : INFO : root : MPF run loop ended.
