2025-11-25 15:54:48,546 : INFO : root : Loading config.
2025-11-25 15:54:48,548 : INFO : YamlMultifileConfigLoader : Machine config file #1: config.yaml
2025-11-25 15:54:48,548 : INFO : ConfigProcessor : Loading config from cache: /var/folders/k0/j_dpx55x4kndbs36pl2nt9l00000gn/T/92f7f295141fbdde09e201e7fd0f1349.mpf_cache
2025-11-25 15:54:48,576 : INFO : ConfigProcessor : Loading config from cache: /var/folders/k0/j_dpx55x4kndbs36pl2nt9l00000gn/T/7b77bdcd1da4c54cc720d492bab55a0d.mpf_cache
2025-11-25 15:54:48,576 : INFO : ConfigProcessor : Loading config from cache: /var/folders/k0/j_dpx55x4kndbs36pl2nt9l00000gn/T/501e18c1625d42f1ba9bf53b020c49c5.mpf_cache
2025-11-25 15:54:48,577 : INFO : ConfigProcessor : Loading config from cache: /var/folders/k0/j_dpx55x4kndbs36pl2nt9l00000gn/T/7b77bdcd1da4c54cc720d492bab55a0d.mpf_cache
2025-11-25 15:54:48,577 : INFO : ConfigProcessor : Loading config from cache: /var/folders/k0/j_dpx55x4kndbs36pl2nt9l00000gn/T/dda6f4da00898f9f0a4796a41d9a2ef0.mpf_cache
2025-11-25 15:54:48,577 : INFO : ConfigProcessor : Loading config from cache: /var/folders/k0/j_dpx55x4kndbs36pl2nt9l00000gn/T/522fc819f659907ecbd91e12554f307a.mpf_cache
2025-11-25 15:54:48,577 : INFO : ConfigProcessor : Loading config from cache: /var/folders/k0/j_dpx55x4kndbs36pl2nt9l00000gn/T/05e9cee2d62266bbcd3eb3df28f11ba0.mpf_cache
2025-11-25 15:54:48,578 : INFO : ConfigProcessor : Loading config from cache: /var/folders/k0/j_dpx55x4kndbs36pl2nt9l00000gn/T/a751b7622f38b4d73d2da25b66d734b1.mpf_cache
2025-11-25 15:54:48,578 : INFO : ConfigProcessor : Loading config from cache: /var/folders/k0/j_dpx55x4kndbs36pl2nt9l00000gn/T/515d12d22bfc89771946156b9f4733e7.mpf_cache
2025-11-25 15:54:48,578 : INFO : ConfigProcessor : Loading config from cache: /var/folders/k0/j_dpx55x4kndbs36pl2nt9l00000gn/T/3db5df4db04e3e0d951f803bb6fa84e6.mpf_cache
2025-11-25 15:54:48,579 : INFO : ConfigProcessor : Loading config from cache: /var/folders/k0/j_dpx55x4kndbs36pl2nt9l00000gn/T/3572cafb19834c572118c1dfbec55588.mpf_cache
2025-11-25 15:54:48,579 : INFO : ConfigProcessor : Loading config from cache: /var/folders/k0/j_dpx55x4kndbs36pl2nt9l00000gn/T/39b20d9bce0c2f44f75a85f57a0d45f4.mpf_cache
2025-11-25 15:54:48,580 : INFO : ConfigProcessor : Loading config from cache: /var/folders/k0/j_dpx55x4kndbs36pl2nt9l00000gn/T/189edcb2679eb1788c8ca3be3e29f2f1.mpf_cache
2025-11-25 15:54:48,580 : INFO : ConfigProcessor : Loading config from cache: /var/folders/k0/j_dpx55x4kndbs36pl2nt9l00000gn/T/f00019ffccce993d2850c9d82b9dc44e.mpf_cache
2025-11-25 15:54:48,580 : INFO : ConfigProcessor : Loading config from cache: /var/folders/k0/j_dpx55x4kndbs36pl2nt9l00000gn/T/14560612c17bb039b05632d29f192033.mpf_cache
2025-11-25 15:54:48,580 : INFO : ConfigProcessor : Loading config from cache: /var/folders/k0/j_dpx55x4kndbs36pl2nt9l00000gn/T/1b88d79160cc8850354d058f9a270569.mpf_cache
2025-11-25 15:54:48,581 : INFO : Machine : Mission Pinball Framework Core Engine v0.80.0.dev11
2025-11-25 15:54:48,581 : INFO : Machine : Command line arguments: {'no_load_cache': False, 'create_config_cache': True, 'bcp': True, 'configfile': ['config.yaml'], 'force_assets_load': False, 'platform_integration_test': False, 'jsonlogging': False, 'logfile': 'logs/2025-11-25-15-54-48-mpf-Sams-MacBook-Air-2.local.log', 'pause': False, 'production': False, 'text_ui': False, 'loglevel': 15, 'consoleloglevel': 20, 'force_platform': 'virtual', 'syslog_address': None, 'full_logfile_path': '/Users/samhughes/Desktop/Hollow-Knight-Pinball/logs/2025-11-25-15-54-48-mpf-Sams-MacBook-Air-2.local.log'}
2025-11-25 15:54:48,581 : INFO : Machine : MPF path: /Users/samhughes/mpf/lib/python3.13/site-packages/mpf
2025-11-25 15:54:48,581 : INFO : Machine : Machine path: /Users/samhughes/Desktop/Hollow-Knight-Pinball
2025-11-25 15:54:48,581 : INFO : Machine : Platform: darwin
2025-11-25 15:54:48,581 : INFO : Machine : Python executable location: /Users/samhughes/mpf/bin/python3.13
2025-11-25 15:54:48,581 : INFO : Machine : Python version: 3.13.2 (64-bit)
2025-11-25 15:54:48,581 : INFO : Machine : Initializing MPF...
2025-11-25 15:54:48,610 : INFO : EventManager : Event: ======'machine_var_credits_string'====== Args={'value': 'FREE PLAY', 'prev_value': None, 'change': True}
2025-11-25 15:54:48,616 : INFO : EventManager : Event: ======'machine_var_master_volume'====== Args={'value': 0.5, 'prev_value': None, 'change': True}
2025-11-25 15:54:48,616 : INFO : EventManager : Event: ======'machine_var_player1_score'====== Args={'value': 81940, 'prev_value': None, 'change': True}
2025-11-25 15:54:48,616 : INFO : EventManager : Event: ======'machine_var_mpf_version'====== Args={'value': 'Mission Pinball Framework v0.80.0.dev11', 'prev_value': None, 'change': True}
2025-11-25 15:54:48,616 : INFO : EventManager : Event: ======'machine_var_mpf_extended_version'====== Args={'value': 'Mission Pinball Framework v0.80.0.dev11, Config version:6, Show version: 6, BCP version:1.1', 'prev_value': None, 'change': True}
2025-11-25 15:54:48,616 : INFO : EventManager : Event: ======'machine_var_python_version'====== Args={'value': '3.13.2', 'prev_value': None, 'change': True}
2025-11-25 15:54:48,624 : INFO : EventManager : Event: ======'machine_var_platform'====== Args={'value': 'macOS-15.6.1-arm64-arm-64bit-Mach-O', 'prev_value': None, 'change': True}
2025-11-25 15:54:48,624 : INFO : EventManager : Event: ======'machine_var_platform_system'====== Args={'value': 'Darwin', 'prev_value': None, 'change': True}
2025-11-25 15:54:48,624 : INFO : EventManager : Event: ======'machine_var_platform_release'====== Args={'value': '24.6.0', 'prev_value': None, 'change': True}
2025-11-25 15:54:48,624 : INFO : EventManager : Event: ======'machine_var_platform_version'====== Args={'value': 'Darwin Kernel Version 24.6.0: Mon Jul 14 11:29:54 PDT 2025; root:xnu-11417.140.69~1/RELEASE_ARM64_T8122', 'prev_value': None, 'change': True}
2025-11-25 15:54:48,624 : INFO : EventManager : Event: ======'machine_var_platform_machine'====== Args={'value': 'arm64', 'prev_value': None, 'change': True}
2025-11-25 15:54:48,624 : INFO : EventManager : Event: ======'machine_var_log_file_path'====== Args={'value': '/Users/samhughes/Desktop/Hollow-Knight-Pinball/logs/2025-11-25-15-54-48-mpf-Sams-MacBook-Air-2.local.log', 'prev_value': None, 'change': True}
2025-11-25 15:54:48,624 : INFO : EventManager : Event: ======'init_phase_1'====== Args={}
2025-11-25 15:54:48,632 : INFO : EventManager : Event: ======'init_phase_2'====== Args={}
2025-11-25 15:54:48,632 : INFO : SwitchController : Found active switch: (1002, <Platform.Virtual>) <switch.s_trough_1>
2025-11-25 15:54:48,632 : INFO : SwitchController : Found active switch: (1003, <Platform.Virtual>) <switch.s_trough_2>
2025-11-25 15:54:48,632 : INFO : SwitchController : Found active switch: (1004, <Platform.Virtual>) <switch.s_trough_3>
2025-11-25 15:54:48,633 : INFO : EventManager : Event: ======'bcp_connection_attempt'====== Args={'name': 'local_display', 'host': 'localhost', 'port': 5050}
2025-11-25 15:54:48,633 : INFO : BCPClientSocket : Connecting BCP to 'local_display' at localhost:5050...
2025-11-25 15:54:53,493 : INFO : BCPClientSocket : Connected BCP to 'local_display' localhost:5050
2025-11-25 15:54:53,494 : INFO : EventManager : Event: ======'bcp_clients_connected'====== Args={}
2025-11-25 15:54:53,495 : INFO : ball_device.bd_trough : BCH: Initial count: 3
2025-11-25 15:54:53,496 : INFO : ball_device.bd_trough : State: idle
2025-11-25 15:54:53,496 : INFO : ball_device.bd_plunger : BCH: Initial count: 0
2025-11-25 15:54:53,497 : INFO : ball_device.bd_plunger : State: idle
2025-11-25 15:54:53,519 : INFO : EventManager : Event: ======'init_phase_3'====== Args={}
2025-11-25 15:54:53,520 : INFO : EventManager : Event: ======'init_phase_4'====== Args={}
2025-11-25 15:54:53,520 : INFO : BallController : Initial balls found: 3
2025-11-25 15:54:53,521 : INFO : EventManager : Event: ======'machine_var_audits_events_game_ended'====== Args={'value': 6, 'prev_value': None, 'change': True}
2025-11-25 15:54:53,521 : INFO : EventManager : Event: ======'machine_var_audits_events_game_started'====== Args={'value': 35, 'prev_value': None, 'change': True}
2025-11-25 15:54:53,521 : INFO : EventManager : Event: ======'machine_var_audits_missing_switches_s_back_left_target'====== Args={'value': 4, 'prev_value': None, 'change': True}
2025-11-25 15:54:53,521 : INFO : EventManager : Event: ======'machine_var_audits_missing_switches_s_back_middle_left_target'====== Args={'value': 8, 'prev_value': None, 'change': True}
2025-11-25 15:54:53,521 : INFO : EventManager : Event: ======'machine_var_audits_missing_switches_s_back_middle_right_target'====== Args={'value': 8, 'prev_value': None, 'change': True}
2025-11-25 15:54:53,521 : INFO : EventManager : Event: ======'machine_var_audits_missing_switches_s_back_right_target'====== Args={'value': 14, 'prev_value': None, 'change': True}
2025-11-25 15:54:53,521 : INFO : EventManager : Event: ======'machine_var_audits_missing_switches_s_bottom_left_slingshot'====== Args={'value': 35, 'prev_value': None, 'change': True}
2025-11-25 15:54:53,521 : INFO : EventManager : Event: ======'machine_var_audits_missing_switches_s_bottom_right_slingshot'====== Args={'value': 35, 'prev_value': None, 'change': True}
2025-11-25 15:54:53,521 : INFO : EventManager : Event: ======'machine_var_audits_missing_switches_s_front_left_target'====== Args={'value': 4, 'prev_value': None, 'change': True}
2025-11-25 15:54:53,521 : INFO : EventManager : Event: ======'machine_var_audits_missing_switches_s_front_middle_target'====== Args={'value': 4, 'prev_value': None, 'change': True}
2025-11-25 15:54:53,521 : INFO : EventManager : Event: ======'machine_var_audits_missing_switches_s_front_right_target'====== Args={'value': 4, 'prev_value': None, 'change': True}
2025-11-25 15:54:53,521 : INFO : EventManager : Event: ======'machine_var_audits_missing_switches_s_lane_to_pop'====== Args={'value': 1, 'prev_value': None, 'change': True}
2025-11-25 15:54:53,521 : INFO : EventManager : Event: ======'machine_var_audits_missing_switches_s_left_flipper'====== Args={'value': 35, 'prev_value': None, 'change': True}
2025-11-25 15:54:53,521 : INFO : EventManager : Event: ======'machine_var_audits_missing_switches_s_left_inlane'====== Args={'value': 4, 'prev_value': None, 'change': True}
2025-11-25 15:54:53,521 : INFO : EventManager : Event: ======'machine_var_audits_missing_switches_s_left_outlane'====== Args={'value': 4, 'prev_value': None, 'change': True}
2025-11-25 15:54:53,521 : INFO : EventManager : Event: ======'machine_var_audits_missing_switches_s_pop_bumper'====== Args={'value': 8, 'prev_value': None, 'change': True}
2025-11-25 15:54:53,521 : INFO : EventManager : Event: ======'machine_var_audits_missing_switches_s_right_flipper'====== Args={'value': 7, 'prev_value': None, 'change': True}
2025-11-25 15:54:53,521 : INFO : EventManager : Event: ======'machine_var_audits_missing_switches_s_right_inlane'====== Args={'value': 4, 'prev_value': None, 'change': True}
2025-11-25 15:54:53,521 : INFO : EventManager : Event: ======'machine_var_audits_missing_switches_s_right_orbit'====== Args={'value': 8, 'prev_value': None, 'change': True}
2025-11-25 15:54:53,521 : INFO : EventManager : Event: ======'machine_var_audits_missing_switches_s_right_outlane'====== Args={'value': 4, 'prev_value': None, 'change': True}
2025-11-25 15:54:53,521 : INFO : EventManager : Event: ======'machine_var_audits_missing_switches_s_saucer'====== Args={'value': 13, 'prev_value': None, 'change': True}
2025-11-25 15:54:53,521 : INFO : EventManager : Event: ======'machine_var_audits_missing_switches_s_top_left_slingshot'====== Args={'value': 35, 'prev_value': None, 'change': True}
2025-11-25 15:54:53,521 : INFO : EventManager : Event: ======'machine_var_audits_missing_switches_s_top_right_slingshot'====== Args={'value': 35, 'prev_value': None, 'change': True}
2025-11-25 15:54:53,521 : INFO : EventManager : Event: ======'machine_var_audits_missing_switches_s_trough_1'====== Args={'value': 3, 'prev_value': None, 'change': True}
2025-11-25 15:54:53,521 : INFO : EventManager : Event: ======'machine_var_audits_missing_switches_s_trough_2'====== Args={'value': 22, 'prev_value': None, 'change': True}
2025-11-25 15:54:53,521 : INFO : EventManager : Event: ======'machine_var_audits_missing_switches_s_trough_3'====== Args={'value': 20, 'prev_value': None, 'change': True}
2025-11-25 15:54:53,521 : INFO : EventManager : Event: ======'machine_var_audits_player_score'====== Args={'value': {'average': 36284, 'top': [173500, 81940, 45000, 15000, 15000, 15000, 15000, 15000, 15000, 15000], 'total': 12}, 'prev_value': None, 'change': True}
2025-11-25 15:54:53,521 : INFO : EventManager : Event: ======'machine_var_audits_shots_back_left_target'====== Args={'value': 5, 'prev_value': None, 'change': True}
2025-11-25 15:54:53,521 : INFO : EventManager : Event: ======'machine_var_audits_shots_back_middle_right_target'====== Args={'value': 3, 'prev_value': None, 'change': True}
2025-11-25 15:54:53,521 : INFO : EventManager : Event: ======'machine_var_audits_shots_back_right_target'====== Args={'value': 1, 'prev_value': None, 'change': True}
2025-11-25 15:54:53,521 : INFO : EventManager : Event: ======'machine_var_audits_shots_bakc_middle_left_target'====== Args={'value': 2, 'prev_value': None, 'change': True}
2025-11-25 15:54:53,521 : INFO : EventManager : Event: ======'machine_var_audits_shots_front_left_target'====== Args={'value': 6, 'prev_value': None, 'change': True}
2025-11-25 15:54:53,521 : INFO : EventManager : Event: ======'machine_var_audits_shots_front_middle_target'====== Args={'value': 6, 'prev_value': None, 'change': True}
2025-11-25 15:54:53,521 : INFO : EventManager : Event: ======'machine_var_audits_shots_front_right_target'====== Args={'value': 6, 'prev_value': None, 'change': True}
2025-11-25 15:54:53,521 : INFO : EventManager : Event: ======'machine_var_audits_shots_lane_to_pop'====== Args={'value': 74, 'prev_value': None, 'change': True}
2025-11-25 15:54:53,521 : INFO : EventManager : Event: ======'machine_var_audits_shots_left_inlane'====== Args={'value': 4, 'prev_value': None, 'change': True}
2025-11-25 15:54:53,521 : INFO : EventManager : Event: ======'machine_var_audits_shots_left_orbit'====== Args={'value': 79, 'prev_value': None, 'change': True}
2025-11-25 15:54:53,521 : INFO : EventManager : Event: ======'machine_var_audits_shots_left_outlane'====== Args={'value': 5, 'prev_value': None, 'change': True}
2025-11-25 15:54:53,521 : INFO : EventManager : Event: ======'machine_var_audits_shots_pop_bumper'====== Args={'value': 21, 'prev_value': None, 'change': True}
2025-11-25 15:54:53,522 : INFO : EventManager : Event: ======'machine_var_audits_shots_ramp'====== Args={'value': 68, 'prev_value': None, 'change': True}
2025-11-25 15:54:53,522 : INFO : EventManager : Event: ======'machine_var_audits_shots_right_inlane'====== Args={'value': 13, 'prev_value': None, 'change': True}
2025-11-25 15:54:53,522 : INFO : EventManager : Event: ======'machine_var_audits_shots_right_orbit'====== Args={'value': 216, 'prev_value': None, 'change': True}
2025-11-25 15:54:53,522 : INFO : EventManager : Event: ======'machine_var_audits_shots_right_outlane'====== Args={'value': 12, 'prev_value': None, 'change': True}
2025-11-25 15:54:53,522 : INFO : EventManager : Event: ======'machine_var_audits_shots_saucer'====== Args={'value': 12, 'prev_value': None, 'change': True}
2025-11-25 15:54:53,522 : INFO : EventManager : Event: ======'machine_var_audits_shots_vuk'====== Args={'value': 77, 'prev_value': None, 'change': True}
2025-11-25 15:54:53,522 : INFO : EventManager : Event: ======'machine_var_audits_switches_s_back_left_target'====== Args={'value': 5, 'prev_value': None, 'change': True}
2025-11-25 15:54:53,522 : INFO : EventManager : Event: ======'machine_var_audits_switches_s_back_middle_left_target'====== Args={'value': 3, 'prev_value': None, 'change': True}
2025-11-25 15:54:53,522 : INFO : EventManager : Event: ======'machine_var_audits_switches_s_back_middle_right_target'====== Args={'value': 4, 'prev_value': None, 'change': True}
2025-11-25 15:54:53,522 : INFO : EventManager : Event: ======'machine_var_audits_switches_s_back_right_target'====== Args={'value': 2, 'prev_value': None, 'change': True}
2025-11-25 15:54:53,522 : INFO : EventManager : Event: ======'machine_var_audits_switches_s_bottom_left_slingshot'====== Args={'value': 0, 'prev_value': None, 'change': True}
2025-11-25 15:54:53,522 : INFO : EventManager : Event: ======'machine_var_audits_switches_s_bottom_right_slingshot'====== Args={'value': 0, 'prev_value': None, 'change': True}
2025-11-25 15:54:53,522 : INFO : EventManager : Event: ======'machine_var_audits_switches_s_front_left_target'====== Args={'value': 6, 'prev_value': None, 'change': True}
2025-11-25 15:54:53,522 : INFO : EventManager : Event: ======'machine_var_audits_switches_s_front_middle_target'====== Args={'value': 7, 'prev_value': None, 'change': True}
2025-11-25 15:54:53,522 : INFO : EventManager : Event: ======'machine_var_audits_switches_s_front_right_target'====== Args={'value': 7, 'prev_value': None, 'change': True}
2025-11-25 15:54:53,522 : INFO : EventManager : Event: ======'machine_var_audits_switches_s_lane_to_pop'====== Args={'value': 76, 'prev_value': None, 'change': True}
2025-11-25 15:54:53,522 : INFO : EventManager : Event: ======'machine_var_audits_switches_s_left_flipper'====== Args={'value': 0, 'prev_value': None, 'change': True}
2025-11-25 15:54:53,522 : INFO : EventManager : Event: ======'machine_var_audits_switches_s_left_inlane'====== Args={'value': 5, 'prev_value': None, 'change': True}
2025-11-25 15:54:53,522 : INFO : EventManager : Event: ======'machine_var_audits_switches_s_left_orbit'====== Args={'value': 81, 'prev_value': None, 'change': True}
2025-11-25 15:54:53,522 : INFO : EventManager : Event: ======'machine_var_audits_switches_s_left_outlane'====== Args={'value': 6, 'prev_value': None, 'change': True}
2025-11-25 15:54:53,522 : INFO : EventManager : Event: ======'machine_var_audits_switches_s_plunger_lane'====== Args={'value': 211, 'prev_value': None, 'change': True}
2025-11-25 15:54:53,522 : INFO : EventManager : Event: ======'machine_var_audits_switches_s_pop_bumper'====== Args={'value': 21, 'prev_value': None, 'change': True}
2025-11-25 15:54:53,522 : INFO : EventManager : Event: ======'machine_var_audits_switches_s_ramp'====== Args={'value': 70, 'prev_value': None, 'change': True}
2025-11-25 15:54:53,522 : INFO : EventManager : Event: ======'machine_var_audits_switches_s_right_flipper'====== Args={'value': 4, 'prev_value': None, 'change': True}
2025-11-25 15:54:53,522 : INFO : EventManager : Event: ======'machine_var_audits_switches_s_right_inlane'====== Args={'value': 14, 'prev_value': None, 'change': True}
2025-11-25 15:54:53,522 : INFO : EventManager : Event: ======'machine_var_audits_switches_s_right_orbit'====== Args={'value': 250, 'prev_value': None, 'change': True}
2025-11-25 15:54:53,522 : INFO : EventManager : Event: ======'machine_var_audits_switches_s_right_outlane'====== Args={'value': 13, 'prev_value': None, 'change': True}
2025-11-25 15:54:53,522 : INFO : EventManager : Event: ======'machine_var_audits_switches_s_saucer'====== Args={'value': 19, 'prev_value': None, 'change': True}
2025-11-25 15:54:53,522 : INFO : EventManager : Event: ======'machine_var_audits_switches_s_start'====== Args={'value': 38, 'prev_value': None, 'change': True}
2025-11-25 15:54:53,522 : INFO : EventManager : Event: ======'machine_var_audits_switches_s_top_left_slingshot'====== Args={'value': 0, 'prev_value': None, 'change': True}
2025-11-25 15:54:53,522 : INFO : EventManager : Event: ======'machine_var_audits_switches_s_top_right_slingshot'====== Args={'value': 0, 'prev_value': None, 'change': True}
2025-11-25 15:54:53,522 : INFO : EventManager : Event: ======'machine_var_audits_switches_s_trough_1'====== Args={'value': 67, 'prev_value': None, 'change': True}
2025-11-25 15:54:53,522 : INFO : EventManager : Event: ======'machine_var_audits_switches_s_trough_2'====== Args={'value': 9, 'prev_value': None, 'change': True}
2025-11-25 15:54:53,522 : INFO : EventManager : Event: ======'machine_var_audits_switches_s_trough_3'====== Args={'value': 52, 'prev_value': None, 'change': True}
2025-11-25 15:54:53,522 : INFO : EventManager : Event: ======'machine_var_audits_switches_s_vuk'====== Args={'value': 93, 'prev_value': None, 'change': True}
2025-11-25 15:54:53,522 : INFO : EventManager : Event: ======'init_phase_5'====== Args={}
2025-11-25 15:54:53,523 : INFO : EventManager : Event: ======'init_done'====== Args={}
2025-11-25 15:54:53,523 : INFO : EventManager : Event: ======'machine_reset_phase_1'====== Args={}
2025-11-25 15:54:53,531 : INFO : EventManager : Event: ======'machine_reset_phase_2'====== Args={}
2025-11-25 15:54:53,531 : INFO : EventManager : Event: ======'machine_reset_phase_3'====== Args={}
2025-11-25 15:54:53,531 : INFO : EventManager : Event: ======'reset_complete'====== Args={}
2025-11-25 15:54:53,531 : INFO : EventManager : Event: ======'mode_attract_will_start'====== Args={}
2025-11-25 15:54:53,532 : INFO : Timer.attract_carousel_timer : Starting Timer.
2025-11-25 15:54:53,532 : INFO : EventManager : Event: ======'timer_attract_carousel_timer_started'====== Args={'ticks': 0, 'ticks_remaining': 1}
2025-11-25 15:54:53,532 : INFO : EventManager : Event: ======'timer_attract_carousel_timer_tick'====== Args={'ticks': 0, 'ticks_remaining': 1}
2025-11-25 15:54:53,532 : INFO : EventManager : Event: ======'mode_attract_starting'====== Args={}
2025-11-25 15:54:53,532 : INFO : Mode.attract : Started. Priority: 10
2025-11-25 15:54:53,532 : INFO : EventManager : Event: ======'modes_active_modes_changed'====== Args={}
2025-11-25 15:54:53,532 : INFO : EventManager : Event: ======'mode_attract_started'====== Args={}
2025-11-25 15:54:53,533 : INFO : EventManager : Event: ======'collecting_balls_complete'====== Args={}
2025-11-25 15:54:53,534 : INFO : EventManager : Event: ======'carousel_item_highlighted'====== Args={'carousel': 'attract', 'direction': None, 'item': 'title'}
2025-11-25 15:54:53,534 : INFO : Machine : Starting the main run loop with active modes: [<Mode.attract>]
2025-11-25 15:54:53,612 : INFO : BcpServer : New client connected.
2025-11-25 15:54:53,647 : INFO : EventManager : Event: ======'slide_attract_created'====== Args={'_from_bcp': True}
2025-11-25 15:54:53,647 : INFO : EventManager : Event: ======'slide__removed'====== Args={'_from_bcp': True}
2025-11-25 15:54:53,648 : INFO : EventManager : Event: ======'slide_attract_active'====== Args={'original_context': 'attract', 'original_calling_context': 'mode_attract_started', 'priority': 10.0, 'cmd': 'slides_play', '_from_bcp': True}
2025-11-25 15:55:01,033 : INFO : Timer.attract_carousel_timer : Timer Complete
2025-11-25 15:55:01,034 : INFO : Timer.attract_carousel_timer : Stopping Timer
2025-11-25 15:55:01,034 : INFO : EventManager : Event: ======'timer_attract_carousel_timer_stopped'====== Args={'ticks': 1, 'ticks_remaining': 1}
2025-11-25 15:55:01,035 : INFO : EventManager : Event: ======'timer_attract_carousel_timer_complete'====== Args={'ticks': 1, 'ticks_remaining': 1}
2025-11-25 15:55:01,036 : INFO : EventManager : Event: ======'carousel_item_highlighted'====== Args={'carousel': 'attract', 'direction': 'forwards', 'item': 'map'}
2025-11-25 15:55:01,037 : INFO : Timer.attract_carousel_timer : Starting Timer.
2025-11-25 15:55:01,037 : INFO : EventManager : Event: ======'timer_attract_carousel_timer_started'====== Args={'ticks': 0, 'ticks_remaining': 1}
2025-11-25 15:55:01,038 : INFO : EventManager : Event: ======'timer_attract_carousel_timer_tick'====== Args={'ticks': 0, 'ticks_remaining': 1}
2025-11-25 15:55:08,538 : INFO : Timer.attract_carousel_timer : Timer Complete
2025-11-25 15:55:08,538 : INFO : Timer.attract_carousel_timer : Stopping Timer
2025-11-25 15:55:08,539 : INFO : EventManager : Event: ======'timer_attract_carousel_timer_stopped'====== Args={'ticks': 1, 'ticks_remaining': 1}
2025-11-25 15:55:08,542 : INFO : EventManager : Event: ======'timer_attract_carousel_timer_complete'====== Args={'ticks': 1, 'ticks_remaining': 1}
2025-11-25 15:55:08,543 : INFO : EventManager : Event: ======'carousel_item_highlighted'====== Args={'carousel': 'attract', 'direction': 'forwards', 'item': 'credits'}
2025-11-25 15:55:08,543 : INFO : Timer.attract_carousel_timer : Starting Timer.
2025-11-25 15:55:08,544 : INFO : EventManager : Event: ======'timer_attract_carousel_timer_started'====== Args={'ticks': 0, 'ticks_remaining': 1}
2025-11-25 15:55:08,547 : INFO : EventManager : Event: ======'timer_attract_carousel_timer_tick'====== Args={'ticks': 0, 'ticks_remaining': 1}
2025-11-25 15:55:16,045 : INFO : Timer.attract_carousel_timer : Timer Complete
2025-11-25 15:55:16,045 : INFO : Timer.attract_carousel_timer : Stopping Timer
2025-11-25 15:55:16,046 : INFO : EventManager : Event: ======'timer_attract_carousel_timer_stopped'====== Args={'ticks': 1, 'ticks_remaining': 1}
2025-11-25 15:55:16,047 : INFO : EventManager : Event: ======'timer_attract_carousel_timer_complete'====== Args={'ticks': 1, 'ticks_remaining': 1}
2025-11-25 15:55:16,047 : INFO : EventManager : Event: ======'carousel_item_highlighted'====== Args={'carousel': 'attract', 'direction': 'forwards', 'item': 'mpf_and_cobrapin_logo'}
2025-11-25 15:55:16,048 : INFO : Timer.attract_carousel_timer : Starting Timer.
2025-11-25 15:55:16,049 : INFO : EventManager : Event: ======'timer_attract_carousel_timer_started'====== Args={'ticks': 0, 'ticks_remaining': 1}
2025-11-25 15:55:16,049 : INFO : EventManager : Event: ======'timer_attract_carousel_timer_tick'====== Args={'ticks': 0, 'ticks_remaining': 1}
2025-11-25 15:55:23,549 : INFO : Timer.attract_carousel_timer : Timer Complete
2025-11-25 15:55:23,550 : INFO : Timer.attract_carousel_timer : Stopping Timer
2025-11-25 15:55:23,550 : INFO : EventManager : Event: ======'timer_attract_carousel_timer_stopped'====== Args={'ticks': 1, 'ticks_remaining': 1}
2025-11-25 15:55:23,550 : INFO : EventManager : Event: ======'timer_attract_carousel_timer_complete'====== Args={'ticks': 1, 'ticks_remaining': 1}
2025-11-25 15:55:23,550 : INFO : EventManager : Event: ======'carousel_item_highlighted'====== Args={'carousel': 'attract', 'direction': 'forwards', 'item': 'team_cherry'}
2025-11-25 15:55:23,551 : INFO : Timer.attract_carousel_timer : Starting Timer.
2025-11-25 15:55:23,551 : INFO : EventManager : Event: ======'timer_attract_carousel_timer_started'====== Args={'ticks': 0, 'ticks_remaining': 1}
2025-11-25 15:55:23,551 : INFO : EventManager : Event: ======'timer_attract_carousel_timer_tick'====== Args={'ticks': 0, 'ticks_remaining': 1}
2025-11-25 15:55:31,052 : INFO : Timer.attract_carousel_timer : Timer Complete
2025-11-25 15:55:31,052 : INFO : Timer.attract_carousel_timer : Stopping Timer
2025-11-25 15:55:31,053 : INFO : EventManager : Event: ======'timer_attract_carousel_timer_stopped'====== Args={'ticks': 1, 'ticks_remaining': 1}
2025-11-25 15:55:31,053 : INFO : EventManager : Event: ======'timer_attract_carousel_timer_complete'====== Args={'ticks': 1, 'ticks_remaining': 1}
2025-11-25 15:55:31,054 : INFO : EventManager : Event: ======'carousel_item_highlighted'====== Args={'carousel': 'attract', 'direction': 'forwards', 'item': 'last_scores_1p'}
2025-11-25 15:55:31,055 : INFO : Timer.attract_carousel_timer : Starting Timer.
2025-11-25 15:55:31,055 : INFO : EventManager : Event: ======'timer_attract_carousel_timer_started'====== Args={'ticks': 0, 'ticks_remaining': 1}
2025-11-25 15:55:31,056 : INFO : EventManager : Event: ======'timer_attract_carousel_timer_tick'====== Args={'ticks': 0, 'ticks_remaining': 1}
2025-11-25 15:55:38,556 : INFO : Timer.attract_carousel_timer : Timer Complete
2025-11-25 15:55:38,557 : INFO : Timer.attract_carousel_timer : Stopping Timer
2025-11-25 15:55:38,558 : INFO : EventManager : Event: ======'timer_attract_carousel_timer_stopped'====== Args={'ticks': 1, 'ticks_remaining': 1}
2025-11-25 15:55:38,558 : INFO : EventManager : Event: ======'timer_attract_carousel_timer_complete'====== Args={'ticks': 1, 'ticks_remaining': 1}
2025-11-25 15:55:38,560 : INFO : EventManager : Event: ======'carousel_item_highlighted'====== Args={'carousel': 'attract', 'direction': 'forwards', 'item': 'title'}
2025-11-25 15:55:38,560 : INFO : Timer.attract_carousel_timer : Starting Timer.
2025-11-25 15:55:38,561 : INFO : EventManager : Event: ======'timer_attract_carousel_timer_started'====== Args={'ticks': 0, 'ticks_remaining': 1}
2025-11-25 15:55:38,561 : INFO : EventManager : Event: ======'timer_attract_carousel_timer_tick'====== Args={'ticks': 0, 'ticks_remaining': 1}
2025-11-25 15:55:42,379 : INFO : SwitchController : <<<<<<< 's_left_flipper' active >>>>>>>
2025-11-25 15:55:42,379 : INFO : EventManager : Event: ======'s_left_flipper_active'====== Args={}
2025-11-25 15:55:42,379 : INFO : EventManager : Event: ======'carousel_item_highlighted'====== Args={'carousel': 'attract', 'direction': 'backwards', 'item': 'last_scores_1p'}
2025-11-25 15:55:43,727 : INFO : SwitchController : <<<<<<< 's_left_flipper' inactive >>>>>>>
2025-11-25 15:55:43,827 : INFO : SwitchController : <<<<<<< 's_left_flipper' active >>>>>>>
2025-11-25 15:55:43,827 : INFO : EventManager : Event: ======'s_left_flipper_active'====== Args={}
2025-11-25 15:55:43,828 : INFO : EventManager : Event: ======'carousel_item_highlighted'====== Args={'carousel': 'attract', 'direction': 'backwards', 'item': 'team_cherry'}
2025-11-25 15:55:44,428 : INFO : SwitchController : <<<<<<< 's_left_flipper' inactive >>>>>>>
2025-11-25 15:55:44,511 : INFO : SwitchController : <<<<<<< 's_left_flipper' active >>>>>>>
2025-11-25 15:55:44,511 : INFO : EventManager : Event: ======'s_left_flipper_active'====== Args={}
2025-11-25 15:55:44,512 : INFO : EventManager : Event: ======'carousel_item_highlighted'====== Args={'carousel': 'attract', 'direction': 'backwards', 'item': 'mpf_and_cobrapin_logo'}
2025-11-25 15:55:45,142 : INFO : SwitchController : <<<<<<< 's_left_flipper' inactive >>>>>>>
2025-11-25 15:55:46,061 : INFO : Timer.attract_carousel_timer : Timer Complete
2025-11-25 15:55:46,061 : INFO : Timer.attract_carousel_timer : Stopping Timer
2025-11-25 15:55:46,062 : INFO : EventManager : Event: ======'timer_attract_carousel_timer_stopped'====== Args={'ticks': 1, 'ticks_remaining': 1}
2025-11-25 15:55:46,062 : INFO : EventManager : Event: ======'timer_attract_carousel_timer_complete'====== Args={'ticks': 1, 'ticks_remaining': 1}
2025-11-25 15:55:46,063 : INFO : EventManager : Event: ======'carousel_item_highlighted'====== Args={'carousel': 'attract', 'direction': 'forwards', 'item': 'team_cherry'}
2025-11-25 15:55:46,063 : INFO : Timer.attract_carousel_timer : Starting Timer.
2025-11-25 15:55:46,064 : INFO : EventManager : Event: ======'timer_attract_carousel_timer_started'====== Args={'ticks': 0, 'ticks_remaining': 1}
2025-11-25 15:55:46,064 : INFO : EventManager : Event: ======'timer_attract_carousel_timer_tick'====== Args={'ticks': 0, 'ticks_remaining': 1}
2025-11-25 15:55:46,777 : INFO : SwitchController : <<<<<<< 's_left_flipper' active >>>>>>>
2025-11-25 15:55:46,777 : INFO : EventManager : Event: ======'s_left_flipper_active'====== Args={}
2025-11-25 15:55:46,778 : INFO : EventManager : Event: ======'carousel_item_highlighted'====== Args={'carousel': 'attract', 'direction': 'backwards', 'item': 'mpf_and_cobrapin_logo'}
2025-11-25 15:55:46,843 : INFO : SwitchController : <<<<<<< 's_left_flipper' inactive >>>>>>>
2025-11-25 15:55:50,127 : INFO : SwitchController : <<<<<<< 's_left_flipper' active >>>>>>>
2025-11-25 15:55:50,127 : INFO : EventManager : Event: ======'s_left_flipper_active'====== Args={}
2025-11-25 15:55:50,128 : INFO : EventManager : Event: ======'carousel_item_highlighted'====== Args={'carousel': 'attract', 'direction': 'backwards', 'item': 'credits'}
2025-11-25 15:55:50,227 : INFO : SwitchController : <<<<<<< 's_left_flipper' inactive >>>>>>>
2025-11-25 15:55:50,444 : INFO : SwitchController : <<<<<<< 's_left_flipper' active >>>>>>>
2025-11-25 15:55:50,444 : INFO : EventManager : Event: ======'s_left_flipper_active'====== Args={}
2025-11-25 15:55:50,444 : INFO : EventManager : Event: ======'carousel_item_highlighted'====== Args={'carousel': 'attract', 'direction': 'backwards', 'item': 'map'}
2025-11-25 15:55:50,543 : INFO : SwitchController : <<<<<<< 's_left_flipper' inactive >>>>>>>
2025-11-25 15:55:50,728 : INFO : SwitchController : <<<<<<< 's_left_flipper' active >>>>>>>
2025-11-25 15:55:50,728 : INFO : EventManager : Event: ======'s_left_flipper_active'====== Args={}
2025-11-25 15:55:50,729 : INFO : EventManager : Event: ======'carousel_item_highlighted'====== Args={'carousel': 'attract', 'direction': 'backwards', 'item': 'title'}
2025-11-25 15:55:50,827 : INFO : SwitchController : <<<<<<< 's_left_flipper' inactive >>>>>>>
2025-11-25 15:55:51,011 : INFO : SwitchController : <<<<<<< 's_left_flipper' active >>>>>>>
2025-11-25 15:55:51,011 : INFO : EventManager : Event: ======'s_left_flipper_active'====== Args={}
2025-11-25 15:55:51,012 : INFO : EventManager : Event: ======'carousel_item_highlighted'====== Args={'carousel': 'attract', 'direction': 'backwards', 'item': 'last_scores_1p'}
2025-11-25 15:55:51,093 : INFO : SwitchController : <<<<<<< 's_left_flipper' inactive >>>>>>>
2025-11-25 15:55:53,564 : INFO : Timer.attract_carousel_timer : Timer Complete
2025-11-25 15:55:53,565 : INFO : Timer.attract_carousel_timer : Stopping Timer
2025-11-25 15:55:53,565 : INFO : EventManager : Event: ======'timer_attract_carousel_timer_stopped'====== Args={'ticks': 1, 'ticks_remaining': 1}
2025-11-25 15:55:53,566 : INFO : EventManager : Event: ======'timer_attract_carousel_timer_complete'====== Args={'ticks': 1, 'ticks_remaining': 1}
2025-11-25 15:55:53,566 : INFO : EventManager : Event: ======'carousel_item_highlighted'====== Args={'carousel': 'attract', 'direction': 'forwards', 'item': 'title'}
2025-11-25 15:55:53,566 : INFO : Timer.attract_carousel_timer : Starting Timer.
2025-11-25 15:55:53,567 : INFO : EventManager : Event: ======'timer_attract_carousel_timer_started'====== Args={'ticks': 0, 'ticks_remaining': 1}
2025-11-25 15:55:53,567 : INFO : EventManager : Event: ======'timer_attract_carousel_timer_tick'====== Args={'ticks': 0, 'ticks_remaining': 1}
2025-11-25 15:55:56,236 : INFO : SwitchController : <<<<<<< 's_right_flipper' active >>>>>>>
2025-11-25 15:55:56,236 : INFO : EventManager : Event: ======'s_right_flipper_active'====== Args={}
2025-11-25 15:55:56,237 : INFO : EventManager : Event: ======'carousel_item_highlighted'====== Args={'carousel': 'attract', 'direction': 'forwards', 'item': 'map'}
2025-11-25 15:55:57,511 : INFO : SwitchController : <<<<<<< 's_right_flipper' inactive >>>>>>>
2025-11-25 15:56:01,067 : INFO : Timer.attract_carousel_timer : Timer Complete
2025-11-25 15:56:01,068 : INFO : Timer.attract_carousel_timer : Stopping Timer
2025-11-25 15:56:01,069 : INFO : EventManager : Event: ======'timer_attract_carousel_timer_stopped'====== Args={'ticks': 1, 'ticks_remaining': 1}
2025-11-25 15:56:01,069 : INFO : EventManager : Event: ======'timer_attract_carousel_timer_complete'====== Args={'ticks': 1, 'ticks_remaining': 1}
2025-11-25 15:56:01,070 : INFO : EventManager : Event: ======'carousel_item_highlighted'====== Args={'carousel': 'attract', 'direction': 'forwards', 'item': 'credits'}
2025-11-25 15:56:01,070 : INFO : Timer.attract_carousel_timer : Starting Timer.
2025-11-25 15:56:01,070 : INFO : EventManager : Event: ======'timer_attract_carousel_timer_started'====== Args={'ticks': 0, 'ticks_remaining': 1}
2025-11-25 15:56:01,071 : INFO : EventManager : Event: ======'timer_attract_carousel_timer_tick'====== Args={'ticks': 0, 'ticks_remaining': 1}
2025-11-25 15:56:01,609 : INFO : SwitchController : <<<<<<< 's_right_flipper' active >>>>>>>
2025-11-25 15:56:01,609 : INFO : EventManager : Event: ======'s_right_flipper_active'====== Args={}
2025-11-25 15:56:01,609 : INFO : EventManager : Event: ======'carousel_item_highlighted'====== Args={'carousel': 'attract', 'direction': 'forwards', 'item': 'mpf_and_cobrapin_logo'}
2025-11-25 15:56:01,693 : INFO : SwitchController : <<<<<<< 's_right_flipper' inactive >>>>>>>
2025-11-25 15:56:02,378 : INFO : SwitchController : <<<<<<< 's_right_flipper' active >>>>>>>
2025-11-25 15:56:02,378 : INFO : EventManager : Event: ======'s_right_flipper_active'====== Args={}
2025-11-25 15:56:02,379 : INFO : EventManager : Event: ======'carousel_item_highlighted'====== Args={'carousel': 'attract', 'direction': 'forwards', 'item': 'team_cherry'}
2025-11-25 15:56:02,460 : INFO : SwitchController : <<<<<<< 's_right_flipper' inactive >>>>>>>
2025-11-25 15:56:02,929 : INFO : SwitchController : <<<<<<< 's_right_flipper' active >>>>>>>
2025-11-25 15:56:02,929 : INFO : EventManager : Event: ======'s_right_flipper_active'====== Args={}
2025-11-25 15:56:02,930 : INFO : EventManager : Event: ======'carousel_item_highlighted'====== Args={'carousel': 'attract', 'direction': 'forwards', 'item': 'last_scores_1p'}
2025-11-25 15:56:03,594 : INFO : SwitchController : <<<<<<< 's_right_flipper' inactive >>>>>>>
2025-11-25 15:56:03,677 : INFO : SwitchController : <<<<<<< 's_right_flipper' active >>>>>>>
2025-11-25 15:56:03,677 : INFO : EventManager : Event: ======'s_right_flipper_active'====== Args={}
2025-11-25 15:56:03,678 : INFO : EventManager : Event: ======'carousel_item_highlighted'====== Args={'carousel': 'attract', 'direction': 'forwards', 'item': 'title'}
2025-11-25 15:56:04,378 : INFO : SwitchController : <<<<<<< 's_right_flipper' inactive >>>>>>>
2025-11-25 15:56:04,477 : INFO : SwitchController : <<<<<<< 's_right_flipper' active >>>>>>>
2025-11-25 15:56:04,477 : INFO : EventManager : Event: ======'s_right_flipper_active'====== Args={}
2025-11-25 15:56:04,478 : INFO : EventManager : Event: ======'carousel_item_highlighted'====== Args={'carousel': 'attract', 'direction': 'forwards', 'item': 'map'}
2025-11-25 15:56:05,094 : INFO : SwitchController : <<<<<<< 's_right_flipper' inactive >>>>>>>
2025-11-25 15:56:05,145 : INFO : SwitchController : <<<<<<< 's_right_flipper' active >>>>>>>
2025-11-25 15:56:05,145 : INFO : EventManager : Event: ======'s_right_flipper_active'====== Args={}
2025-11-25 15:56:05,146 : INFO : EventManager : Event: ======'carousel_item_highlighted'====== Args={'carousel': 'attract', 'direction': 'forwards', 'item': 'credits'}
2025-11-25 15:56:05,418 : INFO : SwitchController : <<<<<<< 's_right_flipper' inactive >>>>>>>
2025-11-25 15:56:08,571 : INFO : Timer.attract_carousel_timer : Timer Complete
2025-11-25 15:56:08,572 : INFO : Timer.attract_carousel_timer : Stopping Timer
2025-11-25 15:56:08,574 : INFO : EventManager : Event: ======'timer_attract_carousel_timer_stopped'====== Args={'ticks': 1, 'ticks_remaining': 1}
2025-11-25 15:56:08,575 : INFO : EventManager : Event: ======'timer_attract_carousel_timer_complete'====== Args={'ticks': 1, 'ticks_remaining': 1}
2025-11-25 15:56:08,575 : INFO : EventManager : Event: ======'carousel_item_highlighted'====== Args={'carousel': 'attract', 'direction': 'forwards', 'item': 'mpf_and_cobrapin_logo'}
2025-11-25 15:56:08,576 : INFO : Timer.attract_carousel_timer : Starting Timer.
2025-11-25 15:56:08,576 : INFO : EventManager : Event: ======'timer_attract_carousel_timer_started'====== Args={'ticks': 0, 'ticks_remaining': 1}
2025-11-25 15:56:08,576 : INFO : EventManager : Event: ======'timer_attract_carousel_timer_tick'====== Args={'ticks': 0, 'ticks_remaining': 1}
2025-11-25 15:56:11,726 : INFO : SwitchController : <<<<<<< 's_trough_1' inactive >>>>>>>
2025-11-25 15:56:13,296 : INFO : SwitchController : <<<<<<< 's_trough_1' active >>>>>>>
2025-11-25 15:56:16,076 : INFO : Timer.attract_carousel_timer : Timer Complete
2025-11-25 15:56:16,077 : INFO : Timer.attract_carousel_timer : Stopping Timer
2025-11-25 15:56:16,077 : INFO : EventManager : Event: ======'timer_attract_carousel_timer_stopped'====== Args={'ticks': 1, 'ticks_remaining': 1}
2025-11-25 15:56:16,077 : INFO : EventManager : Event: ======'timer_attract_carousel_timer_complete'====== Args={'ticks': 1, 'ticks_remaining': 1}
2025-11-25 15:56:16,078 : INFO : EventManager : Event: ======'carousel_item_highlighted'====== Args={'carousel': 'attract', 'direction': 'forwards', 'item': 'team_cherry'}
2025-11-25 15:56:16,078 : INFO : Timer.attract_carousel_timer : Starting Timer.
2025-11-25 15:56:16,078 : INFO : EventManager : Event: ======'timer_attract_carousel_timer_started'====== Args={'ticks': 0, 'ticks_remaining': 1}
2025-11-25 15:56:16,078 : INFO : EventManager : Event: ======'timer_attract_carousel_timer_tick'====== Args={'ticks': 0, 'ticks_remaining': 1}
2025-11-25 15:56:22,376 : INFO : SwitchController : <<<<<<< 's_trough_2' inactive >>>>>>>
2025-11-25 15:56:23,580 : INFO : Timer.attract_carousel_timer : Timer Complete
2025-11-25 15:56:23,580 : INFO : Timer.attract_carousel_timer : Stopping Timer
2025-11-25 15:56:23,580 : INFO : EventManager : Event: ======'timer_attract_carousel_timer_stopped'====== Args={'ticks': 1, 'ticks_remaining': 1}
2025-11-25 15:56:23,581 : INFO : EventManager : Event: ======'timer_attract_carousel_timer_complete'====== Args={'ticks': 1, 'ticks_remaining': 1}
2025-11-25 15:56:23,582 : INFO : EventManager : Event: ======'carousel_item_highlighted'====== Args={'carousel': 'attract', 'direction': 'forwards', 'item': 'last_scores_1p'}
2025-11-25 15:56:23,582 : INFO : Timer.attract_carousel_timer : Starting Timer.
2025-11-25 15:56:23,583 : INFO : EventManager : Event: ======'timer_attract_carousel_timer_started'====== Args={'ticks': 0, 'ticks_remaining': 1}
2025-11-25 15:56:23,583 : INFO : EventManager : Event: ======'timer_attract_carousel_timer_tick'====== Args={'ticks': 0, 'ticks_remaining': 1}
2025-11-25 15:56:23,968 : INFO : SwitchController : <<<<<<< 's_trough_2' active >>>>>>>
2025-11-25 15:56:31,084 : INFO : Timer.attract_carousel_timer : Timer Complete
2025-11-25 15:56:31,084 : INFO : Timer.attract_carousel_timer : Stopping Timer
2025-11-25 15:56:31,085 : INFO : EventManager : Event: ======'timer_attract_carousel_timer_stopped'====== Args={'ticks': 1, 'ticks_remaining': 1}
2025-11-25 15:56:31,085 : INFO : EventManager : Event: ======'timer_attract_carousel_timer_complete'====== Args={'ticks': 1, 'ticks_remaining': 1}
2025-11-25 15:56:31,086 : INFO : EventManager : Event: ======'carousel_item_highlighted'====== Args={'carousel': 'attract', 'direction': 'forwards', 'item': 'title'}
2025-11-25 15:56:31,086 : INFO : Timer.attract_carousel_timer : Starting Timer.
2025-11-25 15:56:31,087 : INFO : EventManager : Event: ======'timer_attract_carousel_timer_started'====== Args={'ticks': 0, 'ticks_remaining': 1}
2025-11-25 15:56:31,087 : INFO : EventManager : Event: ======'timer_attract_carousel_timer_tick'====== Args={'ticks': 0, 'ticks_remaining': 1}
2025-11-25 15:56:31,134 : INFO : SwitchController : <<<<<<< 's_right_flipper' active >>>>>>>
2025-11-25 15:56:31,134 : INFO : EventManager : Event: ======'s_right_flipper_active'====== Args={}
2025-11-25 15:56:31,135 : INFO : EventManager : Event: ======'carousel_item_highlighted'====== Args={'carousel': 'attract', 'direction': 'forwards', 'item': 'map'}
2025-11-25 15:56:33,229 : INFO : SwitchController : <<<<<<< 's_left_flipper' active >>>>>>>
2025-11-25 15:56:33,229 : INFO : EventManager : Event: ======'s_left_flipper_active'====== Args={}
2025-11-25 15:56:33,230 : INFO : EventManager : Event: ======'flipper_cancel'====== Args={'triggering_group': 1, 'triggering_switch': 's_left_flipper'}
2025-11-25 15:56:33,230 : INFO : EventManager : Event: ======'carousel_item_highlighted'====== Args={'carousel': 'attract', 'direction': 'backwards', 'item': 'title'}
2025-11-25 15:56:34,137 : INFO : EventManager : Event: ======'flipper_cradle'====== Args={}
2025-11-25 15:56:34,138 : INFO : Timer.attract_carousel_timer : Stopping Timer
2025-11-25 15:56:34,139 : INFO : EventManager : Event: ======'timer_attract_carousel_timer_stopped'====== Args={'ticks': 0, 'ticks_remaining': 1}
2025-11-25 15:56:35,305 : INFO : SwitchController : <<<<<<< 's_left_flipper' inactive >>>>>>>
2025-11-25 15:56:35,306 : INFO : EventManager : Event: ======'both_flippers_one'====== Args={'triggering_group': 1, 'triggering_switch': 's_left_flipper'}
2025-11-25 15:56:36,669 : INFO : SwitchController : <<<<<<< 's_right_flipper' inactive >>>>>>>
2025-11-25 15:56:36,669 : INFO : EventManager : Event: ======'both_flippers_inactive'====== Args={'triggering_group': 2, 'triggering_switch': 's_right_flipper'}
2025-11-25 15:56:36,670 : INFO : EventManager : Event: ======'flipper_cradle_release'====== Args={}
2025-11-25 15:56:36,670 : INFO : Timer.attract_carousel_timer : Starting Timer.
2025-11-25 15:56:36,671 : INFO : EventManager : Event: ======'timer_attract_carousel_timer_started'====== Args={'ticks': 0, 'ticks_remaining': 1}
2025-11-25 15:56:36,671 : INFO : EventManager : Event: ======'timer_attract_carousel_timer_tick'====== Args={'ticks': 0, 'ticks_remaining': 1}
2025-11-25 15:56:37,499 : INFO : SwitchController : <<<<<<< 's_right_flipper' active >>>>>>>
2025-11-25 15:56:37,499 : INFO : EventManager : Event: ======'s_right_flipper_active'====== Args={}
2025-11-25 15:56:37,500 : INFO : EventManager : Event: ======'carousel_item_highlighted'====== Args={'carousel': 'attract', 'direction': 'forwards', 'item': 'map'}
2025-11-25 15:56:40,251 : INFO : SwitchController : <<<<<<< 's_right_flipper' inactive >>>>>>>
2025-11-25 15:56:44,177 : INFO : Timer.attract_carousel_timer : Timer Complete
2025-11-25 15:56:44,177 : INFO : Timer.attract_carousel_timer : Stopping Timer
2025-11-25 15:56:44,177 : INFO : EventManager : Event: ======'timer_attract_carousel_timer_stopped'====== Args={'ticks': 1, 'ticks_remaining': 1}
2025-11-25 15:56:44,178 : INFO : EventManager : Event: ======'timer_attract_carousel_timer_complete'====== Args={'ticks': 1, 'ticks_remaining': 1}
2025-11-25 15:56:44,178 : INFO : EventManager : Event: ======'carousel_item_highlighted'====== Args={'carousel': 'attract', 'direction': 'forwards', 'item': 'credits'}
2025-11-25 15:56:44,178 : INFO : Timer.attract_carousel_timer : Starting Timer.
2025-11-25 15:56:44,179 : INFO : EventManager : Event: ======'timer_attract_carousel_timer_started'====== Args={'ticks': 0, 'ticks_remaining': 1}
2025-11-25 15:56:44,179 : INFO : EventManager : Event: ======'timer_attract_carousel_timer_tick'====== Args={'ticks': 0, 'ticks_remaining': 1}
2025-11-25 15:56:51,683 : INFO : Timer.attract_carousel_timer : Timer Complete
2025-11-25 15:56:51,683 : INFO : Timer.attract_carousel_timer : Stopping Timer
2025-11-25 15:56:51,684 : INFO : EventManager : Event: ======'timer_attract_carousel_timer_stopped'====== Args={'ticks': 1, 'ticks_remaining': 1}
2025-11-25 15:56:51,684 : INFO : EventManager : Event: ======'timer_attract_carousel_timer_complete'====== Args={'ticks': 1, 'ticks_remaining': 1}
2025-11-25 15:56:51,686 : INFO : EventManager : Event: ======'carousel_item_highlighted'====== Args={'carousel': 'attract', 'direction': 'forwards', 'item': 'mpf_and_cobrapin_logo'}
2025-11-25 15:56:51,687 : INFO : Timer.attract_carousel_timer : Starting Timer.
2025-11-25 15:56:51,687 : INFO : EventManager : Event: ======'timer_attract_carousel_timer_started'====== Args={'ticks': 0, 'ticks_remaining': 1}
2025-11-25 15:56:51,687 : INFO : EventManager : Event: ======'timer_attract_carousel_timer_tick'====== Args={'ticks': 0, 'ticks_remaining': 1}
2025-11-25 15:56:59,190 : INFO : Timer.attract_carousel_timer : Timer Complete
2025-11-25 15:56:59,190 : INFO : Timer.attract_carousel_timer : Stopping Timer
2025-11-25 15:56:59,190 : INFO : EventManager : Event: ======'timer_attract_carousel_timer_stopped'====== Args={'ticks': 1, 'ticks_remaining': 1}
2025-11-25 15:56:59,190 : INFO : EventManager : Event: ======'timer_attract_carousel_timer_complete'====== Args={'ticks': 1, 'ticks_remaining': 1}
2025-11-25 15:56:59,191 : INFO : EventManager : Event: ======'carousel_item_highlighted'====== Args={'carousel': 'attract', 'direction': 'forwards', 'item': 'team_cherry'}
2025-11-25 15:56:59,191 : INFO : Timer.attract_carousel_timer : Starting Timer.
2025-11-25 15:56:59,191 : INFO : EventManager : Event: ======'timer_attract_carousel_timer_started'====== Args={'ticks': 0, 'ticks_remaining': 1}
2025-11-25 15:56:59,192 : INFO : EventManager : Event: ======'timer_attract_carousel_timer_tick'====== Args={'ticks': 0, 'ticks_remaining': 1}
2025-11-25 15:57:06,694 : INFO : Timer.attract_carousel_timer : Timer Complete
2025-11-25 15:57:06,694 : INFO : Timer.attract_carousel_timer : Stopping Timer
2025-11-25 15:57:06,695 : INFO : EventManager : Event: ======'timer_attract_carousel_timer_stopped'====== Args={'ticks': 1, 'ticks_remaining': 1}
2025-11-25 15:57:06,695 : INFO : EventManager : Event: ======'timer_attract_carousel_timer_complete'====== Args={'ticks': 1, 'ticks_remaining': 1}
2025-11-25 15:57:06,696 : INFO : EventManager : Event: ======'carousel_item_highlighted'====== Args={'carousel': 'attract', 'direction': 'forwards', 'item': 'last_scores_1p'}
2025-11-25 15:57:06,697 : INFO : Timer.attract_carousel_timer : Starting Timer.
2025-11-25 15:57:06,697 : INFO : EventManager : Event: ======'timer_attract_carousel_timer_started'====== Args={'ticks': 0, 'ticks_remaining': 1}
2025-11-25 15:57:06,697 : INFO : EventManager : Event: ======'timer_attract_carousel_timer_tick'====== Args={'ticks': 0, 'ticks_remaining': 1}
2025-11-25 15:57:14,199 : INFO : Timer.attract_carousel_timer : Timer Complete
2025-11-25 15:57:14,199 : INFO : Timer.attract_carousel_timer : Stopping Timer
2025-11-25 15:57:14,199 : INFO : EventManager : Event: ======'timer_attract_carousel_timer_stopped'====== Args={'ticks': 1, 'ticks_remaining': 1}
2025-11-25 15:57:14,199 : INFO : EventManager : Event: ======'timer_attract_carousel_timer_complete'====== Args={'ticks': 1, 'ticks_remaining': 1}
2025-11-25 15:57:14,200 : INFO : EventManager : Event: ======'carousel_item_highlighted'====== Args={'carousel': 'attract', 'direction': 'forwards', 'item': 'title'}
2025-11-25 15:57:14,201 : INFO : Timer.attract_carousel_timer : Starting Timer.
2025-11-25 15:57:14,201 : INFO : EventManager : Event: ======'timer_attract_carousel_timer_started'====== Args={'ticks': 0, 'ticks_remaining': 1}
2025-11-25 15:57:14,201 : INFO : EventManager : Event: ======'timer_attract_carousel_timer_tick'====== Args={'ticks': 0, 'ticks_remaining': 1}
2025-11-25 15:57:21,703 : INFO : Timer.attract_carousel_timer : Timer Complete
2025-11-25 15:57:21,703 : INFO : Timer.attract_carousel_timer : Stopping Timer
2025-11-25 15:57:21,704 : INFO : EventManager : Event: ======'timer_attract_carousel_timer_stopped'====== Args={'ticks': 1, 'ticks_remaining': 1}
2025-11-25 15:57:21,704 : INFO : EventManager : Event: ======'timer_attract_carousel_timer_complete'====== Args={'ticks': 1, 'ticks_remaining': 1}
2025-11-25 15:57:21,706 : INFO : EventManager : Event: ======'carousel_item_highlighted'====== Args={'carousel': 'attract', 'direction': 'forwards', 'item': 'map'}
2025-11-25 15:57:21,707 : INFO : Timer.attract_carousel_timer : Starting Timer.
2025-11-25 15:57:21,708 : INFO : EventManager : Event: ======'timer_attract_carousel_timer_started'====== Args={'ticks': 0, 'ticks_remaining': 1}
2025-11-25 15:57:21,708 : INFO : EventManager : Event: ======'timer_attract_carousel_timer_tick'====== Args={'ticks': 0, 'ticks_remaining': 1}
2025-11-25 15:57:29,209 : INFO : Timer.attract_carousel_timer : Timer Complete
2025-11-25 15:57:29,209 : INFO : Timer.attract_carousel_timer : Stopping Timer
2025-11-25 15:57:29,210 : INFO : EventManager : Event: ======'timer_attract_carousel_timer_stopped'====== Args={'ticks': 1, 'ticks_remaining': 1}
2025-11-25 15:57:29,211 : INFO : EventManager : Event: ======'timer_attract_carousel_timer_complete'====== Args={'ticks': 1, 'ticks_remaining': 1}
2025-11-25 15:57:29,212 : INFO : EventManager : Event: ======'carousel_item_highlighted'====== Args={'carousel': 'attract', 'direction': 'forwards', 'item': 'credits'}
2025-11-25 15:57:29,212 : INFO : Timer.attract_carousel_timer : Starting Timer.
2025-11-25 15:57:29,213 : INFO : EventManager : Event: ======'timer_attract_carousel_timer_started'====== Args={'ticks': 0, 'ticks_remaining': 1}
2025-11-25 15:57:29,213 : INFO : EventManager : Event: ======'timer_attract_carousel_timer_tick'====== Args={'ticks': 0, 'ticks_remaining': 1}
2025-11-25 15:57:36,714 : INFO : Timer.attract_carousel_timer : Timer Complete
2025-11-25 15:57:36,715 : INFO : Timer.attract_carousel_timer : Stopping Timer
2025-11-25 15:57:36,715 : INFO : EventManager : Event: ======'timer_attract_carousel_timer_stopped'====== Args={'ticks': 1, 'ticks_remaining': 1}
2025-11-25 15:57:36,716 : INFO : EventManager : Event: ======'timer_attract_carousel_timer_complete'====== Args={'ticks': 1, 'ticks_remaining': 1}
2025-11-25 15:57:36,717 : INFO : EventManager : Event: ======'carousel_item_highlighted'====== Args={'carousel': 'attract', 'direction': 'forwards', 'item': 'mpf_and_cobrapin_logo'}
2025-11-25 15:57:36,718 : INFO : Timer.attract_carousel_timer : Starting Timer.
2025-11-25 15:57:36,718 : INFO : EventManager : Event: ======'timer_attract_carousel_timer_started'====== Args={'ticks': 0, 'ticks_remaining': 1}
2025-11-25 15:57:36,718 : INFO : EventManager : Event: ======'timer_attract_carousel_timer_tick'====== Args={'ticks': 0, 'ticks_remaining': 1}
2025-11-25 15:57:44,219 : INFO : Timer.attract_carousel_timer : Timer Complete
2025-11-25 15:57:44,219 : INFO : Timer.attract_carousel_timer : Stopping Timer
2025-11-25 15:57:44,220 : INFO : EventManager : Event: ======'timer_attract_carousel_timer_stopped'====== Args={'ticks': 1, 'ticks_remaining': 1}
2025-11-25 15:57:44,220 : INFO : EventManager : Event: ======'timer_attract_carousel_timer_complete'====== Args={'ticks': 1, 'ticks_remaining': 1}
2025-11-25 15:57:44,221 : INFO : EventManager : Event: ======'carousel_item_highlighted'====== Args={'carousel': 'attract', 'direction': 'forwards', 'item': 'team_cherry'}
2025-11-25 15:57:44,221 : INFO : Timer.attract_carousel_timer : Starting Timer.
2025-11-25 15:57:44,223 : INFO : EventManager : Event: ======'timer_attract_carousel_timer_started'====== Args={'ticks': 0, 'ticks_remaining': 1}
2025-11-25 15:57:44,223 : INFO : EventManager : Event: ======'timer_attract_carousel_timer_tick'====== Args={'ticks': 0, 'ticks_remaining': 1}
2025-11-25 15:57:51,726 : INFO : Timer.attract_carousel_timer : Timer Complete
2025-11-25 15:57:51,726 : INFO : Timer.attract_carousel_timer : Stopping Timer
2025-11-25 15:57:51,726 : INFO : EventManager : Event: ======'timer_attract_carousel_timer_stopped'====== Args={'ticks': 1, 'ticks_remaining': 1}
2025-11-25 15:57:51,727 : INFO : EventManager : Event: ======'timer_attract_carousel_timer_complete'====== Args={'ticks': 1, 'ticks_remaining': 1}
2025-11-25 15:57:51,727 : INFO : EventManager : Event: ======'carousel_item_highlighted'====== Args={'carousel': 'attract', 'direction': 'forwards', 'item': 'last_scores_1p'}
2025-11-25 15:57:51,728 : INFO : Timer.attract_carousel_timer : Starting Timer.
2025-11-25 15:57:51,728 : INFO : EventManager : Event: ======'timer_attract_carousel_timer_started'====== Args={'ticks': 0, 'ticks_remaining': 1}
2025-11-25 15:57:51,728 : INFO : EventManager : Event: ======'timer_attract_carousel_timer_tick'====== Args={'ticks': 0, 'ticks_remaining': 1}
2025-11-25 15:57:59,229 : INFO : Timer.attract_carousel_timer : Timer Complete
2025-11-25 15:57:59,230 : INFO : Timer.attract_carousel_timer : Stopping Timer
2025-11-25 15:57:59,230 : INFO : EventManager : Event: ======'timer_attract_carousel_timer_stopped'====== Args={'ticks': 1, 'ticks_remaining': 1}
2025-11-25 15:57:59,231 : INFO : EventManager : Event: ======'timer_attract_carousel_timer_complete'====== Args={'ticks': 1, 'ticks_remaining': 1}
2025-11-25 15:57:59,232 : INFO : EventManager : Event: ======'carousel_item_highlighted'====== Args={'carousel': 'attract', 'direction': 'forwards', 'item': 'title'}
2025-11-25 15:57:59,232 : INFO : Timer.attract_carousel_timer : Starting Timer.
2025-11-25 15:57:59,232 : INFO : EventManager : Event: ======'timer_attract_carousel_timer_started'====== Args={'ticks': 0, 'ticks_remaining': 1}
2025-11-25 15:57:59,233 : INFO : EventManager : Event: ======'timer_attract_carousel_timer_tick'====== Args={'ticks': 0, 'ticks_remaining': 1}
2025-11-25 15:58:06,734 : INFO : Timer.attract_carousel_timer : Timer Complete
2025-11-25 15:58:06,734 : INFO : Timer.attract_carousel_timer : Stopping Timer
2025-11-25 15:58:06,735 : INFO : EventManager : Event: ======'timer_attract_carousel_timer_stopped'====== Args={'ticks': 1, 'ticks_remaining': 1}
2025-11-25 15:58:06,735 : INFO : EventManager : Event: ======'timer_attract_carousel_timer_complete'====== Args={'ticks': 1, 'ticks_remaining': 1}
2025-11-25 15:58:06,736 : INFO : EventManager : Event: ======'carousel_item_highlighted'====== Args={'carousel': 'attract', 'direction': 'forwards', 'item': 'map'}
2025-11-25 15:58:06,736 : INFO : Timer.attract_carousel_timer : Starting Timer.
2025-11-25 15:58:06,737 : INFO : EventManager : Event: ======'timer_attract_carousel_timer_started'====== Args={'ticks': 0, 'ticks_remaining': 1}
2025-11-25 15:58:06,737 : INFO : EventManager : Event: ======'timer_attract_carousel_timer_tick'====== Args={'ticks': 0, 'ticks_remaining': 1}
2025-11-25 15:58:14,238 : INFO : Timer.attract_carousel_timer : Timer Complete
2025-11-25 15:58:14,238 : INFO : Timer.attract_carousel_timer : Stopping Timer
2025-11-25 15:58:14,239 : INFO : EventManager : Event: ======'timer_attract_carousel_timer_stopped'====== Args={'ticks': 1, 'ticks_remaining': 1}
2025-11-25 15:58:14,239 : INFO : EventManager : Event: ======'timer_attract_carousel_timer_complete'====== Args={'ticks': 1, 'ticks_remaining': 1}
2025-11-25 15:58:14,241 : INFO : EventManager : Event: ======'carousel_item_highlighted'====== Args={'carousel': 'attract', 'direction': 'forwards', 'item': 'credits'}
2025-11-25 15:58:14,242 : INFO : Timer.attract_carousel_timer : Starting Timer.
2025-11-25 15:58:14,243 : INFO : EventManager : Event: ======'timer_attract_carousel_timer_started'====== Args={'ticks': 0, 'ticks_remaining': 1}
2025-11-25 15:58:14,243 : INFO : EventManager : Event: ======'timer_attract_carousel_timer_tick'====== Args={'ticks': 0, 'ticks_remaining': 1}
2025-11-25 15:58:21,744 : INFO : Timer.attract_carousel_timer : Timer Complete
2025-11-25 15:58:21,744 : INFO : Timer.attract_carousel_timer : Stopping Timer
2025-11-25 15:58:21,745 : INFO : EventManager : Event: ======'timer_attract_carousel_timer_stopped'====== Args={'ticks': 1, 'ticks_remaining': 1}
2025-11-25 15:58:21,745 : INFO : EventManager : Event: ======'timer_attract_carousel_timer_complete'====== Args={'ticks': 1, 'ticks_remaining': 1}
2025-11-25 15:58:21,746 : INFO : EventManager : Event: ======'carousel_item_highlighted'====== Args={'carousel': 'attract', 'direction': 'forwards', 'item': 'mpf_and_cobrapin_logo'}
2025-11-25 15:58:21,747 : INFO : Timer.attract_carousel_timer : Starting Timer.
2025-11-25 15:58:21,748 : INFO : EventManager : Event: ======'timer_attract_carousel_timer_started'====== Args={'ticks': 0, 'ticks_remaining': 1}
2025-11-25 15:58:21,748 : INFO : EventManager : Event: ======'timer_attract_carousel_timer_tick'====== Args={'ticks': 0, 'ticks_remaining': 1}
2025-11-25 15:58:29,248 : INFO : Timer.attract_carousel_timer : Timer Complete
2025-11-25 15:58:29,248 : INFO : Timer.attract_carousel_timer : Stopping Timer
2025-11-25 15:58:29,249 : INFO : EventManager : Event: ======'timer_attract_carousel_timer_stopped'====== Args={'ticks': 1, 'ticks_remaining': 1}
2025-11-25 15:58:29,250 : INFO : EventManager : Event: ======'timer_attract_carousel_timer_complete'====== Args={'ticks': 1, 'ticks_remaining': 1}
2025-11-25 15:58:29,251 : INFO : EventManager : Event: ======'carousel_item_highlighted'====== Args={'carousel': 'attract', 'direction': 'forwards', 'item': 'team_cherry'}
2025-11-25 15:58:29,251 : INFO : Timer.attract_carousel_timer : Starting Timer.
2025-11-25 15:58:29,252 : INFO : EventManager : Event: ======'timer_attract_carousel_timer_started'====== Args={'ticks': 0, 'ticks_remaining': 1}
2025-11-25 15:58:29,252 : INFO : EventManager : Event: ======'timer_attract_carousel_timer_tick'====== Args={'ticks': 0, 'ticks_remaining': 1}
2025-11-25 15:58:36,753 : INFO : Timer.attract_carousel_timer : Timer Complete
2025-11-25 15:58:36,753 : INFO : Timer.attract_carousel_timer : Stopping Timer
2025-11-25 15:58:36,754 : INFO : EventManager : Event: ======'timer_attract_carousel_timer_stopped'====== Args={'ticks': 1, 'ticks_remaining': 1}
2025-11-25 15:58:36,754 : INFO : EventManager : Event: ======'timer_attract_carousel_timer_complete'====== Args={'ticks': 1, 'ticks_remaining': 1}
2025-11-25 15:58:36,755 : INFO : EventManager : Event: ======'carousel_item_highlighted'====== Args={'carousel': 'attract', 'direction': 'forwards', 'item': 'last_scores_1p'}
2025-11-25 15:58:36,755 : INFO : Timer.attract_carousel_timer : Starting Timer.
2025-11-25 15:58:36,756 : INFO : EventManager : Event: ======'timer_attract_carousel_timer_started'====== Args={'ticks': 0, 'ticks_remaining': 1}
2025-11-25 15:58:36,756 : INFO : EventManager : Event: ======'timer_attract_carousel_timer_tick'====== Args={'ticks': 0, 'ticks_remaining': 1}
2025-11-25 15:58:44,258 : INFO : Timer.attract_carousel_timer : Timer Complete
2025-11-25 15:58:44,258 : INFO : Timer.attract_carousel_timer : Stopping Timer
2025-11-25 15:58:44,259 : INFO : EventManager : Event: ======'timer_attract_carousel_timer_stopped'====== Args={'ticks': 1, 'ticks_remaining': 1}
2025-11-25 15:58:44,260 : INFO : EventManager : Event: ======'timer_attract_carousel_timer_complete'====== Args={'ticks': 1, 'ticks_remaining': 1}
2025-11-25 15:58:44,260 : INFO : EventManager : Event: ======'carousel_item_highlighted'====== Args={'carousel': 'attract', 'direction': 'forwards', 'item': 'title'}
2025-11-25 15:58:44,261 : INFO : Timer.attract_carousel_timer : Starting Timer.
2025-11-25 15:58:44,261 : INFO : EventManager : Event: ======'timer_attract_carousel_timer_started'====== Args={'ticks': 0, 'ticks_remaining': 1}
2025-11-25 15:58:44,261 : INFO : EventManager : Event: ======'timer_attract_carousel_timer_tick'====== Args={'ticks': 0, 'ticks_remaining': 1}
2025-11-25 15:58:51,762 : INFO : Timer.attract_carousel_timer : Timer Complete
2025-11-25 15:58:51,762 : INFO : Timer.attract_carousel_timer : Stopping Timer
2025-11-25 15:58:51,763 : INFO : EventManager : Event: ======'timer_attract_carousel_timer_stopped'====== Args={'ticks': 1, 'ticks_remaining': 1}
2025-11-25 15:58:51,764 : INFO : EventManager : Event: ======'timer_attract_carousel_timer_complete'====== Args={'ticks': 1, 'ticks_remaining': 1}
2025-11-25 15:58:51,765 : INFO : EventManager : Event: ======'carousel_item_highlighted'====== Args={'carousel': 'attract', 'direction': 'forwards', 'item': 'map'}
2025-11-25 15:58:51,765 : INFO : Timer.attract_carousel_timer : Starting Timer.
2025-11-25 15:58:51,766 : INFO : EventManager : Event: ======'timer_attract_carousel_timer_started'====== Args={'ticks': 0, 'ticks_remaining': 1}
2025-11-25 15:58:51,766 : INFO : EventManager : Event: ======'timer_attract_carousel_timer_tick'====== Args={'ticks': 0, 'ticks_remaining': 1}
2025-11-25 15:58:52,367 : INFO : Machine : Shutting down...
2025-11-25 15:58:52,368 : INFO : EventManager : Event: ======'shutdown'====== Args={}
2025-11-25 15:58:52,387 : INFO : root : MPF run loop ended.
